Copyright 1986-2022 Xilinx, Inc. All Rights Reserved. Copyright 2022-2025 Advanced Micro Devices, Inc. All Rights Reserved.
--------------------------------------------------------------------------------------------------------------------------------------------------
| Tool Version      : Vivado v.2025.1.1 (lin64) Build 6233196 Thu Sep 11 21:27:11 MDT 2025
| Date              : Sun Mar  8 03:29:50 2026
| Host              : ece-linlabsrv01 running 64-bit Red Hat Enterprise Linux release 8.10 (Ootpa)
| Command           : report_timing_summary -file ./report/top_kernel_timing_synth.rpt
| Design            : bd_0_wrapper
| Device            : xczu3eg-sbva484
| Speed File        : -1  PRODUCTION 1.30 05-15-2022
| Design State      : Synthesized
| Temperature Grade : E
--------------------------------------------------------------------------------------------------------------------------------------------------

Timing Summary Report

------------------------------------------------------------------------------------------------
| Timer Settings
| --------------
------------------------------------------------------------------------------------------------

  Enable Multi Corner Analysis               :  Yes
  Enable Pessimism Removal                   :  Yes
  Pessimism Removal Resolution               :  Nearest Common Node
  Enable Input Delay Default Clock           :  No
  Enable Preset / Clear Arcs                 :  No
  Disable Flight Delays                      :  No
  Ignore I/O Paths                           :  No
  Timing Early Launch at Borrowing Latches   :  No
  Borrow Time for Max Delay Exceptions       :  Yes
  Merge Timing Exceptions                    :  Yes
  Inter-SLR Compensation                     :  Conservative

  Corner  Analyze    Analyze    
  Name    Max Paths  Min Paths  
  ------  ---------  ---------  
  Slow    Yes        Yes        
  Fast    Yes        Yes        


------------------------------------------------------------------------------------------------
| Report Methodology
| ------------------
------------------------------------------------------------------------------------------------

No report available as report_methodology has not been run prior. Run report_methodology on the current design for the summary of methodology violations.



check_timing report

Table of Contents
-----------------
1. checking no_clock (0)
2. checking constant_clock (0)
3. checking pulse_width_clock (0)
4. checking unconstrained_internal_endpoints (0)
5. checking no_input_delay (570)
6. checking no_output_delay (504)
7. checking multiple_clock (0)
8. checking generated_clocks (0)
9. checking loops (0)
10. checking partial_input_delay (0)
11. checking partial_output_delay (0)
12. checking latch_loops (0)

1. checking no_clock (0)
------------------------
 There are 0 register/latch pins with no clock.


2. checking constant_clock (0)
------------------------------
 There are 0 register/latch pins with constant_clock.


3. checking pulse_width_clock (0)
---------------------------------
 There are 0 register/latch pins which need pulse_width check


4. checking unconstrained_internal_endpoints (0)
------------------------------------------------
 There are 0 pins that are not constrained for maximum delay.

 There are 0 pins that are not constrained for maximum delay due to constant clock.


5. checking no_input_delay (570)
--------------------------------
 There are 570 input ports with no input delay specified. (HIGH)

 There are 0 input ports with no input delay but user has a false path constraint.


6. checking no_output_delay (504)
---------------------------------
 There are 504 ports with no output delay specified. (HIGH)

 There are 0 ports with no output delay but user has a false path constraint

 There are 0 ports with no output delay but with a timing clock defined on it or propagating through it


7. checking multiple_clock (0)
------------------------------
 There are 0 register/latch pins with multiple clocks.


8. checking generated_clocks (0)
--------------------------------
 There are 0 generated clocks that are not connected to a clock source.


9. checking loops (0)
---------------------
 There are 0 combinational loops in the design.


10. checking partial_input_delay (0)
------------------------------------
 There are 0 input ports with partial input delay specified.


11. checking partial_output_delay (0)
-------------------------------------
 There are 0 ports with partial output delay specified.


12. checking latch_loops (0)
----------------------------
 There are 0 combinational latch loops in the design through latch input



------------------------------------------------------------------------------------------------
| Design Timing Summary
| ---------------------
------------------------------------------------------------------------------------------------

    WNS(ns)      TNS(ns)  TNS Failing Endpoints  TNS Total Endpoints      WHS(ns)      THS(ns)  THS Failing Endpoints  THS Total Endpoints     WPWS(ns)     TPWS(ns)  TPWS Failing Endpoints  TPWS Total Endpoints  
    -------      -------  ---------------------  -------------------      -------      -------  ---------------------  -------------------     --------     --------  ----------------------  --------------------  
     -3.929     -365.501                    107                30206        0.040        0.000                      0                30206        4.427        0.000                       0                 14467  


Timing constraints are not met.


------------------------------------------------------------------------------------------------
| Clock Summary
| -------------
------------------------------------------------------------------------------------------------

Clock   Waveform(ns)       Period(ns)      Frequency(MHz)
-----   ------------       ----------      --------------
ap_clk  {0.000 5.000}      10.000          100.000         


------------------------------------------------------------------------------------------------
| Intra Clock Table
| -----------------
------------------------------------------------------------------------------------------------

Clock             WNS(ns)      TNS(ns)  TNS Failing Endpoints  TNS Total Endpoints      WHS(ns)      THS(ns)  THS Failing Endpoints  THS Total Endpoints     WPWS(ns)     TPWS(ns)  TPWS Failing Endpoints  TPWS Total Endpoints  
-----             -------      -------  ---------------------  -------------------      -------      -------  ---------------------  -------------------     --------     --------  ----------------------  --------------------  
ap_clk             -3.929     -365.501                    107                30206        0.040        0.000                      0                30206        4.427        0.000                       0                 14467  


------------------------------------------------------------------------------------------------
| Inter Clock Table
| -----------------
------------------------------------------------------------------------------------------------

From Clock    To Clock          WNS(ns)      TNS(ns)  TNS Failing Endpoints  TNS Total Endpoints      WHS(ns)      THS(ns)  THS Failing Endpoints  THS Total Endpoints  
----------    --------          -------      -------  ---------------------  -------------------      -------      -------  ---------------------  -------------------  


------------------------------------------------------------------------------------------------
| Other Path Groups Table
| -----------------------
------------------------------------------------------------------------------------------------

Path Group    From Clock    To Clock          WNS(ns)      TNS(ns)  TNS Failing Endpoints  TNS Total Endpoints      WHS(ns)      THS(ns)  THS Failing Endpoints  THS Total Endpoints  
----------    ----------    --------          -------      -------  ---------------------  -------------------      -------      -------  ---------------------  -------------------  


------------------------------------------------------------------------------------------------
| Timing Details
| --------------
------------------------------------------------------------------------------------------------


---------------------------------------------------------------------------------------------------
From Clock:  ap_clk
  To Clock:  ap_clk

Setup :          107  Failing Endpoints,  Worst Slack       -3.929ns,  Total Violation     -365.501ns
Hold  :            0  Failing Endpoints,  Worst Slack        0.040ns,  Total Violation        0.000ns
PW    :            0  Failing Endpoints,  Worst Slack        4.427ns,  Total Violation        0.000ns
---------------------------------------------------------------------------------------------------


Max Delay Paths
--------------------------------------------------------------------------------------
Slack (VIOLATED) :        -3.929ns  (required time - arrival time)
  Source:                 bd_0_i/hls_inst/inst/k2_stats_U0/ap_enable_reg_pp0_iter2_reg/C
                            (rising edge-triggered cell FDRE clocked by ap_clk  {rise@0.000ns fall@5.000ns period=10.000ns})
  Destination:            bd_0_i/hls_inst/inst/k2_stats_U0/sum_abs_reg_3238_reg[0]/S
                            (rising edge-triggered cell FDSE clocked by ap_clk  {rise@0.000ns fall@5.000ns period=10.000ns})
  Path Group:             ap_clk
  Path Type:              Setup (Max at Slow Process Corner)
  Requirement:            10.000ns  (ap_clk rise@10.000ns - ap_clk rise@0.000ns)
  Data Path Delay:        13.811ns  (logic 6.478ns (46.905%)  route 7.333ns (53.095%))
  Logic Levels:           59  (CARRY8=40 LUT3=8 LUT4=8 LUT6=3)
  Clock Path Skew:        -0.011ns (DCD - SCD + CPR)
    Destination Clock Delay (DCD):    0.026ns = ( 10.026 - 10.000 ) 
    Source Clock Delay      (SCD):    0.037ns
    Clock Pessimism Removal (CPR):    0.000ns
  Clock Uncertainty:      0.035ns  ((TSJ^2 + TIJ^2)^1/2 + DJ) / 2 + PE
    Total System Jitter     (TSJ):    0.071ns
    Total Input Jitter      (TIJ):    0.000ns
    Discrete Jitter          (DJ):    0.000ns
    Phase Error              (PE):    0.000ns

    Location             Delay type                Incr(ns)  Path(ns)    Netlist Resource(s)
  -------------------------------------------------------------------    -------------------
                         (clock ap_clk rise edge)     0.000     0.000 r  
                                                      0.000     0.000 r  ap_clk (IN)
                         net (fo=14850, unset)        0.037     0.037    bd_0_i/hls_inst/inst/k2_stats_U0/ap_clk
                         FDRE                                         r  bd_0_i/hls_inst/inst/k2_stats_U0/ap_enable_reg_pp0_iter2_reg/C
  -------------------------------------------------------------------    -------------------
                         FDRE (Prop_FDRE_C_Q)         0.093     0.130 r  bd_0_i/hls_inst/inst/k2_stats_U0/ap_enable_reg_pp0_iter2_reg/Q
                         net (fo=71, unplaced)        0.255     0.385    bd_0_i/hls_inst/inst/k2_stats_U0/ap_enable_reg_pp0_iter2
                         LUT6 (Prop_LUT6_I0_O)        0.178     0.563 r  bd_0_i/hls_inst/inst/k2_stats_U0/add_ln220_1_fu_1546_p2__0_carry_i_7/O
                         net (fo=1, unplaced)         0.025     0.588    bd_0_i/hls_inst/inst/k2_stats_U0/add_ln220_1_fu_1546_p2__0_carry_i_7_n_0
                         CARRY8 (Prop_CARRY8_S[1]_CO[7])
                                                      0.245     0.833 r  bd_0_i/hls_inst/inst/k2_stats_U0/add_ln220_1_fu_1546_p2__0_carry/CO[7]
                         net (fo=1, unplaced)         0.007     0.840    bd_0_i/hls_inst/inst/k2_stats_U0/add_ln220_1_fu_1546_p2__0_carry_n_0
                         CARRY8 (Prop_CARRY8_CI_CO[7])
                                                      0.030     0.870 r  bd_0_i/hls_inst/inst/k2_stats_U0/add_ln220_1_fu_1546_p2__0_carry__0/CO[7]
                         net (fo=1, unplaced)         0.007     0.877    bd_0_i/hls_inst/inst/k2_stats_U0/add_ln220_1_fu_1546_p2__0_carry__0_n_0
                         CARRY8 (Prop_CARRY8_CI_CO[7])
                                                      0.030     0.907 r  bd_0_i/hls_inst/inst/k2_stats_U0/add_ln220_1_fu_1546_p2__0_carry__1/CO[7]
                         net (fo=1, unplaced)         0.007     0.914    bd_0_i/hls_inst/inst/k2_stats_U0/add_ln220_1_fu_1546_p2__0_carry__1_n_0
                         CARRY8 (Prop_CARRY8_CI_O[2])
                                                      0.086     1.000 r  bd_0_i/hls_inst/inst/k2_stats_U0/add_ln220_1_fu_1546_p2__0_carry__2/O[2]
                         net (fo=65, unplaced)        0.231     1.231    bd_0_i/hls_inst/inst/k2_stats_U0/tmp_222_fu_1564_p3
                         LUT3 (Prop_LUT3_I1_O)        0.122     1.353 r  bd_0_i/hls_inst/inst/k2_stats_U0/add_ln220_3_fu_1631_p2_carry__2_i_3/O
                         net (fo=1, unplaced)         0.287     1.640    bd_0_i/hls_inst/inst/k2_stats_U0/add_ln220_3_fu_1631_p2_carry__2_i_3_n_0
                         CARRY8 (Prop_CARRY8_DI[0]_CO[3])
                                                      0.197     1.837 r  bd_0_i/hls_inst/inst/k2_stats_U0/add_ln220_3_fu_1631_p2_carry__2/CO[3]
                         net (fo=65, unplaced)        0.233     2.070    bd_0_i/hls_inst/inst/k2_stats_U0/add_ln220_3_fu_1631_p2_carry__2_n_4
                         LUT4 (Prop_LUT4_I0_O)        0.063     2.133 r  bd_0_i/hls_inst/inst/k2_stats_U0/add_ln220_5_fu_1716_p2__0_carry_i_7/O
                         net (fo=1, unplaced)         0.025     2.158    bd_0_i/hls_inst/inst/k2_stats_U0/add_ln220_5_fu_1716_p2__0_carry_i_7_n_0
                         CARRY8 (Prop_CARRY8_S[1]_CO[7])
                                                      0.245     2.403 r  bd_0_i/hls_inst/inst/k2_stats_U0/add_ln220_5_fu_1716_p2__0_carry/CO[7]
                         net (fo=1, unplaced)         0.007     2.410    bd_0_i/hls_inst/inst/k2_stats_U0/add_ln220_5_fu_1716_p2__0_carry_n_0
                         CARRY8 (Prop_CARRY8_CI_CO[7])
                                                      0.030     2.440 r  bd_0_i/hls_inst/inst/k2_stats_U0/add_ln220_5_fu_1716_p2__0_carry__0/CO[7]
                         net (fo=1, unplaced)         0.007     2.447    bd_0_i/hls_inst/inst/k2_stats_U0/add_ln220_5_fu_1716_p2__0_carry__0_n_0
                         CARRY8 (Prop_CARRY8_CI_CO[7])
                                                      0.030     2.477 r  bd_0_i/hls_inst/inst/k2_stats_U0/add_ln220_5_fu_1716_p2__0_carry__1/CO[7]
                         net (fo=1, unplaced)         0.007     2.484    bd_0_i/hls_inst/inst/k2_stats_U0/add_ln220_5_fu_1716_p2__0_carry__1_n_0
                         CARRY8 (Prop_CARRY8_CI_O[2])
                                                      0.086     2.570 r  bd_0_i/hls_inst/inst/k2_stats_U0/add_ln220_5_fu_1716_p2__0_carry__2/O[2]
                         net (fo=65, unplaced)        0.231     2.801    bd_0_i/hls_inst/inst/k2_stats_U0/tmp_230_fu_1734_p3
                         LUT3 (Prop_LUT3_I1_O)        0.122     2.923 r  bd_0_i/hls_inst/inst/k2_stats_U0/add_ln220_7_fu_1801_p2_carry__2_i_3/O
                         net (fo=1, unplaced)         0.287     3.210    bd_0_i/hls_inst/inst/k2_stats_U0/add_ln220_7_fu_1801_p2_carry__2_i_3_n_0
                         CARRY8 (Prop_CARRY8_DI[0]_CO[3])
                                                      0.197     3.407 r  bd_0_i/hls_inst/inst/k2_stats_U0/add_ln220_7_fu_1801_p2_carry__2/CO[3]
                         net (fo=65, unplaced)        0.233     3.640    bd_0_i/hls_inst/inst/k2_stats_U0/add_ln220_7_fu_1801_p2_carry__2_n_4
                         LUT4 (Prop_LUT4_I0_O)        0.063     3.703 r  bd_0_i/hls_inst/inst/k2_stats_U0/add_ln220_9_fu_1886_p2__0_carry_i_7/O
                         net (fo=1, unplaced)         0.025     3.728    bd_0_i/hls_inst/inst/k2_stats_U0/add_ln220_9_fu_1886_p2__0_carry_i_7_n_0
                         CARRY8 (Prop_CARRY8_S[1]_CO[7])
                                                      0.245     3.973 r  bd_0_i/hls_inst/inst/k2_stats_U0/add_ln220_9_fu_1886_p2__0_carry/CO[7]
                         net (fo=1, unplaced)         0.007     3.980    bd_0_i/hls_inst/inst/k2_stats_U0/add_ln220_9_fu_1886_p2__0_carry_n_0
                         CARRY8 (Prop_CARRY8_CI_CO[7])
                                                      0.030     4.010 r  bd_0_i/hls_inst/inst/k2_stats_U0/add_ln220_9_fu_1886_p2__0_carry__0/CO[7]
                         net (fo=1, unplaced)         0.007     4.017    bd_0_i/hls_inst/inst/k2_stats_U0/add_ln220_9_fu_1886_p2__0_carry__0_n_0
                         CARRY8 (Prop_CARRY8_CI_CO[7])
                                                      0.030     4.047 r  bd_0_i/hls_inst/inst/k2_stats_U0/add_ln220_9_fu_1886_p2__0_carry__1/CO[7]
                         net (fo=1, unplaced)         0.007     4.054    bd_0_i/hls_inst/inst/k2_stats_U0/add_ln220_9_fu_1886_p2__0_carry__1_n_0
                         CARRY8 (Prop_CARRY8_CI_O[2])
                                                      0.086     4.140 r  bd_0_i/hls_inst/inst/k2_stats_U0/add_ln220_9_fu_1886_p2__0_carry__2/O[2]
                         net (fo=66, unplaced)        0.231     4.371    bd_0_i/hls_inst/inst/k2_stats_U0/tmp_238_fu_1904_p3
                         LUT3 (Prop_LUT3_I1_O)        0.122     4.493 r  bd_0_i/hls_inst/inst/k2_stats_U0/add_ln220_11_fu_1971_p2_carry__2_i_3/O
                         net (fo=1, unplaced)         0.287     4.780    bd_0_i/hls_inst/inst/k2_stats_U0/add_ln220_11_fu_1971_p2_carry__2_i_3_n_0
                         CARRY8 (Prop_CARRY8_DI[0]_CO[3])
                                                      0.197     4.977 r  bd_0_i/hls_inst/inst/k2_stats_U0/add_ln220_11_fu_1971_p2_carry__2/CO[3]
                         net (fo=66, unplaced)        0.233     5.210    bd_0_i/hls_inst/inst/k2_stats_U0/add_ln220_11_fu_1971_p2_carry__2_n_4
                         LUT4 (Prop_LUT4_I0_O)        0.063     5.273 r  bd_0_i/hls_inst/inst/k2_stats_U0/add_ln220_13_fu_2056_p2__0_carry_i_7/O
                         net (fo=1, unplaced)         0.025     5.298    bd_0_i/hls_inst/inst/k2_stats_U0/add_ln220_13_fu_2056_p2__0_carry_i_7_n_0
                         CARRY8 (Prop_CARRY8_S[1]_CO[7])
                                                      0.245     5.543 r  bd_0_i/hls_inst/inst/k2_stats_U0/add_ln220_13_fu_2056_p2__0_carry/CO[7]
                         net (fo=1, unplaced)         0.007     5.550    bd_0_i/hls_inst/inst/k2_stats_U0/add_ln220_13_fu_2056_p2__0_carry_n_0
                         CARRY8 (Prop_CARRY8_CI_CO[7])
                                                      0.030     5.580 r  bd_0_i/hls_inst/inst/k2_stats_U0/add_ln220_13_fu_2056_p2__0_carry__0/CO[7]
                         net (fo=1, unplaced)         0.007     5.587    bd_0_i/hls_inst/inst/k2_stats_U0/add_ln220_13_fu_2056_p2__0_carry__0_n_0
                         CARRY8 (Prop_CARRY8_CI_CO[7])
                                                      0.030     5.617 r  bd_0_i/hls_inst/inst/k2_stats_U0/add_ln220_13_fu_2056_p2__0_carry__1/CO[7]
                         net (fo=1, unplaced)         0.007     5.624    bd_0_i/hls_inst/inst/k2_stats_U0/add_ln220_13_fu_2056_p2__0_carry__1_n_0
                         CARRY8 (Prop_CARRY8_CI_O[2])
                                                      0.086     5.710 r  bd_0_i/hls_inst/inst/k2_stats_U0/add_ln220_13_fu_2056_p2__0_carry__2/O[2]
                         net (fo=67, unplaced)        0.231     5.941    bd_0_i/hls_inst/inst/k2_stats_U0/tmp_246_fu_2074_p3
                         LUT3 (Prop_LUT3_I1_O)        0.122     6.063 r  bd_0_i/hls_inst/inst/k2_stats_U0/add_ln220_15_fu_2141_p2_carry__2_i_3/O
                         net (fo=1, unplaced)         0.287     6.350    bd_0_i/hls_inst/inst/k2_stats_U0/add_ln220_15_fu_2141_p2_carry__2_i_3_n_0
                         CARRY8 (Prop_CARRY8_DI[0]_CO[3])
                                                      0.197     6.547 r  bd_0_i/hls_inst/inst/k2_stats_U0/add_ln220_15_fu_2141_p2_carry__2/CO[3]
                         net (fo=67, unplaced)        0.233     6.780    bd_0_i/hls_inst/inst/k2_stats_U0/add_ln220_15_fu_2141_p2_carry__2_n_4
                         LUT4 (Prop_LUT4_I0_O)        0.063     6.843 r  bd_0_i/hls_inst/inst/k2_stats_U0/add_ln220_17_fu_2226_p2__0_carry_i_7/O
                         net (fo=1, unplaced)         0.025     6.868    bd_0_i/hls_inst/inst/k2_stats_U0/add_ln220_17_fu_2226_p2__0_carry_i_7_n_0
                         CARRY8 (Prop_CARRY8_S[1]_CO[7])
                                                      0.245     7.113 r  bd_0_i/hls_inst/inst/k2_stats_U0/add_ln220_17_fu_2226_p2__0_carry/CO[7]
                         net (fo=1, unplaced)         0.007     7.120    bd_0_i/hls_inst/inst/k2_stats_U0/add_ln220_17_fu_2226_p2__0_carry_n_0
                         CARRY8 (Prop_CARRY8_CI_CO[7])
                                                      0.030     7.150 r  bd_0_i/hls_inst/inst/k2_stats_U0/add_ln220_17_fu_2226_p2__0_carry__0/CO[7]
                         net (fo=1, unplaced)         0.007     7.157    bd_0_i/hls_inst/inst/k2_stats_U0/add_ln220_17_fu_2226_p2__0_carry__0_n_0
                         CARRY8 (Prop_CARRY8_CI_CO[7])
                                                      0.030     7.187 r  bd_0_i/hls_inst/inst/k2_stats_U0/add_ln220_17_fu_2226_p2__0_carry__1/CO[7]
                         net (fo=1, unplaced)         0.007     7.194    bd_0_i/hls_inst/inst/k2_stats_U0/add_ln220_17_fu_2226_p2__0_carry__1_n_0
                         CARRY8 (Prop_CARRY8_CI_O[2])
                                                      0.086     7.280 r  bd_0_i/hls_inst/inst/k2_stats_U0/add_ln220_17_fu_2226_p2__0_carry__2/O[2]
                         net (fo=65, unplaced)        0.231     7.511    bd_0_i/hls_inst/inst/k2_stats_U0/tmp_254_fu_2244_p3
                         LUT3 (Prop_LUT3_I1_O)        0.122     7.633 r  bd_0_i/hls_inst/inst/k2_stats_U0/add_ln220_19_fu_2311_p2_carry__2_i_3/O
                         net (fo=1, unplaced)         0.287     7.920    bd_0_i/hls_inst/inst/k2_stats_U0/add_ln220_19_fu_2311_p2_carry__2_i_3_n_0
                         CARRY8 (Prop_CARRY8_DI[0]_CO[3])
                                                      0.197     8.117 r  bd_0_i/hls_inst/inst/k2_stats_U0/add_ln220_19_fu_2311_p2_carry__2/CO[3]
                         net (fo=65, unplaced)        0.233     8.350    bd_0_i/hls_inst/inst/k2_stats_U0/add_ln220_19_fu_2311_p2_carry__2_n_4
                         LUT4 (Prop_LUT4_I0_O)        0.063     8.413 r  bd_0_i/hls_inst/inst/k2_stats_U0/add_ln220_21_fu_2396_p2__0_carry_i_7/O
                         net (fo=1, unplaced)         0.025     8.438    bd_0_i/hls_inst/inst/k2_stats_U0/add_ln220_21_fu_2396_p2__0_carry_i_7_n_0
                         CARRY8 (Prop_CARRY8_S[1]_CO[7])
                                                      0.245     8.683 r  bd_0_i/hls_inst/inst/k2_stats_U0/add_ln220_21_fu_2396_p2__0_carry/CO[7]
                         net (fo=1, unplaced)         0.007     8.690    bd_0_i/hls_inst/inst/k2_stats_U0/add_ln220_21_fu_2396_p2__0_carry_n_0
                         CARRY8 (Prop_CARRY8_CI_CO[7])
                                                      0.030     8.720 r  bd_0_i/hls_inst/inst/k2_stats_U0/add_ln220_21_fu_2396_p2__0_carry__0/CO[7]
                         net (fo=1, unplaced)         0.007     8.727    bd_0_i/hls_inst/inst/k2_stats_U0/add_ln220_21_fu_2396_p2__0_carry__0_n_0
                         CARRY8 (Prop_CARRY8_CI_CO[7])
                                                      0.030     8.757 r  bd_0_i/hls_inst/inst/k2_stats_U0/add_ln220_21_fu_2396_p2__0_carry__1/CO[7]
                         net (fo=1, unplaced)         0.007     8.764    bd_0_i/hls_inst/inst/k2_stats_U0/add_ln220_21_fu_2396_p2__0_carry__1_n_0
                         CARRY8 (Prop_CARRY8_CI_O[2])
                                                      0.086     8.850 r  bd_0_i/hls_inst/inst/k2_stats_U0/add_ln220_21_fu_2396_p2__0_carry__2/O[2]
                         net (fo=65, unplaced)        0.231     9.081    bd_0_i/hls_inst/inst/k2_stats_U0/tmp_262_fu_2414_p3
                         LUT3 (Prop_LUT3_I1_O)        0.122     9.203 r  bd_0_i/hls_inst/inst/k2_stats_U0/add_ln220_23_fu_2481_p2_carry__2_i_3/O
                         net (fo=1, unplaced)         0.287     9.490    bd_0_i/hls_inst/inst/k2_stats_U0/add_ln220_23_fu_2481_p2_carry__2_i_3_n_0
                         CARRY8 (Prop_CARRY8_DI[0]_CO[3])
                                                      0.197     9.687 r  bd_0_i/hls_inst/inst/k2_stats_U0/add_ln220_23_fu_2481_p2_carry__2/CO[3]
                         net (fo=65, unplaced)        0.233     9.920    bd_0_i/hls_inst/inst/k2_stats_U0/add_ln220_23_fu_2481_p2_carry__2_n_4
                         LUT4 (Prop_LUT4_I0_O)        0.063     9.983 r  bd_0_i/hls_inst/inst/k2_stats_U0/add_ln220_25_fu_2566_p2__0_carry_i_7/O
                         net (fo=1, unplaced)         0.025    10.008    bd_0_i/hls_inst/inst/k2_stats_U0/add_ln220_25_fu_2566_p2__0_carry_i_7_n_0
                         CARRY8 (Prop_CARRY8_S[1]_CO[7])
                                                      0.245    10.253 r  bd_0_i/hls_inst/inst/k2_stats_U0/add_ln220_25_fu_2566_p2__0_carry/CO[7]
                         net (fo=1, unplaced)         0.007    10.260    bd_0_i/hls_inst/inst/k2_stats_U0/add_ln220_25_fu_2566_p2__0_carry_n_0
                         CARRY8 (Prop_CARRY8_CI_CO[7])
                                                      0.030    10.290 r  bd_0_i/hls_inst/inst/k2_stats_U0/add_ln220_25_fu_2566_p2__0_carry__0/CO[7]
                         net (fo=1, unplaced)         0.007    10.297    bd_0_i/hls_inst/inst/k2_stats_U0/add_ln220_25_fu_2566_p2__0_carry__0_n_0
                         CARRY8 (Prop_CARRY8_CI_CO[7])
                                                      0.030    10.327 r  bd_0_i/hls_inst/inst/k2_stats_U0/add_ln220_25_fu_2566_p2__0_carry__1/CO[7]
                         net (fo=1, unplaced)         0.007    10.334    bd_0_i/hls_inst/inst/k2_stats_U0/add_ln220_25_fu_2566_p2__0_carry__1_n_0
                         CARRY8 (Prop_CARRY8_CI_O[2])
                                                      0.086    10.420 r  bd_0_i/hls_inst/inst/k2_stats_U0/add_ln220_25_fu_2566_p2__0_carry__2/O[2]
                         net (fo=66, unplaced)        0.231    10.651    bd_0_i/hls_inst/inst/k2_stats_U0/tmp_270_fu_2584_p3
                         LUT3 (Prop_LUT3_I1_O)        0.122    10.773 r  bd_0_i/hls_inst/inst/k2_stats_U0/add_ln220_27_fu_2651_p2_carry__2_i_3/O
                         net (fo=1, unplaced)         0.287    11.060    bd_0_i/hls_inst/inst/k2_stats_U0/add_ln220_27_fu_2651_p2_carry__2_i_3_n_0
                         CARRY8 (Prop_CARRY8_DI[0]_CO[3])
                                                      0.197    11.257 r  bd_0_i/hls_inst/inst/k2_stats_U0/add_ln220_27_fu_2651_p2_carry__2/CO[3]
                         net (fo=67, unplaced)        0.233    11.490    bd_0_i/hls_inst/inst/k2_stats_U0/add_ln220_27_fu_2651_p2_carry__2_n_4
                         LUT4 (Prop_LUT4_I0_O)        0.063    11.553 r  bd_0_i/hls_inst/inst/k2_stats_U0/add_ln220_29_fu_2736_p2__0_carry_i_7/O
                         net (fo=1, unplaced)         0.025    11.578    bd_0_i/hls_inst/inst/k2_stats_U0/add_ln220_29_fu_2736_p2__0_carry_i_7_n_0
                         CARRY8 (Prop_CARRY8_S[1]_CO[7])
                                                      0.245    11.823 r  bd_0_i/hls_inst/inst/k2_stats_U0/add_ln220_29_fu_2736_p2__0_carry/CO[7]
                         net (fo=1, unplaced)         0.007    11.830    bd_0_i/hls_inst/inst/k2_stats_U0/add_ln220_29_fu_2736_p2__0_carry_n_0
                         CARRY8 (Prop_CARRY8_CI_CO[7])
                                                      0.030    11.860 r  bd_0_i/hls_inst/inst/k2_stats_U0/add_ln220_29_fu_2736_p2__0_carry__0/CO[7]
                         net (fo=1, unplaced)         0.007    11.867    bd_0_i/hls_inst/inst/k2_stats_U0/add_ln220_29_fu_2736_p2__0_carry__0_n_0
                         CARRY8 (Prop_CARRY8_CI_CO[7])
                                                      0.030    11.897 r  bd_0_i/hls_inst/inst/k2_stats_U0/add_ln220_29_fu_2736_p2__0_carry__1/CO[7]
                         net (fo=1, unplaced)         0.007    11.904    bd_0_i/hls_inst/inst/k2_stats_U0/add_ln220_29_fu_2736_p2__0_carry__1_n_0
                         CARRY8 (Prop_CARRY8_CI_O[2])
                                                      0.086    11.990 r  bd_0_i/hls_inst/inst/k2_stats_U0/add_ln220_29_fu_2736_p2__0_carry__2/O[2]
                         net (fo=67, unplaced)        0.231    12.221    bd_0_i/hls_inst/inst/k2_stats_U0/tmp_278_fu_2754_p3
                         LUT3 (Prop_LUT3_I1_O)        0.122    12.343 r  bd_0_i/hls_inst/inst/k2_stats_U0/add_ln220_31_fu_2821_p2__0_carry__2_i_2/O
                         net (fo=1, unplaced)         0.287    12.630    bd_0_i/hls_inst/inst/k2_stats_U0/sum_abs_30_fu_2788_p3[32]
                         CARRY8 (Prop_CARRY8_DI[0]_O[2])
                                                      0.139    12.769 r  bd_0_i/hls_inst/inst/k2_stats_U0/add_ln220_31_fu_2821_p2__0_carry__2/O[2]
                         net (fo=58, unplaced)        0.228    12.997    bd_0_i/hls_inst/inst/k2_stats_U0/tmp_282_fu_2839_p3
                         LUT4 (Prop_LUT4_I0_O)        0.064    13.061 r  bd_0_i/hls_inst/inst/k2_stats_U0/sum_abs4_fu_200[8]_i_16/O
                         net (fo=2, unplaced)         0.214    13.275    bd_0_i/hls_inst/inst/k2_stats_U0/sum_abs4_fu_200[8]_i_16_n_0
                         LUT6 (Prop_LUT6_I0_O)        0.040    13.315 r  bd_0_i/hls_inst/inst/k2_stats_U0/sum_abs4_fu_200[8]_i_7/O
                         net (fo=10, unplaced)        0.247    13.562    bd_0_i/hls_inst/inst/k2_stats_U0/sum_abs4_fu_200[8]_i_7_n_0
                         LUT6 (Prop_LUT6_I4_O)        0.040    13.602 r  bd_0_i/hls_inst/inst/k2_stats_U0/sum_abs_reg_3238[0]_i_1/O
                         net (fo=9, unplaced)         0.246    13.848    bd_0_i/hls_inst/inst/k2_stats_U0/sum_abs_reg_3238[0]_i_1_n_0
                         FDSE                                         r  bd_0_i/hls_inst/inst/k2_stats_U0/sum_abs_reg_3238_reg[0]/S
  -------------------------------------------------------------------    -------------------

                         (clock ap_clk rise edge)    10.000    10.000 r  
                                                      0.000    10.000 r  ap_clk (IN)
                         net (fo=14850, unset)        0.026    10.026    bd_0_i/hls_inst/inst/k2_stats_U0/ap_clk
                         FDSE                                         r  bd_0_i/hls_inst/inst/k2_stats_U0/sum_abs_reg_3238_reg[0]/C
                         clock pessimism              0.000    10.026    
                         clock uncertainty           -0.035     9.991    
                         FDSE (Setup_FDSE_C_S)       -0.072     9.919    bd_0_i/hls_inst/inst/k2_stats_U0/sum_abs_reg_3238_reg[0]
  -------------------------------------------------------------------
                         required time                          9.919    
                         arrival time                         -13.848    
  -------------------------------------------------------------------
                         slack                                 -3.929    





Min Delay Paths
--------------------------------------------------------------------------------------
Slack (MET) :             0.040ns  (arrival time - required time)
  Source:                 bd_0_i/hls_inst/inst/store_output_wide_U0/raw_reg_451_reg[0]/C
                            (rising edge-triggered cell FDRE clocked by ap_clk  {rise@0.000ns fall@5.000ns period=10.000ns})
  Destination:            bd_0_i/hls_inst/inst/gmem1_m_axi_U/store_unit_0/buff_wdata/U_fifo_srl/mem_reg[30][0]_srl31/D
                            (rising edge-triggered cell SRLC32E clocked by ap_clk  {rise@0.000ns fall@5.000ns period=10.000ns})
  Path Group:             ap_clk
  Path Type:              Hold (Min at Fast Process Corner)
  Requirement:            0.000ns  (ap_clk rise@0.000ns - ap_clk rise@0.000ns)
  Data Path Delay:        0.112ns  (logic 0.038ns (33.929%)  route 0.074ns (66.071%))
  Logic Levels:           0  
  Clock Path Skew:        0.026ns (DCD - SCD - CPR)
    Destination Clock Delay (DCD):    0.039ns
    Source Clock Delay      (SCD):    0.013ns
    Clock Pessimism Removal (CPR):    -0.000ns

    Location             Delay type                Incr(ns)  Path(ns)    Netlist Resource(s)
  -------------------------------------------------------------------    -------------------
                         (clock ap_clk rise edge)     0.000     0.000 r  
                                                      0.000     0.000 r  ap_clk (IN)
                         net (fo=14850, unset)        0.013     0.013    bd_0_i/hls_inst/inst/store_output_wide_U0/ap_clk
                         FDRE                                         r  bd_0_i/hls_inst/inst/store_output_wide_U0/raw_reg_451_reg[0]/C
  -------------------------------------------------------------------    -------------------
                         FDRE (Prop_FDRE_C_Q)         0.038     0.051 r  bd_0_i/hls_inst/inst/store_output_wide_U0/raw_reg_451_reg[0]/Q
                         net (fo=1, unplaced)         0.074     0.125    bd_0_i/hls_inst/inst/gmem1_m_axi_U/store_unit_0/buff_wdata/U_fifo_srl/dout_reg[496]_0[0]
                         SRLC32E                                      r  bd_0_i/hls_inst/inst/gmem1_m_axi_U/store_unit_0/buff_wdata/U_fifo_srl/mem_reg[30][0]_srl31/D
  -------------------------------------------------------------------    -------------------

                         (clock ap_clk rise edge)     0.000     0.000 r  
                                                      0.000     0.000 r  ap_clk (IN)
                         net (fo=14850, unset)        0.039     0.039    bd_0_i/hls_inst/inst/gmem1_m_axi_U/store_unit_0/buff_wdata/U_fifo_srl/ap_clk
                         SRLC32E                                      r  bd_0_i/hls_inst/inst/gmem1_m_axi_U/store_unit_0/buff_wdata/U_fifo_srl/mem_reg[30][0]_srl31/CLK
                         clock pessimism              0.000     0.039    
                         SRLC32E (Hold_SRLC32E_CLK_D)
                                                      0.046     0.085    bd_0_i/hls_inst/inst/gmem1_m_axi_U/store_unit_0/buff_wdata/U_fifo_srl/mem_reg[30][0]_srl31
  -------------------------------------------------------------------
                         required time                         -0.085    
                         arrival time                           0.125    
  -------------------------------------------------------------------
                         slack                                  0.040    





Pulse Width Checks
--------------------------------------------------------------------------------------
Clock Name:         ap_clk
Waveform(ns):       { 0.000 5.000 }
Period(ns):         10.000
Sources:            { ap_clk }

Check Type        Corner  Lib Pin             Reference Pin  Required(ns)  Actual(ns)  Slack(ns)  Location  Pin
Min Period        n/a     RAMB36E2/CLKARDCLK  n/a            1.739         10.000      8.261                bd_0_i/hls_inst/inst/gmem0_m_axi_U/load_unit_0/buff_rdata/U_fifo_mem/mem_reg_0/CLKARDCLK
Low Pulse Width   Slow    SRL16E/CLK          n/a            0.573         5.000       4.427                bd_0_i/hls_inst/inst/bus_read/ost_ctrl_gen[0].fifo_burst/U_fifo_srl/mem_reg[14][0]_srl15/CLK
High Pulse Width  Slow    SRL16E/CLK          n/a            0.573         5.000       4.427                bd_0_i/hls_inst/inst/bus_read/ost_ctrl_gen[0].fifo_burst/U_fifo_srl/mem_reg[14][0]_srl15/CLK



