Copyright 1986-2022 Xilinx, Inc. All Rights Reserved. Copyright 2022-2025 Advanced Micro Devices, Inc. All Rights Reserved.
---------------------------------------------------------------------------------------------------------------------------------------------
| Tool Version : Vivado v.2025.1.1 (lin64) Build 6233196 Thu Sep 11 21:27:11 MDT 2025
| Date         : Sun Mar  8 03:29:56 2026
| Host         : ece-linlabsrv01 running 64-bit Red Hat Enterprise Linux release 8.10 (Ootpa)
| Command      : report_design_analysis -file ./report/top_kernel_design_analysis_synth.rpt
| Design       : bd_0_wrapper
| Device       : xczu3eg
| Design State : Synthesized
---------------------------------------------------------------------------------------------------------------------------------------------

Report Design Analysis

Table of Contents
-----------------
1. Setup Path Characteristics 1-1
2. Logic Level Distribution
3. Placer Final Level Congestion Reporting
4. SLR Net Crossing Reporting

1. Setup Path Characteristics 1-1
---------------------------------

+---------------------------+----------------------------------------------------------------------------------------------------------------------------------------------------------------------------------------------------------------------------------------------------------------------------------------------------------------------------------------------------------------------------------------------------------------------------------------------------------------------------------------+
|      Characteristics      |                                                                                                                                                                                                                                         Path #1                                                                                                                                                                                                                                        |
+---------------------------+----------------------------------------------------------------------------------------------------------------------------------------------------------------------------------------------------------------------------------------------------------------------------------------------------------------------------------------------------------------------------------------------------------------------------------------------------------------------------------------+
| Requirement               | 10.000                                                                                                                                                                                                                                                                                                                                                                                                                                                                                 |
| Path Delay                | 13.811                                                                                                                                                                                                                                                                                                                                                                                                                                                                                 |
| Logic Delay               | 6.478(47%)                                                                                                                                                                                                                                                                                                                                                                                                                                                                             |
| Net Delay                 | 7.333(53%)                                                                                                                                                                                                                                                                                                                                                                                                                                                                             |
| Clock Skew                | -0.011                                                                                                                                                                                                                                                                                                                                                                                                                                                                                 |
| Slack                     | -3.929                                                                                                                                                                                                                                                                                                                                                                                                                                                                                 |
| Clock Uncertainty         | 0.035                                                                                                                                                                                                                                                                                                                                                                                                                                                                                  |
| Clock Pair Classification | Timed                                                                                                                                                                                                                                                                                                                                                                                                                                                                                  |
| Clock Delay Group         | Same Clock                                                                                                                                                                                                                                                                                                                                                                                                                                                                             |
| Logic Levels              | 59                                                                                                                                                                                                                                                                                                                                                                                                                                                                                     |
| Routes                    | NA                                                                                                                                                                                                                                                                                                                                                                                                                                                                                     |
| Logical Path              | FDRE/C-(71)-LUT6-(1)-CARRY8-CARRY8-CARRY8-CARRY8-LUT3-(1)-CARRY8-LUT4-(1)-CARRY8-CARRY8-CARRY8-CARRY8-LUT3-(1)-CARRY8-LUT4-(1)-CARRY8-CARRY8-CARRY8-CARRY8-LUT3-(1)-CARRY8-LUT4-(1)-CARRY8-CARRY8-CARRY8-CARRY8-LUT3-(1)-CARRY8-LUT4-(1)-CARRY8-CARRY8-CARRY8-CARRY8-LUT3-(1)-CARRY8-LUT4-(1)-CARRY8-CARRY8-CARRY8-CARRY8-LUT3-(1)-CARRY8-LUT4-(1)-CARRY8-CARRY8-CARRY8-CARRY8-LUT3-(1)-CARRY8-LUT4-(1)-CARRY8-CARRY8-CARRY8-CARRY8-LUT3-(1)-CARRY8-LUT4-(2)-LUT6-(10)-LUT6-(9)-FDSE/S |
| Start Point Clock         | ap_clk                                                                                                                                                                                                                                                                                                                                                                                                                                                                                 |
| End Point Clock           | ap_clk                                                                                                                                                                                                                                                                                                                                                                                                                                                                                 |
| DSP Block                 | None                                                                                                                                                                                                                                                                                                                                                                                                                                                                                   |
| RAM Registers             | None-None                                                                                                                                                                                                                                                                                                                                                                                                                                                                              |
| IO Crossings              | 0                                                                                                                                                                                                                                                                                                                                                                                                                                                                                      |
| SLR Crossings             | 0                                                                                                                                                                                                                                                                                                                                                                                                                                                                                      |
| PBlocks                   | 0                                                                                                                                                                                                                                                                                                                                                                                                                                                                                      |
| High Fanout               | 71                                                                                                                                                                                                                                                                                                                                                                                                                                                                                     |
| ASYNC REG                 | 0                                                                                                                                                                                                                                                                                                                                                                                                                                                                                      |
| Dont Touch                | 0                                                                                                                                                                                                                                                                                                                                                                                                                                                                                      |
| Mark Debug                | 0                                                                                                                                                                                                                                                                                                                                                                                                                                                                                      |
| Start Point Pin Primitive | FDRE/C                                                                                                                                                                                                                                                                                                                                                                                                                                                                                 |
| End Point Pin Primitive   | FDSE/S                                                                                                                                                                                                                                                                                                                                                                                                                                                                                 |
| Start Point Pin           | ap_enable_reg_pp0_iter2_reg/C                                                                                                                                                                                                                                                                                                                                                                                                                                                          |
| End Point Pin             | sum_abs_reg_3238_reg[0]/S                                                                                                                                                                                                                                                                                                                                                                                                                                                              |
+---------------------------+----------------------------------------------------------------------------------------------------------------------------------------------------------------------------------------------------------------------------------------------------------------------------------------------------------------------------------------------------------------------------------------------------------------------------------------------------------------------------------------+
* Bounding box calculated as % of dimensions for the target device (2447, 372)


2. Logic Level Distribution
---------------------------

+-----------------+-------------+-----+----+-----+-----+----+----+----+----+
| End Point Clock | Requirement |  10 | 12 |  18 |  19 | 56 | 57 | 58 | 59 |
+-----------------+-------------+-----+----+-----+-----+----+----+----+----+
| ap_clk          | 10.000ns    | 225 | 28 | 320 | 320 |  1 | 53 | 26 | 27 |
+-----------------+-------------+-----+----+-----+-----+----+----+----+----+
* Columns represent the logic levels per end point clock
** Distribution is for top worst 1000 paths


3. Placer Final Level Congestion Reporting
------------------------------------------

+-----------+------+-------+--------+---------------+----------------+-----+--------+------+------+------+------+-----+-------+-----+------------+
| Direction | Type | Level | Window | Combined LUTs | Avg LUT Inputs | LUT | LUTRAM | Flop | MUXF | RAMB | URAM | DSP | CARRY | SRL | Cell Names |
+-----------+------+-------+--------+---------------+----------------+-----+--------+------+------+------+------+-----+-------+-----+------------+
* The design has not been placed, hence congestion data is not available. The command report_design_analysis -congestion should be run only after place_design has completed.


4. SLR Net Crossing Reporting
-----------------------------

+------------+-----------------------------+
| Cell Names | Number of Nets crossing SLR |
+------------+-----------------------------+
* The current part is not an SSI device


