Copyright 1986-2022 Xilinx, Inc. All Rights Reserved. Copyright 2022-2025 Advanced Micro Devices, Inc. All Rights Reserved.
---------------------------------------------------------------------------------------------------------------------------------------------
| Tool Version : Vivado v.2025.1.1 (lin64) Build 6233196 Thu Sep 11 21:27:11 MDT 2025
| Date         : Sun Mar  8 03:29:21 2026
| Host         : ece-linlabsrv01 running 64-bit Red Hat Enterprise Linux release 8.10 (Ootpa)
| Command      : report_utilization -hierarchical -hierarchical_depth 6 -file ./report/top_kernel_utilization_hierarchical_synth.rpt
| Design       : bd_0_wrapper
| Device       : xczu3eg-sbva484-1-e
| Speed File   : -1
| Design State : Synthesized
---------------------------------------------------------------------------------------------------------------------------------------------

Utilization Design Information

Table of Contents
-----------------
1. Utilization by Hierarchy

1. Utilization by Hierarchy
---------------------------

+--------------------------------------------------------+------------------------------------------------------------------+------------+------------+---------+------+-------+--------+--------+------+------------+
|                        Instance                        |                              Module                              | Total LUTs | Logic LUTs | LUTRAMs | SRLs |  FFs  | RAMB36 | RAMB18 | URAM | DSP Blocks |
+--------------------------------------------------------+------------------------------------------------------------------+------------+------------+---------+------+-------+--------+--------+------+------------+
| bd_0_wrapper                                           |                                                            (top) |      13414 |      11584 |       0 | 1830 | 12621 |      7 |      1 |    0 |         64 |
|   bd_0_i                                               |                                                             bd_0 |      13414 |      11584 |       0 | 1830 | 12621 |      7 |      1 |    0 |         64 |
|     hls_inst                                           |                                                  bd_0_hls_inst_0 |      13414 |      11584 |       0 | 1830 | 12621 |      7 |      1 |    0 |         64 |
|       inst                                             |                                       bd_0_hls_inst_0_top_kernel |      13414 |      11584 |       0 | 1830 | 12621 |      7 |      1 |    0 |         64 |
|         store_output_wide_U0                           |                     bd_0_hls_inst_0_top_kernel_store_output_wide |         39 |         37 |       0 |    2 |   357 |      0 |      0 |    0 |          0 |
|           (store_output_wide_U0)                       |                     bd_0_hls_inst_0_top_kernel_store_output_wide |         19 |         17 |       0 |    2 |   356 |      0 |      0 |    0 |          0 |
|         control_s_axi_U                                |                         bd_0_hls_inst_0_top_kernel_control_s_axi |        161 |        161 |       0 |    0 |   181 |      0 |      0 |    0 |          0 |
|         gmem0_m_axi_U                                  |                           bd_0_hls_inst_0_top_kernel_gmem0_m_axi |        963 |        904 |       0 |   59 |  1671 |      7 |      1 |    0 |          0 |
|           bus_read                                     |                      bd_0_hls_inst_0_top_kernel_gmem0_m_axi_read |        826 |        826 |       0 |    0 |  1499 |      0 |      0 |    0 |          0 |
|             rreq_burst_conv                            |           bd_0_hls_inst_0_top_kernel_gmem0_m_axi_burst_converter |        258 |        258 |       0 |    0 |   427 |      0 |      0 |    0 |          0 |
|             rs_rdata                                   | bd_0_hls_inst_0_top_kernel_gmem0_m_axi_reg_slice__parameterized0 |        530 |        530 |       0 |    0 |  1041 |      0 |      0 |    0 |          0 |
|           load_unit_0                                  |                      bd_0_hls_inst_0_top_kernel_gmem0_m_axi_load |        137 |         78 |       0 |   59 |   172 |      7 |      1 |    0 |          0 |
|             (load_unit_0)                              |                      bd_0_hls_inst_0_top_kernel_gmem0_m_axi_load |          1 |          1 |       0 |    0 |    62 |      0 |      0 |    0 |          0 |
|             buff_rdata                                 |      bd_0_hls_inst_0_top_kernel_gmem0_m_axi_fifo__parameterized0 |         56 |         56 |       0 |    0 |    37 |      7 |      1 |    0 |          0 |
|             fifo_rreq                                  |                      bd_0_hls_inst_0_top_kernel_gmem0_m_axi_fifo |         80 |         21 |       0 |   59 |    73 |      0 |      0 |    0 |          0 |
|         gmem1_m_axi_U                                  |                           bd_0_hls_inst_0_top_kernel_gmem1_m_axi |        972 |        513 |       0 |  459 |  1565 |      0 |      0 |    0 |          0 |
|           bus_write                                    |                     bd_0_hls_inst_0_top_kernel_gmem1_m_axi_write |        460 |        401 |       0 |   59 |  1014 |      0 |      0 |    0 |          0 |
|             wreq_burst_conv                            |           bd_0_hls_inst_0_top_kernel_gmem1_m_axi_burst_converter |        257 |        257 |       0 |    0 |   427 |      0 |      0 |    0 |          0 |
|             wreq_throttle                              |                  bd_0_hls_inst_0_top_kernel_gmem1_m_axi_throttle |        175 |        117 |       0 |   58 |   564 |      0 |      0 |    0 |          0 |
|           store_unit_0                                 |                     bd_0_hls_inst_0_top_kernel_gmem1_m_axi_store |        512 |        112 |       0 |  400 |   551 |      0 |      0 |    0 |          0 |
|             (store_unit_0)                             |                     bd_0_hls_inst_0_top_kernel_gmem1_m_axi_store |          2 |          2 |       0 |    0 |    74 |      0 |      0 |    0 |          0 |
|             buff_wdata                                 |      bd_0_hls_inst_0_top_kernel_gmem1_m_axi_fifo__parameterized1 |        362 |         26 |       0 |  336 |   359 |      0 |      0 |    0 |          0 |
|             fifo_wreq                                  |      bd_0_hls_inst_0_top_kernel_gmem1_m_axi_fifo__parameterized0 |         72 |         13 |       0 |   59 |    70 |      0 |      0 |    0 |          0 |
|         k1_transform_U0                                |                          bd_0_hls_inst_0_top_kernel_k1_transform |       1739 |       1739 |       0 |    0 |   734 |      0 |      0 |    0 |          0 |
|           (k1_transform_U0)                            |                          bd_0_hls_inst_0_top_kernel_k1_transform |       1718 |       1718 |       0 |    0 |   733 |      0 |      0 |    0 |          0 |
|         k2_stats_U0                                    |                              bd_0_hls_inst_0_top_kernel_k2_stats |       1135 |       1135 |       0 |    0 |   400 |      0 |      0 |    0 |          0 |
|           (k2_stats_U0)                                |                              bd_0_hls_inst_0_top_kernel_k2_stats |       1114 |       1114 |       0 |    0 |   399 |      0 |      0 |    0 |          0 |
|         k3_join_norm_U0                                |                          bd_0_hls_inst_0_top_kernel_k3_join_norm |       4344 |       4277 |       0 |   67 |  3988 |      0 |      0 |    0 |         64 |
|           (k3_join_norm_U0)                            |                          bd_0_hls_inst_0_top_kernel_k3_join_norm |         23 |         23 |       0 |    0 |   474 |      0 |      0 |    0 |          0 |
|           mul_34s_30s_64_1_1_U48                       |                    bd_0_hls_inst_0_top_kernel_mul_34s_30s_64_1_1 |         63 |         63 |       0 |    0 |     0 |      0 |      0 |    0 |          4 |
|           mul_34s_30s_64_1_1_U49                       |                 bd_0_hls_inst_0_top_kernel_mul_34s_30s_64_1_1_14 |         65 |         65 |       0 |    0 |     0 |      0 |      0 |    0 |          4 |
|           mul_34s_30s_64_1_1_U50                       |                 bd_0_hls_inst_0_top_kernel_mul_34s_30s_64_1_1_15 |         64 |         64 |       0 |    0 |     0 |      0 |      0 |    0 |          4 |
|           mul_34s_30s_64_1_1_U51                       |                 bd_0_hls_inst_0_top_kernel_mul_34s_30s_64_1_1_16 |         65 |         65 |       0 |    0 |     0 |      0 |      0 |    0 |          4 |
|           mul_34s_30s_64_1_1_U52                       |                 bd_0_hls_inst_0_top_kernel_mul_34s_30s_64_1_1_17 |         63 |         63 |       0 |    0 |     0 |      0 |      0 |    0 |          4 |
|           mul_34s_30s_64_1_1_U53                       |                 bd_0_hls_inst_0_top_kernel_mul_34s_30s_64_1_1_18 |         66 |         66 |       0 |    0 |     0 |      0 |      0 |    0 |          4 |
|           mul_34s_30s_64_1_1_U54                       |                 bd_0_hls_inst_0_top_kernel_mul_34s_30s_64_1_1_19 |         64 |         64 |       0 |    0 |     0 |      0 |      0 |    0 |          4 |
|           mul_34s_30s_64_1_1_U55                       |                 bd_0_hls_inst_0_top_kernel_mul_34s_30s_64_1_1_20 |         64 |         64 |       0 |    0 |     0 |      0 |      0 |    0 |          4 |
|           mul_34s_30s_64_1_1_U56                       |                 bd_0_hls_inst_0_top_kernel_mul_34s_30s_64_1_1_21 |         65 |         65 |       0 |    0 |     0 |      0 |      0 |    0 |          4 |
|           mul_34s_30s_64_1_1_U57                       |                 bd_0_hls_inst_0_top_kernel_mul_34s_30s_64_1_1_22 |         64 |         64 |       0 |    0 |     0 |      0 |      0 |    0 |          4 |
|           mul_34s_30s_64_1_1_U58                       |                 bd_0_hls_inst_0_top_kernel_mul_34s_30s_64_1_1_23 |         63 |         63 |       0 |    0 |     0 |      0 |      0 |    0 |          4 |
|           mul_34s_30s_64_1_1_U59                       |                 bd_0_hls_inst_0_top_kernel_mul_34s_30s_64_1_1_24 |         64 |         64 |       0 |    0 |     0 |      0 |      0 |    0 |          4 |
|           mul_34s_30s_64_1_1_U60                       |                 bd_0_hls_inst_0_top_kernel_mul_34s_30s_64_1_1_25 |         65 |         65 |       0 |    0 |     0 |      0 |      0 |    0 |          4 |
|           mul_34s_30s_64_1_1_U61                       |                 bd_0_hls_inst_0_top_kernel_mul_34s_30s_64_1_1_26 |         63 |         63 |       0 |    0 |     0 |      0 |      0 |    0 |          4 |
|           mul_34s_30s_64_1_1_U62                       |                 bd_0_hls_inst_0_top_kernel_mul_34s_30s_64_1_1_27 |         64 |         64 |       0 |    0 |     0 |      0 |      0 |    0 |          4 |
|           mul_34s_30s_64_1_1_U63                       |                 bd_0_hls_inst_0_top_kernel_mul_34s_30s_64_1_1_28 |         63 |         63 |       0 |    0 |     0 |      0 |      0 |    0 |          4 |
|           sdiv_50ns_34s_50_54_1_U64                    |                 bd_0_hls_inst_0_top_kernel_sdiv_50ns_34s_50_54_1 |       3272 |       3205 |       0 |   67 |  3513 |      0 |      0 |    0 |          0 |
|             (sdiv_50ns_34s_50_54_1_U64)                |                 bd_0_hls_inst_0_top_kernel_sdiv_50ns_34s_50_54_1 |        137 |        137 |       0 |    0 |    73 |      0 |      0 |    0 |          0 |
|             top_kernel_sdiv_50ns_34s_50_54_1_divider_u |         bd_0_hls_inst_0_top_kernel_sdiv_50ns_34s_50_54_1_divider |       3135 |       3068 |       0 |   67 |  3440 |      0 |      0 |    0 |          0 |
|         k4_postprocess_U0                              |                        bd_0_hls_inst_0_top_kernel_k4_postprocess |         16 |         16 |       0 |    0 |   286 |      0 |      0 |    0 |          0 |
|           (k4_postprocess_U0)                          |                        bd_0_hls_inst_0_top_kernel_k4_postprocess |          1 |          1 |       0 |    0 |   285 |      0 |      0 |    0 |          0 |
|         load_input_wide_U0                             |                       bd_0_hls_inst_0_top_kernel_load_input_wide |         31 |         31 |       0 |    0 |    84 |      0 |      0 |    0 |          0 |
|           (load_input_wide_U0)                         |                       bd_0_hls_inst_0_top_kernel_load_input_wide |          6 |          6 |       0 |    0 |    83 |      0 |      0 |    0 |          0 |
|         out_r_c_U                                      |                         bd_0_hls_inst_0_top_kernel_fifo_w64_d8_S |         68 |         10 |       0 |   58 |     9 |      0 |      0 |    0 |          0 |
|           U_top_kernel_fifo_w64_d8_S_ShiftReg          |                bd_0_hls_inst_0_top_kernel_fifo_w64_d8_S_ShiftReg |         59 |          1 |       0 |   58 |     0 |      0 |      0 |    0 |          0 |
|         s0_U                                           |                        bd_0_hls_inst_0_top_kernel_fifo_w512_d2_S |        170 |        170 |       0 |    0 |   648 |      0 |      0 |    0 |          0 |
|           U_top_kernel_fifo_w512_d2_S_ShiftReg         |             bd_0_hls_inst_0_top_kernel_fifo_w512_d2_S_ShiftReg_9 |        161 |        161 |       0 |    0 |   640 |      0 |      0 |    0 |          0 |
|         s0_a_U                                         |                       bd_0_hls_inst_0_top_kernel_fifo_w512_d64_S |        685 |         45 |       0 |  640 |    41 |      0 |      0 |    0 |          0 |
|           U_top_kernel_fifo_w512_d64_S_ShiftReg        |            bd_0_hls_inst_0_top_kernel_fifo_w512_d64_S_ShiftReg_8 |        640 |          0 |       0 |  640 |     0 |      0 |      0 |    0 |          0 |
|         s0_b_U                                         |                      bd_0_hls_inst_0_top_kernel_fifo_w512_d2_S_0 |        625 |        625 |       0 |    0 |   649 |      0 |      0 |    0 |          0 |
|           U_top_kernel_fifo_w512_d2_S_ShiftReg         |             bd_0_hls_inst_0_top_kernel_fifo_w512_d2_S_ShiftReg_7 |        616 |        616 |       0 |    0 |   640 |      0 |      0 |    0 |          0 |
|         s1_U                                           |                     bd_0_hls_inst_0_top_kernel_fifo_w512_d64_S_1 |        583 |         39 |       0 |  544 |    35 |      0 |      0 |    0 |          0 |
|           U_top_kernel_fifo_w512_d64_S_ShiftReg        |              bd_0_hls_inst_0_top_kernel_fifo_w512_d64_S_ShiftReg |        544 |          0 |       0 |  544 |     0 |      0 |      0 |    0 |          0 |
|         s3_U                                           |                      bd_0_hls_inst_0_top_kernel_fifo_w512_d2_S_2 |       1089 |       1089 |       0 |    0 |   649 |      0 |      0 |    0 |          0 |
|           U_top_kernel_fifo_w512_d2_S_ShiftReg         |             bd_0_hls_inst_0_top_kernel_fifo_w512_d2_S_ShiftReg_6 |       1080 |       1080 |       0 |    0 |   640 |      0 |      0 |    0 |          0 |
|         s_in_U                                         |                      bd_0_hls_inst_0_top_kernel_fifo_w512_d2_S_3 |        539 |        539 |       0 |    0 |   651 |      0 |      0 |    0 |          0 |
|           U_top_kernel_fifo_w512_d2_S_ShiftReg         |             bd_0_hls_inst_0_top_kernel_fifo_w512_d2_S_ShiftReg_5 |        528 |        528 |       0 |    0 |   640 |      0 |      0 |    0 |          0 |
|         s_out_U                                        |                      bd_0_hls_inst_0_top_kernel_fifo_w512_d2_S_4 |        144 |        144 |       0 |    0 |   550 |      0 |      0 |    0 |          0 |
|           U_top_kernel_fifo_w512_d2_S_ShiftReg         |               bd_0_hls_inst_0_top_kernel_fifo_w512_d2_S_ShiftReg |        137 |        137 |       0 |    0 |   544 |      0 |      0 |    0 |          0 |
|         s_stats_U                                      |                         bd_0_hls_inst_0_top_kernel_fifo_w28_d2_S |         23 |         23 |       0 |    0 |    62 |      0 |      0 |    0 |          0 |
|           U_top_kernel_fifo_w28_d2_S_ShiftReg          |                bd_0_hls_inst_0_top_kernel_fifo_w28_d2_S_ShiftReg |         15 |         15 |       0 |    0 |    56 |      0 |      0 |    0 |          0 |
+--------------------------------------------------------+------------------------------------------------------------------+------------+------------+---------+------+-------+--------+--------+------+------------+


