Copyright 1986-2022 Xilinx, Inc. All Rights Reserved. Copyright 2022-2025 Advanced Micro Devices, Inc. All Rights Reserved.
---------------------------------------------------------------------------------------------------------------------------------------------
| Tool Version : Vivado v.2025.1.1 (lin64) Build 6233196 Thu Sep 11 21:27:11 MDT 2025
| Date         : Sat Feb  7 23:30:47 2026
| Host         : ece-linlabsrv01 running 64-bit Red Hat Enterprise Linux release 8.10 (Ootpa)
| Command      : report_utilization -file bd_0_wrapper_utilization_placed.rpt -pb bd_0_wrapper_utilization_placed.pb
| Design       : bd_0_wrapper
| Device       : xczu3eg-sbva484-1-e
| Speed File   : -1
| Design State : Fully Placed
---------------------------------------------------------------------------------------------------------------------------------------------

Utilization Design Information

Table of Contents
-----------------
1. CLB Logic
1.1 Summary of Registers by Type
2. CLB Logic Distribution
3. BLOCKRAM
4. ARITHMETIC
5. I/O
6. CLOCK
7. ADVANCED
8. CONFIGURATION
9. Primitives
10. Black Boxes
11. Instantiated Netlists

1. CLB Logic
------------

+----------------------------+------+-------+------------+-----------+-------+
|          Site Type         | Used | Fixed | Prohibited | Available | Util% |
+----------------------------+------+-------+------------+-----------+-------+
| CLB LUTs                   | 5385 |     0 |          0 |     70560 |  7.63 |
|   LUT as Logic             | 4796 |     0 |          0 |     70560 |  6.80 |
|   LUT as Memory            |  589 |     0 |          0 |     28800 |  2.05 |
|     LUT as Distributed RAM |  384 |     0 |            |           |       |
|     LUT as Shift Register  |  205 |     0 |            |           |       |
| CLB Registers              | 5764 |     0 |          0 |    141120 |  4.08 |
|   Register as Flip Flop    | 5764 |     0 |          0 |    141120 |  4.08 |
|   Register as Latch        |    0 |     0 |          0 |    141120 |  0.00 |
| CARRY8                     |  267 |     0 |          0 |      8820 |  3.03 |
| F7 Muxes                   |  384 |     0 |          0 |     35280 |  1.09 |
| F8 Muxes                   |    0 |     0 |          0 |     17640 |  0.00 |
| F9 Muxes                   |    0 |     0 |          0 |      8820 |  0.00 |
+----------------------------+------+-------+------------+-----------+-------+
* Warning! LUT value is adjusted to account for LUT combining.


1.1 Summary of Registers by Type
--------------------------------

+-------+--------------+-------------+--------------+
| Total | Clock Enable | Synchronous | Asynchronous |
+-------+--------------+-------------+--------------+
| 0     |            _ |           - |            - |
| 0     |            _ |           - |          Set |
| 0     |            _ |           - |        Reset |
| 0     |            _ |         Set |            - |
| 0     |            _ |       Reset |            - |
| 0     |          Yes |           - |            - |
| 0     |          Yes |           - |          Set |
| 0     |          Yes |           - |        Reset |
| 65    |          Yes |         Set |            - |
| 5699  |          Yes |       Reset |            - |
+-------+--------------+-------------+--------------+


2. CLB Logic Distribution
-------------------------

+--------------------------------------------+------+-------+------------+-----------+-------+
|                  Site Type                 | Used | Fixed | Prohibited | Available | Util% |
+--------------------------------------------+------+-------+------------+-----------+-------+
| CLB                                        | 1207 |     0 |          0 |      8820 | 13.68 |
|   CLBL                                     |  686 |     0 |            |           |       |
|   CLBM                                     |  521 |     0 |            |           |       |
| LUT as Logic                               | 4796 |     0 |          0 |     70560 |  6.80 |
|   using O5 output only                     |   53 |       |            |           |       |
|   using O6 output only                     | 3582 |       |            |           |       |
|   using O5 and O6                          | 1161 |       |            |           |       |
| LUT as Memory                              |  589 |     0 |          0 |     28800 |  2.05 |
|   LUT as Distributed RAM                   |  384 |     0 |            |           |       |
|     using O5 output only                   |    0 |       |            |           |       |
|     using O6 output only                   |    0 |       |            |           |       |
|     using O5 and O6                        |  384 |       |            |           |       |
|   LUT as Shift Register                    |  205 |     0 |            |           |       |
|     using O5 output only                   |    0 |       |            |           |       |
|     using O6 output only                   |  115 |       |            |           |       |
|     using O5 and O6                        |   90 |       |            |           |       |
| CLB Registers                              | 5764 |     0 |          0 |    141120 |  4.08 |
|   Register driven from within the CLB      | 2866 |       |            |           |       |
|   Register driven from outside the CLB     | 2898 |       |            |           |       |
|     LUT in front of the register is unused | 2381 |       |            |           |       |
|     LUT in front of the register is used   |  517 |       |            |           |       |
| Unique Control Sets                        |  142 |       |          0 |     17640 |  0.80 |
+--------------------------------------------+------+-------+------------+-----------+-------+
* * Note: Available Control Sets calculated as Slices * 2, Review the Control Sets Report for more information regarding control sets.


3. BLOCKRAM
-----------

+-------------------+------+-------+------------+-----------+-------+
|     Site Type     | Used | Fixed | Prohibited | Available | Util% |
+-------------------+------+-------+------------+-----------+-------+
| Block RAM Tile    | 48.5 |     0 |          0 |       216 | 22.45 |
|   RAMB36/FIFO*    |   32 |     0 |          0 |       216 | 14.81 |
|     RAMB36E2 only |   32 |       |            |           |       |
|   RAMB18          |   33 |     0 |          0 |       432 |  7.64 |
|     RAMB18E2 only |   33 |       |            |           |       |
+-------------------+------+-------+------------+-----------+-------+
* Note: Each Block RAM Tile only has one FIFO logic available and therefore can accommodate only one FIFO36E2 or one FIFO18E2. However, if a FIFO18E2 occupies a Block RAM Tile, that tile can still accommodate a RAMB18E2


4. ARITHMETIC
-------------

+----------------+------+-------+------------+-----------+-------+
|    Site Type   | Used | Fixed | Prohibited | Available | Util% |
+----------------+------+-------+------------+-----------+-------+
| DSPs           |    1 |     0 |          0 |       360 |  0.28 |
|   DSP48E2 only |    1 |       |            |           |       |
+----------------+------+-------+------------+-----------+-------+


5. I/O
------

+------------------+------+-------+------------+-----------+-------+
|     Site Type    | Used | Fixed | Prohibited | Available | Util% |
+------------------+------+-------+------------+-----------+-------+
| Bonded IOB       |    0 |     0 |          0 |        82 |  0.00 |
|   HPIOB_M        |    0 |     0 |          0 |        26 |  0.00 |
|   HPIOB_S        |    0 |     0 |          0 |        26 |  0.00 |
|   HDIOB_M        |    0 |     0 |          0 |        12 |  0.00 |
|   HDIOB_S        |    0 |     0 |          0 |        12 |  0.00 |
|   HPIOB_SNGL     |    0 |     0 |          0 |         6 |  0.00 |
| HPIOBDIFFINBUF   |    0 |     0 |          0 |        72 |  0.00 |
| HPIOBDIFFOUTBUF  |    0 |     0 |          0 |        72 |  0.00 |
| HDIOBDIFFINBUF   |    0 |     0 |          0 |        48 |  0.00 |
| BITSLICE_CONTROL |    0 |     0 |          0 |        24 |  0.00 |
| BITSLICE_RX_TX   |    0 |     0 |          0 |       936 |  0.00 |
| BITSLICE_TX      |    0 |     0 |          0 |        24 |  0.00 |
| RIU_OR           |    0 |     0 |          0 |        12 |  0.00 |
+------------------+------+-------+------------+-----------+-------+


6. CLOCK
--------

+------------+------+-------+------------+-----------+-------+
|  Site Type | Used | Fixed | Prohibited | Available | Util% |
+------------+------+-------+------------+-----------+-------+
| BUFGCE     |    0 |     0 |          0 |        88 |  0.00 |
| BUFGCE_DIV |    0 |     0 |          0 |        12 |  0.00 |
| BUFG_PS    |    0 |     0 |          0 |        72 |  0.00 |
| BUFGCTRL*  |    0 |     0 |          0 |        24 |  0.00 |
| PLL        |    0 |     0 |          0 |         6 |  0.00 |
| MMCM       |    0 |     0 |          0 |         3 |  0.00 |
+------------+------+-------+------------+-----------+-------+
* Note: Each used BUFGCTRL counts as two GLOBAL CLOCK BUFFERs. This table does not include global clocking resources, only buffer cell usage. See the Clock Utilization Report (report_clock_utilization) for detailed accounting of global clocking resource availability.


7. ADVANCED
-----------

+-----------+------+-------+------------+-----------+-------+
| Site Type | Used | Fixed | Prohibited | Available | Util% |
+-----------+------+-------+------------+-----------+-------+
| PS8       |    0 |     0 |          0 |         1 |  0.00 |
| SYSMONE4  |    0 |     0 |          0 |         1 |  0.00 |
+-----------+------+-------+------------+-----------+-------+


8. CONFIGURATION
----------------

+-------------+------+-------+------------+-----------+-------+
|  Site Type  | Used | Fixed | Prohibited | Available | Util% |
+-------------+------+-------+------------+-----------+-------+
| BSCANE2     |    0 |     0 |          0 |         4 |  0.00 |
| DNA_PORTE2  |    0 |     0 |          0 |         1 |  0.00 |
| EFUSE_USR   |    0 |     0 |          0 |         1 |  0.00 |
| FRAME_ECCE4 |    0 |     0 |          0 |         1 |  0.00 |
| ICAPE3      |    0 |     0 |          0 |         2 |  0.00 |
| MASTER_JTAG |    0 |     0 |          0 |         1 |  0.00 |
| STARTUPE3   |    0 |     0 |          0 |         1 |  0.00 |
+-------------+------+-------+------------+-----------+-------+


9. Primitives
-------------

+----------+------+---------------------+
| Ref Name | Used | Functional Category |
+----------+------+---------------------+
| FDRE     | 5699 |            Register |
| LUT3     | 1971 |                 CLB |
| LUT6     | 1244 |                 CLB |
| LUT2     | 1145 |                 CLB |
| RAMS32   |  768 |                 CLB |
| LUT4     |  695 |                 CLB |
| LUT1     |  570 |                 CLB |
| MUXF7    |  384 |                 CLB |
| LUT5     |  332 |                 CLB |
| CARRY8   |  267 |                 CLB |
| SRL16E   |  231 |                 CLB |
| FDSE     |   65 |            Register |
| SRLC32E  |   64 |                 CLB |
| RAMB18E2 |   33 |            BLOCKRAM |
| RAMB36E2 |   32 |            BLOCKRAM |
| DSP48E2  |    1 |          Arithmetic |
+----------+------+---------------------+


10. Black Boxes
---------------

+----------+------+
| Ref Name | Used |
+----------+------+


11. Instantiated Netlists
-------------------------

+-----------------+------+
|     Ref Name    | Used |
+-----------------+------+
| bd_0_hls_inst_0 |    1 |
+-----------------+------+


