

================================================================
== Vitis HLS Report for 'store_output_wide'
================================================================
* Date:           Sun Mar  8 15:47:51 2026

* Version:        2025.1.1 (Build 6214317 on Sep 11 2025)
* Project:        project_1
* Solution:       hls (Vivado IP Flow Target)
* Product family: zynquplus
* Target device:  xczu3eg-sbva484-1-e


================================================================
== Performance Estimates
================================================================
+ Timing: 
    * Summary: 
    +--------+----------+----------+------------+
    |  Clock |  Target  | Estimated| Uncertainty|
    +--------+----------+----------+------------+
    |ap_clk  |  10.00 ns|  7.300 ns|     2.70 ns|
    +--------+----------+----------+------------+

+ Latency: 
    * Summary: 
    +---------+---------+-----------+-----------+------+------+------------------------------------------------+
    |  Latency (cycles) |   Latency (absolute)  |   Interval  |                    Pipeline                    |
    |   min   |   max   |    min    |    max    |  min |  max |                      Type                      |
    +---------+---------+-----------+-----------+------+------+------------------------------------------------+
    |     4107|     4107|  41.070 us|  41.070 us|  4096|  4096|  loop auto-rewind stp (delay=0 clock cycles(s))|
    +---------+---------+-----------+-----------+------+------+------------------------------------------------+

    + Detail: 
        * Instance: 
        N/A

        * Loop: 
        +--------------+---------+---------+----------+-----------+-----------+------+----------+
        |              |  Latency (cycles) | Iteration|  Initiation Interval  | Trip |          |
        |   Loop Name  |   min   |   max   |  Latency |  achieved |   target  | Count| Pipelined|
        +--------------+---------+---------+----------+-----------+-----------+------+----------+
        |- STORE_LOOP  |     4105|     4105|        11|          1|          1|  4096|       yes|
        +--------------+---------+---------+----------+-----------+-----------+------+----------+

============================================================
+ Verbose Summary: Synthesis Manager
============================================================
InlineROM: 1
ExposeGlobal: 0
============================================================
+ Verbose Summary: CDFG Model
============================================================
IsTopModel: 0
ResetActiveHigh: 1
IsCombinational: 2
IsDatapathOnly: 0
HasWiredReturn: 1
HasMFsm: 2
HasVarLatency: 1
IsPipeline: 0
IsRtlPipelined: 0
IsInstanceOverlapped: 0
IsDontTouch: 0
HasImplIP: 0
IsGatedGlobalClock: 0

+ Individual pipeline summary: 
  * Pipeline-0: initiation interval (II) = 1, depth = 11


============================================================
+ Verbose Summary: Schedule
============================================================
* Number of FSM states : 11
* Pipeline : 1
  Pipeline-0 : II = 1, D = 11, States = { 1 2 3 4 5 6 7 8 9 10 11 }
* Dataflow Pipeline: 0

* FSM state transitions: 
1 --> 2 
2 --> 3 
3 --> 4 
4 --> 5 
5 --> 6 
6 --> 7 
7 --> 8 
8 --> 9 
9 --> 10 
10 --> 11 
11 --> 

* FSM state operations: 

State 1 <SV = 0> <Delay = 1.93>
ST_1 : Operation 14 [1/1] (0.00ns)   --->   "%i1 = alloca i32 1"   --->   Operation 14 'alloca' 'i1' <Predicate = true> <Delay = 0.00>
ST_1 : Operation 15 [1/1] (0.00ns)   --->   "%sext_ln3462 = alloca i32 1"   --->   Operation 15 'alloca' 'sext_ln3462' <Predicate = true> <Delay = 0.00>
ST_1 : Operation 16 [1/1] (0.00ns)   --->   "%specinterface_ln0 = specinterface void @_ssdm_op_SpecInterface, i64 %out_r, void @ap_fifo_str, i32 0, i32 0, void @p_str, i32 0, i32 0, void @p_str, void @p_str, void @p_str, i32 2, i32 2, i32 16, i32 16, void @p_str, void @ScalarProp_str, i32 4294967295, i32 0, i32 0"   --->   Operation 16 'specinterface' 'specinterface_ln0' <Predicate = true> <Delay = 0.00>
ST_1 : Operation 17 [1/1] (0.00ns)   --->   "%specinterface_ln0 = specinterface void @_ssdm_op_SpecInterface, i512 %s_out, void @empty_18, i32 0, i32 0, void @empty_12, i32 0, i32 0, void @empty_12, void @empty_12, void @empty_12, i32 0, i32 0, i32 0, i32 0, void @empty_12, void @empty_12, i32 4294967295, i32 0, i32 0"   --->   Operation 17 'specinterface' 'specinterface_ln0' <Predicate = true> <Delay = 0.00>
ST_1 : Operation 18 [1/1] (0.00ns)   --->   "%specinterface_ln0 = specinterface void @_ssdm_op_SpecInterface, i512 %s_out, void @empty_18, i32 0, i32 0, void @empty_12, i32 0, i32 0, void @empty_12, void @empty_12, void @empty_12, i32 0, i32 0, i32 0, i32 0, void @empty_12, void @empty_12, i32 4294967295, i32 0, i32 0"   --->   Operation 18 'specinterface' 'specinterface_ln0' <Predicate = true> <Delay = 0.00>
ST_1 : Operation 19 [1/1] (0.00ns)   --->   "%specinterface_ln0 = specinterface void @_ssdm_op_SpecInterface, i512 %s_out, void @empty_18, i32 0, i32 0, void @empty_12, i32 0, i32 0, void @empty_12, void @empty_12, void @empty_12, i32 0, i32 0, i32 0, i32 0, void @empty_12, void @empty_12, i32 4294967295, i32 0, i32 0"   --->   Operation 19 'specinterface' 'specinterface_ln0' <Predicate = true> <Delay = 0.00>
ST_1 : Operation 20 [1/1] (0.00ns)   --->   "%specinterface_ln0 = specinterface void @_ssdm_op_SpecInterface, i512 %s_out, void @empty_18, i32 0, i32 0, void @empty_12, i32 0, i32 0, void @empty_12, void @empty_12, void @empty_12, i32 0, i32 0, i32 0, i32 0, void @empty_12, void @empty_12, i32 4294967295, i32 0, i32 0"   --->   Operation 20 'specinterface' 'specinterface_ln0' <Predicate = true> <Delay = 0.00>
ST_1 : Operation 21 [1/1] (0.00ns)   --->   "%specinterface_ln0 = specinterface void @_ssdm_op_SpecInterface, i512 %gmem1, void @empty_13, i32 0, i32 0, void @empty_12, i32 3, i32 4096, void @empty_9, void @empty_10, void @empty_12, i32 16, i32 16, i32 16, i32 16, void @empty_12, void @empty_12, i32 4294967295, i32 0, i32 0"   --->   Operation 21 'specinterface' 'specinterface_ln0' <Predicate = true> <Delay = 0.00>
ST_1 : Operation 22 [1/1] (0.48ns)   --->   "%store_ln0 = store i12 0, i12 %i1"   --->   Operation 22 'store' 'store_ln0' <Predicate = true> <Delay = 0.48>
ST_1 : Operation 23 [1/1] (0.48ns)   --->   "%br_ln346 = br void %new.header" [top.cpp:346]   --->   Operation 23 'br' 'br_ln346' <Predicate = true> <Delay = 0.48>
ST_1 : Operation 24 [1/1] (0.00ns)   --->   "%first_iter_0 = phi i1 1, void %entry, i1 0, void %new.latch.VITIS_LOOP_355_1.split.i.split"   --->   Operation 24 'phi' 'first_iter_0' <Predicate = true> <Delay = 0.00>
ST_1 : Operation 25 [1/1] (0.00ns)   --->   "%br_ln0 = br i1 %first_iter_0, void %VITIS_LOOP_355_1.split.i, void %for.first.iter.VITIS_LOOP_355_1.split.i"   --->   Operation 25 'br' 'br_ln0' <Predicate = true> <Delay = 0.00>
ST_1 : Operation 26 [1/1] (0.00ns)   --->   "%i1_load = load i12 %i1" [top.cpp:346]   --->   Operation 26 'load' 'i1_load' <Predicate = true> <Delay = 0.00>
ST_1 : Operation 27 [1/1] (0.96ns)   --->   "%i = add i12 %i1_load, i12 1" [top.cpp:346]   --->   Operation 27 'add' 'i' <Predicate = true> <Delay = 0.96> <CoreInst = "Adder">   --->   Core 1 'Adder' <Latency = 0> <II = 1> <Delay = 0.96> <FuncUnit> <Opcode : 'add' 'sub'> <InPorts = 2> <OutPorts = 1>
ST_1 : Operation 28 [1/1] (0.96ns)   --->   "%icmp_ln346 = icmp_eq  i12 %i1_load, i12 4095" [top.cpp:346]   --->   Operation 28 'icmp' 'icmp_ln346' <Predicate = true> <Delay = 0.96> <CoreInst = "Cmp">   --->   Core 9 'Cmp' <Latency = 0> <II = 1> <Delay = 0.96> <FuncUnit> <Opcode : 'seteq' 'setne' 'setle' 'setge' 'setlt' 'setgt'> <InPorts = 2> <OutPorts = 1>
ST_1 : Operation 29 [1/1] (0.00ns)   --->   "%br_ln346 = br i1 %icmp_ln346, void %new.latch.VITIS_LOOP_355_1.split.i.split, void %last.iter.VITIS_LOOP_355_1.split.i.split" [top.cpp:346]   --->   Operation 29 'br' 'br_ln346' <Predicate = true> <Delay = 0.00>
ST_1 : Operation 30 [1/1] (0.48ns)   --->   "%store_ln346 = store i12 %i, i12 %i1" [top.cpp:346]   --->   Operation 30 'store' 'store_ln346' <Predicate = true> <Delay = 0.48>
ST_1 : Operation 31 [1/1] (0.00ns)   --->   "%br_ln346 = br i1 %icmp_ln346, void %new.header, void %store_output_wide.exit" [top.cpp:346]   --->   Operation 31 'br' 'br_ln346' <Predicate = true> <Delay = 0.00>

State 2 <SV = 1> <Delay = 2.13>
ST_2 : Operation 32 [1/1] ( I:2.13ns O:2.13ns )   --->   "%out_1 = read i64 @_ssdm_op_Read.ap_fifo.i64P0A, i64 %out_r" [top.cpp:342]   --->   Operation 32 'read' 'out_1' <Predicate = (first_iter_0)> <Delay = 2.13> <CoreInst = "FIFO_SRL">   --->   Core 80 'FIFO_SRL' <Latency = 0> <II = 1> <Delay = 2.13> <Storage> <Opcode : 'read' 'write' 'nbread' 'nbwrite'> <Ports = 0> <Width = 64> <Depth = 8> <FIFO>
ST_2 : Operation 33 [1/1] (0.00ns)   --->   "%trunc_ln = partselect i58 @_ssdm_op_PartSelect.i58.i64.i32.i32, i64 %out_1, i32 6, i32 63" [top.cpp:346]   --->   Operation 33 'partselect' 'trunc_ln' <Predicate = (first_iter_0)> <Delay = 0.00>

State 3 <SV = 2> <Delay = 7.30>
ST_3 : Operation 34 [1/1] (0.00ns)   --->   "%sext_ln346 = sext i58 %trunc_ln" [top.cpp:346]   --->   Operation 34 'sext' 'sext_ln346' <Predicate = (first_iter_0)> <Delay = 0.00>
ST_3 : Operation 35 [1/1] (0.00ns)   --->   "%gmem1_addr = getelementptr i512 %gmem1, i64 %sext_ln346" [top.cpp:346]   --->   Operation 35 'getelementptr' 'gmem1_addr' <Predicate = (first_iter_0)> <Delay = 0.00>
ST_3 : Operation 36 [1/1] (7.30ns)   --->   "%empty = writereq i1 @_ssdm_op_WriteReq.m_axi.p1i512, i512 %gmem1_addr, i64 4096" [top.cpp:346]   --->   Operation 36 'writereq' 'empty' <Predicate = (first_iter_0)> <Delay = 7.30> <CoreInst = "m_axi">   --->   Core 119 'm_axi' <Latency = 9> <II = 1> <Delay = 1.00> <Adapter> <Opcode : 'read' 'write' 'readreq' 'writereq' 'writeresp'>
ST_3 : Operation 37 [1/1] (0.00ns)   --->   "%store_ln346 = store i64 %sext_ln346, i64 %sext_ln3462" [top.cpp:346]   --->   Operation 37 'store' 'store_ln346' <Predicate = (first_iter_0)> <Delay = 0.00>
ST_3 : Operation 38 [1/1] (0.00ns)   --->   "%br_ln0 = br void %VITIS_LOOP_355_1.split.i"   --->   Operation 38 'br' 'br_ln0' <Predicate = (first_iter_0)> <Delay = 0.00>
ST_3 : Operation 39 [1/1] ( I:2.16ns O:2.16ns )   --->   "%vec = read i512 @_ssdm_op_Read.ap_fifo.volatile.i512P0A, i512 %s_out" [top.cpp:348]   --->   Operation 39 'read' 'vec' <Predicate = true> <Delay = 2.16> <CoreInst = "FIFO_SRL">   --->   Core 80 'FIFO_SRL' <Latency = 0> <II = 1> <Delay = 2.16> <Storage> <Opcode : 'read' 'write' 'nbread' 'nbwrite'> <Ports = 0> <Width = 512> <Depth = 2> <FIFO>
ST_3 : Operation 40 [1/1] (0.00ns)   --->   "%raw = trunc i512 %vec" [top.cpp:351]   --->   Operation 40 'trunc' 'raw' <Predicate = true> <Delay = 0.00>
ST_3 : Operation 41 [1/1] (0.00ns)   --->   "%raw_1 = partselect i20 @_ssdm_op_PartSelect.i20.i512.i512, i512 %vec, i512 32" [top.cpp:351]   --->   Operation 41 'partselect' 'raw_1' <Predicate = true> <Delay = 0.00>
ST_3 : Operation 42 [1/1] (0.00ns)   --->   "%raw_2 = partselect i20 @_ssdm_op_PartSelect.i20.i512.i512, i512 %vec, i512 64" [top.cpp:351]   --->   Operation 42 'partselect' 'raw_2' <Predicate = true> <Delay = 0.00>
ST_3 : Operation 43 [1/1] (0.00ns)   --->   "%raw_3 = partselect i20 @_ssdm_op_PartSelect.i20.i512.i512, i512 %vec, i512 96" [top.cpp:351]   --->   Operation 43 'partselect' 'raw_3' <Predicate = true> <Delay = 0.00>
ST_3 : Operation 44 [1/1] (0.00ns)   --->   "%raw_4 = partselect i20 @_ssdm_op_PartSelect.i20.i512.i512, i512 %vec, i512 128" [top.cpp:351]   --->   Operation 44 'partselect' 'raw_4' <Predicate = true> <Delay = 0.00>
ST_3 : Operation 45 [1/1] (0.00ns)   --->   "%raw_5 = partselect i20 @_ssdm_op_PartSelect.i20.i512.i512, i512 %vec, i512 160" [top.cpp:351]   --->   Operation 45 'partselect' 'raw_5' <Predicate = true> <Delay = 0.00>
ST_3 : Operation 46 [1/1] (0.00ns)   --->   "%raw_6 = partselect i20 @_ssdm_op_PartSelect.i20.i512.i512, i512 %vec, i512 192" [top.cpp:351]   --->   Operation 46 'partselect' 'raw_6' <Predicate = true> <Delay = 0.00>
ST_3 : Operation 47 [1/1] (0.00ns)   --->   "%raw_7 = partselect i20 @_ssdm_op_PartSelect.i20.i512.i512, i512 %vec, i512 224" [top.cpp:351]   --->   Operation 47 'partselect' 'raw_7' <Predicate = true> <Delay = 0.00>
ST_3 : Operation 48 [1/1] (0.00ns)   --->   "%raw_8 = partselect i20 @_ssdm_op_PartSelect.i20.i512.i512, i512 %vec, i512 256" [top.cpp:351]   --->   Operation 48 'partselect' 'raw_8' <Predicate = true> <Delay = 0.00>
ST_3 : Operation 49 [1/1] (0.00ns)   --->   "%raw_9 = partselect i20 @_ssdm_op_PartSelect.i20.i512.i512, i512 %vec, i512 288" [top.cpp:351]   --->   Operation 49 'partselect' 'raw_9' <Predicate = true> <Delay = 0.00>
ST_3 : Operation 50 [1/1] (0.00ns)   --->   "%raw_14 = partselect i20 @_ssdm_op_PartSelect.i20.i512.i512, i512 %vec, i512 320" [top.cpp:351]   --->   Operation 50 'partselect' 'raw_14' <Predicate = true> <Delay = 0.00>
ST_3 : Operation 51 [1/1] (0.00ns)   --->   "%raw_10 = partselect i20 @_ssdm_op_PartSelect.i20.i512.i512, i512 %vec, i512 352" [top.cpp:351]   --->   Operation 51 'partselect' 'raw_10' <Predicate = true> <Delay = 0.00>
ST_3 : Operation 52 [1/1] (0.00ns)   --->   "%raw_11 = partselect i20 @_ssdm_op_PartSelect.i20.i512.i512, i512 %vec, i512 384" [top.cpp:351]   --->   Operation 52 'partselect' 'raw_11' <Predicate = true> <Delay = 0.00>
ST_3 : Operation 53 [1/1] (0.00ns)   --->   "%raw_12 = partselect i20 @_ssdm_op_PartSelect.i20.i512.i512, i512 %vec, i512 416" [top.cpp:351]   --->   Operation 53 'partselect' 'raw_12' <Predicate = true> <Delay = 0.00>
ST_3 : Operation 54 [1/1] (0.00ns)   --->   "%raw_13 = partselect i20 @_ssdm_op_PartSelect.i20.i512.i512, i512 %vec, i512 448" [top.cpp:351]   --->   Operation 54 'partselect' 'raw_13' <Predicate = true> <Delay = 0.00>
ST_3 : Operation 55 [1/1] (0.00ns)   --->   "%tmp_13_i = partselect i20 @_ssdm_op_PartSelect.i20.i512.i512, i512 %vec, i512 480" [top.cpp:351]   --->   Operation 55 'partselect' 'tmp_13_i' <Predicate = true> <Delay = 0.00>

State 4 <SV = 3> <Delay = 7.30>
ST_4 : Operation 56 [1/1] (0.00ns)   --->   "%sext_ln3462_load = load i64 %sext_ln3462" [top.cpp:346]   --->   Operation 56 'load' 'sext_ln3462_load' <Predicate = true> <Delay = 0.00>
ST_4 : Operation 57 [1/1] (0.00ns)   --->   "%specpipeline_ln347 = specpipeline void @_ssdm_op_SpecPipeline, i32 1, i32 0, i32 0, i32 0, void @empty_12" [top.cpp:347]   --->   Operation 57 'specpipeline' 'specpipeline_ln347' <Predicate = true> <Delay = 0.00>
ST_4 : Operation 58 [1/1] (0.00ns)   --->   "%speclooptripcount_ln346 = speclooptripcount void @_ssdm_op_SpecLoopTripCount, i64 4096, i64 4096, i64 4096" [top.cpp:346]   --->   Operation 58 'speclooptripcount' 'speclooptripcount_ln346' <Predicate = true> <Delay = 0.00>
ST_4 : Operation 59 [1/1] (0.00ns)   --->   "%specloopname_ln346 = specloopname void @_ssdm_op_SpecLoopName, void @empty_5" [top.cpp:346]   --->   Operation 59 'specloopname' 'specloopname_ln346' <Predicate = true> <Delay = 0.00>
ST_4 : Operation 60 [1/1] (0.00ns)   --->   "%zext_ln358 = zext i20 %raw" [top.cpp:358]   --->   Operation 60 'zext' 'zext_ln358' <Predicate = true> <Delay = 0.00>
ST_4 : Operation 61 [1/1] (0.00ns)   --->   "%zext_ln358_1 = zext i20 %raw_1" [top.cpp:358]   --->   Operation 61 'zext' 'zext_ln358_1' <Predicate = true> <Delay = 0.00>
ST_4 : Operation 62 [1/1] (0.00ns)   --->   "%zext_ln358_2 = zext i20 %raw_2" [top.cpp:358]   --->   Operation 62 'zext' 'zext_ln358_2' <Predicate = true> <Delay = 0.00>
ST_4 : Operation 63 [1/1] (0.00ns)   --->   "%zext_ln358_3 = zext i20 %raw_3" [top.cpp:358]   --->   Operation 63 'zext' 'zext_ln358_3' <Predicate = true> <Delay = 0.00>
ST_4 : Operation 64 [1/1] (0.00ns)   --->   "%zext_ln358_4 = zext i20 %raw_4" [top.cpp:358]   --->   Operation 64 'zext' 'zext_ln358_4' <Predicate = true> <Delay = 0.00>
ST_4 : Operation 65 [1/1] (0.00ns)   --->   "%zext_ln358_5 = zext i20 %raw_5" [top.cpp:358]   --->   Operation 65 'zext' 'zext_ln358_5' <Predicate = true> <Delay = 0.00>
ST_4 : Operation 66 [1/1] (0.00ns)   --->   "%zext_ln358_6 = zext i20 %raw_6" [top.cpp:358]   --->   Operation 66 'zext' 'zext_ln358_6' <Predicate = true> <Delay = 0.00>
ST_4 : Operation 67 [1/1] (0.00ns)   --->   "%zext_ln358_7 = zext i20 %raw_7" [top.cpp:358]   --->   Operation 67 'zext' 'zext_ln358_7' <Predicate = true> <Delay = 0.00>
ST_4 : Operation 68 [1/1] (0.00ns)   --->   "%zext_ln358_8 = zext i20 %raw_8" [top.cpp:358]   --->   Operation 68 'zext' 'zext_ln358_8' <Predicate = true> <Delay = 0.00>
ST_4 : Operation 69 [1/1] (0.00ns)   --->   "%zext_ln358_9 = zext i20 %raw_9" [top.cpp:358]   --->   Operation 69 'zext' 'zext_ln358_9' <Predicate = true> <Delay = 0.00>
ST_4 : Operation 70 [1/1] (0.00ns)   --->   "%zext_ln358_10 = zext i20 %raw_14" [top.cpp:358]   --->   Operation 70 'zext' 'zext_ln358_10' <Predicate = true> <Delay = 0.00>
ST_4 : Operation 71 [1/1] (0.00ns)   --->   "%zext_ln358_11 = zext i20 %raw_10" [top.cpp:358]   --->   Operation 71 'zext' 'zext_ln358_11' <Predicate = true> <Delay = 0.00>
ST_4 : Operation 72 [1/1] (0.00ns)   --->   "%zext_ln358_12 = zext i20 %raw_11" [top.cpp:358]   --->   Operation 72 'zext' 'zext_ln358_12' <Predicate = true> <Delay = 0.00>
ST_4 : Operation 73 [1/1] (0.00ns)   --->   "%zext_ln358_13 = zext i20 %raw_12" [top.cpp:358]   --->   Operation 73 'zext' 'zext_ln358_13' <Predicate = true> <Delay = 0.00>
ST_4 : Operation 74 [1/1] (0.00ns)   --->   "%zext_ln358_14 = zext i20 %raw_13" [top.cpp:358]   --->   Operation 74 'zext' 'zext_ln358_14' <Predicate = true> <Delay = 0.00>
ST_4 : Operation 75 [1/1] (0.00ns)   --->   "%chunk = bitconcatenate i500 @_ssdm_op_BitConcatenate.i500.i20.i32.i32.i32.i32.i32.i32.i32.i32.i32.i32.i32.i32.i32.i32.i32, i20 %tmp_13_i, i32 %zext_ln358_14, i32 %zext_ln358_13, i32 %zext_ln358_12, i32 %zext_ln358_11, i32 %zext_ln358_10, i32 %zext_ln358_9, i32 %zext_ln358_8, i32 %zext_ln358_7, i32 %zext_ln358_6, i32 %zext_ln358_5, i32 %zext_ln358_4, i32 %zext_ln358_3, i32 %zext_ln358_2, i32 %zext_ln358_1, i32 %zext_ln358" [top.cpp:359]   --->   Operation 75 'bitconcatenate' 'chunk' <Predicate = true> <Delay = 0.00>
ST_4 : Operation 76 [1/1] (0.00ns)   --->   "%zext_ln359 = zext i500 %chunk" [top.cpp:359]   --->   Operation 76 'zext' 'zext_ln359' <Predicate = true> <Delay = 0.00>
ST_4 : Operation 77 [1/1] (0.00ns)   --->   "%gmem1_addr_1 = getelementptr i512 %gmem1, i64 %sext_ln3462_load" [top.cpp:346]   --->   Operation 77 'getelementptr' 'gmem1_addr_1' <Predicate = true> <Delay = 0.00>
ST_4 : Operation 78 [1/1] (7.30ns)   --->   "%write_ln364 = write void @_ssdm_op_Write.m_axi.p1i512, i512 %gmem1_addr_1, i512 %zext_ln359, i64 18446744073709551615" [top.cpp:364]   --->   Operation 78 'write' 'write_ln364' <Predicate = true> <Delay = 7.30> <CoreInst = "m_axi">   --->   Core 119 'm_axi' <Latency = 5> <II = 1> <Delay = 1.00> <Adapter> <Opcode : 'read' 'write' 'readreq' 'writereq' 'writeresp'>

State 5 <SV = 4> <Delay = 7.30>
ST_5 : Operation 79 [7/7] (7.30ns)   --->   "%empty_48 = writeresp i1 @_ssdm_op_WriteResp.m_axi.p1i512, i512 %gmem1_addr_1" [top.cpp:366]   --->   Operation 79 'writeresp' 'empty_48' <Predicate = (icmp_ln346)> <Delay = 7.30> <CoreInst = "m_axi">   --->   Core 119 'm_axi' <Latency = 3> <II = 1> <Delay = 1.00> <Adapter> <Opcode : 'read' 'write' 'readreq' 'writereq' 'writeresp'>

State 6 <SV = 5> <Delay = 7.30>
ST_6 : Operation 80 [6/7] (7.30ns)   --->   "%empty_48 = writeresp i1 @_ssdm_op_WriteResp.m_axi.p1i512, i512 %gmem1_addr_1" [top.cpp:366]   --->   Operation 80 'writeresp' 'empty_48' <Predicate = (icmp_ln346)> <Delay = 7.30> <CoreInst = "m_axi">   --->   Core 119 'm_axi' <Latency = 3> <II = 1> <Delay = 1.00> <Adapter> <Opcode : 'read' 'write' 'readreq' 'writereq' 'writeresp'>

State 7 <SV = 6> <Delay = 7.30>
ST_7 : Operation 81 [5/7] (7.30ns)   --->   "%empty_48 = writeresp i1 @_ssdm_op_WriteResp.m_axi.p1i512, i512 %gmem1_addr_1" [top.cpp:366]   --->   Operation 81 'writeresp' 'empty_48' <Predicate = (icmp_ln346)> <Delay = 7.30> <CoreInst = "m_axi">   --->   Core 119 'm_axi' <Latency = 3> <II = 1> <Delay = 1.00> <Adapter> <Opcode : 'read' 'write' 'readreq' 'writereq' 'writeresp'>

State 8 <SV = 7> <Delay = 7.30>
ST_8 : Operation 82 [4/7] (7.30ns)   --->   "%empty_48 = writeresp i1 @_ssdm_op_WriteResp.m_axi.p1i512, i512 %gmem1_addr_1" [top.cpp:366]   --->   Operation 82 'writeresp' 'empty_48' <Predicate = (icmp_ln346)> <Delay = 7.30> <CoreInst = "m_axi">   --->   Core 119 'm_axi' <Latency = 3> <II = 1> <Delay = 1.00> <Adapter> <Opcode : 'read' 'write' 'readreq' 'writereq' 'writeresp'>

State 9 <SV = 8> <Delay = 7.30>
ST_9 : Operation 83 [3/7] (7.30ns)   --->   "%empty_48 = writeresp i1 @_ssdm_op_WriteResp.m_axi.p1i512, i512 %gmem1_addr_1" [top.cpp:366]   --->   Operation 83 'writeresp' 'empty_48' <Predicate = (icmp_ln346)> <Delay = 7.30> <CoreInst = "m_axi">   --->   Core 119 'm_axi' <Latency = 3> <II = 1> <Delay = 1.00> <Adapter> <Opcode : 'read' 'write' 'readreq' 'writereq' 'writeresp'>

State 10 <SV = 9> <Delay = 7.30>
ST_10 : Operation 84 [2/7] (7.30ns)   --->   "%empty_48 = writeresp i1 @_ssdm_op_WriteResp.m_axi.p1i512, i512 %gmem1_addr_1" [top.cpp:366]   --->   Operation 84 'writeresp' 'empty_48' <Predicate = (icmp_ln346)> <Delay = 7.30> <CoreInst = "m_axi">   --->   Core 119 'm_axi' <Latency = 3> <II = 1> <Delay = 1.00> <Adapter> <Opcode : 'read' 'write' 'readreq' 'writereq' 'writeresp'>

State 11 <SV = 10> <Delay = 7.30>
ST_11 : Operation 85 [1/7] (7.30ns)   --->   "%empty_48 = writeresp i1 @_ssdm_op_WriteResp.m_axi.p1i512, i512 %gmem1_addr_1" [top.cpp:366]   --->   Operation 85 'writeresp' 'empty_48' <Predicate = (icmp_ln346)> <Delay = 7.30> <CoreInst = "m_axi">   --->   Core 119 'm_axi' <Latency = 3> <II = 1> <Delay = 1.00> <Adapter> <Opcode : 'read' 'write' 'readreq' 'writereq' 'writeresp'>
ST_11 : Operation 86 [1/1] (0.00ns)   --->   "%br_ln346 = br void %new.latch.VITIS_LOOP_355_1.split.i.split" [top.cpp:346]   --->   Operation 86 'br' 'br_ln346' <Predicate = (icmp_ln346)> <Delay = 0.00>
ST_11 : Operation 87 [1/1] (0.48ns)   --->   "%ret_ln0 = ret"   --->   Operation 87 'ret' 'ret_ln0' <Predicate = (icmp_ln346)> <Delay = 0.48>


============================================================
+ Verbose Summary: Binding
============================================================
STG Binding: 
---------------- STG Properties BEGIN ----------------
- Is combinational: 0
- Is one-state seq: 0
- Is datapath-only: 0
- Is pipelined: 0
- Is top level: 0
Port [ Return ] is wired: 1; IO mode=ap_ctrl_hs:ce=0
Port [ gmem1]:  wired=1; compound=1; hidden=0; nouse=0; global=0; static=0; extern=0; dir=1; type=4; pingpong=0; private_global=0; IO mode=m_axi:ce=0
Port [ out_r]:  wired=1; compound=1; hidden=0; nouse=0; global=0; static=0; extern=0; dir=0; type=3; pingpong=0; private_global=0; IO mode=ap_fifo:ce=0
Port [ s_out]:  wired=1; compound=1; hidden=0; nouse=0; global=1; static=1; extern=0; dir=0; type=3; pingpong=0; private_global=0; IO mode=ap_fifo:ce=0
---------------- STG Properties END ------------------

---------------- Datapath Model BEGIN ----------------

<LifeTime>
<method=bitvector/>
i1                      (alloca           ) [ 010000000000]
sext_ln3462             (alloca           ) [ 011110000000]
specinterface_ln0       (specinterface    ) [ 000000000000]
specinterface_ln0       (specinterface    ) [ 000000000000]
specinterface_ln0       (specinterface    ) [ 000000000000]
specinterface_ln0       (specinterface    ) [ 000000000000]
specinterface_ln0       (specinterface    ) [ 000000000000]
specinterface_ln0       (specinterface    ) [ 000000000000]
store_ln0               (store            ) [ 000000000000]
br_ln346                (br               ) [ 000000000000]
first_iter_0            (phi              ) [ 011100000000]
br_ln0                  (br               ) [ 000000000000]
i1_load                 (load             ) [ 000000000000]
i                       (add              ) [ 000000000000]
icmp_ln346              (icmp             ) [ 011111111111]
br_ln346                (br               ) [ 000000000000]
store_ln346             (store            ) [ 000000000000]
br_ln346                (br               ) [ 010000000000]
out_1                   (read             ) [ 000000000000]
trunc_ln                (partselect       ) [ 010100000000]
sext_ln346              (sext             ) [ 000000000000]
gmem1_addr              (getelementptr    ) [ 000000000000]
empty                   (writereq         ) [ 000000000000]
store_ln346             (store            ) [ 000000000000]
br_ln0                  (br               ) [ 000000000000]
vec                     (read             ) [ 000000000000]
raw                     (trunc            ) [ 010010000000]
raw_1                   (partselect       ) [ 010010000000]
raw_2                   (partselect       ) [ 010010000000]
raw_3                   (partselect       ) [ 010010000000]
raw_4                   (partselect       ) [ 010010000000]
raw_5                   (partselect       ) [ 010010000000]
raw_6                   (partselect       ) [ 010010000000]
raw_7                   (partselect       ) [ 010010000000]
raw_8                   (partselect       ) [ 010010000000]
raw_9                   (partselect       ) [ 010010000000]
raw_14                  (partselect       ) [ 010010000000]
raw_10                  (partselect       ) [ 010010000000]
raw_11                  (partselect       ) [ 010010000000]
raw_12                  (partselect       ) [ 010010000000]
raw_13                  (partselect       ) [ 010010000000]
tmp_13_i                (partselect       ) [ 010010000000]
sext_ln3462_load        (load             ) [ 000000000000]
specpipeline_ln347      (specpipeline     ) [ 000000000000]
speclooptripcount_ln346 (speclooptripcount) [ 000000000000]
specloopname_ln346      (specloopname     ) [ 000000000000]
zext_ln358              (zext             ) [ 000000000000]
zext_ln358_1            (zext             ) [ 000000000000]
zext_ln358_2            (zext             ) [ 000000000000]
zext_ln358_3            (zext             ) [ 000000000000]
zext_ln358_4            (zext             ) [ 000000000000]
zext_ln358_5            (zext             ) [ 000000000000]
zext_ln358_6            (zext             ) [ 000000000000]
zext_ln358_7            (zext             ) [ 000000000000]
zext_ln358_8            (zext             ) [ 000000000000]
zext_ln358_9            (zext             ) [ 000000000000]
zext_ln358_10           (zext             ) [ 000000000000]
zext_ln358_11           (zext             ) [ 000000000000]
zext_ln358_12           (zext             ) [ 000000000000]
zext_ln358_13           (zext             ) [ 000000000000]
zext_ln358_14           (zext             ) [ 000000000000]
chunk                   (bitconcatenate   ) [ 000000000000]
zext_ln359              (zext             ) [ 000000000000]
gmem1_addr_1            (getelementptr    ) [ 010001111111]
write_ln364             (write            ) [ 000000000000]
empty_48                (writeresp        ) [ 000000000000]
br_ln346                (br               ) [ 000000000000]
ret_ln0                 (ret              ) [ 000000000000]
</LifeTime>

<model>

<comp_list>
<comp id="0" class="1000" name="gmem1">
<pin_list>
<pin id="1" dir="1" index="0" bw="1" slack="0"/>
</pin_list>
<bind>
<StgValue><ssdm name="gmem1"/><MemPortTyVec>1 </MemPortTyVec>
</StgValue>
</bind>
</comp>

<comp id="2" class="1000" name="out_r">
<pin_list>
<pin id="3" dir="1" index="0" bw="1" slack="0"/>
</pin_list>
<bind>
<StgValue><ssdm name="out_r"/></StgValue>
</bind>
</comp>

<comp id="4" class="1000" name="s_out">
<pin_list>
<pin id="5" dir="1" index="0" bw="1" slack="0"/>
</pin_list>
<bind>
<StgValue><ssdm name="s_out"/></StgValue>
</bind>
</comp>

<comp id="6" class="1001" name="const_6">
<pin_list>
<pin id="7" dir="1" index="0" bw="1" slack="0"/>
</pin_list>
<bind>
<StgValue><ssdm name=""/></StgValue>
</bind>
</comp>

<comp id="8" class="1001" name="const_8">
<pin_list>
<pin id="9" dir="1" index="0" bw="1" slack="2147483647"/>
</pin_list>
<bind>
<StgValue><ssdm name="_ssdm_op_SpecInterface"/></StgValue>
</bind>
</comp>

<comp id="10" class="1001" name="const_10">
<pin_list>
<pin id="11" dir="1" index="0" bw="1" slack="2147483647"/>
</pin_list>
<bind>
<StgValue><ssdm name="ap_fifo_str"/></StgValue>
</bind>
</comp>

<comp id="12" class="1001" name="const_12">
<pin_list>
<pin id="13" dir="1" index="0" bw="1" slack="2147483647"/>
</pin_list>
<bind>
<StgValue><ssdm name=""/></StgValue>
</bind>
</comp>

<comp id="14" class="1001" name="const_14">
<pin_list>
<pin id="15" dir="1" index="0" bw="1" slack="2147483647"/>
</pin_list>
<bind>
<StgValue><ssdm name="p_str"/></StgValue>
</bind>
</comp>

<comp id="16" class="1001" name="const_16">
<pin_list>
<pin id="17" dir="1" index="0" bw="1" slack="2147483647"/>
</pin_list>
<bind>
<StgValue><ssdm name=""/></StgValue>
</bind>
</comp>

<comp id="18" class="1001" name="const_18">
<pin_list>
<pin id="19" dir="1" index="0" bw="1" slack="2147483647"/>
</pin_list>
<bind>
<StgValue><ssdm name=""/></StgValue>
</bind>
</comp>

<comp id="20" class="1001" name="const_20">
<pin_list>
<pin id="21" dir="1" index="0" bw="1" slack="2147483647"/>
</pin_list>
<bind>
<StgValue><ssdm name="ScalarProp_str"/></StgValue>
</bind>
</comp>

<comp id="22" class="1001" name="const_22">
<pin_list>
<pin id="23" dir="1" index="0" bw="1" slack="2147483647"/>
</pin_list>
<bind>
<StgValue><ssdm name=""/></StgValue>
</bind>
</comp>

<comp id="24" class="1001" name="const_24">
<pin_list>
<pin id="25" dir="1" index="0" bw="1" slack="2147483647"/>
</pin_list>
<bind>
<StgValue><ssdm name="empty_18"/></StgValue>
</bind>
</comp>

<comp id="26" class="1001" name="const_26">
<pin_list>
<pin id="27" dir="1" index="0" bw="1" slack="2147483647"/>
</pin_list>
<bind>
<StgValue><ssdm name="empty_12"/></StgValue>
</bind>
</comp>

<comp id="28" class="1001" name="const_28">
<pin_list>
<pin id="29" dir="1" index="0" bw="1" slack="2147483647"/>
</pin_list>
<bind>
<StgValue><ssdm name="empty_13"/></StgValue>
</bind>
</comp>

<comp id="30" class="1001" name="const_30">
<pin_list>
<pin id="31" dir="1" index="0" bw="1" slack="2147483647"/>
</pin_list>
<bind>
<StgValue><ssdm name=""/></StgValue>
</bind>
</comp>

<comp id="32" class="1001" name="const_32">
<pin_list>
<pin id="33" dir="1" index="0" bw="1" slack="2147483647"/>
</pin_list>
<bind>
<StgValue><ssdm name=""/></StgValue>
</bind>
</comp>

<comp id="34" class="1001" name="const_34">
<pin_list>
<pin id="35" dir="1" index="0" bw="1" slack="2147483647"/>
</pin_list>
<bind>
<StgValue><ssdm name="empty_9"/></StgValue>
</bind>
</comp>

<comp id="36" class="1001" name="const_36">
<pin_list>
<pin id="37" dir="1" index="0" bw="1" slack="2147483647"/>
</pin_list>
<bind>
<StgValue><ssdm name="empty_10"/></StgValue>
</bind>
</comp>

<comp id="38" class="1001" name="const_38">
<pin_list>
<pin id="39" dir="1" index="0" bw="1" slack="0"/>
</pin_list>
<bind>
<StgValue><ssdm name=""/></StgValue>
</bind>
</comp>

<comp id="40" class="1001" name="const_40">
<pin_list>
<pin id="41" dir="1" index="0" bw="1" slack="0"/>
</pin_list>
<bind>
<StgValue><ssdm name=""/></StgValue>
</bind>
</comp>

<comp id="42" class="1001" name="const_42">
<pin_list>
<pin id="43" dir="1" index="0" bw="1" slack="0"/>
</pin_list>
<bind>
<StgValue><ssdm name=""/></StgValue>
</bind>
</comp>

<comp id="44" class="1001" name="const_44">
<pin_list>
<pin id="45" dir="1" index="0" bw="1" slack="0"/>
</pin_list>
<bind>
<StgValue><ssdm name=""/></StgValue>
</bind>
</comp>

<comp id="46" class="1001" name="const_46">
<pin_list>
<pin id="47" dir="1" index="0" bw="1" slack="0"/>
</pin_list>
<bind>
<StgValue><ssdm name=""/></StgValue>
</bind>
</comp>

<comp id="48" class="1001" name="const_48">
<pin_list>
<pin id="49" dir="1" index="0" bw="1" slack="0"/>
</pin_list>
<bind>
<StgValue><ssdm name="_ssdm_op_Read.ap_fifo.i64P0A"/></StgValue>
</bind>
</comp>

<comp id="50" class="1001" name="const_50">
<pin_list>
<pin id="51" dir="1" index="0" bw="1" slack="0"/>
</pin_list>
<bind>
<StgValue><ssdm name="_ssdm_op_PartSelect.i58.i64.i32.i32"/></StgValue>
</bind>
</comp>

<comp id="52" class="1001" name="const_52">
<pin_list>
<pin id="53" dir="1" index="0" bw="1" slack="0"/>
</pin_list>
<bind>
<StgValue><ssdm name=""/></StgValue>
</bind>
</comp>

<comp id="54" class="1001" name="const_54">
<pin_list>
<pin id="55" dir="1" index="0" bw="1" slack="0"/>
</pin_list>
<bind>
<StgValue><ssdm name=""/></StgValue>
</bind>
</comp>

<comp id="56" class="1001" name="const_56">
<pin_list>
<pin id="57" dir="1" index="0" bw="1" slack="0"/>
</pin_list>
<bind>
<StgValue><ssdm name="_ssdm_op_WriteReq.m_axi.p1i512"/></StgValue>
</bind>
</comp>

<comp id="58" class="1001" name="const_58">
<pin_list>
<pin id="59" dir="1" index="0" bw="1" slack="0"/>
</pin_list>
<bind>
<StgValue><ssdm name=""/></StgValue>
</bind>
</comp>

<comp id="60" class="1001" name="const_60">
<pin_list>
<pin id="61" dir="1" index="0" bw="1" slack="0"/>
</pin_list>
<bind>
<StgValue><ssdm name="_ssdm_op_Read.ap_fifo.volatile.i512P0A"/></StgValue>
</bind>
</comp>

<comp id="62" class="1001" name="const_62">
<pin_list>
<pin id="63" dir="1" index="0" bw="1" slack="0"/>
</pin_list>
<bind>
<StgValue><ssdm name="_ssdm_op_PartSelect.i20.i512.i512"/></StgValue>
</bind>
</comp>

<comp id="64" class="1001" name="const_64">
<pin_list>
<pin id="65" dir="1" index="0" bw="1" slack="0"/>
</pin_list>
<bind>
<StgValue><ssdm name=""/></StgValue>
</bind>
</comp>

<comp id="66" class="1001" name="const_66">
<pin_list>
<pin id="67" dir="1" index="0" bw="1" slack="0"/>
</pin_list>
<bind>
<StgValue><ssdm name=""/></StgValue>
</bind>
</comp>

<comp id="68" class="1001" name="const_68">
<pin_list>
<pin id="69" dir="1" index="0" bw="1" slack="0"/>
</pin_list>
<bind>
<StgValue><ssdm name=""/></StgValue>
</bind>
</comp>

<comp id="70" class="1001" name="const_70">
<pin_list>
<pin id="71" dir="1" index="0" bw="1" slack="0"/>
</pin_list>
<bind>
<StgValue><ssdm name=""/></StgValue>
</bind>
</comp>

<comp id="72" class="1001" name="const_72">
<pin_list>
<pin id="73" dir="1" index="0" bw="1" slack="0"/>
</pin_list>
<bind>
<StgValue><ssdm name=""/></StgValue>
</bind>
</comp>

<comp id="74" class="1001" name="const_74">
<pin_list>
<pin id="75" dir="1" index="0" bw="1" slack="0"/>
</pin_list>
<bind>
<StgValue><ssdm name=""/></StgValue>
</bind>
</comp>

<comp id="76" class="1001" name="const_76">
<pin_list>
<pin id="77" dir="1" index="0" bw="1" slack="0"/>
</pin_list>
<bind>
<StgValue><ssdm name=""/></StgValue>
</bind>
</comp>

<comp id="78" class="1001" name="const_78">
<pin_list>
<pin id="79" dir="1" index="0" bw="1" slack="0"/>
</pin_list>
<bind>
<StgValue><ssdm name=""/></StgValue>
</bind>
</comp>

<comp id="80" class="1001" name="const_80">
<pin_list>
<pin id="81" dir="1" index="0" bw="1" slack="0"/>
</pin_list>
<bind>
<StgValue><ssdm name=""/></StgValue>
</bind>
</comp>

<comp id="82" class="1001" name="const_82">
<pin_list>
<pin id="83" dir="1" index="0" bw="1" slack="0"/>
</pin_list>
<bind>
<StgValue><ssdm name=""/></StgValue>
</bind>
</comp>

<comp id="84" class="1001" name="const_84">
<pin_list>
<pin id="85" dir="1" index="0" bw="1" slack="0"/>
</pin_list>
<bind>
<StgValue><ssdm name=""/></StgValue>
</bind>
</comp>

<comp id="86" class="1001" name="const_86">
<pin_list>
<pin id="87" dir="1" index="0" bw="1" slack="0"/>
</pin_list>
<bind>
<StgValue><ssdm name=""/></StgValue>
</bind>
</comp>

<comp id="88" class="1001" name="const_88">
<pin_list>
<pin id="89" dir="1" index="0" bw="1" slack="0"/>
</pin_list>
<bind>
<StgValue><ssdm name=""/></StgValue>
</bind>
</comp>

<comp id="90" class="1001" name="const_90">
<pin_list>
<pin id="91" dir="1" index="0" bw="1" slack="0"/>
</pin_list>
<bind>
<StgValue><ssdm name=""/></StgValue>
</bind>
</comp>

<comp id="92" class="1001" name="const_92">
<pin_list>
<pin id="93" dir="1" index="0" bw="1" slack="0"/>
</pin_list>
<bind>
<StgValue><ssdm name=""/></StgValue>
</bind>
</comp>

<comp id="94" class="1001" name="const_94">
<pin_list>
<pin id="95" dir="1" index="0" bw="1" slack="2147483647"/>
</pin_list>
<bind>
<StgValue><ssdm name="_ssdm_op_SpecPipeline"/></StgValue>
</bind>
</comp>

<comp id="96" class="1001" name="const_96">
<pin_list>
<pin id="97" dir="1" index="0" bw="1" slack="2147483647"/>
</pin_list>
<bind>
<StgValue><ssdm name="_ssdm_op_SpecLoopTripCount"/></StgValue>
</bind>
</comp>

<comp id="98" class="1001" name="const_98">
<pin_list>
<pin id="99" dir="1" index="0" bw="1" slack="2147483647"/>
</pin_list>
<bind>
<StgValue><ssdm name="_ssdm_op_SpecLoopName"/></StgValue>
</bind>
</comp>

<comp id="100" class="1001" name="const_100">
<pin_list>
<pin id="101" dir="1" index="0" bw="1" slack="2147483647"/>
</pin_list>
<bind>
<StgValue><ssdm name="empty_5"/></StgValue>
</bind>
</comp>

<comp id="102" class="1001" name="const_102">
<pin_list>
<pin id="103" dir="1" index="0" bw="1" slack="0"/>
</pin_list>
<bind>
<StgValue><ssdm name="_ssdm_op_BitConcatenate.i500.i20.i32.i32.i32.i32.i32.i32.i32.i32.i32.i32.i32.i32.i32.i32.i32"/></StgValue>
</bind>
</comp>

<comp id="104" class="1001" name="const_104">
<pin_list>
<pin id="105" dir="1" index="0" bw="1" slack="0"/>
</pin_list>
<bind>
<StgValue><ssdm name="_ssdm_op_Write.m_axi.p1i512"/></StgValue>
</bind>
</comp>

<comp id="106" class="1001" name="const_106">
<pin_list>
<pin id="107" dir="1" index="0" bw="1" slack="0"/>
</pin_list>
<bind>
<StgValue><ssdm name=""/></StgValue>
</bind>
</comp>

<comp id="108" class="1001" name="const_108">
<pin_list>
<pin id="109" dir="1" index="0" bw="1" slack="0"/>
</pin_list>
<bind>
<StgValue><ssdm name="_ssdm_op_WriteResp.m_axi.p1i512"/></StgValue>
</bind>
</comp>

<comp id="110" class="1004" name="i1_fu_110">
<pin_list>
<pin id="111" dir="0" index="0" bw="1" slack="0"/>
<pin id="112" dir="1" index="1" bw="12" slack="0"/>
</pin_list>
<bind>
<opcode="alloca(26) " fcode="alloca"/>
<opset="i1/1 "/>
</bind>
</comp>

<comp id="114" class="1004" name="sext_ln3462_fu_114">
<pin_list>
<pin id="115" dir="0" index="0" bw="1" slack="0"/>
<pin id="116" dir="1" index="1" bw="64" slack="2"/>
</pin_list>
<bind>
<opcode="alloca(26) " fcode="alloca"/>
<opset="sext_ln3462/1 "/>
</bind>
</comp>

<comp id="118" class="1004" name="out_1_read_fu_118">
<pin_list>
<pin id="119" dir="0" index="0" bw="64" slack="0"/>
<pin id="120" dir="0" index="1" bw="64" slack="0"/>
<pin id="121" dir="1" index="2" bw="64" slack="0"/>
</pin_list>
<bind>
<opcode="read(1150) " fcode="read"/>
<opset="out_1/2 "/>
</bind>
</comp>

<comp id="124" class="1004" name="vec_read_fu_124">
<pin_list>
<pin id="125" dir="0" index="0" bw="512" slack="0"/>
<pin id="126" dir="0" index="1" bw="512" slack="0"/>
<pin id="127" dir="1" index="2" bw="512" slack="0"/>
</pin_list>
<bind>
<opcode="read(1150) " fcode="read"/>
<opset="vec/3 "/>
</bind>
</comp>

<comp id="130" class="1004" name="empty_writereq_fu_130">
<pin_list>
<pin id="131" dir="0" index="0" bw="1" slack="0"/>
<pin id="132" dir="0" index="1" bw="512" slack="0"/>
<pin id="133" dir="0" index="2" bw="14" slack="0"/>
<pin id="134" dir="1" index="3" bw="1" slack="2147483647"/>
</pin_list>
<bind>
<opcode="writereq(1155) " fcode="writereq"/>
<opset="empty/3 "/>
</bind>
</comp>

<comp id="137" class="1004" name="write_ln364_write_fu_137">
<pin_list>
<pin id="138" dir="0" index="0" bw="0" slack="0"/>
<pin id="139" dir="0" index="1" bw="512" slack="0"/>
<pin id="140" dir="0" index="2" bw="500" slack="0"/>
<pin id="141" dir="0" index="3" bw="1" slack="0"/>
<pin id="142" dir="1" index="4" bw="0" slack="2147483647"/>
</pin_list>
<bind>
<opcode="write(1151) " fcode="write"/>
<opset="write_ln364/4 "/>
</bind>
</comp>

<comp id="145" class="1004" name="grp_writeresp_fu_145">
<pin_list>
<pin id="146" dir="0" index="0" bw="1" slack="0"/>
<pin id="147" dir="0" index="1" bw="512" slack="1"/>
<pin id="148" dir="1" index="2" bw="1" slack="2147483647"/>
</pin_list>
<bind>
<opcode="writeresp(1158) " fcode="writeresp"/>
<opset="empty_48/5 "/>
</bind>
</comp>

<comp id="150" class="1005" name="first_iter_0_reg_150">
<pin_list>
<pin id="151" dir="0" index="0" bw="1" slack="1"/>
<pin id="152" dir="1" index="1" bw="1" slack="2147483647"/>
</pin_list>
<bind>
<opset="first_iter_0 (phireg) "/>
</bind>
</comp>

<comp id="153" class="1004" name="first_iter_0_phi_fu_153">
<pin_list>
<pin id="154" dir="0" index="0" bw="1" slack="0"/>
<pin id="155" dir="0" index="1" bw="0" slack="2147483647"/>
<pin id="156" dir="0" index="2" bw="1" slack="0"/>
<pin id="157" dir="0" index="3" bw="0" slack="2147483647"/>
<pin id="158" dir="1" index="4" bw="1" slack="1"/>
</pin_list>
<bind>
<opcode="phi(47) " fcode="phi"/>
<opset="first_iter_0/1 "/>
</bind>
</comp>

<comp id="162" class="1004" name="store_ln0_store_fu_162">
<pin_list>
<pin id="163" dir="0" index="0" bw="1" slack="0"/>
<pin id="164" dir="0" index="1" bw="12" slack="0"/>
<pin id="165" dir="1" index="2" bw="0" slack="2147483647"/>
</pin_list>
<bind>
<opcode="store(28) " fcode="store"/>
<opset="store_ln0/1 "/>
</bind>
</comp>

<comp id="167" class="1004" name="i1_load_load_fu_167">
<pin_list>
<pin id="168" dir="0" index="0" bw="12" slack="0"/>
<pin id="169" dir="1" index="1" bw="12" slack="0"/>
</pin_list>
<bind>
<opcode="load(27) " fcode="load"/>
<opset="i1_load/1 "/>
</bind>
</comp>

<comp id="170" class="1004" name="i_fu_170">
<pin_list>
<pin id="171" dir="0" index="0" bw="12" slack="0"/>
<pin id="172" dir="0" index="1" bw="1" slack="0"/>
<pin id="173" dir="1" index="2" bw="12" slack="0"/>
</pin_list>
<bind>
<opcode="add(8) " fcode="add"/>
<opset="i/1 "/>
</bind>
</comp>

<comp id="176" class="1004" name="icmp_ln346_fu_176">
<pin_list>
<pin id="177" dir="0" index="0" bw="12" slack="0"/>
<pin id="178" dir="0" index="1" bw="1" slack="0"/>
<pin id="179" dir="1" index="2" bw="1" slack="1"/>
</pin_list>
<bind>
<opcode="icmp(45) " fcode="icmp"/>
<opset="icmp_ln346/1 "/>
</bind>
</comp>

<comp id="182" class="1004" name="store_ln346_store_fu_182">
<pin_list>
<pin id="183" dir="0" index="0" bw="12" slack="0"/>
<pin id="184" dir="0" index="1" bw="12" slack="0"/>
<pin id="185" dir="1" index="2" bw="0" slack="2147483647"/>
</pin_list>
<bind>
<opcode="store(28) " fcode="store"/>
<opset="store_ln346/1 "/>
</bind>
</comp>

<comp id="187" class="1004" name="trunc_ln_fu_187">
<pin_list>
<pin id="188" dir="0" index="0" bw="58" slack="0"/>
<pin id="189" dir="0" index="1" bw="64" slack="0"/>
<pin id="190" dir="0" index="2" bw="4" slack="0"/>
<pin id="191" dir="0" index="3" bw="7" slack="0"/>
<pin id="192" dir="1" index="4" bw="58" slack="1"/>
</pin_list>
<bind>
<opcode="partselect(1002) " fcode="partselect"/>
<opset="trunc_ln/2 "/>
</bind>
</comp>

<comp id="197" class="1004" name="sext_ln346_fu_197">
<pin_list>
<pin id="198" dir="0" index="0" bw="58" slack="1"/>
<pin id="199" dir="1" index="1" bw="64" slack="0"/>
</pin_list>
<bind>
<opcode="sext(35) " fcode="sext"/>
<opset="sext_ln346/3 "/>
</bind>
</comp>

<comp id="200" class="1004" name="gmem1_addr_fu_200">
<pin_list>
<pin id="201" dir="0" index="0" bw="512" slack="0"/>
<pin id="202" dir="0" index="1" bw="58" slack="0"/>
<pin id="203" dir="1" index="2" bw="512" slack="0"/>
</pin_list>
<bind>
<opcode="getelementptr(29) " fcode="getelementptr"/>
<opset="gmem1_addr/3 "/>
</bind>
</comp>

<comp id="207" class="1004" name="store_ln346_store_fu_207">
<pin_list>
<pin id="208" dir="0" index="0" bw="58" slack="0"/>
<pin id="209" dir="0" index="1" bw="64" slack="2"/>
<pin id="210" dir="1" index="2" bw="0" slack="2147483647"/>
</pin_list>
<bind>
<opcode="store(28) " fcode="store"/>
<opset="store_ln346/3 "/>
</bind>
</comp>

<comp id="212" class="1004" name="raw_fu_212">
<pin_list>
<pin id="213" dir="0" index="0" bw="512" slack="0"/>
<pin id="214" dir="1" index="1" bw="20" slack="1"/>
</pin_list>
<bind>
<opcode="trunc(33) " fcode="trunc"/>
<opset="raw/3 "/>
</bind>
</comp>

<comp id="216" class="1004" name="raw_1_fu_216">
<pin_list>
<pin id="217" dir="0" index="0" bw="20" slack="0"/>
<pin id="218" dir="0" index="1" bw="512" slack="0"/>
<pin id="219" dir="0" index="2" bw="7" slack="0"/>
<pin id="220" dir="1" index="3" bw="20" slack="1"/>
</pin_list>
<bind>
<opcode="partselect(1002) " fcode="partselect"/>
<opset="raw_1/3 "/>
</bind>
</comp>

<comp id="224" class="1004" name="raw_2_fu_224">
<pin_list>
<pin id="225" dir="0" index="0" bw="20" slack="0"/>
<pin id="226" dir="0" index="1" bw="512" slack="0"/>
<pin id="227" dir="0" index="2" bw="8" slack="0"/>
<pin id="228" dir="1" index="3" bw="20" slack="1"/>
</pin_list>
<bind>
<opcode="partselect(1002) " fcode="partselect"/>
<opset="raw_2/3 "/>
</bind>
</comp>

<comp id="232" class="1004" name="raw_3_fu_232">
<pin_list>
<pin id="233" dir="0" index="0" bw="20" slack="0"/>
<pin id="234" dir="0" index="1" bw="512" slack="0"/>
<pin id="235" dir="0" index="2" bw="8" slack="0"/>
<pin id="236" dir="1" index="3" bw="20" slack="1"/>
</pin_list>
<bind>
<opcode="partselect(1002) " fcode="partselect"/>
<opset="raw_3/3 "/>
</bind>
</comp>

<comp id="240" class="1004" name="raw_4_fu_240">
<pin_list>
<pin id="241" dir="0" index="0" bw="20" slack="0"/>
<pin id="242" dir="0" index="1" bw="512" slack="0"/>
<pin id="243" dir="0" index="2" bw="9" slack="0"/>
<pin id="244" dir="1" index="3" bw="20" slack="1"/>
</pin_list>
<bind>
<opcode="partselect(1002) " fcode="partselect"/>
<opset="raw_4/3 "/>
</bind>
</comp>

<comp id="248" class="1004" name="raw_5_fu_248">
<pin_list>
<pin id="249" dir="0" index="0" bw="20" slack="0"/>
<pin id="250" dir="0" index="1" bw="512" slack="0"/>
<pin id="251" dir="0" index="2" bw="9" slack="0"/>
<pin id="252" dir="1" index="3" bw="20" slack="1"/>
</pin_list>
<bind>
<opcode="partselect(1002) " fcode="partselect"/>
<opset="raw_5/3 "/>
</bind>
</comp>

<comp id="256" class="1004" name="raw_6_fu_256">
<pin_list>
<pin id="257" dir="0" index="0" bw="20" slack="0"/>
<pin id="258" dir="0" index="1" bw="512" slack="0"/>
<pin id="259" dir="0" index="2" bw="9" slack="0"/>
<pin id="260" dir="1" index="3" bw="20" slack="1"/>
</pin_list>
<bind>
<opcode="partselect(1002) " fcode="partselect"/>
<opset="raw_6/3 "/>
</bind>
</comp>

<comp id="264" class="1004" name="raw_7_fu_264">
<pin_list>
<pin id="265" dir="0" index="0" bw="20" slack="0"/>
<pin id="266" dir="0" index="1" bw="512" slack="0"/>
<pin id="267" dir="0" index="2" bw="9" slack="0"/>
<pin id="268" dir="1" index="3" bw="20" slack="1"/>
</pin_list>
<bind>
<opcode="partselect(1002) " fcode="partselect"/>
<opset="raw_7/3 "/>
</bind>
</comp>

<comp id="272" class="1004" name="raw_8_fu_272">
<pin_list>
<pin id="273" dir="0" index="0" bw="20" slack="0"/>
<pin id="274" dir="0" index="1" bw="512" slack="0"/>
<pin id="275" dir="0" index="2" bw="10" slack="0"/>
<pin id="276" dir="1" index="3" bw="20" slack="1"/>
</pin_list>
<bind>
<opcode="partselect(1002) " fcode="partselect"/>
<opset="raw_8/3 "/>
</bind>
</comp>

<comp id="280" class="1004" name="raw_9_fu_280">
<pin_list>
<pin id="281" dir="0" index="0" bw="20" slack="0"/>
<pin id="282" dir="0" index="1" bw="512" slack="0"/>
<pin id="283" dir="0" index="2" bw="10" slack="0"/>
<pin id="284" dir="1" index="3" bw="20" slack="1"/>
</pin_list>
<bind>
<opcode="partselect(1002) " fcode="partselect"/>
<opset="raw_9/3 "/>
</bind>
</comp>

<comp id="288" class="1004" name="raw_14_fu_288">
<pin_list>
<pin id="289" dir="0" index="0" bw="20" slack="0"/>
<pin id="290" dir="0" index="1" bw="512" slack="0"/>
<pin id="291" dir="0" index="2" bw="10" slack="0"/>
<pin id="292" dir="1" index="3" bw="20" slack="1"/>
</pin_list>
<bind>
<opcode="partselect(1002) " fcode="partselect"/>
<opset="raw_14/3 "/>
</bind>
</comp>

<comp id="296" class="1004" name="raw_10_fu_296">
<pin_list>
<pin id="297" dir="0" index="0" bw="20" slack="0"/>
<pin id="298" dir="0" index="1" bw="512" slack="0"/>
<pin id="299" dir="0" index="2" bw="10" slack="0"/>
<pin id="300" dir="1" index="3" bw="20" slack="1"/>
</pin_list>
<bind>
<opcode="partselect(1002) " fcode="partselect"/>
<opset="raw_10/3 "/>
</bind>
</comp>

<comp id="304" class="1004" name="raw_11_fu_304">
<pin_list>
<pin id="305" dir="0" index="0" bw="20" slack="0"/>
<pin id="306" dir="0" index="1" bw="512" slack="0"/>
<pin id="307" dir="0" index="2" bw="10" slack="0"/>
<pin id="308" dir="1" index="3" bw="20" slack="1"/>
</pin_list>
<bind>
<opcode="partselect(1002) " fcode="partselect"/>
<opset="raw_11/3 "/>
</bind>
</comp>

<comp id="312" class="1004" name="raw_12_fu_312">
<pin_list>
<pin id="313" dir="0" index="0" bw="20" slack="0"/>
<pin id="314" dir="0" index="1" bw="512" slack="0"/>
<pin id="315" dir="0" index="2" bw="10" slack="0"/>
<pin id="316" dir="1" index="3" bw="20" slack="1"/>
</pin_list>
<bind>
<opcode="partselect(1002) " fcode="partselect"/>
<opset="raw_12/3 "/>
</bind>
</comp>

<comp id="320" class="1004" name="raw_13_fu_320">
<pin_list>
<pin id="321" dir="0" index="0" bw="20" slack="0"/>
<pin id="322" dir="0" index="1" bw="512" slack="0"/>
<pin id="323" dir="0" index="2" bw="10" slack="0"/>
<pin id="324" dir="1" index="3" bw="20" slack="1"/>
</pin_list>
<bind>
<opcode="partselect(1002) " fcode="partselect"/>
<opset="raw_13/3 "/>
</bind>
</comp>

<comp id="328" class="1004" name="tmp_13_i_fu_328">
<pin_list>
<pin id="329" dir="0" index="0" bw="20" slack="0"/>
<pin id="330" dir="0" index="1" bw="512" slack="0"/>
<pin id="331" dir="0" index="2" bw="10" slack="0"/>
<pin id="332" dir="1" index="3" bw="20" slack="1"/>
</pin_list>
<bind>
<opcode="partselect(1002) " fcode="partselect"/>
<opset="tmp_13_i/3 "/>
</bind>
</comp>

<comp id="336" class="1004" name="sext_ln3462_load_load_fu_336">
<pin_list>
<pin id="337" dir="0" index="0" bw="64" slack="3"/>
<pin id="338" dir="1" index="1" bw="64" slack="0"/>
</pin_list>
<bind>
<opcode="load(27) " fcode="load"/>
<opset="sext_ln3462_load/4 "/>
</bind>
</comp>

<comp id="339" class="1004" name="zext_ln358_fu_339">
<pin_list>
<pin id="340" dir="0" index="0" bw="20" slack="1"/>
<pin id="341" dir="1" index="1" bw="32" slack="0"/>
</pin_list>
<bind>
<opcode="zext(34) " fcode="zext"/>
<opset="zext_ln358/4 "/>
</bind>
</comp>

<comp id="342" class="1004" name="zext_ln358_1_fu_342">
<pin_list>
<pin id="343" dir="0" index="0" bw="20" slack="1"/>
<pin id="344" dir="1" index="1" bw="32" slack="0"/>
</pin_list>
<bind>
<opcode="zext(34) " fcode="zext"/>
<opset="zext_ln358_1/4 "/>
</bind>
</comp>

<comp id="345" class="1004" name="zext_ln358_2_fu_345">
<pin_list>
<pin id="346" dir="0" index="0" bw="20" slack="1"/>
<pin id="347" dir="1" index="1" bw="32" slack="0"/>
</pin_list>
<bind>
<opcode="zext(34) " fcode="zext"/>
<opset="zext_ln358_2/4 "/>
</bind>
</comp>

<comp id="348" class="1004" name="zext_ln358_3_fu_348">
<pin_list>
<pin id="349" dir="0" index="0" bw="20" slack="1"/>
<pin id="350" dir="1" index="1" bw="32" slack="0"/>
</pin_list>
<bind>
<opcode="zext(34) " fcode="zext"/>
<opset="zext_ln358_3/4 "/>
</bind>
</comp>

<comp id="351" class="1004" name="zext_ln358_4_fu_351">
<pin_list>
<pin id="352" dir="0" index="0" bw="20" slack="1"/>
<pin id="353" dir="1" index="1" bw="32" slack="0"/>
</pin_list>
<bind>
<opcode="zext(34) " fcode="zext"/>
<opset="zext_ln358_4/4 "/>
</bind>
</comp>

<comp id="354" class="1004" name="zext_ln358_5_fu_354">
<pin_list>
<pin id="355" dir="0" index="0" bw="20" slack="1"/>
<pin id="356" dir="1" index="1" bw="32" slack="0"/>
</pin_list>
<bind>
<opcode="zext(34) " fcode="zext"/>
<opset="zext_ln358_5/4 "/>
</bind>
</comp>

<comp id="357" class="1004" name="zext_ln358_6_fu_357">
<pin_list>
<pin id="358" dir="0" index="0" bw="20" slack="1"/>
<pin id="359" dir="1" index="1" bw="32" slack="0"/>
</pin_list>
<bind>
<opcode="zext(34) " fcode="zext"/>
<opset="zext_ln358_6/4 "/>
</bind>
</comp>

<comp id="360" class="1004" name="zext_ln358_7_fu_360">
<pin_list>
<pin id="361" dir="0" index="0" bw="20" slack="1"/>
<pin id="362" dir="1" index="1" bw="32" slack="0"/>
</pin_list>
<bind>
<opcode="zext(34) " fcode="zext"/>
<opset="zext_ln358_7/4 "/>
</bind>
</comp>

<comp id="363" class="1004" name="zext_ln358_8_fu_363">
<pin_list>
<pin id="364" dir="0" index="0" bw="20" slack="1"/>
<pin id="365" dir="1" index="1" bw="32" slack="0"/>
</pin_list>
<bind>
<opcode="zext(34) " fcode="zext"/>
<opset="zext_ln358_8/4 "/>
</bind>
</comp>

<comp id="366" class="1004" name="zext_ln358_9_fu_366">
<pin_list>
<pin id="367" dir="0" index="0" bw="20" slack="1"/>
<pin id="368" dir="1" index="1" bw="32" slack="0"/>
</pin_list>
<bind>
<opcode="zext(34) " fcode="zext"/>
<opset="zext_ln358_9/4 "/>
</bind>
</comp>

<comp id="369" class="1004" name="zext_ln358_10_fu_369">
<pin_list>
<pin id="370" dir="0" index="0" bw="20" slack="1"/>
<pin id="371" dir="1" index="1" bw="32" slack="0"/>
</pin_list>
<bind>
<opcode="zext(34) " fcode="zext"/>
<opset="zext_ln358_10/4 "/>
</bind>
</comp>

<comp id="372" class="1004" name="zext_ln358_11_fu_372">
<pin_list>
<pin id="373" dir="0" index="0" bw="20" slack="1"/>
<pin id="374" dir="1" index="1" bw="32" slack="0"/>
</pin_list>
<bind>
<opcode="zext(34) " fcode="zext"/>
<opset="zext_ln358_11/4 "/>
</bind>
</comp>

<comp id="375" class="1004" name="zext_ln358_12_fu_375">
<pin_list>
<pin id="376" dir="0" index="0" bw="20" slack="1"/>
<pin id="377" dir="1" index="1" bw="32" slack="0"/>
</pin_list>
<bind>
<opcode="zext(34) " fcode="zext"/>
<opset="zext_ln358_12/4 "/>
</bind>
</comp>

<comp id="378" class="1004" name="zext_ln358_13_fu_378">
<pin_list>
<pin id="379" dir="0" index="0" bw="20" slack="1"/>
<pin id="380" dir="1" index="1" bw="32" slack="0"/>
</pin_list>
<bind>
<opcode="zext(34) " fcode="zext"/>
<opset="zext_ln358_13/4 "/>
</bind>
</comp>

<comp id="381" class="1004" name="zext_ln358_14_fu_381">
<pin_list>
<pin id="382" dir="0" index="0" bw="20" slack="1"/>
<pin id="383" dir="1" index="1" bw="32" slack="0"/>
</pin_list>
<bind>
<opcode="zext(34) " fcode="zext"/>
<opset="zext_ln358_14/4 "/>
</bind>
</comp>

<comp id="384" class="1004" name="chunk_fu_384">
<pin_list>
<pin id="385" dir="0" index="0" bw="500" slack="0"/>
<pin id="386" dir="0" index="1" bw="20" slack="1"/>
<pin id="387" dir="0" index="2" bw="20" slack="0"/>
<pin id="388" dir="0" index="3" bw="20" slack="0"/>
<pin id="389" dir="0" index="4" bw="20" slack="0"/>
<pin id="390" dir="0" index="5" bw="20" slack="0"/>
<pin id="391" dir="0" index="6" bw="20" slack="0"/>
<pin id="392" dir="0" index="7" bw="20" slack="0"/>
<pin id="393" dir="0" index="8" bw="20" slack="0"/>
<pin id="394" dir="0" index="9" bw="20" slack="0"/>
<pin id="395" dir="0" index="10" bw="20" slack="0"/>
<pin id="396" dir="0" index="11" bw="20" slack="0"/>
<pin id="397" dir="0" index="12" bw="20" slack="0"/>
<pin id="398" dir="0" index="13" bw="20" slack="0"/>
<pin id="399" dir="0" index="14" bw="20" slack="0"/>
<pin id="400" dir="0" index="15" bw="20" slack="0"/>
<pin id="401" dir="0" index="16" bw="20" slack="0"/>
<pin id="402" dir="1" index="17" bw="500" slack="0"/>
</pin_list>
<bind>
<opcode="bitconcatenate(1004) " fcode="bitconcatenate"/>
<opset="chunk/4 "/>
</bind>
</comp>

<comp id="419" class="1004" name="zext_ln359_fu_419">
<pin_list>
<pin id="420" dir="0" index="0" bw="500" slack="0"/>
<pin id="421" dir="1" index="1" bw="512" slack="0"/>
</pin_list>
<bind>
<opcode="zext(34) " fcode="zext"/>
<opset="zext_ln359/4 "/>
</bind>
</comp>

<comp id="424" class="1004" name="gmem1_addr_1_fu_424">
<pin_list>
<pin id="425" dir="0" index="0" bw="512" slack="0"/>
<pin id="426" dir="0" index="1" bw="64" slack="0"/>
<pin id="427" dir="1" index="2" bw="512" slack="0"/>
</pin_list>
<bind>
<opcode="getelementptr(29) " fcode="getelementptr"/>
<opset="gmem1_addr_1/4 "/>
</bind>
</comp>

<comp id="431" class="1005" name="i1_reg_431">
<pin_list>
<pin id="432" dir="0" index="0" bw="12" slack="0"/>
<pin id="433" dir="1" index="1" bw="12" slack="0"/>
</pin_list>
<bind>
<opset="i1 "/>
</bind>
</comp>

<comp id="438" class="1005" name="sext_ln3462_reg_438">
<pin_list>
<pin id="439" dir="0" index="0" bw="64" slack="2"/>
<pin id="440" dir="1" index="1" bw="64" slack="2"/>
</pin_list>
<bind>
<opset="sext_ln3462 "/>
</bind>
</comp>

<comp id="444" class="1005" name="icmp_ln346_reg_444">
<pin_list>
<pin id="445" dir="0" index="0" bw="1" slack="1"/>
<pin id="446" dir="1" index="1" bw="1" slack="2147483647"/>
</pin_list>
<bind>
<opset="icmp_ln346 "/>
</bind>
</comp>

<comp id="448" class="1005" name="trunc_ln_reg_448">
<pin_list>
<pin id="449" dir="0" index="0" bw="58" slack="1"/>
<pin id="450" dir="1" index="1" bw="58" slack="1"/>
</pin_list>
<bind>
<opset="trunc_ln "/>
</bind>
</comp>

<comp id="453" class="1005" name="raw_reg_453">
<pin_list>
<pin id="454" dir="0" index="0" bw="20" slack="1"/>
<pin id="455" dir="1" index="1" bw="20" slack="1"/>
</pin_list>
<bind>
<opset="raw "/>
</bind>
</comp>

<comp id="458" class="1005" name="raw_1_reg_458">
<pin_list>
<pin id="459" dir="0" index="0" bw="20" slack="1"/>
<pin id="460" dir="1" index="1" bw="20" slack="1"/>
</pin_list>
<bind>
<opset="raw_1 "/>
</bind>
</comp>

<comp id="463" class="1005" name="raw_2_reg_463">
<pin_list>
<pin id="464" dir="0" index="0" bw="20" slack="1"/>
<pin id="465" dir="1" index="1" bw="20" slack="1"/>
</pin_list>
<bind>
<opset="raw_2 "/>
</bind>
</comp>

<comp id="468" class="1005" name="raw_3_reg_468">
<pin_list>
<pin id="469" dir="0" index="0" bw="20" slack="1"/>
<pin id="470" dir="1" index="1" bw="20" slack="1"/>
</pin_list>
<bind>
<opset="raw_3 "/>
</bind>
</comp>

<comp id="473" class="1005" name="raw_4_reg_473">
<pin_list>
<pin id="474" dir="0" index="0" bw="20" slack="1"/>
<pin id="475" dir="1" index="1" bw="20" slack="1"/>
</pin_list>
<bind>
<opset="raw_4 "/>
</bind>
</comp>

<comp id="478" class="1005" name="raw_5_reg_478">
<pin_list>
<pin id="479" dir="0" index="0" bw="20" slack="1"/>
<pin id="480" dir="1" index="1" bw="20" slack="1"/>
</pin_list>
<bind>
<opset="raw_5 "/>
</bind>
</comp>

<comp id="483" class="1005" name="raw_6_reg_483">
<pin_list>
<pin id="484" dir="0" index="0" bw="20" slack="1"/>
<pin id="485" dir="1" index="1" bw="20" slack="1"/>
</pin_list>
<bind>
<opset="raw_6 "/>
</bind>
</comp>

<comp id="488" class="1005" name="raw_7_reg_488">
<pin_list>
<pin id="489" dir="0" index="0" bw="20" slack="1"/>
<pin id="490" dir="1" index="1" bw="20" slack="1"/>
</pin_list>
<bind>
<opset="raw_7 "/>
</bind>
</comp>

<comp id="493" class="1005" name="raw_8_reg_493">
<pin_list>
<pin id="494" dir="0" index="0" bw="20" slack="1"/>
<pin id="495" dir="1" index="1" bw="20" slack="1"/>
</pin_list>
<bind>
<opset="raw_8 "/>
</bind>
</comp>

<comp id="498" class="1005" name="raw_9_reg_498">
<pin_list>
<pin id="499" dir="0" index="0" bw="20" slack="1"/>
<pin id="500" dir="1" index="1" bw="20" slack="1"/>
</pin_list>
<bind>
<opset="raw_9 "/>
</bind>
</comp>

<comp id="503" class="1005" name="raw_14_reg_503">
<pin_list>
<pin id="504" dir="0" index="0" bw="20" slack="1"/>
<pin id="505" dir="1" index="1" bw="20" slack="1"/>
</pin_list>
<bind>
<opset="raw_14 "/>
</bind>
</comp>

<comp id="508" class="1005" name="raw_10_reg_508">
<pin_list>
<pin id="509" dir="0" index="0" bw="20" slack="1"/>
<pin id="510" dir="1" index="1" bw="20" slack="1"/>
</pin_list>
<bind>
<opset="raw_10 "/>
</bind>
</comp>

<comp id="513" class="1005" name="raw_11_reg_513">
<pin_list>
<pin id="514" dir="0" index="0" bw="20" slack="1"/>
<pin id="515" dir="1" index="1" bw="20" slack="1"/>
</pin_list>
<bind>
<opset="raw_11 "/>
</bind>
</comp>

<comp id="518" class="1005" name="raw_12_reg_518">
<pin_list>
<pin id="519" dir="0" index="0" bw="20" slack="1"/>
<pin id="520" dir="1" index="1" bw="20" slack="1"/>
</pin_list>
<bind>
<opset="raw_12 "/>
</bind>
</comp>

<comp id="523" class="1005" name="raw_13_reg_523">
<pin_list>
<pin id="524" dir="0" index="0" bw="20" slack="1"/>
<pin id="525" dir="1" index="1" bw="20" slack="1"/>
</pin_list>
<bind>
<opset="raw_13 "/>
</bind>
</comp>

<comp id="528" class="1005" name="tmp_13_i_reg_528">
<pin_list>
<pin id="529" dir="0" index="0" bw="20" slack="1"/>
<pin id="530" dir="1" index="1" bw="20" slack="1"/>
</pin_list>
<bind>
<opset="tmp_13_i "/>
</bind>
</comp>

<comp id="533" class="1005" name="gmem1_addr_1_reg_533">
<pin_list>
<pin id="534" dir="0" index="0" bw="512" slack="1"/>
<pin id="535" dir="1" index="1" bw="512" slack="1"/>
</pin_list>
<bind>
<opset="gmem1_addr_1 "/>
</bind>
</comp>

</comp_list>

<net_list>
<net id="113"><net_src comp="6" pin="0"/><net_sink comp="110" pin=0"/></net>

<net id="117"><net_src comp="6" pin="0"/><net_sink comp="114" pin=0"/></net>

<net id="122"><net_src comp="48" pin="0"/><net_sink comp="118" pin=0"/></net>

<net id="123"><net_src comp="2" pin="0"/><net_sink comp="118" pin=1"/></net>

<net id="128"><net_src comp="60" pin="0"/><net_sink comp="124" pin=0"/></net>

<net id="129"><net_src comp="4" pin="0"/><net_sink comp="124" pin=1"/></net>

<net id="135"><net_src comp="56" pin="0"/><net_sink comp="130" pin=0"/></net>

<net id="136"><net_src comp="58" pin="0"/><net_sink comp="130" pin=2"/></net>

<net id="143"><net_src comp="104" pin="0"/><net_sink comp="137" pin=0"/></net>

<net id="144"><net_src comp="106" pin="0"/><net_sink comp="137" pin=3"/></net>

<net id="149"><net_src comp="108" pin="0"/><net_sink comp="145" pin=0"/></net>

<net id="159"><net_src comp="40" pin="0"/><net_sink comp="153" pin=0"/></net>

<net id="160"><net_src comp="42" pin="0"/><net_sink comp="153" pin=2"/></net>

<net id="161"><net_src comp="153" pin="4"/><net_sink comp="150" pin=0"/></net>

<net id="166"><net_src comp="38" pin="0"/><net_sink comp="162" pin=0"/></net>

<net id="174"><net_src comp="167" pin="1"/><net_sink comp="170" pin=0"/></net>

<net id="175"><net_src comp="44" pin="0"/><net_sink comp="170" pin=1"/></net>

<net id="180"><net_src comp="167" pin="1"/><net_sink comp="176" pin=0"/></net>

<net id="181"><net_src comp="46" pin="0"/><net_sink comp="176" pin=1"/></net>

<net id="186"><net_src comp="170" pin="2"/><net_sink comp="182" pin=0"/></net>

<net id="193"><net_src comp="50" pin="0"/><net_sink comp="187" pin=0"/></net>

<net id="194"><net_src comp="118" pin="2"/><net_sink comp="187" pin=1"/></net>

<net id="195"><net_src comp="52" pin="0"/><net_sink comp="187" pin=2"/></net>

<net id="196"><net_src comp="54" pin="0"/><net_sink comp="187" pin=3"/></net>

<net id="204"><net_src comp="0" pin="0"/><net_sink comp="200" pin=0"/></net>

<net id="205"><net_src comp="197" pin="1"/><net_sink comp="200" pin=1"/></net>

<net id="206"><net_src comp="200" pin="2"/><net_sink comp="130" pin=1"/></net>

<net id="211"><net_src comp="197" pin="1"/><net_sink comp="207" pin=0"/></net>

<net id="215"><net_src comp="124" pin="2"/><net_sink comp="212" pin=0"/></net>

<net id="221"><net_src comp="62" pin="0"/><net_sink comp="216" pin=0"/></net>

<net id="222"><net_src comp="124" pin="2"/><net_sink comp="216" pin=1"/></net>

<net id="223"><net_src comp="64" pin="0"/><net_sink comp="216" pin=2"/></net>

<net id="229"><net_src comp="62" pin="0"/><net_sink comp="224" pin=0"/></net>

<net id="230"><net_src comp="124" pin="2"/><net_sink comp="224" pin=1"/></net>

<net id="231"><net_src comp="66" pin="0"/><net_sink comp="224" pin=2"/></net>

<net id="237"><net_src comp="62" pin="0"/><net_sink comp="232" pin=0"/></net>

<net id="238"><net_src comp="124" pin="2"/><net_sink comp="232" pin=1"/></net>

<net id="239"><net_src comp="68" pin="0"/><net_sink comp="232" pin=2"/></net>

<net id="245"><net_src comp="62" pin="0"/><net_sink comp="240" pin=0"/></net>

<net id="246"><net_src comp="124" pin="2"/><net_sink comp="240" pin=1"/></net>

<net id="247"><net_src comp="70" pin="0"/><net_sink comp="240" pin=2"/></net>

<net id="253"><net_src comp="62" pin="0"/><net_sink comp="248" pin=0"/></net>

<net id="254"><net_src comp="124" pin="2"/><net_sink comp="248" pin=1"/></net>

<net id="255"><net_src comp="72" pin="0"/><net_sink comp="248" pin=2"/></net>

<net id="261"><net_src comp="62" pin="0"/><net_sink comp="256" pin=0"/></net>

<net id="262"><net_src comp="124" pin="2"/><net_sink comp="256" pin=1"/></net>

<net id="263"><net_src comp="74" pin="0"/><net_sink comp="256" pin=2"/></net>

<net id="269"><net_src comp="62" pin="0"/><net_sink comp="264" pin=0"/></net>

<net id="270"><net_src comp="124" pin="2"/><net_sink comp="264" pin=1"/></net>

<net id="271"><net_src comp="76" pin="0"/><net_sink comp="264" pin=2"/></net>

<net id="277"><net_src comp="62" pin="0"/><net_sink comp="272" pin=0"/></net>

<net id="278"><net_src comp="124" pin="2"/><net_sink comp="272" pin=1"/></net>

<net id="279"><net_src comp="78" pin="0"/><net_sink comp="272" pin=2"/></net>

<net id="285"><net_src comp="62" pin="0"/><net_sink comp="280" pin=0"/></net>

<net id="286"><net_src comp="124" pin="2"/><net_sink comp="280" pin=1"/></net>

<net id="287"><net_src comp="80" pin="0"/><net_sink comp="280" pin=2"/></net>

<net id="293"><net_src comp="62" pin="0"/><net_sink comp="288" pin=0"/></net>

<net id="294"><net_src comp="124" pin="2"/><net_sink comp="288" pin=1"/></net>

<net id="295"><net_src comp="82" pin="0"/><net_sink comp="288" pin=2"/></net>

<net id="301"><net_src comp="62" pin="0"/><net_sink comp="296" pin=0"/></net>

<net id="302"><net_src comp="124" pin="2"/><net_sink comp="296" pin=1"/></net>

<net id="303"><net_src comp="84" pin="0"/><net_sink comp="296" pin=2"/></net>

<net id="309"><net_src comp="62" pin="0"/><net_sink comp="304" pin=0"/></net>

<net id="310"><net_src comp="124" pin="2"/><net_sink comp="304" pin=1"/></net>

<net id="311"><net_src comp="86" pin="0"/><net_sink comp="304" pin=2"/></net>

<net id="317"><net_src comp="62" pin="0"/><net_sink comp="312" pin=0"/></net>

<net id="318"><net_src comp="124" pin="2"/><net_sink comp="312" pin=1"/></net>

<net id="319"><net_src comp="88" pin="0"/><net_sink comp="312" pin=2"/></net>

<net id="325"><net_src comp="62" pin="0"/><net_sink comp="320" pin=0"/></net>

<net id="326"><net_src comp="124" pin="2"/><net_sink comp="320" pin=1"/></net>

<net id="327"><net_src comp="90" pin="0"/><net_sink comp="320" pin=2"/></net>

<net id="333"><net_src comp="62" pin="0"/><net_sink comp="328" pin=0"/></net>

<net id="334"><net_src comp="124" pin="2"/><net_sink comp="328" pin=1"/></net>

<net id="335"><net_src comp="92" pin="0"/><net_sink comp="328" pin=2"/></net>

<net id="403"><net_src comp="102" pin="0"/><net_sink comp="384" pin=0"/></net>

<net id="404"><net_src comp="381" pin="1"/><net_sink comp="384" pin=2"/></net>

<net id="405"><net_src comp="378" pin="1"/><net_sink comp="384" pin=3"/></net>

<net id="406"><net_src comp="375" pin="1"/><net_sink comp="384" pin=4"/></net>

<net id="407"><net_src comp="372" pin="1"/><net_sink comp="384" pin=5"/></net>

<net id="408"><net_src comp="369" pin="1"/><net_sink comp="384" pin=6"/></net>

<net id="409"><net_src comp="366" pin="1"/><net_sink comp="384" pin=7"/></net>

<net id="410"><net_src comp="363" pin="1"/><net_sink comp="384" pin=8"/></net>

<net id="411"><net_src comp="360" pin="1"/><net_sink comp="384" pin=9"/></net>

<net id="412"><net_src comp="357" pin="1"/><net_sink comp="384" pin=10"/></net>

<net id="413"><net_src comp="354" pin="1"/><net_sink comp="384" pin=11"/></net>

<net id="414"><net_src comp="351" pin="1"/><net_sink comp="384" pin=12"/></net>

<net id="415"><net_src comp="348" pin="1"/><net_sink comp="384" pin=13"/></net>

<net id="416"><net_src comp="345" pin="1"/><net_sink comp="384" pin=14"/></net>

<net id="417"><net_src comp="342" pin="1"/><net_sink comp="384" pin=15"/></net>

<net id="418"><net_src comp="339" pin="1"/><net_sink comp="384" pin=16"/></net>

<net id="422"><net_src comp="384" pin="17"/><net_sink comp="419" pin=0"/></net>

<net id="423"><net_src comp="419" pin="1"/><net_sink comp="137" pin=2"/></net>

<net id="428"><net_src comp="0" pin="0"/><net_sink comp="424" pin=0"/></net>

<net id="429"><net_src comp="336" pin="1"/><net_sink comp="424" pin=1"/></net>

<net id="430"><net_src comp="424" pin="2"/><net_sink comp="137" pin=1"/></net>

<net id="434"><net_src comp="110" pin="1"/><net_sink comp="431" pin=0"/></net>

<net id="435"><net_src comp="431" pin="1"/><net_sink comp="162" pin=1"/></net>

<net id="436"><net_src comp="431" pin="1"/><net_sink comp="167" pin=0"/></net>

<net id="437"><net_src comp="431" pin="1"/><net_sink comp="182" pin=1"/></net>

<net id="441"><net_src comp="114" pin="1"/><net_sink comp="438" pin=0"/></net>

<net id="442"><net_src comp="438" pin="1"/><net_sink comp="207" pin=1"/></net>

<net id="443"><net_src comp="438" pin="1"/><net_sink comp="336" pin=0"/></net>

<net id="447"><net_src comp="176" pin="2"/><net_sink comp="444" pin=0"/></net>

<net id="451"><net_src comp="187" pin="4"/><net_sink comp="448" pin=0"/></net>

<net id="452"><net_src comp="448" pin="1"/><net_sink comp="197" pin=0"/></net>

<net id="456"><net_src comp="212" pin="1"/><net_sink comp="453" pin=0"/></net>

<net id="457"><net_src comp="453" pin="1"/><net_sink comp="339" pin=0"/></net>

<net id="461"><net_src comp="216" pin="3"/><net_sink comp="458" pin=0"/></net>

<net id="462"><net_src comp="458" pin="1"/><net_sink comp="342" pin=0"/></net>

<net id="466"><net_src comp="224" pin="3"/><net_sink comp="463" pin=0"/></net>

<net id="467"><net_src comp="463" pin="1"/><net_sink comp="345" pin=0"/></net>

<net id="471"><net_src comp="232" pin="3"/><net_sink comp="468" pin=0"/></net>

<net id="472"><net_src comp="468" pin="1"/><net_sink comp="348" pin=0"/></net>

<net id="476"><net_src comp="240" pin="3"/><net_sink comp="473" pin=0"/></net>

<net id="477"><net_src comp="473" pin="1"/><net_sink comp="351" pin=0"/></net>

<net id="481"><net_src comp="248" pin="3"/><net_sink comp="478" pin=0"/></net>

<net id="482"><net_src comp="478" pin="1"/><net_sink comp="354" pin=0"/></net>

<net id="486"><net_src comp="256" pin="3"/><net_sink comp="483" pin=0"/></net>

<net id="487"><net_src comp="483" pin="1"/><net_sink comp="357" pin=0"/></net>

<net id="491"><net_src comp="264" pin="3"/><net_sink comp="488" pin=0"/></net>

<net id="492"><net_src comp="488" pin="1"/><net_sink comp="360" pin=0"/></net>

<net id="496"><net_src comp="272" pin="3"/><net_sink comp="493" pin=0"/></net>

<net id="497"><net_src comp="493" pin="1"/><net_sink comp="363" pin=0"/></net>

<net id="501"><net_src comp="280" pin="3"/><net_sink comp="498" pin=0"/></net>

<net id="502"><net_src comp="498" pin="1"/><net_sink comp="366" pin=0"/></net>

<net id="506"><net_src comp="288" pin="3"/><net_sink comp="503" pin=0"/></net>

<net id="507"><net_src comp="503" pin="1"/><net_sink comp="369" pin=0"/></net>

<net id="511"><net_src comp="296" pin="3"/><net_sink comp="508" pin=0"/></net>

<net id="512"><net_src comp="508" pin="1"/><net_sink comp="372" pin=0"/></net>

<net id="516"><net_src comp="304" pin="3"/><net_sink comp="513" pin=0"/></net>

<net id="517"><net_src comp="513" pin="1"/><net_sink comp="375" pin=0"/></net>

<net id="521"><net_src comp="312" pin="3"/><net_sink comp="518" pin=0"/></net>

<net id="522"><net_src comp="518" pin="1"/><net_sink comp="378" pin=0"/></net>

<net id="526"><net_src comp="320" pin="3"/><net_sink comp="523" pin=0"/></net>

<net id="527"><net_src comp="523" pin="1"/><net_sink comp="381" pin=0"/></net>

<net id="531"><net_src comp="328" pin="3"/><net_sink comp="528" pin=0"/></net>

<net id="532"><net_src comp="528" pin="1"/><net_sink comp="384" pin=1"/></net>

<net id="536"><net_src comp="424" pin="2"/><net_sink comp="533" pin=0"/></net>

<net id="537"><net_src comp="533" pin="1"/><net_sink comp="145" pin=1"/></net>

</net_list>

</model> 
---------------- Datapath Model END ------------------

* FSMD analyzer results:
  - Output states:
	Port: gmem1 | {3 4 5 6 7 8 9 10 11 }
 - Input state : 
	Port: store_output_wide : out_r | {2 }
	Port: store_output_wide : s_out | {3 }
  - Chain level:
	State 1
		store_ln0 : 1
		first_iter_0 : 1
		br_ln0 : 2
		i1_load : 1
		i : 2
		icmp_ln346 : 2
		br_ln346 : 3
		store_ln346 : 3
		br_ln346 : 3
	State 2
	State 3
		gmem1_addr : 1
		empty : 2
		store_ln346 : 1
	State 4
		chunk : 1
		zext_ln359 : 2
		gmem1_addr_1 : 1
		write_ln364 : 3
	State 5
	State 6
	State 7
	State 8
	State 9
	State 10
	State 11


============================================================
+ Verbose Summary: Datapath Resource usage 
============================================================

* Functional unit list:
|----------|--------------------------|---------|---------|
| Operation|      Functional Unit     |    FF   |   LUT   |
|----------|--------------------------|---------|---------|
|    add   |         i_fu_170         |    0    |    19   |
|----------|--------------------------|---------|---------|
|   icmp   |     icmp_ln346_fu_176    |    0    |    19   |
|----------|--------------------------|---------|---------|
|   read   |     out_1_read_fu_118    |    0    |    0    |
|          |      vec_read_fu_124     |    0    |    0    |
|----------|--------------------------|---------|---------|
| writereq |   empty_writereq_fu_130  |    0    |    0    |
|----------|--------------------------|---------|---------|
|   write  | write_ln364_write_fu_137 |    0    |    0    |
|----------|--------------------------|---------|---------|
| writeresp|   grp_writeresp_fu_145   |    0    |    0    |
|----------|--------------------------|---------|---------|
|          |      trunc_ln_fu_187     |    0    |    0    |
|          |       raw_1_fu_216       |    0    |    0    |
|          |       raw_2_fu_224       |    0    |    0    |
|          |       raw_3_fu_232       |    0    |    0    |
|          |       raw_4_fu_240       |    0    |    0    |
|          |       raw_5_fu_248       |    0    |    0    |
|          |       raw_6_fu_256       |    0    |    0    |
|partselect|       raw_7_fu_264       |    0    |    0    |
|          |       raw_8_fu_272       |    0    |    0    |
|          |       raw_9_fu_280       |    0    |    0    |
|          |       raw_14_fu_288      |    0    |    0    |
|          |       raw_10_fu_296      |    0    |    0    |
|          |       raw_11_fu_304      |    0    |    0    |
|          |       raw_12_fu_312      |    0    |    0    |
|          |       raw_13_fu_320      |    0    |    0    |
|          |      tmp_13_i_fu_328     |    0    |    0    |
|----------|--------------------------|---------|---------|
|   sext   |     sext_ln346_fu_197    |    0    |    0    |
|----------|--------------------------|---------|---------|
|   trunc  |        raw_fu_212        |    0    |    0    |
|----------|--------------------------|---------|---------|
|          |     zext_ln358_fu_339    |    0    |    0    |
|          |    zext_ln358_1_fu_342   |    0    |    0    |
|          |    zext_ln358_2_fu_345   |    0    |    0    |
|          |    zext_ln358_3_fu_348   |    0    |    0    |
|          |    zext_ln358_4_fu_351   |    0    |    0    |
|          |    zext_ln358_5_fu_354   |    0    |    0    |
|          |    zext_ln358_6_fu_357   |    0    |    0    |
|   zext   |    zext_ln358_7_fu_360   |    0    |    0    |
|          |    zext_ln358_8_fu_363   |    0    |    0    |
|          |    zext_ln358_9_fu_366   |    0    |    0    |
|          |   zext_ln358_10_fu_369   |    0    |    0    |
|          |   zext_ln358_11_fu_372   |    0    |    0    |
|          |   zext_ln358_12_fu_375   |    0    |    0    |
|          |   zext_ln358_13_fu_378   |    0    |    0    |
|          |   zext_ln358_14_fu_381   |    0    |    0    |
|          |     zext_ln359_fu_419    |    0    |    0    |
|----------|--------------------------|---------|---------|
|bitconcatenate|       chunk_fu_384       |    0    |    0    |
|----------|--------------------------|---------|---------|
|   Total  |                          |    0    |    38   |
|----------|--------------------------|---------|---------|

Memories:
N/A

* Register list:
+--------------------+--------+
|                    |   FF   |
+--------------------+--------+
|first_iter_0_reg_150|    1   |
|gmem1_addr_1_reg_533|   512  |
|     i1_reg_431     |   12   |
| icmp_ln346_reg_444 |    1   |
|   raw_10_reg_508   |   20   |
|   raw_11_reg_513   |   20   |
|   raw_12_reg_518   |   20   |
|   raw_13_reg_523   |   20   |
|   raw_14_reg_503   |   20   |
|    raw_1_reg_458   |   20   |
|    raw_2_reg_463   |   20   |
|    raw_3_reg_468   |   20   |
|    raw_4_reg_473   |   20   |
|    raw_5_reg_478   |   20   |
|    raw_6_reg_483   |   20   |
|    raw_7_reg_488   |   20   |
|    raw_8_reg_493   |   20   |
|    raw_9_reg_498   |   20   |
|     raw_reg_453    |   20   |
| sext_ln3462_reg_438|   64   |
|  tmp_13_i_reg_528  |   20   |
|  trunc_ln_reg_448  |   58   |
+--------------------+--------+
|        Total       |   968  |
+--------------------+--------+

* Multiplexer (MUX) list: 
|--------|------|------|------|--------|
|  Comp  |  Pin | Size |  BW  | S x BW |
|--------|------|------|------|--------|
|  Total |      |      |      |    0   |
|--------|------|------|------|--------|



* Summary:
+-----------+--------+--------+
|           |   FF   |   LUT  |
+-----------+--------+--------+
|  Function |    0   |   38   |
|   Memory  |    -   |    -   |
|Multiplexer|    -   |    -   |
|  Register |   968  |    -   |
+-----------+--------+--------+
|   Total   |   968  |   38   |
+-----------+--------+--------+
