Copyright 1986-2022 Xilinx, Inc. All Rights Reserved. Copyright 2022-2025 Advanced Micro Devices, Inc. All Rights Reserved.
---------------------------------------------------------------------------------------------------------------------------------------------
| Tool Version : Vivado v.2025.1.1 (lin64) Build 6233196 Thu Sep 11 21:27:11 MDT 2025
| Date         : Wed Feb 11 23:21:16 2026
| Host         : ece-linlabsrv01 running 64-bit Red Hat Enterprise Linux release 8.10 (Ootpa)
| Command      : report_design_analysis -file ./report/top_kernel_design_analysis_synth.rpt
| Design       : bd_0_wrapper
| Device       : xczu3eg
| Design State : Synthesized
---------------------------------------------------------------------------------------------------------------------------------------------

Report Design Analysis

Table of Contents
-----------------
1. Setup Path Characteristics 1-1
2. Logic Level Distribution
3. Placer Final Level Congestion Reporting
4. SLR Net Crossing Reporting

1. Setup Path Characteristics 1-1
---------------------------------

+---------------------------+-------------------------------------------------------------------------------------------------------------------------------------------------------------------------+
|      Characteristics      |                                                                                 Path #1                                                                                 |
+---------------------------+-------------------------------------------------------------------------------------------------------------------------------------------------------------------------+
| Requirement               | 10.000                                                                                                                                                                  |
| Path Delay                | 4.349                                                                                                                                                                   |
| Logic Delay               | 2.878(67%)                                                                                                                                                              |
| Net Delay                 | 1.471(33%)                                                                                                                                                              |
| Clock Skew                | -0.055                                                                                                                                                                  |
| Slack                     | 5.518                                                                                                                                                                   |
| Clock Uncertainty         | 0.035                                                                                                                                                                   |
| Clock Pair Classification | Timed                                                                                                                                                                   |
| Clock Delay Group         | Same Clock                                                                                                                                                              |
| Logic Levels              | 13                                                                                                                                                                      |
| Routes                    | NA                                                                                                                                                                      |
| Logical Path              | RAMB18E2/CLKARDCLK-(1)-LUT6-(1)-DSP_A_B_DATA-(1)-DSP_PREADD_DATA-DSP_MULTIPLIER-DSP_M_DATA-DSP_ALU-DSP_OUTPUT-LUT2-(1)-CARRY8-CARRY8-CARRY8-LUT6-(25)-LUT3-(24)-FDSE/CE |
| Start Point Clock         | ap_clk                                                                                                                                                                  |
| End Point Clock           | ap_clk                                                                                                                                                                  |
| DSP Block                 | Comb                                                                                                                                                                    |
| RAM Registers             | DOA_REG(1)-None                                                                                                                                                         |
| IO Crossings              | 0                                                                                                                                                                       |
| SLR Crossings             | 0                                                                                                                                                                       |
| PBlocks                   | 0                                                                                                                                                                       |
| High Fanout               | 25                                                                                                                                                                      |
| ASYNC REG                 | 0                                                                                                                                                                       |
| Dont Touch                | 0                                                                                                                                                                       |
| Mark Debug                | 0                                                                                                                                                                       |
| Start Point Pin Primitive | RAMB18E2/CLKARDCLK                                                                                                                                                      |
| End Point Pin Primitive   | FDSE/CE                                                                                                                                                                 |
| Start Point Pin           | ram_reg/CLKARDCLK                                                                                                                                                       |
| End Point Pin             | select_ln299_11_reg_7921_reg[0]/CE                                                                                                                                      |
+---------------------------+-------------------------------------------------------------------------------------------------------------------------------------------------------------------------+
* Bounding box calculated as % of dimensions for the target device (2447, 372)


2. Logic Level Distribution
---------------------------

+-----------------+-------------+-----+-----+
| End Point Clock | Requirement |  12 |  13 |
+-----------------+-------------+-----+-----+
| ap_clk          | 10.000ns    | 384 | 616 |
+-----------------+-------------+-----+-----+
* Columns represent the logic levels per end point clock
** Distribution is for top worst 1000 paths


3. Placer Final Level Congestion Reporting
------------------------------------------

+-----------+------+-------+--------+---------------+----------------+-----+--------+------+------+------+------+-----+-------+-----+------------+
| Direction | Type | Level | Window | Combined LUTs | Avg LUT Inputs | LUT | LUTRAM | Flop | MUXF | RAMB | URAM | DSP | CARRY | SRL | Cell Names |
+-----------+------+-------+--------+---------------+----------------+-----+--------+------+------+------+------+-----+-------+-----+------------+
* The design has not been placed, hence congestion data is not available. The command report_design_analysis -congestion should be run only after place_design has completed.


4. SLR Net Crossing Reporting
-----------------------------

+------------+-----------------------------+
| Cell Names | Number of Nets crossing SLR |
+------------+-----------------------------+
* The current part is not an SSI device


