

================================================================
== Vitis HLS Report for 'k3_join_norm'
================================================================
* Date:           Mon Mar  2 19:53:36 2026

* Version:        2025.1.1 (Build 6214317 on Sep 11 2025)
* Project:        project_1
* Solution:       hls (Vivado IP Flow Target)
* Product family: zynquplus
* Target device:  xczu3eg-sbva484-1-e


================================================================
== Performance Estimates
================================================================
+ Timing: 
    * Summary: 
    +--------+----------+----------+------------+
    |  Clock |  Target  | Estimated| Uncertainty|
    +--------+----------+----------+------------+
    |ap_clk  |  10.00 ns|  6.425 ns|     2.70 ns|
    +--------+----------+----------+------------+

+ Latency: 
    * Summary: 
    +---------+---------+----------+----------+-------+-------+------------------------------------------------+
    |  Latency (cycles) |  Latency (absolute) |    Interval   |                    Pipeline                    |
    |   min   |   max   |    min   |    max   |  min  |  max  |                      Type                      |
    +---------+---------+----------+----------+-------+-------+------------------------------------------------+
    |    65540|    65540|  0.655 ms|  0.655 ms|  65536|  65536|  loop auto-rewind stp (delay=0 clock cycles(s))|
    +---------+---------+----------+----------+-------+-------+------------------------------------------------+

    + Detail: 
        * Instance: 
        N/A

        * Loop: 
        +-------------------------------------+---------+---------+----------+-----------+-----------+-------+----------+
        |                                     |  Latency (cycles) | Iteration|  Initiation Interval  |  Trip |          |
        |              Loop Name              |   min   |   max   |  Latency |  achieved |   target  | Count | Pipelined|
        +-------------------------------------+---------+---------+----------+-----------+-----------+-------+----------+
        |- VITIS_LOOP_173_1_VITIS_LOOP_176_2  |    65538|    65538|         4|          1|          1|  65536|       yes|
        +-------------------------------------+---------+---------+----------+-----------+-----------+-------+----------+

============================================================
+ Verbose Summary: Synthesis Manager
============================================================
InlineROM: 1
ExposeGlobal: 0
============================================================
+ Verbose Summary: CDFG Model
============================================================
IsTopModel: 0
ResetActiveHigh: 1
IsCombinational: 2
IsDatapathOnly: 0
HasWiredReturn: 1
HasMFsm: 2
HasVarLatency: 1
IsPipeline: 0
IsRtlPipelined: 0
IsInstanceOverlapped: 0
IsDontTouch: 0
HasImplIP: 0
IsGatedGlobalClock: 0

+ Individual pipeline summary: 
  * Pipeline-0: initiation interval (II) = 1, depth = 4


============================================================
+ Verbose Summary: Schedule
============================================================
* Number of FSM states : 4
* Pipeline : 1
  Pipeline-0 : II = 1, D = 4, States = { 1 2 3 4 }
* Dataflow Pipeline: 0

* FSM state transitions: 
1 --> 2 
2 --> 3 
3 --> 4 
4 --> 

* FSM state operations: 

State 1 <SV = 0> <Delay = 2.78>
ST_1 : Operation 7 [1/1] (0.00ns)   --->   "%indvar_flatten4 = alloca i32 1"   --->   Operation 7 'alloca' 'indvar_flatten4' <Predicate = true> <Delay = 0.00>
ST_1 : Operation 8 [1/1] (0.00ns)   --->   "%i7 = alloca i32 1"   --->   Operation 8 'alloca' 'i7' <Predicate = true> <Delay = 0.00>
ST_1 : Operation 9 [1/1] (0.00ns)   --->   "%inv_st15 = alloca i32 1"   --->   Operation 9 'alloca' 'inv_st15' <Predicate = true> <Delay = 0.00>
ST_1 : Operation 10 [1/1] (0.00ns)   --->   "%specinterface_ln0 = specinterface void @_ssdm_op_SpecInterface, i20 %s1, void @empty_15, i32 0, i32 0, void @empty_11, i32 0, i32 0, void @empty_11, void @empty_11, void @empty_11, i32 0, i32 0, i32 0, i32 0, void @empty_11, void @empty_11, i32 4294967295, i32 0, i32 0"   --->   Operation 10 'specinterface' 'specinterface_ln0' <Predicate = true> <Delay = 0.00>
ST_1 : Operation 11 [1/1] (0.00ns)   --->   "%specinterface_ln0 = specinterface void @_ssdm_op_SpecInterface, i20 %s1, void @empty_15, i32 0, i32 0, void @empty_11, i32 0, i32 0, void @empty_11, void @empty_11, void @empty_11, i32 0, i32 0, i32 0, i32 0, void @empty_11, void @empty_11, i32 4294967295, i32 0, i32 0"   --->   Operation 11 'specinterface' 'specinterface_ln0' <Predicate = true> <Delay = 0.00>
ST_1 : Operation 12 [1/1] (0.00ns)   --->   "%specinterface_ln0 = specinterface void @_ssdm_op_SpecInterface, i20 %s1, void @empty_15, i32 0, i32 0, void @empty_11, i32 0, i32 0, void @empty_11, void @empty_11, void @empty_11, i32 0, i32 0, i32 0, i32 0, void @empty_11, void @empty_11, i32 4294967295, i32 0, i32 0"   --->   Operation 12 'specinterface' 'specinterface_ln0' <Predicate = true> <Delay = 0.00>
ST_1 : Operation 13 [1/1] (0.00ns)   --->   "%specinterface_ln0 = specinterface void @_ssdm_op_SpecInterface, i20 %s3, void @empty_15, i32 0, i32 0, void @empty_11, i32 0, i32 0, void @empty_11, void @empty_11, void @empty_11, i32 0, i32 0, i32 0, i32 0, void @empty_11, void @empty_11, i32 4294967295, i32 0, i32 0"   --->   Operation 13 'specinterface' 'specinterface_ln0' <Predicate = true> <Delay = 0.00>
ST_1 : Operation 14 [1/1] (0.00ns)   --->   "%specinterface_ln0 = specinterface void @_ssdm_op_SpecInterface, i20 %s3, void @empty_15, i32 0, i32 0, void @empty_11, i32 0, i32 0, void @empty_11, void @empty_11, void @empty_11, i32 0, i32 0, i32 0, i32 0, void @empty_11, void @empty_11, i32 4294967295, i32 0, i32 0"   --->   Operation 14 'specinterface' 'specinterface_ln0' <Predicate = true> <Delay = 0.00>
ST_1 : Operation 15 [1/1] (0.00ns)   --->   "%specinterface_ln0 = specinterface void @_ssdm_op_SpecInterface, i20 %s3, void @empty_15, i32 0, i32 0, void @empty_11, i32 0, i32 0, void @empty_11, void @empty_11, void @empty_11, i32 0, i32 0, i32 0, i32 0, void @empty_11, void @empty_11, i32 4294967295, i32 0, i32 0"   --->   Operation 15 'specinterface' 'specinterface_ln0' <Predicate = true> <Delay = 0.00>
ST_1 : Operation 16 [1/1] (0.00ns)   --->   "%specinterface_ln0 = specinterface void @_ssdm_op_SpecInterface, i28 %s_stats, void @empty_15, i32 0, i32 0, void @empty_11, i32 0, i32 0, void @empty_11, void @empty_11, void @empty_11, i32 0, i32 0, i32 0, i32 0, void @empty_11, void @empty_11, i32 4294967295, i32 0, i32 0"   --->   Operation 16 'specinterface' 'specinterface_ln0' <Predicate = true> <Delay = 0.00>
ST_1 : Operation 17 [1/1] (0.00ns)   --->   "%specinterface_ln0 = specinterface void @_ssdm_op_SpecInterface, i28 %s_stats, void @empty_15, i32 0, i32 0, void @empty_11, i32 0, i32 0, void @empty_11, void @empty_11, void @empty_11, i32 0, i32 0, i32 0, i32 0, void @empty_11, void @empty_11, i32 4294967295, i32 0, i32 0"   --->   Operation 17 'specinterface' 'specinterface_ln0' <Predicate = true> <Delay = 0.00>
ST_1 : Operation 18 [1/1] (0.00ns)   --->   "%specinterface_ln0 = specinterface void @_ssdm_op_SpecInterface, i28 %s_stats, void @empty_15, i32 0, i32 0, void @empty_11, i32 0, i32 0, void @empty_11, void @empty_11, void @empty_11, i32 0, i32 0, i32 0, i32 0, void @empty_11, void @empty_11, i32 4294967295, i32 0, i32 0"   --->   Operation 18 'specinterface' 'specinterface_ln0' <Predicate = true> <Delay = 0.00>
ST_1 : Operation 19 [1/1] (0.00ns)   --->   "%specinterface_ln0 = specinterface void @_ssdm_op_SpecInterface, i20 %s3, void @empty_15, i32 0, i32 0, void @empty_11, i32 0, i32 0, void @empty_11, void @empty_11, void @empty_11, i32 0, i32 0, i32 0, i32 0, void @empty_11, void @empty_11, i32 4294967295, i32 0, i32 0"   --->   Operation 19 'specinterface' 'specinterface_ln0' <Predicate = true> <Delay = 0.00>
ST_1 : Operation 20 [1/1] (0.00ns)   --->   "%specinterface_ln0 = specinterface void @_ssdm_op_SpecInterface, i28 %s_stats, void @empty_15, i32 0, i32 0, void @empty_11, i32 0, i32 0, void @empty_11, void @empty_11, void @empty_11, i32 0, i32 0, i32 0, i32 0, void @empty_11, void @empty_11, i32 4294967295, i32 0, i32 0"   --->   Operation 20 'specinterface' 'specinterface_ln0' <Predicate = true> <Delay = 0.00>
ST_1 : Operation 21 [1/1] (0.00ns)   --->   "%specinterface_ln0 = specinterface void @_ssdm_op_SpecInterface, i20 %s1, void @empty_15, i32 0, i32 0, void @empty_11, i32 0, i32 0, void @empty_11, void @empty_11, void @empty_11, i32 0, i32 0, i32 0, i32 0, void @empty_11, void @empty_11, i32 4294967295, i32 0, i32 0"   --->   Operation 21 'specinterface' 'specinterface_ln0' <Predicate = true> <Delay = 0.00>
ST_1 : Operation 22 [1/1] (0.48ns)   --->   "%store_ln0 = store i9 0, i9 %i7"   --->   Operation 22 'store' 'store_ln0' <Predicate = true> <Delay = 0.48>
ST_1 : Operation 23 [1/1] (0.48ns)   --->   "%store_ln0 = store i16 0, i16 %indvar_flatten4"   --->   Operation 23 'store' 'store_ln0' <Predicate = true> <Delay = 0.48>
ST_1 : Operation 24 [1/1] (0.48ns)   --->   "%br_ln0 = br void %for.inc7.i"   --->   Operation 24 'br' 'br_ln0' <Predicate = true> <Delay = 0.48>
ST_1 : Operation 25 [1/1] (0.00ns)   --->   "%icmp_ln1768 = phi i1 0, void %entry, i1 %icmp_ln176, void %for.body4.split.i" [top.cpp:176]   --->   Operation 25 'phi' 'icmp_ln1768' <Predicate = true> <Delay = 0.00>
ST_1 : Operation 26 [1/1] (0.00ns)   --->   "%first_iter_06 = phi i1 1, void %entry, i1 0, void %for.body4.split.i"   --->   Operation 26 'phi' 'first_iter_06' <Predicate = true> <Delay = 0.00>
ST_1 : Operation 27 [1/1] (0.00ns)   --->   "%indvar_flatten4_load = load i16 %indvar_flatten4" [top.cpp:173]   --->   Operation 27 'load' 'indvar_flatten4_load' <Predicate = true> <Delay = 0.00>
ST_1 : Operation 28 [1/1] (0.00ns)   --->   "%i7_load = load i9 %i7" [top.cpp:176]   --->   Operation 28 'load' 'i7_load' <Predicate = true> <Delay = 0.00>
ST_1 : Operation 29 [1/1] (0.00ns)   --->   "%specloopname_ln0 = specloopname void @_ssdm_op_SpecLoopName, void @VITIS_LOOP_173_1_VITIS_LOOP_176_2_str"   --->   Operation 29 'specloopname' 'specloopname_ln0' <Predicate = true> <Delay = 0.00>
ST_1 : Operation 30 [1/1] (0.00ns)   --->   "%speclooptripcount_ln0 = speclooptripcount void @_ssdm_op_SpecLoopTripCount, i64 65536, i64 65536, i64 65536"   --->   Operation 30 'speclooptripcount' 'speclooptripcount_ln0' <Predicate = true> <Delay = 0.00>
ST_1 : Operation 31 [1/1] (0.33ns)   --->   "%or_ln173 = or i1 %icmp_ln1768, i1 %first_iter_06" [top.cpp:173]   --->   Operation 31 'or' 'or_ln173' <Predicate = true> <Delay = 0.33> <CoreInst = "LogicGate">   --->   Core 74 'LogicGate' <Latency = 0> <II = 1> <Delay = 0.33> <FuncUnit> <Opcode : 'and' 'or' 'xor'> <InPorts = 2> <OutPorts = 1>
ST_1 : Operation 32 [1/1] (1.01ns)   --->   "%add_ln173 = add i16 %indvar_flatten4_load, i16 1" [top.cpp:173]   --->   Operation 32 'add' 'add_ln173' <Predicate = true> <Delay = 1.01> <CoreInst = "Adder">   --->   Core 1 'Adder' <Latency = 0> <II = 1> <Delay = 1.01> <FuncUnit> <Opcode : 'add' 'sub'> <InPorts = 2> <OutPorts = 1>
ST_1 : Operation 33 [1/1] (0.00ns)   --->   "%br_ln176 = br i1 %or_ln173, void %for.body4.split.i, void %for.first.iter.for.body4.i" [top.cpp:176]   --->   Operation 33 'br' 'br_ln176' <Predicate = true> <Delay = 0.00>
ST_1 : Operation 34 [1/1] (0.92ns)   --->   "%add_ln176 = add i9 %i7_load, i9 1" [top.cpp:176]   --->   Operation 34 'add' 'add_ln176' <Predicate = true> <Delay = 0.92> <CoreInst = "Adder">   --->   Core 1 'Adder' <Latency = 0> <II = 1> <Delay = 0.92> <FuncUnit> <Opcode : 'add' 'sub'> <InPorts = 2> <OutPorts = 1>
ST_1 : Operation 35 [1/1] (0.45ns)   --->   "%i = select i1 %icmp_ln1768, i9 1, i9 %add_ln176" [top.cpp:176]   --->   Operation 35 'select' 'i' <Predicate = true> <Delay = 0.45> <CoreInst = "Sel">   --->   Core 73 'Sel' <Latency = 0> <II = 1> <Delay = 0.45> <FuncUnit> <Opcode : 'select'> <InPorts = 3> <OutPorts = 1>
ST_1 : Operation 36 [1/1] (0.92ns)   --->   "%icmp_ln176 = icmp_eq  i9 %i, i9 256" [top.cpp:176]   --->   Operation 36 'icmp' 'icmp_ln176' <Predicate = true> <Delay = 0.92> <CoreInst = "Cmp">   --->   Core 9 'Cmp' <Latency = 0> <II = 1> <Delay = 0.92> <FuncUnit> <Opcode : 'seteq' 'setne' 'setle' 'setge' 'setlt' 'setgt'> <InPorts = 2> <OutPorts = 1>
ST_1 : Operation 37 [1/1] (1.01ns)   --->   "%icmp_ln173 = icmp_eq  i16 %indvar_flatten4_load, i16 65535" [top.cpp:173]   --->   Operation 37 'icmp' 'icmp_ln173' <Predicate = true> <Delay = 1.01> <CoreInst = "Cmp">   --->   Core 9 'Cmp' <Latency = 0> <II = 1> <Delay = 1.01> <FuncUnit> <Opcode : 'seteq' 'setne' 'setle' 'setge' 'setlt' 'setgt'> <InPorts = 2> <OutPorts = 1>
ST_1 : Operation 38 [1/1] (0.48ns)   --->   "%store_ln176 = store i9 %i, i9 %i7" [top.cpp:176]   --->   Operation 38 'store' 'store_ln176' <Predicate = true> <Delay = 0.48>
ST_1 : Operation 39 [1/1] (0.48ns)   --->   "%store_ln173 = store i16 %add_ln173, i16 %indvar_flatten4" [top.cpp:173]   --->   Operation 39 'store' 'store_ln173' <Predicate = true> <Delay = 0.48>
ST_1 : Operation 40 [1/1] (0.00ns)   --->   "%br_ln173 = br i1 %icmp_ln173, void %for.inc7.i, void %k3_join_norm.exit" [top.cpp:173]   --->   Operation 40 'br' 'br_ln173' <Predicate = true> <Delay = 0.00>

State 2 <SV = 1> <Delay = 2.16>
ST_2 : Operation 41 [1/1] ( I:2.16ns O:2.16ns )   --->   "%inv_st = read i28 @_ssdm_op_Read.ap_fifo.volatile.i28P0A, i28 %s_stats" [top.cpp:175]   --->   Operation 41 'read' 'inv_st' <Predicate = (or_ln173)> <Delay = 2.16> <CoreInst = "FIFO_SRL">   --->   Core 80 'FIFO_SRL' <Latency = 0> <II = 1> <Delay = 2.16> <Storage> <Opcode : 'read' 'write' 'nbread' 'nbwrite'> <Ports = 0> <Width = 28> <Depth = 2> <FIFO>
ST_2 : Operation 42 [1/1] (0.00ns)   --->   "%store_ln175 = store i28 %inv_st, i28 %inv_st15" [top.cpp:175]   --->   Operation 42 'store' 'store_ln175' <Predicate = (or_ln173)> <Delay = 0.00>
ST_2 : Operation 43 [1/1] (0.00ns)   --->   "%br_ln176 = br void %for.body4.split.i" [top.cpp:176]   --->   Operation 43 'br' 'br_ln176' <Predicate = (or_ln173)> <Delay = 0.00>
ST_2 : Operation 44 [1/1] ( I:1.99ns O:1.99ns )   --->   "%val = read i20 @_ssdm_op_Read.ap_fifo.volatile.i20P0A, i20 %s1" [top.cpp:178]   --->   Operation 44 'read' 'val' <Predicate = true> <Delay = 1.99> <CoreInst = "FIFO">   --->   Core 77 'FIFO' <Latency = 0> <II = 1> <Delay = 1.99> <Storage> <Opcode : 'read' 'write' 'nbread' 'nbwrite'> <Ports = 0> <Width = 20> <Depth = 160> <FIFO>

State 3 <SV = 2> <Delay = 6.42>
ST_3 : Operation 45 [1/1] (0.00ns)   --->   "%inv_st15_load = load i28 %inv_st15"   --->   Operation 45 'load' 'inv_st15_load' <Predicate = true> <Delay = 0.00>
ST_3 : Operation 46 [1/1] (0.00ns)   --->   "%shl_i_i_i25_i = bitconcatenate i34 @_ssdm_op_BitConcatenate.i34.i28.i6, i28 %inv_st15_load, i6 0"   --->   Operation 46 'bitconcatenate' 'shl_i_i_i25_i' <Predicate = true> <Delay = 0.00>
ST_3 : Operation 47 [1/1] (0.00ns)   --->   "%sext_ln176 = sext i34 %shl_i_i_i25_i" [top.cpp:176]   --->   Operation 47 'sext' 'sext_ln176' <Predicate = true> <Delay = 0.00>
ST_3 : Operation 48 [1/1] (0.00ns)   --->   "%shl_ln = bitconcatenate i30 @_ssdm_op_BitConcatenate.i30.i20.i10, i20 %val, i10 0" [top.cpp:179]   --->   Operation 48 'bitconcatenate' 'shl_ln' <Predicate = true> <Delay = 0.00>
ST_3 : Operation 49 [1/1] (0.00ns)   --->   "%sext_ln179 = sext i30 %shl_ln" [top.cpp:179]   --->   Operation 49 'sext' 'sext_ln179' <Predicate = true> <Delay = 0.00>
ST_3 : Operation 50 [1/1] (3.93ns)   --->   "%mul_ln179 = mul i64 %sext_ln176, i64 %sext_ln179" [top.cpp:179]   --->   Operation 50 'mul' 'mul_ln179' <Predicate = true> <Delay = 3.93> <CoreInst = "Multiplier">   --->   Core 3 'Multiplier' <Latency = 0> <II = 1> <Delay = 3.93> <FuncUnit> <Opcode : 'mul'> <InPorts = 2> <OutPorts = 1>
ST_3 : Operation 51 [1/1] (0.00ns)   --->   "%tmp = bitselect i1 @_ssdm_op_BitSelect.i1.i64.i32, i64 %mul_ln179, i32 63" [top.cpp:179]   --->   Operation 51 'bitselect' 'tmp' <Predicate = true> <Delay = 0.00>
ST_3 : Operation 52 [1/1] (0.00ns)   --->   "%trunc_ln179_1 = partselect i20 @_ssdm_op_PartSelect.i20.i64.i32.i32, i64 %mul_ln179, i32 34, i32 53" [top.cpp:179]   --->   Operation 52 'partselect' 'trunc_ln179_1' <Predicate = true> <Delay = 0.00>
ST_3 : Operation 53 [1/1] (0.00ns)   --->   "%tmp_7 = bitselect i1 @_ssdm_op_BitSelect.i1.i64.i32, i64 %mul_ln179, i32 33" [top.cpp:179]   --->   Operation 53 'bitselect' 'tmp_7' <Predicate = true> <Delay = 0.00>
ST_3 : Operation 54 [1/1] (0.00ns) (grouped into LUT with out node and_ln179)   --->   "%tmp_8 = bitselect i1 @_ssdm_op_BitSelect.i1.i64.i32, i64 %mul_ln179, i32 53" [top.cpp:179]   --->   Operation 54 'bitselect' 'tmp_8' <Predicate = true> <Delay = 0.00>
ST_3 : Operation 55 [1/1] (0.00ns)   --->   "%zext_ln179 = zext i1 %tmp_7" [top.cpp:179]   --->   Operation 55 'zext' 'zext_ln179' <Predicate = true> <Delay = 0.00>
ST_3 : Operation 56 [1/1] (1.06ns)   --->   "%add_ln179 = add i20 %trunc_ln179_1, i20 %zext_ln179" [top.cpp:179]   --->   Operation 56 'add' 'add_ln179' <Predicate = true> <Delay = 1.06> <CoreInst = "Adder">   --->   Core 1 'Adder' <Latency = 0> <II = 1> <Delay = 1.06> <FuncUnit> <Opcode : 'add' 'sub'> <InPorts = 2> <OutPorts = 1>
ST_3 : Operation 57 [1/1] (0.00ns)   --->   "%tmp_9 = bitselect i1 @_ssdm_op_BitSelect.i1.i20.i32, i20 %add_ln179, i32 19" [top.cpp:179]   --->   Operation 57 'bitselect' 'tmp_9' <Predicate = true> <Delay = 0.00>
ST_3 : Operation 58 [1/1] (0.00ns) (grouped into LUT with out node and_ln179)   --->   "%xor_ln179 = xor i1 %tmp_9, i1 1" [top.cpp:179]   --->   Operation 58 'xor' 'xor_ln179' <Predicate = true> <Delay = 0.00> <CoreInst = "LogicGate">   --->   Core 74 'LogicGate' <Latency = 0> <II = 1> <Delay = 0.33> <FuncUnit> <Opcode : 'and' 'or' 'xor'> <InPorts = 2> <OutPorts = 1>
ST_3 : Operation 59 [1/1] (0.33ns) (out node of the LUT)   --->   "%and_ln179 = and i1 %tmp_8, i1 %xor_ln179" [top.cpp:179]   --->   Operation 59 'and' 'and_ln179' <Predicate = true> <Delay = 0.33> <CoreInst = "LogicGate">   --->   Core 74 'LogicGate' <Latency = 0> <II = 1> <Delay = 0.33> <FuncUnit> <Opcode : 'and' 'or' 'xor'> <InPorts = 2> <OutPorts = 1>
ST_3 : Operation 60 [1/1] (0.00ns) (grouped into LUT with out node and_ln179_4)   --->   "%tmp_10 = bitselect i1 @_ssdm_op_BitSelect.i1.i64.i32, i64 %mul_ln179, i32 54" [top.cpp:179]   --->   Operation 60 'bitselect' 'tmp_10' <Predicate = true> <Delay = 0.00>
ST_3 : Operation 61 [1/1] (0.00ns)   --->   "%tmp_1 = partselect i9 @_ssdm_op_PartSelect.i9.i64.i32.i32, i64 %mul_ln179, i32 55, i32 63" [top.cpp:179]   --->   Operation 61 'partselect' 'tmp_1' <Predicate = true> <Delay = 0.00>
ST_3 : Operation 62 [1/1] (0.92ns)   --->   "%icmp_ln179 = icmp_eq  i9 %tmp_1, i9 511" [top.cpp:179]   --->   Operation 62 'icmp' 'icmp_ln179' <Predicate = true> <Delay = 0.92> <CoreInst = "Cmp">   --->   Core 9 'Cmp' <Latency = 0> <II = 1> <Delay = 0.92> <FuncUnit> <Opcode : 'seteq' 'setne' 'setle' 'setge' 'setlt' 'setgt'> <InPorts = 2> <OutPorts = 1>
ST_3 : Operation 63 [1/1] (0.00ns)   --->   "%tmp_2 = partselect i10 @_ssdm_op_PartSelect.i10.i64.i32.i32, i64 %mul_ln179, i32 54, i32 63" [top.cpp:179]   --->   Operation 63 'partselect' 'tmp_2' <Predicate = true> <Delay = 0.00>
ST_3 : Operation 64 [1/1] (0.93ns)   --->   "%icmp_ln179_1 = icmp_eq  i10 %tmp_2, i10 1023" [top.cpp:179]   --->   Operation 64 'icmp' 'icmp_ln179_1' <Predicate = true> <Delay = 0.93> <CoreInst = "Cmp">   --->   Core 9 'Cmp' <Latency = 0> <II = 1> <Delay = 0.93> <FuncUnit> <Opcode : 'seteq' 'setne' 'setle' 'setge' 'setlt' 'setgt'> <InPorts = 2> <OutPorts = 1>
ST_3 : Operation 65 [1/1] (0.93ns)   --->   "%icmp_ln179_2 = icmp_eq  i10 %tmp_2, i10 0" [top.cpp:179]   --->   Operation 65 'icmp' 'icmp_ln179_2' <Predicate = true> <Delay = 0.93> <CoreInst = "Cmp">   --->   Core 9 'Cmp' <Latency = 0> <II = 1> <Delay = 0.93> <FuncUnit> <Opcode : 'seteq' 'setne' 'setle' 'setge' 'setlt' 'setgt'> <InPorts = 2> <OutPorts = 1>
ST_3 : Operation 66 [1/1] (0.00ns) (grouped into LUT with out node and_ln179_3)   --->   "%select_ln179 = select i1 %and_ln179, i1 %icmp_ln179_1, i1 %icmp_ln179_2" [top.cpp:179]   --->   Operation 66 'select' 'select_ln179' <Predicate = true> <Delay = 0.00> <CoreInst = "Sel">   --->   Core 73 'Sel' <Latency = 0> <II = 1> <Delay = 0.26> <FuncUnit> <Opcode : 'select'> <InPorts = 3> <OutPorts = 1>
ST_3 : Operation 67 [1/1] (0.00ns) (grouped into LUT with out node and_ln179_4)   --->   "%xor_ln179_1 = xor i1 %tmp_10, i1 1" [top.cpp:179]   --->   Operation 67 'xor' 'xor_ln179_1' <Predicate = true> <Delay = 0.00> <CoreInst = "LogicGate">   --->   Core 74 'LogicGate' <Latency = 0> <II = 1> <Delay = 0.33> <FuncUnit> <Opcode : 'and' 'or' 'xor'> <InPorts = 2> <OutPorts = 1>
ST_3 : Operation 68 [1/1] (0.00ns) (grouped into LUT with out node and_ln179_4)   --->   "%and_ln179_1 = and i1 %icmp_ln179, i1 %xor_ln179_1" [top.cpp:179]   --->   Operation 68 'and' 'and_ln179_1' <Predicate = true> <Delay = 0.00> <CoreInst = "LogicGate">   --->   Core 74 'LogicGate' <Latency = 0> <II = 1> <Delay = 0.33> <FuncUnit> <Opcode : 'and' 'or' 'xor'> <InPorts = 2> <OutPorts = 1>
ST_3 : Operation 69 [1/1] (0.00ns) (grouped into LUT with out node and_ln179_4)   --->   "%select_ln179_1 = select i1 %and_ln179, i1 %and_ln179_1, i1 %icmp_ln179_1" [top.cpp:179]   --->   Operation 69 'select' 'select_ln179_1' <Predicate = true> <Delay = 0.00> <CoreInst = "Sel">   --->   Core 73 'Sel' <Latency = 0> <II = 1> <Delay = 0.26> <FuncUnit> <Opcode : 'select'> <InPorts = 3> <OutPorts = 1>
ST_3 : Operation 70 [1/1] (0.00ns) (grouped into LUT with out node or_ln179_1)   --->   "%and_ln179_2 = and i1 %and_ln179, i1 %icmp_ln179_1" [top.cpp:179]   --->   Operation 70 'and' 'and_ln179_2' <Predicate = true> <Delay = 0.00> <CoreInst = "LogicGate">   --->   Core 74 'LogicGate' <Latency = 0> <II = 1> <Delay = 0.33> <FuncUnit> <Opcode : 'and' 'or' 'xor'> <InPorts = 2> <OutPorts = 1>
ST_3 : Operation 71 [1/1] (0.00ns) (grouped into LUT with out node and_ln179_3)   --->   "%xor_ln179_2 = xor i1 %select_ln179, i1 1" [top.cpp:179]   --->   Operation 71 'xor' 'xor_ln179_2' <Predicate = true> <Delay = 0.00> <CoreInst = "LogicGate">   --->   Core 74 'LogicGate' <Latency = 0> <II = 1> <Delay = 0.33> <FuncUnit> <Opcode : 'and' 'or' 'xor'> <InPorts = 2> <OutPorts = 1>
ST_3 : Operation 72 [1/1] (0.00ns) (grouped into LUT with out node and_ln179_3)   --->   "%or_ln179 = or i1 %tmp_9, i1 %xor_ln179_2" [top.cpp:179]   --->   Operation 72 'or' 'or_ln179' <Predicate = true> <Delay = 0.00> <CoreInst = "LogicGate">   --->   Core 74 'LogicGate' <Latency = 0> <II = 1> <Delay = 0.33> <FuncUnit> <Opcode : 'and' 'or' 'xor'> <InPorts = 2> <OutPorts = 1>
ST_3 : Operation 73 [1/1] (0.00ns) (grouped into LUT with out node and_ln179_3)   --->   "%xor_ln179_3 = xor i1 %tmp, i1 1" [top.cpp:179]   --->   Operation 73 'xor' 'xor_ln179_3' <Predicate = true> <Delay = 0.00> <CoreInst = "LogicGate">   --->   Core 74 'LogicGate' <Latency = 0> <II = 1> <Delay = 0.33> <FuncUnit> <Opcode : 'and' 'or' 'xor'> <InPorts = 2> <OutPorts = 1>
ST_3 : Operation 74 [1/1] (0.33ns) (out node of the LUT)   --->   "%and_ln179_3 = and i1 %or_ln179, i1 %xor_ln179_3" [top.cpp:179]   --->   Operation 74 'and' 'and_ln179_3' <Predicate = true> <Delay = 0.33> <CoreInst = "LogicGate">   --->   Core 74 'LogicGate' <Latency = 0> <II = 1> <Delay = 0.33> <FuncUnit> <Opcode : 'and' 'or' 'xor'> <InPorts = 2> <OutPorts = 1>
ST_3 : Operation 75 [1/1] (0.33ns) (out node of the LUT)   --->   "%and_ln179_4 = and i1 %tmp_9, i1 %select_ln179_1" [top.cpp:179]   --->   Operation 75 'and' 'and_ln179_4' <Predicate = true> <Delay = 0.33> <CoreInst = "LogicGate">   --->   Core 74 'LogicGate' <Latency = 0> <II = 1> <Delay = 0.33> <FuncUnit> <Opcode : 'and' 'or' 'xor'> <InPorts = 2> <OutPorts = 1>
ST_3 : Operation 76 [1/1] (0.00ns) (grouped into LUT with out node or_ln179_1)   --->   "%or_ln179_2 = or i1 %and_ln179_2, i1 %and_ln179_4" [top.cpp:179]   --->   Operation 76 'or' 'or_ln179_2' <Predicate = true> <Delay = 0.00> <CoreInst = "LogicGate">   --->   Core 74 'LogicGate' <Latency = 0> <II = 1> <Delay = 0.33> <FuncUnit> <Opcode : 'and' 'or' 'xor'> <InPorts = 2> <OutPorts = 1>
ST_3 : Operation 77 [1/1] (0.00ns) (grouped into LUT with out node or_ln179_1)   --->   "%xor_ln179_4 = xor i1 %or_ln179_2, i1 1" [top.cpp:179]   --->   Operation 77 'xor' 'xor_ln179_4' <Predicate = true> <Delay = 0.00> <CoreInst = "LogicGate">   --->   Core 74 'LogicGate' <Latency = 0> <II = 1> <Delay = 0.33> <FuncUnit> <Opcode : 'and' 'or' 'xor'> <InPorts = 2> <OutPorts = 1>
ST_3 : Operation 78 [1/1] (0.00ns) (grouped into LUT with out node or_ln179_1)   --->   "%and_ln179_5 = and i1 %tmp, i1 %xor_ln179_4" [top.cpp:179]   --->   Operation 78 'and' 'and_ln179_5' <Predicate = true> <Delay = 0.00> <CoreInst = "LogicGate">   --->   Core 74 'LogicGate' <Latency = 0> <II = 1> <Delay = 0.33> <FuncUnit> <Opcode : 'and' 'or' 'xor'> <InPorts = 2> <OutPorts = 1>
ST_3 : Operation 79 [1/1] (0.00ns) (grouped into LUT with out node select_ln179_3)   --->   "%select_ln179_2 = select i1 %and_ln179_3, i20 524287, i20 524288" [top.cpp:179]   --->   Operation 79 'select' 'select_ln179_2' <Predicate = true> <Delay = 0.00> <CoreInst = "Sel">   --->   Core 73 'Sel' <Latency = 0> <II = 1> <Delay = 0.43> <FuncUnit> <Opcode : 'select'> <InPorts = 3> <OutPorts = 1>
ST_3 : Operation 80 [1/1] (0.33ns) (out node of the LUT)   --->   "%or_ln179_1 = or i1 %and_ln179_3, i1 %and_ln179_5" [top.cpp:179]   --->   Operation 80 'or' 'or_ln179_1' <Predicate = true> <Delay = 0.33> <CoreInst = "LogicGate">   --->   Core 74 'LogicGate' <Latency = 0> <II = 1> <Delay = 0.33> <FuncUnit> <Opcode : 'and' 'or' 'xor'> <InPorts = 2> <OutPorts = 1>
ST_3 : Operation 81 [1/1] (0.43ns) (out node of the LUT)   --->   "%select_ln179_3 = select i1 %or_ln179_1, i20 %select_ln179_2, i20 %add_ln179" [top.cpp:179]   --->   Operation 81 'select' 'select_ln179_3' <Predicate = true> <Delay = 0.43> <CoreInst = "Sel">   --->   Core 73 'Sel' <Latency = 0> <II = 1> <Delay = 0.43> <FuncUnit> <Opcode : 'select'> <InPorts = 3> <OutPorts = 1>

State 4 <SV = 3> <Delay = 2.16>
ST_4 : Operation 82 [1/1] (0.00ns)   --->   "%specpipeline_ln177 = specpipeline void @_ssdm_op_SpecPipeline, i32 1, i32 0, i32 0, i32 0, void @empty_11" [top.cpp:177]   --->   Operation 82 'specpipeline' 'specpipeline_ln177' <Predicate = true> <Delay = 0.00>
ST_4 : Operation 83 [1/1] ( I:2.16ns O:2.16ns )   --->   "%write_ln179 = write void @_ssdm_op_Write.ap_fifo.volatile.i20P0A, i20 %s3, i20 %select_ln179_3" [top.cpp:179]   --->   Operation 83 'write' 'write_ln179' <Predicate = true> <Delay = 2.16> <CoreInst = "FIFO_SRL">   --->   Core 80 'FIFO_SRL' <Latency = 0> <II = 1> <Delay = 2.16> <Storage> <Opcode : 'read' 'write' 'nbread' 'nbwrite'> <Ports = 0> <Width = 20> <Depth = 2> <FIFO>
ST_4 : Operation 84 [1/1] (0.48ns)   --->   "%ret_ln0 = ret"   --->   Operation 84 'ret' 'ret_ln0' <Predicate = (icmp_ln173)> <Delay = 0.48>


============================================================
+ Verbose Summary: Timing violations
============================================================
Target clock period: 10.000ns, clock uncertainty: 2.700ns.

 <State 1>: 2.788ns
The critical path consists of the following:
	'store' operation 0 bit ('store_ln0') of constant 0 on local variable 'i7' [19]  (0.489 ns)
	'load' operation 9 bit ('i7_load', top.cpp:176) on local variable 'i7' [26]  (0.000 ns)
	'add' operation 9 bit ('add_ln176', top.cpp:176) [77]  (0.921 ns)
	'select' operation 9 bit ('i', top.cpp:176) [78]  (0.458 ns)
	'icmp' operation 1 bit ('icmp_ln176', top.cpp:176) [79]  (0.921 ns)

 <State 2>: 2.167ns
The critical path consists of the following:
	fifo read operation ('inv_st', top.cpp:175) on port 's_stats' (top.cpp:175) [33]  (2.167 ns)

 <State 3>: 6.425ns
The critical path consists of the following:
	'load' operation 28 bit ('inv_st15_load') on local variable 'inv_st15' [37]  (0.000 ns)
	'mul' operation 64 bit ('mul_ln179', top.cpp:179) [44]  (3.930 ns)
	'add' operation 20 bit ('add_ln179', top.cpp:179) [50]  (1.063 ns)
	'xor' operation 1 bit ('xor_ln179', top.cpp:179) [52]  (0.000 ns)
	'and' operation 1 bit ('and_ln179', top.cpp:179) [53]  (0.331 ns)
	'select' operation 1 bit ('select_ln179', top.cpp:179) [60]  (0.000 ns)
	'xor' operation 1 bit ('xor_ln179_2', top.cpp:179) [65]  (0.000 ns)
	'or' operation 1 bit ('or_ln179', top.cpp:179) [66]  (0.000 ns)
	'and' operation 1 bit ('and_ln179_3', top.cpp:179) [68]  (0.331 ns)
	'or' operation 1 bit ('or_ln179_1', top.cpp:179) [74]  (0.331 ns)
	'select' operation 20 bit ('select_ln179_3', top.cpp:179) [75]  (0.439 ns)

 <State 4>: 2.167ns
The critical path consists of the following:
	fifo write operation ('write_ln179', top.cpp:179) on port 's3' (top.cpp:179) [76]  (2.167 ns)


============================================================
+ Verbose Summary: Binding
============================================================
N/A
* FSMD analyzer results:
  - Output states:
 - Input state : 
  - Chain level:
	State 1
	State 2
	State 3
	State 4


============================================================
+ Verbose Summary: Datapath Resource usage 
============================================================
N/A
