

================================================================
== Vitis HLS Report for 'k4_postprocess'
================================================================
* Date:           Mon Mar  2 19:53:38 2026

* Version:        2025.1.1 (Build 6214317 on Sep 11 2025)
* Project:        project_1
* Solution:       hls (Vivado IP Flow Target)
* Product family: zynquplus
* Target device:  xczu3eg-sbva484-1-e


================================================================
== Performance Estimates
================================================================
+ Timing: 
    * Summary: 
    +--------+----------+----------+------------+
    |  Clock |  Target  | Estimated| Uncertainty|
    +--------+----------+----------+------------+
    |ap_clk  |  10.00 ns|  6.464 ns|     2.70 ns|
    +--------+----------+----------+------------+

+ Latency: 
    * Summary: 
    +---------+---------+----------+----------+-------+-------+------------------------------------------------+
    |  Latency (cycles) |  Latency (absolute) |    Interval   |                    Pipeline                    |
    |   min   |   max   |    min   |    max   |  min  |  max  |                      Type                      |
    +---------+---------+----------+----------+-------+-------+------------------------------------------------+
    |    65538|    65538|  0.655 ms|  0.655 ms|  65536|  65536|  loop auto-rewind stp (delay=0 clock cycles(s))|
    +---------+---------+----------+----------+-------+-------+------------------------------------------------+

    + Detail: 
        * Instance: 
        N/A

        * Loop: 
        +--------------------+---------+---------+----------+-----------+-----------+-------+----------+
        |                    |  Latency (cycles) | Iteration|  Initiation Interval  |  Trip |          |
        |      Loop Name     |   min   |   max   |  Latency |  achieved |   target  | Count | Pipelined|
        +--------------------+---------+---------+----------+-----------+-----------+-------+----------+
        |- VITIS_LOOP_185_1  |    65536|    65536|         2|          1|          1|  65536|       yes|
        +--------------------+---------+---------+----------+-----------+-----------+-------+----------+



================================================================
== Utilization Estimates
================================================================
* Summary: 
+-----------------+---------+-----+--------+-------+-----+
|       Name      | BRAM_18K| DSP |   FF   |  LUT  | URAM|
+-----------------+---------+-----+--------+-------+-----+
|DSP              |        -|    -|       -|      -|    -|
|Expression       |        -|    -|       0|    314|    -|
|FIFO             |        -|    -|       -|      -|    -|
|Instance         |        -|    -|       -|      -|    -|
|Memory           |        -|    -|       -|      -|    -|
|Multiplexer      |        -|    -|       0|     54|    -|
|Register         |        -|    -|      37|      -|    -|
+-----------------+---------+-----+--------+-------+-----+
|Total            |        0|    0|      37|    368|    0|
+-----------------+---------+-----+--------+-------+-----+
|Available        |      432|  360|  141120|  70560|    0|
+-----------------+---------+-----+--------+-------+-----+
|Utilization (%)  |        0|    0|      ~0|     ~0|    0|
+-----------------+---------+-----+--------+-------+-----+

+ Detail: 
    * Instance: 
    N/A

    * DSP: 
    N/A

    * Memory: 
    N/A

    * FIFO: 
    N/A

    * Expression: 
    +---------------------------------------+----------+----+---+----+------------+------------+
    |             Variable Name             | Operation| DSP| FF| LUT| Bitwidth P0| Bitwidth P1|
    +---------------------------------------+----------+----+---+----+------------+------------+
    |add_ln187_1_fu_121_p2                  |         +|   0|  0|  55|          55|          55|
    |add_ln187_fu_127_p2                    |         +|   0|  0|  55|          55|          44|
    |k_fu_307_p2                            |         +|   0|  0|  23|          16|           1|
    |z_1_fu_171_p2                          |         +|   0|  0|  27|          20|          20|
    |and_ln187_1_fu_239_p2                  |       and|   0|  0|   2|           1|           1|
    |and_ln187_fu_221_p2                    |       and|   0|  0|   2|           1|           1|
    |ap_condition_101                       |       and|   0|  0|   2|           1|           1|
    |icmp_ln116_fu_279_p2                   |      icmp|   0|  0|  27|          20|          17|
    |icmp_ln185_fu_313_p2                   |      icmp|   0|  0|  23|          16|           2|
    |ap_block_pp0_stage0_01001_grp1         |        or|   0|  0|   2|           1|           1|
    |ap_block_pp0_stage0_11001              |        or|   0|  0|   2|           1|           1|
    |ap_block_state1_pp0_stage0_iter0_grp1  |        or|   0|  0|   2|           1|           1|
    |or_ln115_fu_293_p2                     |        or|   0|  0|   2|           1|           1|
    |or_ln187_1_fu_253_p2                   |        or|   0|  0|   2|           1|           1|
    |or_ln187_2_fu_191_p2                   |        or|   0|  0|   2|           1|           1|
    |or_ln187_3_fu_227_p2                   |        or|   0|  0|   2|           1|           1|
    |or_ln187_fu_215_p2                     |        or|   0|  0|   2|           1|           1|
    |select_ln115_1_fu_299_p3               |    select|   0|  0|  17|           1|          17|
    |select_ln115_fu_285_p3                 |    select|   0|  0|  12|           1|           1|
    |select_ln187_fu_245_p3                 |    select|   0|  0|  21|           1|          19|
    |z_3_fu_259_p3                          |    select|   0|  0|  20|           1|          20|
    |ap_enable_pp0                          |       xor|   0|  0|   2|           1|           2|
    |xor_ln187_1_fu_197_p2                  |       xor|   0|  0|   2|           1|           2|
    |xor_ln187_2_fu_203_p2                  |       xor|   0|  0|   2|           1|           1|
    |xor_ln187_3_fu_209_p2                  |       xor|   0|  0|   2|           1|           2|
    |xor_ln187_4_fu_233_p2                  |       xor|   0|  0|   2|           1|           2|
    |xor_ln187_fu_185_p2                    |       xor|   0|  0|   2|           1|           2|
    +---------------------------------------+----------+----+---+----+------------+------------+
    |Total                                  |          |   0|  0| 314|         203|         218|
    +---------------------------------------+----------+----+---+----+------------+------------+

    * Multiplexer: 
    +----------------------------------+----+-----------+-----+-----------+
    |               Name               | LUT| Input Size| Bits| Total Bits|
    +----------------------------------+----+-----------+-----+-----------+
    |ap_done_int                       |   9|          2|    1|          2|
    |ap_loop_exit_ready_pp0_iter1_reg  |   9|          2|    1|          2|
    |ap_sig_allocacmp_k1_load          |   9|          2|   16|         32|
    |k1_fu_72                          |   9|          2|   16|         32|
    |s3_blk_n                          |   9|          2|    1|          2|
    |s_out_blk_n                       |   9|          2|    1|          2|
    +----------------------------------+----+-----------+-----+-----------+
    |Total                             |  54|         12|   36|         72|
    +----------------------------------+----+-----------+-----+-----------+

    * Register: 
    +----------------------------------+----+----+-----+-----------+
    |               Name               | FF | LUT| Bits| Const Bits|
    +----------------------------------+----+----+-----+-----------+
    |ap_CS_fsm                         |   1|   0|    1|          0|
    |ap_done_reg                       |   1|   0|    1|          0|
    |ap_enable_reg_pp0_iter1           |   1|   0|    1|          0|
    |ap_loop_exit_ready_pp0_iter1_reg  |   1|   0|    1|          0|
    |k1_fu_72                          |  16|   0|   16|          0|
    |select_ln115_1_reg_335            |  17|   0|   17|          0|
    +----------------------------------+----+----+-----+-----------+
    |Total                             |  37|   0|   37|          0|
    +----------------------------------+----+----+-----+-----------+



================================================================
== Interface
================================================================
* Summary: 
+----------------------+-----+-----+------------+----------------+--------------+
|       RTL Ports      | Dir | Bits|  Protocol  |  Source Object |    C Type    |
+----------------------+-----+-----+------------+----------------+--------------+
|ap_clk                |   in|    1|  ap_ctrl_hs|  k4_postprocess|  return value|
|ap_rst                |   in|    1|  ap_ctrl_hs|  k4_postprocess|  return value|
|ap_start              |   in|    1|  ap_ctrl_hs|  k4_postprocess|  return value|
|ap_done               |  out|    1|  ap_ctrl_hs|  k4_postprocess|  return value|
|ap_continue           |   in|    1|  ap_ctrl_hs|  k4_postprocess|  return value|
|ap_idle               |  out|    1|  ap_ctrl_hs|  k4_postprocess|  return value|
|ap_ready              |  out|    1|  ap_ctrl_hs|  k4_postprocess|  return value|
|s3_dout               |   in|   20|     ap_fifo|              s3|       pointer|
|s3_empty_n            |   in|    1|     ap_fifo|              s3|       pointer|
|s3_read               |  out|    1|     ap_fifo|              s3|       pointer|
|s3_num_data_valid     |   in|    3|     ap_fifo|              s3|       pointer|
|s3_fifo_cap           |   in|    3|     ap_fifo|              s3|       pointer|
|s_out_din             |  out|   20|     ap_fifo|           s_out|       pointer|
|s_out_full_n          |   in|    1|     ap_fifo|           s_out|       pointer|
|s_out_write           |  out|    1|     ap_fifo|           s_out|       pointer|
|s_out_num_data_valid  |   in|   32|     ap_fifo|           s_out|       pointer|
|s_out_fifo_cap        |   in|   32|     ap_fifo|           s_out|       pointer|
+----------------------+-----+-----+------------+----------------+--------------+

============================================================
+ Verbose Summary: Synthesis Manager
============================================================
InlineROM: 1
ExposeGlobal: 0
============================================================
+ Verbose Summary: CDFG Model
============================================================
IsTopModel: 0
ResetActiveHigh: 1
IsCombinational: 2
IsDatapathOnly: 0
HasWiredReturn: 1
HasMFsm: 2
HasVarLatency: 1
IsPipeline: 0
IsRtlPipelined: 0
IsInstanceOverlapped: 0
IsDontTouch: 0
HasImplIP: 0
IsGatedGlobalClock: 0

+ Individual pipeline summary: 
  * Pipeline-0: initiation interval (II) = 1, depth = 2


============================================================
+ Verbose Summary: Schedule
============================================================
* Number of FSM states : 2
* Pipeline : 1
  Pipeline-0 : II = 1, D = 2, States = { 1 2 }
* Dataflow Pipeline: 0

* FSM state transitions: 
1 --> 2 
2 --> 

* FSM state operations: 

State 1 <SV = 0> <Delay = 6.46>
ST_1 : Operation 5 [1/1] (0.00ns)   --->   "%k1 = alloca i32 1"   --->   Operation 5 'alloca' 'k1' <Predicate = true> <Delay = 0.00>
ST_1 : Operation 6 [1/1] (0.00ns)   --->   "%specinterface_ln0 = specinterface void @_ssdm_op_SpecInterface, i20 %s3, void @empty_15, i32 0, i32 0, void @empty_11, i32 0, i32 0, void @empty_11, void @empty_11, void @empty_11, i32 0, i32 0, i32 0, i32 0, void @empty_11, void @empty_11, i32 4294967295, i32 0, i32 0"   --->   Operation 6 'specinterface' 'specinterface_ln0' <Predicate = true> <Delay = 0.00>
ST_1 : Operation 7 [1/1] (0.00ns)   --->   "%specinterface_ln0 = specinterface void @_ssdm_op_SpecInterface, i20 %s3, void @empty_15, i32 0, i32 0, void @empty_11, i32 0, i32 0, void @empty_11, void @empty_11, void @empty_11, i32 0, i32 0, i32 0, i32 0, void @empty_11, void @empty_11, i32 4294967295, i32 0, i32 0"   --->   Operation 7 'specinterface' 'specinterface_ln0' <Predicate = true> <Delay = 0.00>
ST_1 : Operation 8 [1/1] (0.00ns)   --->   "%specinterface_ln0 = specinterface void @_ssdm_op_SpecInterface, i20 %s3, void @empty_15, i32 0, i32 0, void @empty_11, i32 0, i32 0, void @empty_11, void @empty_11, void @empty_11, i32 0, i32 0, i32 0, i32 0, void @empty_11, void @empty_11, i32 4294967295, i32 0, i32 0"   --->   Operation 8 'specinterface' 'specinterface_ln0' <Predicate = true> <Delay = 0.00>
ST_1 : Operation 9 [1/1] (0.00ns)   --->   "%specinterface_ln0 = specinterface void @_ssdm_op_SpecInterface, i20 %s_out, void @empty_15, i32 0, i32 0, void @empty_11, i32 0, i32 0, void @empty_11, void @empty_11, void @empty_11, i32 0, i32 0, i32 0, i32 0, void @empty_11, void @empty_11, i32 4294967295, i32 0, i32 0"   --->   Operation 9 'specinterface' 'specinterface_ln0' <Predicate = true> <Delay = 0.00>
ST_1 : Operation 10 [1/1] (0.00ns)   --->   "%specinterface_ln0 = specinterface void @_ssdm_op_SpecInterface, i20 %s_out, void @empty_15, i32 0, i32 0, void @empty_11, i32 0, i32 0, void @empty_11, void @empty_11, void @empty_11, i32 0, i32 0, i32 0, i32 0, void @empty_11, void @empty_11, i32 4294967295, i32 0, i32 0"   --->   Operation 10 'specinterface' 'specinterface_ln0' <Predicate = true> <Delay = 0.00>
ST_1 : Operation 11 [1/1] (0.00ns)   --->   "%specinterface_ln0 = specinterface void @_ssdm_op_SpecInterface, i20 %s_out, void @empty_15, i32 0, i32 0, void @empty_11, i32 0, i32 0, void @empty_11, void @empty_11, void @empty_11, i32 0, i32 0, i32 0, i32 0, void @empty_11, void @empty_11, i32 4294967295, i32 0, i32 0"   --->   Operation 11 'specinterface' 'specinterface_ln0' <Predicate = true> <Delay = 0.00>
ST_1 : Operation 12 [1/1] (0.00ns)   --->   "%specinterface_ln0 = specinterface void @_ssdm_op_SpecInterface, i20 %s_out, void @empty_15, i32 0, i32 0, void @empty_11, i32 0, i32 0, void @empty_11, void @empty_11, void @empty_11, i32 0, i32 0, i32 0, i32 0, void @empty_11, void @empty_11, i32 4294967295, i32 0, i32 0"   --->   Operation 12 'specinterface' 'specinterface_ln0' <Predicate = true> <Delay = 0.00>
ST_1 : Operation 13 [1/1] (0.00ns)   --->   "%specinterface_ln0 = specinterface void @_ssdm_op_SpecInterface, i20 %s3, void @empty_15, i32 0, i32 0, void @empty_11, i32 0, i32 0, void @empty_11, void @empty_11, void @empty_11, i32 0, i32 0, i32 0, i32 0, void @empty_11, void @empty_11, i32 4294967295, i32 0, i32 0"   --->   Operation 13 'specinterface' 'specinterface_ln0' <Predicate = true> <Delay = 0.00>
ST_1 : Operation 14 [1/1] (0.48ns)   --->   "%store_ln0 = store i16 0, i16 %k1"   --->   Operation 14 'store' 'store_ln0' <Predicate = true> <Delay = 0.48>
ST_1 : Operation 15 [1/1] (0.00ns)   --->   "%br_ln185 = br void %for.body.split.i" [top.cpp:185]   --->   Operation 15 'br' 'br_ln185' <Predicate = true> <Delay = 0.00>
ST_1 : Operation 16 [1/1] (0.00ns)   --->   "%k1_load = load i16 %k1" [top.cpp:185]   --->   Operation 16 'load' 'k1_load' <Predicate = true> <Delay = 0.00>
ST_1 : Operation 17 [1/1] ( I:2.16ns O:2.16ns )   --->   "%s3_read = read i20 @_ssdm_op_Read.ap_fifo.volatile.i20P0A, i20 %s3" [top.cpp:187]   --->   Operation 17 'read' 's3_read' <Predicate = true> <Delay = 2.16> <CoreInst = "FIFO_SRL">   --->   Core 80 'FIFO_SRL' <Latency = 0> <II = 1> <Delay = 2.16> <Storage> <Opcode : 'read' 'write' 'nbread' 'nbwrite'> <Ports = 0> <Width = 20> <Depth = 2> <FIFO>
ST_1 : Operation 18 [1/1] (0.00ns)   --->   "%tmp = bitconcatenate i54 @_ssdm_op_BitConcatenate.i54.i20.i34, i20 %s3_read, i34 0" [top.cpp:187]   --->   Operation 18 'bitconcatenate' 'tmp' <Predicate = true> <Delay = 0.00>
ST_1 : Operation 19 [1/1] (0.00ns)   --->   "%sext_ln187 = sext i54 %tmp" [top.cpp:187]   --->   Operation 19 'sext' 'sext_ln187' <Predicate = true> <Delay = 0.00>
ST_1 : Operation 20 [1/1] (0.00ns)   --->   "%tmp_1 = bitconcatenate i52 @_ssdm_op_BitConcatenate.i52.i20.i32, i20 %s3_read, i32 0" [top.cpp:187]   --->   Operation 20 'bitconcatenate' 'tmp_1' <Predicate = true> <Delay = 0.00>
ST_1 : Operation 21 [1/1] (0.00ns)   --->   "%sext_ln187_1 = sext i52 %tmp_1" [top.cpp:187]   --->   Operation 21 'sext' 'sext_ln187_1' <Predicate = true> <Delay = 0.00>
ST_1 : Operation 22 [1/1] (0.00ns) (grouped into TernaryAdder)   --->   "%add_ln187_1 = add i55 %sext_ln187, i55 %sext_ln187_1" [top.cpp:187]   --->   Operation 22 'add' 'add_ln187_1' <Predicate = true> <Delay = 0.00> <CoreInst = "TAddSub">   --->   Core 10 'TAddSub' <Latency = 0> <II = 1> <Delay = 0.48> <IPBlock> <Opcode : 'add' 'sub'> <InPorts = 3> <OutPorts = 1> <Sync> <CReg>
ST_1 : Operation 23 [1/1] (0.97ns) (root node of TernaryAdder)   --->   "%add_ln187 = add i55 %add_ln187_1, i55 14073752190976" [top.cpp:187]   --->   Operation 23 'add' 'add_ln187' <Predicate = true> <Delay = 0.97> <CoreInst = "TAddSub">   --->   Core 10 'TAddSub' <Latency = 0> <II = 1> <Delay = 0.48> <IPBlock> <Opcode : 'add' 'sub'> <InPorts = 3> <OutPorts = 1> <Sync> <CReg>
ST_1 : Operation 24 [1/1] (0.00ns)   --->   "%tmp_2 = bitselect i1 @_ssdm_op_BitSelect.i1.i55.i32, i55 %add_ln187, i32 54" [top.cpp:187]   --->   Operation 24 'bitselect' 'tmp_2' <Predicate = true> <Delay = 0.00>
ST_1 : Operation 25 [1/1] (0.00ns)   --->   "%z = partselect i20 @_ssdm_op_PartSelect.i20.i55.i32.i32, i55 %add_ln187, i32 34, i32 53" [top.cpp:187]   --->   Operation 25 'partselect' 'z' <Predicate = true> <Delay = 0.00>
ST_1 : Operation 26 [1/1] (0.00ns)   --->   "%tmp_3 = bitselect i1 @_ssdm_op_BitSelect.i1.i55.i32, i55 %add_ln187, i32 33" [top.cpp:187]   --->   Operation 26 'bitselect' 'tmp_3' <Predicate = true> <Delay = 0.00>
ST_1 : Operation 27 [1/1] (0.00ns)   --->   "%tmp_4 = bitselect i1 @_ssdm_op_BitSelect.i1.i55.i32, i55 %add_ln187, i32 53" [top.cpp:187]   --->   Operation 27 'bitselect' 'tmp_4' <Predicate = true> <Delay = 0.00>
ST_1 : Operation 28 [1/1] (0.00ns)   --->   "%zext_ln187 = zext i1 %tmp_3" [top.cpp:187]   --->   Operation 28 'zext' 'zext_ln187' <Predicate = true> <Delay = 0.00>
ST_1 : Operation 29 [1/1] (1.06ns)   --->   "%z_1 = add i20 %z, i20 %zext_ln187" [top.cpp:187]   --->   Operation 29 'add' 'z_1' <Predicate = true> <Delay = 1.06> <CoreInst = "Adder">   --->   Core 1 'Adder' <Latency = 0> <II = 1> <Delay = 1.06> <FuncUnit> <Opcode : 'add' 'sub'> <InPorts = 2> <OutPorts = 1>
ST_1 : Operation 30 [1/1] (0.00ns)   --->   "%tmp_5 = bitselect i1 @_ssdm_op_BitSelect.i1.i20.i32, i20 %z_1, i32 19" [top.cpp:187]   --->   Operation 30 'bitselect' 'tmp_5' <Predicate = true> <Delay = 0.00>
ST_1 : Operation 31 [1/1] (0.00ns) (grouped into LUT with out node and_ln187)   --->   "%xor_ln187 = xor i1 %tmp_4, i1 1" [top.cpp:187]   --->   Operation 31 'xor' 'xor_ln187' <Predicate = true> <Delay = 0.00> <CoreInst = "LogicGate">   --->   Core 74 'LogicGate' <Latency = 0> <II = 1> <Delay = 0.33> <FuncUnit> <Opcode : 'and' 'or' 'xor'> <InPorts = 2> <OutPorts = 1>
ST_1 : Operation 32 [1/1] (0.00ns) (grouped into LUT with out node and_ln187)   --->   "%or_ln187_2 = or i1 %tmp_5, i1 %xor_ln187" [top.cpp:187]   --->   Operation 32 'or' 'or_ln187_2' <Predicate = true> <Delay = 0.00> <CoreInst = "LogicGate">   --->   Core 74 'LogicGate' <Latency = 0> <II = 1> <Delay = 0.33> <FuncUnit> <Opcode : 'and' 'or' 'xor'> <InPorts = 2> <OutPorts = 1>
ST_1 : Operation 33 [1/1] (0.00ns) (grouped into LUT with out node and_ln187)   --->   "%xor_ln187_1 = xor i1 %tmp_2, i1 1" [top.cpp:187]   --->   Operation 33 'xor' 'xor_ln187_1' <Predicate = true> <Delay = 0.00> <CoreInst = "LogicGate">   --->   Core 74 'LogicGate' <Latency = 0> <II = 1> <Delay = 0.33> <FuncUnit> <Opcode : 'and' 'or' 'xor'> <InPorts = 2> <OutPorts = 1>
ST_1 : Operation 34 [1/1] (0.00ns) (grouped into LUT with out node and_ln187)   --->   "%xor_ln187_2 = xor i1 %tmp_2, i1 %or_ln187_2" [top.cpp:187]   --->   Operation 34 'xor' 'xor_ln187_2' <Predicate = true> <Delay = 0.00> <CoreInst = "LogicGate">   --->   Core 74 'LogicGate' <Latency = 0> <II = 1> <Delay = 0.33> <FuncUnit> <Opcode : 'and' 'or' 'xor'> <InPorts = 2> <OutPorts = 1>
ST_1 : Operation 35 [1/1] (0.00ns) (grouped into LUT with out node and_ln187)   --->   "%xor_ln187_3 = xor i1 %xor_ln187_2, i1 1" [top.cpp:187]   --->   Operation 35 'xor' 'xor_ln187_3' <Predicate = true> <Delay = 0.00> <CoreInst = "LogicGate">   --->   Core 74 'LogicGate' <Latency = 0> <II = 1> <Delay = 0.33> <FuncUnit> <Opcode : 'and' 'or' 'xor'> <InPorts = 2> <OutPorts = 1>
ST_1 : Operation 36 [1/1] (0.00ns) (grouped into LUT with out node and_ln187)   --->   "%or_ln187 = or i1 %tmp_5, i1 %xor_ln187_3" [top.cpp:187]   --->   Operation 36 'or' 'or_ln187' <Predicate = true> <Delay = 0.00> <CoreInst = "LogicGate">   --->   Core 74 'LogicGate' <Latency = 0> <II = 1> <Delay = 0.33> <FuncUnit> <Opcode : 'and' 'or' 'xor'> <InPorts = 2> <OutPorts = 1>
ST_1 : Operation 37 [1/1] (0.33ns) (out node of the LUT)   --->   "%and_ln187 = and i1 %or_ln187, i1 %xor_ln187_1" [top.cpp:187]   --->   Operation 37 'and' 'and_ln187' <Predicate = true> <Delay = 0.33> <CoreInst = "LogicGate">   --->   Core 74 'LogicGate' <Latency = 0> <II = 1> <Delay = 0.33> <FuncUnit> <Opcode : 'and' 'or' 'xor'> <InPorts = 2> <OutPorts = 1>
ST_1 : Operation 38 [1/1] (0.00ns) (grouped into LUT with out node z_3)   --->   "%or_ln187_3 = or i1 %tmp_4, i1 %tmp_5" [top.cpp:187]   --->   Operation 38 'or' 'or_ln187_3' <Predicate = true> <Delay = 0.00> <CoreInst = "LogicGate">   --->   Core 74 'LogicGate' <Latency = 0> <II = 1> <Delay = 0.33> <FuncUnit> <Opcode : 'and' 'or' 'xor'> <InPorts = 2> <OutPorts = 1>
ST_1 : Operation 39 [1/1] (0.00ns) (grouped into LUT with out node z_3)   --->   "%xor_ln187_4 = xor i1 %or_ln187_3, i1 1" [top.cpp:187]   --->   Operation 39 'xor' 'xor_ln187_4' <Predicate = true> <Delay = 0.00> <CoreInst = "LogicGate">   --->   Core 74 'LogicGate' <Latency = 0> <II = 1> <Delay = 0.33> <FuncUnit> <Opcode : 'and' 'or' 'xor'> <InPorts = 2> <OutPorts = 1>
ST_1 : Operation 40 [1/1] (0.00ns) (grouped into LUT with out node z_3)   --->   "%and_ln187_1 = and i1 %tmp_2, i1 %xor_ln187_4" [top.cpp:187]   --->   Operation 40 'and' 'and_ln187_1' <Predicate = true> <Delay = 0.00> <CoreInst = "LogicGate">   --->   Core 74 'LogicGate' <Latency = 0> <II = 1> <Delay = 0.33> <FuncUnit> <Opcode : 'and' 'or' 'xor'> <InPorts = 2> <OutPorts = 1>
ST_1 : Operation 41 [1/1] (0.00ns) (grouped into LUT with out node z_3)   --->   "%select_ln187 = select i1 %and_ln187, i20 524287, i20 524288" [top.cpp:187]   --->   Operation 41 'select' 'select_ln187' <Predicate = true> <Delay = 0.00> <CoreInst = "Sel">   --->   Core 73 'Sel' <Latency = 0> <II = 1> <Delay = 0.43> <FuncUnit> <Opcode : 'select'> <InPorts = 3> <OutPorts = 1>
ST_1 : Operation 42 [1/1] (0.00ns) (grouped into LUT with out node z_3)   --->   "%or_ln187_1 = or i1 %and_ln187, i1 %and_ln187_1" [top.cpp:187]   --->   Operation 42 'or' 'or_ln187_1' <Predicate = true> <Delay = 0.00> <CoreInst = "LogicGate">   --->   Core 74 'LogicGate' <Latency = 0> <II = 1> <Delay = 0.33> <FuncUnit> <Opcode : 'and' 'or' 'xor'> <InPorts = 2> <OutPorts = 1>
ST_1 : Operation 43 [1/1] (0.43ns) (out node of the LUT)   --->   "%z_3 = select i1 %or_ln187_1, i20 %select_ln187, i20 %z_1" [top.cpp:187]   --->   Operation 43 'select' 'z_3' <Predicate = true> <Delay = 0.43> <CoreInst = "Sel">   --->   Core 73 'Sel' <Latency = 0> <II = 1> <Delay = 0.43> <FuncUnit> <Opcode : 'select'> <InPorts = 3> <OutPorts = 1>
ST_1 : Operation 44 [1/1] (0.00ns) (grouped into LUT with out node select_ln115_1)   --->   "%trunc_ln187 = trunc i20 %z_3" [top.cpp:187]   --->   Operation 44 'trunc' 'trunc_ln187' <Predicate = true> <Delay = 0.00>
ST_1 : Operation 45 [1/1] (0.00ns)   --->   "%tmp_6 = bitselect i1 @_ssdm_op_BitSelect.i1.i20.i32, i20 %z_3, i32 19" [top.cpp:115->top.cpp:188]   --->   Operation 45 'bitselect' 'tmp_6' <Predicate = true> <Delay = 0.00>
ST_1 : Operation 46 [1/1] (1.06ns)   --->   "%icmp_ln116 = icmp_sgt  i20 %z_3, i20 129434" [top.cpp:116->top.cpp:188]   --->   Operation 46 'icmp' 'icmp_ln116' <Predicate = true> <Delay = 1.06> <CoreInst = "Cmp">   --->   Core 9 'Cmp' <Latency = 0> <II = 1> <Delay = 1.06> <FuncUnit> <Opcode : 'seteq' 'setne' 'setle' 'setge' 'setlt' 'setgt'> <InPorts = 2> <OutPorts = 1>
ST_1 : Operation 47 [1/1] (0.00ns) (grouped into LUT with out node select_ln115_1)   --->   "%select_ln115 = select i1 %tmp_6, i17 0, i17 129434" [top.cpp:115->top.cpp:188]   --->   Operation 47 'select' 'select_ln115' <Predicate = true> <Delay = 0.00> <CoreInst = "Sel">   --->   Core 73 'Sel' <Latency = 0> <II = 1> <Delay = 0.43> <FuncUnit> <Opcode : 'select'> <InPorts = 3> <OutPorts = 1>
ST_1 : Operation 48 [1/1] (0.00ns) (grouped into LUT with out node select_ln115_1)   --->   "%or_ln115 = or i1 %tmp_6, i1 %icmp_ln116" [top.cpp:115->top.cpp:188]   --->   Operation 48 'or' 'or_ln115' <Predicate = true> <Delay = 0.00> <CoreInst = "LogicGate">   --->   Core 74 'LogicGate' <Latency = 0> <II = 1> <Delay = 0.33> <FuncUnit> <Opcode : 'and' 'or' 'xor'> <InPorts = 2> <OutPorts = 1>
ST_1 : Operation 49 [1/1] (0.43ns) (out node of the LUT)   --->   "%select_ln115_1 = select i1 %or_ln115, i17 %select_ln115, i17 %trunc_ln187" [top.cpp:115->top.cpp:188]   --->   Operation 49 'select' 'select_ln115_1' <Predicate = true> <Delay = 0.43> <CoreInst = "Sel">   --->   Core 73 'Sel' <Latency = 0> <II = 1> <Delay = 0.42> <FuncUnit> <Opcode : 'select'> <InPorts = 3> <OutPorts = 1>
ST_1 : Operation 50 [1/1] (1.01ns)   --->   "%k = add i16 %k1_load, i16 1" [top.cpp:185]   --->   Operation 50 'add' 'k' <Predicate = true> <Delay = 1.01> <CoreInst = "Adder">   --->   Core 1 'Adder' <Latency = 0> <II = 1> <Delay = 1.01> <FuncUnit> <Opcode : 'add' 'sub'> <InPorts = 2> <OutPorts = 1>
ST_1 : Operation 51 [1/1] (1.01ns)   --->   "%icmp_ln185 = icmp_eq  i16 %k1_load, i16 65535" [top.cpp:185]   --->   Operation 51 'icmp' 'icmp_ln185' <Predicate = true> <Delay = 1.01> <CoreInst = "Cmp">   --->   Core 9 'Cmp' <Latency = 0> <II = 1> <Delay = 1.01> <FuncUnit> <Opcode : 'seteq' 'setne' 'setle' 'setge' 'setlt' 'setgt'> <InPorts = 2> <OutPorts = 1>
ST_1 : Operation 52 [1/1] (0.48ns)   --->   "%store_ln185 = store i16 %k, i16 %k1" [top.cpp:185]   --->   Operation 52 'store' 'store_ln185' <Predicate = true> <Delay = 0.48>
ST_1 : Operation 53 [1/1] (0.00ns)   --->   "%br_ln185 = br i1 %icmp_ln185, void %for.body.split.i, void %k4_postprocess.exit" [top.cpp:185]   --->   Operation 53 'br' 'br_ln185' <Predicate = true> <Delay = 0.00>

State 2 <SV = 1> <Delay = 2.16>
ST_2 : Operation 54 [1/1] (0.00ns)   --->   "%specpipeline_ln186 = specpipeline void @_ssdm_op_SpecPipeline, i32 1, i32 0, i32 0, i32 0, void @empty_11" [top.cpp:186]   --->   Operation 54 'specpipeline' 'specpipeline_ln186' <Predicate = true> <Delay = 0.00>
ST_2 : Operation 55 [1/1] (0.00ns)   --->   "%speclooptripcount_ln185 = speclooptripcount void @_ssdm_op_SpecLoopTripCount, i64 65536, i64 65536, i64 65536" [top.cpp:185]   --->   Operation 55 'speclooptripcount' 'speclooptripcount_ln185' <Predicate = true> <Delay = 0.00>
ST_2 : Operation 56 [1/1] (0.00ns)   --->   "%specloopname_ln185 = specloopname void @_ssdm_op_SpecLoopName, void @empty_3" [top.cpp:185]   --->   Operation 56 'specloopname' 'specloopname_ln185' <Predicate = true> <Delay = 0.00>
ST_2 : Operation 57 [1/1] (0.00ns)   --->   "%zext_ln188 = zext i17 %select_ln115_1" [top.cpp:188]   --->   Operation 57 'zext' 'zext_ln188' <Predicate = true> <Delay = 0.00>
ST_2 : Operation 58 [1/1] ( I:2.16ns O:2.16ns )   --->   "%write_ln188 = write void @_ssdm_op_Write.ap_fifo.volatile.i20P0A, i20 %s_out, i20 %zext_ln188" [top.cpp:188]   --->   Operation 58 'write' 'write_ln188' <Predicate = true> <Delay = 2.16> <CoreInst = "FIFO_SRL">   --->   Core 80 'FIFO_SRL' <Latency = 0> <II = 1> <Delay = 2.16> <Storage> <Opcode : 'read' 'write' 'nbread' 'nbwrite'> <Ports = 0> <Width = 20> <Depth = 2> <FIFO>
ST_2 : Operation 59 [1/1] (0.48ns)   --->   "%ret_ln0 = ret"   --->   Operation 59 'ret' 'ret_ln0' <Predicate = (icmp_ln185)> <Delay = 0.48>


============================================================
+ Verbose Summary: Binding
============================================================
STG Binding: 
---------------- STG Properties BEGIN ----------------
- Is combinational: 0
- Is one-state seq: 0
- Is datapath-only: 0
- Is pipelined: 0
- Is top level: 0
Port [ Return ] is wired: 1; IO mode=ap_ctrl_hs:ce=0
Port [ s3]:  wired=1; compound=1; hidden=0; nouse=0; global=1; static=1; extern=0; dir=0; type=3; pingpong=0; private_global=0; IO mode=ap_fifo:ce=0
Port [ s_out]:  wired=1; compound=1; hidden=0; nouse=0; global=1; static=1; extern=0; dir=1; type=3; pingpong=0; private_global=0; IO mode=ap_fifo:ce=0
---------------- STG Properties END ------------------

---------------- Datapath Model BEGIN ----------------

<LifeTime>
<method=bitvector/>
k1                      (alloca           ) [ 010]
specinterface_ln0       (specinterface    ) [ 000]
specinterface_ln0       (specinterface    ) [ 000]
specinterface_ln0       (specinterface    ) [ 000]
specinterface_ln0       (specinterface    ) [ 000]
specinterface_ln0       (specinterface    ) [ 000]
specinterface_ln0       (specinterface    ) [ 000]
specinterface_ln0       (specinterface    ) [ 000]
specinterface_ln0       (specinterface    ) [ 000]
store_ln0               (store            ) [ 000]
br_ln185                (br               ) [ 000]
k1_load                 (load             ) [ 000]
s3_read                 (read             ) [ 000]
tmp                     (bitconcatenate   ) [ 000]
sext_ln187              (sext             ) [ 000]
tmp_1                   (bitconcatenate   ) [ 000]
sext_ln187_1            (sext             ) [ 000]
add_ln187_1             (add              ) [ 000]
add_ln187               (add              ) [ 000]
tmp_2                   (bitselect        ) [ 000]
z                       (partselect       ) [ 000]
tmp_3                   (bitselect        ) [ 000]
tmp_4                   (bitselect        ) [ 000]
zext_ln187              (zext             ) [ 000]
z_1                     (add              ) [ 000]
tmp_5                   (bitselect        ) [ 000]
xor_ln187               (xor              ) [ 000]
or_ln187_2              (or               ) [ 000]
xor_ln187_1             (xor              ) [ 000]
xor_ln187_2             (xor              ) [ 000]
xor_ln187_3             (xor              ) [ 000]
or_ln187                (or               ) [ 000]
and_ln187               (and              ) [ 000]
or_ln187_3              (or               ) [ 000]
xor_ln187_4             (xor              ) [ 000]
and_ln187_1             (and              ) [ 000]
select_ln187            (select           ) [ 000]
or_ln187_1              (or               ) [ 000]
z_3                     (select           ) [ 000]
trunc_ln187             (trunc            ) [ 000]
tmp_6                   (bitselect        ) [ 000]
icmp_ln116              (icmp             ) [ 000]
select_ln115            (select           ) [ 000]
or_ln115                (or               ) [ 000]
select_ln115_1          (select           ) [ 011]
k                       (add              ) [ 000]
icmp_ln185              (icmp             ) [ 011]
store_ln185             (store            ) [ 000]
br_ln185                (br               ) [ 000]
specpipeline_ln186      (specpipeline     ) [ 000]
speclooptripcount_ln185 (speclooptripcount) [ 000]
specloopname_ln185      (specloopname     ) [ 000]
zext_ln188              (zext             ) [ 000]
write_ln188             (write            ) [ 000]
ret_ln0                 (ret              ) [ 000]
</LifeTime>

<model>

<comp_list>
<comp id="0" class="1000" name="s3">
<pin_list>
<pin id="1" dir="1" index="0" bw="1" slack="0"/>
</pin_list>
<bind>
<StgValue><ssdm name="s3"/></StgValue>
</bind>
</comp>

<comp id="2" class="1000" name="s_out">
<pin_list>
<pin id="3" dir="1" index="0" bw="1" slack="0"/>
</pin_list>
<bind>
<StgValue><ssdm name="s_out"/></StgValue>
</bind>
</comp>

<comp id="4" class="1001" name="const_4">
<pin_list>
<pin id="5" dir="1" index="0" bw="1" slack="0"/>
</pin_list>
<bind>
<StgValue><ssdm name=""/></StgValue>
</bind>
</comp>

<comp id="6" class="1001" name="const_6">
<pin_list>
<pin id="7" dir="1" index="0" bw="1" slack="2147483647"/>
</pin_list>
<bind>
<StgValue><ssdm name="_ssdm_op_SpecInterface"/></StgValue>
</bind>
</comp>

<comp id="8" class="1001" name="const_8">
<pin_list>
<pin id="9" dir="1" index="0" bw="1" slack="2147483647"/>
</pin_list>
<bind>
<StgValue><ssdm name="empty_15"/></StgValue>
</bind>
</comp>

<comp id="10" class="1001" name="const_10">
<pin_list>
<pin id="11" dir="1" index="0" bw="1" slack="0"/>
</pin_list>
<bind>
<StgValue><ssdm name=""/></StgValue>
</bind>
</comp>

<comp id="12" class="1001" name="const_12">
<pin_list>
<pin id="13" dir="1" index="0" bw="1" slack="2147483647"/>
</pin_list>
<bind>
<StgValue><ssdm name="empty_11"/></StgValue>
</bind>
</comp>

<comp id="14" class="1001" name="const_14">
<pin_list>
<pin id="15" dir="1" index="0" bw="1" slack="2147483647"/>
</pin_list>
<bind>
<StgValue><ssdm name=""/></StgValue>
</bind>
</comp>

<comp id="16" class="1001" name="const_16">
<pin_list>
<pin id="17" dir="1" index="0" bw="1" slack="0"/>
</pin_list>
<bind>
<StgValue><ssdm name=""/></StgValue>
</bind>
</comp>

<comp id="18" class="1001" name="const_18">
<pin_list>
<pin id="19" dir="1" index="0" bw="1" slack="0"/>
</pin_list>
<bind>
<StgValue><ssdm name="_ssdm_op_Read.ap_fifo.volatile.i20P0A"/></StgValue>
</bind>
</comp>

<comp id="20" class="1001" name="const_20">
<pin_list>
<pin id="21" dir="1" index="0" bw="1" slack="0"/>
</pin_list>
<bind>
<StgValue><ssdm name="_ssdm_op_BitConcatenate.i54.i20.i34"/></StgValue>
</bind>
</comp>

<comp id="22" class="1001" name="const_22">
<pin_list>
<pin id="23" dir="1" index="0" bw="1" slack="0"/>
</pin_list>
<bind>
<StgValue><ssdm name=""/></StgValue>
</bind>
</comp>

<comp id="24" class="1001" name="const_24">
<pin_list>
<pin id="25" dir="1" index="0" bw="1" slack="0"/>
</pin_list>
<bind>
<StgValue><ssdm name="_ssdm_op_BitConcatenate.i52.i20.i32"/></StgValue>
</bind>
</comp>

<comp id="26" class="1001" name="const_26">
<pin_list>
<pin id="27" dir="1" index="0" bw="1" slack="0"/>
</pin_list>
<bind>
<StgValue><ssdm name=""/></StgValue>
</bind>
</comp>

<comp id="28" class="1001" name="const_28">
<pin_list>
<pin id="29" dir="1" index="0" bw="1" slack="0"/>
</pin_list>
<bind>
<StgValue><ssdm name="_ssdm_op_BitSelect.i1.i55.i32"/></StgValue>
</bind>
</comp>

<comp id="30" class="1001" name="const_30">
<pin_list>
<pin id="31" dir="1" index="0" bw="1" slack="0"/>
</pin_list>
<bind>
<StgValue><ssdm name=""/></StgValue>
</bind>
</comp>

<comp id="32" class="1001" name="const_32">
<pin_list>
<pin id="33" dir="1" index="0" bw="1" slack="0"/>
</pin_list>
<bind>
<StgValue><ssdm name="_ssdm_op_PartSelect.i20.i55.i32.i32"/></StgValue>
</bind>
</comp>

<comp id="34" class="1001" name="const_34">
<pin_list>
<pin id="35" dir="1" index="0" bw="1" slack="0"/>
</pin_list>
<bind>
<StgValue><ssdm name=""/></StgValue>
</bind>
</comp>

<comp id="36" class="1001" name="const_36">
<pin_list>
<pin id="37" dir="1" index="0" bw="1" slack="0"/>
</pin_list>
<bind>
<StgValue><ssdm name=""/></StgValue>
</bind>
</comp>

<comp id="38" class="1001" name="const_38">
<pin_list>
<pin id="39" dir="1" index="0" bw="1" slack="0"/>
</pin_list>
<bind>
<StgValue><ssdm name=""/></StgValue>
</bind>
</comp>

<comp id="40" class="1001" name="const_40">
<pin_list>
<pin id="41" dir="1" index="0" bw="1" slack="0"/>
</pin_list>
<bind>
<StgValue><ssdm name="_ssdm_op_BitSelect.i1.i20.i32"/></StgValue>
</bind>
</comp>

<comp id="42" class="1001" name="const_42">
<pin_list>
<pin id="43" dir="1" index="0" bw="1" slack="0"/>
</pin_list>
<bind>
<StgValue><ssdm name=""/></StgValue>
</bind>
</comp>

<comp id="44" class="1001" name="const_44">
<pin_list>
<pin id="45" dir="1" index="0" bw="1" slack="0"/>
</pin_list>
<bind>
<StgValue><ssdm name=""/></StgValue>
</bind>
</comp>

<comp id="46" class="1001" name="const_46">
<pin_list>
<pin id="47" dir="1" index="0" bw="1" slack="0"/>
</pin_list>
<bind>
<StgValue><ssdm name=""/></StgValue>
</bind>
</comp>

<comp id="48" class="1001" name="const_48">
<pin_list>
<pin id="49" dir="1" index="0" bw="1" slack="0"/>
</pin_list>
<bind>
<StgValue><ssdm name=""/></StgValue>
</bind>
</comp>

<comp id="50" class="1001" name="const_50">
<pin_list>
<pin id="51" dir="1" index="0" bw="1" slack="0"/>
</pin_list>
<bind>
<StgValue><ssdm name=""/></StgValue>
</bind>
</comp>

<comp id="52" class="1001" name="const_52">
<pin_list>
<pin id="53" dir="1" index="0" bw="1" slack="0"/>
</pin_list>
<bind>
<StgValue><ssdm name=""/></StgValue>
</bind>
</comp>

<comp id="54" class="1001" name="const_54">
<pin_list>
<pin id="55" dir="1" index="0" bw="1" slack="0"/>
</pin_list>
<bind>
<StgValue><ssdm name=""/></StgValue>
</bind>
</comp>

<comp id="56" class="1001" name="const_56">
<pin_list>
<pin id="57" dir="1" index="0" bw="1" slack="0"/>
</pin_list>
<bind>
<StgValue><ssdm name=""/></StgValue>
</bind>
</comp>

<comp id="58" class="1001" name="const_58">
<pin_list>
<pin id="59" dir="1" index="0" bw="1" slack="0"/>
</pin_list>
<bind>
<StgValue><ssdm name=""/></StgValue>
</bind>
</comp>

<comp id="60" class="1001" name="const_60">
<pin_list>
<pin id="61" dir="1" index="0" bw="1" slack="2147483647"/>
</pin_list>
<bind>
<StgValue><ssdm name="_ssdm_op_SpecPipeline"/></StgValue>
</bind>
</comp>

<comp id="62" class="1001" name="const_62">
<pin_list>
<pin id="63" dir="1" index="0" bw="1" slack="2147483647"/>
</pin_list>
<bind>
<StgValue><ssdm name="_ssdm_op_SpecLoopTripCount"/></StgValue>
</bind>
</comp>

<comp id="64" class="1001" name="const_64">
<pin_list>
<pin id="65" dir="1" index="0" bw="1" slack="2147483647"/>
</pin_list>
<bind>
<StgValue><ssdm name=""/></StgValue>
</bind>
</comp>

<comp id="66" class="1001" name="const_66">
<pin_list>
<pin id="67" dir="1" index="0" bw="1" slack="2147483647"/>
</pin_list>
<bind>
<StgValue><ssdm name="_ssdm_op_SpecLoopName"/></StgValue>
</bind>
</comp>

<comp id="68" class="1001" name="const_68">
<pin_list>
<pin id="69" dir="1" index="0" bw="1" slack="2147483647"/>
</pin_list>
<bind>
<StgValue><ssdm name="empty_3"/></StgValue>
</bind>
</comp>

<comp id="70" class="1001" name="const_70">
<pin_list>
<pin id="71" dir="1" index="0" bw="1" slack="0"/>
</pin_list>
<bind>
<StgValue><ssdm name="_ssdm_op_Write.ap_fifo.volatile.i20P0A"/></StgValue>
</bind>
</comp>

<comp id="72" class="1004" name="k1_fu_72">
<pin_list>
<pin id="73" dir="0" index="0" bw="1" slack="0"/>
<pin id="74" dir="1" index="1" bw="16" slack="0"/>
</pin_list>
<bind>
<opcode="alloca(26) " fcode="alloca"/>
<opset="k1/1 "/>
</bind>
</comp>

<comp id="76" class="1004" name="s3_read_read_fu_76">
<pin_list>
<pin id="77" dir="0" index="0" bw="20" slack="0"/>
<pin id="78" dir="0" index="1" bw="20" slack="0"/>
<pin id="79" dir="1" index="2" bw="20" slack="0"/>
</pin_list>
<bind>
<opcode="read(1150) " fcode="read"/>
<opset="s3_read/1 "/>
</bind>
</comp>

<comp id="82" class="1004" name="write_ln188_write_fu_82">
<pin_list>
<pin id="83" dir="0" index="0" bw="0" slack="0"/>
<pin id="84" dir="0" index="1" bw="20" slack="0"/>
<pin id="85" dir="0" index="2" bw="17" slack="0"/>
<pin id="86" dir="1" index="3" bw="0" slack="2147483647"/>
</pin_list>
<bind>
<opcode="write(1151) " fcode="write"/>
<opset="write_ln188/2 "/>
</bind>
</comp>

<comp id="89" class="1004" name="store_ln0_store_fu_89">
<pin_list>
<pin id="90" dir="0" index="0" bw="1" slack="0"/>
<pin id="91" dir="0" index="1" bw="16" slack="0"/>
<pin id="92" dir="1" index="2" bw="0" slack="2147483647"/>
</pin_list>
<bind>
<opcode="store(28) " fcode="store"/>
<opset="store_ln0/1 "/>
</bind>
</comp>

<comp id="94" class="1004" name="k1_load_load_fu_94">
<pin_list>
<pin id="95" dir="0" index="0" bw="16" slack="0"/>
<pin id="96" dir="1" index="1" bw="16" slack="0"/>
</pin_list>
<bind>
<opcode="load(27) " fcode="load"/>
<opset="k1_load/1 "/>
</bind>
</comp>

<comp id="97" class="1004" name="tmp_fu_97">
<pin_list>
<pin id="98" dir="0" index="0" bw="54" slack="0"/>
<pin id="99" dir="0" index="1" bw="20" slack="0"/>
<pin id="100" dir="0" index="2" bw="1" slack="0"/>
<pin id="101" dir="1" index="3" bw="54" slack="0"/>
</pin_list>
<bind>
<opcode="bitconcatenate(1004) " fcode="bitconcatenate"/>
<opset="tmp/1 "/>
</bind>
</comp>

<comp id="105" class="1004" name="sext_ln187_fu_105">
<pin_list>
<pin id="106" dir="0" index="0" bw="54" slack="0"/>
<pin id="107" dir="1" index="1" bw="55" slack="0"/>
</pin_list>
<bind>
<opcode="sext(35) " fcode="sext"/>
<opset="sext_ln187/1 "/>
</bind>
</comp>

<comp id="109" class="1004" name="tmp_1_fu_109">
<pin_list>
<pin id="110" dir="0" index="0" bw="52" slack="0"/>
<pin id="111" dir="0" index="1" bw="20" slack="0"/>
<pin id="112" dir="0" index="2" bw="1" slack="0"/>
<pin id="113" dir="1" index="3" bw="52" slack="0"/>
</pin_list>
<bind>
<opcode="bitconcatenate(1004) " fcode="bitconcatenate"/>
<opset="tmp_1/1 "/>
</bind>
</comp>

<comp id="117" class="1004" name="sext_ln187_1_fu_117">
<pin_list>
<pin id="118" dir="0" index="0" bw="52" slack="0"/>
<pin id="119" dir="1" index="1" bw="55" slack="0"/>
</pin_list>
<bind>
<opcode="sext(35) " fcode="sext"/>
<opset="sext_ln187_1/1 "/>
</bind>
</comp>

<comp id="121" class="1004" name="add_ln187_1_fu_121">
<pin_list>
<pin id="122" dir="0" index="0" bw="54" slack="0"/>
<pin id="123" dir="0" index="1" bw="52" slack="0"/>
<pin id="124" dir="1" index="2" bw="55" slack="0"/>
</pin_list>
<bind>
<opcode="add(8) " fcode="add"/>
<opset="add_ln187_1/1 "/>
</bind>
</comp>

<comp id="127" class="1004" name="add_ln187_fu_127">
<pin_list>
<pin id="128" dir="0" index="0" bw="55" slack="0"/>
<pin id="129" dir="0" index="1" bw="45" slack="0"/>
<pin id="130" dir="1" index="2" bw="55" slack="0"/>
</pin_list>
<bind>
<opcode="add(8) " fcode="add"/>
<opset="add_ln187/1 "/>
</bind>
</comp>

<comp id="133" class="1004" name="tmp_2_fu_133">
<pin_list>
<pin id="134" dir="0" index="0" bw="1" slack="0"/>
<pin id="135" dir="0" index="1" bw="55" slack="0"/>
<pin id="136" dir="0" index="2" bw="7" slack="0"/>
<pin id="137" dir="1" index="3" bw="1" slack="0"/>
</pin_list>
<bind>
<opcode="bitselect(1000) " fcode="bitselect"/>
<opset="tmp_2/1 "/>
</bind>
</comp>

<comp id="141" class="1004" name="z_fu_141">
<pin_list>
<pin id="142" dir="0" index="0" bw="20" slack="0"/>
<pin id="143" dir="0" index="1" bw="55" slack="0"/>
<pin id="144" dir="0" index="2" bw="7" slack="0"/>
<pin id="145" dir="0" index="3" bw="7" slack="0"/>
<pin id="146" dir="1" index="4" bw="20" slack="0"/>
</pin_list>
<bind>
<opcode="partselect(1002) " fcode="partselect"/>
<opset="z/1 "/>
</bind>
</comp>

<comp id="151" class="1004" name="tmp_3_fu_151">
<pin_list>
<pin id="152" dir="0" index="0" bw="1" slack="0"/>
<pin id="153" dir="0" index="1" bw="55" slack="0"/>
<pin id="154" dir="0" index="2" bw="7" slack="0"/>
<pin id="155" dir="1" index="3" bw="1" slack="0"/>
</pin_list>
<bind>
<opcode="bitselect(1000) " fcode="bitselect"/>
<opset="tmp_3/1 "/>
</bind>
</comp>

<comp id="159" class="1004" name="tmp_4_fu_159">
<pin_list>
<pin id="160" dir="0" index="0" bw="1" slack="0"/>
<pin id="161" dir="0" index="1" bw="55" slack="0"/>
<pin id="162" dir="0" index="2" bw="7" slack="0"/>
<pin id="163" dir="1" index="3" bw="1" slack="0"/>
</pin_list>
<bind>
<opcode="bitselect(1000) " fcode="bitselect"/>
<opset="tmp_4/1 "/>
</bind>
</comp>

<comp id="167" class="1004" name="zext_ln187_fu_167">
<pin_list>
<pin id="168" dir="0" index="0" bw="1" slack="0"/>
<pin id="169" dir="1" index="1" bw="20" slack="0"/>
</pin_list>
<bind>
<opcode="zext(34) " fcode="zext"/>
<opset="zext_ln187/1 "/>
</bind>
</comp>

<comp id="171" class="1004" name="z_1_fu_171">
<pin_list>
<pin id="172" dir="0" index="0" bw="20" slack="0"/>
<pin id="173" dir="0" index="1" bw="1" slack="0"/>
<pin id="174" dir="1" index="2" bw="20" slack="0"/>
</pin_list>
<bind>
<opcode="add(8) " fcode="add"/>
<opset="z_1/1 "/>
</bind>
</comp>

<comp id="177" class="1004" name="tmp_5_fu_177">
<pin_list>
<pin id="178" dir="0" index="0" bw="1" slack="0"/>
<pin id="179" dir="0" index="1" bw="20" slack="0"/>
<pin id="180" dir="0" index="2" bw="6" slack="0"/>
<pin id="181" dir="1" index="3" bw="1" slack="0"/>
</pin_list>
<bind>
<opcode="bitselect(1000) " fcode="bitselect"/>
<opset="tmp_5/1 "/>
</bind>
</comp>

<comp id="185" class="1004" name="xor_ln187_fu_185">
<pin_list>
<pin id="186" dir="0" index="0" bw="1" slack="0"/>
<pin id="187" dir="0" index="1" bw="1" slack="0"/>
<pin id="188" dir="1" index="2" bw="1" slack="0"/>
</pin_list>
<bind>
<opcode="xor(25) " fcode="xor"/>
<opset="xor_ln187/1 "/>
</bind>
</comp>

<comp id="191" class="1004" name="or_ln187_2_fu_191">
<pin_list>
<pin id="192" dir="0" index="0" bw="1" slack="0"/>
<pin id="193" dir="0" index="1" bw="1" slack="0"/>
<pin id="194" dir="1" index="2" bw="1" slack="0"/>
</pin_list>
<bind>
<opcode="or(24) " fcode="or"/>
<opset="or_ln187_2/1 "/>
</bind>
</comp>

<comp id="197" class="1004" name="xor_ln187_1_fu_197">
<pin_list>
<pin id="198" dir="0" index="0" bw="1" slack="0"/>
<pin id="199" dir="0" index="1" bw="1" slack="0"/>
<pin id="200" dir="1" index="2" bw="1" slack="0"/>
</pin_list>
<bind>
<opcode="xor(25) " fcode="xor"/>
<opset="xor_ln187_1/1 "/>
</bind>
</comp>

<comp id="203" class="1004" name="xor_ln187_2_fu_203">
<pin_list>
<pin id="204" dir="0" index="0" bw="1" slack="0"/>
<pin id="205" dir="0" index="1" bw="1" slack="0"/>
<pin id="206" dir="1" index="2" bw="1" slack="0"/>
</pin_list>
<bind>
<opcode="xor(25) " fcode="xor"/>
<opset="xor_ln187_2/1 "/>
</bind>
</comp>

<comp id="209" class="1004" name="xor_ln187_3_fu_209">
<pin_list>
<pin id="210" dir="0" index="0" bw="1" slack="0"/>
<pin id="211" dir="0" index="1" bw="1" slack="0"/>
<pin id="212" dir="1" index="2" bw="1" slack="0"/>
</pin_list>
<bind>
<opcode="xor(25) " fcode="xor"/>
<opset="xor_ln187_3/1 "/>
</bind>
</comp>

<comp id="215" class="1004" name="or_ln187_fu_215">
<pin_list>
<pin id="216" dir="0" index="0" bw="1" slack="0"/>
<pin id="217" dir="0" index="1" bw="1" slack="0"/>
<pin id="218" dir="1" index="2" bw="1" slack="0"/>
</pin_list>
<bind>
<opcode="or(24) " fcode="or"/>
<opset="or_ln187/1 "/>
</bind>
</comp>

<comp id="221" class="1004" name="and_ln187_fu_221">
<pin_list>
<pin id="222" dir="0" index="0" bw="1" slack="0"/>
<pin id="223" dir="0" index="1" bw="1" slack="0"/>
<pin id="224" dir="1" index="2" bw="1" slack="0"/>
</pin_list>
<bind>
<opcode="and(23) " fcode="and"/>
<opset="and_ln187/1 "/>
</bind>
</comp>

<comp id="227" class="1004" name="or_ln187_3_fu_227">
<pin_list>
<pin id="228" dir="0" index="0" bw="1" slack="0"/>
<pin id="229" dir="0" index="1" bw="1" slack="0"/>
<pin id="230" dir="1" index="2" bw="1" slack="0"/>
</pin_list>
<bind>
<opcode="or(24) " fcode="or"/>
<opset="or_ln187_3/1 "/>
</bind>
</comp>

<comp id="233" class="1004" name="xor_ln187_4_fu_233">
<pin_list>
<pin id="234" dir="0" index="0" bw="1" slack="0"/>
<pin id="235" dir="0" index="1" bw="1" slack="0"/>
<pin id="236" dir="1" index="2" bw="1" slack="0"/>
</pin_list>
<bind>
<opcode="xor(25) " fcode="xor"/>
<opset="xor_ln187_4/1 "/>
</bind>
</comp>

<comp id="239" class="1004" name="and_ln187_1_fu_239">
<pin_list>
<pin id="240" dir="0" index="0" bw="1" slack="0"/>
<pin id="241" dir="0" index="1" bw="1" slack="0"/>
<pin id="242" dir="1" index="2" bw="1" slack="0"/>
</pin_list>
<bind>
<opcode="and(23) " fcode="and"/>
<opset="and_ln187_1/1 "/>
</bind>
</comp>

<comp id="245" class="1004" name="select_ln187_fu_245">
<pin_list>
<pin id="246" dir="0" index="0" bw="1" slack="0"/>
<pin id="247" dir="0" index="1" bw="20" slack="0"/>
<pin id="248" dir="0" index="2" bw="20" slack="0"/>
<pin id="249" dir="1" index="3" bw="20" slack="0"/>
</pin_list>
<bind>
<opcode="select(49) " fcode="select"/>
<opset="select_ln187/1 "/>
</bind>
</comp>

<comp id="253" class="1004" name="or_ln187_1_fu_253">
<pin_list>
<pin id="254" dir="0" index="0" bw="1" slack="0"/>
<pin id="255" dir="0" index="1" bw="1" slack="0"/>
<pin id="256" dir="1" index="2" bw="1" slack="0"/>
</pin_list>
<bind>
<opcode="or(24) " fcode="or"/>
<opset="or_ln187_1/1 "/>
</bind>
</comp>

<comp id="259" class="1004" name="z_3_fu_259">
<pin_list>
<pin id="260" dir="0" index="0" bw="1" slack="0"/>
<pin id="261" dir="0" index="1" bw="20" slack="0"/>
<pin id="262" dir="0" index="2" bw="20" slack="0"/>
<pin id="263" dir="1" index="3" bw="20" slack="0"/>
</pin_list>
<bind>
<opcode="select(49) " fcode="select"/>
<opset="z_3/1 "/>
</bind>
</comp>

<comp id="267" class="1004" name="trunc_ln187_fu_267">
<pin_list>
<pin id="268" dir="0" index="0" bw="20" slack="0"/>
<pin id="269" dir="1" index="1" bw="17" slack="0"/>
</pin_list>
<bind>
<opcode="trunc(33) " fcode="trunc"/>
<opset="trunc_ln187/1 "/>
</bind>
</comp>

<comp id="271" class="1004" name="tmp_6_fu_271">
<pin_list>
<pin id="272" dir="0" index="0" bw="1" slack="0"/>
<pin id="273" dir="0" index="1" bw="20" slack="0"/>
<pin id="274" dir="0" index="2" bw="6" slack="0"/>
<pin id="275" dir="1" index="3" bw="1" slack="0"/>
</pin_list>
<bind>
<opcode="bitselect(1000) " fcode="bitselect"/>
<opset="tmp_6/1 "/>
</bind>
</comp>

<comp id="279" class="1004" name="icmp_ln116_fu_279">
<pin_list>
<pin id="280" dir="0" index="0" bw="20" slack="0"/>
<pin id="281" dir="0" index="1" bw="20" slack="0"/>
<pin id="282" dir="1" index="2" bw="1" slack="0"/>
</pin_list>
<bind>
<opcode="icmp(45) " fcode="icmp"/>
<opset="icmp_ln116/1 "/>
</bind>
</comp>

<comp id="285" class="1004" name="select_ln115_fu_285">
<pin_list>
<pin id="286" dir="0" index="0" bw="1" slack="0"/>
<pin id="287" dir="0" index="1" bw="17" slack="0"/>
<pin id="288" dir="0" index="2" bw="17" slack="0"/>
<pin id="289" dir="1" index="3" bw="17" slack="0"/>
</pin_list>
<bind>
<opcode="select(49) " fcode="select"/>
<opset="select_ln115/1 "/>
</bind>
</comp>

<comp id="293" class="1004" name="or_ln115_fu_293">
<pin_list>
<pin id="294" dir="0" index="0" bw="1" slack="0"/>
<pin id="295" dir="0" index="1" bw="1" slack="0"/>
<pin id="296" dir="1" index="2" bw="1" slack="0"/>
</pin_list>
<bind>
<opcode="or(24) " fcode="or"/>
<opset="or_ln115/1 "/>
</bind>
</comp>

<comp id="299" class="1004" name="select_ln115_1_fu_299">
<pin_list>
<pin id="300" dir="0" index="0" bw="1" slack="0"/>
<pin id="301" dir="0" index="1" bw="17" slack="0"/>
<pin id="302" dir="0" index="2" bw="17" slack="0"/>
<pin id="303" dir="1" index="3" bw="17" slack="1"/>
</pin_list>
<bind>
<opcode="select(49) " fcode="select"/>
<opset="select_ln115_1/1 "/>
</bind>
</comp>

<comp id="307" class="1004" name="k_fu_307">
<pin_list>
<pin id="308" dir="0" index="0" bw="16" slack="0"/>
<pin id="309" dir="0" index="1" bw="1" slack="0"/>
<pin id="310" dir="1" index="2" bw="16" slack="0"/>
</pin_list>
<bind>
<opcode="add(8) " fcode="add"/>
<opset="k/1 "/>
</bind>
</comp>

<comp id="313" class="1004" name="icmp_ln185_fu_313">
<pin_list>
<pin id="314" dir="0" index="0" bw="16" slack="0"/>
<pin id="315" dir="0" index="1" bw="16" slack="0"/>
<pin id="316" dir="1" index="2" bw="1" slack="1"/>
</pin_list>
<bind>
<opcode="icmp(45) " fcode="icmp"/>
<opset="icmp_ln185/1 "/>
</bind>
</comp>

<comp id="319" class="1004" name="store_ln185_store_fu_319">
<pin_list>
<pin id="320" dir="0" index="0" bw="16" slack="0"/>
<pin id="321" dir="0" index="1" bw="16" slack="0"/>
<pin id="322" dir="1" index="2" bw="0" slack="2147483647"/>
</pin_list>
<bind>
<opcode="store(28) " fcode="store"/>
<opset="store_ln185/1 "/>
</bind>
</comp>

<comp id="324" class="1004" name="zext_ln188_fu_324">
<pin_list>
<pin id="325" dir="0" index="0" bw="17" slack="1"/>
<pin id="326" dir="1" index="1" bw="20" slack="0"/>
</pin_list>
<bind>
<opcode="zext(34) " fcode="zext"/>
<opset="zext_ln188/2 "/>
</bind>
</comp>

<comp id="328" class="1005" name="k1_reg_328">
<pin_list>
<pin id="329" dir="0" index="0" bw="16" slack="0"/>
<pin id="330" dir="1" index="1" bw="16" slack="0"/>
</pin_list>
<bind>
<opset="k1 "/>
</bind>
</comp>

<comp id="335" class="1005" name="select_ln115_1_reg_335">
<pin_list>
<pin id="336" dir="0" index="0" bw="17" slack="1"/>
<pin id="337" dir="1" index="1" bw="17" slack="1"/>
</pin_list>
<bind>
<opset="select_ln115_1 "/>
</bind>
</comp>

<comp id="340" class="1005" name="icmp_ln185_reg_340">
<pin_list>
<pin id="341" dir="0" index="0" bw="1" slack="1"/>
<pin id="342" dir="1" index="1" bw="1" slack="2147483647"/>
</pin_list>
<bind>
<opset="icmp_ln185 "/>
</bind>
</comp>

</comp_list>

<net_list>
<net id="75"><net_src comp="4" pin="0"/><net_sink comp="72" pin=0"/></net>

<net id="80"><net_src comp="18" pin="0"/><net_sink comp="76" pin=0"/></net>

<net id="81"><net_src comp="0" pin="0"/><net_sink comp="76" pin=1"/></net>

<net id="87"><net_src comp="70" pin="0"/><net_sink comp="82" pin=0"/></net>

<net id="88"><net_src comp="2" pin="0"/><net_sink comp="82" pin=1"/></net>

<net id="93"><net_src comp="16" pin="0"/><net_sink comp="89" pin=0"/></net>

<net id="102"><net_src comp="20" pin="0"/><net_sink comp="97" pin=0"/></net>

<net id="103"><net_src comp="76" pin="2"/><net_sink comp="97" pin=1"/></net>

<net id="104"><net_src comp="22" pin="0"/><net_sink comp="97" pin=2"/></net>

<net id="108"><net_src comp="97" pin="3"/><net_sink comp="105" pin=0"/></net>

<net id="114"><net_src comp="24" pin="0"/><net_sink comp="109" pin=0"/></net>

<net id="115"><net_src comp="76" pin="2"/><net_sink comp="109" pin=1"/></net>

<net id="116"><net_src comp="10" pin="0"/><net_sink comp="109" pin=2"/></net>

<net id="120"><net_src comp="109" pin="3"/><net_sink comp="117" pin=0"/></net>

<net id="125"><net_src comp="105" pin="1"/><net_sink comp="121" pin=0"/></net>

<net id="126"><net_src comp="117" pin="1"/><net_sink comp="121" pin=1"/></net>

<net id="131"><net_src comp="121" pin="2"/><net_sink comp="127" pin=0"/></net>

<net id="132"><net_src comp="26" pin="0"/><net_sink comp="127" pin=1"/></net>

<net id="138"><net_src comp="28" pin="0"/><net_sink comp="133" pin=0"/></net>

<net id="139"><net_src comp="127" pin="2"/><net_sink comp="133" pin=1"/></net>

<net id="140"><net_src comp="30" pin="0"/><net_sink comp="133" pin=2"/></net>

<net id="147"><net_src comp="32" pin="0"/><net_sink comp="141" pin=0"/></net>

<net id="148"><net_src comp="127" pin="2"/><net_sink comp="141" pin=1"/></net>

<net id="149"><net_src comp="34" pin="0"/><net_sink comp="141" pin=2"/></net>

<net id="150"><net_src comp="36" pin="0"/><net_sink comp="141" pin=3"/></net>

<net id="156"><net_src comp="28" pin="0"/><net_sink comp="151" pin=0"/></net>

<net id="157"><net_src comp="127" pin="2"/><net_sink comp="151" pin=1"/></net>

<net id="158"><net_src comp="38" pin="0"/><net_sink comp="151" pin=2"/></net>

<net id="164"><net_src comp="28" pin="0"/><net_sink comp="159" pin=0"/></net>

<net id="165"><net_src comp="127" pin="2"/><net_sink comp="159" pin=1"/></net>

<net id="166"><net_src comp="36" pin="0"/><net_sink comp="159" pin=2"/></net>

<net id="170"><net_src comp="151" pin="3"/><net_sink comp="167" pin=0"/></net>

<net id="175"><net_src comp="141" pin="4"/><net_sink comp="171" pin=0"/></net>

<net id="176"><net_src comp="167" pin="1"/><net_sink comp="171" pin=1"/></net>

<net id="182"><net_src comp="40" pin="0"/><net_sink comp="177" pin=0"/></net>

<net id="183"><net_src comp="171" pin="2"/><net_sink comp="177" pin=1"/></net>

<net id="184"><net_src comp="42" pin="0"/><net_sink comp="177" pin=2"/></net>

<net id="189"><net_src comp="159" pin="3"/><net_sink comp="185" pin=0"/></net>

<net id="190"><net_src comp="44" pin="0"/><net_sink comp="185" pin=1"/></net>

<net id="195"><net_src comp="177" pin="3"/><net_sink comp="191" pin=0"/></net>

<net id="196"><net_src comp="185" pin="2"/><net_sink comp="191" pin=1"/></net>

<net id="201"><net_src comp="133" pin="3"/><net_sink comp="197" pin=0"/></net>

<net id="202"><net_src comp="44" pin="0"/><net_sink comp="197" pin=1"/></net>

<net id="207"><net_src comp="133" pin="3"/><net_sink comp="203" pin=0"/></net>

<net id="208"><net_src comp="191" pin="2"/><net_sink comp="203" pin=1"/></net>

<net id="213"><net_src comp="203" pin="2"/><net_sink comp="209" pin=0"/></net>

<net id="214"><net_src comp="44" pin="0"/><net_sink comp="209" pin=1"/></net>

<net id="219"><net_src comp="177" pin="3"/><net_sink comp="215" pin=0"/></net>

<net id="220"><net_src comp="209" pin="2"/><net_sink comp="215" pin=1"/></net>

<net id="225"><net_src comp="215" pin="2"/><net_sink comp="221" pin=0"/></net>

<net id="226"><net_src comp="197" pin="2"/><net_sink comp="221" pin=1"/></net>

<net id="231"><net_src comp="159" pin="3"/><net_sink comp="227" pin=0"/></net>

<net id="232"><net_src comp="177" pin="3"/><net_sink comp="227" pin=1"/></net>

<net id="237"><net_src comp="227" pin="2"/><net_sink comp="233" pin=0"/></net>

<net id="238"><net_src comp="44" pin="0"/><net_sink comp="233" pin=1"/></net>

<net id="243"><net_src comp="133" pin="3"/><net_sink comp="239" pin=0"/></net>

<net id="244"><net_src comp="233" pin="2"/><net_sink comp="239" pin=1"/></net>

<net id="250"><net_src comp="221" pin="2"/><net_sink comp="245" pin=0"/></net>

<net id="251"><net_src comp="46" pin="0"/><net_sink comp="245" pin=1"/></net>

<net id="252"><net_src comp="48" pin="0"/><net_sink comp="245" pin=2"/></net>

<net id="257"><net_src comp="221" pin="2"/><net_sink comp="253" pin=0"/></net>

<net id="258"><net_src comp="239" pin="2"/><net_sink comp="253" pin=1"/></net>

<net id="264"><net_src comp="253" pin="2"/><net_sink comp="259" pin=0"/></net>

<net id="265"><net_src comp="245" pin="3"/><net_sink comp="259" pin=1"/></net>

<net id="266"><net_src comp="171" pin="2"/><net_sink comp="259" pin=2"/></net>

<net id="270"><net_src comp="259" pin="3"/><net_sink comp="267" pin=0"/></net>

<net id="276"><net_src comp="40" pin="0"/><net_sink comp="271" pin=0"/></net>

<net id="277"><net_src comp="259" pin="3"/><net_sink comp="271" pin=1"/></net>

<net id="278"><net_src comp="42" pin="0"/><net_sink comp="271" pin=2"/></net>

<net id="283"><net_src comp="259" pin="3"/><net_sink comp="279" pin=0"/></net>

<net id="284"><net_src comp="50" pin="0"/><net_sink comp="279" pin=1"/></net>

<net id="290"><net_src comp="271" pin="3"/><net_sink comp="285" pin=0"/></net>

<net id="291"><net_src comp="52" pin="0"/><net_sink comp="285" pin=1"/></net>

<net id="292"><net_src comp="54" pin="0"/><net_sink comp="285" pin=2"/></net>

<net id="297"><net_src comp="271" pin="3"/><net_sink comp="293" pin=0"/></net>

<net id="298"><net_src comp="279" pin="2"/><net_sink comp="293" pin=1"/></net>

<net id="304"><net_src comp="293" pin="2"/><net_sink comp="299" pin=0"/></net>

<net id="305"><net_src comp="285" pin="3"/><net_sink comp="299" pin=1"/></net>

<net id="306"><net_src comp="267" pin="1"/><net_sink comp="299" pin=2"/></net>

<net id="311"><net_src comp="94" pin="1"/><net_sink comp="307" pin=0"/></net>

<net id="312"><net_src comp="56" pin="0"/><net_sink comp="307" pin=1"/></net>

<net id="317"><net_src comp="94" pin="1"/><net_sink comp="313" pin=0"/></net>

<net id="318"><net_src comp="58" pin="0"/><net_sink comp="313" pin=1"/></net>

<net id="323"><net_src comp="307" pin="2"/><net_sink comp="319" pin=0"/></net>

<net id="327"><net_src comp="324" pin="1"/><net_sink comp="82" pin=2"/></net>

<net id="331"><net_src comp="72" pin="1"/><net_sink comp="328" pin=0"/></net>

<net id="332"><net_src comp="328" pin="1"/><net_sink comp="89" pin=1"/></net>

<net id="333"><net_src comp="328" pin="1"/><net_sink comp="94" pin=0"/></net>

<net id="334"><net_src comp="328" pin="1"/><net_sink comp="319" pin=1"/></net>

<net id="338"><net_src comp="299" pin="3"/><net_sink comp="335" pin=0"/></net>

<net id="339"><net_src comp="335" pin="1"/><net_sink comp="324" pin=0"/></net>

<net id="343"><net_src comp="313" pin="2"/><net_sink comp="340" pin=0"/></net>

</net_list>

</model> 
---------------- Datapath Model END ------------------

* FSMD analyzer results:
  - Output states:
	Port: s3 | {}
	Port: s_out | {2 }
 - Input state : 
	Port: k4_postprocess : s3 | {1 }
	Port: k4_postprocess : s_out | {}
  - Chain level:
	State 1
		store_ln0 : 1
		k1_load : 1
		sext_ln187 : 1
		sext_ln187_1 : 1
		add_ln187_1 : 2
		add_ln187 : 3
		tmp_2 : 4
		z : 4
		tmp_3 : 4
		tmp_4 : 4
		zext_ln187 : 5
		z_1 : 6
		tmp_5 : 7
		xor_ln187 : 5
		or_ln187_2 : 8
		xor_ln187_1 : 5
		xor_ln187_2 : 8
		xor_ln187_3 : 8
		or_ln187 : 8
		and_ln187 : 8
		or_ln187_3 : 8
		xor_ln187_4 : 8
		and_ln187_1 : 8
		select_ln187 : 8
		or_ln187_1 : 8
		z_3 : 8
		trunc_ln187 : 9
		tmp_6 : 9
		icmp_ln116 : 9
		select_ln115 : 10
		or_ln115 : 10
		select_ln115_1 : 10
		k : 2
		icmp_ln185 : 2
		store_ln185 : 3
		br_ln185 : 3
	State 2
		write_ln188 : 1


============================================================
+ Verbose Summary: Datapath Resource usage 
============================================================

* Functional unit list:
|----------|-------------------------|---------|---------|
| Operation|     Functional Unit     |    FF   |   LUT   |
|----------|-------------------------|---------|---------|
|          |    add_ln187_1_fu_121   |    0    |    54   |
|    add   |     add_ln187_fu_127    |    0    |    55   |
|          |        z_1_fu_171       |    0    |    27   |
|          |         k_fu_307        |    0    |    23   |
|----------|-------------------------|---------|---------|
|          |   select_ln187_fu_245   |    0    |    20   |
|  select  |        z_3_fu_259       |    0    |    20   |
|          |   select_ln115_fu_285   |    0    |    17   |
|          |  select_ln115_1_fu_299  |    0    |    17   |
|----------|-------------------------|---------|---------|
|   icmp   |    icmp_ln116_fu_279    |    0    |    27   |
|          |    icmp_ln185_fu_313    |    0    |    23   |
|----------|-------------------------|---------|---------|
|          |     xor_ln187_fu_185    |    0    |    2    |
|          |    xor_ln187_1_fu_197   |    0    |    2    |
|    xor   |    xor_ln187_2_fu_203   |    0    |    2    |
|          |    xor_ln187_3_fu_209   |    0    |    2    |
|          |    xor_ln187_4_fu_233   |    0    |    2    |
|----------|-------------------------|---------|---------|
|          |    or_ln187_2_fu_191    |    0    |    2    |
|          |     or_ln187_fu_215     |    0    |    2    |
|    or    |    or_ln187_3_fu_227    |    0    |    2    |
|          |    or_ln187_1_fu_253    |    0    |    2    |
|          |     or_ln115_fu_293     |    0    |    2    |
|----------|-------------------------|---------|---------|
|    and   |     and_ln187_fu_221    |    0    |    2    |
|          |    and_ln187_1_fu_239   |    0    |    2    |
|----------|-------------------------|---------|---------|
|   read   |    s3_read_read_fu_76   |    0    |    0    |
|----------|-------------------------|---------|---------|
|   write  | write_ln188_write_fu_82 |    0    |    0    |
|----------|-------------------------|---------|---------|
|bitconcatenate|        tmp_fu_97        |    0    |    0    |
|          |       tmp_1_fu_109      |    0    |    0    |
|----------|-------------------------|---------|---------|
|   sext   |    sext_ln187_fu_105    |    0    |    0    |
|          |   sext_ln187_1_fu_117   |    0    |    0    |
|----------|-------------------------|---------|---------|
|          |       tmp_2_fu_133      |    0    |    0    |
|          |       tmp_3_fu_151      |    0    |    0    |
| bitselect|       tmp_4_fu_159      |    0    |    0    |
|          |       tmp_5_fu_177      |    0    |    0    |
|          |       tmp_6_fu_271      |    0    |    0    |
|----------|-------------------------|---------|---------|
|partselect|         z_fu_141        |    0    |    0    |
|----------|-------------------------|---------|---------|
|   zext   |    zext_ln187_fu_167    |    0    |    0    |
|          |    zext_ln188_fu_324    |    0    |    0    |
|----------|-------------------------|---------|---------|
|   trunc  |    trunc_ln187_fu_267   |    0    |    0    |
|----------|-------------------------|---------|---------|
|   Total  |                         |    0    |   307   |
|----------|-------------------------|---------|---------|

Memories:
N/A

* Register list:
+----------------------+--------+
|                      |   FF   |
+----------------------+--------+
|  icmp_ln185_reg_340  |    1   |
|      k1_reg_328      |   16   |
|select_ln115_1_reg_335|   17   |
+----------------------+--------+
|         Total        |   34   |
+----------------------+--------+

* Multiplexer (MUX) list: 
|--------|------|------|------|--------|
|  Comp  |  Pin | Size |  BW  | S x BW |
|--------|------|------|------|--------|
|  Total |      |      |      |    0   |
|--------|------|------|------|--------|



* Summary:
+-----------+--------+--------+
|           |   FF   |   LUT  |
+-----------+--------+--------+
|  Function |    0   |   307  |
|   Memory  |    -   |    -   |
|Multiplexer|    -   |    -   |
|  Register |   34   |    -   |
+-----------+--------+--------+
|   Total   |   34   |   307  |
+-----------+--------+--------+
