

================================================================
== Vitis HLS Report for 'store_output'
================================================================
* Date:           Mon Mar  2 19:53:36 2026

* Version:        2025.1.1 (Build 6214317 on Sep 11 2025)
* Project:        project_1
* Solution:       hls (Vivado IP Flow Target)
* Product family: zynquplus
* Target device:  xczu3eg-sbva484-1-e


================================================================
== Performance Estimates
================================================================
+ Timing: 
    * Summary: 
    +--------+----------+----------+------------+
    |  Clock |  Target  | Estimated| Uncertainty|
    +--------+----------+----------+------------+
    |ap_clk  |  10.00 ns|  7.300 ns|     2.70 ns|
    +--------+----------+----------+------------+

+ Latency: 
    * Summary: 
    +---------+---------+----------+----------+-------+-------+------------------------------------------------+
    |  Latency (cycles) |  Latency (absolute) |    Interval   |                    Pipeline                    |
    |   min   |   max   |    min   |    max   |  min  |  max  |                      Type                      |
    +---------+---------+----------+----------+-------+-------+------------------------------------------------+
    |    65545|    65545|  0.655 ms|  0.655 ms|  65536|  65536|  loop auto-rewind stp (delay=0 clock cycles(s))|
    +---------+---------+----------+----------+-------+-------+------------------------------------------------+

    + Detail: 
        * Instance: 
        N/A

        * Loop: 
        +--------------------+---------+---------+----------+-----------+-----------+-------+----------+
        |                    |  Latency (cycles) | Iteration|  Initiation Interval  |  Trip |          |
        |      Loop Name     |   min   |   max   |  Latency |  achieved |   target  | Count | Pipelined|
        +--------------------+---------+---------+----------+-----------+-----------+-------+----------+
        |- VITIS_LOOP_193_1  |    65543|    65543|         9|          1|          1|  65536|       yes|
        +--------------------+---------+---------+----------+-----------+-----------+-------+----------+

============================================================
+ Verbose Summary: Synthesis Manager
============================================================
InlineROM: 1
ExposeGlobal: 0
============================================================
+ Verbose Summary: CDFG Model
============================================================
IsTopModel: 0
ResetActiveHigh: 1
IsCombinational: 2
IsDatapathOnly: 0
HasWiredReturn: 1
HasMFsm: 2
HasVarLatency: 1
IsPipeline: 0
IsRtlPipelined: 0
IsInstanceOverlapped: 0
IsDontTouch: 0
HasImplIP: 0
IsGatedGlobalClock: 0

+ Individual pipeline summary: 
  * Pipeline-0: initiation interval (II) = 1, depth = 9


============================================================
+ Verbose Summary: Schedule
============================================================
* Number of FSM states : 9
* Pipeline : 1
  Pipeline-0 : II = 1, D = 9, States = { 1 2 3 4 5 6 7 8 9 }
* Dataflow Pipeline: 0

* FSM state transitions: 
1 --> 2 
2 --> 3 
3 --> 4 
4 --> 5 
5 --> 6 
6 --> 7 
7 --> 8 
8 --> 9 
9 --> 

* FSM state operations: 

State 1 <SV = 0> <Delay = 1.99>
ST_1 : Operation 12 [1/1] (0.00ns)   --->   "%i1 = alloca i32 1"   --->   Operation 12 'alloca' 'i1' <Predicate = true> <Delay = 0.00>
ST_1 : Operation 13 [1/1] (0.00ns)   --->   "%sext_ln1932 = alloca i32 1"   --->   Operation 13 'alloca' 'sext_ln1932' <Predicate = true> <Delay = 0.00>
ST_1 : Operation 14 [1/1] (0.00ns)   --->   "%specinterface_ln0 = specinterface void @_ssdm_op_SpecInterface, i64 %out_r, void @ap_fifo_str, i32 0, i32 0, void @p_str, i32 0, i32 0, void @p_str, void @p_str, void @p_str, i32 2, i32 2, i32 16, i32 16, void @p_str, void @ScalarProp_str, i32 4294967295, i32 0, i32 0"   --->   Operation 14 'specinterface' 'specinterface_ln0' <Predicate = true> <Delay = 0.00>
ST_1 : Operation 15 [1/1] (0.00ns)   --->   "%specinterface_ln0 = specinterface void @_ssdm_op_SpecInterface, i20 %s_out, void @empty_15, i32 0, i32 0, void @empty_11, i32 0, i32 0, void @empty_11, void @empty_11, void @empty_11, i32 0, i32 0, i32 0, i32 0, void @empty_11, void @empty_11, i32 4294967295, i32 0, i32 0"   --->   Operation 15 'specinterface' 'specinterface_ln0' <Predicate = true> <Delay = 0.00>
ST_1 : Operation 16 [1/1] (0.00ns)   --->   "%specinterface_ln0 = specinterface void @_ssdm_op_SpecInterface, i20 %s_out, void @empty_15, i32 0, i32 0, void @empty_11, i32 0, i32 0, void @empty_11, void @empty_11, void @empty_11, i32 0, i32 0, i32 0, i32 0, void @empty_11, void @empty_11, i32 4294967295, i32 0, i32 0"   --->   Operation 16 'specinterface' 'specinterface_ln0' <Predicate = true> <Delay = 0.00>
ST_1 : Operation 17 [1/1] (0.00ns)   --->   "%specinterface_ln0 = specinterface void @_ssdm_op_SpecInterface, i20 %s_out, void @empty_15, i32 0, i32 0, void @empty_11, i32 0, i32 0, void @empty_11, void @empty_11, void @empty_11, i32 0, i32 0, i32 0, i32 0, void @empty_11, void @empty_11, i32 4294967295, i32 0, i32 0"   --->   Operation 17 'specinterface' 'specinterface_ln0' <Predicate = true> <Delay = 0.00>
ST_1 : Operation 18 [1/1] (0.00ns)   --->   "%specinterface_ln0 = specinterface void @_ssdm_op_SpecInterface, i20 %s_out, void @empty_15, i32 0, i32 0, void @empty_11, i32 0, i32 0, void @empty_11, void @empty_11, void @empty_11, i32 0, i32 0, i32 0, i32 0, void @empty_11, void @empty_11, i32 4294967295, i32 0, i32 0"   --->   Operation 18 'specinterface' 'specinterface_ln0' <Predicate = true> <Delay = 0.00>
ST_1 : Operation 19 [1/1] (0.00ns)   --->   "%specinterface_ln0 = specinterface void @_ssdm_op_SpecInterface, i32 %gmem1, void @empty_12, i32 0, i32 0, void @empty_11, i32 0, i32 0, void @empty_8, void @empty_9, void @empty_11, i32 16, i32 16, i32 16, i32 16, void @empty_11, void @empty_11, i32 4294967295, i32 0, i32 0"   --->   Operation 19 'specinterface' 'specinterface_ln0' <Predicate = true> <Delay = 0.00>
ST_1 : Operation 20 [1/1] (0.48ns)   --->   "%store_ln0 = store i16 0, i16 %i1"   --->   Operation 20 'store' 'store_ln0' <Predicate = true> <Delay = 0.48>
ST_1 : Operation 21 [1/1] (0.48ns)   --->   "%br_ln193 = br void %new.header" [top.cpp:193]   --->   Operation 21 'br' 'br_ln193' <Predicate = true> <Delay = 0.48>
ST_1 : Operation 22 [1/1] (0.00ns)   --->   "%first_iter_0 = phi i1 1, void %entry, i1 0, void %new.latch.for.inc.split.i.split"   --->   Operation 22 'phi' 'first_iter_0' <Predicate = true> <Delay = 0.00>
ST_1 : Operation 23 [1/1] (0.00ns)   --->   "%br_ln0 = br i1 %first_iter_0, void %for.inc.split.i, void %for.first.iter.for.inc.split.i"   --->   Operation 23 'br' 'br_ln0' <Predicate = true> <Delay = 0.00>
ST_1 : Operation 24 [1/1] (0.00ns)   --->   "%i1_load = load i16 %i1" [top.cpp:193]   --->   Operation 24 'load' 'i1_load' <Predicate = true> <Delay = 0.00>
ST_1 : Operation 25 [1/1] (1.01ns)   --->   "%i = add i16 %i1_load, i16 1" [top.cpp:193]   --->   Operation 25 'add' 'i' <Predicate = true> <Delay = 1.01> <CoreInst = "Adder">   --->   Core 1 'Adder' <Latency = 0> <II = 1> <Delay = 1.01> <FuncUnit> <Opcode : 'add' 'sub'> <InPorts = 2> <OutPorts = 1>
ST_1 : Operation 26 [1/1] (1.01ns)   --->   "%icmp_ln193 = icmp_eq  i16 %i1_load, i16 65535" [top.cpp:193]   --->   Operation 26 'icmp' 'icmp_ln193' <Predicate = true> <Delay = 1.01> <CoreInst = "Cmp">   --->   Core 9 'Cmp' <Latency = 0> <II = 1> <Delay = 1.01> <FuncUnit> <Opcode : 'seteq' 'setne' 'setle' 'setge' 'setlt' 'setgt'> <InPorts = 2> <OutPorts = 1>
ST_1 : Operation 27 [1/1] (0.00ns)   --->   "%br_ln193 = br i1 %icmp_ln193, void %new.latch.for.inc.split.i.split, void %last.iter.for.inc.split.i.split" [top.cpp:193]   --->   Operation 27 'br' 'br_ln193' <Predicate = true> <Delay = 0.00>
ST_1 : Operation 28 [1/1] (0.48ns)   --->   "%store_ln193 = store i16 %i, i16 %i1" [top.cpp:193]   --->   Operation 28 'store' 'store_ln193' <Predicate = true> <Delay = 0.48>
ST_1 : Operation 29 [1/1] (0.00ns)   --->   "%br_ln193 = br i1 %icmp_ln193, void %new.header, void %store_output.exit" [top.cpp:193]   --->   Operation 29 'br' 'br_ln193' <Predicate = true> <Delay = 0.00>

State 2 <SV = 1> <Delay = 2.13>
ST_2 : Operation 30 [1/1] ( I:2.13ns O:2.13ns )   --->   "%out_1 = read i64 @_ssdm_op_Read.ap_fifo.i64P0A, i64 %out_r" [top.cpp:192]   --->   Operation 30 'read' 'out_1' <Predicate = (first_iter_0)> <Delay = 2.13> <CoreInst = "FIFO_SRL">   --->   Core 80 'FIFO_SRL' <Latency = 0> <II = 1> <Delay = 2.13> <Storage> <Opcode : 'read' 'write' 'nbread' 'nbwrite'> <Ports = 0> <Width = 64> <Depth = 8> <FIFO>
ST_2 : Operation 31 [1/1] (0.00ns)   --->   "%trunc_ln = partselect i62 @_ssdm_op_PartSelect.i62.i64.i32.i32, i64 %out_1, i32 2, i32 63" [top.cpp:193]   --->   Operation 31 'partselect' 'trunc_ln' <Predicate = (first_iter_0)> <Delay = 0.00>

State 3 <SV = 2> <Delay = 7.30>
ST_3 : Operation 32 [1/1] (0.00ns)   --->   "%sext_ln193 = sext i62 %trunc_ln" [top.cpp:193]   --->   Operation 32 'sext' 'sext_ln193' <Predicate = (first_iter_0)> <Delay = 0.00>
ST_3 : Operation 33 [1/1] (0.00ns)   --->   "%gmem1_addr = getelementptr i32 %gmem1, i64 %sext_ln193" [top.cpp:193]   --->   Operation 33 'getelementptr' 'gmem1_addr' <Predicate = (first_iter_0)> <Delay = 0.00>
ST_3 : Operation 34 [1/1] (7.30ns)   --->   "%empty = writereq i1 @_ssdm_op_WriteReq.m_axi.p1i32, i32 %gmem1_addr, i64 65536" [top.cpp:193]   --->   Operation 34 'writereq' 'empty' <Predicate = (first_iter_0)> <Delay = 7.30> <CoreInst = "m_axi">   --->   Core 119 'm_axi' <Latency = 9> <II = 1> <Delay = 1.00> <Adapter> <Opcode : 'read' 'write' 'readreq' 'writereq' 'writeresp'>
ST_3 : Operation 35 [1/1] (0.00ns)   --->   "%store_ln193 = store i64 %sext_ln193, i64 %sext_ln1932" [top.cpp:193]   --->   Operation 35 'store' 'store_ln193' <Predicate = (first_iter_0)> <Delay = 0.00>
ST_3 : Operation 36 [1/1] (0.00ns)   --->   "%br_ln0 = br void %for.inc.split.i"   --->   Operation 36 'br' 'br_ln0' <Predicate = (first_iter_0)> <Delay = 0.00>
ST_3 : Operation 37 [1/1] ( I:2.16ns O:2.16ns )   --->   "%s_out_read = read i20 @_ssdm_op_Read.ap_fifo.volatile.i20P0A, i20 %s_out" [top.cpp:195]   --->   Operation 37 'read' 's_out_read' <Predicate = true> <Delay = 2.16> <CoreInst = "FIFO_SRL">   --->   Core 80 'FIFO_SRL' <Latency = 0> <II = 1> <Delay = 2.16> <Storage> <Opcode : 'read' 'write' 'nbread' 'nbwrite'> <Ports = 0> <Width = 20> <Depth = 2> <FIFO>

State 4 <SV = 3> <Delay = 7.30>
ST_4 : Operation 38 [1/1] (0.00ns)   --->   "%sext_ln1932_load = load i64 %sext_ln1932" [top.cpp:193]   --->   Operation 38 'load' 'sext_ln1932_load' <Predicate = true> <Delay = 0.00>
ST_4 : Operation 39 [1/1] (0.00ns)   --->   "%specpipeline_ln194 = specpipeline void @_ssdm_op_SpecPipeline, i32 1, i32 0, i32 0, i32 0, void @empty_11" [top.cpp:194]   --->   Operation 39 'specpipeline' 'specpipeline_ln194' <Predicate = true> <Delay = 0.00>
ST_4 : Operation 40 [1/1] (0.00ns)   --->   "%speclooptripcount_ln193 = speclooptripcount void @_ssdm_op_SpecLoopTripCount, i64 65536, i64 65536, i64 65536" [top.cpp:193]   --->   Operation 40 'speclooptripcount' 'speclooptripcount_ln193' <Predicate = true> <Delay = 0.00>
ST_4 : Operation 41 [1/1] (0.00ns)   --->   "%specloopname_ln193 = specloopname void @_ssdm_op_SpecLoopName, void @empty_2" [top.cpp:193]   --->   Operation 41 'specloopname' 'specloopname_ln193' <Predicate = true> <Delay = 0.00>
ST_4 : Operation 42 [1/1] (0.00ns)   --->   "%zext_ln195 = zext i20 %s_out_read" [top.cpp:195]   --->   Operation 42 'zext' 'zext_ln195' <Predicate = true> <Delay = 0.00>
ST_4 : Operation 43 [1/1] (0.00ns)   --->   "%gmem1_addr_1 = getelementptr i32 %gmem1, i64 %sext_ln1932_load" [top.cpp:193]   --->   Operation 43 'getelementptr' 'gmem1_addr_1' <Predicate = true> <Delay = 0.00>
ST_4 : Operation 44 [1/1] (7.30ns)   --->   "%write_ln195 = write void @_ssdm_op_Write.m_axi.p1i32, i32 %gmem1_addr_1, i32 %zext_ln195, i4 7" [top.cpp:195]   --->   Operation 44 'write' 'write_ln195' <Predicate = true> <Delay = 7.30> <CoreInst = "m_axi">   --->   Core 119 'm_axi' <Latency = 5> <II = 1> <Delay = 1.00> <Adapter> <Opcode : 'read' 'write' 'readreq' 'writereq' 'writeresp'>

State 5 <SV = 4> <Delay = 7.30>
ST_5 : Operation 45 [5/5] (7.30ns)   --->   "%empty_46 = writeresp i1 @_ssdm_op_WriteResp.m_axi.p1i32, i32 %gmem1_addr_1" [top.cpp:197]   --->   Operation 45 'writeresp' 'empty_46' <Predicate = (icmp_ln193)> <Delay = 7.30> <CoreInst = "m_axi">   --->   Core 119 'm_axi' <Latency = 3> <II = 1> <Delay = 1.00> <Adapter> <Opcode : 'read' 'write' 'readreq' 'writereq' 'writeresp'>

State 6 <SV = 5> <Delay = 7.30>
ST_6 : Operation 46 [4/5] (7.30ns)   --->   "%empty_46 = writeresp i1 @_ssdm_op_WriteResp.m_axi.p1i32, i32 %gmem1_addr_1" [top.cpp:197]   --->   Operation 46 'writeresp' 'empty_46' <Predicate = (icmp_ln193)> <Delay = 7.30> <CoreInst = "m_axi">   --->   Core 119 'm_axi' <Latency = 3> <II = 1> <Delay = 1.00> <Adapter> <Opcode : 'read' 'write' 'readreq' 'writereq' 'writeresp'>

State 7 <SV = 6> <Delay = 7.30>
ST_7 : Operation 47 [3/5] (7.30ns)   --->   "%empty_46 = writeresp i1 @_ssdm_op_WriteResp.m_axi.p1i32, i32 %gmem1_addr_1" [top.cpp:197]   --->   Operation 47 'writeresp' 'empty_46' <Predicate = (icmp_ln193)> <Delay = 7.30> <CoreInst = "m_axi">   --->   Core 119 'm_axi' <Latency = 3> <II = 1> <Delay = 1.00> <Adapter> <Opcode : 'read' 'write' 'readreq' 'writereq' 'writeresp'>

State 8 <SV = 7> <Delay = 7.30>
ST_8 : Operation 48 [2/5] (7.30ns)   --->   "%empty_46 = writeresp i1 @_ssdm_op_WriteResp.m_axi.p1i32, i32 %gmem1_addr_1" [top.cpp:197]   --->   Operation 48 'writeresp' 'empty_46' <Predicate = (icmp_ln193)> <Delay = 7.30> <CoreInst = "m_axi">   --->   Core 119 'm_axi' <Latency = 3> <II = 1> <Delay = 1.00> <Adapter> <Opcode : 'read' 'write' 'readreq' 'writereq' 'writeresp'>

State 9 <SV = 8> <Delay = 7.30>
ST_9 : Operation 49 [1/5] (7.30ns)   --->   "%empty_46 = writeresp i1 @_ssdm_op_WriteResp.m_axi.p1i32, i32 %gmem1_addr_1" [top.cpp:197]   --->   Operation 49 'writeresp' 'empty_46' <Predicate = (icmp_ln193)> <Delay = 7.30> <CoreInst = "m_axi">   --->   Core 119 'm_axi' <Latency = 3> <II = 1> <Delay = 1.00> <Adapter> <Opcode : 'read' 'write' 'readreq' 'writereq' 'writeresp'>
ST_9 : Operation 50 [1/1] (0.00ns)   --->   "%br_ln193 = br void %new.latch.for.inc.split.i.split" [top.cpp:193]   --->   Operation 50 'br' 'br_ln193' <Predicate = (icmp_ln193)> <Delay = 0.00>
ST_9 : Operation 51 [1/1] (0.48ns)   --->   "%ret_ln0 = ret"   --->   Operation 51 'ret' 'ret_ln0' <Predicate = (icmp_ln193)> <Delay = 0.48>


============================================================
+ Verbose Summary: Timing violations
============================================================
Target clock period: 10.000ns, clock uncertainty: 2.700ns.

 <State 1>: 1.994ns
The critical path consists of the following:
	'store' operation 0 bit ('store_ln0') of constant 0 on local variable 'i1' [12]  (0.489 ns)
	'load' operation 16 bit ('i1_load', top.cpp:193) on local variable 'i1' [26]  (0.000 ns)
	'add' operation 16 bit ('i', top.cpp:193) [35]  (1.016 ns)
	'store' operation 0 bit ('store_ln193', top.cpp:193) of variable 'i', top.cpp:193 on local variable 'i1' [42]  (0.489 ns)

 <State 2>: 2.132ns
The critical path consists of the following:
	fifo read operation ('out', top.cpp:192) on port 'out_r' (top.cpp:192) [18]  (2.132 ns)

 <State 3>: 7.300ns
The critical path consists of the following:
	'getelementptr' operation 32 bit ('gmem1_addr', top.cpp:193) [21]  (0.000 ns)
	bus request operation ('empty', top.cpp:193) on port 'gmem1' (top.cpp:193) [22]  (7.300 ns)

 <State 4>: 7.300ns
The critical path consists of the following:
	'load' operation 64 bit ('sext_ln1932_load', top.cpp:193) on local variable 'sext_ln1932' [27]  (0.000 ns)
	'getelementptr' operation 32 bit ('gmem1_addr_1', top.cpp:193) [33]  (0.000 ns)
	bus write operation ('write_ln195', top.cpp:195) on port 'gmem1' (top.cpp:195) [34]  (7.300 ns)

 <State 5>: 7.300ns
The critical path consists of the following:
	bus response operation ('empty_46', top.cpp:197) on port 'gmem1' (top.cpp:197) [39]  (7.300 ns)

 <State 6>: 7.300ns
The critical path consists of the following:
	bus response operation ('empty_46', top.cpp:197) on port 'gmem1' (top.cpp:197) [39]  (7.300 ns)

 <State 7>: 7.300ns
The critical path consists of the following:
	bus response operation ('empty_46', top.cpp:197) on port 'gmem1' (top.cpp:197) [39]  (7.300 ns)

 <State 8>: 7.300ns
The critical path consists of the following:
	bus response operation ('empty_46', top.cpp:197) on port 'gmem1' (top.cpp:197) [39]  (7.300 ns)

 <State 9>: 7.300ns
The critical path consists of the following:
	bus response operation ('empty_46', top.cpp:197) on port 'gmem1' (top.cpp:197) [39]  (7.300 ns)


============================================================
+ Verbose Summary: Binding
============================================================
N/A
* FSMD analyzer results:
  - Output states:
 - Input state : 
  - Chain level:
	State 1
	State 2
	State 3
	State 4
	State 5
	State 6
	State 7
	State 8
	State 9


============================================================
+ Verbose Summary: Datapath Resource usage 
============================================================
N/A
