/nethome/asandeep6/FPGA_ECE8893/2026_Spring/lab3/project_1/hls/.autopilot/db/top.pp.0.cpp:2269:5: warning: Added loop label VITIS_LOOP_676_1:   [xilinx-label-all-loops]
    for (unsigned i = low; i != high+1; ++i) {
    ^~~
    VITIS_LOOP_676_1: 
/nethome/asandeep6/FPGA_ECE8893/2026_Spring/lab3/project_1/hls/.autopilot/db/top.pp.0.cpp:2269:5: note: FIX-IT applied suggested code changes
/nethome/asandeep6/FPGA_ECE8893/2026_Spring/lab3/project_1/hls/.autopilot/db/top.pp.0.cpp:2283:5: warning: Added loop label VITIS_LOOP_690_1:   [xilinx-label-all-loops]
    for (unsigned i = low; i != high+1; ++i) {
    ^~~
    VITIS_LOOP_690_1: 
/nethome/asandeep6/FPGA_ECE8893/2026_Spring/lab3/project_1/hls/.autopilot/db/top.pp.0.cpp:2283:5: note: FIX-IT applied suggested code changes
/nethome/asandeep6/FPGA_ECE8893/2026_Spring/lab3/project_1/hls/.autopilot/db/top.pp.0.cpp:2297:5: warning: Added loop label VITIS_LOOP_704_1:   [xilinx-label-all-loops]
    for (unsigned i = low; i != high+1; ++i) {
    ^~~
    VITIS_LOOP_704_1: 
/nethome/asandeep6/FPGA_ECE8893/2026_Spring/lab3/project_1/hls/.autopilot/db/top.pp.0.cpp:2297:5: note: FIX-IT applied suggested code changes
/nethome/asandeep6/FPGA_ECE8893/2026_Spring/lab3/project_1/hls/.autopilot/db/top.pp.0.cpp:4253:7: warning: Added loop label VITIS_LOOP_1248_1:   [xilinx-label-all-loops]
      for (i = 0; i < __N - 1; ++i) {
      ^~~
      VITIS_LOOP_1248_1: 
/nethome/asandeep6/FPGA_ECE8893/2026_Spring/lab3/project_1/hls/.autopilot/db/top.pp.0.cpp:4253:7: note: FIX-IT applied suggested code changes
/nethome/asandeep6/FPGA_ECE8893/2026_Spring/lab3/project_1/hls/.autopilot/db/top.pp.0.cpp:6677:2: warning: Added loop label VITIS_LOOP_326_1:   [xilinx-label-all-loops]
 for (int k = 0; k < 16; k++) {
 ^~~
 VITIS_LOOP_326_1: 
/nethome/asandeep6/FPGA_ECE8893/2026_Spring/lab3/project_1/hls/.autopilot/db/top.pp.0.cpp:6677:2: note: FIX-IT applied suggested code changes
/nethome/asandeep6/FPGA_ECE8893/2026_Spring/lab3/project_1/hls/.autopilot/db/top.pp.0.cpp:6714:2: warning: Added loop label VITIS_LOOP_363_1:   [xilinx-label-all-loops]
 for(int i=0; i<16; i++) {
 ^~~
 VITIS_LOOP_363_1: 
/nethome/asandeep6/FPGA_ECE8893/2026_Spring/lab3/project_1/hls/.autopilot/db/top.pp.0.cpp:6714:2: note: FIX-IT applied suggested code changes
/nethome/asandeep6/FPGA_ECE8893/2026_Spring/lab3/project_1/hls/.autopilot/db/top.pp.0.cpp:6723:9: warning: Added loop label VITIS_LOOP_372_2:   [xilinx-label-all-loops]
        for(int i=0; i<32; i++) {
        ^~~
        VITIS_LOOP_372_2: 
/nethome/asandeep6/FPGA_ECE8893/2026_Spring/lab3/project_1/hls/.autopilot/db/top.pp.0.cpp:6723:9: note: FIX-IT applied suggested code changes
/nethome/asandeep6/FPGA_ECE8893/2026_Spring/lab3/project_1/hls/.autopilot/db/top.pp.0.cpp:6746:2: warning: Added loop label VITIS_LOOP_395_1:   [xilinx-label-all-loops]
 for (int b = 0; b < ((1 << 16) / 256); b++) {
 ^~~
 VITIS_LOOP_395_1: 
/nethome/asandeep6/FPGA_ECE8893/2026_Spring/lab3/project_1/hls/.autopilot/db/top.pp.0.cpp:6746:2: note: FIX-IT applied suggested code changes
/nethome/asandeep6/FPGA_ECE8893/2026_Spring/lab3/project_1/hls/.autopilot/db/top.pp.0.cpp:6748:9: warning: Added loop label VITIS_LOOP_397_2:   [xilinx-label-all-loops]
        for (int i = 0; i < 256 / 32; i++) {
        ^~~
        VITIS_LOOP_397_2: 
/nethome/asandeep6/FPGA_ECE8893/2026_Spring/lab3/project_1/hls/.autopilot/db/top.pp.0.cpp:6748:9: note: FIX-IT applied suggested code changes
/nethome/asandeep6/FPGA_ECE8893/2026_Spring/lab3/project_1/hls/.autopilot/db/top.pp.0.cpp:6754:2: warning: Added loop label VITIS_LOOP_403_3:   [xilinx-label-all-loops]
 for(int j=0; j<16; j++) {
 ^~~
 VITIS_LOOP_403_3: 
/nethome/asandeep6/FPGA_ECE8893/2026_Spring/lab3/project_1/hls/.autopilot/db/top.pp.0.cpp:6754:2: note: FIX-IT applied suggested code changes
/nethome/asandeep6/FPGA_ECE8893/2026_Spring/lab3/project_1/hls/.autopilot/db/top.pp.0.cpp:6761:2: warning: Added loop label VITIS_LOOP_410_4:   [xilinx-label-all-loops]
 for(int j=0; j<16; j++) {
 ^~~
 VITIS_LOOP_410_4: 
/nethome/asandeep6/FPGA_ECE8893/2026_Spring/lab3/project_1/hls/.autopilot/db/top.pp.0.cpp:6761:2: note: FIX-IT applied suggested code changes
/nethome/asandeep6/FPGA_ECE8893/2026_Spring/lab3/project_1/hls/.autopilot/db/top.pp.0.cpp:6768:2: warning: Added loop label VITIS_LOOP_417_5:   [xilinx-label-all-loops]
 for(int j=0; j<8; j++) {
 ^~~
 VITIS_LOOP_417_5: 
/nethome/asandeep6/FPGA_ECE8893/2026_Spring/lab3/project_1/hls/.autopilot/db/top.pp.0.cpp:6768:2: note: FIX-IT applied suggested code changes
/nethome/asandeep6/FPGA_ECE8893/2026_Spring/lab3/project_1/hls/.autopilot/db/top.pp.0.cpp:6782:2: warning: Added loop label VITIS_LOOP_431_1:   [xilinx-label-all-loops]
 for (int b = 0; b < ((1 << 16) / 256); b++) {
 ^~~
 VITIS_LOOP_431_1: 
/nethome/asandeep6/FPGA_ECE8893/2026_Spring/lab3/project_1/hls/.autopilot/db/top.pp.0.cpp:6782:2: note: FIX-IT applied suggested code changes
/nethome/asandeep6/FPGA_ECE8893/2026_Spring/lab3/project_1/hls/.autopilot/db/top.pp.0.cpp:6785:9: warning: Added loop label VITIS_LOOP_434_2:   [xilinx-label-all-loops]
        for (int i = 0; i < 256 / 32; i++) {
        ^~~
        VITIS_LOOP_434_2: 
/nethome/asandeep6/FPGA_ECE8893/2026_Spring/lab3/project_1/hls/.autopilot/db/top.pp.0.cpp:6785:9: note: FIX-IT applied suggested code changes
/nethome/asandeep6/FPGA_ECE8893/2026_Spring/lab3/project_1/hls/.autopilot/db/top.pp.0.cpp:6792:2: warning: Added loop label VITIS_LOOP_441_3:   [xilinx-label-all-loops]
 for (int j = 0; j < 16; j++) {
 ^~~
 VITIS_LOOP_441_3: 
/nethome/asandeep6/FPGA_ECE8893/2026_Spring/lab3/project_1/hls/.autopilot/db/top.pp.0.cpp:6792:2: note: FIX-IT applied suggested code changes
/nethome/asandeep6/FPGA_ECE8893/2026_Spring/lab3/project_1/hls/.autopilot/db/top.pp.0.cpp:6806:2: warning: Added loop label VITIS_LOOP_455_1:   [xilinx-label-all-loops]
 for (int k = 0; k < (1 << 16) / 32; k++) {
 ^~~
 VITIS_LOOP_455_1: 
/nethome/asandeep6/FPGA_ECE8893/2026_Spring/lab3/project_1/hls/.autopilot/db/top.pp.0.cpp:6806:2: note: FIX-IT applied suggested code changes
/nethome/asandeep6/FPGA_ECE8893/2026_Spring/lab3/project_1/hls/.autopilot/db/top.pp.0.cpp:6813:2: warning: Added loop label VITIS_LOOP_462_2:   [xilinx-label-all-loops]
 for (int i = 0; i < 16; i++) {
 ^~~
 VITIS_LOOP_462_2: 
/nethome/asandeep6/FPGA_ECE8893/2026_Spring/lab3/project_1/hls/.autopilot/db/top.pp.0.cpp:6813:2: note: FIX-IT applied suggested code changes
/nethome/asandeep6/FPGA_ECE8893/2026_Spring/lab3/project_1/hls/.autopilot/db/top.pp.0.cpp:6832:9: warning: Added loop label VITIS_LOOP_481_1:   [xilinx-label-all-loops]
        for (int k = 0; k < 16; k++) {
        ^~~
        VITIS_LOOP_481_1: 
/nethome/asandeep6/FPGA_ECE8893/2026_Spring/lab3/project_1/hls/.autopilot/db/top.pp.0.cpp:6832:9: note: FIX-IT applied suggested code changes
