================================================================
== Vivado Place & Route Results
================================================================
+ General Information:
    * Date:            Sun Mar 08 16:06:54 EDT 2026
    * Version:         2025.1 (Build 6214317 on Sep 11 2025)
    * Project:         project_1
    * Solution:        hls (Vivado IP Flow Target)
    * Product family:  zynquplus
    * Target device:   xczu3eg-sbva484-1-e


================================================================
== Run Constraints & Options
================================================================
+ Design Constraints & Options:
    * Place & Route target clock:  10 ns
    * C-Synthesis target clock:    10 ns
    * C-Synthesis uncertainty:     27%

+ RTL Synthesis Options:
    * config_export -vivado_synth_strategy:     default
    * config_export -vivado_synth_design_args:  -directive sdx_optimization_effort_high

+ Place & Route Options:
    * config_export -vivado_impl_strategy:  default
    * config_export -vivado_phys_opt:       auto

+ Reporting Options:
    * config_export -vivado_report_level:      2
    * config_export -vivado_max_timing_paths:  10


================================================================
== Place & Route Resource Summary
================================================================
LUT:              12861
FF:               12732
DSP:              64
BRAM:             15
URAM:             0
SRL:              1773


================================================================
== Place & Route Timing Summary
================================================================
* Timing was met
+----------------+-------------+
| Timing         | Period (ns) |
+----------------+-------------+
| Target         | 10.000      |
| Post-Synthesis | 5.922       |
| Post-Route     | 7.751       |
+----------------+-------------+


================================================================
== Place & Route Resources
================================================================
+------------------------------------+-------+-------+-----+------+------+-----+--------+------+---------+----------+--------+
| Name                               | LUT   | FF    | DSP | BRAM | URAM | SRL | Pragma | Impl | Latency | Variable | Source |
+------------------------------------+-------+-------+-----+------+------+-----+--------+------+---------+----------+--------+
| inst                               | 12861 | 12732 | 64  | 15   |      |     |        |      |         |          |        |
|   control_s_axi_U                  | 159   | 181   |     |      |      |     |        |      |         |          |        |
|   entry_proc_U0                    |       |       |     |      |      |     |        |      |         |          |        |
|   gmem0_m_axi_U                    | 924   | 1674  |     | 15   |      |     |        |      |         |          |        |
|   gmem1_m_axi_U                    | 917   | 1570  |     |      |      |     |        |      |         |          |        |
|   k0_preprocess_U0                 | 19    | 14    |     |      |      |     |        |      |         |          |        |
|     (k0_preprocess_U0)             | 1     | 13    |     |      |      |     |        |      |         |          |        |
|   k1_transform_U0                  | 1529  | 734   |     |      |      |     |        |      |         |          |        |
|     (k1_transform_U0)              | 1511  | 733   |     |      |      |     |        |      |         |          |        |
|   k2_stats_U0                      | 961   | 497   |     |      |      |     |        |      |         |          |        |
|     (k2_stats_U0)                  | 882   | 495   |     |      |      |     |        |      |         |          |        |
|   k3_join_norm_U0                  | 4368  | 3988  | 64  |      |      |     |        |      |         |          |        |
|     (k3_join_norm_U0)              | 19    | 474   |     |      |      |     |        |      |         |          |        |
|     mul_34s_30s_64_1_1_U48         | 65    |       | 4   |      |      |     |        |      |         |          |        |
|     mul_34s_30s_64_1_1_U49         | 65    |       | 4   |      |      |     |        |      |         |          |        |
|     mul_34s_30s_64_1_1_U50         | 65    |       | 4   |      |      |     |        |      |         |          |        |
|     mul_34s_30s_64_1_1_U51         | 65    |       | 4   |      |      |     |        |      |         |          |        |
|     mul_34s_30s_64_1_1_U52         | 65    |       | 4   |      |      |     |        |      |         |          |        |
|     mul_34s_30s_64_1_1_U53         | 75    |       | 4   |      |      |     |        |      |         |          |        |
|     mul_34s_30s_64_1_1_U54         | 65    |       | 4   |      |      |     |        |      |         |          |        |
|     mul_34s_30s_64_1_1_U55         | 64    |       | 4   |      |      |     |        |      |         |          |        |
|     mul_34s_30s_64_1_1_U56         | 65    |       | 4   |      |      |     |        |      |         |          |        |
|     mul_34s_30s_64_1_1_U57         | 64    |       | 4   |      |      |     |        |      |         |          |        |
|     mul_34s_30s_64_1_1_U58         | 75    |       | 4   |      |      |     |        |      |         |          |        |
|     mul_34s_30s_64_1_1_U59         | 64    |       | 4   |      |      |     |        |      |         |          |        |
|     mul_34s_30s_64_1_1_U60         | 65    |       | 4   |      |      |     |        |      |         |          |        |
|     mul_34s_30s_64_1_1_U61         | 65    |       | 4   |      |      |     |        |      |         |          |        |
|     mul_34s_30s_64_1_1_U62         | 65    |       | 4   |      |      |     |        |      |         |          |        |
|     mul_34s_30s_64_1_1_U63         | 64    |       | 4   |      |      |     |        |      |         |          |        |
|     sdiv_50ns_34s_50_54_1_U64      | 3268  | 3513  |     |      |      |     |        |      |         |          |        |
|   k4_postprocess_U0                | 57    | 286   |     |      |      |     |        |      |         |          |        |
|     (k4_postprocess_U0)            | 42    | 285   |     |      |      |     |        |      |         |          |        |
|     flow_control_loop_pipe_U       |       |       |     |      |      |     |        |      |         |          |        |
|   k_split_U0                       |       |       |     |      |      |     |        |      |         |          |        |
|     flow_control_loop_pipe_U       |       |       |     |      |      |     |        |      |         |          |        |
|   load_input_wide_U0               | 32    | 86    |     |      |      |     |        |      |         |          |        |
|     (load_input_wide_U0)           | 9     | 85    |     |      |      |     |        |      |         |          |        |
|     flow_control_loop_pipe_U       |       |       |     |      |      |     |        |      |         |          |        |
|   out_r_c_U                        |       |       |     |      |      |     |        |      |         |          |        |
|   s0_U                             | 170   | 648   |     |      |      |     |        |      |         |          |        |
|   s0_a_U                           | 675   | 42    |     |      |      |     |        |      |         |          |        |
|   s0_b_U                           | 683   | 650   |     |      |      |     |        |      |         |          |        |
|   s1_U                             | 575   | 35    |     |      |      |     |        |      |         |          |        |
|   s3_U                             | 826   | 649   |     |      |      |     |        |      |         |          |        |
|   s_in_U                           | 654   | 651   |     |      |      |     |        |      |         |          |        |
|   s_out_U                          | 144   | 550   |     |      |      |     |        |      |         |          |        |
|   s_stats_U                        | 20    | 62    |     |      |      |     |        |      |         |          |        |
|   start_for_k0_preprocess_U0_U     |       |       |     |      |      |     |        |      |         |          |        |
|   start_for_k1_transform_U0_U      |       |       |     |      |      |     |        |      |         |          |        |
|   start_for_k2_stats_U0_U          |       |       |     |      |      |     |        |      |         |          |        |
|   start_for_k3_join_norm_U0_U      |       |       |     |      |      |     |        |      |         |          |        |
|   start_for_k4_postprocess_U0_U    |       |       |     |      |      |     |        |      |         |          |        |
|   start_for_k_split_U0_U           |       |       |     |      |      |     |        |      |         |          |        |
|   start_for_store_output_wide_U0_U |       |       |     |      |      |     |        |      |         |          |        |
|   store_output_wide_U0             | 47    | 359   |     |      |      |     |        |      |         |          |        |
|     (store_output_wide_U0)         | 25    | 358   |     |      |      |     |        |      |         |          |        |
+------------------------------------+-------+-------+-----+------+------+-----+--------+------+---------+----------+--------+


================================================================
== Place & Route Fail Fast
================================================================
+-----------------------------------------------------------+-----------+--------+--------+
| Criteria                                                  | Guideline | Actual | Status |
+-----------------------------------------------------------+-----------+--------+--------+
| LUT                                                       | 70%       | 18.23% | OK     |
| FD                                                        | 50%       | 9.02%  | OK     |
| LUTRAM+SRL                                                | 25%       | 6.16%  | OK     |
| CARRY8                                                    | 25%       | 12.09% | OK     |
| MUXF7                                                     | 15%       | 1.68%  | OK     |
| DSP                                                       | 80%       | 17.78% | OK     |
| RAMB/FIFO                                                 | 80%       | 3.47%  | OK     |
| DSP+RAMB+URAM (Avg)                                       | 70%       | 10.62% | OK     |
| BUFGCE* + BUFGCTRL                                        | 24        | 0      | OK     |
| DONT_TOUCH (cells/nets)                                   | 0         | 0      | OK     |
| MARK_DEBUG (nets)                                         | 0         | 0      | OK     |
| Control Sets                                              | 1323      | 172    | OK     |
| Average Fanout for modules > 100k cells                   | 4         | 1.42   | OK     |
| Max Average Fanout for modules > 100k cells               | 4         | 0      | OK     |
| Non-FD high fanout nets > 10k loads                       | 0         | 0      | OK     |
+-----------------------------------------------------------+-----------+--------+--------+
| TIMING-6 (No common primary clock between related clocks) | 0         | 0      | OK     |
| TIMING-7 (No common node between related clocks)          | 0         | 0      | OK     |
| TIMING-8 (No common period between related clocks)        | 0         | 0      | OK     |
| TIMING-14 (LUT on the clock tree)                         | 0         | 0      | OK     |
| TIMING-35 (No common node in paths with the same clock)   | 0         | 0      | OK     |
+-----------------------------------------------------------+-----------+--------+--------+
| Number of paths above max LUT budgeting (0.350ns)         | 0         | 0      | OK     |
| Number of paths above max Net budgeting (0.239ns)         | 0         | 0      | OK     |
+-----------------------------------------------------------+-----------+--------+--------+


================================================================
== Place & Route Timing Paths
================================================================
* Timing was met
+-------+-------+--------------------------------------------------+----------------------------------------------+--------------+------------+----------------+----------------+--------------+
| Path  | SLACK | STARTPOINT PIN                                   | ENDPOINT PIN                                 | LOGIC LEVELS | MAX FANOUT | DATAPATH DELAY | DATAPATH LOGIC | DATAPATH NET |
|       |       |                                                  |                                              |              |            |                |          DELAY |        DELAY |
+-------+-------+--------------------------------------------------+----------------------------------------------+--------------+------------+----------------+----------------+--------------+
| Path1 | 2.249 | k3_join_norm_U0/select_ln435_3_reg_4504_reg[9]/C | k3_join_norm_U0/v_out_19_reg_4614_reg[10]/CE |           19 |         32 |          7.662 |          4.151 |        3.511 |
| Path2 | 2.249 | k3_join_norm_U0/select_ln435_3_reg_4504_reg[9]/C | k3_join_norm_U0/v_out_19_reg_4614_reg[11]/CE |           19 |         32 |          7.662 |          4.151 |        3.511 |
| Path3 | 2.249 | k3_join_norm_U0/select_ln435_3_reg_4504_reg[9]/C | k3_join_norm_U0/v_out_19_reg_4614_reg[14]/CE |           19 |         32 |          7.662 |          4.151 |        3.511 |
| Path4 | 2.299 | k3_join_norm_U0/select_ln435_3_reg_4504_reg[9]/C | k3_join_norm_U0/v_out_19_reg_4614_reg[0]/CE  |           19 |         32 |          7.613 |          4.151 |        3.462 |
| Path5 | 2.299 | k3_join_norm_U0/select_ln435_3_reg_4504_reg[9]/C | k3_join_norm_U0/v_out_19_reg_4614_reg[15]/CE |           19 |         32 |          7.613 |          4.151 |        3.462 |
+-------+-------+--------------------------------------------------+----------------------------------------------+--------------+------------+----------------+----------------+--------------+

    +----------------------------------------------------------------------------+------------------------+
    | Path1 Cells                                                                | Primitive Type         |
    +----------------------------------------------------------------------------+------------------------+
    | k3_join_norm_U0/select_ln435_3_reg_4504_reg[9]                             | REGISTER.SDR.FDSE      |
    | k3_join_norm_U0/mul_34s_30s_64_1_1_U53/tmp_product__1/DSP_A_B_DATA_INST    | ARITHMETIC.DSP.DSP48E2 |
    | k3_join_norm_U0/mul_34s_30s_64_1_1_U53/tmp_product__1/DSP_PREADD_DATA_INST | ARITHMETIC.DSP.DSP48E2 |
    | k3_join_norm_U0/mul_34s_30s_64_1_1_U53/tmp_product__1/DSP_MULTIPLIER_INST  | ARITHMETIC.DSP.DSP48E2 |
    | k3_join_norm_U0/mul_34s_30s_64_1_1_U53/tmp_product__1/DSP_M_DATA_INST      | ARITHMETIC.DSP.DSP48E2 |
    | k3_join_norm_U0/mul_34s_30s_64_1_1_U53/tmp_product__1/DSP_ALU_INST         | ARITHMETIC.DSP.DSP48E2 |
    | k3_join_norm_U0/mul_34s_30s_64_1_1_U53/tmp_product__1/DSP_OUTPUT_INST      | ARITHMETIC.DSP.DSP48E2 |
    | k3_join_norm_U0/mul_34s_30s_64_1_1_U53/tmp_product__2/DSP_ALU_INST         | ARITHMETIC.DSP.DSP48E2 |
    | k3_join_norm_U0/mul_34s_30s_64_1_1_U53/tmp_product__2/DSP_OUTPUT_INST      | ARITHMETIC.DSP.DSP48E2 |
    | k3_join_norm_U0/mul_34s_30s_64_1_1_U53/tmp_product_carry_i_4__4            | CLB.LUT.LUT2           |
    | k3_join_norm_U0/mul_34s_30s_64_1_1_U53/tmp_product_carry                   | CLB.CARRY.CARRY8       |
    | k3_join_norm_U0/mul_34s_30s_64_1_1_U53/tmp_product_carry__0                | CLB.CARRY.CARRY8       |
    | k3_join_norm_U0/mul_34s_30s_64_1_1_U53/tmp_product_carry__1                | CLB.CARRY.CARRY8       |
    | k3_join_norm_U0/mul_34s_30s_64_1_1_U53/v_out_19_reg_4614[7]_i_3            | CLB.LUT.LUT2           |
    | k3_join_norm_U0/mul_34s_30s_64_1_1_U53/v_out_19_reg_4614_reg[7]_i_2        | CLB.CARRY.CARRY8       |
    | k3_join_norm_U0/mul_34s_30s_64_1_1_U53/v_out_19_reg_4614_reg[15]_i_2       | CLB.CARRY.CARRY8       |
    | k3_join_norm_U0/mul_34s_30s_64_1_1_U53/v_out_19_reg_4614_reg[19]_i_6       | CLB.CARRY.CARRY8       |
    | k3_join_norm_U0/mul_34s_30s_64_1_1_U53/v_out_19_reg_4614[19]_i_10          | CLB.LUT.LUT4           |
    | k3_join_norm_U0/mul_34s_30s_64_1_1_U53/v_out_19_reg_4614[19]_i_5           | CLB.LUT.LUT6           |
    | k3_join_norm_U0/mul_34s_30s_64_1_1_U53/v_out_19_reg_4614[19]_i_2           | CLB.LUT.LUT2           |
    | k3_join_norm_U0/v_out_19_reg_4614_reg[10]                                  | REGISTER.SDR.FDSE      |
    | k3_join_norm_U0/select_ln435_3_reg_4504_reg[9]                             | REGISTER.SDR.FDSE      |
    | k3_join_norm_U0/mul_34s_30s_64_1_1_U53/tmp_product__1/DSP_A_B_DATA_INST    | ARITHMETIC.DSP.DSP48E2 |
    | k3_join_norm_U0/mul_34s_30s_64_1_1_U53/tmp_product__1/DSP_PREADD_DATA_INST | ARITHMETIC.DSP.DSP48E2 |
    | k3_join_norm_U0/mul_34s_30s_64_1_1_U53/tmp_product__1/DSP_MULTIPLIER_INST  | ARITHMETIC.DSP.DSP48E2 |
    | k3_join_norm_U0/mul_34s_30s_64_1_1_U53/tmp_product__1/DSP_M_DATA_INST      | ARITHMETIC.DSP.DSP48E2 |
    | k3_join_norm_U0/mul_34s_30s_64_1_1_U53/tmp_product__1/DSP_ALU_INST         | ARITHMETIC.DSP.DSP48E2 |
    | k3_join_norm_U0/mul_34s_30s_64_1_1_U53/tmp_product__1/DSP_OUTPUT_INST      | ARITHMETIC.DSP.DSP48E2 |
    | k3_join_norm_U0/mul_34s_30s_64_1_1_U53/tmp_product__2/DSP_ALU_INST         | ARITHMETIC.DSP.DSP48E2 |
    | k3_join_norm_U0/mul_34s_30s_64_1_1_U53/tmp_product__2/DSP_OUTPUT_INST      | ARITHMETIC.DSP.DSP48E2 |
    | k3_join_norm_U0/mul_34s_30s_64_1_1_U53/tmp_product_carry_i_4__4            | CLB.LUT.LUT2           |
    | k3_join_norm_U0/mul_34s_30s_64_1_1_U53/tmp_product_carry                   | CLB.CARRY.CARRY8       |
    | k3_join_norm_U0/mul_34s_30s_64_1_1_U53/tmp_product_carry__0                | CLB.CARRY.CARRY8       |
    | k3_join_norm_U0/mul_34s_30s_64_1_1_U53/tmp_product_carry__1                | CLB.CARRY.CARRY8       |
    | k3_join_norm_U0/mul_34s_30s_64_1_1_U53/v_out_19_reg_4614[7]_i_3            | CLB.LUT.LUT2           |
    | k3_join_norm_U0/mul_34s_30s_64_1_1_U53/v_out_19_reg_4614_reg[7]_i_2        | CLB.CARRY.CARRY8       |
    | k3_join_norm_U0/mul_34s_30s_64_1_1_U53/v_out_19_reg_4614_reg[15]_i_2       | CLB.CARRY.CARRY8       |
    | k3_join_norm_U0/mul_34s_30s_64_1_1_U53/v_out_19_reg_4614_reg[19]_i_6       | CLB.CARRY.CARRY8       |
    | k3_join_norm_U0/mul_34s_30s_64_1_1_U53/v_out_19_reg_4614[19]_i_10          | CLB.LUT.LUT4           |
    | k3_join_norm_U0/mul_34s_30s_64_1_1_U53/v_out_19_reg_4614[19]_i_5           | CLB.LUT.LUT6           |
    | k3_join_norm_U0/mul_34s_30s_64_1_1_U53/v_out_19_reg_4614[19]_i_2           | CLB.LUT.LUT2           |
    | k3_join_norm_U0/v_out_19_reg_4614_reg[11]                                  | REGISTER.SDR.FDSE      |
    | k3_join_norm_U0/select_ln435_3_reg_4504_reg[9]                             | REGISTER.SDR.FDSE      |
    | k3_join_norm_U0/mul_34s_30s_64_1_1_U53/tmp_product__1/DSP_A_B_DATA_INST    | ARITHMETIC.DSP.DSP48E2 |
    | k3_join_norm_U0/mul_34s_30s_64_1_1_U53/tmp_product__1/DSP_PREADD_DATA_INST | ARITHMETIC.DSP.DSP48E2 |
    | k3_join_norm_U0/mul_34s_30s_64_1_1_U53/tmp_product__1/DSP_MULTIPLIER_INST  | ARITHMETIC.DSP.DSP48E2 |
    | k3_join_norm_U0/mul_34s_30s_64_1_1_U53/tmp_product__1/DSP_M_DATA_INST      | ARITHMETIC.DSP.DSP48E2 |
    | k3_join_norm_U0/mul_34s_30s_64_1_1_U53/tmp_product__1/DSP_ALU_INST         | ARITHMETIC.DSP.DSP48E2 |
    | k3_join_norm_U0/mul_34s_30s_64_1_1_U53/tmp_product__1/DSP_OUTPUT_INST      | ARITHMETIC.DSP.DSP48E2 |
    | k3_join_norm_U0/mul_34s_30s_64_1_1_U53/tmp_product__2/DSP_ALU_INST         | ARITHMETIC.DSP.DSP48E2 |
    | k3_join_norm_U0/mul_34s_30s_64_1_1_U53/tmp_product__2/DSP_OUTPUT_INST      | ARITHMETIC.DSP.DSP48E2 |
    | k3_join_norm_U0/mul_34s_30s_64_1_1_U53/tmp_product_carry_i_4__4            | CLB.LUT.LUT2           |
    | k3_join_norm_U0/mul_34s_30s_64_1_1_U53/tmp_product_carry                   | CLB.CARRY.CARRY8       |
    | k3_join_norm_U0/mul_34s_30s_64_1_1_U53/tmp_product_carry__0                | CLB.CARRY.CARRY8       |
    | k3_join_norm_U0/mul_34s_30s_64_1_1_U53/tmp_product_carry__1                | CLB.CARRY.CARRY8       |
    | k3_join_norm_U0/mul_34s_30s_64_1_1_U53/v_out_19_reg_4614[7]_i_3            | CLB.LUT.LUT2           |
    | k3_join_norm_U0/mul_34s_30s_64_1_1_U53/v_out_19_reg_4614_reg[7]_i_2        | CLB.CARRY.CARRY8       |
    | k3_join_norm_U0/mul_34s_30s_64_1_1_U53/v_out_19_reg_4614_reg[15]_i_2       | CLB.CARRY.CARRY8       |
    | k3_join_norm_U0/mul_34s_30s_64_1_1_U53/v_out_19_reg_4614_reg[19]_i_6       | CLB.CARRY.CARRY8       |
    | k3_join_norm_U0/mul_34s_30s_64_1_1_U53/v_out_19_reg_4614[19]_i_10          | CLB.LUT.LUT4           |
    | k3_join_norm_U0/mul_34s_30s_64_1_1_U53/v_out_19_reg_4614[19]_i_5           | CLB.LUT.LUT6           |
    | k3_join_norm_U0/mul_34s_30s_64_1_1_U53/v_out_19_reg_4614[19]_i_2           | CLB.LUT.LUT2           |
    | k3_join_norm_U0/v_out_19_reg_4614_reg[14]                                  | REGISTER.SDR.FDSE      |
    | k3_join_norm_U0/select_ln435_3_reg_4504_reg[9]                             | REGISTER.SDR.FDSE      |
    | k3_join_norm_U0/mul_34s_30s_64_1_1_U53/tmp_product__1/DSP_A_B_DATA_INST    | ARITHMETIC.DSP.DSP48E2 |
    | k3_join_norm_U0/mul_34s_30s_64_1_1_U53/tmp_product__1/DSP_PREADD_DATA_INST | ARITHMETIC.DSP.DSP48E2 |
    | k3_join_norm_U0/mul_34s_30s_64_1_1_U53/tmp_product__1/DSP_MULTIPLIER_INST  | ARITHMETIC.DSP.DSP48E2 |
    | k3_join_norm_U0/mul_34s_30s_64_1_1_U53/tmp_product__1/DSP_M_DATA_INST      | ARITHMETIC.DSP.DSP48E2 |
    | k3_join_norm_U0/mul_34s_30s_64_1_1_U53/tmp_product__1/DSP_ALU_INST         | ARITHMETIC.DSP.DSP48E2 |
    | k3_join_norm_U0/mul_34s_30s_64_1_1_U53/tmp_product__1/DSP_OUTPUT_INST      | ARITHMETIC.DSP.DSP48E2 |
    | k3_join_norm_U0/mul_34s_30s_64_1_1_U53/tmp_product__2/DSP_ALU_INST         | ARITHMETIC.DSP.DSP48E2 |
    | k3_join_norm_U0/mul_34s_30s_64_1_1_U53/tmp_product__2/DSP_OUTPUT_INST      | ARITHMETIC.DSP.DSP48E2 |
    | k3_join_norm_U0/mul_34s_30s_64_1_1_U53/tmp_product_carry_i_4__4            | CLB.LUT.LUT2           |
    | k3_join_norm_U0/mul_34s_30s_64_1_1_U53/tmp_product_carry                   | CLB.CARRY.CARRY8       |
    | k3_join_norm_U0/mul_34s_30s_64_1_1_U53/tmp_product_carry__0                | CLB.CARRY.CARRY8       |
    | k3_join_norm_U0/mul_34s_30s_64_1_1_U53/tmp_product_carry__1                | CLB.CARRY.CARRY8       |
    | k3_join_norm_U0/mul_34s_30s_64_1_1_U53/v_out_19_reg_4614[7]_i_3            | CLB.LUT.LUT2           |
    | k3_join_norm_U0/mul_34s_30s_64_1_1_U53/v_out_19_reg_4614_reg[7]_i_2        | CLB.CARRY.CARRY8       |
    | k3_join_norm_U0/mul_34s_30s_64_1_1_U53/v_out_19_reg_4614_reg[15]_i_2       | CLB.CARRY.CARRY8       |
    | k3_join_norm_U0/mul_34s_30s_64_1_1_U53/v_out_19_reg_4614_reg[19]_i_6       | CLB.CARRY.CARRY8       |
    | k3_join_norm_U0/mul_34s_30s_64_1_1_U53/v_out_19_reg_4614[19]_i_10          | CLB.LUT.LUT4           |
    | k3_join_norm_U0/mul_34s_30s_64_1_1_U53/v_out_19_reg_4614[19]_i_5           | CLB.LUT.LUT6           |
    | k3_join_norm_U0/mul_34s_30s_64_1_1_U53/v_out_19_reg_4614[19]_i_2           | CLB.LUT.LUT2           |
    | k3_join_norm_U0/v_out_19_reg_4614_reg[0]                                   | REGISTER.SDR.FDSE      |
    | k3_join_norm_U0/select_ln435_3_reg_4504_reg[9]                             | REGISTER.SDR.FDSE      |
    | k3_join_norm_U0/mul_34s_30s_64_1_1_U53/tmp_product__1/DSP_A_B_DATA_INST    | ARITHMETIC.DSP.DSP48E2 |
    | k3_join_norm_U0/mul_34s_30s_64_1_1_U53/tmp_product__1/DSP_PREADD_DATA_INST | ARITHMETIC.DSP.DSP48E2 |
    | k3_join_norm_U0/mul_34s_30s_64_1_1_U53/tmp_product__1/DSP_MULTIPLIER_INST  | ARITHMETIC.DSP.DSP48E2 |
    | k3_join_norm_U0/mul_34s_30s_64_1_1_U53/tmp_product__1/DSP_M_DATA_INST      | ARITHMETIC.DSP.DSP48E2 |
    | k3_join_norm_U0/mul_34s_30s_64_1_1_U53/tmp_product__1/DSP_ALU_INST         | ARITHMETIC.DSP.DSP48E2 |
    | k3_join_norm_U0/mul_34s_30s_64_1_1_U53/tmp_product__1/DSP_OUTPUT_INST      | ARITHMETIC.DSP.DSP48E2 |
    | k3_join_norm_U0/mul_34s_30s_64_1_1_U53/tmp_product__2/DSP_ALU_INST         | ARITHMETIC.DSP.DSP48E2 |
    | k3_join_norm_U0/mul_34s_30s_64_1_1_U53/tmp_product__2/DSP_OUTPUT_INST      | ARITHMETIC.DSP.DSP48E2 |
    | k3_join_norm_U0/mul_34s_30s_64_1_1_U53/tmp_product_carry_i_4__4            | CLB.LUT.LUT2           |
    | k3_join_norm_U0/mul_34s_30s_64_1_1_U53/tmp_product_carry                   | CLB.CARRY.CARRY8       |
    | k3_join_norm_U0/mul_34s_30s_64_1_1_U53/tmp_product_carry__0                | CLB.CARRY.CARRY8       |
    | k3_join_norm_U0/mul_34s_30s_64_1_1_U53/tmp_product_carry__1                | CLB.CARRY.CARRY8       |
    | k3_join_norm_U0/mul_34s_30s_64_1_1_U53/v_out_19_reg_4614[7]_i_3            | CLB.LUT.LUT2           |
    | k3_join_norm_U0/mul_34s_30s_64_1_1_U53/v_out_19_reg_4614_reg[7]_i_2        | CLB.CARRY.CARRY8       |
    | k3_join_norm_U0/mul_34s_30s_64_1_1_U53/v_out_19_reg_4614_reg[15]_i_2       | CLB.CARRY.CARRY8       |
    | k3_join_norm_U0/mul_34s_30s_64_1_1_U53/v_out_19_reg_4614_reg[19]_i_6       | CLB.CARRY.CARRY8       |
    | k3_join_norm_U0/mul_34s_30s_64_1_1_U53/v_out_19_reg_4614[19]_i_10          | CLB.LUT.LUT4           |
    | k3_join_norm_U0/mul_34s_30s_64_1_1_U53/v_out_19_reg_4614[19]_i_5           | CLB.LUT.LUT6           |
    | k3_join_norm_U0/mul_34s_30s_64_1_1_U53/v_out_19_reg_4614[19]_i_2           | CLB.LUT.LUT2           |
    | k3_join_norm_U0/v_out_19_reg_4614_reg[15]                                  | REGISTER.SDR.FDSE      |
    +----------------------------------------------------------------------------+------------------------+

    +----------------------------------------------------------------------------+------------------------+
    | Path2 Cells                                                                | Primitive Type         |
    +----------------------------------------------------------------------------+------------------------+
    | k3_join_norm_U0/select_ln435_3_reg_4504_reg[9]                             | REGISTER.SDR.FDSE      |
    | k3_join_norm_U0/mul_34s_30s_64_1_1_U53/tmp_product__1/DSP_A_B_DATA_INST    | ARITHMETIC.DSP.DSP48E2 |
    | k3_join_norm_U0/mul_34s_30s_64_1_1_U53/tmp_product__1/DSP_PREADD_DATA_INST | ARITHMETIC.DSP.DSP48E2 |
    | k3_join_norm_U0/mul_34s_30s_64_1_1_U53/tmp_product__1/DSP_MULTIPLIER_INST  | ARITHMETIC.DSP.DSP48E2 |
    | k3_join_norm_U0/mul_34s_30s_64_1_1_U53/tmp_product__1/DSP_M_DATA_INST      | ARITHMETIC.DSP.DSP48E2 |
    | k3_join_norm_U0/mul_34s_30s_64_1_1_U53/tmp_product__1/DSP_ALU_INST         | ARITHMETIC.DSP.DSP48E2 |
    | k3_join_norm_U0/mul_34s_30s_64_1_1_U53/tmp_product__1/DSP_OUTPUT_INST      | ARITHMETIC.DSP.DSP48E2 |
    | k3_join_norm_U0/mul_34s_30s_64_1_1_U53/tmp_product__2/DSP_ALU_INST         | ARITHMETIC.DSP.DSP48E2 |
    | k3_join_norm_U0/mul_34s_30s_64_1_1_U53/tmp_product__2/DSP_OUTPUT_INST      | ARITHMETIC.DSP.DSP48E2 |
    | k3_join_norm_U0/mul_34s_30s_64_1_1_U53/tmp_product_carry_i_4__4            | CLB.LUT.LUT2           |
    | k3_join_norm_U0/mul_34s_30s_64_1_1_U53/tmp_product_carry                   | CLB.CARRY.CARRY8       |
    | k3_join_norm_U0/mul_34s_30s_64_1_1_U53/tmp_product_carry__0                | CLB.CARRY.CARRY8       |
    | k3_join_norm_U0/mul_34s_30s_64_1_1_U53/tmp_product_carry__1                | CLB.CARRY.CARRY8       |
    | k3_join_norm_U0/mul_34s_30s_64_1_1_U53/v_out_19_reg_4614[7]_i_3            | CLB.LUT.LUT2           |
    | k3_join_norm_U0/mul_34s_30s_64_1_1_U53/v_out_19_reg_4614_reg[7]_i_2        | CLB.CARRY.CARRY8       |
    | k3_join_norm_U0/mul_34s_30s_64_1_1_U53/v_out_19_reg_4614_reg[15]_i_2       | CLB.CARRY.CARRY8       |
    | k3_join_norm_U0/mul_34s_30s_64_1_1_U53/v_out_19_reg_4614_reg[19]_i_6       | CLB.CARRY.CARRY8       |
    | k3_join_norm_U0/mul_34s_30s_64_1_1_U53/v_out_19_reg_4614[19]_i_10          | CLB.LUT.LUT4           |
    | k3_join_norm_U0/mul_34s_30s_64_1_1_U53/v_out_19_reg_4614[19]_i_5           | CLB.LUT.LUT6           |
    | k3_join_norm_U0/mul_34s_30s_64_1_1_U53/v_out_19_reg_4614[19]_i_2           | CLB.LUT.LUT2           |
    | k3_join_norm_U0/v_out_19_reg_4614_reg[10]                                  | REGISTER.SDR.FDSE      |
    | k3_join_norm_U0/select_ln435_3_reg_4504_reg[9]                             | REGISTER.SDR.FDSE      |
    | k3_join_norm_U0/mul_34s_30s_64_1_1_U53/tmp_product__1/DSP_A_B_DATA_INST    | ARITHMETIC.DSP.DSP48E2 |
    | k3_join_norm_U0/mul_34s_30s_64_1_1_U53/tmp_product__1/DSP_PREADD_DATA_INST | ARITHMETIC.DSP.DSP48E2 |
    | k3_join_norm_U0/mul_34s_30s_64_1_1_U53/tmp_product__1/DSP_MULTIPLIER_INST  | ARITHMETIC.DSP.DSP48E2 |
    | k3_join_norm_U0/mul_34s_30s_64_1_1_U53/tmp_product__1/DSP_M_DATA_INST      | ARITHMETIC.DSP.DSP48E2 |
    | k3_join_norm_U0/mul_34s_30s_64_1_1_U53/tmp_product__1/DSP_ALU_INST         | ARITHMETIC.DSP.DSP48E2 |
    | k3_join_norm_U0/mul_34s_30s_64_1_1_U53/tmp_product__1/DSP_OUTPUT_INST      | ARITHMETIC.DSP.DSP48E2 |
    | k3_join_norm_U0/mul_34s_30s_64_1_1_U53/tmp_product__2/DSP_ALU_INST         | ARITHMETIC.DSP.DSP48E2 |
    | k3_join_norm_U0/mul_34s_30s_64_1_1_U53/tmp_product__2/DSP_OUTPUT_INST      | ARITHMETIC.DSP.DSP48E2 |
    | k3_join_norm_U0/mul_34s_30s_64_1_1_U53/tmp_product_carry_i_4__4            | CLB.LUT.LUT2           |
    | k3_join_norm_U0/mul_34s_30s_64_1_1_U53/tmp_product_carry                   | CLB.CARRY.CARRY8       |
    | k3_join_norm_U0/mul_34s_30s_64_1_1_U53/tmp_product_carry__0                | CLB.CARRY.CARRY8       |
    | k3_join_norm_U0/mul_34s_30s_64_1_1_U53/tmp_product_carry__1                | CLB.CARRY.CARRY8       |
    | k3_join_norm_U0/mul_34s_30s_64_1_1_U53/v_out_19_reg_4614[7]_i_3            | CLB.LUT.LUT2           |
    | k3_join_norm_U0/mul_34s_30s_64_1_1_U53/v_out_19_reg_4614_reg[7]_i_2        | CLB.CARRY.CARRY8       |
    | k3_join_norm_U0/mul_34s_30s_64_1_1_U53/v_out_19_reg_4614_reg[15]_i_2       | CLB.CARRY.CARRY8       |
    | k3_join_norm_U0/mul_34s_30s_64_1_1_U53/v_out_19_reg_4614_reg[19]_i_6       | CLB.CARRY.CARRY8       |
    | k3_join_norm_U0/mul_34s_30s_64_1_1_U53/v_out_19_reg_4614[19]_i_10          | CLB.LUT.LUT4           |
    | k3_join_norm_U0/mul_34s_30s_64_1_1_U53/v_out_19_reg_4614[19]_i_5           | CLB.LUT.LUT6           |
    | k3_join_norm_U0/mul_34s_30s_64_1_1_U53/v_out_19_reg_4614[19]_i_2           | CLB.LUT.LUT2           |
    | k3_join_norm_U0/v_out_19_reg_4614_reg[11]                                  | REGISTER.SDR.FDSE      |
    | k3_join_norm_U0/select_ln435_3_reg_4504_reg[9]                             | REGISTER.SDR.FDSE      |
    | k3_join_norm_U0/mul_34s_30s_64_1_1_U53/tmp_product__1/DSP_A_B_DATA_INST    | ARITHMETIC.DSP.DSP48E2 |
    | k3_join_norm_U0/mul_34s_30s_64_1_1_U53/tmp_product__1/DSP_PREADD_DATA_INST | ARITHMETIC.DSP.DSP48E2 |
    | k3_join_norm_U0/mul_34s_30s_64_1_1_U53/tmp_product__1/DSP_MULTIPLIER_INST  | ARITHMETIC.DSP.DSP48E2 |
    | k3_join_norm_U0/mul_34s_30s_64_1_1_U53/tmp_product__1/DSP_M_DATA_INST      | ARITHMETIC.DSP.DSP48E2 |
    | k3_join_norm_U0/mul_34s_30s_64_1_1_U53/tmp_product__1/DSP_ALU_INST         | ARITHMETIC.DSP.DSP48E2 |
    | k3_join_norm_U0/mul_34s_30s_64_1_1_U53/tmp_product__1/DSP_OUTPUT_INST      | ARITHMETIC.DSP.DSP48E2 |
    | k3_join_norm_U0/mul_34s_30s_64_1_1_U53/tmp_product__2/DSP_ALU_INST         | ARITHMETIC.DSP.DSP48E2 |
    | k3_join_norm_U0/mul_34s_30s_64_1_1_U53/tmp_product__2/DSP_OUTPUT_INST      | ARITHMETIC.DSP.DSP48E2 |
    | k3_join_norm_U0/mul_34s_30s_64_1_1_U53/tmp_product_carry_i_4__4            | CLB.LUT.LUT2           |
    | k3_join_norm_U0/mul_34s_30s_64_1_1_U53/tmp_product_carry                   | CLB.CARRY.CARRY8       |
    | k3_join_norm_U0/mul_34s_30s_64_1_1_U53/tmp_product_carry__0                | CLB.CARRY.CARRY8       |
    | k3_join_norm_U0/mul_34s_30s_64_1_1_U53/tmp_product_carry__1                | CLB.CARRY.CARRY8       |
    | k3_join_norm_U0/mul_34s_30s_64_1_1_U53/v_out_19_reg_4614[7]_i_3            | CLB.LUT.LUT2           |
    | k3_join_norm_U0/mul_34s_30s_64_1_1_U53/v_out_19_reg_4614_reg[7]_i_2        | CLB.CARRY.CARRY8       |
    | k3_join_norm_U0/mul_34s_30s_64_1_1_U53/v_out_19_reg_4614_reg[15]_i_2       | CLB.CARRY.CARRY8       |
    | k3_join_norm_U0/mul_34s_30s_64_1_1_U53/v_out_19_reg_4614_reg[19]_i_6       | CLB.CARRY.CARRY8       |
    | k3_join_norm_U0/mul_34s_30s_64_1_1_U53/v_out_19_reg_4614[19]_i_10          | CLB.LUT.LUT4           |
    | k3_join_norm_U0/mul_34s_30s_64_1_1_U53/v_out_19_reg_4614[19]_i_5           | CLB.LUT.LUT6           |
    | k3_join_norm_U0/mul_34s_30s_64_1_1_U53/v_out_19_reg_4614[19]_i_2           | CLB.LUT.LUT2           |
    | k3_join_norm_U0/v_out_19_reg_4614_reg[14]                                  | REGISTER.SDR.FDSE      |
    | k3_join_norm_U0/select_ln435_3_reg_4504_reg[9]                             | REGISTER.SDR.FDSE      |
    | k3_join_norm_U0/mul_34s_30s_64_1_1_U53/tmp_product__1/DSP_A_B_DATA_INST    | ARITHMETIC.DSP.DSP48E2 |
    | k3_join_norm_U0/mul_34s_30s_64_1_1_U53/tmp_product__1/DSP_PREADD_DATA_INST | ARITHMETIC.DSP.DSP48E2 |
    | k3_join_norm_U0/mul_34s_30s_64_1_1_U53/tmp_product__1/DSP_MULTIPLIER_INST  | ARITHMETIC.DSP.DSP48E2 |
    | k3_join_norm_U0/mul_34s_30s_64_1_1_U53/tmp_product__1/DSP_M_DATA_INST      | ARITHMETIC.DSP.DSP48E2 |
    | k3_join_norm_U0/mul_34s_30s_64_1_1_U53/tmp_product__1/DSP_ALU_INST         | ARITHMETIC.DSP.DSP48E2 |
    | k3_join_norm_U0/mul_34s_30s_64_1_1_U53/tmp_product__1/DSP_OUTPUT_INST      | ARITHMETIC.DSP.DSP48E2 |
    | k3_join_norm_U0/mul_34s_30s_64_1_1_U53/tmp_product__2/DSP_ALU_INST         | ARITHMETIC.DSP.DSP48E2 |
    | k3_join_norm_U0/mul_34s_30s_64_1_1_U53/tmp_product__2/DSP_OUTPUT_INST      | ARITHMETIC.DSP.DSP48E2 |
    | k3_join_norm_U0/mul_34s_30s_64_1_1_U53/tmp_product_carry_i_4__4            | CLB.LUT.LUT2           |
    | k3_join_norm_U0/mul_34s_30s_64_1_1_U53/tmp_product_carry                   | CLB.CARRY.CARRY8       |
    | k3_join_norm_U0/mul_34s_30s_64_1_1_U53/tmp_product_carry__0                | CLB.CARRY.CARRY8       |
    | k3_join_norm_U0/mul_34s_30s_64_1_1_U53/tmp_product_carry__1                | CLB.CARRY.CARRY8       |
    | k3_join_norm_U0/mul_34s_30s_64_1_1_U53/v_out_19_reg_4614[7]_i_3            | CLB.LUT.LUT2           |
    | k3_join_norm_U0/mul_34s_30s_64_1_1_U53/v_out_19_reg_4614_reg[7]_i_2        | CLB.CARRY.CARRY8       |
    | k3_join_norm_U0/mul_34s_30s_64_1_1_U53/v_out_19_reg_4614_reg[15]_i_2       | CLB.CARRY.CARRY8       |
    | k3_join_norm_U0/mul_34s_30s_64_1_1_U53/v_out_19_reg_4614_reg[19]_i_6       | CLB.CARRY.CARRY8       |
    | k3_join_norm_U0/mul_34s_30s_64_1_1_U53/v_out_19_reg_4614[19]_i_10          | CLB.LUT.LUT4           |
    | k3_join_norm_U0/mul_34s_30s_64_1_1_U53/v_out_19_reg_4614[19]_i_5           | CLB.LUT.LUT6           |
    | k3_join_norm_U0/mul_34s_30s_64_1_1_U53/v_out_19_reg_4614[19]_i_2           | CLB.LUT.LUT2           |
    | k3_join_norm_U0/v_out_19_reg_4614_reg[0]                                   | REGISTER.SDR.FDSE      |
    | k3_join_norm_U0/select_ln435_3_reg_4504_reg[9]                             | REGISTER.SDR.FDSE      |
    | k3_join_norm_U0/mul_34s_30s_64_1_1_U53/tmp_product__1/DSP_A_B_DATA_INST    | ARITHMETIC.DSP.DSP48E2 |
    | k3_join_norm_U0/mul_34s_30s_64_1_1_U53/tmp_product__1/DSP_PREADD_DATA_INST | ARITHMETIC.DSP.DSP48E2 |
    | k3_join_norm_U0/mul_34s_30s_64_1_1_U53/tmp_product__1/DSP_MULTIPLIER_INST  | ARITHMETIC.DSP.DSP48E2 |
    | k3_join_norm_U0/mul_34s_30s_64_1_1_U53/tmp_product__1/DSP_M_DATA_INST      | ARITHMETIC.DSP.DSP48E2 |
    | k3_join_norm_U0/mul_34s_30s_64_1_1_U53/tmp_product__1/DSP_ALU_INST         | ARITHMETIC.DSP.DSP48E2 |
    | k3_join_norm_U0/mul_34s_30s_64_1_1_U53/tmp_product__1/DSP_OUTPUT_INST      | ARITHMETIC.DSP.DSP48E2 |
    | k3_join_norm_U0/mul_34s_30s_64_1_1_U53/tmp_product__2/DSP_ALU_INST         | ARITHMETIC.DSP.DSP48E2 |
    | k3_join_norm_U0/mul_34s_30s_64_1_1_U53/tmp_product__2/DSP_OUTPUT_INST      | ARITHMETIC.DSP.DSP48E2 |
    | k3_join_norm_U0/mul_34s_30s_64_1_1_U53/tmp_product_carry_i_4__4            | CLB.LUT.LUT2           |
    | k3_join_norm_U0/mul_34s_30s_64_1_1_U53/tmp_product_carry                   | CLB.CARRY.CARRY8       |
    | k3_join_norm_U0/mul_34s_30s_64_1_1_U53/tmp_product_carry__0                | CLB.CARRY.CARRY8       |
    | k3_join_norm_U0/mul_34s_30s_64_1_1_U53/tmp_product_carry__1                | CLB.CARRY.CARRY8       |
    | k3_join_norm_U0/mul_34s_30s_64_1_1_U53/v_out_19_reg_4614[7]_i_3            | CLB.LUT.LUT2           |
    | k3_join_norm_U0/mul_34s_30s_64_1_1_U53/v_out_19_reg_4614_reg[7]_i_2        | CLB.CARRY.CARRY8       |
    | k3_join_norm_U0/mul_34s_30s_64_1_1_U53/v_out_19_reg_4614_reg[15]_i_2       | CLB.CARRY.CARRY8       |
    | k3_join_norm_U0/mul_34s_30s_64_1_1_U53/v_out_19_reg_4614_reg[19]_i_6       | CLB.CARRY.CARRY8       |
    | k3_join_norm_U0/mul_34s_30s_64_1_1_U53/v_out_19_reg_4614[19]_i_10          | CLB.LUT.LUT4           |
    | k3_join_norm_U0/mul_34s_30s_64_1_1_U53/v_out_19_reg_4614[19]_i_5           | CLB.LUT.LUT6           |
    | k3_join_norm_U0/mul_34s_30s_64_1_1_U53/v_out_19_reg_4614[19]_i_2           | CLB.LUT.LUT2           |
    | k3_join_norm_U0/v_out_19_reg_4614_reg[15]                                  | REGISTER.SDR.FDSE      |
    +----------------------------------------------------------------------------+------------------------+

    +----------------------------------------------------------------------------+------------------------+
    | Path3 Cells                                                                | Primitive Type         |
    +----------------------------------------------------------------------------+------------------------+
    | k3_join_norm_U0/select_ln435_3_reg_4504_reg[9]                             | REGISTER.SDR.FDSE      |
    | k3_join_norm_U0/mul_34s_30s_64_1_1_U53/tmp_product__1/DSP_A_B_DATA_INST    | ARITHMETIC.DSP.DSP48E2 |
    | k3_join_norm_U0/mul_34s_30s_64_1_1_U53/tmp_product__1/DSP_PREADD_DATA_INST | ARITHMETIC.DSP.DSP48E2 |
    | k3_join_norm_U0/mul_34s_30s_64_1_1_U53/tmp_product__1/DSP_MULTIPLIER_INST  | ARITHMETIC.DSP.DSP48E2 |
    | k3_join_norm_U0/mul_34s_30s_64_1_1_U53/tmp_product__1/DSP_M_DATA_INST      | ARITHMETIC.DSP.DSP48E2 |
    | k3_join_norm_U0/mul_34s_30s_64_1_1_U53/tmp_product__1/DSP_ALU_INST         | ARITHMETIC.DSP.DSP48E2 |
    | k3_join_norm_U0/mul_34s_30s_64_1_1_U53/tmp_product__1/DSP_OUTPUT_INST      | ARITHMETIC.DSP.DSP48E2 |
    | k3_join_norm_U0/mul_34s_30s_64_1_1_U53/tmp_product__2/DSP_ALU_INST         | ARITHMETIC.DSP.DSP48E2 |
    | k3_join_norm_U0/mul_34s_30s_64_1_1_U53/tmp_product__2/DSP_OUTPUT_INST      | ARITHMETIC.DSP.DSP48E2 |
    | k3_join_norm_U0/mul_34s_30s_64_1_1_U53/tmp_product_carry_i_4__4            | CLB.LUT.LUT2           |
    | k3_join_norm_U0/mul_34s_30s_64_1_1_U53/tmp_product_carry                   | CLB.CARRY.CARRY8       |
    | k3_join_norm_U0/mul_34s_30s_64_1_1_U53/tmp_product_carry__0                | CLB.CARRY.CARRY8       |
    | k3_join_norm_U0/mul_34s_30s_64_1_1_U53/tmp_product_carry__1                | CLB.CARRY.CARRY8       |
    | k3_join_norm_U0/mul_34s_30s_64_1_1_U53/v_out_19_reg_4614[7]_i_3            | CLB.LUT.LUT2           |
    | k3_join_norm_U0/mul_34s_30s_64_1_1_U53/v_out_19_reg_4614_reg[7]_i_2        | CLB.CARRY.CARRY8       |
    | k3_join_norm_U0/mul_34s_30s_64_1_1_U53/v_out_19_reg_4614_reg[15]_i_2       | CLB.CARRY.CARRY8       |
    | k3_join_norm_U0/mul_34s_30s_64_1_1_U53/v_out_19_reg_4614_reg[19]_i_6       | CLB.CARRY.CARRY8       |
    | k3_join_norm_U0/mul_34s_30s_64_1_1_U53/v_out_19_reg_4614[19]_i_10          | CLB.LUT.LUT4           |
    | k3_join_norm_U0/mul_34s_30s_64_1_1_U53/v_out_19_reg_4614[19]_i_5           | CLB.LUT.LUT6           |
    | k3_join_norm_U0/mul_34s_30s_64_1_1_U53/v_out_19_reg_4614[19]_i_2           | CLB.LUT.LUT2           |
    | k3_join_norm_U0/v_out_19_reg_4614_reg[10]                                  | REGISTER.SDR.FDSE      |
    | k3_join_norm_U0/select_ln435_3_reg_4504_reg[9]                             | REGISTER.SDR.FDSE      |
    | k3_join_norm_U0/mul_34s_30s_64_1_1_U53/tmp_product__1/DSP_A_B_DATA_INST    | ARITHMETIC.DSP.DSP48E2 |
    | k3_join_norm_U0/mul_34s_30s_64_1_1_U53/tmp_product__1/DSP_PREADD_DATA_INST | ARITHMETIC.DSP.DSP48E2 |
    | k3_join_norm_U0/mul_34s_30s_64_1_1_U53/tmp_product__1/DSP_MULTIPLIER_INST  | ARITHMETIC.DSP.DSP48E2 |
    | k3_join_norm_U0/mul_34s_30s_64_1_1_U53/tmp_product__1/DSP_M_DATA_INST      | ARITHMETIC.DSP.DSP48E2 |
    | k3_join_norm_U0/mul_34s_30s_64_1_1_U53/tmp_product__1/DSP_ALU_INST         | ARITHMETIC.DSP.DSP48E2 |
    | k3_join_norm_U0/mul_34s_30s_64_1_1_U53/tmp_product__1/DSP_OUTPUT_INST      | ARITHMETIC.DSP.DSP48E2 |
    | k3_join_norm_U0/mul_34s_30s_64_1_1_U53/tmp_product__2/DSP_ALU_INST         | ARITHMETIC.DSP.DSP48E2 |
    | k3_join_norm_U0/mul_34s_30s_64_1_1_U53/tmp_product__2/DSP_OUTPUT_INST      | ARITHMETIC.DSP.DSP48E2 |
    | k3_join_norm_U0/mul_34s_30s_64_1_1_U53/tmp_product_carry_i_4__4            | CLB.LUT.LUT2           |
    | k3_join_norm_U0/mul_34s_30s_64_1_1_U53/tmp_product_carry                   | CLB.CARRY.CARRY8       |
    | k3_join_norm_U0/mul_34s_30s_64_1_1_U53/tmp_product_carry__0                | CLB.CARRY.CARRY8       |
    | k3_join_norm_U0/mul_34s_30s_64_1_1_U53/tmp_product_carry__1                | CLB.CARRY.CARRY8       |
    | k3_join_norm_U0/mul_34s_30s_64_1_1_U53/v_out_19_reg_4614[7]_i_3            | CLB.LUT.LUT2           |
    | k3_join_norm_U0/mul_34s_30s_64_1_1_U53/v_out_19_reg_4614_reg[7]_i_2        | CLB.CARRY.CARRY8       |
    | k3_join_norm_U0/mul_34s_30s_64_1_1_U53/v_out_19_reg_4614_reg[15]_i_2       | CLB.CARRY.CARRY8       |
    | k3_join_norm_U0/mul_34s_30s_64_1_1_U53/v_out_19_reg_4614_reg[19]_i_6       | CLB.CARRY.CARRY8       |
    | k3_join_norm_U0/mul_34s_30s_64_1_1_U53/v_out_19_reg_4614[19]_i_10          | CLB.LUT.LUT4           |
    | k3_join_norm_U0/mul_34s_30s_64_1_1_U53/v_out_19_reg_4614[19]_i_5           | CLB.LUT.LUT6           |
    | k3_join_norm_U0/mul_34s_30s_64_1_1_U53/v_out_19_reg_4614[19]_i_2           | CLB.LUT.LUT2           |
    | k3_join_norm_U0/v_out_19_reg_4614_reg[11]                                  | REGISTER.SDR.FDSE      |
    | k3_join_norm_U0/select_ln435_3_reg_4504_reg[9]                             | REGISTER.SDR.FDSE      |
    | k3_join_norm_U0/mul_34s_30s_64_1_1_U53/tmp_product__1/DSP_A_B_DATA_INST    | ARITHMETIC.DSP.DSP48E2 |
    | k3_join_norm_U0/mul_34s_30s_64_1_1_U53/tmp_product__1/DSP_PREADD_DATA_INST | ARITHMETIC.DSP.DSP48E2 |
    | k3_join_norm_U0/mul_34s_30s_64_1_1_U53/tmp_product__1/DSP_MULTIPLIER_INST  | ARITHMETIC.DSP.DSP48E2 |
    | k3_join_norm_U0/mul_34s_30s_64_1_1_U53/tmp_product__1/DSP_M_DATA_INST      | ARITHMETIC.DSP.DSP48E2 |
    | k3_join_norm_U0/mul_34s_30s_64_1_1_U53/tmp_product__1/DSP_ALU_INST         | ARITHMETIC.DSP.DSP48E2 |
    | k3_join_norm_U0/mul_34s_30s_64_1_1_U53/tmp_product__1/DSP_OUTPUT_INST      | ARITHMETIC.DSP.DSP48E2 |
    | k3_join_norm_U0/mul_34s_30s_64_1_1_U53/tmp_product__2/DSP_ALU_INST         | ARITHMETIC.DSP.DSP48E2 |
    | k3_join_norm_U0/mul_34s_30s_64_1_1_U53/tmp_product__2/DSP_OUTPUT_INST      | ARITHMETIC.DSP.DSP48E2 |
    | k3_join_norm_U0/mul_34s_30s_64_1_1_U53/tmp_product_carry_i_4__4            | CLB.LUT.LUT2           |
    | k3_join_norm_U0/mul_34s_30s_64_1_1_U53/tmp_product_carry                   | CLB.CARRY.CARRY8       |
    | k3_join_norm_U0/mul_34s_30s_64_1_1_U53/tmp_product_carry__0                | CLB.CARRY.CARRY8       |
    | k3_join_norm_U0/mul_34s_30s_64_1_1_U53/tmp_product_carry__1                | CLB.CARRY.CARRY8       |
    | k3_join_norm_U0/mul_34s_30s_64_1_1_U53/v_out_19_reg_4614[7]_i_3            | CLB.LUT.LUT2           |
    | k3_join_norm_U0/mul_34s_30s_64_1_1_U53/v_out_19_reg_4614_reg[7]_i_2        | CLB.CARRY.CARRY8       |
    | k3_join_norm_U0/mul_34s_30s_64_1_1_U53/v_out_19_reg_4614_reg[15]_i_2       | CLB.CARRY.CARRY8       |
    | k3_join_norm_U0/mul_34s_30s_64_1_1_U53/v_out_19_reg_4614_reg[19]_i_6       | CLB.CARRY.CARRY8       |
    | k3_join_norm_U0/mul_34s_30s_64_1_1_U53/v_out_19_reg_4614[19]_i_10          | CLB.LUT.LUT4           |
    | k3_join_norm_U0/mul_34s_30s_64_1_1_U53/v_out_19_reg_4614[19]_i_5           | CLB.LUT.LUT6           |
    | k3_join_norm_U0/mul_34s_30s_64_1_1_U53/v_out_19_reg_4614[19]_i_2           | CLB.LUT.LUT2           |
    | k3_join_norm_U0/v_out_19_reg_4614_reg[14]                                  | REGISTER.SDR.FDSE      |
    | k3_join_norm_U0/select_ln435_3_reg_4504_reg[9]                             | REGISTER.SDR.FDSE      |
    | k3_join_norm_U0/mul_34s_30s_64_1_1_U53/tmp_product__1/DSP_A_B_DATA_INST    | ARITHMETIC.DSP.DSP48E2 |
    | k3_join_norm_U0/mul_34s_30s_64_1_1_U53/tmp_product__1/DSP_PREADD_DATA_INST | ARITHMETIC.DSP.DSP48E2 |
    | k3_join_norm_U0/mul_34s_30s_64_1_1_U53/tmp_product__1/DSP_MULTIPLIER_INST  | ARITHMETIC.DSP.DSP48E2 |
    | k3_join_norm_U0/mul_34s_30s_64_1_1_U53/tmp_product__1/DSP_M_DATA_INST      | ARITHMETIC.DSP.DSP48E2 |
    | k3_join_norm_U0/mul_34s_30s_64_1_1_U53/tmp_product__1/DSP_ALU_INST         | ARITHMETIC.DSP.DSP48E2 |
    | k3_join_norm_U0/mul_34s_30s_64_1_1_U53/tmp_product__1/DSP_OUTPUT_INST      | ARITHMETIC.DSP.DSP48E2 |
    | k3_join_norm_U0/mul_34s_30s_64_1_1_U53/tmp_product__2/DSP_ALU_INST         | ARITHMETIC.DSP.DSP48E2 |
    | k3_join_norm_U0/mul_34s_30s_64_1_1_U53/tmp_product__2/DSP_OUTPUT_INST      | ARITHMETIC.DSP.DSP48E2 |
    | k3_join_norm_U0/mul_34s_30s_64_1_1_U53/tmp_product_carry_i_4__4            | CLB.LUT.LUT2           |
    | k3_join_norm_U0/mul_34s_30s_64_1_1_U53/tmp_product_carry                   | CLB.CARRY.CARRY8       |
    | k3_join_norm_U0/mul_34s_30s_64_1_1_U53/tmp_product_carry__0                | CLB.CARRY.CARRY8       |
    | k3_join_norm_U0/mul_34s_30s_64_1_1_U53/tmp_product_carry__1                | CLB.CARRY.CARRY8       |
    | k3_join_norm_U0/mul_34s_30s_64_1_1_U53/v_out_19_reg_4614[7]_i_3            | CLB.LUT.LUT2           |
    | k3_join_norm_U0/mul_34s_30s_64_1_1_U53/v_out_19_reg_4614_reg[7]_i_2        | CLB.CARRY.CARRY8       |
    | k3_join_norm_U0/mul_34s_30s_64_1_1_U53/v_out_19_reg_4614_reg[15]_i_2       | CLB.CARRY.CARRY8       |
    | k3_join_norm_U0/mul_34s_30s_64_1_1_U53/v_out_19_reg_4614_reg[19]_i_6       | CLB.CARRY.CARRY8       |
    | k3_join_norm_U0/mul_34s_30s_64_1_1_U53/v_out_19_reg_4614[19]_i_10          | CLB.LUT.LUT4           |
    | k3_join_norm_U0/mul_34s_30s_64_1_1_U53/v_out_19_reg_4614[19]_i_5           | CLB.LUT.LUT6           |
    | k3_join_norm_U0/mul_34s_30s_64_1_1_U53/v_out_19_reg_4614[19]_i_2           | CLB.LUT.LUT2           |
    | k3_join_norm_U0/v_out_19_reg_4614_reg[0]                                   | REGISTER.SDR.FDSE      |
    | k3_join_norm_U0/select_ln435_3_reg_4504_reg[9]                             | REGISTER.SDR.FDSE      |
    | k3_join_norm_U0/mul_34s_30s_64_1_1_U53/tmp_product__1/DSP_A_B_DATA_INST    | ARITHMETIC.DSP.DSP48E2 |
    | k3_join_norm_U0/mul_34s_30s_64_1_1_U53/tmp_product__1/DSP_PREADD_DATA_INST | ARITHMETIC.DSP.DSP48E2 |
    | k3_join_norm_U0/mul_34s_30s_64_1_1_U53/tmp_product__1/DSP_MULTIPLIER_INST  | ARITHMETIC.DSP.DSP48E2 |
    | k3_join_norm_U0/mul_34s_30s_64_1_1_U53/tmp_product__1/DSP_M_DATA_INST      | ARITHMETIC.DSP.DSP48E2 |
    | k3_join_norm_U0/mul_34s_30s_64_1_1_U53/tmp_product__1/DSP_ALU_INST         | ARITHMETIC.DSP.DSP48E2 |
    | k3_join_norm_U0/mul_34s_30s_64_1_1_U53/tmp_product__1/DSP_OUTPUT_INST      | ARITHMETIC.DSP.DSP48E2 |
    | k3_join_norm_U0/mul_34s_30s_64_1_1_U53/tmp_product__2/DSP_ALU_INST         | ARITHMETIC.DSP.DSP48E2 |
    | k3_join_norm_U0/mul_34s_30s_64_1_1_U53/tmp_product__2/DSP_OUTPUT_INST      | ARITHMETIC.DSP.DSP48E2 |
    | k3_join_norm_U0/mul_34s_30s_64_1_1_U53/tmp_product_carry_i_4__4            | CLB.LUT.LUT2           |
    | k3_join_norm_U0/mul_34s_30s_64_1_1_U53/tmp_product_carry                   | CLB.CARRY.CARRY8       |
    | k3_join_norm_U0/mul_34s_30s_64_1_1_U53/tmp_product_carry__0                | CLB.CARRY.CARRY8       |
    | k3_join_norm_U0/mul_34s_30s_64_1_1_U53/tmp_product_carry__1                | CLB.CARRY.CARRY8       |
    | k3_join_norm_U0/mul_34s_30s_64_1_1_U53/v_out_19_reg_4614[7]_i_3            | CLB.LUT.LUT2           |
    | k3_join_norm_U0/mul_34s_30s_64_1_1_U53/v_out_19_reg_4614_reg[7]_i_2        | CLB.CARRY.CARRY8       |
    | k3_join_norm_U0/mul_34s_30s_64_1_1_U53/v_out_19_reg_4614_reg[15]_i_2       | CLB.CARRY.CARRY8       |
    | k3_join_norm_U0/mul_34s_30s_64_1_1_U53/v_out_19_reg_4614_reg[19]_i_6       | CLB.CARRY.CARRY8       |
    | k3_join_norm_U0/mul_34s_30s_64_1_1_U53/v_out_19_reg_4614[19]_i_10          | CLB.LUT.LUT4           |
    | k3_join_norm_U0/mul_34s_30s_64_1_1_U53/v_out_19_reg_4614[19]_i_5           | CLB.LUT.LUT6           |
    | k3_join_norm_U0/mul_34s_30s_64_1_1_U53/v_out_19_reg_4614[19]_i_2           | CLB.LUT.LUT2           |
    | k3_join_norm_U0/v_out_19_reg_4614_reg[15]                                  | REGISTER.SDR.FDSE      |
    +----------------------------------------------------------------------------+------------------------+

    +----------------------------------------------------------------------------+------------------------+
    | Path4 Cells                                                                | Primitive Type         |
    +----------------------------------------------------------------------------+------------------------+
    | k3_join_norm_U0/select_ln435_3_reg_4504_reg[9]                             | REGISTER.SDR.FDSE      |
    | k3_join_norm_U0/mul_34s_30s_64_1_1_U53/tmp_product__1/DSP_A_B_DATA_INST    | ARITHMETIC.DSP.DSP48E2 |
    | k3_join_norm_U0/mul_34s_30s_64_1_1_U53/tmp_product__1/DSP_PREADD_DATA_INST | ARITHMETIC.DSP.DSP48E2 |
    | k3_join_norm_U0/mul_34s_30s_64_1_1_U53/tmp_product__1/DSP_MULTIPLIER_INST  | ARITHMETIC.DSP.DSP48E2 |
    | k3_join_norm_U0/mul_34s_30s_64_1_1_U53/tmp_product__1/DSP_M_DATA_INST      | ARITHMETIC.DSP.DSP48E2 |
    | k3_join_norm_U0/mul_34s_30s_64_1_1_U53/tmp_product__1/DSP_ALU_INST         | ARITHMETIC.DSP.DSP48E2 |
    | k3_join_norm_U0/mul_34s_30s_64_1_1_U53/tmp_product__1/DSP_OUTPUT_INST      | ARITHMETIC.DSP.DSP48E2 |
    | k3_join_norm_U0/mul_34s_30s_64_1_1_U53/tmp_product__2/DSP_ALU_INST         | ARITHMETIC.DSP.DSP48E2 |
    | k3_join_norm_U0/mul_34s_30s_64_1_1_U53/tmp_product__2/DSP_OUTPUT_INST      | ARITHMETIC.DSP.DSP48E2 |
    | k3_join_norm_U0/mul_34s_30s_64_1_1_U53/tmp_product_carry_i_4__4            | CLB.LUT.LUT2           |
    | k3_join_norm_U0/mul_34s_30s_64_1_1_U53/tmp_product_carry                   | CLB.CARRY.CARRY8       |
    | k3_join_norm_U0/mul_34s_30s_64_1_1_U53/tmp_product_carry__0                | CLB.CARRY.CARRY8       |
    | k3_join_norm_U0/mul_34s_30s_64_1_1_U53/tmp_product_carry__1                | CLB.CARRY.CARRY8       |
    | k3_join_norm_U0/mul_34s_30s_64_1_1_U53/v_out_19_reg_4614[7]_i_3            | CLB.LUT.LUT2           |
    | k3_join_norm_U0/mul_34s_30s_64_1_1_U53/v_out_19_reg_4614_reg[7]_i_2        | CLB.CARRY.CARRY8       |
    | k3_join_norm_U0/mul_34s_30s_64_1_1_U53/v_out_19_reg_4614_reg[15]_i_2       | CLB.CARRY.CARRY8       |
    | k3_join_norm_U0/mul_34s_30s_64_1_1_U53/v_out_19_reg_4614_reg[19]_i_6       | CLB.CARRY.CARRY8       |
    | k3_join_norm_U0/mul_34s_30s_64_1_1_U53/v_out_19_reg_4614[19]_i_10          | CLB.LUT.LUT4           |
    | k3_join_norm_U0/mul_34s_30s_64_1_1_U53/v_out_19_reg_4614[19]_i_5           | CLB.LUT.LUT6           |
    | k3_join_norm_U0/mul_34s_30s_64_1_1_U53/v_out_19_reg_4614[19]_i_2           | CLB.LUT.LUT2           |
    | k3_join_norm_U0/v_out_19_reg_4614_reg[10]                                  | REGISTER.SDR.FDSE      |
    | k3_join_norm_U0/select_ln435_3_reg_4504_reg[9]                             | REGISTER.SDR.FDSE      |
    | k3_join_norm_U0/mul_34s_30s_64_1_1_U53/tmp_product__1/DSP_A_B_DATA_INST    | ARITHMETIC.DSP.DSP48E2 |
    | k3_join_norm_U0/mul_34s_30s_64_1_1_U53/tmp_product__1/DSP_PREADD_DATA_INST | ARITHMETIC.DSP.DSP48E2 |
    | k3_join_norm_U0/mul_34s_30s_64_1_1_U53/tmp_product__1/DSP_MULTIPLIER_INST  | ARITHMETIC.DSP.DSP48E2 |
    | k3_join_norm_U0/mul_34s_30s_64_1_1_U53/tmp_product__1/DSP_M_DATA_INST      | ARITHMETIC.DSP.DSP48E2 |
    | k3_join_norm_U0/mul_34s_30s_64_1_1_U53/tmp_product__1/DSP_ALU_INST         | ARITHMETIC.DSP.DSP48E2 |
    | k3_join_norm_U0/mul_34s_30s_64_1_1_U53/tmp_product__1/DSP_OUTPUT_INST      | ARITHMETIC.DSP.DSP48E2 |
    | k3_join_norm_U0/mul_34s_30s_64_1_1_U53/tmp_product__2/DSP_ALU_INST         | ARITHMETIC.DSP.DSP48E2 |
    | k3_join_norm_U0/mul_34s_30s_64_1_1_U53/tmp_product__2/DSP_OUTPUT_INST      | ARITHMETIC.DSP.DSP48E2 |
    | k3_join_norm_U0/mul_34s_30s_64_1_1_U53/tmp_product_carry_i_4__4            | CLB.LUT.LUT2           |
    | k3_join_norm_U0/mul_34s_30s_64_1_1_U53/tmp_product_carry                   | CLB.CARRY.CARRY8       |
    | k3_join_norm_U0/mul_34s_30s_64_1_1_U53/tmp_product_carry__0                | CLB.CARRY.CARRY8       |
    | k3_join_norm_U0/mul_34s_30s_64_1_1_U53/tmp_product_carry__1                | CLB.CARRY.CARRY8       |
    | k3_join_norm_U0/mul_34s_30s_64_1_1_U53/v_out_19_reg_4614[7]_i_3            | CLB.LUT.LUT2           |
    | k3_join_norm_U0/mul_34s_30s_64_1_1_U53/v_out_19_reg_4614_reg[7]_i_2        | CLB.CARRY.CARRY8       |
    | k3_join_norm_U0/mul_34s_30s_64_1_1_U53/v_out_19_reg_4614_reg[15]_i_2       | CLB.CARRY.CARRY8       |
    | k3_join_norm_U0/mul_34s_30s_64_1_1_U53/v_out_19_reg_4614_reg[19]_i_6       | CLB.CARRY.CARRY8       |
    | k3_join_norm_U0/mul_34s_30s_64_1_1_U53/v_out_19_reg_4614[19]_i_10          | CLB.LUT.LUT4           |
    | k3_join_norm_U0/mul_34s_30s_64_1_1_U53/v_out_19_reg_4614[19]_i_5           | CLB.LUT.LUT6           |
    | k3_join_norm_U0/mul_34s_30s_64_1_1_U53/v_out_19_reg_4614[19]_i_2           | CLB.LUT.LUT2           |
    | k3_join_norm_U0/v_out_19_reg_4614_reg[11]                                  | REGISTER.SDR.FDSE      |
    | k3_join_norm_U0/select_ln435_3_reg_4504_reg[9]                             | REGISTER.SDR.FDSE      |
    | k3_join_norm_U0/mul_34s_30s_64_1_1_U53/tmp_product__1/DSP_A_B_DATA_INST    | ARITHMETIC.DSP.DSP48E2 |
    | k3_join_norm_U0/mul_34s_30s_64_1_1_U53/tmp_product__1/DSP_PREADD_DATA_INST | ARITHMETIC.DSP.DSP48E2 |
    | k3_join_norm_U0/mul_34s_30s_64_1_1_U53/tmp_product__1/DSP_MULTIPLIER_INST  | ARITHMETIC.DSP.DSP48E2 |
    | k3_join_norm_U0/mul_34s_30s_64_1_1_U53/tmp_product__1/DSP_M_DATA_INST      | ARITHMETIC.DSP.DSP48E2 |
    | k3_join_norm_U0/mul_34s_30s_64_1_1_U53/tmp_product__1/DSP_ALU_INST         | ARITHMETIC.DSP.DSP48E2 |
    | k3_join_norm_U0/mul_34s_30s_64_1_1_U53/tmp_product__1/DSP_OUTPUT_INST      | ARITHMETIC.DSP.DSP48E2 |
    | k3_join_norm_U0/mul_34s_30s_64_1_1_U53/tmp_product__2/DSP_ALU_INST         | ARITHMETIC.DSP.DSP48E2 |
    | k3_join_norm_U0/mul_34s_30s_64_1_1_U53/tmp_product__2/DSP_OUTPUT_INST      | ARITHMETIC.DSP.DSP48E2 |
    | k3_join_norm_U0/mul_34s_30s_64_1_1_U53/tmp_product_carry_i_4__4            | CLB.LUT.LUT2           |
    | k3_join_norm_U0/mul_34s_30s_64_1_1_U53/tmp_product_carry                   | CLB.CARRY.CARRY8       |
    | k3_join_norm_U0/mul_34s_30s_64_1_1_U53/tmp_product_carry__0                | CLB.CARRY.CARRY8       |
    | k3_join_norm_U0/mul_34s_30s_64_1_1_U53/tmp_product_carry__1                | CLB.CARRY.CARRY8       |
    | k3_join_norm_U0/mul_34s_30s_64_1_1_U53/v_out_19_reg_4614[7]_i_3            | CLB.LUT.LUT2           |
    | k3_join_norm_U0/mul_34s_30s_64_1_1_U53/v_out_19_reg_4614_reg[7]_i_2        | CLB.CARRY.CARRY8       |
    | k3_join_norm_U0/mul_34s_30s_64_1_1_U53/v_out_19_reg_4614_reg[15]_i_2       | CLB.CARRY.CARRY8       |
    | k3_join_norm_U0/mul_34s_30s_64_1_1_U53/v_out_19_reg_4614_reg[19]_i_6       | CLB.CARRY.CARRY8       |
    | k3_join_norm_U0/mul_34s_30s_64_1_1_U53/v_out_19_reg_4614[19]_i_10          | CLB.LUT.LUT4           |
    | k3_join_norm_U0/mul_34s_30s_64_1_1_U53/v_out_19_reg_4614[19]_i_5           | CLB.LUT.LUT6           |
    | k3_join_norm_U0/mul_34s_30s_64_1_1_U53/v_out_19_reg_4614[19]_i_2           | CLB.LUT.LUT2           |
    | k3_join_norm_U0/v_out_19_reg_4614_reg[14]                                  | REGISTER.SDR.FDSE      |
    | k3_join_norm_U0/select_ln435_3_reg_4504_reg[9]                             | REGISTER.SDR.FDSE      |
    | k3_join_norm_U0/mul_34s_30s_64_1_1_U53/tmp_product__1/DSP_A_B_DATA_INST    | ARITHMETIC.DSP.DSP48E2 |
    | k3_join_norm_U0/mul_34s_30s_64_1_1_U53/tmp_product__1/DSP_PREADD_DATA_INST | ARITHMETIC.DSP.DSP48E2 |
    | k3_join_norm_U0/mul_34s_30s_64_1_1_U53/tmp_product__1/DSP_MULTIPLIER_INST  | ARITHMETIC.DSP.DSP48E2 |
    | k3_join_norm_U0/mul_34s_30s_64_1_1_U53/tmp_product__1/DSP_M_DATA_INST      | ARITHMETIC.DSP.DSP48E2 |
    | k3_join_norm_U0/mul_34s_30s_64_1_1_U53/tmp_product__1/DSP_ALU_INST         | ARITHMETIC.DSP.DSP48E2 |
    | k3_join_norm_U0/mul_34s_30s_64_1_1_U53/tmp_product__1/DSP_OUTPUT_INST      | ARITHMETIC.DSP.DSP48E2 |
    | k3_join_norm_U0/mul_34s_30s_64_1_1_U53/tmp_product__2/DSP_ALU_INST         | ARITHMETIC.DSP.DSP48E2 |
    | k3_join_norm_U0/mul_34s_30s_64_1_1_U53/tmp_product__2/DSP_OUTPUT_INST      | ARITHMETIC.DSP.DSP48E2 |
    | k3_join_norm_U0/mul_34s_30s_64_1_1_U53/tmp_product_carry_i_4__4            | CLB.LUT.LUT2           |
    | k3_join_norm_U0/mul_34s_30s_64_1_1_U53/tmp_product_carry                   | CLB.CARRY.CARRY8       |
    | k3_join_norm_U0/mul_34s_30s_64_1_1_U53/tmp_product_carry__0                | CLB.CARRY.CARRY8       |
    | k3_join_norm_U0/mul_34s_30s_64_1_1_U53/tmp_product_carry__1                | CLB.CARRY.CARRY8       |
    | k3_join_norm_U0/mul_34s_30s_64_1_1_U53/v_out_19_reg_4614[7]_i_3            | CLB.LUT.LUT2           |
    | k3_join_norm_U0/mul_34s_30s_64_1_1_U53/v_out_19_reg_4614_reg[7]_i_2        | CLB.CARRY.CARRY8       |
    | k3_join_norm_U0/mul_34s_30s_64_1_1_U53/v_out_19_reg_4614_reg[15]_i_2       | CLB.CARRY.CARRY8       |
    | k3_join_norm_U0/mul_34s_30s_64_1_1_U53/v_out_19_reg_4614_reg[19]_i_6       | CLB.CARRY.CARRY8       |
    | k3_join_norm_U0/mul_34s_30s_64_1_1_U53/v_out_19_reg_4614[19]_i_10          | CLB.LUT.LUT4           |
    | k3_join_norm_U0/mul_34s_30s_64_1_1_U53/v_out_19_reg_4614[19]_i_5           | CLB.LUT.LUT6           |
    | k3_join_norm_U0/mul_34s_30s_64_1_1_U53/v_out_19_reg_4614[19]_i_2           | CLB.LUT.LUT2           |
    | k3_join_norm_U0/v_out_19_reg_4614_reg[0]                                   | REGISTER.SDR.FDSE      |
    | k3_join_norm_U0/select_ln435_3_reg_4504_reg[9]                             | REGISTER.SDR.FDSE      |
    | k3_join_norm_U0/mul_34s_30s_64_1_1_U53/tmp_product__1/DSP_A_B_DATA_INST    | ARITHMETIC.DSP.DSP48E2 |
    | k3_join_norm_U0/mul_34s_30s_64_1_1_U53/tmp_product__1/DSP_PREADD_DATA_INST | ARITHMETIC.DSP.DSP48E2 |
    | k3_join_norm_U0/mul_34s_30s_64_1_1_U53/tmp_product__1/DSP_MULTIPLIER_INST  | ARITHMETIC.DSP.DSP48E2 |
    | k3_join_norm_U0/mul_34s_30s_64_1_1_U53/tmp_product__1/DSP_M_DATA_INST      | ARITHMETIC.DSP.DSP48E2 |
    | k3_join_norm_U0/mul_34s_30s_64_1_1_U53/tmp_product__1/DSP_ALU_INST         | ARITHMETIC.DSP.DSP48E2 |
    | k3_join_norm_U0/mul_34s_30s_64_1_1_U53/tmp_product__1/DSP_OUTPUT_INST      | ARITHMETIC.DSP.DSP48E2 |
    | k3_join_norm_U0/mul_34s_30s_64_1_1_U53/tmp_product__2/DSP_ALU_INST         | ARITHMETIC.DSP.DSP48E2 |
    | k3_join_norm_U0/mul_34s_30s_64_1_1_U53/tmp_product__2/DSP_OUTPUT_INST      | ARITHMETIC.DSP.DSP48E2 |
    | k3_join_norm_U0/mul_34s_30s_64_1_1_U53/tmp_product_carry_i_4__4            | CLB.LUT.LUT2           |
    | k3_join_norm_U0/mul_34s_30s_64_1_1_U53/tmp_product_carry                   | CLB.CARRY.CARRY8       |
    | k3_join_norm_U0/mul_34s_30s_64_1_1_U53/tmp_product_carry__0                | CLB.CARRY.CARRY8       |
    | k3_join_norm_U0/mul_34s_30s_64_1_1_U53/tmp_product_carry__1                | CLB.CARRY.CARRY8       |
    | k3_join_norm_U0/mul_34s_30s_64_1_1_U53/v_out_19_reg_4614[7]_i_3            | CLB.LUT.LUT2           |
    | k3_join_norm_U0/mul_34s_30s_64_1_1_U53/v_out_19_reg_4614_reg[7]_i_2        | CLB.CARRY.CARRY8       |
    | k3_join_norm_U0/mul_34s_30s_64_1_1_U53/v_out_19_reg_4614_reg[15]_i_2       | CLB.CARRY.CARRY8       |
    | k3_join_norm_U0/mul_34s_30s_64_1_1_U53/v_out_19_reg_4614_reg[19]_i_6       | CLB.CARRY.CARRY8       |
    | k3_join_norm_U0/mul_34s_30s_64_1_1_U53/v_out_19_reg_4614[19]_i_10          | CLB.LUT.LUT4           |
    | k3_join_norm_U0/mul_34s_30s_64_1_1_U53/v_out_19_reg_4614[19]_i_5           | CLB.LUT.LUT6           |
    | k3_join_norm_U0/mul_34s_30s_64_1_1_U53/v_out_19_reg_4614[19]_i_2           | CLB.LUT.LUT2           |
    | k3_join_norm_U0/v_out_19_reg_4614_reg[15]                                  | REGISTER.SDR.FDSE      |
    +----------------------------------------------------------------------------+------------------------+

    +----------------------------------------------------------------------------+------------------------+
    | Path5 Cells                                                                | Primitive Type         |
    +----------------------------------------------------------------------------+------------------------+
    | k3_join_norm_U0/select_ln435_3_reg_4504_reg[9]                             | REGISTER.SDR.FDSE      |
    | k3_join_norm_U0/mul_34s_30s_64_1_1_U53/tmp_product__1/DSP_A_B_DATA_INST    | ARITHMETIC.DSP.DSP48E2 |
    | k3_join_norm_U0/mul_34s_30s_64_1_1_U53/tmp_product__1/DSP_PREADD_DATA_INST | ARITHMETIC.DSP.DSP48E2 |
    | k3_join_norm_U0/mul_34s_30s_64_1_1_U53/tmp_product__1/DSP_MULTIPLIER_INST  | ARITHMETIC.DSP.DSP48E2 |
    | k3_join_norm_U0/mul_34s_30s_64_1_1_U53/tmp_product__1/DSP_M_DATA_INST      | ARITHMETIC.DSP.DSP48E2 |
    | k3_join_norm_U0/mul_34s_30s_64_1_1_U53/tmp_product__1/DSP_ALU_INST         | ARITHMETIC.DSP.DSP48E2 |
    | k3_join_norm_U0/mul_34s_30s_64_1_1_U53/tmp_product__1/DSP_OUTPUT_INST      | ARITHMETIC.DSP.DSP48E2 |
    | k3_join_norm_U0/mul_34s_30s_64_1_1_U53/tmp_product__2/DSP_ALU_INST         | ARITHMETIC.DSP.DSP48E2 |
    | k3_join_norm_U0/mul_34s_30s_64_1_1_U53/tmp_product__2/DSP_OUTPUT_INST      | ARITHMETIC.DSP.DSP48E2 |
    | k3_join_norm_U0/mul_34s_30s_64_1_1_U53/tmp_product_carry_i_4__4            | CLB.LUT.LUT2           |
    | k3_join_norm_U0/mul_34s_30s_64_1_1_U53/tmp_product_carry                   | CLB.CARRY.CARRY8       |
    | k3_join_norm_U0/mul_34s_30s_64_1_1_U53/tmp_product_carry__0                | CLB.CARRY.CARRY8       |
    | k3_join_norm_U0/mul_34s_30s_64_1_1_U53/tmp_product_carry__1                | CLB.CARRY.CARRY8       |
    | k3_join_norm_U0/mul_34s_30s_64_1_1_U53/v_out_19_reg_4614[7]_i_3            | CLB.LUT.LUT2           |
    | k3_join_norm_U0/mul_34s_30s_64_1_1_U53/v_out_19_reg_4614_reg[7]_i_2        | CLB.CARRY.CARRY8       |
    | k3_join_norm_U0/mul_34s_30s_64_1_1_U53/v_out_19_reg_4614_reg[15]_i_2       | CLB.CARRY.CARRY8       |
    | k3_join_norm_U0/mul_34s_30s_64_1_1_U53/v_out_19_reg_4614_reg[19]_i_6       | CLB.CARRY.CARRY8       |
    | k3_join_norm_U0/mul_34s_30s_64_1_1_U53/v_out_19_reg_4614[19]_i_10          | CLB.LUT.LUT4           |
    | k3_join_norm_U0/mul_34s_30s_64_1_1_U53/v_out_19_reg_4614[19]_i_5           | CLB.LUT.LUT6           |
    | k3_join_norm_U0/mul_34s_30s_64_1_1_U53/v_out_19_reg_4614[19]_i_2           | CLB.LUT.LUT2           |
    | k3_join_norm_U0/v_out_19_reg_4614_reg[10]                                  | REGISTER.SDR.FDSE      |
    | k3_join_norm_U0/select_ln435_3_reg_4504_reg[9]                             | REGISTER.SDR.FDSE      |
    | k3_join_norm_U0/mul_34s_30s_64_1_1_U53/tmp_product__1/DSP_A_B_DATA_INST    | ARITHMETIC.DSP.DSP48E2 |
    | k3_join_norm_U0/mul_34s_30s_64_1_1_U53/tmp_product__1/DSP_PREADD_DATA_INST | ARITHMETIC.DSP.DSP48E2 |
    | k3_join_norm_U0/mul_34s_30s_64_1_1_U53/tmp_product__1/DSP_MULTIPLIER_INST  | ARITHMETIC.DSP.DSP48E2 |
    | k3_join_norm_U0/mul_34s_30s_64_1_1_U53/tmp_product__1/DSP_M_DATA_INST      | ARITHMETIC.DSP.DSP48E2 |
    | k3_join_norm_U0/mul_34s_30s_64_1_1_U53/tmp_product__1/DSP_ALU_INST         | ARITHMETIC.DSP.DSP48E2 |
    | k3_join_norm_U0/mul_34s_30s_64_1_1_U53/tmp_product__1/DSP_OUTPUT_INST      | ARITHMETIC.DSP.DSP48E2 |
    | k3_join_norm_U0/mul_34s_30s_64_1_1_U53/tmp_product__2/DSP_ALU_INST         | ARITHMETIC.DSP.DSP48E2 |
    | k3_join_norm_U0/mul_34s_30s_64_1_1_U53/tmp_product__2/DSP_OUTPUT_INST      | ARITHMETIC.DSP.DSP48E2 |
    | k3_join_norm_U0/mul_34s_30s_64_1_1_U53/tmp_product_carry_i_4__4            | CLB.LUT.LUT2           |
    | k3_join_norm_U0/mul_34s_30s_64_1_1_U53/tmp_product_carry                   | CLB.CARRY.CARRY8       |
    | k3_join_norm_U0/mul_34s_30s_64_1_1_U53/tmp_product_carry__0                | CLB.CARRY.CARRY8       |
    | k3_join_norm_U0/mul_34s_30s_64_1_1_U53/tmp_product_carry__1                | CLB.CARRY.CARRY8       |
    | k3_join_norm_U0/mul_34s_30s_64_1_1_U53/v_out_19_reg_4614[7]_i_3            | CLB.LUT.LUT2           |
    | k3_join_norm_U0/mul_34s_30s_64_1_1_U53/v_out_19_reg_4614_reg[7]_i_2        | CLB.CARRY.CARRY8       |
    | k3_join_norm_U0/mul_34s_30s_64_1_1_U53/v_out_19_reg_4614_reg[15]_i_2       | CLB.CARRY.CARRY8       |
    | k3_join_norm_U0/mul_34s_30s_64_1_1_U53/v_out_19_reg_4614_reg[19]_i_6       | CLB.CARRY.CARRY8       |
    | k3_join_norm_U0/mul_34s_30s_64_1_1_U53/v_out_19_reg_4614[19]_i_10          | CLB.LUT.LUT4           |
    | k3_join_norm_U0/mul_34s_30s_64_1_1_U53/v_out_19_reg_4614[19]_i_5           | CLB.LUT.LUT6           |
    | k3_join_norm_U0/mul_34s_30s_64_1_1_U53/v_out_19_reg_4614[19]_i_2           | CLB.LUT.LUT2           |
    | k3_join_norm_U0/v_out_19_reg_4614_reg[11]                                  | REGISTER.SDR.FDSE      |
    | k3_join_norm_U0/select_ln435_3_reg_4504_reg[9]                             | REGISTER.SDR.FDSE      |
    | k3_join_norm_U0/mul_34s_30s_64_1_1_U53/tmp_product__1/DSP_A_B_DATA_INST    | ARITHMETIC.DSP.DSP48E2 |
    | k3_join_norm_U0/mul_34s_30s_64_1_1_U53/tmp_product__1/DSP_PREADD_DATA_INST | ARITHMETIC.DSP.DSP48E2 |
    | k3_join_norm_U0/mul_34s_30s_64_1_1_U53/tmp_product__1/DSP_MULTIPLIER_INST  | ARITHMETIC.DSP.DSP48E2 |
    | k3_join_norm_U0/mul_34s_30s_64_1_1_U53/tmp_product__1/DSP_M_DATA_INST      | ARITHMETIC.DSP.DSP48E2 |
    | k3_join_norm_U0/mul_34s_30s_64_1_1_U53/tmp_product__1/DSP_ALU_INST         | ARITHMETIC.DSP.DSP48E2 |
    | k3_join_norm_U0/mul_34s_30s_64_1_1_U53/tmp_product__1/DSP_OUTPUT_INST      | ARITHMETIC.DSP.DSP48E2 |
    | k3_join_norm_U0/mul_34s_30s_64_1_1_U53/tmp_product__2/DSP_ALU_INST         | ARITHMETIC.DSP.DSP48E2 |
    | k3_join_norm_U0/mul_34s_30s_64_1_1_U53/tmp_product__2/DSP_OUTPUT_INST      | ARITHMETIC.DSP.DSP48E2 |
    | k3_join_norm_U0/mul_34s_30s_64_1_1_U53/tmp_product_carry_i_4__4            | CLB.LUT.LUT2           |
    | k3_join_norm_U0/mul_34s_30s_64_1_1_U53/tmp_product_carry                   | CLB.CARRY.CARRY8       |
    | k3_join_norm_U0/mul_34s_30s_64_1_1_U53/tmp_product_carry__0                | CLB.CARRY.CARRY8       |
    | k3_join_norm_U0/mul_34s_30s_64_1_1_U53/tmp_product_carry__1                | CLB.CARRY.CARRY8       |
    | k3_join_norm_U0/mul_34s_30s_64_1_1_U53/v_out_19_reg_4614[7]_i_3            | CLB.LUT.LUT2           |
    | k3_join_norm_U0/mul_34s_30s_64_1_1_U53/v_out_19_reg_4614_reg[7]_i_2        | CLB.CARRY.CARRY8       |
    | k3_join_norm_U0/mul_34s_30s_64_1_1_U53/v_out_19_reg_4614_reg[15]_i_2       | CLB.CARRY.CARRY8       |
    | k3_join_norm_U0/mul_34s_30s_64_1_1_U53/v_out_19_reg_4614_reg[19]_i_6       | CLB.CARRY.CARRY8       |
    | k3_join_norm_U0/mul_34s_30s_64_1_1_U53/v_out_19_reg_4614[19]_i_10          | CLB.LUT.LUT4           |
    | k3_join_norm_U0/mul_34s_30s_64_1_1_U53/v_out_19_reg_4614[19]_i_5           | CLB.LUT.LUT6           |
    | k3_join_norm_U0/mul_34s_30s_64_1_1_U53/v_out_19_reg_4614[19]_i_2           | CLB.LUT.LUT2           |
    | k3_join_norm_U0/v_out_19_reg_4614_reg[14]                                  | REGISTER.SDR.FDSE      |
    | k3_join_norm_U0/select_ln435_3_reg_4504_reg[9]                             | REGISTER.SDR.FDSE      |
    | k3_join_norm_U0/mul_34s_30s_64_1_1_U53/tmp_product__1/DSP_A_B_DATA_INST    | ARITHMETIC.DSP.DSP48E2 |
    | k3_join_norm_U0/mul_34s_30s_64_1_1_U53/tmp_product__1/DSP_PREADD_DATA_INST | ARITHMETIC.DSP.DSP48E2 |
    | k3_join_norm_U0/mul_34s_30s_64_1_1_U53/tmp_product__1/DSP_MULTIPLIER_INST  | ARITHMETIC.DSP.DSP48E2 |
    | k3_join_norm_U0/mul_34s_30s_64_1_1_U53/tmp_product__1/DSP_M_DATA_INST      | ARITHMETIC.DSP.DSP48E2 |
    | k3_join_norm_U0/mul_34s_30s_64_1_1_U53/tmp_product__1/DSP_ALU_INST         | ARITHMETIC.DSP.DSP48E2 |
    | k3_join_norm_U0/mul_34s_30s_64_1_1_U53/tmp_product__1/DSP_OUTPUT_INST      | ARITHMETIC.DSP.DSP48E2 |
    | k3_join_norm_U0/mul_34s_30s_64_1_1_U53/tmp_product__2/DSP_ALU_INST         | ARITHMETIC.DSP.DSP48E2 |
    | k3_join_norm_U0/mul_34s_30s_64_1_1_U53/tmp_product__2/DSP_OUTPUT_INST      | ARITHMETIC.DSP.DSP48E2 |
    | k3_join_norm_U0/mul_34s_30s_64_1_1_U53/tmp_product_carry_i_4__4            | CLB.LUT.LUT2           |
    | k3_join_norm_U0/mul_34s_30s_64_1_1_U53/tmp_product_carry                   | CLB.CARRY.CARRY8       |
    | k3_join_norm_U0/mul_34s_30s_64_1_1_U53/tmp_product_carry__0                | CLB.CARRY.CARRY8       |
    | k3_join_norm_U0/mul_34s_30s_64_1_1_U53/tmp_product_carry__1                | CLB.CARRY.CARRY8       |
    | k3_join_norm_U0/mul_34s_30s_64_1_1_U53/v_out_19_reg_4614[7]_i_3            | CLB.LUT.LUT2           |
    | k3_join_norm_U0/mul_34s_30s_64_1_1_U53/v_out_19_reg_4614_reg[7]_i_2        | CLB.CARRY.CARRY8       |
    | k3_join_norm_U0/mul_34s_30s_64_1_1_U53/v_out_19_reg_4614_reg[15]_i_2       | CLB.CARRY.CARRY8       |
    | k3_join_norm_U0/mul_34s_30s_64_1_1_U53/v_out_19_reg_4614_reg[19]_i_6       | CLB.CARRY.CARRY8       |
    | k3_join_norm_U0/mul_34s_30s_64_1_1_U53/v_out_19_reg_4614[19]_i_10          | CLB.LUT.LUT4           |
    | k3_join_norm_U0/mul_34s_30s_64_1_1_U53/v_out_19_reg_4614[19]_i_5           | CLB.LUT.LUT6           |
    | k3_join_norm_U0/mul_34s_30s_64_1_1_U53/v_out_19_reg_4614[19]_i_2           | CLB.LUT.LUT2           |
    | k3_join_norm_U0/v_out_19_reg_4614_reg[0]                                   | REGISTER.SDR.FDSE      |
    | k3_join_norm_U0/select_ln435_3_reg_4504_reg[9]                             | REGISTER.SDR.FDSE      |
    | k3_join_norm_U0/mul_34s_30s_64_1_1_U53/tmp_product__1/DSP_A_B_DATA_INST    | ARITHMETIC.DSP.DSP48E2 |
    | k3_join_norm_U0/mul_34s_30s_64_1_1_U53/tmp_product__1/DSP_PREADD_DATA_INST | ARITHMETIC.DSP.DSP48E2 |
    | k3_join_norm_U0/mul_34s_30s_64_1_1_U53/tmp_product__1/DSP_MULTIPLIER_INST  | ARITHMETIC.DSP.DSP48E2 |
    | k3_join_norm_U0/mul_34s_30s_64_1_1_U53/tmp_product__1/DSP_M_DATA_INST      | ARITHMETIC.DSP.DSP48E2 |
    | k3_join_norm_U0/mul_34s_30s_64_1_1_U53/tmp_product__1/DSP_ALU_INST         | ARITHMETIC.DSP.DSP48E2 |
    | k3_join_norm_U0/mul_34s_30s_64_1_1_U53/tmp_product__1/DSP_OUTPUT_INST      | ARITHMETIC.DSP.DSP48E2 |
    | k3_join_norm_U0/mul_34s_30s_64_1_1_U53/tmp_product__2/DSP_ALU_INST         | ARITHMETIC.DSP.DSP48E2 |
    | k3_join_norm_U0/mul_34s_30s_64_1_1_U53/tmp_product__2/DSP_OUTPUT_INST      | ARITHMETIC.DSP.DSP48E2 |
    | k3_join_norm_U0/mul_34s_30s_64_1_1_U53/tmp_product_carry_i_4__4            | CLB.LUT.LUT2           |
    | k3_join_norm_U0/mul_34s_30s_64_1_1_U53/tmp_product_carry                   | CLB.CARRY.CARRY8       |
    | k3_join_norm_U0/mul_34s_30s_64_1_1_U53/tmp_product_carry__0                | CLB.CARRY.CARRY8       |
    | k3_join_norm_U0/mul_34s_30s_64_1_1_U53/tmp_product_carry__1                | CLB.CARRY.CARRY8       |
    | k3_join_norm_U0/mul_34s_30s_64_1_1_U53/v_out_19_reg_4614[7]_i_3            | CLB.LUT.LUT2           |
    | k3_join_norm_U0/mul_34s_30s_64_1_1_U53/v_out_19_reg_4614_reg[7]_i_2        | CLB.CARRY.CARRY8       |
    | k3_join_norm_U0/mul_34s_30s_64_1_1_U53/v_out_19_reg_4614_reg[15]_i_2       | CLB.CARRY.CARRY8       |
    | k3_join_norm_U0/mul_34s_30s_64_1_1_U53/v_out_19_reg_4614_reg[19]_i_6       | CLB.CARRY.CARRY8       |
    | k3_join_norm_U0/mul_34s_30s_64_1_1_U53/v_out_19_reg_4614[19]_i_10          | CLB.LUT.LUT4           |
    | k3_join_norm_U0/mul_34s_30s_64_1_1_U53/v_out_19_reg_4614[19]_i_5           | CLB.LUT.LUT6           |
    | k3_join_norm_U0/mul_34s_30s_64_1_1_U53/v_out_19_reg_4614[19]_i_2           | CLB.LUT.LUT2           |
    | k3_join_norm_U0/v_out_19_reg_4614_reg[15]                                  | REGISTER.SDR.FDSE      |
    +----------------------------------------------------------------------------+------------------------+


================================================================
== Place & Route Vivado Reports
================================================================
+--------------------------+--------------------------------------------------------------------+
| Report Type              | Report Location                                                    |
+--------------------------+--------------------------------------------------------------------+
| design_analysis          | impl/verilog/report/top_kernel_design_analysis_routed.rpt          |
| failfast                 | impl/verilog/report/top_kernel_failfast_routed.rpt                 |
| power                    | impl/verilog/report/top_kernel_power_routed.rpt                    |
| status                   | impl/verilog/report/top_kernel_status_routed.rpt                   |
| timing                   | impl/verilog/report/top_kernel_timing_routed.rpt                   |
| timing_paths             | impl/verilog/report/top_kernel_timing_paths_routed.rpt             |
| utilization              | impl/verilog/report/top_kernel_utilization_routed.rpt              |
| utilization_hierarchical | impl/verilog/report/top_kernel_utilization_hierarchical_routed.rpt |
+--------------------------+--------------------------------------------------------------------+


