================================================================
== Design Size Report
================================================================

* Total Instructions per Compilation Phase
+---------------+-----------------------------+--------------+----------------------------------------------------------------------------------------+
| Phase         | Step                        | Instructions | Description                                                                            |
+---------------+-----------------------------+--------------+----------------------------------------------------------------------------------------+
| Compile/Link  |                             |  4,878       | After all functions are compiled and linked into a single design                       |
|               |                             |              |                                                                                        |
| Unroll/Inline |                             |              | After user unroll and inline pragmas are applied                                       |
|               | (1) unroll                  |  8,018       | user unroll pragmas are applied                                                        |
|               | (2) simplification          |  4,200       | simplification of applied user unroll pragmas                                          |
|               | (3) inline                  |  3,423       | user inline pragmas are applied                                                        |
|               | (4) simplification          |  3,413       | simplification of applied user inline pragmas                                          |
|               |                             |              |                                                                                        |
| Array/Struct  |                             |              | After user array partition and struct aggregate/disaggregate pragmas are applied       |
|               | (1) array partition         | 10,224       | user array partition pragmas are applied                                               |
|               | (2) simplification          |  3,950       | simplification of applied user array partition & struct aggregate/disaggregate pragmas |
|               | (3) aggregate/disaggregate  |  3,953       | user struct aggregate/disaggregate pragmas are applied                                 |
|               | (4) array reshape           |  3,956       | apply array reshape pragmas                                                            |
|               | (5) access patterns         |  4,093       | array access pattern optmizations                                                      |
|               |                             |              |                                                                                        |
| Performance   |                             |              | After transformations are applied to meet performance pragma targets                   |
|               | (1) loop simplification     |  4,091       | loop and instruction simplification                                                    |
|               | (2) parallelization         |  3,962       | loops are unrolled or pipelined to meet performance targets                            |
|               | (3) array partition         |  3,962       | arrays are partitioned to meet performance targets                                     |
|               | (4) simplification          |  3,962       | simplification of design after performance transformations                             |
|               |                             |              |                                                                                        |
| HW Transforms |                             |              | After hardware transfomations                                                          |
|               | (1) lowering                |  3,966       | initial conversion to HW specific instructions                                         |
|               | (2) optimizations           |  3,974       | high level synthesis optimizations                                                     |
+---------------+-----------------------------+--------------+----------------------------------------------------------------------------------------+

* Instructions per Function for each Compilation Phase
+--------------+-------------+--------------+---------------+--------------+-------------+---------------+
| Function     | Location    | Compile/Link | Unroll/Inline | Array/Struct | Performance | HW Transforms |
+--------------+-------------+--------------+---------------+--------------+-------------+---------------+
|   top_kernel | top.cpp:176 | 4,878        | 3,413         | 4,093        | 3,962       | 3,974         |
+--------------+-------------+--------------+---------------+--------------+-------------+---------------+

* Design Size Message Settings
+---------------------------------------------+--------+------------------------------------------------------------------+
| Message Setting                             | Value  | Description                                                      |
+---------------------------------------------+--------+------------------------------------------------------------------+
| config_compile -design_size_maximum_warning | 100000 | Show a warning when total design instructions exceeds this value |
+---------------------------------------------+--------+------------------------------------------------------------------+


