

================================================================
== Vitis HLS Report for 'top_kernel_Pipeline_VITIS_LOOP_55_7'
================================================================
* Date:           Sun Feb  1 19:42:42 2026

* Version:        2025.1.1 (Build 6214317 on Sep 11 2025)
* Project:        project_1
* Solution:       hls (Vivado IP Flow Target)
* Product family: zynquplus
* Target device:  xczu3eg-sbva484-1-e


================================================================
== Performance Estimates
================================================================
+ Timing: 
    * Summary: 
    +--------+----------+-----------+------------+
    |  Clock |  Target  | Estimated | Uncertainty|
    +--------+----------+-----------+------------+
    |ap_clk  |  10.00 ns|  12.845 ns|     2.70 ns|
    +--------+----------+-----------+------------+

+ Latency: 
    * Summary: 
    +---------+---------+----------+----------+-----+-----+------------------------------------------------+
    |  Latency (cycles) |  Latency (absolute) |  Interval |                    Pipeline                    |
    |   min   |   max   |    min   |    max   | min | max |                      Type                      |
    +---------+---------+----------+----------+-----+-----+------------------------------------------------+
    |       35|       35|  0.450 us|  0.450 us|   33|   33|  loop auto-rewind stp (delay=0 clock cycles(s))|
    +---------+---------+----------+----------+-----+-----+------------------------------------------------+

    + Detail: 
        * Instance: 
        N/A

        * Loop: 
        +-------------------+---------+---------+----------+-----------+-----------+------+----------+
        |                   |  Latency (cycles) | Iteration|  Initiation Interval  | Trip |          |
        |     Loop Name     |   min   |   max   |  Latency |  achieved |   target  | Count| Pipelined|
        +-------------------+---------+---------+----------+-----------+-----------+------+----------+
        |- VITIS_LOOP_55_7  |       33|       33|         3|          1|          1|    32|       yes|
        +-------------------+---------+---------+----------+-----------+-----------+------+----------+



================================================================
== Utilization Estimates
================================================================
* Summary: 
+-----------------+---------+-----+--------+-------+-----+
|       Name      | BRAM_18K| DSP |   FF   |  LUT  | URAM|
+-----------------+---------+-----+--------+-------+-----+
|DSP              |        -|    -|       -|      -|    -|
|Expression       |        -|    -|       0|    954|    -|
|FIFO             |        -|    -|       -|      -|    -|
|Instance         |        -|    -|       0|    344|    -|
|Memory           |        -|    -|       -|      -|    -|
|Multiplexer      |        -|    -|       0|     45|    -|
|Register         |        -|    -|      95|      -|    -|
+-----------------+---------+-----+--------+-------+-----+
|Total            |        0|    0|      95|   1343|    0|
+-----------------+---------+-----+--------+-------+-----+
|Available        |      432|  360|  141120|  70560|    0|
+-----------------+---------+-----+--------+-------+-----+
|Utilization (%)  |        0|    0|      ~0|      1|    0|
+-----------------+---------+-----+--------+-------+-----+

+ Detail: 
    * Instance: 
    +----------------------------+-----------------------+---------+----+---+----+-----+
    |          Instance          |         Module        | BRAM_18K| DSP| FF| LUT| URAM|
    +----------------------------+-----------------------+---------+----+---+----+-----+
    |sparsemux_17_3_24_1_1_U105  |sparsemux_17_3_24_1_1  |        0|   0|  0|  43|    0|
    |sparsemux_17_3_24_1_1_U106  |sparsemux_17_3_24_1_1  |        0|   0|  0|  43|    0|
    |sparsemux_17_3_24_1_1_U107  |sparsemux_17_3_24_1_1  |        0|   0|  0|  43|    0|
    |sparsemux_17_3_24_1_1_U108  |sparsemux_17_3_24_1_1  |        0|   0|  0|  43|    0|
    |sparsemux_17_3_24_1_1_U109  |sparsemux_17_3_24_1_1  |        0|   0|  0|  43|    0|
    |sparsemux_17_3_24_1_1_U110  |sparsemux_17_3_24_1_1  |        0|   0|  0|  43|    0|
    |sparsemux_17_3_24_1_1_U111  |sparsemux_17_3_24_1_1  |        0|   0|  0|  43|    0|
    |sparsemux_17_3_24_1_1_U112  |sparsemux_17_3_24_1_1  |        0|   0|  0|  43|    0|
    +----------------------------+-----------------------+---------+----+---+----+-----+
    |Total                       |                       |        0|   0|  0| 344|    0|
    +----------------------------+-----------------------+---------+----+---+----+-----+

    * DSP: 
    N/A

    * Memory: 
    N/A

    * FIFO: 
    N/A

    * Expression: 
    +---------------------------+----------+----+---+----+------------+------------+
    |       Variable Name       | Operation| DSP| FF| LUT| Bitwidth P0| Bitwidth P1|
    +---------------------------+----------+----+---+----+------------+------------+
    |add_ln55_fu_1126_p2        |         +|   0|  0|  16|           9|           4|
    |add_ln58_10_fu_1728_p2     |         +|   0|  0|  31|          24|          24|
    |add_ln58_11_fu_1734_p2     |         +|   0|  0|  32|          25|          25|
    |add_ln58_12_fu_1837_p2     |         +|   0|  0|  31|          24|          24|
    |add_ln58_13_fu_1843_p2     |         +|   0|  0|  32|          25|          25|
    |add_ln58_14_fu_1946_p2     |         +|   0|  0|  31|          24|          24|
    |add_ln58_15_fu_1952_p2     |         +|   0|  0|  32|          25|          25|
    |add_ln58_1_fu_1230_p2      |         +|   0|  0|  32|          25|          25|
    |add_ln58_2_fu_1293_p2      |         +|   0|  0|  31|          24|          24|
    |add_ln58_3_fu_1298_p2      |         +|   0|  0|  32|          25|          25|
    |add_ln58_4_fu_1401_p2      |         +|   0|  0|  31|          24|          24|
    |add_ln58_5_fu_1407_p2      |         +|   0|  0|  32|          25|          25|
    |add_ln58_6_fu_1510_p2      |         +|   0|  0|  31|          24|          24|
    |add_ln58_7_fu_1516_p2      |         +|   0|  0|  32|          25|          25|
    |add_ln58_8_fu_1619_p2      |         +|   0|  0|  31|          24|          24|
    |add_ln58_9_fu_1625_p2      |         +|   0|  0|  32|          25|          25|
    |add_ln58_fu_1225_p2        |         +|   0|  0|  31|          24|          24|
    |and_ln58_1_fu_1326_p2      |       and|   0|  0|   2|           1|           1|
    |and_ln58_2_fu_1435_p2      |       and|   0|  0|   2|           1|           1|
    |and_ln58_3_fu_1544_p2      |       and|   0|  0|   2|           1|           1|
    |and_ln58_4_fu_1653_p2      |       and|   0|  0|   2|           1|           1|
    |and_ln58_5_fu_1762_p2      |       and|   0|  0|   2|           1|           1|
    |and_ln58_6_fu_1871_p2      |       and|   0|  0|   2|           1|           1|
    |and_ln58_7_fu_1980_p2      |       and|   0|  0|   2|           1|           1|
    |and_ln58_fu_1258_p2        |       and|   0|  0|   2|           1|           1|
    |select_ln58_10_fu_1774_p3  |    select|   0|  0|  24|           1|          23|
    |select_ln58_11_fu_1782_p3  |    select|   0|  0|  24|           1|          24|
    |select_ln58_12_fu_1883_p3  |    select|   0|  0|  24|           1|          23|
    |select_ln58_13_fu_1891_p3  |    select|   0|  0|  24|           1|          24|
    |select_ln58_14_fu_1992_p3  |    select|   0|  0|  24|           1|          23|
    |select_ln58_15_fu_2000_p3  |    select|   0|  0|  24|           1|          24|
    |select_ln58_1_fu_1278_p3   |    select|   0|  0|  24|           1|          24|
    |select_ln58_2_fu_1338_p3   |    select|   0|  0|  24|           1|          23|
    |select_ln58_3_fu_1346_p3   |    select|   0|  0|  24|           1|          24|
    |select_ln58_4_fu_1447_p3   |    select|   0|  0|  24|           1|          23|
    |select_ln58_5_fu_1455_p3   |    select|   0|  0|  24|           1|          24|
    |select_ln58_6_fu_1556_p3   |    select|   0|  0|  24|           1|          23|
    |select_ln58_7_fu_1564_p3   |    select|   0|  0|  24|           1|          24|
    |select_ln58_8_fu_1665_p3   |    select|   0|  0|  24|           1|          23|
    |select_ln58_9_fu_1673_p3   |    select|   0|  0|  24|           1|          24|
    |select_ln58_fu_1270_p3     |    select|   0|  0|  24|           1|          23|
    |ap_enable_pp0              |       xor|   0|  0|   2|           1|           2|
    |xor_ln58_10_fu_1756_p2     |       xor|   0|  0|   2|           1|           2|
    |xor_ln58_11_fu_1768_p2     |       xor|   0|  0|   2|           1|           1|
    |xor_ln58_12_fu_1865_p2     |       xor|   0|  0|   2|           1|           2|
    |xor_ln58_13_fu_1877_p2     |       xor|   0|  0|   2|           1|           1|
    |xor_ln58_14_fu_1974_p2     |       xor|   0|  0|   2|           1|           2|
    |xor_ln58_15_fu_1986_p2     |       xor|   0|  0|   2|           1|           1|
    |xor_ln58_1_fu_1264_p2      |       xor|   0|  0|   2|           1|           1|
    |xor_ln58_2_fu_1320_p2      |       xor|   0|  0|   2|           1|           2|
    |xor_ln58_3_fu_1332_p2      |       xor|   0|  0|   2|           1|           1|
    |xor_ln58_4_fu_1429_p2      |       xor|   0|  0|   2|           1|           2|
    |xor_ln58_5_fu_1441_p2      |       xor|   0|  0|   2|           1|           1|
    |xor_ln58_6_fu_1538_p2      |       xor|   0|  0|   2|           1|           2|
    |xor_ln58_7_fu_1550_p2      |       xor|   0|  0|   2|           1|           1|
    |xor_ln58_8_fu_1647_p2      |       xor|   0|  0|   2|           1|           2|
    |xor_ln58_9_fu_1659_p2      |       xor|   0|  0|   2|           1|           1|
    |xor_ln58_fu_1252_p2        |       xor|   0|  0|   2|           1|           2|
    +---------------------------+----------+----+---+----+------------+------------+
    |Total                      |          |   0|  0| 954|         442|         806|
    +---------------------------+----------+----+---+----+------------+------------+

    * Multiplexer: 
    +-------------------------+----+-----------+-----+-----------+
    |           Name          | LUT| Input Size| Bits| Total Bits|
    +-------------------------+----+-----------+-----+-----------+
    |ap_done_int              |   9|          2|    1|          2|
    |ap_enable_reg_pp0_iter1  |   9|          2|    1|          2|
    |ap_sig_allocacmp_i_2     |   9|          2|    9|         18|
    |empty_42_fu_208          |   9|          2|   24|         48|
    |i_fu_212                 |   9|          2|    9|         18|
    +-------------------------+----+-----------+-----+-----------+
    |Total                    |  45|         10|   44|         88|
    +-------------------------+----+-----------+-----+-----------+

    * Register: 
    +----------------------------------+----+----+-----+-----------+
    |               Name               | FF | LUT| Bits| Const Bits|
    +----------------------------------+----+----+-----+-----------+
    |ap_CS_fsm                         |   1|   0|    1|          0|
    |ap_done_reg                       |   1|   0|    1|          0|
    |ap_enable_reg_pp0_iter1           |   1|   0|    1|          0|
    |ap_enable_reg_pp0_iter2           |   1|   0|    1|          0|
    |ap_loop_exit_ready_pp0_iter1_reg  |   1|   0|    1|          0|
    |empty_42_fu_208                   |  24|   0|   24|          0|
    |i_fu_212                          |   9|   0|    9|          0|
    |tmp_131_reg_2044                  |   1|   0|    1|          0|
    |tmp_81_reg_2420                   |  24|   0|   24|          0|
    |tmp_84_reg_2426                   |  24|   0|   24|          0|
    |zext_ln58_reg_2048                |   8|   0|   64|         56|
    +----------------------------------+----+----+-----+-----------+
    |Total                             |  95|   0|  151|         56|
    +----------------------------------+----+----+-----+-----------+



================================================================
== Interface
================================================================
* Summary: 
+-----------------+-----+-----+------------+-------------------------------------+--------------+
|    RTL Ports    | Dir | Bits|  Protocol  |            Source Object            |    C Type    |
+-----------------+-----+-----+------------+-------------------------------------+--------------+
|ap_clk           |   in|    1|  ap_ctrl_hs|  top_kernel_Pipeline_VITIS_LOOP_55_7|  return value|
|ap_rst           |   in|    1|  ap_ctrl_hs|  top_kernel_Pipeline_VITIS_LOOP_55_7|  return value|
|ap_start         |   in|    1|  ap_ctrl_hs|  top_kernel_Pipeline_VITIS_LOOP_55_7|  return value|
|ap_done          |  out|    1|  ap_ctrl_hs|  top_kernel_Pipeline_VITIS_LOOP_55_7|  return value|
|ap_idle          |  out|    1|  ap_ctrl_hs|  top_kernel_Pipeline_VITIS_LOOP_55_7|  return value|
|ap_ready         |  out|    1|  ap_ctrl_hs|  top_kernel_Pipeline_VITIS_LOOP_55_7|  return value|
|lshr_ln1         |   in|    3|     ap_none|                             lshr_ln1|        scalar|
|tmp_address0     |  out|    8|   ap_memory|                                  tmp|         array|
|tmp_ce0          |  out|    1|   ap_memory|                                  tmp|         array|
|tmp_q0           |   in|   24|   ap_memory|                                  tmp|         array|
|tmp_1_address0   |  out|    8|   ap_memory|                                tmp_1|         array|
|tmp_1_ce0        |  out|    1|   ap_memory|                                tmp_1|         array|
|tmp_1_q0         |   in|   24|   ap_memory|                                tmp_1|         array|
|tmp_2_address0   |  out|    8|   ap_memory|                                tmp_2|         array|
|tmp_2_ce0        |  out|    1|   ap_memory|                                tmp_2|         array|
|tmp_2_q0         |   in|   24|   ap_memory|                                tmp_2|         array|
|tmp_3_address0   |  out|    8|   ap_memory|                                tmp_3|         array|
|tmp_3_ce0        |  out|    1|   ap_memory|                                tmp_3|         array|
|tmp_3_q0         |   in|   24|   ap_memory|                                tmp_3|         array|
|tmp_4_address0   |  out|    8|   ap_memory|                                tmp_4|         array|
|tmp_4_ce0        |  out|    1|   ap_memory|                                tmp_4|         array|
|tmp_4_q0         |   in|   24|   ap_memory|                                tmp_4|         array|
|tmp_5_address0   |  out|    8|   ap_memory|                                tmp_5|         array|
|tmp_5_ce0        |  out|    1|   ap_memory|                                tmp_5|         array|
|tmp_5_q0         |   in|   24|   ap_memory|                                tmp_5|         array|
|tmp_6_address0   |  out|    8|   ap_memory|                                tmp_6|         array|
|tmp_6_ce0        |  out|    1|   ap_memory|                                tmp_6|         array|
|tmp_6_q0         |   in|   24|   ap_memory|                                tmp_6|         array|
|tmp_7_address0   |  out|    8|   ap_memory|                                tmp_7|         array|
|tmp_7_ce0        |  out|    1|   ap_memory|                                tmp_7|         array|
|tmp_7_q0         |   in|   24|   ap_memory|                                tmp_7|         array|
|tmp_8_address0   |  out|    8|   ap_memory|                                tmp_8|         array|
|tmp_8_ce0        |  out|    1|   ap_memory|                                tmp_8|         array|
|tmp_8_q0         |   in|   24|   ap_memory|                                tmp_8|         array|
|tmp_9_address0   |  out|    8|   ap_memory|                                tmp_9|         array|
|tmp_9_ce0        |  out|    1|   ap_memory|                                tmp_9|         array|
|tmp_9_q0         |   in|   24|   ap_memory|                                tmp_9|         array|
|tmp_10_address0  |  out|    8|   ap_memory|                               tmp_10|         array|
|tmp_10_ce0       |  out|    1|   ap_memory|                               tmp_10|         array|
|tmp_10_q0        |   in|   24|   ap_memory|                               tmp_10|         array|
|tmp_11_address0  |  out|    8|   ap_memory|                               tmp_11|         array|
|tmp_11_ce0       |  out|    1|   ap_memory|                               tmp_11|         array|
|tmp_11_q0        |   in|   24|   ap_memory|                               tmp_11|         array|
|tmp_12_address0  |  out|    8|   ap_memory|                               tmp_12|         array|
|tmp_12_ce0       |  out|    1|   ap_memory|                               tmp_12|         array|
|tmp_12_q0        |   in|   24|   ap_memory|                               tmp_12|         array|
|tmp_13_address0  |  out|    8|   ap_memory|                               tmp_13|         array|
|tmp_13_ce0       |  out|    1|   ap_memory|                               tmp_13|         array|
|tmp_13_q0        |   in|   24|   ap_memory|                               tmp_13|         array|
|tmp_14_address0  |  out|    8|   ap_memory|                               tmp_14|         array|
|tmp_14_ce0       |  out|    1|   ap_memory|                               tmp_14|         array|
|tmp_14_q0        |   in|   24|   ap_memory|                               tmp_14|         array|
|tmp_15_address0  |  out|    8|   ap_memory|                               tmp_15|         array|
|tmp_15_ce0       |  out|    1|   ap_memory|                               tmp_15|         array|
|tmp_15_q0        |   in|   24|   ap_memory|                               tmp_15|         array|
|tmp_16_address0  |  out|    8|   ap_memory|                               tmp_16|         array|
|tmp_16_ce0       |  out|    1|   ap_memory|                               tmp_16|         array|
|tmp_16_q0        |   in|   24|   ap_memory|                               tmp_16|         array|
|tmp_17_address0  |  out|    8|   ap_memory|                               tmp_17|         array|
|tmp_17_ce0       |  out|    1|   ap_memory|                               tmp_17|         array|
|tmp_17_q0        |   in|   24|   ap_memory|                               tmp_17|         array|
|tmp_18_address0  |  out|    8|   ap_memory|                               tmp_18|         array|
|tmp_18_ce0       |  out|    1|   ap_memory|                               tmp_18|         array|
|tmp_18_q0        |   in|   24|   ap_memory|                               tmp_18|         array|
|tmp_19_address0  |  out|    8|   ap_memory|                               tmp_19|         array|
|tmp_19_ce0       |  out|    1|   ap_memory|                               tmp_19|         array|
|tmp_19_q0        |   in|   24|   ap_memory|                               tmp_19|         array|
|tmp_20_address0  |  out|    8|   ap_memory|                               tmp_20|         array|
|tmp_20_ce0       |  out|    1|   ap_memory|                               tmp_20|         array|
|tmp_20_q0        |   in|   24|   ap_memory|                               tmp_20|         array|
|tmp_21_address0  |  out|    8|   ap_memory|                               tmp_21|         array|
|tmp_21_ce0       |  out|    1|   ap_memory|                               tmp_21|         array|
|tmp_21_q0        |   in|   24|   ap_memory|                               tmp_21|         array|
|tmp_22_address0  |  out|    8|   ap_memory|                               tmp_22|         array|
|tmp_22_ce0       |  out|    1|   ap_memory|                               tmp_22|         array|
|tmp_22_q0        |   in|   24|   ap_memory|                               tmp_22|         array|
|tmp_23_address0  |  out|    8|   ap_memory|                               tmp_23|         array|
|tmp_23_ce0       |  out|    1|   ap_memory|                               tmp_23|         array|
|tmp_23_q0        |   in|   24|   ap_memory|                               tmp_23|         array|
|tmp_24_address0  |  out|    8|   ap_memory|                               tmp_24|         array|
|tmp_24_ce0       |  out|    1|   ap_memory|                               tmp_24|         array|
|tmp_24_q0        |   in|   24|   ap_memory|                               tmp_24|         array|
|tmp_25_address0  |  out|    8|   ap_memory|                               tmp_25|         array|
|tmp_25_ce0       |  out|    1|   ap_memory|                               tmp_25|         array|
|tmp_25_q0        |   in|   24|   ap_memory|                               tmp_25|         array|
|tmp_26_address0  |  out|    8|   ap_memory|                               tmp_26|         array|
|tmp_26_ce0       |  out|    1|   ap_memory|                               tmp_26|         array|
|tmp_26_q0        |   in|   24|   ap_memory|                               tmp_26|         array|
|tmp_27_address0  |  out|    8|   ap_memory|                               tmp_27|         array|
|tmp_27_ce0       |  out|    1|   ap_memory|                               tmp_27|         array|
|tmp_27_q0        |   in|   24|   ap_memory|                               tmp_27|         array|
|tmp_28_address0  |  out|    8|   ap_memory|                               tmp_28|         array|
|tmp_28_ce0       |  out|    1|   ap_memory|                               tmp_28|         array|
|tmp_28_q0        |   in|   24|   ap_memory|                               tmp_28|         array|
|tmp_29_address0  |  out|    8|   ap_memory|                               tmp_29|         array|
|tmp_29_ce0       |  out|    1|   ap_memory|                               tmp_29|         array|
|tmp_29_q0        |   in|   24|   ap_memory|                               tmp_29|         array|
|tmp_30_address0  |  out|    8|   ap_memory|                               tmp_30|         array|
|tmp_30_ce0       |  out|    1|   ap_memory|                               tmp_30|         array|
|tmp_30_q0        |   in|   24|   ap_memory|                               tmp_30|         array|
|tmp_31_address0  |  out|    8|   ap_memory|                               tmp_31|         array|
|tmp_31_ce0       |  out|    1|   ap_memory|                               tmp_31|         array|
|tmp_31_q0        |   in|   24|   ap_memory|                               tmp_31|         array|
|tmp_32_address0  |  out|    8|   ap_memory|                               tmp_32|         array|
|tmp_32_ce0       |  out|    1|   ap_memory|                               tmp_32|         array|
|tmp_32_q0        |   in|   24|   ap_memory|                               tmp_32|         array|
|tmp_33_address0  |  out|    8|   ap_memory|                               tmp_33|         array|
|tmp_33_ce0       |  out|    1|   ap_memory|                               tmp_33|         array|
|tmp_33_q0        |   in|   24|   ap_memory|                               tmp_33|         array|
|tmp_34_address0  |  out|    8|   ap_memory|                               tmp_34|         array|
|tmp_34_ce0       |  out|    1|   ap_memory|                               tmp_34|         array|
|tmp_34_q0        |   in|   24|   ap_memory|                               tmp_34|         array|
|tmp_35_address0  |  out|    8|   ap_memory|                               tmp_35|         array|
|tmp_35_ce0       |  out|    1|   ap_memory|                               tmp_35|         array|
|tmp_35_q0        |   in|   24|   ap_memory|                               tmp_35|         array|
|tmp_36_address0  |  out|    8|   ap_memory|                               tmp_36|         array|
|tmp_36_ce0       |  out|    1|   ap_memory|                               tmp_36|         array|
|tmp_36_q0        |   in|   24|   ap_memory|                               tmp_36|         array|
|tmp_37_address0  |  out|    8|   ap_memory|                               tmp_37|         array|
|tmp_37_ce0       |  out|    1|   ap_memory|                               tmp_37|         array|
|tmp_37_q0        |   in|   24|   ap_memory|                               tmp_37|         array|
|tmp_38_address0  |  out|    8|   ap_memory|                               tmp_38|         array|
|tmp_38_ce0       |  out|    1|   ap_memory|                               tmp_38|         array|
|tmp_38_q0        |   in|   24|   ap_memory|                               tmp_38|         array|
|tmp_39_address0  |  out|    8|   ap_memory|                               tmp_39|         array|
|tmp_39_ce0       |  out|    1|   ap_memory|                               tmp_39|         array|
|tmp_39_q0        |   in|   24|   ap_memory|                               tmp_39|         array|
|tmp_40_address0  |  out|    8|   ap_memory|                               tmp_40|         array|
|tmp_40_ce0       |  out|    1|   ap_memory|                               tmp_40|         array|
|tmp_40_q0        |   in|   24|   ap_memory|                               tmp_40|         array|
|tmp_41_address0  |  out|    8|   ap_memory|                               tmp_41|         array|
|tmp_41_ce0       |  out|    1|   ap_memory|                               tmp_41|         array|
|tmp_41_q0        |   in|   24|   ap_memory|                               tmp_41|         array|
|tmp_42_address0  |  out|    8|   ap_memory|                               tmp_42|         array|
|tmp_42_ce0       |  out|    1|   ap_memory|                               tmp_42|         array|
|tmp_42_q0        |   in|   24|   ap_memory|                               tmp_42|         array|
|tmp_43_address0  |  out|    8|   ap_memory|                               tmp_43|         array|
|tmp_43_ce0       |  out|    1|   ap_memory|                               tmp_43|         array|
|tmp_43_q0        |   in|   24|   ap_memory|                               tmp_43|         array|
|tmp_44_address0  |  out|    8|   ap_memory|                               tmp_44|         array|
|tmp_44_ce0       |  out|    1|   ap_memory|                               tmp_44|         array|
|tmp_44_q0        |   in|   24|   ap_memory|                               tmp_44|         array|
|tmp_45_address0  |  out|    8|   ap_memory|                               tmp_45|         array|
|tmp_45_ce0       |  out|    1|   ap_memory|                               tmp_45|         array|
|tmp_45_q0        |   in|   24|   ap_memory|                               tmp_45|         array|
|tmp_46_address0  |  out|    8|   ap_memory|                               tmp_46|         array|
|tmp_46_ce0       |  out|    1|   ap_memory|                               tmp_46|         array|
|tmp_46_q0        |   in|   24|   ap_memory|                               tmp_46|         array|
|tmp_47_address0  |  out|    8|   ap_memory|                               tmp_47|         array|
|tmp_47_ce0       |  out|    1|   ap_memory|                               tmp_47|         array|
|tmp_47_q0        |   in|   24|   ap_memory|                               tmp_47|         array|
|tmp_48_address0  |  out|    8|   ap_memory|                               tmp_48|         array|
|tmp_48_ce0       |  out|    1|   ap_memory|                               tmp_48|         array|
|tmp_48_q0        |   in|   24|   ap_memory|                               tmp_48|         array|
|tmp_49_address0  |  out|    8|   ap_memory|                               tmp_49|         array|
|tmp_49_ce0       |  out|    1|   ap_memory|                               tmp_49|         array|
|tmp_49_q0        |   in|   24|   ap_memory|                               tmp_49|         array|
|tmp_50_address0  |  out|    8|   ap_memory|                               tmp_50|         array|
|tmp_50_ce0       |  out|    1|   ap_memory|                               tmp_50|         array|
|tmp_50_q0        |   in|   24|   ap_memory|                               tmp_50|         array|
|tmp_51_address0  |  out|    8|   ap_memory|                               tmp_51|         array|
|tmp_51_ce0       |  out|    1|   ap_memory|                               tmp_51|         array|
|tmp_51_q0        |   in|   24|   ap_memory|                               tmp_51|         array|
|tmp_52_address0  |  out|    8|   ap_memory|                               tmp_52|         array|
|tmp_52_ce0       |  out|    1|   ap_memory|                               tmp_52|         array|
|tmp_52_q0        |   in|   24|   ap_memory|                               tmp_52|         array|
|tmp_53_address0  |  out|    8|   ap_memory|                               tmp_53|         array|
|tmp_53_ce0       |  out|    1|   ap_memory|                               tmp_53|         array|
|tmp_53_q0        |   in|   24|   ap_memory|                               tmp_53|         array|
|tmp_54_address0  |  out|    8|   ap_memory|                               tmp_54|         array|
|tmp_54_ce0       |  out|    1|   ap_memory|                               tmp_54|         array|
|tmp_54_q0        |   in|   24|   ap_memory|                               tmp_54|         array|
|tmp_55_address0  |  out|    8|   ap_memory|                               tmp_55|         array|
|tmp_55_ce0       |  out|    1|   ap_memory|                               tmp_55|         array|
|tmp_55_q0        |   in|   24|   ap_memory|                               tmp_55|         array|
|tmp_56_address0  |  out|    8|   ap_memory|                               tmp_56|         array|
|tmp_56_ce0       |  out|    1|   ap_memory|                               tmp_56|         array|
|tmp_56_q0        |   in|   24|   ap_memory|                               tmp_56|         array|
|tmp_57_address0  |  out|    8|   ap_memory|                               tmp_57|         array|
|tmp_57_ce0       |  out|    1|   ap_memory|                               tmp_57|         array|
|tmp_57_q0        |   in|   24|   ap_memory|                               tmp_57|         array|
|tmp_58_address0  |  out|    8|   ap_memory|                               tmp_58|         array|
|tmp_58_ce0       |  out|    1|   ap_memory|                               tmp_58|         array|
|tmp_58_q0        |   in|   24|   ap_memory|                               tmp_58|         array|
|tmp_59_address0  |  out|    8|   ap_memory|                               tmp_59|         array|
|tmp_59_ce0       |  out|    1|   ap_memory|                               tmp_59|         array|
|tmp_59_q0        |   in|   24|   ap_memory|                               tmp_59|         array|
|tmp_60_address0  |  out|    8|   ap_memory|                               tmp_60|         array|
|tmp_60_ce0       |  out|    1|   ap_memory|                               tmp_60|         array|
|tmp_60_q0        |   in|   24|   ap_memory|                               tmp_60|         array|
|tmp_61_address0  |  out|    8|   ap_memory|                               tmp_61|         array|
|tmp_61_ce0       |  out|    1|   ap_memory|                               tmp_61|         array|
|tmp_61_q0        |   in|   24|   ap_memory|                               tmp_61|         array|
|tmp_62_address0  |  out|    8|   ap_memory|                               tmp_62|         array|
|tmp_62_ce0       |  out|    1|   ap_memory|                               tmp_62|         array|
|tmp_62_q0        |   in|   24|   ap_memory|                               tmp_62|         array|
|tmp_63_address0  |  out|    8|   ap_memory|                               tmp_63|         array|
|tmp_63_ce0       |  out|    1|   ap_memory|                               tmp_63|         array|
|tmp_63_q0        |   in|   24|   ap_memory|                               tmp_63|         array|
|empty            |   in|    3|     ap_none|                                empty|        scalar|
|p_out            |  out|   24|      ap_vld|                                p_out|       pointer|
|p_out_ap_vld     |  out|    1|      ap_vld|                                p_out|       pointer|
+-----------------+-----+-----+------------+-------------------------------------+--------------+

