

================================================================
== Vitis HLS Report for 'top_kernel_Pipeline_VITIS_LOOP_129_66'
================================================================
* Date:           Thu Feb  5 21:53:30 2026

* Version:        2025.1.1 (Build 6214317 on Sep 11 2025)
* Project:        project_1
* Solution:       hls (Vivado IP Flow Target)
* Product family: zynquplus
* Target device:  xczu3eg-sbva484-1-e


================================================================
== Performance Estimates
================================================================
+ Timing: 
    * Summary: 
    +--------+----------+----------+------------+
    |  Clock |  Target  | Estimated| Uncertainty|
    +--------+----------+----------+------------+
    |ap_clk  |  10.00 ns|  4.823 ns|     2.70 ns|
    +--------+----------+----------+------------+

+ Latency: 
    * Summary: 
    +---------+---------+----------+----------+-----+-----+------------------------------------------------+
    |  Latency (cycles) |  Latency (absolute) |  Interval |                    Pipeline                    |
    |   min   |   max   |    min   |    max   | min | max |                      Type                      |
    +---------+---------+----------+----------+-----+-----+------------------------------------------------+
    |       45|       45|  0.450 us|  0.450 us|    3|    3|  loop auto-rewind stp (delay=0 clock cycles(s))|
    +---------+---------+----------+----------+-----+-----+------------------------------------------------+

    + Detail: 
        * Instance: 
        N/A

        * Loop: 
        +--------------------+---------+---------+----------+-----------+-----------+------+----------+
        |                    |  Latency (cycles) | Iteration|  Initiation Interval  | Trip |          |
        |      Loop Name     |   min   |   max   |  Latency |  achieved |   target  | Count| Pipelined|
        +--------------------+---------+---------+----------+-----------+-----------+------+----------+
        |- VITIS_LOOP_129_6  |       43|       43|        43|          1|          1|     2|       yes|
        +--------------------+---------+---------+----------+-----------+-----------+------+----------+



================================================================
== Utilization Estimates
================================================================
* Summary: 
+-----------------+---------+-----+--------+-------+-----+
|       Name      | BRAM_18K| DSP |   FF   |  LUT  | URAM|
+-----------------+---------+-----+--------+-------+-----+
|DSP              |        -|    -|       -|      -|    -|
|Expression       |        -|    -|       0|   3344|    -|
|FIFO             |        -|    -|       -|      -|    -|
|Instance         |        -|    -|  102048|  77888|    -|
|Memory           |        -|    -|       -|      -|    -|
|Multiplexer      |        -|    -|       0|     36|    -|
|Register         |        -|    -|     201|     32|    -|
+-----------------+---------+-----+--------+-------+-----+
|Total            |        0|    0|  102249|  81300|    0|
+-----------------+---------+-----+--------+-------+-----+
|Available        |      432|  360|  141120|  70560|    0|
+-----------------+---------+-----+--------+-------+-----+
|Utilization (%)  |        0|    0|      72|    115|    0|
+-----------------+---------+-----+--------+-------+-----+

+ Detail: 
    * Instance: 
    +----------------------------+-----------------------+---------+----+------+------+-----+
    |          Instance          |         Module        | BRAM_18K| DSP|  FF  |  LUT | URAM|
    +----------------------------+-----------------------+---------+----+------+------+-----+
    |sdiv_38ns_24s_38_42_1_U594  |sdiv_38ns_24s_38_42_1  |        0|   0|  3189|  2434|    0|
    |sdiv_38ns_24s_38_42_1_U595  |sdiv_38ns_24s_38_42_1  |        0|   0|  3189|  2434|    0|
    |sdiv_38ns_24s_38_42_1_U596  |sdiv_38ns_24s_38_42_1  |        0|   0|  3189|  2434|    0|
    |sdiv_38ns_24s_38_42_1_U597  |sdiv_38ns_24s_38_42_1  |        0|   0|  3189|  2434|    0|
    |sdiv_38ns_24s_38_42_1_U598  |sdiv_38ns_24s_38_42_1  |        0|   0|  3189|  2434|    0|
    |sdiv_38ns_24s_38_42_1_U599  |sdiv_38ns_24s_38_42_1  |        0|   0|  3189|  2434|    0|
    |sdiv_38ns_24s_38_42_1_U600  |sdiv_38ns_24s_38_42_1  |        0|   0|  3189|  2434|    0|
    |sdiv_38ns_24s_38_42_1_U601  |sdiv_38ns_24s_38_42_1  |        0|   0|  3189|  2434|    0|
    |sdiv_38ns_24s_38_42_1_U602  |sdiv_38ns_24s_38_42_1  |        0|   0|  3189|  2434|    0|
    |sdiv_38ns_24s_38_42_1_U603  |sdiv_38ns_24s_38_42_1  |        0|   0|  3189|  2434|    0|
    |sdiv_38ns_24s_38_42_1_U604  |sdiv_38ns_24s_38_42_1  |        0|   0|  3189|  2434|    0|
    |sdiv_38ns_24s_38_42_1_U605  |sdiv_38ns_24s_38_42_1  |        0|   0|  3189|  2434|    0|
    |sdiv_38ns_24s_38_42_1_U606  |sdiv_38ns_24s_38_42_1  |        0|   0|  3189|  2434|    0|
    |sdiv_38ns_24s_38_42_1_U607  |sdiv_38ns_24s_38_42_1  |        0|   0|  3189|  2434|    0|
    |sdiv_38ns_24s_38_42_1_U608  |sdiv_38ns_24s_38_42_1  |        0|   0|  3189|  2434|    0|
    |sdiv_38ns_24s_38_42_1_U609  |sdiv_38ns_24s_38_42_1  |        0|   0|  3189|  2434|    0|
    |sdiv_38ns_24s_38_42_1_U610  |sdiv_38ns_24s_38_42_1  |        0|   0|  3189|  2434|    0|
    |sdiv_38ns_24s_38_42_1_U611  |sdiv_38ns_24s_38_42_1  |        0|   0|  3189|  2434|    0|
    |sdiv_38ns_24s_38_42_1_U612  |sdiv_38ns_24s_38_42_1  |        0|   0|  3189|  2434|    0|
    |sdiv_38ns_24s_38_42_1_U613  |sdiv_38ns_24s_38_42_1  |        0|   0|  3189|  2434|    0|
    |sdiv_38ns_24s_38_42_1_U614  |sdiv_38ns_24s_38_42_1  |        0|   0|  3189|  2434|    0|
    |sdiv_38ns_24s_38_42_1_U615  |sdiv_38ns_24s_38_42_1  |        0|   0|  3189|  2434|    0|
    |sdiv_38ns_24s_38_42_1_U616  |sdiv_38ns_24s_38_42_1  |        0|   0|  3189|  2434|    0|
    |sdiv_38ns_24s_38_42_1_U617  |sdiv_38ns_24s_38_42_1  |        0|   0|  3189|  2434|    0|
    |sdiv_38ns_24s_38_42_1_U618  |sdiv_38ns_24s_38_42_1  |        0|   0|  3189|  2434|    0|
    |sdiv_38ns_24s_38_42_1_U619  |sdiv_38ns_24s_38_42_1  |        0|   0|  3189|  2434|    0|
    |sdiv_38ns_24s_38_42_1_U620  |sdiv_38ns_24s_38_42_1  |        0|   0|  3189|  2434|    0|
    |sdiv_38ns_24s_38_42_1_U621  |sdiv_38ns_24s_38_42_1  |        0|   0|  3189|  2434|    0|
    |sdiv_38ns_24s_38_42_1_U622  |sdiv_38ns_24s_38_42_1  |        0|   0|  3189|  2434|    0|
    |sdiv_38ns_24s_38_42_1_U623  |sdiv_38ns_24s_38_42_1  |        0|   0|  3189|  2434|    0|
    |sdiv_38ns_24s_38_42_1_U624  |sdiv_38ns_24s_38_42_1  |        0|   0|  3189|  2434|    0|
    |sdiv_38ns_24s_38_42_1_U625  |sdiv_38ns_24s_38_42_1  |        0|   0|  3189|  2434|    0|
    +----------------------------+-----------------------+---------+----+------+------+-----+
    |Total                       |                       |        0|   0|102048| 77888|    0|
    +----------------------------+-----------------------+---------+----+------+------+-----+

    * DSP: 
    N/A

    * Memory: 
    N/A

    * FIFO: 
    N/A

    * Expression: 
    +----------------------------+----------+----+---+----+------------+------------+
    |        Variable Name       | Operation| DSP| FF| LUT| Bitwidth P0| Bitwidth P1|
    +----------------------------+----------+----+---+----+------------+------------+
    |add_ln129_fu_1124_p2        |         +|   0|  0|  14|           7|           6|
    |and_ln132_10_fu_2110_p2     |       and|   0|  0|   2|           1|           1|
    |and_ln132_11_fu_2128_p2     |       and|   0|  0|   2|           1|           1|
    |and_ln132_12_fu_2211_p2     |       and|   0|  0|   2|           1|           1|
    |and_ln132_13_fu_2229_p2     |       and|   0|  0|   2|           1|           1|
    |and_ln132_14_fu_2312_p2     |       and|   0|  0|   2|           1|           1|
    |and_ln132_15_fu_2330_p2     |       and|   0|  0|   2|           1|           1|
    |and_ln132_16_fu_2413_p2     |       and|   0|  0|   2|           1|           1|
    |and_ln132_17_fu_2431_p2     |       and|   0|  0|   2|           1|           1|
    |and_ln132_18_fu_2514_p2     |       and|   0|  0|   2|           1|           1|
    |and_ln132_19_fu_2532_p2     |       and|   0|  0|   2|           1|           1|
    |and_ln132_1_fu_1623_p2      |       and|   0|  0|   2|           1|           1|
    |and_ln132_20_fu_2615_p2     |       and|   0|  0|   2|           1|           1|
    |and_ln132_21_fu_2633_p2     |       and|   0|  0|   2|           1|           1|
    |and_ln132_22_fu_2716_p2     |       and|   0|  0|   2|           1|           1|
    |and_ln132_23_fu_2734_p2     |       and|   0|  0|   2|           1|           1|
    |and_ln132_24_fu_2817_p2     |       and|   0|  0|   2|           1|           1|
    |and_ln132_25_fu_2835_p2     |       and|   0|  0|   2|           1|           1|
    |and_ln132_26_fu_2918_p2     |       and|   0|  0|   2|           1|           1|
    |and_ln132_27_fu_2936_p2     |       and|   0|  0|   2|           1|           1|
    |and_ln132_28_fu_3019_p2     |       and|   0|  0|   2|           1|           1|
    |and_ln132_29_fu_3037_p2     |       and|   0|  0|   2|           1|           1|
    |and_ln132_2_fu_1706_p2      |       and|   0|  0|   2|           1|           1|
    |and_ln132_30_fu_3120_p2     |       and|   0|  0|   2|           1|           1|
    |and_ln132_31_fu_3138_p2     |       and|   0|  0|   2|           1|           1|
    |and_ln132_32_fu_3221_p2     |       and|   0|  0|   2|           1|           1|
    |and_ln132_33_fu_3239_p2     |       and|   0|  0|   2|           1|           1|
    |and_ln132_34_fu_3322_p2     |       and|   0|  0|   2|           1|           1|
    |and_ln132_35_fu_3340_p2     |       and|   0|  0|   2|           1|           1|
    |and_ln132_36_fu_3423_p2     |       and|   0|  0|   2|           1|           1|
    |and_ln132_37_fu_3441_p2     |       and|   0|  0|   2|           1|           1|
    |and_ln132_38_fu_3524_p2     |       and|   0|  0|   2|           1|           1|
    |and_ln132_39_fu_3542_p2     |       and|   0|  0|   2|           1|           1|
    |and_ln132_3_fu_1724_p2      |       and|   0|  0|   2|           1|           1|
    |and_ln132_40_fu_3625_p2     |       and|   0|  0|   2|           1|           1|
    |and_ln132_41_fu_3643_p2     |       and|   0|  0|   2|           1|           1|
    |and_ln132_42_fu_3726_p2     |       and|   0|  0|   2|           1|           1|
    |and_ln132_43_fu_3744_p2     |       and|   0|  0|   2|           1|           1|
    |and_ln132_44_fu_3827_p2     |       and|   0|  0|   2|           1|           1|
    |and_ln132_45_fu_3845_p2     |       and|   0|  0|   2|           1|           1|
    |and_ln132_46_fu_3928_p2     |       and|   0|  0|   2|           1|           1|
    |and_ln132_47_fu_3946_p2     |       and|   0|  0|   2|           1|           1|
    |and_ln132_48_fu_4029_p2     |       and|   0|  0|   2|           1|           1|
    |and_ln132_49_fu_4047_p2     |       and|   0|  0|   2|           1|           1|
    |and_ln132_4_fu_1807_p2      |       and|   0|  0|   2|           1|           1|
    |and_ln132_50_fu_4130_p2     |       and|   0|  0|   2|           1|           1|
    |and_ln132_51_fu_4148_p2     |       and|   0|  0|   2|           1|           1|
    |and_ln132_52_fu_4231_p2     |       and|   0|  0|   2|           1|           1|
    |and_ln132_53_fu_4249_p2     |       and|   0|  0|   2|           1|           1|
    |and_ln132_54_fu_4332_p2     |       and|   0|  0|   2|           1|           1|
    |and_ln132_55_fu_4350_p2     |       and|   0|  0|   2|           1|           1|
    |and_ln132_56_fu_4433_p2     |       and|   0|  0|   2|           1|           1|
    |and_ln132_57_fu_4451_p2     |       and|   0|  0|   2|           1|           1|
    |and_ln132_58_fu_4534_p2     |       and|   0|  0|   2|           1|           1|
    |and_ln132_59_fu_4552_p2     |       and|   0|  0|   2|           1|           1|
    |and_ln132_5_fu_1825_p2      |       and|   0|  0|   2|           1|           1|
    |and_ln132_60_fu_4635_p2     |       and|   0|  0|   2|           1|           1|
    |and_ln132_61_fu_4653_p2     |       and|   0|  0|   2|           1|           1|
    |and_ln132_62_fu_4736_p2     |       and|   0|  0|   2|           1|           1|
    |and_ln132_63_fu_4754_p2     |       and|   0|  0|   2|           1|           1|
    |and_ln132_6_fu_1908_p2      |       and|   0|  0|   2|           1|           1|
    |and_ln132_7_fu_1926_p2      |       and|   0|  0|   2|           1|           1|
    |and_ln132_8_fu_2009_p2      |       and|   0|  0|   2|           1|           1|
    |and_ln132_9_fu_2027_p2      |       and|   0|  0|   2|           1|           1|
    |and_ln132_fu_1605_p2        |       and|   0|  0|   2|           1|           1|
    |icmp_ln132_10_fu_2086_p2    |      icmp|   0|  0|  21|          14|           2|
    |icmp_ln132_11_fu_2092_p2    |      icmp|   0|  0|  21|          14|           1|
    |icmp_ln132_12_fu_2187_p2    |      icmp|   0|  0|  21|          14|           2|
    |icmp_ln132_13_fu_2193_p2    |      icmp|   0|  0|  21|          14|           1|
    |icmp_ln132_14_fu_2288_p2    |      icmp|   0|  0|  21|          14|           2|
    |icmp_ln132_15_fu_2294_p2    |      icmp|   0|  0|  21|          14|           1|
    |icmp_ln132_16_fu_2389_p2    |      icmp|   0|  0|  21|          14|           2|
    |icmp_ln132_17_fu_2395_p2    |      icmp|   0|  0|  21|          14|           1|
    |icmp_ln132_18_fu_2490_p2    |      icmp|   0|  0|  21|          14|           2|
    |icmp_ln132_19_fu_2496_p2    |      icmp|   0|  0|  21|          14|           1|
    |icmp_ln132_1_fu_1587_p2     |      icmp|   0|  0|  21|          14|           1|
    |icmp_ln132_20_fu_2591_p2    |      icmp|   0|  0|  21|          14|           2|
    |icmp_ln132_21_fu_2597_p2    |      icmp|   0|  0|  21|          14|           1|
    |icmp_ln132_22_fu_2692_p2    |      icmp|   0|  0|  21|          14|           2|
    |icmp_ln132_23_fu_2698_p2    |      icmp|   0|  0|  21|          14|           1|
    |icmp_ln132_24_fu_2793_p2    |      icmp|   0|  0|  21|          14|           2|
    |icmp_ln132_25_fu_2799_p2    |      icmp|   0|  0|  21|          14|           1|
    |icmp_ln132_26_fu_2894_p2    |      icmp|   0|  0|  21|          14|           2|
    |icmp_ln132_27_fu_2900_p2    |      icmp|   0|  0|  21|          14|           1|
    |icmp_ln132_28_fu_2995_p2    |      icmp|   0|  0|  21|          14|           2|
    |icmp_ln132_29_fu_3001_p2    |      icmp|   0|  0|  21|          14|           1|
    |icmp_ln132_2_fu_1682_p2     |      icmp|   0|  0|  21|          14|           2|
    |icmp_ln132_30_fu_3096_p2    |      icmp|   0|  0|  21|          14|           2|
    |icmp_ln132_31_fu_3102_p2    |      icmp|   0|  0|  21|          14|           1|
    |icmp_ln132_32_fu_3197_p2    |      icmp|   0|  0|  21|          14|           2|
    |icmp_ln132_33_fu_3203_p2    |      icmp|   0|  0|  21|          14|           1|
    |icmp_ln132_34_fu_3298_p2    |      icmp|   0|  0|  21|          14|           2|
    |icmp_ln132_35_fu_3304_p2    |      icmp|   0|  0|  21|          14|           1|
    |icmp_ln132_36_fu_3399_p2    |      icmp|   0|  0|  21|          14|           2|
    |icmp_ln132_37_fu_3405_p2    |      icmp|   0|  0|  21|          14|           1|
    |icmp_ln132_38_fu_3500_p2    |      icmp|   0|  0|  21|          14|           2|
    |icmp_ln132_39_fu_3506_p2    |      icmp|   0|  0|  21|          14|           1|
    |icmp_ln132_3_fu_1688_p2     |      icmp|   0|  0|  21|          14|           1|
    |icmp_ln132_40_fu_3601_p2    |      icmp|   0|  0|  21|          14|           2|
    |icmp_ln132_41_fu_3607_p2    |      icmp|   0|  0|  21|          14|           1|
    |icmp_ln132_42_fu_3702_p2    |      icmp|   0|  0|  21|          14|           2|
    |icmp_ln132_43_fu_3708_p2    |      icmp|   0|  0|  21|          14|           1|
    |icmp_ln132_44_fu_3803_p2    |      icmp|   0|  0|  21|          14|           2|
    |icmp_ln132_45_fu_3809_p2    |      icmp|   0|  0|  21|          14|           1|
    |icmp_ln132_46_fu_3904_p2    |      icmp|   0|  0|  21|          14|           2|
    |icmp_ln132_47_fu_3910_p2    |      icmp|   0|  0|  21|          14|           1|
    |icmp_ln132_48_fu_4005_p2    |      icmp|   0|  0|  21|          14|           2|
    |icmp_ln132_49_fu_4011_p2    |      icmp|   0|  0|  21|          14|           1|
    |icmp_ln132_4_fu_1783_p2     |      icmp|   0|  0|  21|          14|           2|
    |icmp_ln132_50_fu_4106_p2    |      icmp|   0|  0|  21|          14|           2|
    |icmp_ln132_51_fu_4112_p2    |      icmp|   0|  0|  21|          14|           1|
    |icmp_ln132_52_fu_4207_p2    |      icmp|   0|  0|  21|          14|           2|
    |icmp_ln132_53_fu_4213_p2    |      icmp|   0|  0|  21|          14|           1|
    |icmp_ln132_54_fu_4308_p2    |      icmp|   0|  0|  21|          14|           2|
    |icmp_ln132_55_fu_4314_p2    |      icmp|   0|  0|  21|          14|           1|
    |icmp_ln132_56_fu_4409_p2    |      icmp|   0|  0|  21|          14|           2|
    |icmp_ln132_57_fu_4415_p2    |      icmp|   0|  0|  21|          14|           1|
    |icmp_ln132_58_fu_4510_p2    |      icmp|   0|  0|  21|          14|           2|
    |icmp_ln132_59_fu_4516_p2    |      icmp|   0|  0|  21|          14|           1|
    |icmp_ln132_5_fu_1789_p2     |      icmp|   0|  0|  21|          14|           1|
    |icmp_ln132_60_fu_4611_p2    |      icmp|   0|  0|  21|          14|           2|
    |icmp_ln132_61_fu_4617_p2    |      icmp|   0|  0|  21|          14|           1|
    |icmp_ln132_62_fu_4712_p2    |      icmp|   0|  0|  21|          14|           2|
    |icmp_ln132_63_fu_4718_p2    |      icmp|   0|  0|  21|          14|           1|
    |icmp_ln132_6_fu_1884_p2     |      icmp|   0|  0|  21|          14|           2|
    |icmp_ln132_7_fu_1890_p2     |      icmp|   0|  0|  21|          14|           1|
    |icmp_ln132_8_fu_1985_p2     |      icmp|   0|  0|  21|          14|           2|
    |icmp_ln132_9_fu_1991_p2     |      icmp|   0|  0|  21|          14|           1|
    |icmp_ln132_fu_1581_p2       |      icmp|   0|  0|  21|          14|           2|
    |or_ln132_10_fu_1920_p2      |        or|   0|  0|   2|           1|           1|
    |or_ln132_11_fu_1940_p2      |        or|   0|  0|   2|           1|           1|
    |or_ln132_12_fu_1997_p2      |        or|   0|  0|   2|           1|           1|
    |or_ln132_13_fu_2021_p2      |        or|   0|  0|   2|           1|           1|
    |or_ln132_14_fu_2041_p2      |        or|   0|  0|   2|           1|           1|
    |or_ln132_15_fu_2098_p2      |        or|   0|  0|   2|           1|           1|
    |or_ln132_16_fu_2122_p2      |        or|   0|  0|   2|           1|           1|
    |or_ln132_17_fu_2142_p2      |        or|   0|  0|   2|           1|           1|
    |or_ln132_18_fu_2199_p2      |        or|   0|  0|   2|           1|           1|
    |or_ln132_19_fu_2223_p2      |        or|   0|  0|   2|           1|           1|
    |or_ln132_1_fu_1617_p2       |        or|   0|  0|   2|           1|           1|
    |or_ln132_20_fu_2243_p2      |        or|   0|  0|   2|           1|           1|
    |or_ln132_21_fu_2300_p2      |        or|   0|  0|   2|           1|           1|
    |or_ln132_22_fu_2324_p2      |        or|   0|  0|   2|           1|           1|
    |or_ln132_23_fu_2344_p2      |        or|   0|  0|   2|           1|           1|
    |or_ln132_24_fu_2401_p2      |        or|   0|  0|   2|           1|           1|
    |or_ln132_25_fu_2425_p2      |        or|   0|  0|   2|           1|           1|
    |or_ln132_26_fu_2445_p2      |        or|   0|  0|   2|           1|           1|
    |or_ln132_27_fu_2502_p2      |        or|   0|  0|   2|           1|           1|
    |or_ln132_28_fu_2526_p2      |        or|   0|  0|   2|           1|           1|
    |or_ln132_29_fu_2546_p2      |        or|   0|  0|   2|           1|           1|
    |or_ln132_2_fu_1637_p2       |        or|   0|  0|   2|           1|           1|
    |or_ln132_30_fu_2603_p2      |        or|   0|  0|   2|           1|           1|
    |or_ln132_31_fu_2627_p2      |        or|   0|  0|   2|           1|           1|
    |or_ln132_32_fu_2647_p2      |        or|   0|  0|   2|           1|           1|
    |or_ln132_33_fu_2704_p2      |        or|   0|  0|   2|           1|           1|
    |or_ln132_34_fu_2728_p2      |        or|   0|  0|   2|           1|           1|
    |or_ln132_35_fu_2748_p2      |        or|   0|  0|   2|           1|           1|
    |or_ln132_36_fu_2805_p2      |        or|   0|  0|   2|           1|           1|
    |or_ln132_37_fu_2829_p2      |        or|   0|  0|   2|           1|           1|
    |or_ln132_38_fu_2849_p2      |        or|   0|  0|   2|           1|           1|
    |or_ln132_39_fu_2906_p2      |        or|   0|  0|   2|           1|           1|
    |or_ln132_3_fu_1694_p2       |        or|   0|  0|   2|           1|           1|
    |or_ln132_40_fu_2930_p2      |        or|   0|  0|   2|           1|           1|
    |or_ln132_41_fu_2950_p2      |        or|   0|  0|   2|           1|           1|
    |or_ln132_42_fu_3007_p2      |        or|   0|  0|   2|           1|           1|
    |or_ln132_43_fu_3031_p2      |        or|   0|  0|   2|           1|           1|
    |or_ln132_44_fu_3051_p2      |        or|   0|  0|   2|           1|           1|
    |or_ln132_45_fu_3108_p2      |        or|   0|  0|   2|           1|           1|
    |or_ln132_46_fu_3132_p2      |        or|   0|  0|   2|           1|           1|
    |or_ln132_47_fu_3152_p2      |        or|   0|  0|   2|           1|           1|
    |or_ln132_48_fu_3209_p2      |        or|   0|  0|   2|           1|           1|
    |or_ln132_49_fu_3233_p2      |        or|   0|  0|   2|           1|           1|
    |or_ln132_4_fu_1718_p2       |        or|   0|  0|   2|           1|           1|
    |or_ln132_50_fu_3253_p2      |        or|   0|  0|   2|           1|           1|
    |or_ln132_51_fu_3310_p2      |        or|   0|  0|   2|           1|           1|
    |or_ln132_52_fu_3334_p2      |        or|   0|  0|   2|           1|           1|
    |or_ln132_53_fu_3354_p2      |        or|   0|  0|   2|           1|           1|
    |or_ln132_54_fu_3411_p2      |        or|   0|  0|   2|           1|           1|
    |or_ln132_55_fu_3435_p2      |        or|   0|  0|   2|           1|           1|
    |or_ln132_56_fu_3455_p2      |        or|   0|  0|   2|           1|           1|
    |or_ln132_57_fu_3512_p2      |        or|   0|  0|   2|           1|           1|
    |or_ln132_58_fu_3536_p2      |        or|   0|  0|   2|           1|           1|
    |or_ln132_59_fu_3556_p2      |        or|   0|  0|   2|           1|           1|
    |or_ln132_5_fu_1738_p2       |        or|   0|  0|   2|           1|           1|
    |or_ln132_60_fu_3613_p2      |        or|   0|  0|   2|           1|           1|
    |or_ln132_61_fu_3637_p2      |        or|   0|  0|   2|           1|           1|
    |or_ln132_62_fu_3657_p2      |        or|   0|  0|   2|           1|           1|
    |or_ln132_63_fu_3714_p2      |        or|   0|  0|   2|           1|           1|
    |or_ln132_64_fu_3738_p2      |        or|   0|  0|   2|           1|           1|
    |or_ln132_65_fu_3758_p2      |        or|   0|  0|   2|           1|           1|
    |or_ln132_66_fu_3815_p2      |        or|   0|  0|   2|           1|           1|
    |or_ln132_67_fu_3839_p2      |        or|   0|  0|   2|           1|           1|
    |or_ln132_68_fu_3859_p2      |        or|   0|  0|   2|           1|           1|
    |or_ln132_69_fu_3916_p2      |        or|   0|  0|   2|           1|           1|
    |or_ln132_6_fu_1795_p2       |        or|   0|  0|   2|           1|           1|
    |or_ln132_70_fu_3940_p2      |        or|   0|  0|   2|           1|           1|
    |or_ln132_71_fu_3960_p2      |        or|   0|  0|   2|           1|           1|
    |or_ln132_72_fu_4017_p2      |        or|   0|  0|   2|           1|           1|
    |or_ln132_73_fu_4041_p2      |        or|   0|  0|   2|           1|           1|
    |or_ln132_74_fu_4061_p2      |        or|   0|  0|   2|           1|           1|
    |or_ln132_75_fu_4118_p2      |        or|   0|  0|   2|           1|           1|
    |or_ln132_76_fu_4142_p2      |        or|   0|  0|   2|           1|           1|
    |or_ln132_77_fu_4162_p2      |        or|   0|  0|   2|           1|           1|
    |or_ln132_78_fu_4219_p2      |        or|   0|  0|   2|           1|           1|
    |or_ln132_79_fu_4243_p2      |        or|   0|  0|   2|           1|           1|
    |or_ln132_7_fu_1819_p2       |        or|   0|  0|   2|           1|           1|
    |or_ln132_80_fu_4263_p2      |        or|   0|  0|   2|           1|           1|
    |or_ln132_81_fu_4320_p2      |        or|   0|  0|   2|           1|           1|
    |or_ln132_82_fu_4344_p2      |        or|   0|  0|   2|           1|           1|
    |or_ln132_83_fu_4364_p2      |        or|   0|  0|   2|           1|           1|
    |or_ln132_84_fu_4421_p2      |        or|   0|  0|   2|           1|           1|
    |or_ln132_85_fu_4445_p2      |        or|   0|  0|   2|           1|           1|
    |or_ln132_86_fu_4465_p2      |        or|   0|  0|   2|           1|           1|
    |or_ln132_87_fu_4522_p2      |        or|   0|  0|   2|           1|           1|
    |or_ln132_88_fu_4546_p2      |        or|   0|  0|   2|           1|           1|
    |or_ln132_89_fu_4566_p2      |        or|   0|  0|   2|           1|           1|
    |or_ln132_8_fu_1839_p2       |        or|   0|  0|   2|           1|           1|
    |or_ln132_90_fu_4623_p2      |        or|   0|  0|   2|           1|           1|
    |or_ln132_91_fu_4647_p2      |        or|   0|  0|   2|           1|           1|
    |or_ln132_92_fu_4667_p2      |        or|   0|  0|   2|           1|           1|
    |or_ln132_93_fu_4724_p2      |        or|   0|  0|   2|           1|           1|
    |or_ln132_94_fu_4748_p2      |        or|   0|  0|   2|           1|           1|
    |or_ln132_95_fu_4768_p2      |        or|   0|  0|   2|           1|           1|
    |or_ln132_9_fu_1896_p2       |        or|   0|  0|   2|           1|           1|
    |or_ln132_fu_1593_p2         |        or|   0|  0|   2|           1|           1|
    |select_ln132_10_fu_2134_p3  |    select|   0|  0|  24|           1|          23|
    |select_ln132_12_fu_2235_p3  |    select|   0|  0|  24|           1|          23|
    |select_ln132_14_fu_2336_p3  |    select|   0|  0|  24|           1|          23|
    |select_ln132_16_fu_2437_p3  |    select|   0|  0|  24|           1|          23|
    |select_ln132_18_fu_2538_p3  |    select|   0|  0|  24|           1|          23|
    |select_ln132_20_fu_2639_p3  |    select|   0|  0|  24|           1|          23|
    |select_ln132_22_fu_2740_p3  |    select|   0|  0|  24|           1|          23|
    |select_ln132_24_fu_2841_p3  |    select|   0|  0|  24|           1|          23|
    |select_ln132_26_fu_2942_p3  |    select|   0|  0|  24|           1|          23|
    |select_ln132_28_fu_3043_p3  |    select|   0|  0|  24|           1|          23|
    |select_ln132_2_fu_1730_p3   |    select|   0|  0|  24|           1|          23|
    |select_ln132_30_fu_3144_p3  |    select|   0|  0|  24|           1|          23|
    |select_ln132_32_fu_3245_p3  |    select|   0|  0|  24|           1|          23|
    |select_ln132_34_fu_3346_p3  |    select|   0|  0|  24|           1|          23|
    |select_ln132_36_fu_3447_p3  |    select|   0|  0|  24|           1|          23|
    |select_ln132_38_fu_3548_p3  |    select|   0|  0|  24|           1|          23|
    |select_ln132_40_fu_3649_p3  |    select|   0|  0|  24|           1|          23|
    |select_ln132_42_fu_3750_p3  |    select|   0|  0|  24|           1|          23|
    |select_ln132_44_fu_3851_p3  |    select|   0|  0|  24|           1|          23|
    |select_ln132_46_fu_3952_p3  |    select|   0|  0|  24|           1|          23|
    |select_ln132_48_fu_4053_p3  |    select|   0|  0|  24|           1|          23|
    |select_ln132_4_fu_1831_p3   |    select|   0|  0|  24|           1|          23|
    |select_ln132_50_fu_4154_p3  |    select|   0|  0|  24|           1|          23|
    |select_ln132_52_fu_4255_p3  |    select|   0|  0|  24|           1|          23|
    |select_ln132_54_fu_4356_p3  |    select|   0|  0|  24|           1|          23|
    |select_ln132_56_fu_4457_p3  |    select|   0|  0|  24|           1|          23|
    |select_ln132_58_fu_4558_p3  |    select|   0|  0|  24|           1|          23|
    |select_ln132_60_fu_4659_p3  |    select|   0|  0|  24|           1|          23|
    |select_ln132_62_fu_4760_p3  |    select|   0|  0|  24|           1|          23|
    |select_ln132_6_fu_1932_p3   |    select|   0|  0|  24|           1|          23|
    |select_ln132_8_fu_2033_p3   |    select|   0|  0|  24|           1|          23|
    |select_ln132_fu_1629_p3     |    select|   0|  0|  24|           1|          23|
    |val_101_fu_3562_p3          |    select|   0|  0|  24|           1|          24|
    |val_103_fu_3663_p3          |    select|   0|  0|  24|           1|          24|
    |val_105_fu_3764_p3          |    select|   0|  0|  24|           1|          24|
    |val_107_fu_3865_p3          |    select|   0|  0|  24|           1|          24|
    |val_109_fu_3966_p3          |    select|   0|  0|  24|           1|          24|
    |val_111_fu_4067_p3          |    select|   0|  0|  24|           1|          24|
    |val_113_fu_4168_p3          |    select|   0|  0|  24|           1|          24|
    |val_115_fu_4269_p3          |    select|   0|  0|  24|           1|          24|
    |val_117_fu_4370_p3          |    select|   0|  0|  24|           1|          24|
    |val_119_fu_4471_p3          |    select|   0|  0|  24|           1|          24|
    |val_121_fu_4572_p3          |    select|   0|  0|  24|           1|          24|
    |val_123_fu_4673_p3          |    select|   0|  0|  24|           1|          24|
    |val_1_fu_1643_p3            |    select|   0|  0|  24|           1|          24|
    |val_63_fu_4774_p3           |    select|   0|  0|  24|           1|          24|
    |val_65_fu_1744_p3           |    select|   0|  0|  24|           1|          24|
    |val_67_fu_1845_p3           |    select|   0|  0|  24|           1|          24|
    |val_69_fu_1946_p3           |    select|   0|  0|  24|           1|          24|
    |val_71_fu_2047_p3           |    select|   0|  0|  24|           1|          24|
    |val_73_fu_2148_p3           |    select|   0|  0|  24|           1|          24|
    |val_75_fu_2249_p3           |    select|   0|  0|  24|           1|          24|
    |val_77_fu_2350_p3           |    select|   0|  0|  24|           1|          24|
    |val_79_fu_2451_p3           |    select|   0|  0|  24|           1|          24|
    |val_81_fu_2552_p3           |    select|   0|  0|  24|           1|          24|
    |val_83_fu_2653_p3           |    select|   0|  0|  24|           1|          24|
    |val_85_fu_2754_p3           |    select|   0|  0|  24|           1|          24|
    |val_87_fu_2855_p3           |    select|   0|  0|  24|           1|          24|
    |val_89_fu_2956_p3           |    select|   0|  0|  24|           1|          24|
    |val_91_fu_3057_p3           |    select|   0|  0|  24|           1|          24|
    |val_93_fu_3158_p3           |    select|   0|  0|  24|           1|          24|
    |val_95_fu_3259_p3           |    select|   0|  0|  24|           1|          24|
    |val_97_fu_3360_p3           |    select|   0|  0|  24|           1|          24|
    |val_99_fu_3461_p3           |    select|   0|  0|  24|           1|          24|
    |ap_enable_pp0               |       xor|   0|  0|   2|           1|           2|
    |xor_ln132_10_fu_2104_p2     |       xor|   0|  0|   2|           1|           2|
    |xor_ln132_11_fu_2116_p2     |       xor|   0|  0|   2|           1|           2|
    |xor_ln132_12_fu_2205_p2     |       xor|   0|  0|   2|           1|           2|
    |xor_ln132_13_fu_2217_p2     |       xor|   0|  0|   2|           1|           2|
    |xor_ln132_14_fu_2306_p2     |       xor|   0|  0|   2|           1|           2|
    |xor_ln132_15_fu_2318_p2     |       xor|   0|  0|   2|           1|           2|
    |xor_ln132_16_fu_2407_p2     |       xor|   0|  0|   2|           1|           2|
    |xor_ln132_17_fu_2419_p2     |       xor|   0|  0|   2|           1|           2|
    |xor_ln132_18_fu_2508_p2     |       xor|   0|  0|   2|           1|           2|
    |xor_ln132_19_fu_2520_p2     |       xor|   0|  0|   2|           1|           2|
    |xor_ln132_1_fu_1611_p2      |       xor|   0|  0|   2|           1|           2|
    |xor_ln132_20_fu_2609_p2     |       xor|   0|  0|   2|           1|           2|
    |xor_ln132_21_fu_2621_p2     |       xor|   0|  0|   2|           1|           2|
    |xor_ln132_22_fu_2710_p2     |       xor|   0|  0|   2|           1|           2|
    |xor_ln132_23_fu_2722_p2     |       xor|   0|  0|   2|           1|           2|
    |xor_ln132_24_fu_2811_p2     |       xor|   0|  0|   2|           1|           2|
    |xor_ln132_25_fu_2823_p2     |       xor|   0|  0|   2|           1|           2|
    |xor_ln132_26_fu_2912_p2     |       xor|   0|  0|   2|           1|           2|
    |xor_ln132_27_fu_2924_p2     |       xor|   0|  0|   2|           1|           2|
    |xor_ln132_28_fu_3013_p2     |       xor|   0|  0|   2|           1|           2|
    |xor_ln132_29_fu_3025_p2     |       xor|   0|  0|   2|           1|           2|
    |xor_ln132_2_fu_1700_p2      |       xor|   0|  0|   2|           1|           2|
    |xor_ln132_30_fu_3114_p2     |       xor|   0|  0|   2|           1|           2|
    |xor_ln132_31_fu_3126_p2     |       xor|   0|  0|   2|           1|           2|
    |xor_ln132_32_fu_3215_p2     |       xor|   0|  0|   2|           1|           2|
    |xor_ln132_33_fu_3227_p2     |       xor|   0|  0|   2|           1|           2|
    |xor_ln132_34_fu_3316_p2     |       xor|   0|  0|   2|           1|           2|
    |xor_ln132_35_fu_3328_p2     |       xor|   0|  0|   2|           1|           2|
    |xor_ln132_36_fu_3417_p2     |       xor|   0|  0|   2|           1|           2|
    |xor_ln132_37_fu_3429_p2     |       xor|   0|  0|   2|           1|           2|
    |xor_ln132_38_fu_3518_p2     |       xor|   0|  0|   2|           1|           2|
    |xor_ln132_39_fu_3530_p2     |       xor|   0|  0|   2|           1|           2|
    |xor_ln132_3_fu_1712_p2      |       xor|   0|  0|   2|           1|           2|
    |xor_ln132_40_fu_3619_p2     |       xor|   0|  0|   2|           1|           2|
    |xor_ln132_41_fu_3631_p2     |       xor|   0|  0|   2|           1|           2|
    |xor_ln132_42_fu_3720_p2     |       xor|   0|  0|   2|           1|           2|
    |xor_ln132_43_fu_3732_p2     |       xor|   0|  0|   2|           1|           2|
    |xor_ln132_44_fu_3821_p2     |       xor|   0|  0|   2|           1|           2|
    |xor_ln132_45_fu_3833_p2     |       xor|   0|  0|   2|           1|           2|
    |xor_ln132_46_fu_3922_p2     |       xor|   0|  0|   2|           1|           2|
    |xor_ln132_47_fu_3934_p2     |       xor|   0|  0|   2|           1|           2|
    |xor_ln132_48_fu_4023_p2     |       xor|   0|  0|   2|           1|           2|
    |xor_ln132_49_fu_4035_p2     |       xor|   0|  0|   2|           1|           2|
    |xor_ln132_4_fu_1801_p2      |       xor|   0|  0|   2|           1|           2|
    |xor_ln132_50_fu_4124_p2     |       xor|   0|  0|   2|           1|           2|
    |xor_ln132_51_fu_4136_p2     |       xor|   0|  0|   2|           1|           2|
    |xor_ln132_52_fu_4225_p2     |       xor|   0|  0|   2|           1|           2|
    |xor_ln132_53_fu_4237_p2     |       xor|   0|  0|   2|           1|           2|
    |xor_ln132_54_fu_4326_p2     |       xor|   0|  0|   2|           1|           2|
    |xor_ln132_55_fu_4338_p2     |       xor|   0|  0|   2|           1|           2|
    |xor_ln132_56_fu_4427_p2     |       xor|   0|  0|   2|           1|           2|
    |xor_ln132_57_fu_4439_p2     |       xor|   0|  0|   2|           1|           2|
    |xor_ln132_58_fu_4528_p2     |       xor|   0|  0|   2|           1|           2|
    |xor_ln132_59_fu_4540_p2     |       xor|   0|  0|   2|           1|           2|
    |xor_ln132_5_fu_1813_p2      |       xor|   0|  0|   2|           1|           2|
    |xor_ln132_60_fu_4629_p2     |       xor|   0|  0|   2|           1|           2|
    |xor_ln132_61_fu_4641_p2     |       xor|   0|  0|   2|           1|           2|
    |xor_ln132_62_fu_4730_p2     |       xor|   0|  0|   2|           1|           2|
    |xor_ln132_63_fu_4742_p2     |       xor|   0|  0|   2|           1|           2|
    |xor_ln132_6_fu_1902_p2      |       xor|   0|  0|   2|           1|           2|
    |xor_ln132_7_fu_1914_p2      |       xor|   0|  0|   2|           1|           2|
    |xor_ln132_8_fu_2003_p2      |       xor|   0|  0|   2|           1|           2|
    |xor_ln132_9_fu_2015_p2      |       xor|   0|  0|   2|           1|           2|
    |xor_ln132_fu_1599_p2        |       xor|   0|  0|   2|           1|           2|
    +----------------------------+----------+----+---+----+------------+------------+
    |Total                       |          |   0|  0|3344|        1192|        1896|
    +----------------------------+----------+----+---+----+------------+------------+

    * Multiplexer: 
    +-------------------------+----+-----------+-----+-----------+
    |           Name          | LUT| Input Size| Bits| Total Bits|
    +-------------------------+----+-----------+-----+-----------+
    |ap_done_int              |   9|          2|    1|          2|
    |ap_enable_reg_pp0_iter1  |   9|          2|    1|          2|
    |ap_sig_allocacmp_j_1     |   9|          2|    7|         14|
    |j_fu_194                 |   9|          2|    7|         14|
    +-------------------------+----+-----------+-----+-----------+
    |Total                    |  36|          8|   16|         32|
    +-------------------------+----+-----------+-----+-----------+

    * Register: 
    +-----------------------------------+----+----+-----+-----------+
    |                Name               | FF | LUT| Bits| Const Bits|
    +-----------------------------------+----+----+-----+-----------+
    |ap_CS_fsm                          |   1|   0|    1|          0|
    |ap_done_reg                        |   1|   0|    1|          0|
    |ap_enable_reg_pp0_iter1            |   1|   0|    1|          0|
    |ap_enable_reg_pp0_iter10           |   1|   0|    1|          0|
    |ap_enable_reg_pp0_iter11           |   1|   0|    1|          0|
    |ap_enable_reg_pp0_iter12           |   1|   0|    1|          0|
    |ap_enable_reg_pp0_iter13           |   1|   0|    1|          0|
    |ap_enable_reg_pp0_iter14           |   1|   0|    1|          0|
    |ap_enable_reg_pp0_iter15           |   1|   0|    1|          0|
    |ap_enable_reg_pp0_iter16           |   1|   0|    1|          0|
    |ap_enable_reg_pp0_iter17           |   1|   0|    1|          0|
    |ap_enable_reg_pp0_iter18           |   1|   0|    1|          0|
    |ap_enable_reg_pp0_iter19           |   1|   0|    1|          0|
    |ap_enable_reg_pp0_iter2            |   1|   0|    1|          0|
    |ap_enable_reg_pp0_iter20           |   1|   0|    1|          0|
    |ap_enable_reg_pp0_iter21           |   1|   0|    1|          0|
    |ap_enable_reg_pp0_iter22           |   1|   0|    1|          0|
    |ap_enable_reg_pp0_iter23           |   1|   0|    1|          0|
    |ap_enable_reg_pp0_iter24           |   1|   0|    1|          0|
    |ap_enable_reg_pp0_iter25           |   1|   0|    1|          0|
    |ap_enable_reg_pp0_iter26           |   1|   0|    1|          0|
    |ap_enable_reg_pp0_iter27           |   1|   0|    1|          0|
    |ap_enable_reg_pp0_iter28           |   1|   0|    1|          0|
    |ap_enable_reg_pp0_iter29           |   1|   0|    1|          0|
    |ap_enable_reg_pp0_iter3            |   1|   0|    1|          0|
    |ap_enable_reg_pp0_iter30           |   1|   0|    1|          0|
    |ap_enable_reg_pp0_iter31           |   1|   0|    1|          0|
    |ap_enable_reg_pp0_iter32           |   1|   0|    1|          0|
    |ap_enable_reg_pp0_iter33           |   1|   0|    1|          0|
    |ap_enable_reg_pp0_iter34           |   1|   0|    1|          0|
    |ap_enable_reg_pp0_iter35           |   1|   0|    1|          0|
    |ap_enable_reg_pp0_iter36           |   1|   0|    1|          0|
    |ap_enable_reg_pp0_iter37           |   1|   0|    1|          0|
    |ap_enable_reg_pp0_iter38           |   1|   0|    1|          0|
    |ap_enable_reg_pp0_iter39           |   1|   0|    1|          0|
    |ap_enable_reg_pp0_iter4            |   1|   0|    1|          0|
    |ap_enable_reg_pp0_iter40           |   1|   0|    1|          0|
    |ap_enable_reg_pp0_iter41           |   1|   0|    1|          0|
    |ap_enable_reg_pp0_iter42           |   1|   0|    1|          0|
    |ap_enable_reg_pp0_iter5            |   1|   0|    1|          0|
    |ap_enable_reg_pp0_iter6            |   1|   0|    1|          0|
    |ap_enable_reg_pp0_iter7            |   1|   0|    1|          0|
    |ap_enable_reg_pp0_iter8            |   1|   0|    1|          0|
    |ap_enable_reg_pp0_iter9            |   1|   0|    1|          0|
    |ap_loop_exit_ready_pp0_iter10_reg  |   1|   0|    1|          0|
    |ap_loop_exit_ready_pp0_iter11_reg  |   1|   0|    1|          0|
    |ap_loop_exit_ready_pp0_iter12_reg  |   1|   0|    1|          0|
    |ap_loop_exit_ready_pp0_iter13_reg  |   1|   0|    1|          0|
    |ap_loop_exit_ready_pp0_iter14_reg  |   1|   0|    1|          0|
    |ap_loop_exit_ready_pp0_iter15_reg  |   1|   0|    1|          0|
    |ap_loop_exit_ready_pp0_iter16_reg  |   1|   0|    1|          0|
    |ap_loop_exit_ready_pp0_iter17_reg  |   1|   0|    1|          0|
    |ap_loop_exit_ready_pp0_iter18_reg  |   1|   0|    1|          0|
    |ap_loop_exit_ready_pp0_iter19_reg  |   1|   0|    1|          0|
    |ap_loop_exit_ready_pp0_iter1_reg   |   1|   0|    1|          0|
    |ap_loop_exit_ready_pp0_iter20_reg  |   1|   0|    1|          0|
    |ap_loop_exit_ready_pp0_iter21_reg  |   1|   0|    1|          0|
    |ap_loop_exit_ready_pp0_iter22_reg  |   1|   0|    1|          0|
    |ap_loop_exit_ready_pp0_iter23_reg  |   1|   0|    1|          0|
    |ap_loop_exit_ready_pp0_iter24_reg  |   1|   0|    1|          0|
    |ap_loop_exit_ready_pp0_iter25_reg  |   1|   0|    1|          0|
    |ap_loop_exit_ready_pp0_iter26_reg  |   1|   0|    1|          0|
    |ap_loop_exit_ready_pp0_iter27_reg  |   1|   0|    1|          0|
    |ap_loop_exit_ready_pp0_iter28_reg  |   1|   0|    1|          0|
    |ap_loop_exit_ready_pp0_iter29_reg  |   1|   0|    1|          0|
    |ap_loop_exit_ready_pp0_iter2_reg   |   1|   0|    1|          0|
    |ap_loop_exit_ready_pp0_iter30_reg  |   1|   0|    1|          0|
    |ap_loop_exit_ready_pp0_iter31_reg  |   1|   0|    1|          0|
    |ap_loop_exit_ready_pp0_iter32_reg  |   1|   0|    1|          0|
    |ap_loop_exit_ready_pp0_iter33_reg  |   1|   0|    1|          0|
    |ap_loop_exit_ready_pp0_iter34_reg  |   1|   0|    1|          0|
    |ap_loop_exit_ready_pp0_iter35_reg  |   1|   0|    1|          0|
    |ap_loop_exit_ready_pp0_iter36_reg  |   1|   0|    1|          0|
    |ap_loop_exit_ready_pp0_iter37_reg  |   1|   0|    1|          0|
    |ap_loop_exit_ready_pp0_iter38_reg  |   1|   0|    1|          0|
    |ap_loop_exit_ready_pp0_iter39_reg  |   1|   0|    1|          0|
    |ap_loop_exit_ready_pp0_iter3_reg   |   1|   0|    1|          0|
    |ap_loop_exit_ready_pp0_iter40_reg  |   1|   0|    1|          0|
    |ap_loop_exit_ready_pp0_iter41_reg  |   1|   0|    1|          0|
    |ap_loop_exit_ready_pp0_iter4_reg   |   1|   0|    1|          0|
    |ap_loop_exit_ready_pp0_iter5_reg   |   1|   0|    1|          0|
    |ap_loop_exit_ready_pp0_iter6_reg   |   1|   0|    1|          0|
    |ap_loop_exit_ready_pp0_iter7_reg   |   1|   0|    1|          0|
    |ap_loop_exit_ready_pp0_iter8_reg   |   1|   0|    1|          0|
    |ap_loop_exit_ready_pp0_iter9_reg   |   1|   0|    1|          0|
    |conv_i349_3_cast_reg_4790          |  38|   0|   38|          0|
    |j_fu_194                           |   7|   0|    7|          0|
    |zext_ln132_reg_4830                |   7|   0|   64|         57|
    |zext_ln132_reg_4830                |  64|  32|   64|         57|
    +-----------------------------------+----+----+-----+-----------+
    |Total                              | 201|  32|  258|        114|
    +-----------------------------------+----+----+-----+-----------+



================================================================
== Interface
================================================================
* Summary: 
+------------------+-----+-----+------------+---------------------------------------+--------------+
|     RTL Ports    | Dir | Bits|  Protocol  |             Source Object             |    C Type    |
+------------------+-----+-----+------------+---------------------------------------+--------------+
|ap_clk            |   in|    1|  ap_ctrl_hs|  top_kernel_Pipeline_VITIS_LOOP_129_66|  return value|
|ap_rst            |   in|    1|  ap_ctrl_hs|  top_kernel_Pipeline_VITIS_LOOP_129_66|  return value|
|ap_start          |   in|    1|  ap_ctrl_hs|  top_kernel_Pipeline_VITIS_LOOP_129_66|  return value|
|ap_done           |  out|    1|  ap_ctrl_hs|  top_kernel_Pipeline_VITIS_LOOP_129_66|  return value|
|ap_idle           |  out|    1|  ap_ctrl_hs|  top_kernel_Pipeline_VITIS_LOOP_129_66|  return value|
|ap_ready          |  out|    1|  ap_ctrl_hs|  top_kernel_Pipeline_VITIS_LOOP_129_66|  return value|
|i_1               |   in|    8|     ap_none|                                    i_1|        scalar|
|A_97_address0     |  out|    7|   ap_memory|                                   A_97|         array|
|A_97_ce0          |  out|    1|   ap_memory|                                   A_97|         array|
|A_97_q0           |   in|   24|   ap_memory|                                   A_97|         array|
|A_98_address0     |  out|    7|   ap_memory|                                   A_98|         array|
|A_98_ce0          |  out|    1|   ap_memory|                                   A_98|         array|
|A_98_q0           |   in|   24|   ap_memory|                                   A_98|         array|
|A_99_address0     |  out|    7|   ap_memory|                                   A_99|         array|
|A_99_ce0          |  out|    1|   ap_memory|                                   A_99|         array|
|A_99_q0           |   in|   24|   ap_memory|                                   A_99|         array|
|A_100_address0    |  out|    7|   ap_memory|                                  A_100|         array|
|A_100_ce0         |  out|    1|   ap_memory|                                  A_100|         array|
|A_100_q0          |   in|   24|   ap_memory|                                  A_100|         array|
|A_101_address0    |  out|    7|   ap_memory|                                  A_101|         array|
|A_101_ce0         |  out|    1|   ap_memory|                                  A_101|         array|
|A_101_q0          |   in|   24|   ap_memory|                                  A_101|         array|
|A_102_address0    |  out|    7|   ap_memory|                                  A_102|         array|
|A_102_ce0         |  out|    1|   ap_memory|                                  A_102|         array|
|A_102_q0          |   in|   24|   ap_memory|                                  A_102|         array|
|A_103_address0    |  out|    7|   ap_memory|                                  A_103|         array|
|A_103_ce0         |  out|    1|   ap_memory|                                  A_103|         array|
|A_103_q0          |   in|   24|   ap_memory|                                  A_103|         array|
|A_104_address0    |  out|    7|   ap_memory|                                  A_104|         array|
|A_104_ce0         |  out|    1|   ap_memory|                                  A_104|         array|
|A_104_q0          |   in|   24|   ap_memory|                                  A_104|         array|
|A_105_address0    |  out|    7|   ap_memory|                                  A_105|         array|
|A_105_ce0         |  out|    1|   ap_memory|                                  A_105|         array|
|A_105_q0          |   in|   24|   ap_memory|                                  A_105|         array|
|A_106_address0    |  out|    7|   ap_memory|                                  A_106|         array|
|A_106_ce0         |  out|    1|   ap_memory|                                  A_106|         array|
|A_106_q0          |   in|   24|   ap_memory|                                  A_106|         array|
|A_107_address0    |  out|    7|   ap_memory|                                  A_107|         array|
|A_107_ce0         |  out|    1|   ap_memory|                                  A_107|         array|
|A_107_q0          |   in|   24|   ap_memory|                                  A_107|         array|
|A_108_address0    |  out|    7|   ap_memory|                                  A_108|         array|
|A_108_ce0         |  out|    1|   ap_memory|                                  A_108|         array|
|A_108_q0          |   in|   24|   ap_memory|                                  A_108|         array|
|A_109_address0    |  out|    7|   ap_memory|                                  A_109|         array|
|A_109_ce0         |  out|    1|   ap_memory|                                  A_109|         array|
|A_109_q0          |   in|   24|   ap_memory|                                  A_109|         array|
|A_110_address0    |  out|    7|   ap_memory|                                  A_110|         array|
|A_110_ce0         |  out|    1|   ap_memory|                                  A_110|         array|
|A_110_q0          |   in|   24|   ap_memory|                                  A_110|         array|
|A_111_address0    |  out|    7|   ap_memory|                                  A_111|         array|
|A_111_ce0         |  out|    1|   ap_memory|                                  A_111|         array|
|A_111_q0          |   in|   24|   ap_memory|                                  A_111|         array|
|A_112_address0    |  out|    7|   ap_memory|                                  A_112|         array|
|A_112_ce0         |  out|    1|   ap_memory|                                  A_112|         array|
|A_112_q0          |   in|   24|   ap_memory|                                  A_112|         array|
|A_113_address0    |  out|    7|   ap_memory|                                  A_113|         array|
|A_113_ce0         |  out|    1|   ap_memory|                                  A_113|         array|
|A_113_q0          |   in|   24|   ap_memory|                                  A_113|         array|
|A_114_address0    |  out|    7|   ap_memory|                                  A_114|         array|
|A_114_ce0         |  out|    1|   ap_memory|                                  A_114|         array|
|A_114_q0          |   in|   24|   ap_memory|                                  A_114|         array|
|A_115_address0    |  out|    7|   ap_memory|                                  A_115|         array|
|A_115_ce0         |  out|    1|   ap_memory|                                  A_115|         array|
|A_115_q0          |   in|   24|   ap_memory|                                  A_115|         array|
|A_116_address0    |  out|    7|   ap_memory|                                  A_116|         array|
|A_116_ce0         |  out|    1|   ap_memory|                                  A_116|         array|
|A_116_q0          |   in|   24|   ap_memory|                                  A_116|         array|
|A_117_address0    |  out|    7|   ap_memory|                                  A_117|         array|
|A_117_ce0         |  out|    1|   ap_memory|                                  A_117|         array|
|A_117_q0          |   in|   24|   ap_memory|                                  A_117|         array|
|A_118_address0    |  out|    7|   ap_memory|                                  A_118|         array|
|A_118_ce0         |  out|    1|   ap_memory|                                  A_118|         array|
|A_118_q0          |   in|   24|   ap_memory|                                  A_118|         array|
|A_119_address0    |  out|    7|   ap_memory|                                  A_119|         array|
|A_119_ce0         |  out|    1|   ap_memory|                                  A_119|         array|
|A_119_q0          |   in|   24|   ap_memory|                                  A_119|         array|
|A_120_address0    |  out|    7|   ap_memory|                                  A_120|         array|
|A_120_ce0         |  out|    1|   ap_memory|                                  A_120|         array|
|A_120_q0          |   in|   24|   ap_memory|                                  A_120|         array|
|A_121_address0    |  out|    7|   ap_memory|                                  A_121|         array|
|A_121_ce0         |  out|    1|   ap_memory|                                  A_121|         array|
|A_121_q0          |   in|   24|   ap_memory|                                  A_121|         array|
|A_122_address0    |  out|    7|   ap_memory|                                  A_122|         array|
|A_122_ce0         |  out|    1|   ap_memory|                                  A_122|         array|
|A_122_q0          |   in|   24|   ap_memory|                                  A_122|         array|
|A_123_address0    |  out|    7|   ap_memory|                                  A_123|         array|
|A_123_ce0         |  out|    1|   ap_memory|                                  A_123|         array|
|A_123_q0          |   in|   24|   ap_memory|                                  A_123|         array|
|A_124_address0    |  out|    7|   ap_memory|                                  A_124|         array|
|A_124_ce0         |  out|    1|   ap_memory|                                  A_124|         array|
|A_124_q0          |   in|   24|   ap_memory|                                  A_124|         array|
|A_125_address0    |  out|    7|   ap_memory|                                  A_125|         array|
|A_125_ce0         |  out|    1|   ap_memory|                                  A_125|         array|
|A_125_q0          |   in|   24|   ap_memory|                                  A_125|         array|
|A_126_address0    |  out|    7|   ap_memory|                                  A_126|         array|
|A_126_ce0         |  out|    1|   ap_memory|                                  A_126|         array|
|A_126_q0          |   in|   24|   ap_memory|                                  A_126|         array|
|A_127_address0    |  out|    7|   ap_memory|                                  A_127|         array|
|A_127_ce0         |  out|    1|   ap_memory|                                  A_127|         array|
|A_127_q0          |   in|   24|   ap_memory|                                  A_127|         array|
|A_128_address0    |  out|    7|   ap_memory|                                  A_128|         array|
|A_128_ce0         |  out|    1|   ap_memory|                                  A_128|         array|
|A_128_q0          |   in|   24|   ap_memory|                                  A_128|         array|
|tmp_96_address0   |  out|    7|   ap_memory|                                 tmp_96|         array|
|tmp_96_ce0        |  out|    1|   ap_memory|                                 tmp_96|         array|
|tmp_96_we0        |  out|    1|   ap_memory|                                 tmp_96|         array|
|tmp_96_d0         |  out|   24|   ap_memory|                                 tmp_96|         array|
|tmp_97_address0   |  out|    7|   ap_memory|                                 tmp_97|         array|
|tmp_97_ce0        |  out|    1|   ap_memory|                                 tmp_97|         array|
|tmp_97_we0        |  out|    1|   ap_memory|                                 tmp_97|         array|
|tmp_97_d0         |  out|   24|   ap_memory|                                 tmp_97|         array|
|tmp_98_address0   |  out|    7|   ap_memory|                                 tmp_98|         array|
|tmp_98_ce0        |  out|    1|   ap_memory|                                 tmp_98|         array|
|tmp_98_we0        |  out|    1|   ap_memory|                                 tmp_98|         array|
|tmp_98_d0         |  out|   24|   ap_memory|                                 tmp_98|         array|
|tmp_99_address0   |  out|    7|   ap_memory|                                 tmp_99|         array|
|tmp_99_ce0        |  out|    1|   ap_memory|                                 tmp_99|         array|
|tmp_99_we0        |  out|    1|   ap_memory|                                 tmp_99|         array|
|tmp_99_d0         |  out|   24|   ap_memory|                                 tmp_99|         array|
|tmp_100_address0  |  out|    7|   ap_memory|                                tmp_100|         array|
|tmp_100_ce0       |  out|    1|   ap_memory|                                tmp_100|         array|
|tmp_100_we0       |  out|    1|   ap_memory|                                tmp_100|         array|
|tmp_100_d0        |  out|   24|   ap_memory|                                tmp_100|         array|
|tmp_101_address0  |  out|    7|   ap_memory|                                tmp_101|         array|
|tmp_101_ce0       |  out|    1|   ap_memory|                                tmp_101|         array|
|tmp_101_we0       |  out|    1|   ap_memory|                                tmp_101|         array|
|tmp_101_d0        |  out|   24|   ap_memory|                                tmp_101|         array|
|tmp_102_address0  |  out|    7|   ap_memory|                                tmp_102|         array|
|tmp_102_ce0       |  out|    1|   ap_memory|                                tmp_102|         array|
|tmp_102_we0       |  out|    1|   ap_memory|                                tmp_102|         array|
|tmp_102_d0        |  out|   24|   ap_memory|                                tmp_102|         array|
|tmp_103_address0  |  out|    7|   ap_memory|                                tmp_103|         array|
|tmp_103_ce0       |  out|    1|   ap_memory|                                tmp_103|         array|
|tmp_103_we0       |  out|    1|   ap_memory|                                tmp_103|         array|
|tmp_103_d0        |  out|   24|   ap_memory|                                tmp_103|         array|
|tmp_104_address0  |  out|    7|   ap_memory|                                tmp_104|         array|
|tmp_104_ce0       |  out|    1|   ap_memory|                                tmp_104|         array|
|tmp_104_we0       |  out|    1|   ap_memory|                                tmp_104|         array|
|tmp_104_d0        |  out|   24|   ap_memory|                                tmp_104|         array|
|tmp_105_address0  |  out|    7|   ap_memory|                                tmp_105|         array|
|tmp_105_ce0       |  out|    1|   ap_memory|                                tmp_105|         array|
|tmp_105_we0       |  out|    1|   ap_memory|                                tmp_105|         array|
|tmp_105_d0        |  out|   24|   ap_memory|                                tmp_105|         array|
|tmp_106_address0  |  out|    7|   ap_memory|                                tmp_106|         array|
|tmp_106_ce0       |  out|    1|   ap_memory|                                tmp_106|         array|
|tmp_106_we0       |  out|    1|   ap_memory|                                tmp_106|         array|
|tmp_106_d0        |  out|   24|   ap_memory|                                tmp_106|         array|
|tmp_107_address0  |  out|    7|   ap_memory|                                tmp_107|         array|
|tmp_107_ce0       |  out|    1|   ap_memory|                                tmp_107|         array|
|tmp_107_we0       |  out|    1|   ap_memory|                                tmp_107|         array|
|tmp_107_d0        |  out|   24|   ap_memory|                                tmp_107|         array|
|tmp_108_address0  |  out|    7|   ap_memory|                                tmp_108|         array|
|tmp_108_ce0       |  out|    1|   ap_memory|                                tmp_108|         array|
|tmp_108_we0       |  out|    1|   ap_memory|                                tmp_108|         array|
|tmp_108_d0        |  out|   24|   ap_memory|                                tmp_108|         array|
|tmp_109_address0  |  out|    7|   ap_memory|                                tmp_109|         array|
|tmp_109_ce0       |  out|    1|   ap_memory|                                tmp_109|         array|
|tmp_109_we0       |  out|    1|   ap_memory|                                tmp_109|         array|
|tmp_109_d0        |  out|   24|   ap_memory|                                tmp_109|         array|
|tmp_110_address0  |  out|    7|   ap_memory|                                tmp_110|         array|
|tmp_110_ce0       |  out|    1|   ap_memory|                                tmp_110|         array|
|tmp_110_we0       |  out|    1|   ap_memory|                                tmp_110|         array|
|tmp_110_d0        |  out|   24|   ap_memory|                                tmp_110|         array|
|tmp_111_address0  |  out|    7|   ap_memory|                                tmp_111|         array|
|tmp_111_ce0       |  out|    1|   ap_memory|                                tmp_111|         array|
|tmp_111_we0       |  out|    1|   ap_memory|                                tmp_111|         array|
|tmp_111_d0        |  out|   24|   ap_memory|                                tmp_111|         array|
|tmp_112_address0  |  out|    7|   ap_memory|                                tmp_112|         array|
|tmp_112_ce0       |  out|    1|   ap_memory|                                tmp_112|         array|
|tmp_112_we0       |  out|    1|   ap_memory|                                tmp_112|         array|
|tmp_112_d0        |  out|   24|   ap_memory|                                tmp_112|         array|
|tmp_113_address0  |  out|    7|   ap_memory|                                tmp_113|         array|
|tmp_113_ce0       |  out|    1|   ap_memory|                                tmp_113|         array|
|tmp_113_we0       |  out|    1|   ap_memory|                                tmp_113|         array|
|tmp_113_d0        |  out|   24|   ap_memory|                                tmp_113|         array|
|tmp_114_address0  |  out|    7|   ap_memory|                                tmp_114|         array|
|tmp_114_ce0       |  out|    1|   ap_memory|                                tmp_114|         array|
|tmp_114_we0       |  out|    1|   ap_memory|                                tmp_114|         array|
|tmp_114_d0        |  out|   24|   ap_memory|                                tmp_114|         array|
|tmp_115_address0  |  out|    7|   ap_memory|                                tmp_115|         array|
|tmp_115_ce0       |  out|    1|   ap_memory|                                tmp_115|         array|
|tmp_115_we0       |  out|    1|   ap_memory|                                tmp_115|         array|
|tmp_115_d0        |  out|   24|   ap_memory|                                tmp_115|         array|
|tmp_116_address0  |  out|    7|   ap_memory|                                tmp_116|         array|
|tmp_116_ce0       |  out|    1|   ap_memory|                                tmp_116|         array|
|tmp_116_we0       |  out|    1|   ap_memory|                                tmp_116|         array|
|tmp_116_d0        |  out|   24|   ap_memory|                                tmp_116|         array|
|tmp_117_address0  |  out|    7|   ap_memory|                                tmp_117|         array|
|tmp_117_ce0       |  out|    1|   ap_memory|                                tmp_117|         array|
|tmp_117_we0       |  out|    1|   ap_memory|                                tmp_117|         array|
|tmp_117_d0        |  out|   24|   ap_memory|                                tmp_117|         array|
|tmp_118_address0  |  out|    7|   ap_memory|                                tmp_118|         array|
|tmp_118_ce0       |  out|    1|   ap_memory|                                tmp_118|         array|
|tmp_118_we0       |  out|    1|   ap_memory|                                tmp_118|         array|
|tmp_118_d0        |  out|   24|   ap_memory|                                tmp_118|         array|
|tmp_119_address0  |  out|    7|   ap_memory|                                tmp_119|         array|
|tmp_119_ce0       |  out|    1|   ap_memory|                                tmp_119|         array|
|tmp_119_we0       |  out|    1|   ap_memory|                                tmp_119|         array|
|tmp_119_d0        |  out|   24|   ap_memory|                                tmp_119|         array|
|tmp_120_address0  |  out|    7|   ap_memory|                                tmp_120|         array|
|tmp_120_ce0       |  out|    1|   ap_memory|                                tmp_120|         array|
|tmp_120_we0       |  out|    1|   ap_memory|                                tmp_120|         array|
|tmp_120_d0        |  out|   24|   ap_memory|                                tmp_120|         array|
|tmp_121_address0  |  out|    7|   ap_memory|                                tmp_121|         array|
|tmp_121_ce0       |  out|    1|   ap_memory|                                tmp_121|         array|
|tmp_121_we0       |  out|    1|   ap_memory|                                tmp_121|         array|
|tmp_121_d0        |  out|   24|   ap_memory|                                tmp_121|         array|
|tmp_122_address0  |  out|    7|   ap_memory|                                tmp_122|         array|
|tmp_122_ce0       |  out|    1|   ap_memory|                                tmp_122|         array|
|tmp_122_we0       |  out|    1|   ap_memory|                                tmp_122|         array|
|tmp_122_d0        |  out|   24|   ap_memory|                                tmp_122|         array|
|tmp_123_address0  |  out|    7|   ap_memory|                                tmp_123|         array|
|tmp_123_ce0       |  out|    1|   ap_memory|                                tmp_123|         array|
|tmp_123_we0       |  out|    1|   ap_memory|                                tmp_123|         array|
|tmp_123_d0        |  out|   24|   ap_memory|                                tmp_123|         array|
|tmp_124_address0  |  out|    7|   ap_memory|                                tmp_124|         array|
|tmp_124_ce0       |  out|    1|   ap_memory|                                tmp_124|         array|
|tmp_124_we0       |  out|    1|   ap_memory|                                tmp_124|         array|
|tmp_124_d0        |  out|   24|   ap_memory|                                tmp_124|         array|
|tmp_125_address0  |  out|    7|   ap_memory|                                tmp_125|         array|
|tmp_125_ce0       |  out|    1|   ap_memory|                                tmp_125|         array|
|tmp_125_we0       |  out|    1|   ap_memory|                                tmp_125|         array|
|tmp_125_d0        |  out|   24|   ap_memory|                                tmp_125|         array|
|tmp_126_address0  |  out|    7|   ap_memory|                                tmp_126|         array|
|tmp_126_ce0       |  out|    1|   ap_memory|                                tmp_126|         array|
|tmp_126_we0       |  out|    1|   ap_memory|                                tmp_126|         array|
|tmp_126_d0        |  out|   24|   ap_memory|                                tmp_126|         array|
|tmp_127_address0  |  out|    7|   ap_memory|                                tmp_127|         array|
|tmp_127_ce0       |  out|    1|   ap_memory|                                tmp_127|         array|
|tmp_127_we0       |  out|    1|   ap_memory|                                tmp_127|         array|
|tmp_127_d0        |  out|   24|   ap_memory|                                tmp_127|         array|
|conv_i349_3       |   in|   24|     ap_none|                            conv_i349_3|        scalar|
+------------------+-----+-----+------------+---------------------------------------+--------------+

