

================================================================
== Vitis HLS Report for 'top_kernel_Pipeline_VITIS_LOOP_121_53'
================================================================
* Date:           Thu Feb  5 21:53:28 2026

* Version:        2025.1.1 (Build 6214317 on Sep 11 2025)
* Project:        project_1
* Solution:       hls (Vivado IP Flow Target)
* Product family: zynquplus
* Target device:  xczu3eg-sbva484-1-e


================================================================
== Performance Estimates
================================================================
+ Timing: 
    * Summary: 
    +--------+----------+-----------+------------+
    |  Clock |  Target  | Estimated | Uncertainty|
    +--------+----------+-----------+------------+
    |ap_clk  |  10.00 ns|  49.913 ns|     2.70 ns|
    +--------+----------+-----------+------------+

+ Latency: 
    * Summary: 
    +---------+---------+----------+----------+-----+-----+------------------------------------------------+
    |  Latency (cycles) |  Latency (absolute) |  Interval |                    Pipeline                    |
    |   min   |   max   |    min   |    max   | min | max |                      Type                      |
    +---------+---------+----------+----------+-----+-----+------------------------------------------------+
    |        5|        5|  0.250 us|  0.250 us|    3|    3|  loop auto-rewind stp (delay=0 clock cycles(s))|
    +---------+---------+----------+----------+-----+-----+------------------------------------------------+

    + Detail: 
        * Instance: 
        N/A

        * Loop: 
        +--------------------+---------+---------+----------+-----------+-----------+------+----------+
        |                    |  Latency (cycles) | Iteration|  Initiation Interval  | Trip |          |
        |      Loop Name     |   min   |   max   |  Latency |  achieved |   target  | Count| Pipelined|
        +--------------------+---------+---------+----------+-----------+-----------+------+----------+
        |- VITIS_LOOP_121_5  |        3|        3|         3|          1|          1|     2|       yes|
        +--------------------+---------+---------+----------+-----------+-----------+------+----------+



================================================================
== Utilization Estimates
================================================================
* Summary: 
+-----------------+---------+-----+--------+-------+-----+
|       Name      | BRAM_18K| DSP |   FF   |  LUT  | URAM|
+-----------------+---------+-----+--------+-------+-----+
|DSP              |        -|    -|       -|      -|    -|
|Expression       |        -|    -|       0|   3760|    -|
|FIFO             |        -|    -|       -|      -|    -|
|Instance         |        -|    -|       -|      -|    -|
|Memory           |        -|    -|       -|      -|    -|
|Multiplexer      |        -|    -|       0|     45|    -|
|Register         |        -|    -|      68|      -|    -|
+-----------------+---------+-----+--------+-------+-----+
|Total            |        0|    0|      68|   3805|    0|
+-----------------+---------+-----+--------+-------+-----+
|Available        |      432|  360|  141120|  70560|    0|
+-----------------+---------+-----+--------+-------+-----+
|Utilization (%)  |        0|    0|      ~0|      5|    0|
+-----------------+---------+-----+--------+-------+-----+

+ Detail: 
    * Instance: 
    N/A

    * DSP: 
    N/A

    * Memory: 
    N/A

    * FIFO: 
    N/A

    * Expression: 
    +-----------------------------+----------+----+---+----+------------+------------+
    |        Variable Name        | Operation| DSP| FF| LUT| Bitwidth P0| Bitwidth P1|
    +-----------------------------+----------+----+---+----+------------+------------+
    |add_ln121_fu_613_p2          |         +|   0|  0|  14|           7|           6|
    |add_ln124_100_fu_1899_p2     |         +|   0|  0|  32|          25|          25|
    |add_ln124_101_fu_1963_p2     |         +|   0|  0|  31|          24|          24|
    |add_ln124_102_fu_1969_p2     |         +|   0|  0|  32|          25|          25|
    |add_ln124_103_fu_2033_p2     |         +|   0|  0|  31|          24|          24|
    |add_ln124_104_fu_2039_p2     |         +|   0|  0|  32|          25|          25|
    |add_ln124_105_fu_2103_p2     |         +|   0|  0|  31|          24|          24|
    |add_ln124_106_fu_2109_p2     |         +|   0|  0|  32|          25|          25|
    |add_ln124_107_fu_2173_p2     |         +|   0|  0|  31|          24|          24|
    |add_ln124_108_fu_2179_p2     |         +|   0|  0|  32|          25|          25|
    |add_ln124_109_fu_2243_p2     |         +|   0|  0|  31|          24|          24|
    |add_ln124_110_fu_2249_p2     |         +|   0|  0|  32|          25|          25|
    |add_ln124_111_fu_2313_p2     |         +|   0|  0|  31|          24|          24|
    |add_ln124_112_fu_2319_p2     |         +|   0|  0|  32|          25|          25|
    |add_ln124_113_fu_2383_p2     |         +|   0|  0|  31|          24|          24|
    |add_ln124_114_fu_2389_p2     |         +|   0|  0|  32|          25|          25|
    |add_ln124_115_fu_2453_p2     |         +|   0|  0|  31|          24|          24|
    |add_ln124_116_fu_2459_p2     |         +|   0|  0|  32|          25|          25|
    |add_ln124_117_fu_2523_p2     |         +|   0|  0|  31|          24|          24|
    |add_ln124_118_fu_2529_p2     |         +|   0|  0|  32|          25|          25|
    |add_ln124_119_fu_2593_p2     |         +|   0|  0|  31|          24|          24|
    |add_ln124_120_fu_2599_p2     |         +|   0|  0|  32|          25|          25|
    |add_ln124_121_fu_2663_p2     |         +|   0|  0|  31|          24|          24|
    |add_ln124_122_fu_2669_p2     |         +|   0|  0|  32|          25|          25|
    |add_ln124_123_fu_2733_p2     |         +|   0|  0|  31|          24|          24|
    |add_ln124_124_fu_2739_p2     |         +|   0|  0|  32|          25|          25|
    |add_ln124_125_fu_2803_p2     |         +|   0|  0|  31|          24|          24|
    |add_ln124_126_fu_2809_p2     |         +|   0|  0|  32|          25|          25|
    |add_ln124_64_fu_639_p2       |         +|   0|  0|  32|          25|          25|
    |add_ln124_65_fu_703_p2       |         +|   0|  0|  31|          24|          24|
    |add_ln124_66_fu_709_p2       |         +|   0|  0|  32|          25|          25|
    |add_ln124_67_fu_773_p2       |         +|   0|  0|  31|          24|          24|
    |add_ln124_68_fu_779_p2       |         +|   0|  0|  32|          25|          25|
    |add_ln124_69_fu_843_p2       |         +|   0|  0|  31|          24|          24|
    |add_ln124_70_fu_849_p2       |         +|   0|  0|  32|          25|          25|
    |add_ln124_71_fu_913_p2       |         +|   0|  0|  31|          24|          24|
    |add_ln124_72_fu_919_p2       |         +|   0|  0|  32|          25|          25|
    |add_ln124_73_fu_983_p2       |         +|   0|  0|  31|          24|          24|
    |add_ln124_74_fu_989_p2       |         +|   0|  0|  32|          25|          25|
    |add_ln124_75_fu_1053_p2      |         +|   0|  0|  31|          24|          24|
    |add_ln124_76_fu_1059_p2      |         +|   0|  0|  32|          25|          25|
    |add_ln124_77_fu_1123_p2      |         +|   0|  0|  31|          24|          24|
    |add_ln124_78_fu_1129_p2      |         +|   0|  0|  32|          25|          25|
    |add_ln124_79_fu_1193_p2      |         +|   0|  0|  31|          24|          24|
    |add_ln124_80_fu_1199_p2      |         +|   0|  0|  32|          25|          25|
    |add_ln124_81_fu_1263_p2      |         +|   0|  0|  31|          24|          24|
    |add_ln124_82_fu_1269_p2      |         +|   0|  0|  32|          25|          25|
    |add_ln124_83_fu_1333_p2      |         +|   0|  0|  31|          24|          24|
    |add_ln124_84_fu_1339_p2      |         +|   0|  0|  32|          25|          25|
    |add_ln124_85_fu_1403_p2      |         +|   0|  0|  31|          24|          24|
    |add_ln124_86_fu_1409_p2      |         +|   0|  0|  32|          25|          25|
    |add_ln124_87_fu_1473_p2      |         +|   0|  0|  31|          24|          24|
    |add_ln124_88_fu_1479_p2      |         +|   0|  0|  32|          25|          25|
    |add_ln124_89_fu_1543_p2      |         +|   0|  0|  31|          24|          24|
    |add_ln124_90_fu_1549_p2      |         +|   0|  0|  32|          25|          25|
    |add_ln124_91_fu_1613_p2      |         +|   0|  0|  31|          24|          24|
    |add_ln124_92_fu_1619_p2      |         +|   0|  0|  32|          25|          25|
    |add_ln124_93_fu_1683_p2      |         +|   0|  0|  31|          24|          24|
    |add_ln124_94_fu_1689_p2      |         +|   0|  0|  32|          25|          25|
    |add_ln124_95_fu_1753_p2      |         +|   0|  0|  31|          24|          24|
    |add_ln124_96_fu_1759_p2      |         +|   0|  0|  32|          25|          25|
    |add_ln124_97_fu_1823_p2      |         +|   0|  0|  31|          24|          24|
    |add_ln124_98_fu_1829_p2      |         +|   0|  0|  32|          25|          25|
    |add_ln124_99_fu_1893_p2      |         +|   0|  0|  31|          24|          24|
    |add_ln124_fu_634_p2          |         +|   0|  0|  31|          24|          24|
    |and_ln124_32_fu_737_p2       |       and|   0|  0|   2|           1|           1|
    |and_ln124_33_fu_807_p2       |       and|   0|  0|   2|           1|           1|
    |and_ln124_34_fu_877_p2       |       and|   0|  0|   2|           1|           1|
    |and_ln124_35_fu_947_p2       |       and|   0|  0|   2|           1|           1|
    |and_ln124_36_fu_1017_p2      |       and|   0|  0|   2|           1|           1|
    |and_ln124_37_fu_1087_p2      |       and|   0|  0|   2|           1|           1|
    |and_ln124_38_fu_1157_p2      |       and|   0|  0|   2|           1|           1|
    |and_ln124_39_fu_1227_p2      |       and|   0|  0|   2|           1|           1|
    |and_ln124_40_fu_1297_p2      |       and|   0|  0|   2|           1|           1|
    |and_ln124_41_fu_1367_p2      |       and|   0|  0|   2|           1|           1|
    |and_ln124_42_fu_1437_p2      |       and|   0|  0|   2|           1|           1|
    |and_ln124_43_fu_1507_p2      |       and|   0|  0|   2|           1|           1|
    |and_ln124_44_fu_1577_p2      |       and|   0|  0|   2|           1|           1|
    |and_ln124_45_fu_1647_p2      |       and|   0|  0|   2|           1|           1|
    |and_ln124_46_fu_1717_p2      |       and|   0|  0|   2|           1|           1|
    |and_ln124_47_fu_1787_p2      |       and|   0|  0|   2|           1|           1|
    |and_ln124_48_fu_1857_p2      |       and|   0|  0|   2|           1|           1|
    |and_ln124_49_fu_1927_p2      |       and|   0|  0|   2|           1|           1|
    |and_ln124_50_fu_1997_p2      |       and|   0|  0|   2|           1|           1|
    |and_ln124_51_fu_2067_p2      |       and|   0|  0|   2|           1|           1|
    |and_ln124_52_fu_2137_p2      |       and|   0|  0|   2|           1|           1|
    |and_ln124_53_fu_2207_p2      |       and|   0|  0|   2|           1|           1|
    |and_ln124_54_fu_2277_p2      |       and|   0|  0|   2|           1|           1|
    |and_ln124_55_fu_2347_p2      |       and|   0|  0|   2|           1|           1|
    |and_ln124_56_fu_2417_p2      |       and|   0|  0|   2|           1|           1|
    |and_ln124_57_fu_2487_p2      |       and|   0|  0|   2|           1|           1|
    |and_ln124_58_fu_2557_p2      |       and|   0|  0|   2|           1|           1|
    |and_ln124_59_fu_2627_p2      |       and|   0|  0|   2|           1|           1|
    |and_ln124_60_fu_2697_p2      |       and|   0|  0|   2|           1|           1|
    |and_ln124_61_fu_2767_p2      |       and|   0|  0|   2|           1|           1|
    |and_ln124_62_fu_2837_p2      |       and|   0|  0|   2|           1|           1|
    |and_ln124_fu_667_p2          |       and|   0|  0|   2|           1|           1|
    |select_ln124_100_fu_1947_p3  |    select|   0|  0|  24|           1|          24|
    |select_ln124_101_fu_2009_p3  |    select|   0|  0|  24|           1|          23|
    |select_ln124_102_fu_2017_p3  |    select|   0|  0|  24|           1|          24|
    |select_ln124_103_fu_2079_p3  |    select|   0|  0|  24|           1|          23|
    |select_ln124_104_fu_2087_p3  |    select|   0|  0|  24|           1|          24|
    |select_ln124_105_fu_2149_p3  |    select|   0|  0|  24|           1|          23|
    |select_ln124_106_fu_2157_p3  |    select|   0|  0|  24|           1|          24|
    |select_ln124_107_fu_2219_p3  |    select|   0|  0|  24|           1|          23|
    |select_ln124_108_fu_2227_p3  |    select|   0|  0|  24|           1|          24|
    |select_ln124_109_fu_2289_p3  |    select|   0|  0|  24|           1|          23|
    |select_ln124_110_fu_2297_p3  |    select|   0|  0|  24|           1|          24|
    |select_ln124_111_fu_2359_p3  |    select|   0|  0|  24|           1|          23|
    |select_ln124_112_fu_2367_p3  |    select|   0|  0|  24|           1|          24|
    |select_ln124_113_fu_2429_p3  |    select|   0|  0|  24|           1|          23|
    |select_ln124_114_fu_2437_p3  |    select|   0|  0|  24|           1|          24|
    |select_ln124_115_fu_2499_p3  |    select|   0|  0|  24|           1|          23|
    |select_ln124_116_fu_2507_p3  |    select|   0|  0|  24|           1|          24|
    |select_ln124_117_fu_2569_p3  |    select|   0|  0|  24|           1|          23|
    |select_ln124_118_fu_2577_p3  |    select|   0|  0|  24|           1|          24|
    |select_ln124_119_fu_2639_p3  |    select|   0|  0|  24|           1|          23|
    |select_ln124_120_fu_2647_p3  |    select|   0|  0|  24|           1|          24|
    |select_ln124_121_fu_2709_p3  |    select|   0|  0|  24|           1|          23|
    |select_ln124_122_fu_2717_p3  |    select|   0|  0|  24|           1|          24|
    |select_ln124_123_fu_2779_p3  |    select|   0|  0|  24|           1|          23|
    |select_ln124_124_fu_2787_p3  |    select|   0|  0|  24|           1|          24|
    |select_ln124_125_fu_2849_p3  |    select|   0|  0|  24|           1|          23|
    |select_ln124_126_fu_2857_p3  |    select|   0|  0|  24|           1|          24|
    |select_ln124_64_fu_687_p3    |    select|   0|  0|  24|           1|          24|
    |select_ln124_65_fu_749_p3    |    select|   0|  0|  24|           1|          23|
    |select_ln124_66_fu_757_p3    |    select|   0|  0|  24|           1|          24|
    |select_ln124_67_fu_819_p3    |    select|   0|  0|  24|           1|          23|
    |select_ln124_68_fu_827_p3    |    select|   0|  0|  24|           1|          24|
    |select_ln124_69_fu_889_p3    |    select|   0|  0|  24|           1|          23|
    |select_ln124_70_fu_897_p3    |    select|   0|  0|  24|           1|          24|
    |select_ln124_71_fu_959_p3    |    select|   0|  0|  24|           1|          23|
    |select_ln124_72_fu_967_p3    |    select|   0|  0|  24|           1|          24|
    |select_ln124_73_fu_1029_p3   |    select|   0|  0|  24|           1|          23|
    |select_ln124_74_fu_1037_p3   |    select|   0|  0|  24|           1|          24|
    |select_ln124_75_fu_1099_p3   |    select|   0|  0|  24|           1|          23|
    |select_ln124_76_fu_1107_p3   |    select|   0|  0|  24|           1|          24|
    |select_ln124_77_fu_1169_p3   |    select|   0|  0|  24|           1|          23|
    |select_ln124_78_fu_1177_p3   |    select|   0|  0|  24|           1|          24|
    |select_ln124_79_fu_1239_p3   |    select|   0|  0|  24|           1|          23|
    |select_ln124_80_fu_1247_p3   |    select|   0|  0|  24|           1|          24|
    |select_ln124_81_fu_1309_p3   |    select|   0|  0|  24|           1|          23|
    |select_ln124_82_fu_1317_p3   |    select|   0|  0|  24|           1|          24|
    |select_ln124_83_fu_1379_p3   |    select|   0|  0|  24|           1|          23|
    |select_ln124_84_fu_1387_p3   |    select|   0|  0|  24|           1|          24|
    |select_ln124_85_fu_1449_p3   |    select|   0|  0|  24|           1|          23|
    |select_ln124_86_fu_1457_p3   |    select|   0|  0|  24|           1|          24|
    |select_ln124_87_fu_1519_p3   |    select|   0|  0|  24|           1|          23|
    |select_ln124_88_fu_1527_p3   |    select|   0|  0|  24|           1|          24|
    |select_ln124_89_fu_1589_p3   |    select|   0|  0|  24|           1|          23|
    |select_ln124_90_fu_1597_p3   |    select|   0|  0|  24|           1|          24|
    |select_ln124_91_fu_1659_p3   |    select|   0|  0|  24|           1|          23|
    |select_ln124_92_fu_1667_p3   |    select|   0|  0|  24|           1|          24|
    |select_ln124_93_fu_1729_p3   |    select|   0|  0|  24|           1|          23|
    |select_ln124_94_fu_1737_p3   |    select|   0|  0|  24|           1|          24|
    |select_ln124_95_fu_1799_p3   |    select|   0|  0|  24|           1|          23|
    |select_ln124_96_fu_1807_p3   |    select|   0|  0|  24|           1|          24|
    |select_ln124_97_fu_1869_p3   |    select|   0|  0|  24|           1|          23|
    |select_ln124_98_fu_1877_p3   |    select|   0|  0|  24|           1|          24|
    |select_ln124_99_fu_1939_p3   |    select|   0|  0|  24|           1|          23|
    |select_ln124_fu_679_p3       |    select|   0|  0|  24|           1|          23|
    |ap_enable_pp0                |       xor|   0|  0|   2|           1|           2|
    |xor_ln124_100_fu_1933_p2     |       xor|   0|  0|   2|           1|           1|
    |xor_ln124_101_fu_1991_p2     |       xor|   0|  0|   2|           1|           2|
    |xor_ln124_102_fu_2003_p2     |       xor|   0|  0|   2|           1|           1|
    |xor_ln124_103_fu_2061_p2     |       xor|   0|  0|   2|           1|           2|
    |xor_ln124_104_fu_2073_p2     |       xor|   0|  0|   2|           1|           1|
    |xor_ln124_105_fu_2131_p2     |       xor|   0|  0|   2|           1|           2|
    |xor_ln124_106_fu_2143_p2     |       xor|   0|  0|   2|           1|           1|
    |xor_ln124_107_fu_2201_p2     |       xor|   0|  0|   2|           1|           2|
    |xor_ln124_108_fu_2213_p2     |       xor|   0|  0|   2|           1|           1|
    |xor_ln124_109_fu_2271_p2     |       xor|   0|  0|   2|           1|           2|
    |xor_ln124_110_fu_2283_p2     |       xor|   0|  0|   2|           1|           1|
    |xor_ln124_111_fu_2341_p2     |       xor|   0|  0|   2|           1|           2|
    |xor_ln124_112_fu_2353_p2     |       xor|   0|  0|   2|           1|           1|
    |xor_ln124_113_fu_2411_p2     |       xor|   0|  0|   2|           1|           2|
    |xor_ln124_114_fu_2423_p2     |       xor|   0|  0|   2|           1|           1|
    |xor_ln124_115_fu_2481_p2     |       xor|   0|  0|   2|           1|           2|
    |xor_ln124_116_fu_2493_p2     |       xor|   0|  0|   2|           1|           1|
    |xor_ln124_117_fu_2551_p2     |       xor|   0|  0|   2|           1|           2|
    |xor_ln124_118_fu_2563_p2     |       xor|   0|  0|   2|           1|           1|
    |xor_ln124_119_fu_2621_p2     |       xor|   0|  0|   2|           1|           2|
    |xor_ln124_120_fu_2633_p2     |       xor|   0|  0|   2|           1|           1|
    |xor_ln124_121_fu_2691_p2     |       xor|   0|  0|   2|           1|           2|
    |xor_ln124_122_fu_2703_p2     |       xor|   0|  0|   2|           1|           1|
    |xor_ln124_123_fu_2761_p2     |       xor|   0|  0|   2|           1|           2|
    |xor_ln124_124_fu_2773_p2     |       xor|   0|  0|   2|           1|           1|
    |xor_ln124_125_fu_2831_p2     |       xor|   0|  0|   2|           1|           2|
    |xor_ln124_126_fu_2843_p2     |       xor|   0|  0|   2|           1|           1|
    |xor_ln124_64_fu_673_p2       |       xor|   0|  0|   2|           1|           1|
    |xor_ln124_65_fu_731_p2       |       xor|   0|  0|   2|           1|           2|
    |xor_ln124_66_fu_743_p2       |       xor|   0|  0|   2|           1|           1|
    |xor_ln124_67_fu_801_p2       |       xor|   0|  0|   2|           1|           2|
    |xor_ln124_68_fu_813_p2       |       xor|   0|  0|   2|           1|           1|
    |xor_ln124_69_fu_871_p2       |       xor|   0|  0|   2|           1|           2|
    |xor_ln124_70_fu_883_p2       |       xor|   0|  0|   2|           1|           1|
    |xor_ln124_71_fu_941_p2       |       xor|   0|  0|   2|           1|           2|
    |xor_ln124_72_fu_953_p2       |       xor|   0|  0|   2|           1|           1|
    |xor_ln124_73_fu_1011_p2      |       xor|   0|  0|   2|           1|           2|
    |xor_ln124_74_fu_1023_p2      |       xor|   0|  0|   2|           1|           1|
    |xor_ln124_75_fu_1081_p2      |       xor|   0|  0|   2|           1|           2|
    |xor_ln124_76_fu_1093_p2      |       xor|   0|  0|   2|           1|           1|
    |xor_ln124_77_fu_1151_p2      |       xor|   0|  0|   2|           1|           2|
    |xor_ln124_78_fu_1163_p2      |       xor|   0|  0|   2|           1|           1|
    |xor_ln124_79_fu_1221_p2      |       xor|   0|  0|   2|           1|           2|
    |xor_ln124_80_fu_1233_p2      |       xor|   0|  0|   2|           1|           1|
    |xor_ln124_81_fu_1291_p2      |       xor|   0|  0|   2|           1|           2|
    |xor_ln124_82_fu_1303_p2      |       xor|   0|  0|   2|           1|           1|
    |xor_ln124_83_fu_1361_p2      |       xor|   0|  0|   2|           1|           2|
    |xor_ln124_84_fu_1373_p2      |       xor|   0|  0|   2|           1|           1|
    |xor_ln124_85_fu_1431_p2      |       xor|   0|  0|   2|           1|           2|
    |xor_ln124_86_fu_1443_p2      |       xor|   0|  0|   2|           1|           1|
    |xor_ln124_87_fu_1501_p2      |       xor|   0|  0|   2|           1|           2|
    |xor_ln124_88_fu_1513_p2      |       xor|   0|  0|   2|           1|           1|
    |xor_ln124_89_fu_1571_p2      |       xor|   0|  0|   2|           1|           2|
    |xor_ln124_90_fu_1583_p2      |       xor|   0|  0|   2|           1|           1|
    |xor_ln124_91_fu_1641_p2      |       xor|   0|  0|   2|           1|           2|
    |xor_ln124_92_fu_1653_p2      |       xor|   0|  0|   2|           1|           1|
    |xor_ln124_93_fu_1711_p2      |       xor|   0|  0|   2|           1|           2|
    |xor_ln124_94_fu_1723_p2      |       xor|   0|  0|   2|           1|           1|
    |xor_ln124_95_fu_1781_p2      |       xor|   0|  0|   2|           1|           2|
    |xor_ln124_96_fu_1793_p2      |       xor|   0|  0|   2|           1|           1|
    |xor_ln124_97_fu_1851_p2      |       xor|   0|  0|   2|           1|           2|
    |xor_ln124_98_fu_1863_p2      |       xor|   0|  0|   2|           1|           1|
    |xor_ln124_99_fu_1921_p2      |       xor|   0|  0|   2|           1|           2|
    |xor_ln124_fu_661_p2          |       xor|   0|  0|   2|           1|           2|
    +-----------------------------+----------+----+---+----+------------+------------+
    |Total                        |          |   0|  0|3760|        1736|        3208|
    +-----------------------------+----------+----+---+----+------------+------------+

    * Multiplexer: 
    +-------------------------+----+-----------+-----+-----------+
    |           Name          | LUT| Input Size| Bits| Total Bits|
    +-------------------------+----+-----------+-----+-----------+
    |ap_done_int              |   9|          2|    1|          2|
    |ap_enable_reg_pp0_iter1  |   9|          2|    1|          2|
    |ap_sig_allocacmp_j_6     |   9|          2|    7|         14|
    |empty_fu_124             |   9|          2|   24|         48|
    |j_fu_128                 |   9|          2|    7|         14|
    +-------------------------+----+-----------+-----+-----------+
    |Total                    |  45|         10|   40|         80|
    +-------------------------+----+-----------+-----+-----------+

    * Register: 
    +----------------------------------+----+----+-----+-----------+
    |               Name               | FF | LUT| Bits| Const Bits|
    +----------------------------------+----+----+-----+-----------+
    |A_65_load_reg_3088                |  24|   0|   24|          0|
    |ap_CS_fsm                         |   1|   0|    1|          0|
    |ap_done_reg                       |   1|   0|    1|          0|
    |ap_enable_reg_pp0_iter1           |   1|   0|    1|          0|
    |ap_enable_reg_pp0_iter2           |   1|   0|    1|          0|
    |ap_loop_exit_ready_pp0_iter1_reg  |   1|   0|    1|          0|
    |empty_fu_124                      |  24|   0|   24|          0|
    |j_fu_128                          |   7|   0|    7|          0|
    |tmp_reg_2889                      |   1|   0|    1|          0|
    |zext_ln124_reg_2893               |   7|   0|   64|         57|
    +----------------------------------+----+----+-----+-----------+
    |Total                             |  68|   0|  125|         57|
    +----------------------------------+----+----+-----+-----------+



================================================================
== Interface
================================================================
* Summary: 
+---------------+-----+-----+------------+---------------------------------------+--------------+
|   RTL Ports   | Dir | Bits|  Protocol  |             Source Object             |    C Type    |
+---------------+-----+-----+------------+---------------------------------------+--------------+
|ap_clk         |   in|    1|  ap_ctrl_hs|  top_kernel_Pipeline_VITIS_LOOP_121_53|  return value|
|ap_rst         |   in|    1|  ap_ctrl_hs|  top_kernel_Pipeline_VITIS_LOOP_121_53|  return value|
|ap_start       |   in|    1|  ap_ctrl_hs|  top_kernel_Pipeline_VITIS_LOOP_121_53|  return value|
|ap_done        |  out|    1|  ap_ctrl_hs|  top_kernel_Pipeline_VITIS_LOOP_121_53|  return value|
|ap_idle        |  out|    1|  ap_ctrl_hs|  top_kernel_Pipeline_VITIS_LOOP_121_53|  return value|
|ap_ready       |  out|    1|  ap_ctrl_hs|  top_kernel_Pipeline_VITIS_LOOP_121_53|  return value|
|i_1            |   in|    8|     ap_none|                                    i_1|        scalar|
|A_65_address0  |  out|    7|   ap_memory|                                   A_65|         array|
|A_65_ce0       |  out|    1|   ap_memory|                                   A_65|         array|
|A_65_q0        |   in|   24|   ap_memory|                                   A_65|         array|
|A_66_address0  |  out|    7|   ap_memory|                                   A_66|         array|
|A_66_ce0       |  out|    1|   ap_memory|                                   A_66|         array|
|A_66_q0        |   in|   24|   ap_memory|                                   A_66|         array|
|A_67_address0  |  out|    7|   ap_memory|                                   A_67|         array|
|A_67_ce0       |  out|    1|   ap_memory|                                   A_67|         array|
|A_67_q0        |   in|   24|   ap_memory|                                   A_67|         array|
|A_68_address0  |  out|    7|   ap_memory|                                   A_68|         array|
|A_68_ce0       |  out|    1|   ap_memory|                                   A_68|         array|
|A_68_q0        |   in|   24|   ap_memory|                                   A_68|         array|
|A_69_address0  |  out|    7|   ap_memory|                                   A_69|         array|
|A_69_ce0       |  out|    1|   ap_memory|                                   A_69|         array|
|A_69_q0        |   in|   24|   ap_memory|                                   A_69|         array|
|A_70_address0  |  out|    7|   ap_memory|                                   A_70|         array|
|A_70_ce0       |  out|    1|   ap_memory|                                   A_70|         array|
|A_70_q0        |   in|   24|   ap_memory|                                   A_70|         array|
|A_71_address0  |  out|    7|   ap_memory|                                   A_71|         array|
|A_71_ce0       |  out|    1|   ap_memory|                                   A_71|         array|
|A_71_q0        |   in|   24|   ap_memory|                                   A_71|         array|
|A_72_address0  |  out|    7|   ap_memory|                                   A_72|         array|
|A_72_ce0       |  out|    1|   ap_memory|                                   A_72|         array|
|A_72_q0        |   in|   24|   ap_memory|                                   A_72|         array|
|A_73_address0  |  out|    7|   ap_memory|                                   A_73|         array|
|A_73_ce0       |  out|    1|   ap_memory|                                   A_73|         array|
|A_73_q0        |   in|   24|   ap_memory|                                   A_73|         array|
|A_74_address0  |  out|    7|   ap_memory|                                   A_74|         array|
|A_74_ce0       |  out|    1|   ap_memory|                                   A_74|         array|
|A_74_q0        |   in|   24|   ap_memory|                                   A_74|         array|
|A_75_address0  |  out|    7|   ap_memory|                                   A_75|         array|
|A_75_ce0       |  out|    1|   ap_memory|                                   A_75|         array|
|A_75_q0        |   in|   24|   ap_memory|                                   A_75|         array|
|A_76_address0  |  out|    7|   ap_memory|                                   A_76|         array|
|A_76_ce0       |  out|    1|   ap_memory|                                   A_76|         array|
|A_76_q0        |   in|   24|   ap_memory|                                   A_76|         array|
|A_77_address0  |  out|    7|   ap_memory|                                   A_77|         array|
|A_77_ce0       |  out|    1|   ap_memory|                                   A_77|         array|
|A_77_q0        |   in|   24|   ap_memory|                                   A_77|         array|
|A_78_address0  |  out|    7|   ap_memory|                                   A_78|         array|
|A_78_ce0       |  out|    1|   ap_memory|                                   A_78|         array|
|A_78_q0        |   in|   24|   ap_memory|                                   A_78|         array|
|A_79_address0  |  out|    7|   ap_memory|                                   A_79|         array|
|A_79_ce0       |  out|    1|   ap_memory|                                   A_79|         array|
|A_79_q0        |   in|   24|   ap_memory|                                   A_79|         array|
|A_80_address0  |  out|    7|   ap_memory|                                   A_80|         array|
|A_80_ce0       |  out|    1|   ap_memory|                                   A_80|         array|
|A_80_q0        |   in|   24|   ap_memory|                                   A_80|         array|
|A_81_address0  |  out|    7|   ap_memory|                                   A_81|         array|
|A_81_ce0       |  out|    1|   ap_memory|                                   A_81|         array|
|A_81_q0        |   in|   24|   ap_memory|                                   A_81|         array|
|A_82_address0  |  out|    7|   ap_memory|                                   A_82|         array|
|A_82_ce0       |  out|    1|   ap_memory|                                   A_82|         array|
|A_82_q0        |   in|   24|   ap_memory|                                   A_82|         array|
|A_83_address0  |  out|    7|   ap_memory|                                   A_83|         array|
|A_83_ce0       |  out|    1|   ap_memory|                                   A_83|         array|
|A_83_q0        |   in|   24|   ap_memory|                                   A_83|         array|
|A_84_address0  |  out|    7|   ap_memory|                                   A_84|         array|
|A_84_ce0       |  out|    1|   ap_memory|                                   A_84|         array|
|A_84_q0        |   in|   24|   ap_memory|                                   A_84|         array|
|A_85_address0  |  out|    7|   ap_memory|                                   A_85|         array|
|A_85_ce0       |  out|    1|   ap_memory|                                   A_85|         array|
|A_85_q0        |   in|   24|   ap_memory|                                   A_85|         array|
|A_86_address0  |  out|    7|   ap_memory|                                   A_86|         array|
|A_86_ce0       |  out|    1|   ap_memory|                                   A_86|         array|
|A_86_q0        |   in|   24|   ap_memory|                                   A_86|         array|
|A_87_address0  |  out|    7|   ap_memory|                                   A_87|         array|
|A_87_ce0       |  out|    1|   ap_memory|                                   A_87|         array|
|A_87_q0        |   in|   24|   ap_memory|                                   A_87|         array|
|A_88_address0  |  out|    7|   ap_memory|                                   A_88|         array|
|A_88_ce0       |  out|    1|   ap_memory|                                   A_88|         array|
|A_88_q0        |   in|   24|   ap_memory|                                   A_88|         array|
|A_89_address0  |  out|    7|   ap_memory|                                   A_89|         array|
|A_89_ce0       |  out|    1|   ap_memory|                                   A_89|         array|
|A_89_q0        |   in|   24|   ap_memory|                                   A_89|         array|
|A_90_address0  |  out|    7|   ap_memory|                                   A_90|         array|
|A_90_ce0       |  out|    1|   ap_memory|                                   A_90|         array|
|A_90_q0        |   in|   24|   ap_memory|                                   A_90|         array|
|A_91_address0  |  out|    7|   ap_memory|                                   A_91|         array|
|A_91_ce0       |  out|    1|   ap_memory|                                   A_91|         array|
|A_91_q0        |   in|   24|   ap_memory|                                   A_91|         array|
|A_92_address0  |  out|    7|   ap_memory|                                   A_92|         array|
|A_92_ce0       |  out|    1|   ap_memory|                                   A_92|         array|
|A_92_q0        |   in|   24|   ap_memory|                                   A_92|         array|
|A_93_address0  |  out|    7|   ap_memory|                                   A_93|         array|
|A_93_ce0       |  out|    1|   ap_memory|                                   A_93|         array|
|A_93_q0        |   in|   24|   ap_memory|                                   A_93|         array|
|A_94_address0  |  out|    7|   ap_memory|                                   A_94|         array|
|A_94_ce0       |  out|    1|   ap_memory|                                   A_94|         array|
|A_94_q0        |   in|   24|   ap_memory|                                   A_94|         array|
|A_95_address0  |  out|    7|   ap_memory|                                   A_95|         array|
|A_95_ce0       |  out|    1|   ap_memory|                                   A_95|         array|
|A_95_q0        |   in|   24|   ap_memory|                                   A_95|         array|
|A_96_address0  |  out|    7|   ap_memory|                                   A_96|         array|
|A_96_ce0       |  out|    1|   ap_memory|                                   A_96|         array|
|A_96_q0        |   in|   24|   ap_memory|                                   A_96|         array|
|p_out          |  out|   24|      ap_vld|                                  p_out|       pointer|
|p_out_ap_vld   |  out|    1|      ap_vld|                                  p_out|       pointer|
+---------------+-----+-----+------------+---------------------------------------+--------------+

