

================================================================
== Vitis HLS Report for 'top_kernel_Pipeline_VITIS_LOOP_121_55'
================================================================
* Date:           Thu Feb  5 21:53:29 2026

* Version:        2025.1.1 (Build 6214317 on Sep 11 2025)
* Project:        project_1
* Solution:       hls (Vivado IP Flow Target)
* Product family: zynquplus
* Target device:  xczu3eg-sbva484-1-e


================================================================
== Performance Estimates
================================================================
+ Timing: 
    * Summary: 
    +--------+----------+-----------+------------+
    |  Clock |  Target  | Estimated | Uncertainty|
    +--------+----------+-----------+------------+
    |ap_clk  |  10.00 ns|  49.913 ns|     2.70 ns|
    +--------+----------+-----------+------------+

+ Latency: 
    * Summary: 
    +---------+---------+----------+----------+-----+-----+------------------------------------------------+
    |  Latency (cycles) |  Latency (absolute) |  Interval |                    Pipeline                    |
    |   min   |   max   |    min   |    max   | min | max |                      Type                      |
    +---------+---------+----------+----------+-----+-----+------------------------------------------------+
    |        5|        5|  0.250 us|  0.250 us|    3|    3|  loop auto-rewind stp (delay=0 clock cycles(s))|
    +---------+---------+----------+----------+-----+-----+------------------------------------------------+

    + Detail: 
        * Instance: 
        N/A

        * Loop: 
        +--------------------+---------+---------+----------+-----------+-----------+------+----------+
        |                    |  Latency (cycles) | Iteration|  Initiation Interval  | Trip |          |
        |      Loop Name     |   min   |   max   |  Latency |  achieved |   target  | Count| Pipelined|
        +--------------------+---------+---------+----------+-----------+-----------+------+----------+
        |- VITIS_LOOP_121_5  |        3|        3|         3|          1|          1|     2|       yes|
        +--------------------+---------+---------+----------+-----------+-----------+------+----------+



================================================================
== Utilization Estimates
================================================================
* Summary: 
+-----------------+---------+-----+--------+-------+-----+
|       Name      | BRAM_18K| DSP |   FF   |  LUT  | URAM|
+-----------------+---------+-----+--------+-------+-----+
|DSP              |        -|    -|       -|      -|    -|
|Expression       |        -|    -|       0|   3760|    -|
|FIFO             |        -|    -|       -|      -|    -|
|Instance         |        -|    -|       -|      -|    -|
|Memory           |        -|    -|       -|      -|    -|
|Multiplexer      |        -|    -|       0|     45|    -|
|Register         |        -|    -|      68|      -|    -|
+-----------------+---------+-----+--------+-------+-----+
|Total            |        0|    0|      68|   3805|    0|
+-----------------+---------+-----+--------+-------+-----+
|Available        |      432|  360|  141120|  70560|    0|
+-----------------+---------+-----+--------+-------+-----+
|Utilization (%)  |        0|    0|      ~0|      5|    0|
+-----------------+---------+-----+--------+-------+-----+

+ Detail: 
    * Instance: 
    N/A

    * DSP: 
    N/A

    * Memory: 
    N/A

    * FIFO: 
    N/A

    * Expression: 
    +----------------------------+----------+----+---+----+------------+------------+
    |        Variable Name       | Operation| DSP| FF| LUT| Bitwidth P0| Bitwidth P1|
    +----------------------------+----------+----+---+----+------------+------------+
    |add_ln121_fu_613_p2         |         +|   0|  0|  14|           7|           6|
    |add_ln124_10_fu_983_p2      |         +|   0|  0|  31|          24|          24|
    |add_ln124_11_fu_989_p2      |         +|   0|  0|  32|          25|          25|
    |add_ln124_12_fu_1053_p2     |         +|   0|  0|  31|          24|          24|
    |add_ln124_13_fu_1059_p2     |         +|   0|  0|  32|          25|          25|
    |add_ln124_14_fu_1123_p2     |         +|   0|  0|  31|          24|          24|
    |add_ln124_15_fu_1129_p2     |         +|   0|  0|  32|          25|          25|
    |add_ln124_16_fu_1193_p2     |         +|   0|  0|  31|          24|          24|
    |add_ln124_17_fu_1199_p2     |         +|   0|  0|  32|          25|          25|
    |add_ln124_18_fu_1263_p2     |         +|   0|  0|  31|          24|          24|
    |add_ln124_19_fu_1269_p2     |         +|   0|  0|  32|          25|          25|
    |add_ln124_1_fu_639_p2       |         +|   0|  0|  32|          25|          25|
    |add_ln124_20_fu_1333_p2     |         +|   0|  0|  31|          24|          24|
    |add_ln124_21_fu_1339_p2     |         +|   0|  0|  32|          25|          25|
    |add_ln124_22_fu_1403_p2     |         +|   0|  0|  31|          24|          24|
    |add_ln124_23_fu_1409_p2     |         +|   0|  0|  32|          25|          25|
    |add_ln124_24_fu_1473_p2     |         +|   0|  0|  31|          24|          24|
    |add_ln124_25_fu_1479_p2     |         +|   0|  0|  32|          25|          25|
    |add_ln124_26_fu_1543_p2     |         +|   0|  0|  31|          24|          24|
    |add_ln124_27_fu_1549_p2     |         +|   0|  0|  32|          25|          25|
    |add_ln124_28_fu_1613_p2     |         +|   0|  0|  31|          24|          24|
    |add_ln124_29_fu_1619_p2     |         +|   0|  0|  32|          25|          25|
    |add_ln124_2_fu_703_p2       |         +|   0|  0|  31|          24|          24|
    |add_ln124_30_fu_1683_p2     |         +|   0|  0|  31|          24|          24|
    |add_ln124_31_fu_1689_p2     |         +|   0|  0|  32|          25|          25|
    |add_ln124_32_fu_1753_p2     |         +|   0|  0|  31|          24|          24|
    |add_ln124_33_fu_1759_p2     |         +|   0|  0|  32|          25|          25|
    |add_ln124_34_fu_1823_p2     |         +|   0|  0|  31|          24|          24|
    |add_ln124_35_fu_1829_p2     |         +|   0|  0|  32|          25|          25|
    |add_ln124_36_fu_1893_p2     |         +|   0|  0|  31|          24|          24|
    |add_ln124_37_fu_1899_p2     |         +|   0|  0|  32|          25|          25|
    |add_ln124_38_fu_1963_p2     |         +|   0|  0|  31|          24|          24|
    |add_ln124_39_fu_1969_p2     |         +|   0|  0|  32|          25|          25|
    |add_ln124_3_fu_709_p2       |         +|   0|  0|  32|          25|          25|
    |add_ln124_40_fu_2033_p2     |         +|   0|  0|  31|          24|          24|
    |add_ln124_41_fu_2039_p2     |         +|   0|  0|  32|          25|          25|
    |add_ln124_42_fu_2103_p2     |         +|   0|  0|  31|          24|          24|
    |add_ln124_43_fu_2109_p2     |         +|   0|  0|  32|          25|          25|
    |add_ln124_44_fu_2173_p2     |         +|   0|  0|  31|          24|          24|
    |add_ln124_45_fu_2179_p2     |         +|   0|  0|  32|          25|          25|
    |add_ln124_46_fu_2243_p2     |         +|   0|  0|  31|          24|          24|
    |add_ln124_47_fu_2249_p2     |         +|   0|  0|  32|          25|          25|
    |add_ln124_48_fu_2313_p2     |         +|   0|  0|  31|          24|          24|
    |add_ln124_49_fu_2319_p2     |         +|   0|  0|  32|          25|          25|
    |add_ln124_4_fu_773_p2       |         +|   0|  0|  31|          24|          24|
    |add_ln124_50_fu_2383_p2     |         +|   0|  0|  31|          24|          24|
    |add_ln124_51_fu_2389_p2     |         +|   0|  0|  32|          25|          25|
    |add_ln124_52_fu_2453_p2     |         +|   0|  0|  31|          24|          24|
    |add_ln124_53_fu_2459_p2     |         +|   0|  0|  32|          25|          25|
    |add_ln124_54_fu_2523_p2     |         +|   0|  0|  31|          24|          24|
    |add_ln124_55_fu_2529_p2     |         +|   0|  0|  32|          25|          25|
    |add_ln124_56_fu_2593_p2     |         +|   0|  0|  31|          24|          24|
    |add_ln124_57_fu_2599_p2     |         +|   0|  0|  32|          25|          25|
    |add_ln124_58_fu_2663_p2     |         +|   0|  0|  31|          24|          24|
    |add_ln124_59_fu_2669_p2     |         +|   0|  0|  32|          25|          25|
    |add_ln124_5_fu_779_p2       |         +|   0|  0|  32|          25|          25|
    |add_ln124_60_fu_2733_p2     |         +|   0|  0|  31|          24|          24|
    |add_ln124_61_fu_2739_p2     |         +|   0|  0|  32|          25|          25|
    |add_ln124_62_fu_2803_p2     |         +|   0|  0|  31|          24|          24|
    |add_ln124_63_fu_2809_p2     |         +|   0|  0|  32|          25|          25|
    |add_ln124_6_fu_843_p2       |         +|   0|  0|  31|          24|          24|
    |add_ln124_7_fu_849_p2       |         +|   0|  0|  32|          25|          25|
    |add_ln124_8_fu_913_p2       |         +|   0|  0|  31|          24|          24|
    |add_ln124_9_fu_919_p2       |         +|   0|  0|  32|          25|          25|
    |add_ln124_fu_634_p2         |         +|   0|  0|  31|          24|          24|
    |and_ln124_10_fu_1367_p2     |       and|   0|  0|   2|           1|           1|
    |and_ln124_11_fu_1437_p2     |       and|   0|  0|   2|           1|           1|
    |and_ln124_12_fu_1507_p2     |       and|   0|  0|   2|           1|           1|
    |and_ln124_13_fu_1577_p2     |       and|   0|  0|   2|           1|           1|
    |and_ln124_14_fu_1647_p2     |       and|   0|  0|   2|           1|           1|
    |and_ln124_15_fu_1717_p2     |       and|   0|  0|   2|           1|           1|
    |and_ln124_16_fu_1787_p2     |       and|   0|  0|   2|           1|           1|
    |and_ln124_17_fu_1857_p2     |       and|   0|  0|   2|           1|           1|
    |and_ln124_18_fu_1927_p2     |       and|   0|  0|   2|           1|           1|
    |and_ln124_19_fu_1997_p2     |       and|   0|  0|   2|           1|           1|
    |and_ln124_1_fu_737_p2       |       and|   0|  0|   2|           1|           1|
    |and_ln124_20_fu_2067_p2     |       and|   0|  0|   2|           1|           1|
    |and_ln124_21_fu_2137_p2     |       and|   0|  0|   2|           1|           1|
    |and_ln124_22_fu_2207_p2     |       and|   0|  0|   2|           1|           1|
    |and_ln124_23_fu_2277_p2     |       and|   0|  0|   2|           1|           1|
    |and_ln124_24_fu_2347_p2     |       and|   0|  0|   2|           1|           1|
    |and_ln124_25_fu_2417_p2     |       and|   0|  0|   2|           1|           1|
    |and_ln124_26_fu_2487_p2     |       and|   0|  0|   2|           1|           1|
    |and_ln124_27_fu_2557_p2     |       and|   0|  0|   2|           1|           1|
    |and_ln124_28_fu_2627_p2     |       and|   0|  0|   2|           1|           1|
    |and_ln124_29_fu_2697_p2     |       and|   0|  0|   2|           1|           1|
    |and_ln124_2_fu_807_p2       |       and|   0|  0|   2|           1|           1|
    |and_ln124_30_fu_2767_p2     |       and|   0|  0|   2|           1|           1|
    |and_ln124_31_fu_2837_p2     |       and|   0|  0|   2|           1|           1|
    |and_ln124_3_fu_877_p2       |       and|   0|  0|   2|           1|           1|
    |and_ln124_4_fu_947_p2       |       and|   0|  0|   2|           1|           1|
    |and_ln124_5_fu_1017_p2      |       and|   0|  0|   2|           1|           1|
    |and_ln124_6_fu_1087_p2      |       and|   0|  0|   2|           1|           1|
    |and_ln124_7_fu_1157_p2      |       and|   0|  0|   2|           1|           1|
    |and_ln124_8_fu_1227_p2      |       and|   0|  0|   2|           1|           1|
    |and_ln124_9_fu_1297_p2      |       and|   0|  0|   2|           1|           1|
    |and_ln124_fu_667_p2         |       and|   0|  0|   2|           1|           1|
    |select_ln124_10_fu_1029_p3  |    select|   0|  0|  24|           1|          23|
    |select_ln124_11_fu_1037_p3  |    select|   0|  0|  24|           1|          24|
    |select_ln124_12_fu_1099_p3  |    select|   0|  0|  24|           1|          23|
    |select_ln124_13_fu_1107_p3  |    select|   0|  0|  24|           1|          24|
    |select_ln124_14_fu_1169_p3  |    select|   0|  0|  24|           1|          23|
    |select_ln124_15_fu_1177_p3  |    select|   0|  0|  24|           1|          24|
    |select_ln124_16_fu_1239_p3  |    select|   0|  0|  24|           1|          23|
    |select_ln124_17_fu_1247_p3  |    select|   0|  0|  24|           1|          24|
    |select_ln124_18_fu_1309_p3  |    select|   0|  0|  24|           1|          23|
    |select_ln124_19_fu_1317_p3  |    select|   0|  0|  24|           1|          24|
    |select_ln124_1_fu_687_p3    |    select|   0|  0|  24|           1|          24|
    |select_ln124_20_fu_1379_p3  |    select|   0|  0|  24|           1|          23|
    |select_ln124_21_fu_1387_p3  |    select|   0|  0|  24|           1|          24|
    |select_ln124_22_fu_1449_p3  |    select|   0|  0|  24|           1|          23|
    |select_ln124_23_fu_1457_p3  |    select|   0|  0|  24|           1|          24|
    |select_ln124_24_fu_1519_p3  |    select|   0|  0|  24|           1|          23|
    |select_ln124_25_fu_1527_p3  |    select|   0|  0|  24|           1|          24|
    |select_ln124_26_fu_1589_p3  |    select|   0|  0|  24|           1|          23|
    |select_ln124_27_fu_1597_p3  |    select|   0|  0|  24|           1|          24|
    |select_ln124_28_fu_1659_p3  |    select|   0|  0|  24|           1|          23|
    |select_ln124_29_fu_1667_p3  |    select|   0|  0|  24|           1|          24|
    |select_ln124_2_fu_749_p3    |    select|   0|  0|  24|           1|          23|
    |select_ln124_30_fu_1729_p3  |    select|   0|  0|  24|           1|          23|
    |select_ln124_31_fu_1737_p3  |    select|   0|  0|  24|           1|          24|
    |select_ln124_32_fu_1799_p3  |    select|   0|  0|  24|           1|          23|
    |select_ln124_33_fu_1807_p3  |    select|   0|  0|  24|           1|          24|
    |select_ln124_34_fu_1869_p3  |    select|   0|  0|  24|           1|          23|
    |select_ln124_35_fu_1877_p3  |    select|   0|  0|  24|           1|          24|
    |select_ln124_36_fu_1939_p3  |    select|   0|  0|  24|           1|          23|
    |select_ln124_37_fu_1947_p3  |    select|   0|  0|  24|           1|          24|
    |select_ln124_38_fu_2009_p3  |    select|   0|  0|  24|           1|          23|
    |select_ln124_39_fu_2017_p3  |    select|   0|  0|  24|           1|          24|
    |select_ln124_3_fu_757_p3    |    select|   0|  0|  24|           1|          24|
    |select_ln124_40_fu_2079_p3  |    select|   0|  0|  24|           1|          23|
    |select_ln124_41_fu_2087_p3  |    select|   0|  0|  24|           1|          24|
    |select_ln124_42_fu_2149_p3  |    select|   0|  0|  24|           1|          23|
    |select_ln124_43_fu_2157_p3  |    select|   0|  0|  24|           1|          24|
    |select_ln124_44_fu_2219_p3  |    select|   0|  0|  24|           1|          23|
    |select_ln124_45_fu_2227_p3  |    select|   0|  0|  24|           1|          24|
    |select_ln124_46_fu_2289_p3  |    select|   0|  0|  24|           1|          23|
    |select_ln124_47_fu_2297_p3  |    select|   0|  0|  24|           1|          24|
    |select_ln124_48_fu_2359_p3  |    select|   0|  0|  24|           1|          23|
    |select_ln124_49_fu_2367_p3  |    select|   0|  0|  24|           1|          24|
    |select_ln124_4_fu_819_p3    |    select|   0|  0|  24|           1|          23|
    |select_ln124_50_fu_2429_p3  |    select|   0|  0|  24|           1|          23|
    |select_ln124_51_fu_2437_p3  |    select|   0|  0|  24|           1|          24|
    |select_ln124_52_fu_2499_p3  |    select|   0|  0|  24|           1|          23|
    |select_ln124_53_fu_2507_p3  |    select|   0|  0|  24|           1|          24|
    |select_ln124_54_fu_2569_p3  |    select|   0|  0|  24|           1|          23|
    |select_ln124_55_fu_2577_p3  |    select|   0|  0|  24|           1|          24|
    |select_ln124_56_fu_2639_p3  |    select|   0|  0|  24|           1|          23|
    |select_ln124_57_fu_2647_p3  |    select|   0|  0|  24|           1|          24|
    |select_ln124_58_fu_2709_p3  |    select|   0|  0|  24|           1|          23|
    |select_ln124_59_fu_2717_p3  |    select|   0|  0|  24|           1|          24|
    |select_ln124_5_fu_827_p3    |    select|   0|  0|  24|           1|          24|
    |select_ln124_60_fu_2779_p3  |    select|   0|  0|  24|           1|          23|
    |select_ln124_61_fu_2787_p3  |    select|   0|  0|  24|           1|          24|
    |select_ln124_62_fu_2849_p3  |    select|   0|  0|  24|           1|          23|
    |select_ln124_63_fu_2857_p3  |    select|   0|  0|  24|           1|          24|
    |select_ln124_6_fu_889_p3    |    select|   0|  0|  24|           1|          23|
    |select_ln124_7_fu_897_p3    |    select|   0|  0|  24|           1|          24|
    |select_ln124_8_fu_959_p3    |    select|   0|  0|  24|           1|          23|
    |select_ln124_9_fu_967_p3    |    select|   0|  0|  24|           1|          24|
    |select_ln124_fu_679_p3      |    select|   0|  0|  24|           1|          23|
    |ap_enable_pp0               |       xor|   0|  0|   2|           1|           2|
    |xor_ln124_10_fu_1011_p2     |       xor|   0|  0|   2|           1|           2|
    |xor_ln124_11_fu_1023_p2     |       xor|   0|  0|   2|           1|           1|
    |xor_ln124_12_fu_1081_p2     |       xor|   0|  0|   2|           1|           2|
    |xor_ln124_13_fu_1093_p2     |       xor|   0|  0|   2|           1|           1|
    |xor_ln124_14_fu_1151_p2     |       xor|   0|  0|   2|           1|           2|
    |xor_ln124_15_fu_1163_p2     |       xor|   0|  0|   2|           1|           1|
    |xor_ln124_16_fu_1221_p2     |       xor|   0|  0|   2|           1|           2|
    |xor_ln124_17_fu_1233_p2     |       xor|   0|  0|   2|           1|           1|
    |xor_ln124_18_fu_1291_p2     |       xor|   0|  0|   2|           1|           2|
    |xor_ln124_19_fu_1303_p2     |       xor|   0|  0|   2|           1|           1|
    |xor_ln124_1_fu_673_p2       |       xor|   0|  0|   2|           1|           1|
    |xor_ln124_20_fu_1361_p2     |       xor|   0|  0|   2|           1|           2|
    |xor_ln124_21_fu_1373_p2     |       xor|   0|  0|   2|           1|           1|
    |xor_ln124_22_fu_1431_p2     |       xor|   0|  0|   2|           1|           2|
    |xor_ln124_23_fu_1443_p2     |       xor|   0|  0|   2|           1|           1|
    |xor_ln124_24_fu_1501_p2     |       xor|   0|  0|   2|           1|           2|
    |xor_ln124_25_fu_1513_p2     |       xor|   0|  0|   2|           1|           1|
    |xor_ln124_26_fu_1571_p2     |       xor|   0|  0|   2|           1|           2|
    |xor_ln124_27_fu_1583_p2     |       xor|   0|  0|   2|           1|           1|
    |xor_ln124_28_fu_1641_p2     |       xor|   0|  0|   2|           1|           2|
    |xor_ln124_29_fu_1653_p2     |       xor|   0|  0|   2|           1|           1|
    |xor_ln124_2_fu_731_p2       |       xor|   0|  0|   2|           1|           2|
    |xor_ln124_30_fu_1711_p2     |       xor|   0|  0|   2|           1|           2|
    |xor_ln124_31_fu_1723_p2     |       xor|   0|  0|   2|           1|           1|
    |xor_ln124_32_fu_1781_p2     |       xor|   0|  0|   2|           1|           2|
    |xor_ln124_33_fu_1793_p2     |       xor|   0|  0|   2|           1|           1|
    |xor_ln124_34_fu_1851_p2     |       xor|   0|  0|   2|           1|           2|
    |xor_ln124_35_fu_1863_p2     |       xor|   0|  0|   2|           1|           1|
    |xor_ln124_36_fu_1921_p2     |       xor|   0|  0|   2|           1|           2|
    |xor_ln124_37_fu_1933_p2     |       xor|   0|  0|   2|           1|           1|
    |xor_ln124_38_fu_1991_p2     |       xor|   0|  0|   2|           1|           2|
    |xor_ln124_39_fu_2003_p2     |       xor|   0|  0|   2|           1|           1|
    |xor_ln124_3_fu_743_p2       |       xor|   0|  0|   2|           1|           1|
    |xor_ln124_40_fu_2061_p2     |       xor|   0|  0|   2|           1|           2|
    |xor_ln124_41_fu_2073_p2     |       xor|   0|  0|   2|           1|           1|
    |xor_ln124_42_fu_2131_p2     |       xor|   0|  0|   2|           1|           2|
    |xor_ln124_43_fu_2143_p2     |       xor|   0|  0|   2|           1|           1|
    |xor_ln124_44_fu_2201_p2     |       xor|   0|  0|   2|           1|           2|
    |xor_ln124_45_fu_2213_p2     |       xor|   0|  0|   2|           1|           1|
    |xor_ln124_46_fu_2271_p2     |       xor|   0|  0|   2|           1|           2|
    |xor_ln124_47_fu_2283_p2     |       xor|   0|  0|   2|           1|           1|
    |xor_ln124_48_fu_2341_p2     |       xor|   0|  0|   2|           1|           2|
    |xor_ln124_49_fu_2353_p2     |       xor|   0|  0|   2|           1|           1|
    |xor_ln124_4_fu_801_p2       |       xor|   0|  0|   2|           1|           2|
    |xor_ln124_50_fu_2411_p2     |       xor|   0|  0|   2|           1|           2|
    |xor_ln124_51_fu_2423_p2     |       xor|   0|  0|   2|           1|           1|
    |xor_ln124_52_fu_2481_p2     |       xor|   0|  0|   2|           1|           2|
    |xor_ln124_53_fu_2493_p2     |       xor|   0|  0|   2|           1|           1|
    |xor_ln124_54_fu_2551_p2     |       xor|   0|  0|   2|           1|           2|
    |xor_ln124_55_fu_2563_p2     |       xor|   0|  0|   2|           1|           1|
    |xor_ln124_56_fu_2621_p2     |       xor|   0|  0|   2|           1|           2|
    |xor_ln124_57_fu_2633_p2     |       xor|   0|  0|   2|           1|           1|
    |xor_ln124_58_fu_2691_p2     |       xor|   0|  0|   2|           1|           2|
    |xor_ln124_59_fu_2703_p2     |       xor|   0|  0|   2|           1|           1|
    |xor_ln124_5_fu_813_p2       |       xor|   0|  0|   2|           1|           1|
    |xor_ln124_60_fu_2761_p2     |       xor|   0|  0|   2|           1|           2|
    |xor_ln124_61_fu_2773_p2     |       xor|   0|  0|   2|           1|           1|
    |xor_ln124_62_fu_2831_p2     |       xor|   0|  0|   2|           1|           2|
    |xor_ln124_63_fu_2843_p2     |       xor|   0|  0|   2|           1|           1|
    |xor_ln124_6_fu_871_p2       |       xor|   0|  0|   2|           1|           2|
    |xor_ln124_7_fu_883_p2       |       xor|   0|  0|   2|           1|           1|
    |xor_ln124_8_fu_941_p2       |       xor|   0|  0|   2|           1|           2|
    |xor_ln124_9_fu_953_p2       |       xor|   0|  0|   2|           1|           1|
    |xor_ln124_fu_661_p2         |       xor|   0|  0|   2|           1|           2|
    +----------------------------+----------+----+---+----+------------+------------+
    |Total                       |          |   0|  0|3760|        1736|        3208|
    +----------------------------+----------+----+---+----+------------+------------+

    * Multiplexer: 
    +-------------------------+----+-----------+-----+-----------+
    |           Name          | LUT| Input Size| Bits| Total Bits|
    +-------------------------+----+-----------+-----+-----------+
    |ap_done_int              |   9|          2|    1|          2|
    |ap_enable_reg_pp0_iter1  |   9|          2|    1|          2|
    |ap_sig_allocacmp_j_5     |   9|          2|    7|         14|
    |empty_fu_124             |   9|          2|   24|         48|
    |j_fu_128                 |   9|          2|    7|         14|
    +-------------------------+----+-----------+-----+-----------+
    |Total                    |  45|         10|   40|         80|
    +-------------------------+----+-----------+-----+-----------+

    * Register: 
    +----------------------------------+----+----+-----+-----------+
    |               Name               | FF | LUT| Bits| Const Bits|
    +----------------------------------+----+----+-----+-----------+
    |A_97_load_reg_3088                |  24|   0|   24|          0|
    |ap_CS_fsm                         |   1|   0|    1|          0|
    |ap_done_reg                       |   1|   0|    1|          0|
    |ap_enable_reg_pp0_iter1           |   1|   0|    1|          0|
    |ap_enable_reg_pp0_iter2           |   1|   0|    1|          0|
    |ap_loop_exit_ready_pp0_iter1_reg  |   1|   0|    1|          0|
    |empty_fu_124                      |  24|   0|   24|          0|
    |j_fu_128                          |   7|   0|    7|          0|
    |tmp_reg_2889                      |   1|   0|    1|          0|
    |zext_ln124_reg_2893               |   7|   0|   64|         57|
    +----------------------------------+----+----+-----+-----------+
    |Total                             |  68|   0|  125|         57|
    +----------------------------------+----+----+-----+-----------+



================================================================
== Interface
================================================================
* Summary: 
+----------------+-----+-----+------------+---------------------------------------+--------------+
|    RTL Ports   | Dir | Bits|  Protocol  |             Source Object             |    C Type    |
+----------------+-----+-----+------------+---------------------------------------+--------------+
|ap_clk          |   in|    1|  ap_ctrl_hs|  top_kernel_Pipeline_VITIS_LOOP_121_55|  return value|
|ap_rst          |   in|    1|  ap_ctrl_hs|  top_kernel_Pipeline_VITIS_LOOP_121_55|  return value|
|ap_start        |   in|    1|  ap_ctrl_hs|  top_kernel_Pipeline_VITIS_LOOP_121_55|  return value|
|ap_done         |  out|    1|  ap_ctrl_hs|  top_kernel_Pipeline_VITIS_LOOP_121_55|  return value|
|ap_idle         |  out|    1|  ap_ctrl_hs|  top_kernel_Pipeline_VITIS_LOOP_121_55|  return value|
|ap_ready        |  out|    1|  ap_ctrl_hs|  top_kernel_Pipeline_VITIS_LOOP_121_55|  return value|
|i_1             |   in|    8|     ap_none|                                    i_1|        scalar|
|A_97_address0   |  out|    7|   ap_memory|                                   A_97|         array|
|A_97_ce0        |  out|    1|   ap_memory|                                   A_97|         array|
|A_97_q0         |   in|   24|   ap_memory|                                   A_97|         array|
|A_98_address0   |  out|    7|   ap_memory|                                   A_98|         array|
|A_98_ce0        |  out|    1|   ap_memory|                                   A_98|         array|
|A_98_q0         |   in|   24|   ap_memory|                                   A_98|         array|
|A_99_address0   |  out|    7|   ap_memory|                                   A_99|         array|
|A_99_ce0        |  out|    1|   ap_memory|                                   A_99|         array|
|A_99_q0         |   in|   24|   ap_memory|                                   A_99|         array|
|A_100_address0  |  out|    7|   ap_memory|                                  A_100|         array|
|A_100_ce0       |  out|    1|   ap_memory|                                  A_100|         array|
|A_100_q0        |   in|   24|   ap_memory|                                  A_100|         array|
|A_101_address0  |  out|    7|   ap_memory|                                  A_101|         array|
|A_101_ce0       |  out|    1|   ap_memory|                                  A_101|         array|
|A_101_q0        |   in|   24|   ap_memory|                                  A_101|         array|
|A_102_address0  |  out|    7|   ap_memory|                                  A_102|         array|
|A_102_ce0       |  out|    1|   ap_memory|                                  A_102|         array|
|A_102_q0        |   in|   24|   ap_memory|                                  A_102|         array|
|A_103_address0  |  out|    7|   ap_memory|                                  A_103|         array|
|A_103_ce0       |  out|    1|   ap_memory|                                  A_103|         array|
|A_103_q0        |   in|   24|   ap_memory|                                  A_103|         array|
|A_104_address0  |  out|    7|   ap_memory|                                  A_104|         array|
|A_104_ce0       |  out|    1|   ap_memory|                                  A_104|         array|
|A_104_q0        |   in|   24|   ap_memory|                                  A_104|         array|
|A_105_address0  |  out|    7|   ap_memory|                                  A_105|         array|
|A_105_ce0       |  out|    1|   ap_memory|                                  A_105|         array|
|A_105_q0        |   in|   24|   ap_memory|                                  A_105|         array|
|A_106_address0  |  out|    7|   ap_memory|                                  A_106|         array|
|A_106_ce0       |  out|    1|   ap_memory|                                  A_106|         array|
|A_106_q0        |   in|   24|   ap_memory|                                  A_106|         array|
|A_107_address0  |  out|    7|   ap_memory|                                  A_107|         array|
|A_107_ce0       |  out|    1|   ap_memory|                                  A_107|         array|
|A_107_q0        |   in|   24|   ap_memory|                                  A_107|         array|
|A_108_address0  |  out|    7|   ap_memory|                                  A_108|         array|
|A_108_ce0       |  out|    1|   ap_memory|                                  A_108|         array|
|A_108_q0        |   in|   24|   ap_memory|                                  A_108|         array|
|A_109_address0  |  out|    7|   ap_memory|                                  A_109|         array|
|A_109_ce0       |  out|    1|   ap_memory|                                  A_109|         array|
|A_109_q0        |   in|   24|   ap_memory|                                  A_109|         array|
|A_110_address0  |  out|    7|   ap_memory|                                  A_110|         array|
|A_110_ce0       |  out|    1|   ap_memory|                                  A_110|         array|
|A_110_q0        |   in|   24|   ap_memory|                                  A_110|         array|
|A_111_address0  |  out|    7|   ap_memory|                                  A_111|         array|
|A_111_ce0       |  out|    1|   ap_memory|                                  A_111|         array|
|A_111_q0        |   in|   24|   ap_memory|                                  A_111|         array|
|A_112_address0  |  out|    7|   ap_memory|                                  A_112|         array|
|A_112_ce0       |  out|    1|   ap_memory|                                  A_112|         array|
|A_112_q0        |   in|   24|   ap_memory|                                  A_112|         array|
|A_113_address0  |  out|    7|   ap_memory|                                  A_113|         array|
|A_113_ce0       |  out|    1|   ap_memory|                                  A_113|         array|
|A_113_q0        |   in|   24|   ap_memory|                                  A_113|         array|
|A_114_address0  |  out|    7|   ap_memory|                                  A_114|         array|
|A_114_ce0       |  out|    1|   ap_memory|                                  A_114|         array|
|A_114_q0        |   in|   24|   ap_memory|                                  A_114|         array|
|A_115_address0  |  out|    7|   ap_memory|                                  A_115|         array|
|A_115_ce0       |  out|    1|   ap_memory|                                  A_115|         array|
|A_115_q0        |   in|   24|   ap_memory|                                  A_115|         array|
|A_116_address0  |  out|    7|   ap_memory|                                  A_116|         array|
|A_116_ce0       |  out|    1|   ap_memory|                                  A_116|         array|
|A_116_q0        |   in|   24|   ap_memory|                                  A_116|         array|
|A_117_address0  |  out|    7|   ap_memory|                                  A_117|         array|
|A_117_ce0       |  out|    1|   ap_memory|                                  A_117|         array|
|A_117_q0        |   in|   24|   ap_memory|                                  A_117|         array|
|A_118_address0  |  out|    7|   ap_memory|                                  A_118|         array|
|A_118_ce0       |  out|    1|   ap_memory|                                  A_118|         array|
|A_118_q0        |   in|   24|   ap_memory|                                  A_118|         array|
|A_119_address0  |  out|    7|   ap_memory|                                  A_119|         array|
|A_119_ce0       |  out|    1|   ap_memory|                                  A_119|         array|
|A_119_q0        |   in|   24|   ap_memory|                                  A_119|         array|
|A_120_address0  |  out|    7|   ap_memory|                                  A_120|         array|
|A_120_ce0       |  out|    1|   ap_memory|                                  A_120|         array|
|A_120_q0        |   in|   24|   ap_memory|                                  A_120|         array|
|A_121_address0  |  out|    7|   ap_memory|                                  A_121|         array|
|A_121_ce0       |  out|    1|   ap_memory|                                  A_121|         array|
|A_121_q0        |   in|   24|   ap_memory|                                  A_121|         array|
|A_122_address0  |  out|    7|   ap_memory|                                  A_122|         array|
|A_122_ce0       |  out|    1|   ap_memory|                                  A_122|         array|
|A_122_q0        |   in|   24|   ap_memory|                                  A_122|         array|
|A_123_address0  |  out|    7|   ap_memory|                                  A_123|         array|
|A_123_ce0       |  out|    1|   ap_memory|                                  A_123|         array|
|A_123_q0        |   in|   24|   ap_memory|                                  A_123|         array|
|A_124_address0  |  out|    7|   ap_memory|                                  A_124|         array|
|A_124_ce0       |  out|    1|   ap_memory|                                  A_124|         array|
|A_124_q0        |   in|   24|   ap_memory|                                  A_124|         array|
|A_125_address0  |  out|    7|   ap_memory|                                  A_125|         array|
|A_125_ce0       |  out|    1|   ap_memory|                                  A_125|         array|
|A_125_q0        |   in|   24|   ap_memory|                                  A_125|         array|
|A_126_address0  |  out|    7|   ap_memory|                                  A_126|         array|
|A_126_ce0       |  out|    1|   ap_memory|                                  A_126|         array|
|A_126_q0        |   in|   24|   ap_memory|                                  A_126|         array|
|A_127_address0  |  out|    7|   ap_memory|                                  A_127|         array|
|A_127_ce0       |  out|    1|   ap_memory|                                  A_127|         array|
|A_127_q0        |   in|   24|   ap_memory|                                  A_127|         array|
|A_128_address0  |  out|    7|   ap_memory|                                  A_128|         array|
|A_128_ce0       |  out|    1|   ap_memory|                                  A_128|         array|
|A_128_q0        |   in|   24|   ap_memory|                                  A_128|         array|
|p_out           |  out|   24|      ap_vld|                                  p_out|       pointer|
|p_out_ap_vld    |  out|    1|      ap_vld|                                  p_out|       pointer|
+----------------+-----+-----+------------+---------------------------------------+--------------+

