

================================================================
== Vitis HLS Report for 'top_kernel_Pipeline_VITIS_LOOP_130_62'
================================================================
* Date:           Tue Feb  3 00:40:09 2026

* Version:        2025.1.1 (Build 6214317 on Sep 11 2025)
* Project:        project_1
* Solution:       hls (Vivado IP Flow Target)
* Product family: zynquplus
* Target device:  xczu3eg-sbva484-1-e


================================================================
== Performance Estimates
================================================================
+ Timing: 
    * Summary: 
    +--------+----------+----------+------------+
    |  Clock |  Target  | Estimated| Uncertainty|
    +--------+----------+----------+------------+
    |ap_clk  |  10.00 ns|  4.823 ns|     2.70 ns|
    +--------+----------+----------+------------+

+ Latency: 
    * Summary: 
    +---------+---------+----------+----------+-----+-----+------------------------------------------------+
    |  Latency (cycles) |  Latency (absolute) |  Interval |                    Pipeline                    |
    |   min   |   max   |    min   |    max   | min | max |                      Type                      |
    +---------+---------+----------+----------+-----+-----+------------------------------------------------+
    |       47|       47|  0.470 us|  0.470 us|    5|    5|  loop auto-rewind stp (delay=0 clock cycles(s))|
    +---------+---------+----------+----------+-----+-----+------------------------------------------------+

    + Detail: 
        * Instance: 
        N/A

        * Loop: 
        +--------------------+---------+---------+----------+-----------+-----------+------+----------+
        |                    |  Latency (cycles) | Iteration|  Initiation Interval  | Trip |          |
        |      Loop Name     |   min   |   max   |  Latency |  achieved |   target  | Count| Pipelined|
        +--------------------+---------+---------+----------+-----------+-----------+------+----------+
        |- VITIS_LOOP_130_6  |       45|       45|        43|          1|          1|     4|       yes|
        +--------------------+---------+---------+----------+-----------+-----------+------+----------+



================================================================
== Utilization Estimates
================================================================
* Summary: 
+-----------------+---------+-----+--------+-------+-----+
|       Name      | BRAM_18K| DSP |   FF   |  LUT  | URAM|
+-----------------+---------+-----+--------+-------+-----+
|DSP              |        -|    -|       -|      -|    -|
|Expression       |        -|    -|       0|   1680|    -|
|FIFO             |        -|    -|       -|      -|    -|
|Instance         |        -|    -|   51024|  38944|    -|
|Memory           |        -|    -|       -|      -|    -|
|Multiplexer      |        -|    -|       0|     36|    -|
|Register         |        -|    -|     203|     32|    -|
+-----------------+---------+-----+--------+-------+-----+
|Total            |        0|    0|   51227|  40692|    0|
+-----------------+---------+-----+--------+-------+-----+
|Available        |      432|  360|  141120|  70560|    0|
+-----------------+---------+-----+--------+-------+-----+
|Utilization (%)  |        0|    0|      36|     57|    0|
+-----------------+---------+-----+--------+-------+-----+

+ Detail: 
    * Instance: 
    +----------------------------+-----------------------+---------+----+------+------+-----+
    |          Instance          |         Module        | BRAM_18K| DSP|  FF  |  LUT | URAM|
    +----------------------------+-----------------------+---------+----+------+------+-----+
    |sdiv_38ns_24s_38_42_1_U138  |sdiv_38ns_24s_38_42_1  |        0|   0|  3189|  2434|    0|
    |sdiv_38ns_24s_38_42_1_U139  |sdiv_38ns_24s_38_42_1  |        0|   0|  3189|  2434|    0|
    |sdiv_38ns_24s_38_42_1_U140  |sdiv_38ns_24s_38_42_1  |        0|   0|  3189|  2434|    0|
    |sdiv_38ns_24s_38_42_1_U141  |sdiv_38ns_24s_38_42_1  |        0|   0|  3189|  2434|    0|
    |sdiv_38ns_24s_38_42_1_U142  |sdiv_38ns_24s_38_42_1  |        0|   0|  3189|  2434|    0|
    |sdiv_38ns_24s_38_42_1_U143  |sdiv_38ns_24s_38_42_1  |        0|   0|  3189|  2434|    0|
    |sdiv_38ns_24s_38_42_1_U144  |sdiv_38ns_24s_38_42_1  |        0|   0|  3189|  2434|    0|
    |sdiv_38ns_24s_38_42_1_U145  |sdiv_38ns_24s_38_42_1  |        0|   0|  3189|  2434|    0|
    |sdiv_38ns_24s_38_42_1_U146  |sdiv_38ns_24s_38_42_1  |        0|   0|  3189|  2434|    0|
    |sdiv_38ns_24s_38_42_1_U147  |sdiv_38ns_24s_38_42_1  |        0|   0|  3189|  2434|    0|
    |sdiv_38ns_24s_38_42_1_U148  |sdiv_38ns_24s_38_42_1  |        0|   0|  3189|  2434|    0|
    |sdiv_38ns_24s_38_42_1_U149  |sdiv_38ns_24s_38_42_1  |        0|   0|  3189|  2434|    0|
    |sdiv_38ns_24s_38_42_1_U150  |sdiv_38ns_24s_38_42_1  |        0|   0|  3189|  2434|    0|
    |sdiv_38ns_24s_38_42_1_U151  |sdiv_38ns_24s_38_42_1  |        0|   0|  3189|  2434|    0|
    |sdiv_38ns_24s_38_42_1_U152  |sdiv_38ns_24s_38_42_1  |        0|   0|  3189|  2434|    0|
    |sdiv_38ns_24s_38_42_1_U153  |sdiv_38ns_24s_38_42_1  |        0|   0|  3189|  2434|    0|
    +----------------------------+-----------------------+---------+----+------+------+-----+
    |Total                       |                       |        0|   0| 51024| 38944|    0|
    +----------------------------+-----------------------+---------+----+------+------+-----+

    * DSP: 
    N/A

    * Memory: 
    N/A

    * FIFO: 
    N/A

    * Expression: 
    +----------------------------+----------+----+---+----+------------+------------+
    |        Variable Name       | Operation| DSP| FF| LUT| Bitwidth P0| Bitwidth P1|
    +----------------------------+----------+----+---+----+------------+------------+
    |add_ln130_fu_632_p2         |         +|   0|  0|  14|           7|           5|
    |and_ln133_10_fu_1410_p2     |       and|   0|  0|   2|           1|           1|
    |and_ln133_11_fu_1428_p2     |       and|   0|  0|   2|           1|           1|
    |and_ln133_12_fu_1511_p2     |       and|   0|  0|   2|           1|           1|
    |and_ln133_13_fu_1529_p2     |       and|   0|  0|   2|           1|           1|
    |and_ln133_14_fu_1612_p2     |       and|   0|  0|   2|           1|           1|
    |and_ln133_15_fu_1630_p2     |       and|   0|  0|   2|           1|           1|
    |and_ln133_16_fu_1713_p2     |       and|   0|  0|   2|           1|           1|
    |and_ln133_17_fu_1731_p2     |       and|   0|  0|   2|           1|           1|
    |and_ln133_18_fu_1814_p2     |       and|   0|  0|   2|           1|           1|
    |and_ln133_19_fu_1832_p2     |       and|   0|  0|   2|           1|           1|
    |and_ln133_1_fu_923_p2       |       and|   0|  0|   2|           1|           1|
    |and_ln133_20_fu_1915_p2     |       and|   0|  0|   2|           1|           1|
    |and_ln133_21_fu_1933_p2     |       and|   0|  0|   2|           1|           1|
    |and_ln133_22_fu_2016_p2     |       and|   0|  0|   2|           1|           1|
    |and_ln133_23_fu_2034_p2     |       and|   0|  0|   2|           1|           1|
    |and_ln133_24_fu_2117_p2     |       and|   0|  0|   2|           1|           1|
    |and_ln133_25_fu_2135_p2     |       and|   0|  0|   2|           1|           1|
    |and_ln133_26_fu_2218_p2     |       and|   0|  0|   2|           1|           1|
    |and_ln133_27_fu_2236_p2     |       and|   0|  0|   2|           1|           1|
    |and_ln133_28_fu_2319_p2     |       and|   0|  0|   2|           1|           1|
    |and_ln133_29_fu_2337_p2     |       and|   0|  0|   2|           1|           1|
    |and_ln133_2_fu_1006_p2      |       and|   0|  0|   2|           1|           1|
    |and_ln133_30_fu_2420_p2     |       and|   0|  0|   2|           1|           1|
    |and_ln133_31_fu_2438_p2     |       and|   0|  0|   2|           1|           1|
    |and_ln133_3_fu_1024_p2      |       and|   0|  0|   2|           1|           1|
    |and_ln133_4_fu_1107_p2      |       and|   0|  0|   2|           1|           1|
    |and_ln133_5_fu_1125_p2      |       and|   0|  0|   2|           1|           1|
    |and_ln133_6_fu_1208_p2      |       and|   0|  0|   2|           1|           1|
    |and_ln133_7_fu_1226_p2      |       and|   0|  0|   2|           1|           1|
    |and_ln133_8_fu_1309_p2      |       and|   0|  0|   2|           1|           1|
    |and_ln133_9_fu_1327_p2      |       and|   0|  0|   2|           1|           1|
    |and_ln133_fu_905_p2         |       and|   0|  0|   2|           1|           1|
    |icmp_ln133_10_fu_1386_p2    |      icmp|   0|  0|  21|          14|           2|
    |icmp_ln133_11_fu_1392_p2    |      icmp|   0|  0|  21|          14|           1|
    |icmp_ln133_12_fu_1487_p2    |      icmp|   0|  0|  21|          14|           2|
    |icmp_ln133_13_fu_1493_p2    |      icmp|   0|  0|  21|          14|           1|
    |icmp_ln133_14_fu_1588_p2    |      icmp|   0|  0|  21|          14|           2|
    |icmp_ln133_15_fu_1594_p2    |      icmp|   0|  0|  21|          14|           1|
    |icmp_ln133_16_fu_1689_p2    |      icmp|   0|  0|  21|          14|           2|
    |icmp_ln133_17_fu_1695_p2    |      icmp|   0|  0|  21|          14|           1|
    |icmp_ln133_18_fu_1790_p2    |      icmp|   0|  0|  21|          14|           2|
    |icmp_ln133_19_fu_1796_p2    |      icmp|   0|  0|  21|          14|           1|
    |icmp_ln133_1_fu_887_p2      |      icmp|   0|  0|  21|          14|           1|
    |icmp_ln133_20_fu_1891_p2    |      icmp|   0|  0|  21|          14|           2|
    |icmp_ln133_21_fu_1897_p2    |      icmp|   0|  0|  21|          14|           1|
    |icmp_ln133_22_fu_1992_p2    |      icmp|   0|  0|  21|          14|           2|
    |icmp_ln133_23_fu_1998_p2    |      icmp|   0|  0|  21|          14|           1|
    |icmp_ln133_24_fu_2093_p2    |      icmp|   0|  0|  21|          14|           2|
    |icmp_ln133_25_fu_2099_p2    |      icmp|   0|  0|  21|          14|           1|
    |icmp_ln133_26_fu_2194_p2    |      icmp|   0|  0|  21|          14|           2|
    |icmp_ln133_27_fu_2200_p2    |      icmp|   0|  0|  21|          14|           1|
    |icmp_ln133_28_fu_2295_p2    |      icmp|   0|  0|  21|          14|           2|
    |icmp_ln133_29_fu_2301_p2    |      icmp|   0|  0|  21|          14|           1|
    |icmp_ln133_2_fu_982_p2      |      icmp|   0|  0|  21|          14|           2|
    |icmp_ln133_30_fu_2396_p2    |      icmp|   0|  0|  21|          14|           2|
    |icmp_ln133_31_fu_2402_p2    |      icmp|   0|  0|  21|          14|           1|
    |icmp_ln133_3_fu_988_p2      |      icmp|   0|  0|  21|          14|           1|
    |icmp_ln133_4_fu_1083_p2     |      icmp|   0|  0|  21|          14|           2|
    |icmp_ln133_5_fu_1089_p2     |      icmp|   0|  0|  21|          14|           1|
    |icmp_ln133_6_fu_1184_p2     |      icmp|   0|  0|  21|          14|           2|
    |icmp_ln133_7_fu_1190_p2     |      icmp|   0|  0|  21|          14|           1|
    |icmp_ln133_8_fu_1285_p2     |      icmp|   0|  0|  21|          14|           2|
    |icmp_ln133_9_fu_1291_p2     |      icmp|   0|  0|  21|          14|           1|
    |icmp_ln133_fu_881_p2        |      icmp|   0|  0|  21|          14|           2|
    |or_ln133_10_fu_1220_p2      |        or|   0|  0|   2|           1|           1|
    |or_ln133_11_fu_1240_p2      |        or|   0|  0|   2|           1|           1|
    |or_ln133_12_fu_1297_p2      |        or|   0|  0|   2|           1|           1|
    |or_ln133_13_fu_1321_p2      |        or|   0|  0|   2|           1|           1|
    |or_ln133_14_fu_1341_p2      |        or|   0|  0|   2|           1|           1|
    |or_ln133_15_fu_1398_p2      |        or|   0|  0|   2|           1|           1|
    |or_ln133_16_fu_1422_p2      |        or|   0|  0|   2|           1|           1|
    |or_ln133_17_fu_1442_p2      |        or|   0|  0|   2|           1|           1|
    |or_ln133_18_fu_1499_p2      |        or|   0|  0|   2|           1|           1|
    |or_ln133_19_fu_1523_p2      |        or|   0|  0|   2|           1|           1|
    |or_ln133_1_fu_917_p2        |        or|   0|  0|   2|           1|           1|
    |or_ln133_20_fu_1543_p2      |        or|   0|  0|   2|           1|           1|
    |or_ln133_21_fu_1600_p2      |        or|   0|  0|   2|           1|           1|
    |or_ln133_22_fu_1624_p2      |        or|   0|  0|   2|           1|           1|
    |or_ln133_23_fu_1644_p2      |        or|   0|  0|   2|           1|           1|
    |or_ln133_24_fu_1701_p2      |        or|   0|  0|   2|           1|           1|
    |or_ln133_25_fu_1725_p2      |        or|   0|  0|   2|           1|           1|
    |or_ln133_26_fu_1745_p2      |        or|   0|  0|   2|           1|           1|
    |or_ln133_27_fu_1802_p2      |        or|   0|  0|   2|           1|           1|
    |or_ln133_28_fu_1826_p2      |        or|   0|  0|   2|           1|           1|
    |or_ln133_29_fu_1846_p2      |        or|   0|  0|   2|           1|           1|
    |or_ln133_2_fu_937_p2        |        or|   0|  0|   2|           1|           1|
    |or_ln133_30_fu_1903_p2      |        or|   0|  0|   2|           1|           1|
    |or_ln133_31_fu_1927_p2      |        or|   0|  0|   2|           1|           1|
    |or_ln133_32_fu_1947_p2      |        or|   0|  0|   2|           1|           1|
    |or_ln133_33_fu_2004_p2      |        or|   0|  0|   2|           1|           1|
    |or_ln133_34_fu_2028_p2      |        or|   0|  0|   2|           1|           1|
    |or_ln133_35_fu_2048_p2      |        or|   0|  0|   2|           1|           1|
    |or_ln133_36_fu_2105_p2      |        or|   0|  0|   2|           1|           1|
    |or_ln133_37_fu_2129_p2      |        or|   0|  0|   2|           1|           1|
    |or_ln133_38_fu_2149_p2      |        or|   0|  0|   2|           1|           1|
    |or_ln133_39_fu_2206_p2      |        or|   0|  0|   2|           1|           1|
    |or_ln133_3_fu_994_p2        |        or|   0|  0|   2|           1|           1|
    |or_ln133_40_fu_2230_p2      |        or|   0|  0|   2|           1|           1|
    |or_ln133_41_fu_2250_p2      |        or|   0|  0|   2|           1|           1|
    |or_ln133_42_fu_2307_p2      |        or|   0|  0|   2|           1|           1|
    |or_ln133_43_fu_2331_p2      |        or|   0|  0|   2|           1|           1|
    |or_ln133_44_fu_2351_p2      |        or|   0|  0|   2|           1|           1|
    |or_ln133_45_fu_2408_p2      |        or|   0|  0|   2|           1|           1|
    |or_ln133_46_fu_2432_p2      |        or|   0|  0|   2|           1|           1|
    |or_ln133_47_fu_2452_p2      |        or|   0|  0|   2|           1|           1|
    |or_ln133_4_fu_1018_p2       |        or|   0|  0|   2|           1|           1|
    |or_ln133_5_fu_1038_p2       |        or|   0|  0|   2|           1|           1|
    |or_ln133_6_fu_1095_p2       |        or|   0|  0|   2|           1|           1|
    |or_ln133_7_fu_1119_p2       |        or|   0|  0|   2|           1|           1|
    |or_ln133_8_fu_1139_p2       |        or|   0|  0|   2|           1|           1|
    |or_ln133_9_fu_1196_p2       |        or|   0|  0|   2|           1|           1|
    |or_ln133_fu_893_p2          |        or|   0|  0|   2|           1|           1|
    |select_ln133_10_fu_1434_p3  |    select|   0|  0|  24|           1|          23|
    |select_ln133_12_fu_1535_p3  |    select|   0|  0|  24|           1|          23|
    |select_ln133_14_fu_1636_p3  |    select|   0|  0|  24|           1|          23|
    |select_ln133_16_fu_1737_p3  |    select|   0|  0|  24|           1|          23|
    |select_ln133_18_fu_1838_p3  |    select|   0|  0|  24|           1|          23|
    |select_ln133_20_fu_1939_p3  |    select|   0|  0|  24|           1|          23|
    |select_ln133_22_fu_2040_p3  |    select|   0|  0|  24|           1|          23|
    |select_ln133_24_fu_2141_p3  |    select|   0|  0|  24|           1|          23|
    |select_ln133_26_fu_2242_p3  |    select|   0|  0|  24|           1|          23|
    |select_ln133_28_fu_2343_p3  |    select|   0|  0|  24|           1|          23|
    |select_ln133_2_fu_1030_p3   |    select|   0|  0|  24|           1|          23|
    |select_ln133_30_fu_2444_p3  |    select|   0|  0|  24|           1|          23|
    |select_ln133_4_fu_1131_p3   |    select|   0|  0|  24|           1|          23|
    |select_ln133_6_fu_1232_p3   |    select|   0|  0|  24|           1|          23|
    |select_ln133_8_fu_1333_p3   |    select|   0|  0|  24|           1|          23|
    |select_ln133_fu_929_p3      |    select|   0|  0|  24|           1|          23|
    |val_1_fu_943_p3             |    select|   0|  0|  24|           1|          24|
    |val_31_fu_2458_p3           |    select|   0|  0|  24|           1|          24|
    |val_33_fu_1044_p3           |    select|   0|  0|  24|           1|          24|
    |val_35_fu_1145_p3           |    select|   0|  0|  24|           1|          24|
    |val_37_fu_1246_p3           |    select|   0|  0|  24|           1|          24|
    |val_39_fu_1347_p3           |    select|   0|  0|  24|           1|          24|
    |val_41_fu_1448_p3           |    select|   0|  0|  24|           1|          24|
    |val_43_fu_1549_p3           |    select|   0|  0|  24|           1|          24|
    |val_45_fu_1650_p3           |    select|   0|  0|  24|           1|          24|
    |val_47_fu_1751_p3           |    select|   0|  0|  24|           1|          24|
    |val_49_fu_1852_p3           |    select|   0|  0|  24|           1|          24|
    |val_51_fu_1953_p3           |    select|   0|  0|  24|           1|          24|
    |val_53_fu_2054_p3           |    select|   0|  0|  24|           1|          24|
    |val_55_fu_2155_p3           |    select|   0|  0|  24|           1|          24|
    |val_57_fu_2256_p3           |    select|   0|  0|  24|           1|          24|
    |val_59_fu_2357_p3           |    select|   0|  0|  24|           1|          24|
    |ap_enable_pp0               |       xor|   0|  0|   2|           1|           2|
    |xor_ln133_10_fu_1404_p2     |       xor|   0|  0|   2|           1|           2|
    |xor_ln133_11_fu_1416_p2     |       xor|   0|  0|   2|           1|           2|
    |xor_ln133_12_fu_1505_p2     |       xor|   0|  0|   2|           1|           2|
    |xor_ln133_13_fu_1517_p2     |       xor|   0|  0|   2|           1|           2|
    |xor_ln133_14_fu_1606_p2     |       xor|   0|  0|   2|           1|           2|
    |xor_ln133_15_fu_1618_p2     |       xor|   0|  0|   2|           1|           2|
    |xor_ln133_16_fu_1707_p2     |       xor|   0|  0|   2|           1|           2|
    |xor_ln133_17_fu_1719_p2     |       xor|   0|  0|   2|           1|           2|
    |xor_ln133_18_fu_1808_p2     |       xor|   0|  0|   2|           1|           2|
    |xor_ln133_19_fu_1820_p2     |       xor|   0|  0|   2|           1|           2|
    |xor_ln133_1_fu_911_p2       |       xor|   0|  0|   2|           1|           2|
    |xor_ln133_20_fu_1909_p2     |       xor|   0|  0|   2|           1|           2|
    |xor_ln133_21_fu_1921_p2     |       xor|   0|  0|   2|           1|           2|
    |xor_ln133_22_fu_2010_p2     |       xor|   0|  0|   2|           1|           2|
    |xor_ln133_23_fu_2022_p2     |       xor|   0|  0|   2|           1|           2|
    |xor_ln133_24_fu_2111_p2     |       xor|   0|  0|   2|           1|           2|
    |xor_ln133_25_fu_2123_p2     |       xor|   0|  0|   2|           1|           2|
    |xor_ln133_26_fu_2212_p2     |       xor|   0|  0|   2|           1|           2|
    |xor_ln133_27_fu_2224_p2     |       xor|   0|  0|   2|           1|           2|
    |xor_ln133_28_fu_2313_p2     |       xor|   0|  0|   2|           1|           2|
    |xor_ln133_29_fu_2325_p2     |       xor|   0|  0|   2|           1|           2|
    |xor_ln133_2_fu_1000_p2      |       xor|   0|  0|   2|           1|           2|
    |xor_ln133_30_fu_2414_p2     |       xor|   0|  0|   2|           1|           2|
    |xor_ln133_31_fu_2426_p2     |       xor|   0|  0|   2|           1|           2|
    |xor_ln133_3_fu_1012_p2      |       xor|   0|  0|   2|           1|           2|
    |xor_ln133_4_fu_1101_p2      |       xor|   0|  0|   2|           1|           2|
    |xor_ln133_5_fu_1113_p2      |       xor|   0|  0|   2|           1|           2|
    |xor_ln133_6_fu_1202_p2      |       xor|   0|  0|   2|           1|           2|
    |xor_ln133_7_fu_1214_p2      |       xor|   0|  0|   2|           1|           2|
    |xor_ln133_8_fu_1303_p2      |       xor|   0|  0|   2|           1|           2|
    |xor_ln133_9_fu_1315_p2      |       xor|   0|  0|   2|           1|           2|
    |xor_ln133_fu_899_p2         |       xor|   0|  0|   2|           1|           2|
    +----------------------------+----------+----+---+----+------------+------------+
    |Total                       |          |   0|  0|1680|         600|         951|
    +----------------------------+----------+----+---+----+------------+------------+

    * Multiplexer: 
    +-------------------------+----+-----------+-----+-----------+
    |           Name          | LUT| Input Size| Bits| Total Bits|
    +-------------------------+----+-----------+-----+-----------+
    |ap_done_int              |   9|          2|    1|          2|
    |ap_enable_reg_pp0_iter1  |   9|          2|    1|          2|
    |ap_sig_allocacmp_j_1     |   9|          2|    7|         14|
    |j_fu_132                 |   9|          2|    7|         14|
    +-------------------------+----+-----------+-----+-----------+
    |Total                    |  36|          8|   16|         32|
    +-------------------------+----+-----------+-----+-----------+

    * Register: 
    +-----------------------------------+----+----+-----+-----------+
    |                Name               | FF | LUT| Bits| Const Bits|
    +-----------------------------------+----+----+-----+-----------+
    |ap_CS_fsm                          |   1|   0|    1|          0|
    |ap_done_reg                        |   1|   0|    1|          0|
    |ap_enable_reg_pp0_iter1            |   1|   0|    1|          0|
    |ap_enable_reg_pp0_iter10           |   1|   0|    1|          0|
    |ap_enable_reg_pp0_iter11           |   1|   0|    1|          0|
    |ap_enable_reg_pp0_iter12           |   1|   0|    1|          0|
    |ap_enable_reg_pp0_iter13           |   1|   0|    1|          0|
    |ap_enable_reg_pp0_iter14           |   1|   0|    1|          0|
    |ap_enable_reg_pp0_iter15           |   1|   0|    1|          0|
    |ap_enable_reg_pp0_iter16           |   1|   0|    1|          0|
    |ap_enable_reg_pp0_iter17           |   1|   0|    1|          0|
    |ap_enable_reg_pp0_iter18           |   1|   0|    1|          0|
    |ap_enable_reg_pp0_iter19           |   1|   0|    1|          0|
    |ap_enable_reg_pp0_iter2            |   1|   0|    1|          0|
    |ap_enable_reg_pp0_iter20           |   1|   0|    1|          0|
    |ap_enable_reg_pp0_iter21           |   1|   0|    1|          0|
    |ap_enable_reg_pp0_iter22           |   1|   0|    1|          0|
    |ap_enable_reg_pp0_iter23           |   1|   0|    1|          0|
    |ap_enable_reg_pp0_iter24           |   1|   0|    1|          0|
    |ap_enable_reg_pp0_iter25           |   1|   0|    1|          0|
    |ap_enable_reg_pp0_iter26           |   1|   0|    1|          0|
    |ap_enable_reg_pp0_iter27           |   1|   0|    1|          0|
    |ap_enable_reg_pp0_iter28           |   1|   0|    1|          0|
    |ap_enable_reg_pp0_iter29           |   1|   0|    1|          0|
    |ap_enable_reg_pp0_iter3            |   1|   0|    1|          0|
    |ap_enable_reg_pp0_iter30           |   1|   0|    1|          0|
    |ap_enable_reg_pp0_iter31           |   1|   0|    1|          0|
    |ap_enable_reg_pp0_iter32           |   1|   0|    1|          0|
    |ap_enable_reg_pp0_iter33           |   1|   0|    1|          0|
    |ap_enable_reg_pp0_iter34           |   1|   0|    1|          0|
    |ap_enable_reg_pp0_iter35           |   1|   0|    1|          0|
    |ap_enable_reg_pp0_iter36           |   1|   0|    1|          0|
    |ap_enable_reg_pp0_iter37           |   1|   0|    1|          0|
    |ap_enable_reg_pp0_iter38           |   1|   0|    1|          0|
    |ap_enable_reg_pp0_iter39           |   1|   0|    1|          0|
    |ap_enable_reg_pp0_iter4            |   1|   0|    1|          0|
    |ap_enable_reg_pp0_iter40           |   1|   0|    1|          0|
    |ap_enable_reg_pp0_iter41           |   1|   0|    1|          0|
    |ap_enable_reg_pp0_iter42           |   1|   0|    1|          0|
    |ap_enable_reg_pp0_iter5            |   1|   0|    1|          0|
    |ap_enable_reg_pp0_iter6            |   1|   0|    1|          0|
    |ap_enable_reg_pp0_iter7            |   1|   0|    1|          0|
    |ap_enable_reg_pp0_iter8            |   1|   0|    1|          0|
    |ap_enable_reg_pp0_iter9            |   1|   0|    1|          0|
    |ap_loop_exit_ready_pp0_iter10_reg  |   1|   0|    1|          0|
    |ap_loop_exit_ready_pp0_iter11_reg  |   1|   0|    1|          0|
    |ap_loop_exit_ready_pp0_iter12_reg  |   1|   0|    1|          0|
    |ap_loop_exit_ready_pp0_iter13_reg  |   1|   0|    1|          0|
    |ap_loop_exit_ready_pp0_iter14_reg  |   1|   0|    1|          0|
    |ap_loop_exit_ready_pp0_iter15_reg  |   1|   0|    1|          0|
    |ap_loop_exit_ready_pp0_iter16_reg  |   1|   0|    1|          0|
    |ap_loop_exit_ready_pp0_iter17_reg  |   1|   0|    1|          0|
    |ap_loop_exit_ready_pp0_iter18_reg  |   1|   0|    1|          0|
    |ap_loop_exit_ready_pp0_iter19_reg  |   1|   0|    1|          0|
    |ap_loop_exit_ready_pp0_iter1_reg   |   1|   0|    1|          0|
    |ap_loop_exit_ready_pp0_iter20_reg  |   1|   0|    1|          0|
    |ap_loop_exit_ready_pp0_iter21_reg  |   1|   0|    1|          0|
    |ap_loop_exit_ready_pp0_iter22_reg  |   1|   0|    1|          0|
    |ap_loop_exit_ready_pp0_iter23_reg  |   1|   0|    1|          0|
    |ap_loop_exit_ready_pp0_iter24_reg  |   1|   0|    1|          0|
    |ap_loop_exit_ready_pp0_iter25_reg  |   1|   0|    1|          0|
    |ap_loop_exit_ready_pp0_iter26_reg  |   1|   0|    1|          0|
    |ap_loop_exit_ready_pp0_iter27_reg  |   1|   0|    1|          0|
    |ap_loop_exit_ready_pp0_iter28_reg  |   1|   0|    1|          0|
    |ap_loop_exit_ready_pp0_iter29_reg  |   1|   0|    1|          0|
    |ap_loop_exit_ready_pp0_iter2_reg   |   1|   0|    1|          0|
    |ap_loop_exit_ready_pp0_iter30_reg  |   1|   0|    1|          0|
    |ap_loop_exit_ready_pp0_iter31_reg  |   1|   0|    1|          0|
    |ap_loop_exit_ready_pp0_iter32_reg  |   1|   0|    1|          0|
    |ap_loop_exit_ready_pp0_iter33_reg  |   1|   0|    1|          0|
    |ap_loop_exit_ready_pp0_iter34_reg  |   1|   0|    1|          0|
    |ap_loop_exit_ready_pp0_iter35_reg  |   1|   0|    1|          0|
    |ap_loop_exit_ready_pp0_iter36_reg  |   1|   0|    1|          0|
    |ap_loop_exit_ready_pp0_iter37_reg  |   1|   0|    1|          0|
    |ap_loop_exit_ready_pp0_iter38_reg  |   1|   0|    1|          0|
    |ap_loop_exit_ready_pp0_iter39_reg  |   1|   0|    1|          0|
    |ap_loop_exit_ready_pp0_iter3_reg   |   1|   0|    1|          0|
    |ap_loop_exit_ready_pp0_iter40_reg  |   1|   0|    1|          0|
    |ap_loop_exit_ready_pp0_iter41_reg  |   1|   0|    1|          0|
    |ap_loop_exit_ready_pp0_iter4_reg   |   1|   0|    1|          0|
    |ap_loop_exit_ready_pp0_iter5_reg   |   1|   0|    1|          0|
    |ap_loop_exit_ready_pp0_iter6_reg   |   1|   0|    1|          0|
    |ap_loop_exit_ready_pp0_iter7_reg   |   1|   0|    1|          0|
    |ap_loop_exit_ready_pp0_iter8_reg   |   1|   0|    1|          0|
    |ap_loop_exit_ready_pp0_iter9_reg   |   1|   0|    1|          0|
    |conv_i349_1_cast_reg_2474          |  38|   0|   38|          0|
    |j_fu_132                           |   7|   0|    7|          0|
    |zext_ln133_reg_2498                |   9|   0|   64|         55|
    |zext_ln133_reg_2498                |  64|  32|   64|         55|
    +-----------------------------------+----+----+-----+-----------+
    |Total                              | 203|  32|  258|        110|
    +-----------------------------------+----+----+-----+-----------+



================================================================
== Interface
================================================================
* Summary: 
+-----------------+-----+-----+------------+---------------------------------------+--------------+
|    RTL Ports    | Dir | Bits|  Protocol  |             Source Object             |    C Type    |
+-----------------+-----+-----+------------+---------------------------------------+--------------+
|ap_clk           |   in|    1|  ap_ctrl_hs|  top_kernel_Pipeline_VITIS_LOOP_130_62|  return value|
|ap_rst           |   in|    1|  ap_ctrl_hs|  top_kernel_Pipeline_VITIS_LOOP_130_62|  return value|
|ap_start         |   in|    1|  ap_ctrl_hs|  top_kernel_Pipeline_VITIS_LOOP_130_62|  return value|
|ap_done          |  out|    1|  ap_ctrl_hs|  top_kernel_Pipeline_VITIS_LOOP_130_62|  return value|
|ap_idle          |  out|    1|  ap_ctrl_hs|  top_kernel_Pipeline_VITIS_LOOP_130_62|  return value|
|ap_ready         |  out|    1|  ap_ctrl_hs|  top_kernel_Pipeline_VITIS_LOOP_130_62|  return value|
|i_1              |   in|    8|     ap_none|                                    i_1|        scalar|
|A_17_address0    |  out|    9|   ap_memory|                                   A_17|         array|
|A_17_ce0         |  out|    1|   ap_memory|                                   A_17|         array|
|A_17_q0          |   in|   24|   ap_memory|                                   A_17|         array|
|A_18_address0    |  out|    9|   ap_memory|                                   A_18|         array|
|A_18_ce0         |  out|    1|   ap_memory|                                   A_18|         array|
|A_18_q0          |   in|   24|   ap_memory|                                   A_18|         array|
|A_19_address0    |  out|    9|   ap_memory|                                   A_19|         array|
|A_19_ce0         |  out|    1|   ap_memory|                                   A_19|         array|
|A_19_q0          |   in|   24|   ap_memory|                                   A_19|         array|
|A_20_address0    |  out|    9|   ap_memory|                                   A_20|         array|
|A_20_ce0         |  out|    1|   ap_memory|                                   A_20|         array|
|A_20_q0          |   in|   24|   ap_memory|                                   A_20|         array|
|A_21_address0    |  out|    9|   ap_memory|                                   A_21|         array|
|A_21_ce0         |  out|    1|   ap_memory|                                   A_21|         array|
|A_21_q0          |   in|   24|   ap_memory|                                   A_21|         array|
|A_22_address0    |  out|    9|   ap_memory|                                   A_22|         array|
|A_22_ce0         |  out|    1|   ap_memory|                                   A_22|         array|
|A_22_q0          |   in|   24|   ap_memory|                                   A_22|         array|
|A_23_address0    |  out|    9|   ap_memory|                                   A_23|         array|
|A_23_ce0         |  out|    1|   ap_memory|                                   A_23|         array|
|A_23_q0          |   in|   24|   ap_memory|                                   A_23|         array|
|A_24_address0    |  out|    9|   ap_memory|                                   A_24|         array|
|A_24_ce0         |  out|    1|   ap_memory|                                   A_24|         array|
|A_24_q0          |   in|   24|   ap_memory|                                   A_24|         array|
|A_25_address0    |  out|    9|   ap_memory|                                   A_25|         array|
|A_25_ce0         |  out|    1|   ap_memory|                                   A_25|         array|
|A_25_q0          |   in|   24|   ap_memory|                                   A_25|         array|
|A_26_address0    |  out|    9|   ap_memory|                                   A_26|         array|
|A_26_ce0         |  out|    1|   ap_memory|                                   A_26|         array|
|A_26_q0          |   in|   24|   ap_memory|                                   A_26|         array|
|A_27_address0    |  out|    9|   ap_memory|                                   A_27|         array|
|A_27_ce0         |  out|    1|   ap_memory|                                   A_27|         array|
|A_27_q0          |   in|   24|   ap_memory|                                   A_27|         array|
|A_28_address0    |  out|    9|   ap_memory|                                   A_28|         array|
|A_28_ce0         |  out|    1|   ap_memory|                                   A_28|         array|
|A_28_q0          |   in|   24|   ap_memory|                                   A_28|         array|
|A_29_address0    |  out|    9|   ap_memory|                                   A_29|         array|
|A_29_ce0         |  out|    1|   ap_memory|                                   A_29|         array|
|A_29_q0          |   in|   24|   ap_memory|                                   A_29|         array|
|A_30_address0    |  out|    9|   ap_memory|                                   A_30|         array|
|A_30_ce0         |  out|    1|   ap_memory|                                   A_30|         array|
|A_30_q0          |   in|   24|   ap_memory|                                   A_30|         array|
|A_31_address0    |  out|    9|   ap_memory|                                   A_31|         array|
|A_31_ce0         |  out|    1|   ap_memory|                                   A_31|         array|
|A_31_q0          |   in|   24|   ap_memory|                                   A_31|         array|
|A_32_address0    |  out|    9|   ap_memory|                                   A_32|         array|
|A_32_ce0         |  out|    1|   ap_memory|                                   A_32|         array|
|A_32_q0          |   in|   24|   ap_memory|                                   A_32|         array|
|tmp_16_address0  |  out|    9|   ap_memory|                                 tmp_16|         array|
|tmp_16_ce0       |  out|    1|   ap_memory|                                 tmp_16|         array|
|tmp_16_we0       |  out|    1|   ap_memory|                                 tmp_16|         array|
|tmp_16_d0        |  out|   24|   ap_memory|                                 tmp_16|         array|
|tmp_17_address0  |  out|    9|   ap_memory|                                 tmp_17|         array|
|tmp_17_ce0       |  out|    1|   ap_memory|                                 tmp_17|         array|
|tmp_17_we0       |  out|    1|   ap_memory|                                 tmp_17|         array|
|tmp_17_d0        |  out|   24|   ap_memory|                                 tmp_17|         array|
|tmp_18_address0  |  out|    9|   ap_memory|                                 tmp_18|         array|
|tmp_18_ce0       |  out|    1|   ap_memory|                                 tmp_18|         array|
|tmp_18_we0       |  out|    1|   ap_memory|                                 tmp_18|         array|
|tmp_18_d0        |  out|   24|   ap_memory|                                 tmp_18|         array|
|tmp_19_address0  |  out|    9|   ap_memory|                                 tmp_19|         array|
|tmp_19_ce0       |  out|    1|   ap_memory|                                 tmp_19|         array|
|tmp_19_we0       |  out|    1|   ap_memory|                                 tmp_19|         array|
|tmp_19_d0        |  out|   24|   ap_memory|                                 tmp_19|         array|
|tmp_20_address0  |  out|    9|   ap_memory|                                 tmp_20|         array|
|tmp_20_ce0       |  out|    1|   ap_memory|                                 tmp_20|         array|
|tmp_20_we0       |  out|    1|   ap_memory|                                 tmp_20|         array|
|tmp_20_d0        |  out|   24|   ap_memory|                                 tmp_20|         array|
|tmp_21_address0  |  out|    9|   ap_memory|                                 tmp_21|         array|
|tmp_21_ce0       |  out|    1|   ap_memory|                                 tmp_21|         array|
|tmp_21_we0       |  out|    1|   ap_memory|                                 tmp_21|         array|
|tmp_21_d0        |  out|   24|   ap_memory|                                 tmp_21|         array|
|tmp_22_address0  |  out|    9|   ap_memory|                                 tmp_22|         array|
|tmp_22_ce0       |  out|    1|   ap_memory|                                 tmp_22|         array|
|tmp_22_we0       |  out|    1|   ap_memory|                                 tmp_22|         array|
|tmp_22_d0        |  out|   24|   ap_memory|                                 tmp_22|         array|
|tmp_23_address0  |  out|    9|   ap_memory|                                 tmp_23|         array|
|tmp_23_ce0       |  out|    1|   ap_memory|                                 tmp_23|         array|
|tmp_23_we0       |  out|    1|   ap_memory|                                 tmp_23|         array|
|tmp_23_d0        |  out|   24|   ap_memory|                                 tmp_23|         array|
|tmp_24_address0  |  out|    9|   ap_memory|                                 tmp_24|         array|
|tmp_24_ce0       |  out|    1|   ap_memory|                                 tmp_24|         array|
|tmp_24_we0       |  out|    1|   ap_memory|                                 tmp_24|         array|
|tmp_24_d0        |  out|   24|   ap_memory|                                 tmp_24|         array|
|tmp_25_address0  |  out|    9|   ap_memory|                                 tmp_25|         array|
|tmp_25_ce0       |  out|    1|   ap_memory|                                 tmp_25|         array|
|tmp_25_we0       |  out|    1|   ap_memory|                                 tmp_25|         array|
|tmp_25_d0        |  out|   24|   ap_memory|                                 tmp_25|         array|
|tmp_26_address0  |  out|    9|   ap_memory|                                 tmp_26|         array|
|tmp_26_ce0       |  out|    1|   ap_memory|                                 tmp_26|         array|
|tmp_26_we0       |  out|    1|   ap_memory|                                 tmp_26|         array|
|tmp_26_d0        |  out|   24|   ap_memory|                                 tmp_26|         array|
|tmp_27_address0  |  out|    9|   ap_memory|                                 tmp_27|         array|
|tmp_27_ce0       |  out|    1|   ap_memory|                                 tmp_27|         array|
|tmp_27_we0       |  out|    1|   ap_memory|                                 tmp_27|         array|
|tmp_27_d0        |  out|   24|   ap_memory|                                 tmp_27|         array|
|tmp_28_address0  |  out|    9|   ap_memory|                                 tmp_28|         array|
|tmp_28_ce0       |  out|    1|   ap_memory|                                 tmp_28|         array|
|tmp_28_we0       |  out|    1|   ap_memory|                                 tmp_28|         array|
|tmp_28_d0        |  out|   24|   ap_memory|                                 tmp_28|         array|
|tmp_29_address0  |  out|    9|   ap_memory|                                 tmp_29|         array|
|tmp_29_ce0       |  out|    1|   ap_memory|                                 tmp_29|         array|
|tmp_29_we0       |  out|    1|   ap_memory|                                 tmp_29|         array|
|tmp_29_d0        |  out|   24|   ap_memory|                                 tmp_29|         array|
|tmp_30_address0  |  out|    9|   ap_memory|                                 tmp_30|         array|
|tmp_30_ce0       |  out|    1|   ap_memory|                                 tmp_30|         array|
|tmp_30_we0       |  out|    1|   ap_memory|                                 tmp_30|         array|
|tmp_30_d0        |  out|   24|   ap_memory|                                 tmp_30|         array|
|tmp_31_address0  |  out|    9|   ap_memory|                                 tmp_31|         array|
|tmp_31_ce0       |  out|    1|   ap_memory|                                 tmp_31|         array|
|tmp_31_we0       |  out|    1|   ap_memory|                                 tmp_31|         array|
|tmp_31_d0        |  out|   24|   ap_memory|                                 tmp_31|         array|
|conv_i349_1      |   in|   24|     ap_none|                            conv_i349_1|        scalar|
+-----------------+-----+-----+------------+---------------------------------------+--------------+

