

================================================================
== Vitis HLS Report for 'top_kernel_Pipeline_VITIS_LOOP_225_5_VITIS_LOOP_226_6'
================================================================
* Date:           Sat Feb  7 23:17:48 2026

* Version:        2025.1.1 (Build 6214317 on Sep 11 2025)
* Project:        project_1
* Solution:       hls (Vivado IP Flow Target)
* Product family: zynquplus
* Target device:  xczu3eg-sbva484-1-e


================================================================
== Performance Estimates
================================================================
+ Timing: 
    * Summary: 
    +--------+----------+----------+------------+
    |  Clock |  Target  | Estimated| Uncertainty|
    +--------+----------+----------+------------+
    |ap_clk  |  10.00 ns|  7.300 ns|     2.70 ns|
    +--------+----------+----------+------------+

+ Latency: 
    * Summary: 
    +---------+---------+----------+----------+-------+-------+------------------------------------------------+
    |  Latency (cycles) |  Latency (absolute) |    Interval   |                    Pipeline                    |
    |   min   |   max   |    min   |    max   |  min  |  max  |                      Type                      |
    +---------+---------+----------+----------+-------+-------+------------------------------------------------+
    |    16388|    16388|  0.164 ms|  0.164 ms|  16385|  16385|  loop auto-rewind stp (delay=0 clock cycles(s))|
    +---------+---------+----------+----------+-------+-------+------------------------------------------------+

    + Detail: 
        * Instance: 
        N/A

        * Loop: 
        +-------------------------------------+---------+---------+----------+-----------+-----------+-------+----------+
        |                                     |  Latency (cycles) | Iteration|  Initiation Interval  |  Trip |          |
        |              Loop Name              |   min   |   max   |  Latency |  achieved |   target  | Count | Pipelined|
        +-------------------------------------+---------+---------+----------+-----------+-----------+-------+----------+
        |- VITIS_LOOP_225_5_VITIS_LOOP_226_6  |    16386|    16386|         4|          1|          1|  16384|       yes|
        +-------------------------------------+---------+---------+----------+-----------+-----------+-------+----------+



================================================================
== Utilization Estimates
================================================================
* Summary: 
+-----------------+---------+-----+--------+-------+-----+
|       Name      | BRAM_18K| DSP |   FF   |  LUT  | URAM|
+-----------------+---------+-----+--------+-------+-----+
|DSP              |        -|    -|       -|      -|    -|
|Expression       |        -|    -|       0|    349|    -|
|FIFO             |        -|    -|       -|      -|    -|
|Instance         |        -|    1|       0|    460|    -|
|Memory           |        -|    -|       -|      -|    -|
|Multiplexer      |        -|    -|       0|     81|    -|
|Register         |        -|    -|    1629|      -|    -|
+-----------------+---------+-----+--------+-------+-----+
|Total            |        0|    1|    1629|    890|    0|
+-----------------+---------+-----+--------+-------+-----+
|Available        |      432|  360|  141120|  70560|    0|
+-----------------+---------+-----+--------+-------+-----+
|Utilization (%)  |        0|   ~0|       1|      1|    0|
+-----------------+---------+-----+--------+-------+-----+

+ Detail: 
    * Instance: 
    +----------------------------+------------------------+---------+----+---+-----+-----+
    |          Instance          |         Module         | BRAM_18K| DSP| FF| LUT | URAM|
    +----------------------------+------------------------+---------+----+---+-----+-----+
    |mul_17s_24s_41_1_1_U70      |mul_17s_24s_41_1_1      |        0|   1|  0|   39|    0|
    |sparsemux_129_6_24_1_1_U69  |sparsemux_129_6_24_1_1  |        0|   0|  0|  273|    0|
    |sparsemux_65_5_24_1_1_U68   |sparsemux_65_5_24_1_1   |        0|   0|  0|  148|    0|
    +----------------------------+------------------------+---------+----+---+-----+-----+
    |Total                       |                        |        0|   1|  0|  460|    0|
    +----------------------------+------------------------+---------+----+---+-----+-----+

    * DSP: 
    N/A

    * Memory: 
    N/A

    * FIFO: 
    N/A

    * Expression: 
    +---------------------------+----------+----+---+----+------------+------------+
    |       Variable Name       | Operation| DSP| FF| LUT| Bitwidth P0| Bitwidth P1|
    +---------------------------+----------+----+---+----+------------+------------+
    |add_ln225_1_fu_2090_p2     |         +|   0|  0|  16|           9|           1|
    |add_ln225_fu_2064_p2       |         +|   0|  0|  22|          15|           1|
    |add_ln226_fu_2222_p2       |         +|   0|  0|  14|           7|           1|
    |add_ln231_fu_3279_p2       |         +|   0|  0|  31|          24|          24|
    |sub_ln230_1_fu_2741_p2     |         -|   0|  0|  24|           1|          17|
    |sub_ln230_fu_2721_p2       |         -|   0|  0|  45|           1|          38|
    |and_ln231_1_fu_3365_p2     |       and|   0|  0|   2|           1|           1|
    |and_ln231_2_fu_3379_p2     |       and|   0|  0|   2|           1|           1|
    |and_ln231_3_fu_3403_p2     |       and|   0|  0|   2|           1|           1|
    |and_ln231_4_fu_3409_p2     |       and|   0|  0|   2|           1|           1|
    |and_ln231_5_fu_3427_p2     |       and|   0|  0|   2|           1|           1|
    |and_ln231_fu_3299_p2       |       and|   0|  0|   2|           1|           1|
    |ap_block_pp0_stage0_11001  |       and|   0|  0|   2|           1|           1|
    |first_iter_0_fu_2104_p2    |      icmp|   0|  0|  14|           7|           1|
    |icmp_ln225_fu_2058_p2      |      icmp|   0|  0|  23|          15|          16|
    |icmp_ln226_fu_2076_p2      |      icmp|   0|  0|  15|           7|           8|
    |icmp_ln231_1_fu_3339_p2    |      icmp|   0|  0|  10|           3|           2|
    |icmp_ln231_2_fu_3345_p2    |      icmp|   0|  0|  10|           3|           1|
    |icmp_ln231_fu_3323_p2      |      icmp|   0|  0|   9|           2|           2|
    |or_ln231_1_fu_3441_p2      |        or|   0|  0|   2|           1|           1|
    |or_ln231_2_fu_3415_p2      |        or|   0|  0|   2|           1|           1|
    |or_ln231_fu_3391_p2        |        or|   0|  0|   2|           1|           1|
    |scale_fu_2761_p3           |    select|   0|  0|  17|           1|          17|
    |select_ln225_1_fu_2096_p3  |    select|   0|  0|   8|           1|           9|
    |select_ln225_fu_2082_p3    |    select|   0|  0|   7|           1|           1|
    |select_ln231_1_fu_3371_p3  |    select|   0|  0|   2|           1|           1|
    |select_ln231_2_fu_3433_p3  |    select|   0|  0|  24|           1|          23|
    |select_ln231_3_fu_3447_p3  |    select|   0|  0|  24|           1|          24|
    |select_ln231_fu_3351_p3    |    select|   0|  0|   2|           1|           1|
    |ap_enable_pp0              |       xor|   0|  0|   2|           1|           2|
    |xor_ln231_1_fu_3359_p2     |       xor|   0|  0|   2|           1|           2|
    |xor_ln231_2_fu_3385_p2     |       xor|   0|  0|   2|           1|           2|
    |xor_ln231_3_fu_3397_p2     |       xor|   0|  0|   2|           1|           2|
    |xor_ln231_4_fu_3421_p2     |       xor|   0|  0|   2|           1|           2|
    |xor_ln231_fu_3293_p2       |       xor|   0|  0|   2|           1|           2|
    +---------------------------+----------+----+---+----+------------+------------+
    |Total                      |          |   0|  0| 349|         117|         210|
    +---------------------------+----------+----+---+----+------------+------------+

    * Multiplexer: 
    +--------------------------------------+----+-----------+-----+-----------+
    |                 Name                 | LUT| Input Size| Bits| Total Bits|
    +--------------------------------------+----+-----------+-----+-----------+
    |C_blk_n_W                             |   9|          2|    1|          2|
    |ap_done_int                           |   9|          2|    1|          2|
    |ap_enable_reg_pp0_iter1               |   9|          2|    1|          2|
    |ap_sig_allocacmp_i_load               |   9|          2|    9|         18|
    |ap_sig_allocacmp_indvar_flatten_load  |   9|          2|   15|         30|
    |ap_sig_allocacmp_j_load               |   9|          2|    7|         14|
    |i_fu_510                              |   9|          2|    9|         18|
    |indvar_flatten_fu_514                 |   9|          2|   15|         30|
    |j_fu_506                              |   9|          2|    7|         14|
    +--------------------------------------+----+-----------+-----+-----------+
    |Total                                 |  81|         18|   65|        130|
    +--------------------------------------+----+-----------+-----+-----------+

    * Register: 
    +----------------------------------+----+----+-----+-----------+
    |               Name               | FF | LUT| Bits| Const Bits|
    +----------------------------------+----+----+-----+-----------+
    |A_internal_10_load107_fu_730      |  24|   0|   24|          0|
    |A_internal_11_load105_fu_726      |  24|   0|   24|          0|
    |A_internal_12_load103_fu_722      |  24|   0|   24|          0|
    |A_internal_13_load101_fu_718      |  24|   0|   24|          0|
    |A_internal_14_load99_fu_714       |  24|   0|   24|          0|
    |A_internal_15_load97_fu_710       |  24|   0|   24|          0|
    |A_internal_16_load95_fu_706       |  24|   0|   24|          0|
    |A_internal_17_load93_fu_702       |  24|   0|   24|          0|
    |A_internal_18_load91_fu_698       |  24|   0|   24|          0|
    |A_internal_19_load89_fu_694       |  24|   0|   24|          0|
    |A_internal_1_load125_fu_766       |  24|   0|   24|          0|
    |A_internal_20_load87_fu_690       |  24|   0|   24|          0|
    |A_internal_21_load85_fu_686       |  24|   0|   24|          0|
    |A_internal_22_load83_fu_682       |  24|   0|   24|          0|
    |A_internal_23_load81_fu_678       |  24|   0|   24|          0|
    |A_internal_24_load79_fu_674       |  24|   0|   24|          0|
    |A_internal_25_load77_fu_670       |  24|   0|   24|          0|
    |A_internal_26_load75_fu_666       |  24|   0|   24|          0|
    |A_internal_27_load73_fu_662       |  24|   0|   24|          0|
    |A_internal_28_load71_fu_658       |  24|   0|   24|          0|
    |A_internal_29_load69_fu_654       |  24|   0|   24|          0|
    |A_internal_2_load123_fu_762       |  24|   0|   24|          0|
    |A_internal_30_load67_fu_650       |  24|   0|   24|          0|
    |A_internal_31_load65_fu_646       |  24|   0|   24|          0|
    |A_internal_32_load63_fu_642       |  24|   0|   24|          0|
    |A_internal_33_load61_fu_638       |  24|   0|   24|          0|
    |A_internal_34_load59_fu_634       |  24|   0|   24|          0|
    |A_internal_35_load57_fu_630       |  24|   0|   24|          0|
    |A_internal_36_load55_fu_626       |  24|   0|   24|          0|
    |A_internal_37_load53_fu_622       |  24|   0|   24|          0|
    |A_internal_38_load51_fu_618       |  24|   0|   24|          0|
    |A_internal_39_load49_fu_614       |  24|   0|   24|          0|
    |A_internal_3_load121_fu_758       |  24|   0|   24|          0|
    |A_internal_40_load47_fu_610       |  24|   0|   24|          0|
    |A_internal_41_load45_fu_606       |  24|   0|   24|          0|
    |A_internal_42_load43_fu_602       |  24|   0|   24|          0|
    |A_internal_43_load41_fu_598       |  24|   0|   24|          0|
    |A_internal_44_load39_fu_594       |  24|   0|   24|          0|
    |A_internal_45_load37_fu_590       |  24|   0|   24|          0|
    |A_internal_46_load35_fu_586       |  24|   0|   24|          0|
    |A_internal_47_load33_fu_582       |  24|   0|   24|          0|
    |A_internal_48_load31_fu_578       |  24|   0|   24|          0|
    |A_internal_49_load29_fu_574       |  24|   0|   24|          0|
    |A_internal_4_load119_fu_754       |  24|   0|   24|          0|
    |A_internal_50_load27_fu_570       |  24|   0|   24|          0|
    |A_internal_51_load25_fu_566       |  24|   0|   24|          0|
    |A_internal_52_load23_fu_562       |  24|   0|   24|          0|
    |A_internal_53_load21_fu_558       |  24|   0|   24|          0|
    |A_internal_54_load19_fu_554       |  24|   0|   24|          0|
    |A_internal_55_load17_fu_550       |  24|   0|   24|          0|
    |A_internal_56_load15_fu_546       |  24|   0|   24|          0|
    |A_internal_57_load13_fu_542       |  24|   0|   24|          0|
    |A_internal_58_load11_fu_538       |  24|   0|   24|          0|
    |A_internal_59_load9_fu_534        |  24|   0|   24|          0|
    |A_internal_5_load117_fu_750       |  24|   0|   24|          0|
    |A_internal_60_load7_fu_530        |  24|   0|   24|          0|
    |A_internal_61_load5_fu_526        |  24|   0|   24|          0|
    |A_internal_62_load3_fu_522        |  24|   0|   24|          0|
    |A_internal_63_load1_fu_518        |  24|   0|   24|          0|
    |A_internal_6_load115_fu_746       |  24|   0|   24|          0|
    |A_internal_7_load113_fu_742       |  24|   0|   24|          0|
    |A_internal_8_load111_fu_738       |  24|   0|   24|          0|
    |A_internal_9_load109_fu_734       |  24|   0|   24|          0|
    |A_internal_load127_fu_770         |  24|   0|   24|          0|
    |ap_CS_fsm                         |   1|   0|    1|          0|
    |ap_done_reg                       |   1|   0|    1|          0|
    |ap_enable_reg_pp0_iter1           |   1|   0|    1|          0|
    |ap_enable_reg_pp0_iter2           |   1|   0|    1|          0|
    |ap_enable_reg_pp0_iter3           |   1|   0|    1|          0|
    |ap_loop_exit_ready_pp0_iter1_reg  |   1|   0|    1|          0|
    |ap_loop_exit_ready_pp0_iter2_reg  |   1|   0|    1|          0|
    |first_iter_0_reg_3885             |   1|   0|    1|          0|
    |i_fu_510                          |   9|   0|    9|          0|
    |indvar_flatten_fu_514             |  15|   0|   15|          0|
    |j_fu_506                          |   7|   0|    7|          0|
    |scale_reg_4374                    |  17|   0|   17|          0|
    |select_ln225_reg_3879             |   7|   0|    7|          0|
    |select_ln231_3_reg_4379           |  24|   0|   24|          0|
    |trunc_ln226_1_reg_4369            |   6|   0|    6|          0|
    +----------------------------------+----+----+-----+-----------+
    |Total                             |1629|   0| 1629|          0|
    +----------------------------------+----+----+-----+-----------+



================================================================
== Interface
================================================================
* Summary: 
+------------------------+-----+-----+------------+-------------------------------------------------------+--------------+
|        RTL Ports       | Dir | Bits|  Protocol  |                     Source Object                     |    C Type    |
+------------------------+-----+-----+------------+-------------------------------------------------------+--------------+
|ap_clk                  |   in|    1|  ap_ctrl_hs|  top_kernel_Pipeline_VITIS_LOOP_225_5_VITIS_LOOP_226_6|  return value|
|ap_rst                  |   in|    1|  ap_ctrl_hs|  top_kernel_Pipeline_VITIS_LOOP_225_5_VITIS_LOOP_226_6|  return value|
|ap_start                |   in|    1|  ap_ctrl_hs|  top_kernel_Pipeline_VITIS_LOOP_225_5_VITIS_LOOP_226_6|  return value|
|ap_done                 |  out|    1|  ap_ctrl_hs|  top_kernel_Pipeline_VITIS_LOOP_225_5_VITIS_LOOP_226_6|  return value|
|ap_idle                 |  out|    1|  ap_ctrl_hs|  top_kernel_Pipeline_VITIS_LOOP_225_5_VITIS_LOOP_226_6|  return value|
|ap_ready                |  out|    1|  ap_ctrl_hs|  top_kernel_Pipeline_VITIS_LOOP_225_5_VITIS_LOOP_226_6|  return value|
|m_axi_C_0_AWVALID       |  out|    1|       m_axi|                                                      C|       pointer|
|m_axi_C_0_AWREADY       |   in|    1|       m_axi|                                                      C|       pointer|
|m_axi_C_0_AWADDR        |  out|   64|       m_axi|                                                      C|       pointer|
|m_axi_C_0_AWID          |  out|    1|       m_axi|                                                      C|       pointer|
|m_axi_C_0_AWLEN         |  out|   32|       m_axi|                                                      C|       pointer|
|m_axi_C_0_AWSIZE        |  out|    3|       m_axi|                                                      C|       pointer|
|m_axi_C_0_AWBURST       |  out|    2|       m_axi|                                                      C|       pointer|
|m_axi_C_0_AWLOCK        |  out|    2|       m_axi|                                                      C|       pointer|
|m_axi_C_0_AWCACHE       |  out|    4|       m_axi|                                                      C|       pointer|
|m_axi_C_0_AWPROT        |  out|    3|       m_axi|                                                      C|       pointer|
|m_axi_C_0_AWQOS         |  out|    4|       m_axi|                                                      C|       pointer|
|m_axi_C_0_AWREGION      |  out|    4|       m_axi|                                                      C|       pointer|
|m_axi_C_0_AWUSER        |  out|    1|       m_axi|                                                      C|       pointer|
|m_axi_C_0_WVALID        |  out|    1|       m_axi|                                                      C|       pointer|
|m_axi_C_0_WREADY        |   in|    1|       m_axi|                                                      C|       pointer|
|m_axi_C_0_WDATA         |  out|   32|       m_axi|                                                      C|       pointer|
|m_axi_C_0_WSTRB         |  out|    4|       m_axi|                                                      C|       pointer|
|m_axi_C_0_WLAST         |  out|    1|       m_axi|                                                      C|       pointer|
|m_axi_C_0_WID           |  out|    1|       m_axi|                                                      C|       pointer|
|m_axi_C_0_WUSER         |  out|    1|       m_axi|                                                      C|       pointer|
|m_axi_C_0_ARVALID       |  out|    1|       m_axi|                                                      C|       pointer|
|m_axi_C_0_ARREADY       |   in|    1|       m_axi|                                                      C|       pointer|
|m_axi_C_0_ARADDR        |  out|   64|       m_axi|                                                      C|       pointer|
|m_axi_C_0_ARID          |  out|    1|       m_axi|                                                      C|       pointer|
|m_axi_C_0_ARLEN         |  out|   32|       m_axi|                                                      C|       pointer|
|m_axi_C_0_ARSIZE        |  out|    3|       m_axi|                                                      C|       pointer|
|m_axi_C_0_ARBURST       |  out|    2|       m_axi|                                                      C|       pointer|
|m_axi_C_0_ARLOCK        |  out|    2|       m_axi|                                                      C|       pointer|
|m_axi_C_0_ARCACHE       |  out|    4|       m_axi|                                                      C|       pointer|
|m_axi_C_0_ARPROT        |  out|    3|       m_axi|                                                      C|       pointer|
|m_axi_C_0_ARQOS         |  out|    4|       m_axi|                                                      C|       pointer|
|m_axi_C_0_ARREGION      |  out|    4|       m_axi|                                                      C|       pointer|
|m_axi_C_0_ARUSER        |  out|    1|       m_axi|                                                      C|       pointer|
|m_axi_C_0_RVALID        |   in|    1|       m_axi|                                                      C|       pointer|
|m_axi_C_0_RREADY        |  out|    1|       m_axi|                                                      C|       pointer|
|m_axi_C_0_RDATA         |   in|   32|       m_axi|                                                      C|       pointer|
|m_axi_C_0_RLAST         |   in|    1|       m_axi|                                                      C|       pointer|
|m_axi_C_0_RID           |   in|    1|       m_axi|                                                      C|       pointer|
|m_axi_C_0_RFIFONUM      |   in|    9|       m_axi|                                                      C|       pointer|
|m_axi_C_0_RUSER         |   in|    1|       m_axi|                                                      C|       pointer|
|m_axi_C_0_RRESP         |   in|    2|       m_axi|                                                      C|       pointer|
|m_axi_C_0_BVALID        |   in|    1|       m_axi|                                                      C|       pointer|
|m_axi_C_0_BREADY        |  out|    1|       m_axi|                                                      C|       pointer|
|m_axi_C_0_BRESP         |   in|    2|       m_axi|                                                      C|       pointer|
|m_axi_C_0_BID           |   in|    1|       m_axi|                                                      C|       pointer|
|m_axi_C_0_BUSER         |   in|    1|       m_axi|                                                      C|       pointer|
|col_sums_address0       |  out|    1|   ap_memory|                                               col_sums|         array|
|col_sums_ce0            |  out|    1|   ap_memory|                                               col_sums|         array|
|col_sums_q0             |   in|   24|   ap_memory|                                               col_sums|         array|
|col_sums_1_address0     |  out|    1|   ap_memory|                                             col_sums_1|         array|
|col_sums_1_ce0          |  out|    1|   ap_memory|                                             col_sums_1|         array|
|col_sums_1_q0           |   in|   24|   ap_memory|                                             col_sums_1|         array|
|col_sums_2_address0     |  out|    1|   ap_memory|                                             col_sums_2|         array|
|col_sums_2_ce0          |  out|    1|   ap_memory|                                             col_sums_2|         array|
|col_sums_2_q0           |   in|   24|   ap_memory|                                             col_sums_2|         array|
|col_sums_3_address0     |  out|    1|   ap_memory|                                             col_sums_3|         array|
|col_sums_3_ce0          |  out|    1|   ap_memory|                                             col_sums_3|         array|
|col_sums_3_q0           |   in|   24|   ap_memory|                                             col_sums_3|         array|
|col_sums_4_address0     |  out|    1|   ap_memory|                                             col_sums_4|         array|
|col_sums_4_ce0          |  out|    1|   ap_memory|                                             col_sums_4|         array|
|col_sums_4_q0           |   in|   24|   ap_memory|                                             col_sums_4|         array|
|col_sums_5_address0     |  out|    1|   ap_memory|                                             col_sums_5|         array|
|col_sums_5_ce0          |  out|    1|   ap_memory|                                             col_sums_5|         array|
|col_sums_5_q0           |   in|   24|   ap_memory|                                             col_sums_5|         array|
|col_sums_6_address0     |  out|    1|   ap_memory|                                             col_sums_6|         array|
|col_sums_6_ce0          |  out|    1|   ap_memory|                                             col_sums_6|         array|
|col_sums_6_q0           |   in|   24|   ap_memory|                                             col_sums_6|         array|
|col_sums_7_address0     |  out|    1|   ap_memory|                                             col_sums_7|         array|
|col_sums_7_ce0          |  out|    1|   ap_memory|                                             col_sums_7|         array|
|col_sums_7_q0           |   in|   24|   ap_memory|                                             col_sums_7|         array|
|col_sums_8_address0     |  out|    1|   ap_memory|                                             col_sums_8|         array|
|col_sums_8_ce0          |  out|    1|   ap_memory|                                             col_sums_8|         array|
|col_sums_8_q0           |   in|   24|   ap_memory|                                             col_sums_8|         array|
|col_sums_9_address0     |  out|    1|   ap_memory|                                             col_sums_9|         array|
|col_sums_9_ce0          |  out|    1|   ap_memory|                                             col_sums_9|         array|
|col_sums_9_q0           |   in|   24|   ap_memory|                                             col_sums_9|         array|
|col_sums_10_address0    |  out|    1|   ap_memory|                                            col_sums_10|         array|
|col_sums_10_ce0         |  out|    1|   ap_memory|                                            col_sums_10|         array|
|col_sums_10_q0          |   in|   24|   ap_memory|                                            col_sums_10|         array|
|col_sums_11_address0    |  out|    1|   ap_memory|                                            col_sums_11|         array|
|col_sums_11_ce0         |  out|    1|   ap_memory|                                            col_sums_11|         array|
|col_sums_11_q0          |   in|   24|   ap_memory|                                            col_sums_11|         array|
|col_sums_12_address0    |  out|    1|   ap_memory|                                            col_sums_12|         array|
|col_sums_12_ce0         |  out|    1|   ap_memory|                                            col_sums_12|         array|
|col_sums_12_q0          |   in|   24|   ap_memory|                                            col_sums_12|         array|
|col_sums_13_address0    |  out|    1|   ap_memory|                                            col_sums_13|         array|
|col_sums_13_ce0         |  out|    1|   ap_memory|                                            col_sums_13|         array|
|col_sums_13_q0          |   in|   24|   ap_memory|                                            col_sums_13|         array|
|col_sums_14_address0    |  out|    1|   ap_memory|                                            col_sums_14|         array|
|col_sums_14_ce0         |  out|    1|   ap_memory|                                            col_sums_14|         array|
|col_sums_14_q0          |   in|   24|   ap_memory|                                            col_sums_14|         array|
|col_sums_15_address0    |  out|    1|   ap_memory|                                            col_sums_15|         array|
|col_sums_15_ce0         |  out|    1|   ap_memory|                                            col_sums_15|         array|
|col_sums_15_q0          |   in|   24|   ap_memory|                                            col_sums_15|         array|
|col_sums_16_address0    |  out|    1|   ap_memory|                                            col_sums_16|         array|
|col_sums_16_ce0         |  out|    1|   ap_memory|                                            col_sums_16|         array|
|col_sums_16_q0          |   in|   24|   ap_memory|                                            col_sums_16|         array|
|col_sums_17_address0    |  out|    1|   ap_memory|                                            col_sums_17|         array|
|col_sums_17_ce0         |  out|    1|   ap_memory|                                            col_sums_17|         array|
|col_sums_17_q0          |   in|   24|   ap_memory|                                            col_sums_17|         array|
|col_sums_18_address0    |  out|    1|   ap_memory|                                            col_sums_18|         array|
|col_sums_18_ce0         |  out|    1|   ap_memory|                                            col_sums_18|         array|
|col_sums_18_q0          |   in|   24|   ap_memory|                                            col_sums_18|         array|
|col_sums_19_address0    |  out|    1|   ap_memory|                                            col_sums_19|         array|
|col_sums_19_ce0         |  out|    1|   ap_memory|                                            col_sums_19|         array|
|col_sums_19_q0          |   in|   24|   ap_memory|                                            col_sums_19|         array|
|col_sums_20_address0    |  out|    1|   ap_memory|                                            col_sums_20|         array|
|col_sums_20_ce0         |  out|    1|   ap_memory|                                            col_sums_20|         array|
|col_sums_20_q0          |   in|   24|   ap_memory|                                            col_sums_20|         array|
|col_sums_21_address0    |  out|    1|   ap_memory|                                            col_sums_21|         array|
|col_sums_21_ce0         |  out|    1|   ap_memory|                                            col_sums_21|         array|
|col_sums_21_q0          |   in|   24|   ap_memory|                                            col_sums_21|         array|
|col_sums_22_address0    |  out|    1|   ap_memory|                                            col_sums_22|         array|
|col_sums_22_ce0         |  out|    1|   ap_memory|                                            col_sums_22|         array|
|col_sums_22_q0          |   in|   24|   ap_memory|                                            col_sums_22|         array|
|col_sums_23_address0    |  out|    1|   ap_memory|                                            col_sums_23|         array|
|col_sums_23_ce0         |  out|    1|   ap_memory|                                            col_sums_23|         array|
|col_sums_23_q0          |   in|   24|   ap_memory|                                            col_sums_23|         array|
|col_sums_24_address0    |  out|    1|   ap_memory|                                            col_sums_24|         array|
|col_sums_24_ce0         |  out|    1|   ap_memory|                                            col_sums_24|         array|
|col_sums_24_q0          |   in|   24|   ap_memory|                                            col_sums_24|         array|
|col_sums_25_address0    |  out|    1|   ap_memory|                                            col_sums_25|         array|
|col_sums_25_ce0         |  out|    1|   ap_memory|                                            col_sums_25|         array|
|col_sums_25_q0          |   in|   24|   ap_memory|                                            col_sums_25|         array|
|col_sums_26_address0    |  out|    1|   ap_memory|                                            col_sums_26|         array|
|col_sums_26_ce0         |  out|    1|   ap_memory|                                            col_sums_26|         array|
|col_sums_26_q0          |   in|   24|   ap_memory|                                            col_sums_26|         array|
|col_sums_27_address0    |  out|    1|   ap_memory|                                            col_sums_27|         array|
|col_sums_27_ce0         |  out|    1|   ap_memory|                                            col_sums_27|         array|
|col_sums_27_q0          |   in|   24|   ap_memory|                                            col_sums_27|         array|
|col_sums_28_address0    |  out|    1|   ap_memory|                                            col_sums_28|         array|
|col_sums_28_ce0         |  out|    1|   ap_memory|                                            col_sums_28|         array|
|col_sums_28_q0          |   in|   24|   ap_memory|                                            col_sums_28|         array|
|col_sums_29_address0    |  out|    1|   ap_memory|                                            col_sums_29|         array|
|col_sums_29_ce0         |  out|    1|   ap_memory|                                            col_sums_29|         array|
|col_sums_29_q0          |   in|   24|   ap_memory|                                            col_sums_29|         array|
|col_sums_30_address0    |  out|    1|   ap_memory|                                            col_sums_30|         array|
|col_sums_30_ce0         |  out|    1|   ap_memory|                                            col_sums_30|         array|
|col_sums_30_q0          |   in|   24|   ap_memory|                                            col_sums_30|         array|
|col_sums_31_address0    |  out|    1|   ap_memory|                                            col_sums_31|         array|
|col_sums_31_ce0         |  out|    1|   ap_memory|                                            col_sums_31|         array|
|col_sums_31_q0          |   in|   24|   ap_memory|                                            col_sums_31|         array|
|sext_ln225              |   in|   62|     ap_none|                                             sext_ln225|        scalar|
|A_internal_address0     |  out|    8|   ap_memory|                                             A_internal|         array|
|A_internal_ce0          |  out|    1|   ap_memory|                                             A_internal|         array|
|A_internal_q0           |   in|   24|   ap_memory|                                             A_internal|         array|
|A_internal_1_address0   |  out|    8|   ap_memory|                                           A_internal_1|         array|
|A_internal_1_ce0        |  out|    1|   ap_memory|                                           A_internal_1|         array|
|A_internal_1_q0         |   in|   24|   ap_memory|                                           A_internal_1|         array|
|A_internal_2_address0   |  out|    8|   ap_memory|                                           A_internal_2|         array|
|A_internal_2_ce0        |  out|    1|   ap_memory|                                           A_internal_2|         array|
|A_internal_2_q0         |   in|   24|   ap_memory|                                           A_internal_2|         array|
|A_internal_3_address0   |  out|    8|   ap_memory|                                           A_internal_3|         array|
|A_internal_3_ce0        |  out|    1|   ap_memory|                                           A_internal_3|         array|
|A_internal_3_q0         |   in|   24|   ap_memory|                                           A_internal_3|         array|
|A_internal_4_address0   |  out|    8|   ap_memory|                                           A_internal_4|         array|
|A_internal_4_ce0        |  out|    1|   ap_memory|                                           A_internal_4|         array|
|A_internal_4_q0         |   in|   24|   ap_memory|                                           A_internal_4|         array|
|A_internal_5_address0   |  out|    8|   ap_memory|                                           A_internal_5|         array|
|A_internal_5_ce0        |  out|    1|   ap_memory|                                           A_internal_5|         array|
|A_internal_5_q0         |   in|   24|   ap_memory|                                           A_internal_5|         array|
|A_internal_6_address0   |  out|    8|   ap_memory|                                           A_internal_6|         array|
|A_internal_6_ce0        |  out|    1|   ap_memory|                                           A_internal_6|         array|
|A_internal_6_q0         |   in|   24|   ap_memory|                                           A_internal_6|         array|
|A_internal_7_address0   |  out|    8|   ap_memory|                                           A_internal_7|         array|
|A_internal_7_ce0        |  out|    1|   ap_memory|                                           A_internal_7|         array|
|A_internal_7_q0         |   in|   24|   ap_memory|                                           A_internal_7|         array|
|A_internal_8_address0   |  out|    8|   ap_memory|                                           A_internal_8|         array|
|A_internal_8_ce0        |  out|    1|   ap_memory|                                           A_internal_8|         array|
|A_internal_8_q0         |   in|   24|   ap_memory|                                           A_internal_8|         array|
|A_internal_9_address0   |  out|    8|   ap_memory|                                           A_internal_9|         array|
|A_internal_9_ce0        |  out|    1|   ap_memory|                                           A_internal_9|         array|
|A_internal_9_q0         |   in|   24|   ap_memory|                                           A_internal_9|         array|
|A_internal_10_address0  |  out|    8|   ap_memory|                                          A_internal_10|         array|
|A_internal_10_ce0       |  out|    1|   ap_memory|                                          A_internal_10|         array|
|A_internal_10_q0        |   in|   24|   ap_memory|                                          A_internal_10|         array|
|A_internal_11_address0  |  out|    8|   ap_memory|                                          A_internal_11|         array|
|A_internal_11_ce0       |  out|    1|   ap_memory|                                          A_internal_11|         array|
|A_internal_11_q0        |   in|   24|   ap_memory|                                          A_internal_11|         array|
|A_internal_12_address0  |  out|    8|   ap_memory|                                          A_internal_12|         array|
|A_internal_12_ce0       |  out|    1|   ap_memory|                                          A_internal_12|         array|
|A_internal_12_q0        |   in|   24|   ap_memory|                                          A_internal_12|         array|
|A_internal_13_address0  |  out|    8|   ap_memory|                                          A_internal_13|         array|
|A_internal_13_ce0       |  out|    1|   ap_memory|                                          A_internal_13|         array|
|A_internal_13_q0        |   in|   24|   ap_memory|                                          A_internal_13|         array|
|A_internal_14_address0  |  out|    8|   ap_memory|                                          A_internal_14|         array|
|A_internal_14_ce0       |  out|    1|   ap_memory|                                          A_internal_14|         array|
|A_internal_14_q0        |   in|   24|   ap_memory|                                          A_internal_14|         array|
|A_internal_15_address0  |  out|    8|   ap_memory|                                          A_internal_15|         array|
|A_internal_15_ce0       |  out|    1|   ap_memory|                                          A_internal_15|         array|
|A_internal_15_q0        |   in|   24|   ap_memory|                                          A_internal_15|         array|
|A_internal_16_address0  |  out|    8|   ap_memory|                                          A_internal_16|         array|
|A_internal_16_ce0       |  out|    1|   ap_memory|                                          A_internal_16|         array|
|A_internal_16_q0        |   in|   24|   ap_memory|                                          A_internal_16|         array|
|A_internal_17_address0  |  out|    8|   ap_memory|                                          A_internal_17|         array|
|A_internal_17_ce0       |  out|    1|   ap_memory|                                          A_internal_17|         array|
|A_internal_17_q0        |   in|   24|   ap_memory|                                          A_internal_17|         array|
|A_internal_18_address0  |  out|    8|   ap_memory|                                          A_internal_18|         array|
|A_internal_18_ce0       |  out|    1|   ap_memory|                                          A_internal_18|         array|
|A_internal_18_q0        |   in|   24|   ap_memory|                                          A_internal_18|         array|
|A_internal_19_address0  |  out|    8|   ap_memory|                                          A_internal_19|         array|
|A_internal_19_ce0       |  out|    1|   ap_memory|                                          A_internal_19|         array|
|A_internal_19_q0        |   in|   24|   ap_memory|                                          A_internal_19|         array|
|A_internal_20_address0  |  out|    8|   ap_memory|                                          A_internal_20|         array|
|A_internal_20_ce0       |  out|    1|   ap_memory|                                          A_internal_20|         array|
|A_internal_20_q0        |   in|   24|   ap_memory|                                          A_internal_20|         array|
|A_internal_21_address0  |  out|    8|   ap_memory|                                          A_internal_21|         array|
|A_internal_21_ce0       |  out|    1|   ap_memory|                                          A_internal_21|         array|
|A_internal_21_q0        |   in|   24|   ap_memory|                                          A_internal_21|         array|
|A_internal_22_address0  |  out|    8|   ap_memory|                                          A_internal_22|         array|
|A_internal_22_ce0       |  out|    1|   ap_memory|                                          A_internal_22|         array|
|A_internal_22_q0        |   in|   24|   ap_memory|                                          A_internal_22|         array|
|A_internal_23_address0  |  out|    8|   ap_memory|                                          A_internal_23|         array|
|A_internal_23_ce0       |  out|    1|   ap_memory|                                          A_internal_23|         array|
|A_internal_23_q0        |   in|   24|   ap_memory|                                          A_internal_23|         array|
|A_internal_24_address0  |  out|    8|   ap_memory|                                          A_internal_24|         array|
|A_internal_24_ce0       |  out|    1|   ap_memory|                                          A_internal_24|         array|
|A_internal_24_q0        |   in|   24|   ap_memory|                                          A_internal_24|         array|
|A_internal_25_address0  |  out|    8|   ap_memory|                                          A_internal_25|         array|
|A_internal_25_ce0       |  out|    1|   ap_memory|                                          A_internal_25|         array|
|A_internal_25_q0        |   in|   24|   ap_memory|                                          A_internal_25|         array|
|A_internal_26_address0  |  out|    8|   ap_memory|                                          A_internal_26|         array|
|A_internal_26_ce0       |  out|    1|   ap_memory|                                          A_internal_26|         array|
|A_internal_26_q0        |   in|   24|   ap_memory|                                          A_internal_26|         array|
|A_internal_27_address0  |  out|    8|   ap_memory|                                          A_internal_27|         array|
|A_internal_27_ce0       |  out|    1|   ap_memory|                                          A_internal_27|         array|
|A_internal_27_q0        |   in|   24|   ap_memory|                                          A_internal_27|         array|
|A_internal_28_address0  |  out|    8|   ap_memory|                                          A_internal_28|         array|
|A_internal_28_ce0       |  out|    1|   ap_memory|                                          A_internal_28|         array|
|A_internal_28_q0        |   in|   24|   ap_memory|                                          A_internal_28|         array|
|A_internal_29_address0  |  out|    8|   ap_memory|                                          A_internal_29|         array|
|A_internal_29_ce0       |  out|    1|   ap_memory|                                          A_internal_29|         array|
|A_internal_29_q0        |   in|   24|   ap_memory|                                          A_internal_29|         array|
|A_internal_30_address0  |  out|    8|   ap_memory|                                          A_internal_30|         array|
|A_internal_30_ce0       |  out|    1|   ap_memory|                                          A_internal_30|         array|
|A_internal_30_q0        |   in|   24|   ap_memory|                                          A_internal_30|         array|
|A_internal_31_address0  |  out|    8|   ap_memory|                                          A_internal_31|         array|
|A_internal_31_ce0       |  out|    1|   ap_memory|                                          A_internal_31|         array|
|A_internal_31_q0        |   in|   24|   ap_memory|                                          A_internal_31|         array|
|A_internal_32_address0  |  out|    8|   ap_memory|                                          A_internal_32|         array|
|A_internal_32_ce0       |  out|    1|   ap_memory|                                          A_internal_32|         array|
|A_internal_32_q0        |   in|   24|   ap_memory|                                          A_internal_32|         array|
|A_internal_33_address0  |  out|    8|   ap_memory|                                          A_internal_33|         array|
|A_internal_33_ce0       |  out|    1|   ap_memory|                                          A_internal_33|         array|
|A_internal_33_q0        |   in|   24|   ap_memory|                                          A_internal_33|         array|
|A_internal_34_address0  |  out|    8|   ap_memory|                                          A_internal_34|         array|
|A_internal_34_ce0       |  out|    1|   ap_memory|                                          A_internal_34|         array|
|A_internal_34_q0        |   in|   24|   ap_memory|                                          A_internal_34|         array|
|A_internal_35_address0  |  out|    8|   ap_memory|                                          A_internal_35|         array|
|A_internal_35_ce0       |  out|    1|   ap_memory|                                          A_internal_35|         array|
|A_internal_35_q0        |   in|   24|   ap_memory|                                          A_internal_35|         array|
|A_internal_36_address0  |  out|    8|   ap_memory|                                          A_internal_36|         array|
|A_internal_36_ce0       |  out|    1|   ap_memory|                                          A_internal_36|         array|
|A_internal_36_q0        |   in|   24|   ap_memory|                                          A_internal_36|         array|
|A_internal_37_address0  |  out|    8|   ap_memory|                                          A_internal_37|         array|
|A_internal_37_ce0       |  out|    1|   ap_memory|                                          A_internal_37|         array|
|A_internal_37_q0        |   in|   24|   ap_memory|                                          A_internal_37|         array|
|A_internal_38_address0  |  out|    8|   ap_memory|                                          A_internal_38|         array|
|A_internal_38_ce0       |  out|    1|   ap_memory|                                          A_internal_38|         array|
|A_internal_38_q0        |   in|   24|   ap_memory|                                          A_internal_38|         array|
|A_internal_39_address0  |  out|    8|   ap_memory|                                          A_internal_39|         array|
|A_internal_39_ce0       |  out|    1|   ap_memory|                                          A_internal_39|         array|
|A_internal_39_q0        |   in|   24|   ap_memory|                                          A_internal_39|         array|
|A_internal_40_address0  |  out|    8|   ap_memory|                                          A_internal_40|         array|
|A_internal_40_ce0       |  out|    1|   ap_memory|                                          A_internal_40|         array|
|A_internal_40_q0        |   in|   24|   ap_memory|                                          A_internal_40|         array|
|A_internal_41_address0  |  out|    8|   ap_memory|                                          A_internal_41|         array|
|A_internal_41_ce0       |  out|    1|   ap_memory|                                          A_internal_41|         array|
|A_internal_41_q0        |   in|   24|   ap_memory|                                          A_internal_41|         array|
|A_internal_42_address0  |  out|    8|   ap_memory|                                          A_internal_42|         array|
|A_internal_42_ce0       |  out|    1|   ap_memory|                                          A_internal_42|         array|
|A_internal_42_q0        |   in|   24|   ap_memory|                                          A_internal_42|         array|
|A_internal_43_address0  |  out|    8|   ap_memory|                                          A_internal_43|         array|
|A_internal_43_ce0       |  out|    1|   ap_memory|                                          A_internal_43|         array|
|A_internal_43_q0        |   in|   24|   ap_memory|                                          A_internal_43|         array|
|A_internal_44_address0  |  out|    8|   ap_memory|                                          A_internal_44|         array|
|A_internal_44_ce0       |  out|    1|   ap_memory|                                          A_internal_44|         array|
|A_internal_44_q0        |   in|   24|   ap_memory|                                          A_internal_44|         array|
|A_internal_45_address0  |  out|    8|   ap_memory|                                          A_internal_45|         array|
|A_internal_45_ce0       |  out|    1|   ap_memory|                                          A_internal_45|         array|
|A_internal_45_q0        |   in|   24|   ap_memory|                                          A_internal_45|         array|
|A_internal_46_address0  |  out|    8|   ap_memory|                                          A_internal_46|         array|
|A_internal_46_ce0       |  out|    1|   ap_memory|                                          A_internal_46|         array|
|A_internal_46_q0        |   in|   24|   ap_memory|                                          A_internal_46|         array|
|A_internal_47_address0  |  out|    8|   ap_memory|                                          A_internal_47|         array|
|A_internal_47_ce0       |  out|    1|   ap_memory|                                          A_internal_47|         array|
|A_internal_47_q0        |   in|   24|   ap_memory|                                          A_internal_47|         array|
|A_internal_48_address0  |  out|    8|   ap_memory|                                          A_internal_48|         array|
|A_internal_48_ce0       |  out|    1|   ap_memory|                                          A_internal_48|         array|
|A_internal_48_q0        |   in|   24|   ap_memory|                                          A_internal_48|         array|
|A_internal_49_address0  |  out|    8|   ap_memory|                                          A_internal_49|         array|
|A_internal_49_ce0       |  out|    1|   ap_memory|                                          A_internal_49|         array|
|A_internal_49_q0        |   in|   24|   ap_memory|                                          A_internal_49|         array|
|A_internal_50_address0  |  out|    8|   ap_memory|                                          A_internal_50|         array|
|A_internal_50_ce0       |  out|    1|   ap_memory|                                          A_internal_50|         array|
|A_internal_50_q0        |   in|   24|   ap_memory|                                          A_internal_50|         array|
|A_internal_51_address0  |  out|    8|   ap_memory|                                          A_internal_51|         array|
|A_internal_51_ce0       |  out|    1|   ap_memory|                                          A_internal_51|         array|
|A_internal_51_q0        |   in|   24|   ap_memory|                                          A_internal_51|         array|
|A_internal_52_address0  |  out|    8|   ap_memory|                                          A_internal_52|         array|
|A_internal_52_ce0       |  out|    1|   ap_memory|                                          A_internal_52|         array|
|A_internal_52_q0        |   in|   24|   ap_memory|                                          A_internal_52|         array|
|A_internal_53_address0  |  out|    8|   ap_memory|                                          A_internal_53|         array|
|A_internal_53_ce0       |  out|    1|   ap_memory|                                          A_internal_53|         array|
|A_internal_53_q0        |   in|   24|   ap_memory|                                          A_internal_53|         array|
|A_internal_54_address0  |  out|    8|   ap_memory|                                          A_internal_54|         array|
|A_internal_54_ce0       |  out|    1|   ap_memory|                                          A_internal_54|         array|
|A_internal_54_q0        |   in|   24|   ap_memory|                                          A_internal_54|         array|
|A_internal_55_address0  |  out|    8|   ap_memory|                                          A_internal_55|         array|
|A_internal_55_ce0       |  out|    1|   ap_memory|                                          A_internal_55|         array|
|A_internal_55_q0        |   in|   24|   ap_memory|                                          A_internal_55|         array|
|A_internal_56_address0  |  out|    8|   ap_memory|                                          A_internal_56|         array|
|A_internal_56_ce0       |  out|    1|   ap_memory|                                          A_internal_56|         array|
|A_internal_56_q0        |   in|   24|   ap_memory|                                          A_internal_56|         array|
|A_internal_57_address0  |  out|    8|   ap_memory|                                          A_internal_57|         array|
|A_internal_57_ce0       |  out|    1|   ap_memory|                                          A_internal_57|         array|
|A_internal_57_q0        |   in|   24|   ap_memory|                                          A_internal_57|         array|
|A_internal_58_address0  |  out|    8|   ap_memory|                                          A_internal_58|         array|
|A_internal_58_ce0       |  out|    1|   ap_memory|                                          A_internal_58|         array|
|A_internal_58_q0        |   in|   24|   ap_memory|                                          A_internal_58|         array|
|A_internal_59_address0  |  out|    8|   ap_memory|                                          A_internal_59|         array|
|A_internal_59_ce0       |  out|    1|   ap_memory|                                          A_internal_59|         array|
|A_internal_59_q0        |   in|   24|   ap_memory|                                          A_internal_59|         array|
|A_internal_60_address0  |  out|    8|   ap_memory|                                          A_internal_60|         array|
|A_internal_60_ce0       |  out|    1|   ap_memory|                                          A_internal_60|         array|
|A_internal_60_q0        |   in|   24|   ap_memory|                                          A_internal_60|         array|
|A_internal_61_address0  |  out|    8|   ap_memory|                                          A_internal_61|         array|
|A_internal_61_ce0       |  out|    1|   ap_memory|                                          A_internal_61|         array|
|A_internal_61_q0        |   in|   24|   ap_memory|                                          A_internal_61|         array|
|A_internal_62_address0  |  out|    8|   ap_memory|                                          A_internal_62|         array|
|A_internal_62_ce0       |  out|    1|   ap_memory|                                          A_internal_62|         array|
|A_internal_62_q0        |   in|   24|   ap_memory|                                          A_internal_62|         array|
|A_internal_63_address0  |  out|    8|   ap_memory|                                          A_internal_63|         array|
|A_internal_63_ce0       |  out|    1|   ap_memory|                                          A_internal_63|         array|
|A_internal_63_q0        |   in|   24|   ap_memory|                                          A_internal_63|         array|
+------------------------+-----+-----+------------+-------------------------------------------------------+--------------+

