

================================================================
== Vitis HLS Report for 'top_kernel_Outline_VITIS_LOOP_117_4'
================================================================
* Date:           Tue Feb  3 01:04:26 2026

* Version:        2025.1.1 (Build 6214317 on Sep 11 2025)
* Project:        project_1
* Solution:       hls (Vivado IP Flow Target)
* Product family: zynquplus
* Target device:  xczu3eg-sbva484-1-e


================================================================
== Performance Estimates
================================================================
+ Timing: 
    * Summary: 
    +--------+----------+-----------+------------+
    |  Clock |  Target  | Estimated | Uncertainty|
    +--------+----------+-----------+------------+
    |ap_clk  |  10.00 ns|  25.201 ns|     2.70 ns|
    +--------+----------+-----------+------------+

+ Latency: 
    * Summary: 
    +---------+---------+-----------+-----------+------+------+---------+
    |  Latency (cycles) |   Latency (absolute)  |   Interval  | Pipeline|
    |   min   |   max   |    min    |    max    |  min |  max |   Type  |
    +---------+---------+-----------+-----------+------+------+---------+
    |     3713|     3713|  93.571 us|  93.571 us|  3713|  3713|       no|
    +---------+---------+-----------+-----------+------+------+---------+

    + Detail: 
        * Instance: 
        +--------------------------------------------------+---------------------------------------+---------+---------+----------+----------+-----+-----+------------------------------------------------+
        |                                                  |                                       |  Latency (cycles) |  Latency (absolute) |  Interval |                    Pipeline                    |
        |                     Instance                     |                 Module                |   min   |   max   |    min   |    max   | min | max |                      Type                      |
        +--------------------------------------------------+---------------------------------------+---------+---------+----------+----------+-----+-----+------------------------------------------------+
        |grp_top_kernel_Pipeline_VITIS_LOOP_121_5_fu_326   |top_kernel_Pipeline_VITIS_LOOP_121_5   |        7|        7|  0.176 us|  0.176 us|    5|    5|  loop auto-rewind stp (delay=0 clock cycles(s))|
        |grp_top_kernel_Pipeline_VITIS_LOOP_121_51_fu_364  |top_kernel_Pipeline_VITIS_LOOP_121_51  |        7|        7|  0.176 us|  0.176 us|    5|    5|  loop auto-rewind stp (delay=0 clock cycles(s))|
        |grp_top_kernel_Pipeline_VITIS_LOOP_121_53_fu_402  |top_kernel_Pipeline_VITIS_LOOP_121_53  |        7|        7|  0.176 us|  0.176 us|    5|    5|  loop auto-rewind stp (delay=0 clock cycles(s))|
        |grp_top_kernel_Pipeline_VITIS_LOOP_121_55_fu_440  |top_kernel_Pipeline_VITIS_LOOP_121_55  |        7|        7|  0.176 us|  0.176 us|    5|    5|  loop auto-rewind stp (delay=0 clock cycles(s))|
        |grp_top_kernel_Pipeline_VITIS_LOOP_129_6_fu_478   |top_kernel_Pipeline_VITIS_LOOP_129_6   |       47|       47|  0.470 us|  0.470 us|    5|    5|  loop auto-rewind stp (delay=0 clock cycles(s))|
        |grp_top_kernel_Pipeline_VITIS_LOOP_129_62_fu_548  |top_kernel_Pipeline_VITIS_LOOP_129_62  |       47|       47|  0.470 us|  0.470 us|    5|    5|  loop auto-rewind stp (delay=0 clock cycles(s))|
        |grp_top_kernel_Pipeline_VITIS_LOOP_129_64_fu_618  |top_kernel_Pipeline_VITIS_LOOP_129_64  |       47|       47|  0.470 us|  0.470 us|    5|    5|  loop auto-rewind stp (delay=0 clock cycles(s))|
        |grp_top_kernel_Pipeline_VITIS_LOOP_129_66_fu_688  |top_kernel_Pipeline_VITIS_LOOP_129_66  |       47|       47|  0.470 us|  0.470 us|    5|    5|  loop auto-rewind stp (delay=0 clock cycles(s))|
        +--------------------------------------------------+---------------------------------------+---------+---------+----------+----------+-----+-----+------------------------------------------------+

        * Loop: 
        +--------------------+---------+---------+----------+-----------+-----------+------+----------+
        |                    |  Latency (cycles) | Iteration|  Initiation Interval  | Trip |          |
        |      Loop Name     |   min   |   max   |  Latency |  achieved |   target  | Count| Pipelined|
        +--------------------+---------+---------+----------+-----------+-----------+------+----------+
        |- VITIS_LOOP_117_4  |     3712|     3712|        58|          -|          -|    64|        no|
        +--------------------+---------+---------+----------+-----------+-----------+------+----------+



================================================================
== Utilization Estimates
================================================================
* Summary: 
+-----------------+---------+-----+--------+--------+-----+
|       Name      | BRAM_18K| DSP |   FF   |   LUT  | URAM|
+-----------------+---------+-----+--------+--------+-----+
|DSP              |        -|    -|       -|       -|    -|
|Expression       |        -|    -|       0|     364|    -|
|FIFO             |        -|    -|       -|       -|    -|
|Instance         |        -|    -|  205180|  170500|    -|
|Memory           |        -|    -|       -|       -|    -|
|Multiplexer      |        -|    -|       0|    1832|    -|
|Register         |        -|    -|     126|       -|    -|
+-----------------+---------+-----+--------+--------+-----+
|Total            |        0|    0|  205306|  172696|    0|
+-----------------+---------+-----+--------+--------+-----+
|Available        |      432|  360|  141120|   70560|    0|
+-----------------+---------+-----+--------+--------+-----+
|Utilization (%)  |        0|    0|     145|     244|    0|
+-----------------+---------+-----+--------+--------+-----+

+ Detail: 
    * Instance: 
    +--------------------------------------------------+---------------------------------------+---------+----+-------+-------+-----+
    |                     Instance                     |                 Module                | BRAM_18K| DSP|   FF  |  LUT  | URAM|
    +--------------------------------------------------+---------------------------------------+---------+----+-------+-------+-----+
    |grp_top_kernel_Pipeline_VITIS_LOOP_121_5_fu_326   |top_kernel_Pipeline_VITIS_LOOP_121_5   |        0|   0|     69|   1933|    0|
    |grp_top_kernel_Pipeline_VITIS_LOOP_121_51_fu_364  |top_kernel_Pipeline_VITIS_LOOP_121_51  |        0|   0|     69|   1933|    0|
    |grp_top_kernel_Pipeline_VITIS_LOOP_121_53_fu_402  |top_kernel_Pipeline_VITIS_LOOP_121_53  |        0|   0|     69|   1933|    0|
    |grp_top_kernel_Pipeline_VITIS_LOOP_121_55_fu_440  |top_kernel_Pipeline_VITIS_LOOP_121_55  |        0|   0|     69|   1933|    0|
    |grp_top_kernel_Pipeline_VITIS_LOOP_129_6_fu_478   |top_kernel_Pipeline_VITIS_LOOP_129_6   |        0|   0|  51226|  40692|    0|
    |grp_top_kernel_Pipeline_VITIS_LOOP_129_62_fu_548  |top_kernel_Pipeline_VITIS_LOOP_129_62  |        0|   0|  51226|  40692|    0|
    |grp_top_kernel_Pipeline_VITIS_LOOP_129_64_fu_618  |top_kernel_Pipeline_VITIS_LOOP_129_64  |        0|   0|  51226|  40692|    0|
    |grp_top_kernel_Pipeline_VITIS_LOOP_129_66_fu_688  |top_kernel_Pipeline_VITIS_LOOP_129_66  |        0|   0|  51226|  40692|    0|
    +--------------------------------------------------+---------------------------------------+---------+----+-------+-------+-----+
    |Total                                             |                                       |        0|   0| 205180| 170500|    0|
    +--------------------------------------------------+---------------------------------------+---------+----+-------+-------+-----+

    * DSP: 
    N/A

    * Memory: 
    N/A

    * FIFO: 
    N/A

    * Expression: 
    +---------------------------------+----------+----+---+----+------------+------------+
    |          Variable Name          | Operation| DSP| FF| LUT| Bitwidth P0| Bitwidth P1|
    +---------------------------------+----------+----+---+----+------------+------------+
    |add_ln117_fu_782_p2              |         +|   0|  0|  16|           9|           3|
    |add_ln127_1_fu_868_p2            |         +|   0|  0|  32|          25|          15|
    |add_ln127_2_fu_936_p2            |         +|   0|  0|  32|          25|          15|
    |add_ln127_3_fu_1004_p2           |         +|   0|  0|  32|          25|          15|
    |add_ln127_fu_800_p2              |         +|   0|  0|  32|          25|          15|
    |and_ln127_1_fu_900_p2            |       and|   0|  0|   2|           1|           1|
    |and_ln127_2_fu_968_p2            |       and|   0|  0|   2|           1|           1|
    |and_ln127_3_fu_1036_p2           |       and|   0|  0|   2|           1|           1|
    |and_ln127_fu_832_p2              |       and|   0|  0|   2|           1|           1|
    |ap_block_state3_on_subcall_done  |        or|   0|  0|   2|           1|           1|
    |ap_block_state5_on_subcall_done  |        or|   0|  0|   2|           1|           1|
    |denom_1_fu_852_p3                |    select|   0|  0|  24|           1|          24|
    |denom_3_fu_920_p3                |    select|   0|  0|  24|           1|          24|
    |denom_5_fu_988_p3                |    select|   0|  0|  24|           1|          24|
    |denom_7_fu_1056_p3               |    select|   0|  0|  24|           1|          24|
    |select_ln127_2_fu_912_p3         |    select|   0|  0|  24|           1|          23|
    |select_ln127_4_fu_980_p3         |    select|   0|  0|  24|           1|          23|
    |select_ln127_6_fu_1048_p3        |    select|   0|  0|  24|           1|          23|
    |select_ln127_fu_844_p3           |    select|   0|  0|  24|           1|          23|
    |xor_ln127_1_fu_838_p2            |       xor|   0|  0|   2|           1|           1|
    |xor_ln127_2_fu_894_p2            |       xor|   0|  0|   2|           1|           2|
    |xor_ln127_3_fu_906_p2            |       xor|   0|  0|   2|           1|           1|
    |xor_ln127_4_fu_962_p2            |       xor|   0|  0|   2|           1|           2|
    |xor_ln127_5_fu_974_p2            |       xor|   0|  0|   2|           1|           1|
    |xor_ln127_6_fu_1030_p2           |       xor|   0|  0|   2|           1|           2|
    |xor_ln127_7_fu_1042_p2           |       xor|   0|  0|   2|           1|           1|
    |xor_ln127_fu_826_p2              |       xor|   0|  0|   2|           1|           2|
    +---------------------------------+----------+----+---+----+------------+------------+
    |Total                            |          |   0|  0| 364|         131|         269|
    +---------------------------------+----------+----+---+----+------------+------------+

    * Multiplexer: 
    +---------------+----+-----------+-----+-----------+
    |      Name     | LUT| Input Size| Bits| Total Bits|
    +---------------+----+-----------+-----+-----------+
    |A_10_address0  |  14|          3|    8|         24|
    |A_10_ce0       |  14|          3|    1|          3|
    |A_11_address0  |  14|          3|    8|         24|
    |A_11_ce0       |  14|          3|    1|          3|
    |A_12_address0  |  14|          3|    8|         24|
    |A_12_ce0       |  14|          3|    1|          3|
    |A_13_address0  |  14|          3|    8|         24|
    |A_13_ce0       |  14|          3|    1|          3|
    |A_14_address0  |  14|          3|    8|         24|
    |A_14_ce0       |  14|          3|    1|          3|
    |A_15_address0  |  14|          3|    8|         24|
    |A_15_ce0       |  14|          3|    1|          3|
    |A_16_address0  |  14|          3|    8|         24|
    |A_16_ce0       |  14|          3|    1|          3|
    |A_17_address0  |  14|          3|    8|         24|
    |A_17_ce0       |  14|          3|    1|          3|
    |A_18_address0  |  14|          3|    8|         24|
    |A_18_ce0       |  14|          3|    1|          3|
    |A_19_address0  |  14|          3|    8|         24|
    |A_19_ce0       |  14|          3|    1|          3|
    |A_1_address0   |  14|          3|    8|         24|
    |A_1_ce0        |  14|          3|    1|          3|
    |A_20_address0  |  14|          3|    8|         24|
    |A_20_ce0       |  14|          3|    1|          3|
    |A_21_address0  |  14|          3|    8|         24|
    |A_21_ce0       |  14|          3|    1|          3|
    |A_22_address0  |  14|          3|    8|         24|
    |A_22_ce0       |  14|          3|    1|          3|
    |A_23_address0  |  14|          3|    8|         24|
    |A_23_ce0       |  14|          3|    1|          3|
    |A_24_address0  |  14|          3|    8|         24|
    |A_24_ce0       |  14|          3|    1|          3|
    |A_25_address0  |  14|          3|    8|         24|
    |A_25_ce0       |  14|          3|    1|          3|
    |A_26_address0  |  14|          3|    8|         24|
    |A_26_ce0       |  14|          3|    1|          3|
    |A_27_address0  |  14|          3|    8|         24|
    |A_27_ce0       |  14|          3|    1|          3|
    |A_28_address0  |  14|          3|    8|         24|
    |A_28_ce0       |  14|          3|    1|          3|
    |A_29_address0  |  14|          3|    8|         24|
    |A_29_ce0       |  14|          3|    1|          3|
    |A_2_address0   |  14|          3|    8|         24|
    |A_2_ce0        |  14|          3|    1|          3|
    |A_30_address0  |  14|          3|    8|         24|
    |A_30_ce0       |  14|          3|    1|          3|
    |A_31_address0  |  14|          3|    8|         24|
    |A_31_ce0       |  14|          3|    1|          3|
    |A_32_address0  |  14|          3|    8|         24|
    |A_32_ce0       |  14|          3|    1|          3|
    |A_33_address0  |  14|          3|    8|         24|
    |A_33_ce0       |  14|          3|    1|          3|
    |A_34_address0  |  14|          3|    8|         24|
    |A_34_ce0       |  14|          3|    1|          3|
    |A_35_address0  |  14|          3|    8|         24|
    |A_35_ce0       |  14|          3|    1|          3|
    |A_36_address0  |  14|          3|    8|         24|
    |A_36_ce0       |  14|          3|    1|          3|
    |A_37_address0  |  14|          3|    8|         24|
    |A_37_ce0       |  14|          3|    1|          3|
    |A_38_address0  |  14|          3|    8|         24|
    |A_38_ce0       |  14|          3|    1|          3|
    |A_39_address0  |  14|          3|    8|         24|
    |A_39_ce0       |  14|          3|    1|          3|
    |A_3_address0   |  14|          3|    8|         24|
    |A_3_ce0        |  14|          3|    1|          3|
    |A_40_address0  |  14|          3|    8|         24|
    |A_40_ce0       |  14|          3|    1|          3|
    |A_41_address0  |  14|          3|    8|         24|
    |A_41_ce0       |  14|          3|    1|          3|
    |A_42_address0  |  14|          3|    8|         24|
    |A_42_ce0       |  14|          3|    1|          3|
    |A_43_address0  |  14|          3|    8|         24|
    |A_43_ce0       |  14|          3|    1|          3|
    |A_44_address0  |  14|          3|    8|         24|
    |A_44_ce0       |  14|          3|    1|          3|
    |A_45_address0  |  14|          3|    8|         24|
    |A_45_ce0       |  14|          3|    1|          3|
    |A_46_address0  |  14|          3|    8|         24|
    |A_46_ce0       |  14|          3|    1|          3|
    |A_47_address0  |  14|          3|    8|         24|
    |A_47_ce0       |  14|          3|    1|          3|
    |A_48_address0  |  14|          3|    8|         24|
    |A_48_ce0       |  14|          3|    1|          3|
    |A_49_address0  |  14|          3|    8|         24|
    |A_49_ce0       |  14|          3|    1|          3|
    |A_4_address0   |  14|          3|    8|         24|
    |A_4_ce0        |  14|          3|    1|          3|
    |A_50_address0  |  14|          3|    8|         24|
    |A_50_ce0       |  14|          3|    1|          3|
    |A_51_address0  |  14|          3|    8|         24|
    |A_51_ce0       |  14|          3|    1|          3|
    |A_52_address0  |  14|          3|    8|         24|
    |A_52_ce0       |  14|          3|    1|          3|
    |A_53_address0  |  14|          3|    8|         24|
    |A_53_ce0       |  14|          3|    1|          3|
    |A_54_address0  |  14|          3|    8|         24|
    |A_54_ce0       |  14|          3|    1|          3|
    |A_55_address0  |  14|          3|    8|         24|
    |A_55_ce0       |  14|          3|    1|          3|
    |A_56_address0  |  14|          3|    8|         24|
    |A_56_ce0       |  14|          3|    1|          3|
    |A_57_address0  |  14|          3|    8|         24|
    |A_57_ce0       |  14|          3|    1|          3|
    |A_58_address0  |  14|          3|    8|         24|
    |A_58_ce0       |  14|          3|    1|          3|
    |A_59_address0  |  14|          3|    8|         24|
    |A_59_ce0       |  14|          3|    1|          3|
    |A_5_address0   |  14|          3|    8|         24|
    |A_5_ce0        |  14|          3|    1|          3|
    |A_60_address0  |  14|          3|    8|         24|
    |A_60_ce0       |  14|          3|    1|          3|
    |A_61_address0  |  14|          3|    8|         24|
    |A_61_ce0       |  14|          3|    1|          3|
    |A_62_address0  |  14|          3|    8|         24|
    |A_62_ce0       |  14|          3|    1|          3|
    |A_63_address0  |  14|          3|    8|         24|
    |A_63_ce0       |  14|          3|    1|          3|
    |A_64_address0  |  14|          3|    8|         24|
    |A_64_ce0       |  14|          3|    1|          3|
    |A_6_address0   |  14|          3|    8|         24|
    |A_6_ce0        |  14|          3|    1|          3|
    |A_7_address0   |  14|          3|    8|         24|
    |A_7_ce0        |  14|          3|    1|          3|
    |A_8_address0   |  14|          3|    8|         24|
    |A_8_ce0        |  14|          3|    1|          3|
    |A_9_address0   |  14|          3|    8|         24|
    |A_9_ce0        |  14|          3|    1|          3|
    |ap_NS_fsm      |  31|          6|    1|          6|
    |i_1_fu_306     |   9|          2|    9|         18|
    +---------------+----+-----------+-----+-----------+
    |Total          |1832|        392|  586|       1752|
    +---------------+----+-----------+-----+-----------+

    * Register: 
    +---------------------------------------------------------------+----+----+-----+-----------+
    |                              Name                             | FF | LUT| Bits| Const Bits|
    +---------------------------------------------------------------+----+----+-----+-----------+
    |ap_CS_fsm                                                      |   5|   0|    5|          0|
    |denom_1_reg_1111                                               |  24|   0|   24|          0|
    |denom_3_reg_1116                                               |  24|   0|   24|          0|
    |denom_5_reg_1121                                               |  24|   0|   24|          0|
    |denom_7_reg_1126                                               |  24|   0|   24|          0|
    |grp_top_kernel_Pipeline_VITIS_LOOP_121_51_fu_364_ap_start_reg  |   1|   0|    1|          0|
    |grp_top_kernel_Pipeline_VITIS_LOOP_121_53_fu_402_ap_start_reg  |   1|   0|    1|          0|
    |grp_top_kernel_Pipeline_VITIS_LOOP_121_55_fu_440_ap_start_reg  |   1|   0|    1|          0|
    |grp_top_kernel_Pipeline_VITIS_LOOP_121_5_fu_326_ap_start_reg   |   1|   0|    1|          0|
    |grp_top_kernel_Pipeline_VITIS_LOOP_129_62_fu_548_ap_start_reg  |   1|   0|    1|          0|
    |grp_top_kernel_Pipeline_VITIS_LOOP_129_64_fu_618_ap_start_reg  |   1|   0|    1|          0|
    |grp_top_kernel_Pipeline_VITIS_LOOP_129_66_fu_688_ap_start_reg  |   1|   0|    1|          0|
    |grp_top_kernel_Pipeline_VITIS_LOOP_129_6_fu_478_ap_start_reg   |   1|   0|    1|          0|
    |i_1_fu_306                                                     |   9|   0|    9|          0|
    |trunc_ln117_reg_1099                                           |   8|   0|    8|          0|
    +---------------------------------------------------------------+----+----+-----+-----------+
    |Total                                                          | 126|   0|  126|          0|
    +---------------------------------------------------------------+----+----+-----+-----------+



================================================================
== Interface
================================================================
* Summary: 
+-----------------+-----+-----+------------+-------------------------------------+--------------+
|    RTL Ports    | Dir | Bits|  Protocol  |            Source Object            |    C Type    |
+-----------------+-----+-----+------------+-------------------------------------+--------------+
|ap_clk           |   in|    1|  ap_ctrl_hs|  top_kernel_Outline_VITIS_LOOP_117_4|  return value|
|ap_rst           |   in|    1|  ap_ctrl_hs|  top_kernel_Outline_VITIS_LOOP_117_4|  return value|
|ap_start         |   in|    1|  ap_ctrl_hs|  top_kernel_Outline_VITIS_LOOP_117_4|  return value|
|ap_done          |  out|    1|  ap_ctrl_hs|  top_kernel_Outline_VITIS_LOOP_117_4|  return value|
|ap_idle          |  out|    1|  ap_ctrl_hs|  top_kernel_Outline_VITIS_LOOP_117_4|  return value|
|ap_ready         |  out|    1|  ap_ctrl_hs|  top_kernel_Outline_VITIS_LOOP_117_4|  return value|
|A_49_address0    |  out|    8|   ap_memory|                                 A_49|         array|
|A_49_ce0         |  out|    1|   ap_memory|                                 A_49|         array|
|A_49_q0          |   in|   24|   ap_memory|                                 A_49|         array|
|A_50_address0    |  out|    8|   ap_memory|                                 A_50|         array|
|A_50_ce0         |  out|    1|   ap_memory|                                 A_50|         array|
|A_50_q0          |   in|   24|   ap_memory|                                 A_50|         array|
|A_51_address0    |  out|    8|   ap_memory|                                 A_51|         array|
|A_51_ce0         |  out|    1|   ap_memory|                                 A_51|         array|
|A_51_q0          |   in|   24|   ap_memory|                                 A_51|         array|
|A_52_address0    |  out|    8|   ap_memory|                                 A_52|         array|
|A_52_ce0         |  out|    1|   ap_memory|                                 A_52|         array|
|A_52_q0          |   in|   24|   ap_memory|                                 A_52|         array|
|A_53_address0    |  out|    8|   ap_memory|                                 A_53|         array|
|A_53_ce0         |  out|    1|   ap_memory|                                 A_53|         array|
|A_53_q0          |   in|   24|   ap_memory|                                 A_53|         array|
|A_54_address0    |  out|    8|   ap_memory|                                 A_54|         array|
|A_54_ce0         |  out|    1|   ap_memory|                                 A_54|         array|
|A_54_q0          |   in|   24|   ap_memory|                                 A_54|         array|
|A_55_address0    |  out|    8|   ap_memory|                                 A_55|         array|
|A_55_ce0         |  out|    1|   ap_memory|                                 A_55|         array|
|A_55_q0          |   in|   24|   ap_memory|                                 A_55|         array|
|A_56_address0    |  out|    8|   ap_memory|                                 A_56|         array|
|A_56_ce0         |  out|    1|   ap_memory|                                 A_56|         array|
|A_56_q0          |   in|   24|   ap_memory|                                 A_56|         array|
|A_57_address0    |  out|    8|   ap_memory|                                 A_57|         array|
|A_57_ce0         |  out|    1|   ap_memory|                                 A_57|         array|
|A_57_q0          |   in|   24|   ap_memory|                                 A_57|         array|
|A_58_address0    |  out|    8|   ap_memory|                                 A_58|         array|
|A_58_ce0         |  out|    1|   ap_memory|                                 A_58|         array|
|A_58_q0          |   in|   24|   ap_memory|                                 A_58|         array|
|A_59_address0    |  out|    8|   ap_memory|                                 A_59|         array|
|A_59_ce0         |  out|    1|   ap_memory|                                 A_59|         array|
|A_59_q0          |   in|   24|   ap_memory|                                 A_59|         array|
|A_60_address0    |  out|    8|   ap_memory|                                 A_60|         array|
|A_60_ce0         |  out|    1|   ap_memory|                                 A_60|         array|
|A_60_q0          |   in|   24|   ap_memory|                                 A_60|         array|
|A_61_address0    |  out|    8|   ap_memory|                                 A_61|         array|
|A_61_ce0         |  out|    1|   ap_memory|                                 A_61|         array|
|A_61_q0          |   in|   24|   ap_memory|                                 A_61|         array|
|A_62_address0    |  out|    8|   ap_memory|                                 A_62|         array|
|A_62_ce0         |  out|    1|   ap_memory|                                 A_62|         array|
|A_62_q0          |   in|   24|   ap_memory|                                 A_62|         array|
|A_63_address0    |  out|    8|   ap_memory|                                 A_63|         array|
|A_63_ce0         |  out|    1|   ap_memory|                                 A_63|         array|
|A_63_q0          |   in|   24|   ap_memory|                                 A_63|         array|
|A_64_address0    |  out|    8|   ap_memory|                                 A_64|         array|
|A_64_ce0         |  out|    1|   ap_memory|                                 A_64|         array|
|A_64_q0          |   in|   24|   ap_memory|                                 A_64|         array|
|A_33_address0    |  out|    8|   ap_memory|                                 A_33|         array|
|A_33_ce0         |  out|    1|   ap_memory|                                 A_33|         array|
|A_33_q0          |   in|   24|   ap_memory|                                 A_33|         array|
|A_34_address0    |  out|    8|   ap_memory|                                 A_34|         array|
|A_34_ce0         |  out|    1|   ap_memory|                                 A_34|         array|
|A_34_q0          |   in|   24|   ap_memory|                                 A_34|         array|
|A_35_address0    |  out|    8|   ap_memory|                                 A_35|         array|
|A_35_ce0         |  out|    1|   ap_memory|                                 A_35|         array|
|A_35_q0          |   in|   24|   ap_memory|                                 A_35|         array|
|A_36_address0    |  out|    8|   ap_memory|                                 A_36|         array|
|A_36_ce0         |  out|    1|   ap_memory|                                 A_36|         array|
|A_36_q0          |   in|   24|   ap_memory|                                 A_36|         array|
|A_37_address0    |  out|    8|   ap_memory|                                 A_37|         array|
|A_37_ce0         |  out|    1|   ap_memory|                                 A_37|         array|
|A_37_q0          |   in|   24|   ap_memory|                                 A_37|         array|
|A_38_address0    |  out|    8|   ap_memory|                                 A_38|         array|
|A_38_ce0         |  out|    1|   ap_memory|                                 A_38|         array|
|A_38_q0          |   in|   24|   ap_memory|                                 A_38|         array|
|A_39_address0    |  out|    8|   ap_memory|                                 A_39|         array|
|A_39_ce0         |  out|    1|   ap_memory|                                 A_39|         array|
|A_39_q0          |   in|   24|   ap_memory|                                 A_39|         array|
|A_40_address0    |  out|    8|   ap_memory|                                 A_40|         array|
|A_40_ce0         |  out|    1|   ap_memory|                                 A_40|         array|
|A_40_q0          |   in|   24|   ap_memory|                                 A_40|         array|
|A_41_address0    |  out|    8|   ap_memory|                                 A_41|         array|
|A_41_ce0         |  out|    1|   ap_memory|                                 A_41|         array|
|A_41_q0          |   in|   24|   ap_memory|                                 A_41|         array|
|A_42_address0    |  out|    8|   ap_memory|                                 A_42|         array|
|A_42_ce0         |  out|    1|   ap_memory|                                 A_42|         array|
|A_42_q0          |   in|   24|   ap_memory|                                 A_42|         array|
|A_43_address0    |  out|    8|   ap_memory|                                 A_43|         array|
|A_43_ce0         |  out|    1|   ap_memory|                                 A_43|         array|
|A_43_q0          |   in|   24|   ap_memory|                                 A_43|         array|
|A_44_address0    |  out|    8|   ap_memory|                                 A_44|         array|
|A_44_ce0         |  out|    1|   ap_memory|                                 A_44|         array|
|A_44_q0          |   in|   24|   ap_memory|                                 A_44|         array|
|A_45_address0    |  out|    8|   ap_memory|                                 A_45|         array|
|A_45_ce0         |  out|    1|   ap_memory|                                 A_45|         array|
|A_45_q0          |   in|   24|   ap_memory|                                 A_45|         array|
|A_46_address0    |  out|    8|   ap_memory|                                 A_46|         array|
|A_46_ce0         |  out|    1|   ap_memory|                                 A_46|         array|
|A_46_q0          |   in|   24|   ap_memory|                                 A_46|         array|
|A_47_address0    |  out|    8|   ap_memory|                                 A_47|         array|
|A_47_ce0         |  out|    1|   ap_memory|                                 A_47|         array|
|A_47_q0          |   in|   24|   ap_memory|                                 A_47|         array|
|A_48_address0    |  out|    8|   ap_memory|                                 A_48|         array|
|A_48_ce0         |  out|    1|   ap_memory|                                 A_48|         array|
|A_48_q0          |   in|   24|   ap_memory|                                 A_48|         array|
|A_17_address0    |  out|    8|   ap_memory|                                 A_17|         array|
|A_17_ce0         |  out|    1|   ap_memory|                                 A_17|         array|
|A_17_q0          |   in|   24|   ap_memory|                                 A_17|         array|
|A_18_address0    |  out|    8|   ap_memory|                                 A_18|         array|
|A_18_ce0         |  out|    1|   ap_memory|                                 A_18|         array|
|A_18_q0          |   in|   24|   ap_memory|                                 A_18|         array|
|A_19_address0    |  out|    8|   ap_memory|                                 A_19|         array|
|A_19_ce0         |  out|    1|   ap_memory|                                 A_19|         array|
|A_19_q0          |   in|   24|   ap_memory|                                 A_19|         array|
|A_20_address0    |  out|    8|   ap_memory|                                 A_20|         array|
|A_20_ce0         |  out|    1|   ap_memory|                                 A_20|         array|
|A_20_q0          |   in|   24|   ap_memory|                                 A_20|         array|
|A_21_address0    |  out|    8|   ap_memory|                                 A_21|         array|
|A_21_ce0         |  out|    1|   ap_memory|                                 A_21|         array|
|A_21_q0          |   in|   24|   ap_memory|                                 A_21|         array|
|A_22_address0    |  out|    8|   ap_memory|                                 A_22|         array|
|A_22_ce0         |  out|    1|   ap_memory|                                 A_22|         array|
|A_22_q0          |   in|   24|   ap_memory|                                 A_22|         array|
|A_23_address0    |  out|    8|   ap_memory|                                 A_23|         array|
|A_23_ce0         |  out|    1|   ap_memory|                                 A_23|         array|
|A_23_q0          |   in|   24|   ap_memory|                                 A_23|         array|
|A_24_address0    |  out|    8|   ap_memory|                                 A_24|         array|
|A_24_ce0         |  out|    1|   ap_memory|                                 A_24|         array|
|A_24_q0          |   in|   24|   ap_memory|                                 A_24|         array|
|A_25_address0    |  out|    8|   ap_memory|                                 A_25|         array|
|A_25_ce0         |  out|    1|   ap_memory|                                 A_25|         array|
|A_25_q0          |   in|   24|   ap_memory|                                 A_25|         array|
|A_26_address0    |  out|    8|   ap_memory|                                 A_26|         array|
|A_26_ce0         |  out|    1|   ap_memory|                                 A_26|         array|
|A_26_q0          |   in|   24|   ap_memory|                                 A_26|         array|
|A_27_address0    |  out|    8|   ap_memory|                                 A_27|         array|
|A_27_ce0         |  out|    1|   ap_memory|                                 A_27|         array|
|A_27_q0          |   in|   24|   ap_memory|                                 A_27|         array|
|A_28_address0    |  out|    8|   ap_memory|                                 A_28|         array|
|A_28_ce0         |  out|    1|   ap_memory|                                 A_28|         array|
|A_28_q0          |   in|   24|   ap_memory|                                 A_28|         array|
|A_29_address0    |  out|    8|   ap_memory|                                 A_29|         array|
|A_29_ce0         |  out|    1|   ap_memory|                                 A_29|         array|
|A_29_q0          |   in|   24|   ap_memory|                                 A_29|         array|
|A_30_address0    |  out|    8|   ap_memory|                                 A_30|         array|
|A_30_ce0         |  out|    1|   ap_memory|                                 A_30|         array|
|A_30_q0          |   in|   24|   ap_memory|                                 A_30|         array|
|A_31_address0    |  out|    8|   ap_memory|                                 A_31|         array|
|A_31_ce0         |  out|    1|   ap_memory|                                 A_31|         array|
|A_31_q0          |   in|   24|   ap_memory|                                 A_31|         array|
|A_32_address0    |  out|    8|   ap_memory|                                 A_32|         array|
|A_32_ce0         |  out|    1|   ap_memory|                                 A_32|         array|
|A_32_q0          |   in|   24|   ap_memory|                                 A_32|         array|
|A_1_address0     |  out|    8|   ap_memory|                                  A_1|         array|
|A_1_ce0          |  out|    1|   ap_memory|                                  A_1|         array|
|A_1_q0           |   in|   24|   ap_memory|                                  A_1|         array|
|A_2_address0     |  out|    8|   ap_memory|                                  A_2|         array|
|A_2_ce0          |  out|    1|   ap_memory|                                  A_2|         array|
|A_2_q0           |   in|   24|   ap_memory|                                  A_2|         array|
|A_3_address0     |  out|    8|   ap_memory|                                  A_3|         array|
|A_3_ce0          |  out|    1|   ap_memory|                                  A_3|         array|
|A_3_q0           |   in|   24|   ap_memory|                                  A_3|         array|
|A_4_address0     |  out|    8|   ap_memory|                                  A_4|         array|
|A_4_ce0          |  out|    1|   ap_memory|                                  A_4|         array|
|A_4_q0           |   in|   24|   ap_memory|                                  A_4|         array|
|A_5_address0     |  out|    8|   ap_memory|                                  A_5|         array|
|A_5_ce0          |  out|    1|   ap_memory|                                  A_5|         array|
|A_5_q0           |   in|   24|   ap_memory|                                  A_5|         array|
|A_6_address0     |  out|    8|   ap_memory|                                  A_6|         array|
|A_6_ce0          |  out|    1|   ap_memory|                                  A_6|         array|
|A_6_q0           |   in|   24|   ap_memory|                                  A_6|         array|
|A_7_address0     |  out|    8|   ap_memory|                                  A_7|         array|
|A_7_ce0          |  out|    1|   ap_memory|                                  A_7|         array|
|A_7_q0           |   in|   24|   ap_memory|                                  A_7|         array|
|A_8_address0     |  out|    8|   ap_memory|                                  A_8|         array|
|A_8_ce0          |  out|    1|   ap_memory|                                  A_8|         array|
|A_8_q0           |   in|   24|   ap_memory|                                  A_8|         array|
|A_9_address0     |  out|    8|   ap_memory|                                  A_9|         array|
|A_9_ce0          |  out|    1|   ap_memory|                                  A_9|         array|
|A_9_q0           |   in|   24|   ap_memory|                                  A_9|         array|
|A_10_address0    |  out|    8|   ap_memory|                                 A_10|         array|
|A_10_ce0         |  out|    1|   ap_memory|                                 A_10|         array|
|A_10_q0          |   in|   24|   ap_memory|                                 A_10|         array|
|A_11_address0    |  out|    8|   ap_memory|                                 A_11|         array|
|A_11_ce0         |  out|    1|   ap_memory|                                 A_11|         array|
|A_11_q0          |   in|   24|   ap_memory|                                 A_11|         array|
|A_12_address0    |  out|    8|   ap_memory|                                 A_12|         array|
|A_12_ce0         |  out|    1|   ap_memory|                                 A_12|         array|
|A_12_q0          |   in|   24|   ap_memory|                                 A_12|         array|
|A_13_address0    |  out|    8|   ap_memory|                                 A_13|         array|
|A_13_ce0         |  out|    1|   ap_memory|                                 A_13|         array|
|A_13_q0          |   in|   24|   ap_memory|                                 A_13|         array|
|A_14_address0    |  out|    8|   ap_memory|                                 A_14|         array|
|A_14_ce0         |  out|    1|   ap_memory|                                 A_14|         array|
|A_14_q0          |   in|   24|   ap_memory|                                 A_14|         array|
|A_15_address0    |  out|    8|   ap_memory|                                 A_15|         array|
|A_15_ce0         |  out|    1|   ap_memory|                                 A_15|         array|
|A_15_q0          |   in|   24|   ap_memory|                                 A_15|         array|
|A_16_address0    |  out|    8|   ap_memory|                                 A_16|         array|
|A_16_ce0         |  out|    1|   ap_memory|                                 A_16|         array|
|A_16_q0          |   in|   24|   ap_memory|                                 A_16|         array|
|tmp_address0     |  out|    8|   ap_memory|                                  tmp|         array|
|tmp_ce0          |  out|    1|   ap_memory|                                  tmp|         array|
|tmp_we0          |  out|    1|   ap_memory|                                  tmp|         array|
|tmp_d0           |  out|   24|   ap_memory|                                  tmp|         array|
|tmp_1_address0   |  out|    8|   ap_memory|                                tmp_1|         array|
|tmp_1_ce0        |  out|    1|   ap_memory|                                tmp_1|         array|
|tmp_1_we0        |  out|    1|   ap_memory|                                tmp_1|         array|
|tmp_1_d0         |  out|   24|   ap_memory|                                tmp_1|         array|
|tmp_2_address0   |  out|    8|   ap_memory|                                tmp_2|         array|
|tmp_2_ce0        |  out|    1|   ap_memory|                                tmp_2|         array|
|tmp_2_we0        |  out|    1|   ap_memory|                                tmp_2|         array|
|tmp_2_d0         |  out|   24|   ap_memory|                                tmp_2|         array|
|tmp_3_address0   |  out|    8|   ap_memory|                                tmp_3|         array|
|tmp_3_ce0        |  out|    1|   ap_memory|                                tmp_3|         array|
|tmp_3_we0        |  out|    1|   ap_memory|                                tmp_3|         array|
|tmp_3_d0         |  out|   24|   ap_memory|                                tmp_3|         array|
|tmp_4_address0   |  out|    8|   ap_memory|                                tmp_4|         array|
|tmp_4_ce0        |  out|    1|   ap_memory|                                tmp_4|         array|
|tmp_4_we0        |  out|    1|   ap_memory|                                tmp_4|         array|
|tmp_4_d0         |  out|   24|   ap_memory|                                tmp_4|         array|
|tmp_5_address0   |  out|    8|   ap_memory|                                tmp_5|         array|
|tmp_5_ce0        |  out|    1|   ap_memory|                                tmp_5|         array|
|tmp_5_we0        |  out|    1|   ap_memory|                                tmp_5|         array|
|tmp_5_d0         |  out|   24|   ap_memory|                                tmp_5|         array|
|tmp_6_address0   |  out|    8|   ap_memory|                                tmp_6|         array|
|tmp_6_ce0        |  out|    1|   ap_memory|                                tmp_6|         array|
|tmp_6_we0        |  out|    1|   ap_memory|                                tmp_6|         array|
|tmp_6_d0         |  out|   24|   ap_memory|                                tmp_6|         array|
|tmp_7_address0   |  out|    8|   ap_memory|                                tmp_7|         array|
|tmp_7_ce0        |  out|    1|   ap_memory|                                tmp_7|         array|
|tmp_7_we0        |  out|    1|   ap_memory|                                tmp_7|         array|
|tmp_7_d0         |  out|   24|   ap_memory|                                tmp_7|         array|
|tmp_8_address0   |  out|    8|   ap_memory|                                tmp_8|         array|
|tmp_8_ce0        |  out|    1|   ap_memory|                                tmp_8|         array|
|tmp_8_we0        |  out|    1|   ap_memory|                                tmp_8|         array|
|tmp_8_d0         |  out|   24|   ap_memory|                                tmp_8|         array|
|tmp_9_address0   |  out|    8|   ap_memory|                                tmp_9|         array|
|tmp_9_ce0        |  out|    1|   ap_memory|                                tmp_9|         array|
|tmp_9_we0        |  out|    1|   ap_memory|                                tmp_9|         array|
|tmp_9_d0         |  out|   24|   ap_memory|                                tmp_9|         array|
|tmp_10_address0  |  out|    8|   ap_memory|                               tmp_10|         array|
|tmp_10_ce0       |  out|    1|   ap_memory|                               tmp_10|         array|
|tmp_10_we0       |  out|    1|   ap_memory|                               tmp_10|         array|
|tmp_10_d0        |  out|   24|   ap_memory|                               tmp_10|         array|
|tmp_11_address0  |  out|    8|   ap_memory|                               tmp_11|         array|
|tmp_11_ce0       |  out|    1|   ap_memory|                               tmp_11|         array|
|tmp_11_we0       |  out|    1|   ap_memory|                               tmp_11|         array|
|tmp_11_d0        |  out|   24|   ap_memory|                               tmp_11|         array|
|tmp_12_address0  |  out|    8|   ap_memory|                               tmp_12|         array|
|tmp_12_ce0       |  out|    1|   ap_memory|                               tmp_12|         array|
|tmp_12_we0       |  out|    1|   ap_memory|                               tmp_12|         array|
|tmp_12_d0        |  out|   24|   ap_memory|                               tmp_12|         array|
|tmp_13_address0  |  out|    8|   ap_memory|                               tmp_13|         array|
|tmp_13_ce0       |  out|    1|   ap_memory|                               tmp_13|         array|
|tmp_13_we0       |  out|    1|   ap_memory|                               tmp_13|         array|
|tmp_13_d0        |  out|   24|   ap_memory|                               tmp_13|         array|
|tmp_14_address0  |  out|    8|   ap_memory|                               tmp_14|         array|
|tmp_14_ce0       |  out|    1|   ap_memory|                               tmp_14|         array|
|tmp_14_we0       |  out|    1|   ap_memory|                               tmp_14|         array|
|tmp_14_d0        |  out|   24|   ap_memory|                               tmp_14|         array|
|tmp_15_address0  |  out|    8|   ap_memory|                               tmp_15|         array|
|tmp_15_ce0       |  out|    1|   ap_memory|                               tmp_15|         array|
|tmp_15_we0       |  out|    1|   ap_memory|                               tmp_15|         array|
|tmp_15_d0        |  out|   24|   ap_memory|                               tmp_15|         array|
|tmp_16_address0  |  out|    8|   ap_memory|                               tmp_16|         array|
|tmp_16_ce0       |  out|    1|   ap_memory|                               tmp_16|         array|
|tmp_16_we0       |  out|    1|   ap_memory|                               tmp_16|         array|
|tmp_16_d0        |  out|   24|   ap_memory|                               tmp_16|         array|
|tmp_17_address0  |  out|    8|   ap_memory|                               tmp_17|         array|
|tmp_17_ce0       |  out|    1|   ap_memory|                               tmp_17|         array|
|tmp_17_we0       |  out|    1|   ap_memory|                               tmp_17|         array|
|tmp_17_d0        |  out|   24|   ap_memory|                               tmp_17|         array|
|tmp_18_address0  |  out|    8|   ap_memory|                               tmp_18|         array|
|tmp_18_ce0       |  out|    1|   ap_memory|                               tmp_18|         array|
|tmp_18_we0       |  out|    1|   ap_memory|                               tmp_18|         array|
|tmp_18_d0        |  out|   24|   ap_memory|                               tmp_18|         array|
|tmp_19_address0  |  out|    8|   ap_memory|                               tmp_19|         array|
|tmp_19_ce0       |  out|    1|   ap_memory|                               tmp_19|         array|
|tmp_19_we0       |  out|    1|   ap_memory|                               tmp_19|         array|
|tmp_19_d0        |  out|   24|   ap_memory|                               tmp_19|         array|
|tmp_20_address0  |  out|    8|   ap_memory|                               tmp_20|         array|
|tmp_20_ce0       |  out|    1|   ap_memory|                               tmp_20|         array|
|tmp_20_we0       |  out|    1|   ap_memory|                               tmp_20|         array|
|tmp_20_d0        |  out|   24|   ap_memory|                               tmp_20|         array|
|tmp_21_address0  |  out|    8|   ap_memory|                               tmp_21|         array|
|tmp_21_ce0       |  out|    1|   ap_memory|                               tmp_21|         array|
|tmp_21_we0       |  out|    1|   ap_memory|                               tmp_21|         array|
|tmp_21_d0        |  out|   24|   ap_memory|                               tmp_21|         array|
|tmp_22_address0  |  out|    8|   ap_memory|                               tmp_22|         array|
|tmp_22_ce0       |  out|    1|   ap_memory|                               tmp_22|         array|
|tmp_22_we0       |  out|    1|   ap_memory|                               tmp_22|         array|
|tmp_22_d0        |  out|   24|   ap_memory|                               tmp_22|         array|
|tmp_23_address0  |  out|    8|   ap_memory|                               tmp_23|         array|
|tmp_23_ce0       |  out|    1|   ap_memory|                               tmp_23|         array|
|tmp_23_we0       |  out|    1|   ap_memory|                               tmp_23|         array|
|tmp_23_d0        |  out|   24|   ap_memory|                               tmp_23|         array|
|tmp_24_address0  |  out|    8|   ap_memory|                               tmp_24|         array|
|tmp_24_ce0       |  out|    1|   ap_memory|                               tmp_24|         array|
|tmp_24_we0       |  out|    1|   ap_memory|                               tmp_24|         array|
|tmp_24_d0        |  out|   24|   ap_memory|                               tmp_24|         array|
|tmp_25_address0  |  out|    8|   ap_memory|                               tmp_25|         array|
|tmp_25_ce0       |  out|    1|   ap_memory|                               tmp_25|         array|
|tmp_25_we0       |  out|    1|   ap_memory|                               tmp_25|         array|
|tmp_25_d0        |  out|   24|   ap_memory|                               tmp_25|         array|
|tmp_26_address0  |  out|    8|   ap_memory|                               tmp_26|         array|
|tmp_26_ce0       |  out|    1|   ap_memory|                               tmp_26|         array|
|tmp_26_we0       |  out|    1|   ap_memory|                               tmp_26|         array|
|tmp_26_d0        |  out|   24|   ap_memory|                               tmp_26|         array|
|tmp_27_address0  |  out|    8|   ap_memory|                               tmp_27|         array|
|tmp_27_ce0       |  out|    1|   ap_memory|                               tmp_27|         array|
|tmp_27_we0       |  out|    1|   ap_memory|                               tmp_27|         array|
|tmp_27_d0        |  out|   24|   ap_memory|                               tmp_27|         array|
|tmp_28_address0  |  out|    8|   ap_memory|                               tmp_28|         array|
|tmp_28_ce0       |  out|    1|   ap_memory|                               tmp_28|         array|
|tmp_28_we0       |  out|    1|   ap_memory|                               tmp_28|         array|
|tmp_28_d0        |  out|   24|   ap_memory|                               tmp_28|         array|
|tmp_29_address0  |  out|    8|   ap_memory|                               tmp_29|         array|
|tmp_29_ce0       |  out|    1|   ap_memory|                               tmp_29|         array|
|tmp_29_we0       |  out|    1|   ap_memory|                               tmp_29|         array|
|tmp_29_d0        |  out|   24|   ap_memory|                               tmp_29|         array|
|tmp_30_address0  |  out|    8|   ap_memory|                               tmp_30|         array|
|tmp_30_ce0       |  out|    1|   ap_memory|                               tmp_30|         array|
|tmp_30_we0       |  out|    1|   ap_memory|                               tmp_30|         array|
|tmp_30_d0        |  out|   24|   ap_memory|                               tmp_30|         array|
|tmp_31_address0  |  out|    8|   ap_memory|                               tmp_31|         array|
|tmp_31_ce0       |  out|    1|   ap_memory|                               tmp_31|         array|
|tmp_31_we0       |  out|    1|   ap_memory|                               tmp_31|         array|
|tmp_31_d0        |  out|   24|   ap_memory|                               tmp_31|         array|
|tmp_32_address0  |  out|    8|   ap_memory|                               tmp_32|         array|
|tmp_32_ce0       |  out|    1|   ap_memory|                               tmp_32|         array|
|tmp_32_we0       |  out|    1|   ap_memory|                               tmp_32|         array|
|tmp_32_d0        |  out|   24|   ap_memory|                               tmp_32|         array|
|tmp_33_address0  |  out|    8|   ap_memory|                               tmp_33|         array|
|tmp_33_ce0       |  out|    1|   ap_memory|                               tmp_33|         array|
|tmp_33_we0       |  out|    1|   ap_memory|                               tmp_33|         array|
|tmp_33_d0        |  out|   24|   ap_memory|                               tmp_33|         array|
|tmp_34_address0  |  out|    8|   ap_memory|                               tmp_34|         array|
|tmp_34_ce0       |  out|    1|   ap_memory|                               tmp_34|         array|
|tmp_34_we0       |  out|    1|   ap_memory|                               tmp_34|         array|
|tmp_34_d0        |  out|   24|   ap_memory|                               tmp_34|         array|
|tmp_35_address0  |  out|    8|   ap_memory|                               tmp_35|         array|
|tmp_35_ce0       |  out|    1|   ap_memory|                               tmp_35|         array|
|tmp_35_we0       |  out|    1|   ap_memory|                               tmp_35|         array|
|tmp_35_d0        |  out|   24|   ap_memory|                               tmp_35|         array|
|tmp_36_address0  |  out|    8|   ap_memory|                               tmp_36|         array|
|tmp_36_ce0       |  out|    1|   ap_memory|                               tmp_36|         array|
|tmp_36_we0       |  out|    1|   ap_memory|                               tmp_36|         array|
|tmp_36_d0        |  out|   24|   ap_memory|                               tmp_36|         array|
|tmp_37_address0  |  out|    8|   ap_memory|                               tmp_37|         array|
|tmp_37_ce0       |  out|    1|   ap_memory|                               tmp_37|         array|
|tmp_37_we0       |  out|    1|   ap_memory|                               tmp_37|         array|
|tmp_37_d0        |  out|   24|   ap_memory|                               tmp_37|         array|
|tmp_38_address0  |  out|    8|   ap_memory|                               tmp_38|         array|
|tmp_38_ce0       |  out|    1|   ap_memory|                               tmp_38|         array|
|tmp_38_we0       |  out|    1|   ap_memory|                               tmp_38|         array|
|tmp_38_d0        |  out|   24|   ap_memory|                               tmp_38|         array|
|tmp_39_address0  |  out|    8|   ap_memory|                               tmp_39|         array|
|tmp_39_ce0       |  out|    1|   ap_memory|                               tmp_39|         array|
|tmp_39_we0       |  out|    1|   ap_memory|                               tmp_39|         array|
|tmp_39_d0        |  out|   24|   ap_memory|                               tmp_39|         array|
|tmp_40_address0  |  out|    8|   ap_memory|                               tmp_40|         array|
|tmp_40_ce0       |  out|    1|   ap_memory|                               tmp_40|         array|
|tmp_40_we0       |  out|    1|   ap_memory|                               tmp_40|         array|
|tmp_40_d0        |  out|   24|   ap_memory|                               tmp_40|         array|
|tmp_41_address0  |  out|    8|   ap_memory|                               tmp_41|         array|
|tmp_41_ce0       |  out|    1|   ap_memory|                               tmp_41|         array|
|tmp_41_we0       |  out|    1|   ap_memory|                               tmp_41|         array|
|tmp_41_d0        |  out|   24|   ap_memory|                               tmp_41|         array|
|tmp_42_address0  |  out|    8|   ap_memory|                               tmp_42|         array|
|tmp_42_ce0       |  out|    1|   ap_memory|                               tmp_42|         array|
|tmp_42_we0       |  out|    1|   ap_memory|                               tmp_42|         array|
|tmp_42_d0        |  out|   24|   ap_memory|                               tmp_42|         array|
|tmp_43_address0  |  out|    8|   ap_memory|                               tmp_43|         array|
|tmp_43_ce0       |  out|    1|   ap_memory|                               tmp_43|         array|
|tmp_43_we0       |  out|    1|   ap_memory|                               tmp_43|         array|
|tmp_43_d0        |  out|   24|   ap_memory|                               tmp_43|         array|
|tmp_44_address0  |  out|    8|   ap_memory|                               tmp_44|         array|
|tmp_44_ce0       |  out|    1|   ap_memory|                               tmp_44|         array|
|tmp_44_we0       |  out|    1|   ap_memory|                               tmp_44|         array|
|tmp_44_d0        |  out|   24|   ap_memory|                               tmp_44|         array|
|tmp_45_address0  |  out|    8|   ap_memory|                               tmp_45|         array|
|tmp_45_ce0       |  out|    1|   ap_memory|                               tmp_45|         array|
|tmp_45_we0       |  out|    1|   ap_memory|                               tmp_45|         array|
|tmp_45_d0        |  out|   24|   ap_memory|                               tmp_45|         array|
|tmp_46_address0  |  out|    8|   ap_memory|                               tmp_46|         array|
|tmp_46_ce0       |  out|    1|   ap_memory|                               tmp_46|         array|
|tmp_46_we0       |  out|    1|   ap_memory|                               tmp_46|         array|
|tmp_46_d0        |  out|   24|   ap_memory|                               tmp_46|         array|
|tmp_47_address0  |  out|    8|   ap_memory|                               tmp_47|         array|
|tmp_47_ce0       |  out|    1|   ap_memory|                               tmp_47|         array|
|tmp_47_we0       |  out|    1|   ap_memory|                               tmp_47|         array|
|tmp_47_d0        |  out|   24|   ap_memory|                               tmp_47|         array|
|tmp_48_address0  |  out|    8|   ap_memory|                               tmp_48|         array|
|tmp_48_ce0       |  out|    1|   ap_memory|                               tmp_48|         array|
|tmp_48_we0       |  out|    1|   ap_memory|                               tmp_48|         array|
|tmp_48_d0        |  out|   24|   ap_memory|                               tmp_48|         array|
|tmp_49_address0  |  out|    8|   ap_memory|                               tmp_49|         array|
|tmp_49_ce0       |  out|    1|   ap_memory|                               tmp_49|         array|
|tmp_49_we0       |  out|    1|   ap_memory|                               tmp_49|         array|
|tmp_49_d0        |  out|   24|   ap_memory|                               tmp_49|         array|
|tmp_50_address0  |  out|    8|   ap_memory|                               tmp_50|         array|
|tmp_50_ce0       |  out|    1|   ap_memory|                               tmp_50|         array|
|tmp_50_we0       |  out|    1|   ap_memory|                               tmp_50|         array|
|tmp_50_d0        |  out|   24|   ap_memory|                               tmp_50|         array|
|tmp_51_address0  |  out|    8|   ap_memory|                               tmp_51|         array|
|tmp_51_ce0       |  out|    1|   ap_memory|                               tmp_51|         array|
|tmp_51_we0       |  out|    1|   ap_memory|                               tmp_51|         array|
|tmp_51_d0        |  out|   24|   ap_memory|                               tmp_51|         array|
|tmp_52_address0  |  out|    8|   ap_memory|                               tmp_52|         array|
|tmp_52_ce0       |  out|    1|   ap_memory|                               tmp_52|         array|
|tmp_52_we0       |  out|    1|   ap_memory|                               tmp_52|         array|
|tmp_52_d0        |  out|   24|   ap_memory|                               tmp_52|         array|
|tmp_53_address0  |  out|    8|   ap_memory|                               tmp_53|         array|
|tmp_53_ce0       |  out|    1|   ap_memory|                               tmp_53|         array|
|tmp_53_we0       |  out|    1|   ap_memory|                               tmp_53|         array|
|tmp_53_d0        |  out|   24|   ap_memory|                               tmp_53|         array|
|tmp_54_address0  |  out|    8|   ap_memory|                               tmp_54|         array|
|tmp_54_ce0       |  out|    1|   ap_memory|                               tmp_54|         array|
|tmp_54_we0       |  out|    1|   ap_memory|                               tmp_54|         array|
|tmp_54_d0        |  out|   24|   ap_memory|                               tmp_54|         array|
|tmp_55_address0  |  out|    8|   ap_memory|                               tmp_55|         array|
|tmp_55_ce0       |  out|    1|   ap_memory|                               tmp_55|         array|
|tmp_55_we0       |  out|    1|   ap_memory|                               tmp_55|         array|
|tmp_55_d0        |  out|   24|   ap_memory|                               tmp_55|         array|
|tmp_56_address0  |  out|    8|   ap_memory|                               tmp_56|         array|
|tmp_56_ce0       |  out|    1|   ap_memory|                               tmp_56|         array|
|tmp_56_we0       |  out|    1|   ap_memory|                               tmp_56|         array|
|tmp_56_d0        |  out|   24|   ap_memory|                               tmp_56|         array|
|tmp_57_address0  |  out|    8|   ap_memory|                               tmp_57|         array|
|tmp_57_ce0       |  out|    1|   ap_memory|                               tmp_57|         array|
|tmp_57_we0       |  out|    1|   ap_memory|                               tmp_57|         array|
|tmp_57_d0        |  out|   24|   ap_memory|                               tmp_57|         array|
|tmp_58_address0  |  out|    8|   ap_memory|                               tmp_58|         array|
|tmp_58_ce0       |  out|    1|   ap_memory|                               tmp_58|         array|
|tmp_58_we0       |  out|    1|   ap_memory|                               tmp_58|         array|
|tmp_58_d0        |  out|   24|   ap_memory|                               tmp_58|         array|
|tmp_59_address0  |  out|    8|   ap_memory|                               tmp_59|         array|
|tmp_59_ce0       |  out|    1|   ap_memory|                               tmp_59|         array|
|tmp_59_we0       |  out|    1|   ap_memory|                               tmp_59|         array|
|tmp_59_d0        |  out|   24|   ap_memory|                               tmp_59|         array|
|tmp_60_address0  |  out|    8|   ap_memory|                               tmp_60|         array|
|tmp_60_ce0       |  out|    1|   ap_memory|                               tmp_60|         array|
|tmp_60_we0       |  out|    1|   ap_memory|                               tmp_60|         array|
|tmp_60_d0        |  out|   24|   ap_memory|                               tmp_60|         array|
|tmp_61_address0  |  out|    8|   ap_memory|                               tmp_61|         array|
|tmp_61_ce0       |  out|    1|   ap_memory|                               tmp_61|         array|
|tmp_61_we0       |  out|    1|   ap_memory|                               tmp_61|         array|
|tmp_61_d0        |  out|   24|   ap_memory|                               tmp_61|         array|
|tmp_62_address0  |  out|    8|   ap_memory|                               tmp_62|         array|
|tmp_62_ce0       |  out|    1|   ap_memory|                               tmp_62|         array|
|tmp_62_we0       |  out|    1|   ap_memory|                               tmp_62|         array|
|tmp_62_d0        |  out|   24|   ap_memory|                               tmp_62|         array|
|tmp_63_address0  |  out|    8|   ap_memory|                               tmp_63|         array|
|tmp_63_ce0       |  out|    1|   ap_memory|                               tmp_63|         array|
|tmp_63_we0       |  out|    1|   ap_memory|                               tmp_63|         array|
|tmp_63_d0        |  out|   24|   ap_memory|                               tmp_63|         array|
+-----------------+-----+-----+------------+-------------------------------------+--------------+

