

================================================================
== Vitis HLS Report for 'top_kernel'
================================================================
* Date:           Tue Feb  3 00:40:14 2026

* Version:        2025.1.1 (Build 6214317 on Sep 11 2025)
* Project:        project_1
* Solution:       hls (Vivado IP Flow Target)
* Product family: zynquplus
* Target device:  xczu3eg-sbva484-1-e


================================================================
== Performance Estimates
================================================================
+ Timing: 
    * Summary: 
    +--------+----------+-----------+------------+
    |  Clock |  Target  | Estimated | Uncertainty|
    +--------+----------+-----------+------------+
    |ap_clk  |  10.00 ns|  25.201 ns|     2.70 ns|
    +--------+----------+-----------+------------+

+ Latency: 
    * Summary: 
    +---------+---------+----------+----------+-------+-------+---------+
    |  Latency (cycles) |  Latency (absolute) |    Interval   | Pipeline|
    |   min   |   max   |    min   |    max   |  min  |  max  |   Type  |
    +---------+---------+----------+----------+-------+-------+---------+
    |    43556|    43556|  1.098 ms|  1.098 ms|  43557|  43557|       no|
    +---------+---------+----------+----------+-------+-------+---------+

    + Detail: 
        * Instance: 
        +---------------------------------------------------------------------+---------------------------------------------------------+---------+---------+-----------+-----------+-------+-------+------------------------------------------------+
        |                                                                     |                                                         |  Latency (cycles) |   Latency (absolute)  |    Interval   |                    Pipeline                    |
        |                               Instance                              |                          Module                         |   min   |   max   |    min    |    max    |  min  |  max  |                      Type                      |
        +---------------------------------------------------------------------+---------------------------------------------------------+---------+---------+-----------+-----------+-------+-------+------------------------------------------------+
        |grp_top_kernel_Pipeline_VITIS_LOOP_104_1_fu_819                      |top_kernel_Pipeline_VITIS_LOOP_104_1                     |       66|       66|   0.660 us|   0.660 us|     65|     65|  loop auto-rewind stp (delay=0 clock cycles(s))|
        |grp_top_kernel_Pipeline_VITIS_LOOP_110_2_VITIS_LOOP_111_3_fu_855     |top_kernel_Pipeline_VITIS_LOOP_110_2_VITIS_LOOP_111_3    |    16387|    16387|   0.164 ms|   0.164 ms|  16385|  16385|  loop auto-rewind stp (delay=0 clock cycles(s))|
        |grp_top_kernel_Outline_VITIS_LOOP_118_4_fu_894                       |top_kernel_Outline_VITIS_LOOP_118_4                      |     7425|     7425|   0.187 ms|   0.187 ms|   7425|   7425|                                              no|
        |grp_top_kernel_Pipeline_VITIS_LOOP_143_7_VITIS_LOOP_144_8_fu_962     |top_kernel_Pipeline_VITIS_LOOP_143_7_VITIS_LOOP_144_8    |     1028|     1028|  25.404 us|  25.404 us|   1025|   1025|  loop auto-rewind stp (delay=0 clock cycles(s))|
        |grp_top_kernel_Pipeline_VITIS_LOOP_156_10_fu_1014                    |top_kernel_Pipeline_VITIS_LOOP_156_10                    |       67|       67|   0.670 us|   0.670 us|     66|     66|  loop auto-rewind stp (delay=0 clock cycles(s))|
        |grp_top_kernel_Pipeline_VITIS_LOOP_156_103_fu_1053                   |top_kernel_Pipeline_VITIS_LOOP_156_103                   |       67|       67|   0.670 us|   0.670 us|     66|     66|  loop auto-rewind stp (delay=0 clock cycles(s))|
        |grp_top_kernel_Pipeline_VITIS_LOOP_164_11_VITIS_LOOP_165_12_fu_1092  |top_kernel_Pipeline_VITIS_LOOP_164_11_VITIS_LOOP_165_12  |    16387|    16387|   0.164 ms|   0.164 ms|  16385|  16385|  loop auto-rewind stp (delay=0 clock cycles(s))|
        +---------------------------------------------------------------------+---------------------------------------------------------+---------+---------+-----------+-----------+-------+-------+------------------------------------------------+

        * Loop: 
        +--------------------+---------+---------+----------+-----------+-----------+------+----------+
        |                    |  Latency (cycles) | Iteration|  Initiation Interval  | Trip |          |
        |      Loop Name     |   min   |   max   |  Latency |  achieved |   target  | Count| Pipelined|
        +--------------------+---------+---------+----------+-----------+-----------+------+----------+
        |- VITIS_LOOP_152_9  |     2240|     2240|        70|          -|          -|    32|        no|
        +--------------------+---------+---------+----------+-----------+-----------+------+----------+



================================================================
== Utilization Estimates
================================================================
* Summary: 
+-----------------+---------+-----+--------+--------+-----+
|       Name      | BRAM_18K| DSP |   FF   |   LUT  | URAM|
+-----------------+---------+-----+--------+--------+-----+
|DSP              |        -|    -|       -|       -|    -|
|Expression       |        -|    -|       0|     190|    -|
|FIFO             |        -|    -|       -|       -|    -|
|Instance         |        2|   32|  108602|  104113|    0|
|Memory           |      544|    -|     768|      32|    0|
|Multiplexer      |        -|    -|       0|    8458|    -|
|Register         |        -|    -|     268|       -|    -|
+-----------------+---------+-----+--------+--------+-----+
|Total            |      546|   32|  109638|  112793|    0|
+-----------------+---------+-----+--------+--------+-----+
|Available        |      432|  360|  141120|   70560|    0|
+-----------------+---------+-----+--------+--------+-----+
|Utilization (%)  |      126|    8|      77|     159|    0|
+-----------------+---------+-----+--------+--------+-----+

+ Detail: 
    * Instance: 
    +---------------------------------------------------------------------+---------------------------------------------------------+---------+----+--------+-------+-----+
    |                               Instance                              |                          Module                         | BRAM_18K| DSP|   FF   |  LUT  | URAM|
    +---------------------------------------------------------------------+---------------------------------------------------------+---------+----+--------+-------+-----+
    |A_m_axi_U                                                            |A_m_axi                                                  |        2|   0|     671|    637|    0|
    |C_m_axi_U                                                            |C_m_axi                                                  |        0|   0|     611|    666|    0|
    |control_s_axi_U                                                      |control_s_axi                                            |        0|   0|     176|    296|    0|
    |sparsemux_17_4_24_1_1_U474                                           |sparsemux_17_4_24_1_1                                    |        0|   0|       0|     43|    0|
    |sparsemux_17_4_24_1_1_U475                                           |sparsemux_17_4_24_1_1                                    |        0|   0|       0|     43|    0|
    |grp_top_kernel_Outline_VITIS_LOOP_118_4_fu_894                       |top_kernel_Outline_VITIS_LOOP_118_4                      |        0|   0|  102668|  86378|    0|
    |grp_top_kernel_Pipeline_VITIS_LOOP_104_1_fu_819                      |top_kernel_Pipeline_VITIS_LOOP_104_1                     |        0|   0|       9|     56|    0|
    |grp_top_kernel_Pipeline_VITIS_LOOP_110_2_VITIS_LOOP_111_3_fu_855     |top_kernel_Pipeline_VITIS_LOOP_110_2_VITIS_LOOP_111_3    |        0|   0|      75|    174|    0|
    |grp_top_kernel_Pipeline_VITIS_LOOP_143_7_VITIS_LOOP_144_8_fu_962     |top_kernel_Pipeline_VITIS_LOOP_143_7_VITIS_LOOP_144_8    |        0|   0|    1849|   3840|    0|
    |grp_top_kernel_Pipeline_VITIS_LOOP_156_10_fu_1014                    |top_kernel_Pipeline_VITIS_LOOP_156_10                    |        0|  16|    1239|   5818|    0|
    |grp_top_kernel_Pipeline_VITIS_LOOP_156_103_fu_1053                   |top_kernel_Pipeline_VITIS_LOOP_156_103                   |        0|  16|    1239|   5818|    0|
    |grp_top_kernel_Pipeline_VITIS_LOOP_164_11_VITIS_LOOP_165_12_fu_1092  |top_kernel_Pipeline_VITIS_LOOP_164_11_VITIS_LOOP_165_12  |        0|   0|      65|    344|    0|
    +---------------------------------------------------------------------+---------------------------------------------------------+---------+----+--------+-------+-----+
    |Total                                                                |                                                         |        2|  32|  108602| 104113|    0|
    +---------------------------------------------------------------------+---------------------------------------------------------+---------+----+--------+-------+-----+

    * DSP: 
    N/A

    * Memory: 
    +---------------+------------------------+---------+----+----+-----+------+-----+------+-------------+
    |     Memory    |         Module         | BRAM_18K| FF | LUT| URAM| Words| Bits| Banks| W*Bits*Banks|
    +---------------+------------------------+---------+----+----+-----+------+-----+------+-------------+
    |A_1_U          |A_1_RAM_AUTO_1R1W       |        1|   0|   0|    0|   512|   24|     1|        12288|
    |A_2_U          |A_1_RAM_AUTO_1R1W       |        1|   0|   0|    0|   512|   24|     1|        12288|
    |A_3_U          |A_1_RAM_AUTO_1R1W       |        1|   0|   0|    0|   512|   24|     1|        12288|
    |A_4_U          |A_1_RAM_AUTO_1R1W       |        1|   0|   0|    0|   512|   24|     1|        12288|
    |A_5_U          |A_1_RAM_AUTO_1R1W       |        1|   0|   0|    0|   512|   24|     1|        12288|
    |A_6_U          |A_1_RAM_AUTO_1R1W       |        1|   0|   0|    0|   512|   24|     1|        12288|
    |A_7_U          |A_1_RAM_AUTO_1R1W       |        1|   0|   0|    0|   512|   24|     1|        12288|
    |A_8_U          |A_1_RAM_AUTO_1R1W       |        1|   0|   0|    0|   512|   24|     1|        12288|
    |A_9_U          |A_1_RAM_AUTO_1R1W       |        1|   0|   0|    0|   512|   24|     1|        12288|
    |A_10_U         |A_1_RAM_AUTO_1R1W       |        1|   0|   0|    0|   512|   24|     1|        12288|
    |A_11_U         |A_1_RAM_AUTO_1R1W       |        1|   0|   0|    0|   512|   24|     1|        12288|
    |A_12_U         |A_1_RAM_AUTO_1R1W       |        1|   0|   0|    0|   512|   24|     1|        12288|
    |A_13_U         |A_1_RAM_AUTO_1R1W       |        1|   0|   0|    0|   512|   24|     1|        12288|
    |A_14_U         |A_1_RAM_AUTO_1R1W       |        1|   0|   0|    0|   512|   24|     1|        12288|
    |A_15_U         |A_1_RAM_AUTO_1R1W       |        1|   0|   0|    0|   512|   24|     1|        12288|
    |A_16_U         |A_1_RAM_AUTO_1R1W       |        1|   0|   0|    0|   512|   24|     1|        12288|
    |A_17_U         |A_1_RAM_AUTO_1R1W       |        1|   0|   0|    0|   512|   24|     1|        12288|
    |A_18_U         |A_1_RAM_AUTO_1R1W       |        1|   0|   0|    0|   512|   24|     1|        12288|
    |A_19_U         |A_1_RAM_AUTO_1R1W       |        1|   0|   0|    0|   512|   24|     1|        12288|
    |A_20_U         |A_1_RAM_AUTO_1R1W       |        1|   0|   0|    0|   512|   24|     1|        12288|
    |A_21_U         |A_1_RAM_AUTO_1R1W       |        1|   0|   0|    0|   512|   24|     1|        12288|
    |A_22_U         |A_1_RAM_AUTO_1R1W       |        1|   0|   0|    0|   512|   24|     1|        12288|
    |A_23_U         |A_1_RAM_AUTO_1R1W       |        1|   0|   0|    0|   512|   24|     1|        12288|
    |A_24_U         |A_1_RAM_AUTO_1R1W       |        1|   0|   0|    0|   512|   24|     1|        12288|
    |A_25_U         |A_1_RAM_AUTO_1R1W       |        1|   0|   0|    0|   512|   24|     1|        12288|
    |A_26_U         |A_1_RAM_AUTO_1R1W       |        1|   0|   0|    0|   512|   24|     1|        12288|
    |A_27_U         |A_1_RAM_AUTO_1R1W       |        1|   0|   0|    0|   512|   24|     1|        12288|
    |A_28_U         |A_1_RAM_AUTO_1R1W       |        1|   0|   0|    0|   512|   24|     1|        12288|
    |A_29_U         |A_1_RAM_AUTO_1R1W       |        1|   0|   0|    0|   512|   24|     1|        12288|
    |A_30_U         |A_1_RAM_AUTO_1R1W       |        1|   0|   0|    0|   512|   24|     1|        12288|
    |A_31_U         |A_1_RAM_AUTO_1R1W       |        1|   0|   0|    0|   512|   24|     1|        12288|
    |A_32_U         |A_1_RAM_AUTO_1R1W       |        1|   0|   0|    0|   512|   24|     1|        12288|
    |C_1_U          |C_1_RAM_AUTO_1R1W       |        2|   0|   0|    0|   512|   24|     1|        12288|
    |C_2_U          |C_1_RAM_AUTO_1R1W       |        2|   0|   0|    0|   512|   24|     1|        12288|
    |C_3_U          |C_1_RAM_AUTO_1R1W       |        2|   0|   0|    0|   512|   24|     1|        12288|
    |C_4_U          |C_1_RAM_AUTO_1R1W       |        2|   0|   0|    0|   512|   24|     1|        12288|
    |C_5_U          |C_1_RAM_AUTO_1R1W       |        2|   0|   0|    0|   512|   24|     1|        12288|
    |C_6_U          |C_1_RAM_AUTO_1R1W       |        2|   0|   0|    0|   512|   24|     1|        12288|
    |C_7_U          |C_1_RAM_AUTO_1R1W       |        2|   0|   0|    0|   512|   24|     1|        12288|
    |C_8_U          |C_1_RAM_AUTO_1R1W       |        2|   0|   0|    0|   512|   24|     1|        12288|
    |C_9_U          |C_1_RAM_AUTO_1R1W       |        2|   0|   0|    0|   512|   24|     1|        12288|
    |C_10_U         |C_1_RAM_AUTO_1R1W       |        2|   0|   0|    0|   512|   24|     1|        12288|
    |C_11_U         |C_1_RAM_AUTO_1R1W       |        2|   0|   0|    0|   512|   24|     1|        12288|
    |C_12_U         |C_1_RAM_AUTO_1R1W       |        2|   0|   0|    0|   512|   24|     1|        12288|
    |C_13_U         |C_1_RAM_AUTO_1R1W       |        2|   0|   0|    0|   512|   24|     1|        12288|
    |C_14_U         |C_1_RAM_AUTO_1R1W       |        2|   0|   0|    0|   512|   24|     1|        12288|
    |C_15_U         |C_1_RAM_AUTO_1R1W       |        2|   0|   0|    0|   512|   24|     1|        12288|
    |C_16_U         |C_1_RAM_AUTO_1R1W       |        2|   0|   0|    0|   512|   24|     1|        12288|
    |C_17_U         |C_1_RAM_AUTO_1R1W       |        2|   0|   0|    0|   512|   24|     1|        12288|
    |C_18_U         |C_1_RAM_AUTO_1R1W       |        2|   0|   0|    0|   512|   24|     1|        12288|
    |C_19_U         |C_1_RAM_AUTO_1R1W       |        2|   0|   0|    0|   512|   24|     1|        12288|
    |C_20_U         |C_1_RAM_AUTO_1R1W       |        2|   0|   0|    0|   512|   24|     1|        12288|
    |C_21_U         |C_1_RAM_AUTO_1R1W       |        2|   0|   0|    0|   512|   24|     1|        12288|
    |C_22_U         |C_1_RAM_AUTO_1R1W       |        2|   0|   0|    0|   512|   24|     1|        12288|
    |C_23_U         |C_1_RAM_AUTO_1R1W       |        2|   0|   0|    0|   512|   24|     1|        12288|
    |C_24_U         |C_1_RAM_AUTO_1R1W       |        2|   0|   0|    0|   512|   24|     1|        12288|
    |C_25_U         |C_1_RAM_AUTO_1R1W       |        2|   0|   0|    0|   512|   24|     1|        12288|
    |C_26_U         |C_1_RAM_AUTO_1R1W       |        2|   0|   0|    0|   512|   24|     1|        12288|
    |C_27_U         |C_1_RAM_AUTO_1R1W       |        2|   0|   0|    0|   512|   24|     1|        12288|
    |C_28_U         |C_1_RAM_AUTO_1R1W       |        2|   0|   0|    0|   512|   24|     1|        12288|
    |C_29_U         |C_1_RAM_AUTO_1R1W       |        2|   0|   0|    0|   512|   24|     1|        12288|
    |C_30_U         |C_1_RAM_AUTO_1R1W       |        2|   0|   0|    0|   512|   24|     1|        12288|
    |C_31_U         |C_1_RAM_AUTO_1R1W       |        2|   0|   0|    0|   512|   24|     1|        12288|
    |C_32_U         |C_1_RAM_AUTO_1R1W       |        2|   0|   0|    0|   512|   24|     1|        12288|
    |col_sums_U     |col_sums_RAM_AUTO_1R1W  |        0|  48|   2|    0|     4|   24|     1|           96|
    |col_sums_1_U   |col_sums_RAM_AUTO_1R1W  |        0|  48|   2|    0|     4|   24|     1|           96|
    |col_sums_2_U   |col_sums_RAM_AUTO_1R1W  |        0|  48|   2|    0|     4|   24|     1|           96|
    |col_sums_3_U   |col_sums_RAM_AUTO_1R1W  |        0|  48|   2|    0|     4|   24|     1|           96|
    |col_sums_4_U   |col_sums_RAM_AUTO_1R1W  |        0|  48|   2|    0|     4|   24|     1|           96|
    |col_sums_5_U   |col_sums_RAM_AUTO_1R1W  |        0|  48|   2|    0|     4|   24|     1|           96|
    |col_sums_6_U   |col_sums_RAM_AUTO_1R1W  |        0|  48|   2|    0|     4|   24|     1|           96|
    |col_sums_7_U   |col_sums_RAM_AUTO_1R1W  |        0|  48|   2|    0|     4|   24|     1|           96|
    |col_sums_8_U   |col_sums_RAM_AUTO_1R1W  |        0|  48|   2|    0|     4|   24|     1|           96|
    |col_sums_9_U   |col_sums_RAM_AUTO_1R1W  |        0|  48|   2|    0|     4|   24|     1|           96|
    |col_sums_10_U  |col_sums_RAM_AUTO_1R1W  |        0|  48|   2|    0|     4|   24|     1|           96|
    |col_sums_11_U  |col_sums_RAM_AUTO_1R1W  |        0|  48|   2|    0|     4|   24|     1|           96|
    |col_sums_12_U  |col_sums_RAM_AUTO_1R1W  |        0|  48|   2|    0|     4|   24|     1|           96|
    |col_sums_13_U  |col_sums_RAM_AUTO_1R1W  |        0|  48|   2|    0|     4|   24|     1|           96|
    |col_sums_14_U  |col_sums_RAM_AUTO_1R1W  |        0|  48|   2|    0|     4|   24|     1|           96|
    |col_sums_15_U  |col_sums_RAM_AUTO_1R1W  |        0|  48|   2|    0|     4|   24|     1|           96|
    |tmp_U          |tmp_RAM_1WNR_AUTO_1R1W  |       14|   0|   0|    0|   512|   24|     1|        12288|
    |tmp_1_U        |tmp_RAM_1WNR_AUTO_1R1W  |       14|   0|   0|    0|   512|   24|     1|        12288|
    |tmp_2_U        |tmp_RAM_1WNR_AUTO_1R1W  |       14|   0|   0|    0|   512|   24|     1|        12288|
    |tmp_3_U        |tmp_RAM_1WNR_AUTO_1R1W  |       14|   0|   0|    0|   512|   24|     1|        12288|
    |tmp_4_U        |tmp_RAM_1WNR_AUTO_1R1W  |       14|   0|   0|    0|   512|   24|     1|        12288|
    |tmp_5_U        |tmp_RAM_1WNR_AUTO_1R1W  |       14|   0|   0|    0|   512|   24|     1|        12288|
    |tmp_6_U        |tmp_RAM_1WNR_AUTO_1R1W  |       14|   0|   0|    0|   512|   24|     1|        12288|
    |tmp_7_U        |tmp_RAM_1WNR_AUTO_1R1W  |       14|   0|   0|    0|   512|   24|     1|        12288|
    |tmp_8_U        |tmp_RAM_1WNR_AUTO_1R1W  |       14|   0|   0|    0|   512|   24|     1|        12288|
    |tmp_9_U        |tmp_RAM_1WNR_AUTO_1R1W  |       14|   0|   0|    0|   512|   24|     1|        12288|
    |tmp_10_U       |tmp_RAM_1WNR_AUTO_1R1W  |       14|   0|   0|    0|   512|   24|     1|        12288|
    |tmp_11_U       |tmp_RAM_1WNR_AUTO_1R1W  |       14|   0|   0|    0|   512|   24|     1|        12288|
    |tmp_12_U       |tmp_RAM_1WNR_AUTO_1R1W  |       14|   0|   0|    0|   512|   24|     1|        12288|
    |tmp_13_U       |tmp_RAM_1WNR_AUTO_1R1W  |       14|   0|   0|    0|   512|   24|     1|        12288|
    |tmp_14_U       |tmp_RAM_1WNR_AUTO_1R1W  |       14|   0|   0|    0|   512|   24|     1|        12288|
    |tmp_15_U       |tmp_RAM_1WNR_AUTO_1R1W  |       14|   0|   0|    0|   512|   24|     1|        12288|
    |tmp_16_U       |tmp_RAM_1WNR_AUTO_1R1W  |       14|   0|   0|    0|   512|   24|     1|        12288|
    |tmp_17_U       |tmp_RAM_1WNR_AUTO_1R1W  |       14|   0|   0|    0|   512|   24|     1|        12288|
    |tmp_18_U       |tmp_RAM_1WNR_AUTO_1R1W  |       14|   0|   0|    0|   512|   24|     1|        12288|
    |tmp_19_U       |tmp_RAM_1WNR_AUTO_1R1W  |       14|   0|   0|    0|   512|   24|     1|        12288|
    |tmp_20_U       |tmp_RAM_1WNR_AUTO_1R1W  |       14|   0|   0|    0|   512|   24|     1|        12288|
    |tmp_21_U       |tmp_RAM_1WNR_AUTO_1R1W  |       14|   0|   0|    0|   512|   24|     1|        12288|
    |tmp_22_U       |tmp_RAM_1WNR_AUTO_1R1W  |       14|   0|   0|    0|   512|   24|     1|        12288|
    |tmp_23_U       |tmp_RAM_1WNR_AUTO_1R1W  |       14|   0|   0|    0|   512|   24|     1|        12288|
    |tmp_24_U       |tmp_RAM_1WNR_AUTO_1R1W  |       14|   0|   0|    0|   512|   24|     1|        12288|
    |tmp_25_U       |tmp_RAM_1WNR_AUTO_1R1W  |       14|   0|   0|    0|   512|   24|     1|        12288|
    |tmp_26_U       |tmp_RAM_1WNR_AUTO_1R1W  |       14|   0|   0|    0|   512|   24|     1|        12288|
    |tmp_27_U       |tmp_RAM_1WNR_AUTO_1R1W  |       14|   0|   0|    0|   512|   24|     1|        12288|
    |tmp_28_U       |tmp_RAM_1WNR_AUTO_1R1W  |       14|   0|   0|    0|   512|   24|     1|        12288|
    |tmp_29_U       |tmp_RAM_1WNR_AUTO_1R1W  |       14|   0|   0|    0|   512|   24|     1|        12288|
    |tmp_30_U       |tmp_RAM_1WNR_AUTO_1R1W  |       14|   0|   0|    0|   512|   24|     1|        12288|
    |tmp_31_U       |tmp_RAM_1WNR_AUTO_1R1W  |       14|   0|   0|    0|   512|   24|     1|        12288|
    +---------------+------------------------+---------+----+----+-----+------+-----+------+-------------+
    |Total          |                        |      544| 768|  32|    0| 49216| 2688|   112|      1181184|
    +---------------+------------------------+---------+----+----+-----+------+-----+------+-------------+

    * FIFO: 
    N/A

    * Expression: 
    +----------------------------------+----------+----+---+----+------------+------------+
    |           Variable Name          | Operation| DSP| FF| LUT| Bitwidth P0| Bitwidth P1|
    +----------------------------------+----------+----+---+----+------------+------------+
    |add_ln152_fu_1201_p2              |         +|   0|  0|  14|           7|           2|
    |sub_ln154_1_fu_1307_p2            |         -|   0|  0|  24|           1|          17|
    |sub_ln154_2_fu_1391_p2            |         -|   0|  0|  45|           1|          38|
    |sub_ln154_3_fu_1411_p2            |         -|   0|  0|  24|           1|          17|
    |sub_ln154_fu_1287_p2              |         -|   0|  0|  45|           1|          38|
    |ap_block_state17_io               |       and|   0|  0|   2|           1|           1|
    |ap_block_state19_on_subcall_done  |        or|   0|  0|   2|           1|           1|
    |scale_1_fu_1431_p3                |    select|   0|  0|  17|           1|          17|
    |scale_fu_1327_p3                  |    select|   0|  0|  17|           1|          17|
    +----------------------------------+----------+----+---+----+------------+------------+
    |Total                             |          |   0|  0| 190|          15|         148|
    +----------------------------------+----------+----+---+----+------------+------------+

    * Multiplexer: 
    +----------------------+-----+-----------+-----+-----------+
    |         Name         | LUT | Input Size| Bits| Total Bits|
    +----------------------+-----+-----------+-----+-----------+
    |A_0_ARADDR            |   14|          3|   64|        192|
    |A_0_ARLEN             |   14|          3|   32|         96|
    |A_0_ARVALID           |   14|          3|    1|          3|
    |A_0_RREADY            |    9|          2|    1|          2|
    |A_10_address0         |   14|          3|    9|         27|
    |A_10_ce0              |   14|          3|    1|          3|
    |A_10_we0              |    9|          2|    1|          2|
    |A_11_address0         |   14|          3|    9|         27|
    |A_11_ce0              |   14|          3|    1|          3|
    |A_11_we0              |    9|          2|    1|          2|
    |A_12_address0         |   14|          3|    9|         27|
    |A_12_ce0              |   14|          3|    1|          3|
    |A_12_we0              |    9|          2|    1|          2|
    |A_13_address0         |   14|          3|    9|         27|
    |A_13_ce0              |   14|          3|    1|          3|
    |A_13_we0              |    9|          2|    1|          2|
    |A_14_address0         |   14|          3|    9|         27|
    |A_14_ce0              |   14|          3|    1|          3|
    |A_14_we0              |    9|          2|    1|          2|
    |A_15_address0         |   14|          3|    9|         27|
    |A_15_ce0              |   14|          3|    1|          3|
    |A_15_we0              |    9|          2|    1|          2|
    |A_16_address0         |   14|          3|    9|         27|
    |A_16_ce0              |   14|          3|    1|          3|
    |A_16_we0              |    9|          2|    1|          2|
    |A_17_address0         |   14|          3|    9|         27|
    |A_17_ce0              |   14|          3|    1|          3|
    |A_17_we0              |    9|          2|    1|          2|
    |A_18_address0         |   14|          3|    9|         27|
    |A_18_ce0              |   14|          3|    1|          3|
    |A_18_we0              |    9|          2|    1|          2|
    |A_19_address0         |   14|          3|    9|         27|
    |A_19_ce0              |   14|          3|    1|          3|
    |A_19_we0              |    9|          2|    1|          2|
    |A_1_address0          |   14|          3|    9|         27|
    |A_1_ce0               |   14|          3|    1|          3|
    |A_1_we0               |    9|          2|    1|          2|
    |A_20_address0         |   14|          3|    9|         27|
    |A_20_ce0              |   14|          3|    1|          3|
    |A_20_we0              |    9|          2|    1|          2|
    |A_21_address0         |   14|          3|    9|         27|
    |A_21_ce0              |   14|          3|    1|          3|
    |A_21_we0              |    9|          2|    1|          2|
    |A_22_address0         |   14|          3|    9|         27|
    |A_22_ce0              |   14|          3|    1|          3|
    |A_22_we0              |    9|          2|    1|          2|
    |A_23_address0         |   14|          3|    9|         27|
    |A_23_ce0              |   14|          3|    1|          3|
    |A_23_we0              |    9|          2|    1|          2|
    |A_24_address0         |   14|          3|    9|         27|
    |A_24_ce0              |   14|          3|    1|          3|
    |A_24_we0              |    9|          2|    1|          2|
    |A_25_address0         |   14|          3|    9|         27|
    |A_25_ce0              |   14|          3|    1|          3|
    |A_25_we0              |    9|          2|    1|          2|
    |A_26_address0         |   14|          3|    9|         27|
    |A_26_ce0              |   14|          3|    1|          3|
    |A_26_we0              |    9|          2|    1|          2|
    |A_27_address0         |   14|          3|    9|         27|
    |A_27_ce0              |   14|          3|    1|          3|
    |A_27_we0              |    9|          2|    1|          2|
    |A_28_address0         |   14|          3|    9|         27|
    |A_28_ce0              |   14|          3|    1|          3|
    |A_28_we0              |    9|          2|    1|          2|
    |A_29_address0         |   14|          3|    9|         27|
    |A_29_ce0              |   14|          3|    1|          3|
    |A_29_we0              |    9|          2|    1|          2|
    |A_2_address0          |   14|          3|    9|         27|
    |A_2_ce0               |   14|          3|    1|          3|
    |A_2_we0               |    9|          2|    1|          2|
    |A_30_address0         |   14|          3|    9|         27|
    |A_30_ce0              |   14|          3|    1|          3|
    |A_30_we0              |    9|          2|    1|          2|
    |A_31_address0         |   14|          3|    9|         27|
    |A_31_ce0              |   14|          3|    1|          3|
    |A_31_we0              |    9|          2|    1|          2|
    |A_32_address0         |   14|          3|    9|         27|
    |A_32_ce0              |   14|          3|    1|          3|
    |A_32_we0              |    9|          2|    1|          2|
    |A_3_address0          |   14|          3|    9|         27|
    |A_3_ce0               |   14|          3|    1|          3|
    |A_3_we0               |    9|          2|    1|          2|
    |A_4_address0          |   14|          3|    9|         27|
    |A_4_ce0               |   14|          3|    1|          3|
    |A_4_we0               |    9|          2|    1|          2|
    |A_5_address0          |   14|          3|    9|         27|
    |A_5_ce0               |   14|          3|    1|          3|
    |A_5_we0               |    9|          2|    1|          2|
    |A_6_address0          |   14|          3|    9|         27|
    |A_6_ce0               |   14|          3|    1|          3|
    |A_6_we0               |    9|          2|    1|          2|
    |A_7_address0          |   14|          3|    9|         27|
    |A_7_ce0               |   14|          3|    1|          3|
    |A_7_we0               |    9|          2|    1|          2|
    |A_8_address0          |   14|          3|    9|         27|
    |A_8_ce0               |   14|          3|    1|          3|
    |A_8_we0               |    9|          2|    1|          2|
    |A_9_address0          |   14|          3|    9|         27|
    |A_9_ce0               |   14|          3|    1|          3|
    |A_9_we0               |    9|          2|    1|          2|
    |A_blk_n_AR            |    9|          2|    1|          2|
    |C_0_AWADDR            |   14|          3|   64|        192|
    |C_0_AWLEN             |   14|          3|   32|         96|
    |C_0_AWVALID           |   14|          3|    1|          3|
    |C_0_BREADY            |   14|          3|    1|          3|
    |C_0_WVALID            |    9|          2|    1|          2|
    |C_10_address0         |   14|          3|    9|         27|
    |C_10_ce0              |   14|          3|    1|          3|
    |C_10_ce1              |    9|          2|    1|          2|
    |C_10_we0              |    9|          2|    1|          2|
    |C_10_we1              |    9|          2|    1|          2|
    |C_11_address0         |   14|          3|    9|         27|
    |C_11_ce0              |   14|          3|    1|          3|
    |C_11_ce1              |    9|          2|    1|          2|
    |C_11_we0              |    9|          2|    1|          2|
    |C_11_we1              |    9|          2|    1|          2|
    |C_12_address0         |   14|          3|    9|         27|
    |C_12_ce0              |   14|          3|    1|          3|
    |C_12_ce1              |    9|          2|    1|          2|
    |C_12_we0              |    9|          2|    1|          2|
    |C_12_we1              |    9|          2|    1|          2|
    |C_13_address0         |   14|          3|    9|         27|
    |C_13_ce0              |   14|          3|    1|          3|
    |C_13_ce1              |    9|          2|    1|          2|
    |C_13_we0              |    9|          2|    1|          2|
    |C_13_we1              |    9|          2|    1|          2|
    |C_14_address0         |   14|          3|    9|         27|
    |C_14_ce0              |   14|          3|    1|          3|
    |C_14_ce1              |    9|          2|    1|          2|
    |C_14_we0              |    9|          2|    1|          2|
    |C_14_we1              |    9|          2|    1|          2|
    |C_15_address0         |   14|          3|    9|         27|
    |C_15_ce0              |   14|          3|    1|          3|
    |C_15_ce1              |    9|          2|    1|          2|
    |C_15_we0              |    9|          2|    1|          2|
    |C_15_we1              |    9|          2|    1|          2|
    |C_16_address0         |   14|          3|    9|         27|
    |C_16_ce0              |   14|          3|    1|          3|
    |C_16_ce1              |    9|          2|    1|          2|
    |C_16_we0              |    9|          2|    1|          2|
    |C_16_we1              |    9|          2|    1|          2|
    |C_17_address0         |   14|          3|    9|         27|
    |C_17_ce0              |   14|          3|    1|          3|
    |C_17_ce1              |    9|          2|    1|          2|
    |C_17_we0              |    9|          2|    1|          2|
    |C_17_we1              |    9|          2|    1|          2|
    |C_18_address0         |   14|          3|    9|         27|
    |C_18_ce0              |   14|          3|    1|          3|
    |C_18_ce1              |    9|          2|    1|          2|
    |C_18_we0              |    9|          2|    1|          2|
    |C_18_we1              |    9|          2|    1|          2|
    |C_19_address0         |   14|          3|    9|         27|
    |C_19_ce0              |   14|          3|    1|          3|
    |C_19_ce1              |    9|          2|    1|          2|
    |C_19_we0              |    9|          2|    1|          2|
    |C_19_we1              |    9|          2|    1|          2|
    |C_1_address0          |   14|          3|    9|         27|
    |C_1_ce0               |   14|          3|    1|          3|
    |C_1_ce1               |    9|          2|    1|          2|
    |C_1_we0               |    9|          2|    1|          2|
    |C_1_we1               |    9|          2|    1|          2|
    |C_20_address0         |   14|          3|    9|         27|
    |C_20_ce0              |   14|          3|    1|          3|
    |C_20_ce1              |    9|          2|    1|          2|
    |C_20_we0              |    9|          2|    1|          2|
    |C_20_we1              |    9|          2|    1|          2|
    |C_21_address0         |   14|          3|    9|         27|
    |C_21_ce0              |   14|          3|    1|          3|
    |C_21_ce1              |    9|          2|    1|          2|
    |C_21_we0              |    9|          2|    1|          2|
    |C_21_we1              |    9|          2|    1|          2|
    |C_22_address0         |   14|          3|    9|         27|
    |C_22_ce0              |   14|          3|    1|          3|
    |C_22_ce1              |    9|          2|    1|          2|
    |C_22_we0              |    9|          2|    1|          2|
    |C_22_we1              |    9|          2|    1|          2|
    |C_23_address0         |   14|          3|    9|         27|
    |C_23_ce0              |   14|          3|    1|          3|
    |C_23_ce1              |    9|          2|    1|          2|
    |C_23_we0              |    9|          2|    1|          2|
    |C_23_we1              |    9|          2|    1|          2|
    |C_24_address0         |   14|          3|    9|         27|
    |C_24_ce0              |   14|          3|    1|          3|
    |C_24_ce1              |    9|          2|    1|          2|
    |C_24_we0              |    9|          2|    1|          2|
    |C_24_we1              |    9|          2|    1|          2|
    |C_25_address0         |   14|          3|    9|         27|
    |C_25_ce0              |   14|          3|    1|          3|
    |C_25_ce1              |    9|          2|    1|          2|
    |C_25_we0              |    9|          2|    1|          2|
    |C_25_we1              |    9|          2|    1|          2|
    |C_26_address0         |   14|          3|    9|         27|
    |C_26_ce0              |   14|          3|    1|          3|
    |C_26_ce1              |    9|          2|    1|          2|
    |C_26_we0              |    9|          2|    1|          2|
    |C_26_we1              |    9|          2|    1|          2|
    |C_27_address0         |   14|          3|    9|         27|
    |C_27_ce0              |   14|          3|    1|          3|
    |C_27_ce1              |    9|          2|    1|          2|
    |C_27_we0              |    9|          2|    1|          2|
    |C_27_we1              |    9|          2|    1|          2|
    |C_28_address0         |   14|          3|    9|         27|
    |C_28_ce0              |   14|          3|    1|          3|
    |C_28_ce1              |    9|          2|    1|          2|
    |C_28_we0              |    9|          2|    1|          2|
    |C_28_we1              |    9|          2|    1|          2|
    |C_29_address0         |   14|          3|    9|         27|
    |C_29_ce0              |   14|          3|    1|          3|
    |C_29_ce1              |    9|          2|    1|          2|
    |C_29_we0              |    9|          2|    1|          2|
    |C_29_we1              |    9|          2|    1|          2|
    |C_2_address0          |   14|          3|    9|         27|
    |C_2_ce0               |   14|          3|    1|          3|
    |C_2_ce1               |    9|          2|    1|          2|
    |C_2_we0               |    9|          2|    1|          2|
    |C_2_we1               |    9|          2|    1|          2|
    |C_30_address0         |   14|          3|    9|         27|
    |C_30_ce0              |   14|          3|    1|          3|
    |C_30_ce1              |    9|          2|    1|          2|
    |C_30_we0              |    9|          2|    1|          2|
    |C_30_we1              |    9|          2|    1|          2|
    |C_31_address0         |   14|          3|    9|         27|
    |C_31_ce0              |   14|          3|    1|          3|
    |C_31_ce1              |    9|          2|    1|          2|
    |C_31_we0              |    9|          2|    1|          2|
    |C_31_we1              |    9|          2|    1|          2|
    |C_32_address0         |   14|          3|    9|         27|
    |C_32_ce0              |   14|          3|    1|          3|
    |C_32_ce1              |    9|          2|    1|          2|
    |C_32_we0              |    9|          2|    1|          2|
    |C_32_we1              |    9|          2|    1|          2|
    |C_3_address0          |   14|          3|    9|         27|
    |C_3_ce0               |   14|          3|    1|          3|
    |C_3_ce1               |    9|          2|    1|          2|
    |C_3_we0               |    9|          2|    1|          2|
    |C_3_we1               |    9|          2|    1|          2|
    |C_4_address0          |   14|          3|    9|         27|
    |C_4_ce0               |   14|          3|    1|          3|
    |C_4_ce1               |    9|          2|    1|          2|
    |C_4_we0               |    9|          2|    1|          2|
    |C_4_we1               |    9|          2|    1|          2|
    |C_5_address0          |   14|          3|    9|         27|
    |C_5_ce0               |   14|          3|    1|          3|
    |C_5_ce1               |    9|          2|    1|          2|
    |C_5_we0               |    9|          2|    1|          2|
    |C_5_we1               |    9|          2|    1|          2|
    |C_6_address0          |   14|          3|    9|         27|
    |C_6_ce0               |   14|          3|    1|          3|
    |C_6_ce1               |    9|          2|    1|          2|
    |C_6_we0               |    9|          2|    1|          2|
    |C_6_we1               |    9|          2|    1|          2|
    |C_7_address0          |   14|          3|    9|         27|
    |C_7_ce0               |   14|          3|    1|          3|
    |C_7_ce1               |    9|          2|    1|          2|
    |C_7_we0               |    9|          2|    1|          2|
    |C_7_we1               |    9|          2|    1|          2|
    |C_8_address0          |   14|          3|    9|         27|
    |C_8_ce0               |   14|          3|    1|          3|
    |C_8_ce1               |    9|          2|    1|          2|
    |C_8_we0               |    9|          2|    1|          2|
    |C_8_we1               |    9|          2|    1|          2|
    |C_9_address0          |   14|          3|    9|         27|
    |C_9_ce0               |   14|          3|    1|          3|
    |C_9_ce1               |    9|          2|    1|          2|
    |C_9_we0               |    9|          2|    1|          2|
    |C_9_we1               |    9|          2|    1|          2|
    |C_blk_n_AW            |    9|          2|    1|          2|
    |C_blk_n_B             |    9|          2|    1|          2|
    |ap_NS_fsm             |  130|         27|    1|         27|
    |col_sums_10_address0  |   14|          3|    2|          6|
    |col_sums_10_ce0       |   14|          3|    1|          3|
    |col_sums_10_ce1       |    9|          2|    1|          2|
    |col_sums_10_d0        |   14|          3|   24|         72|
    |col_sums_10_we0       |   14|          3|    1|          3|
    |col_sums_11_address0  |   14|          3|    2|          6|
    |col_sums_11_ce0       |   14|          3|    1|          3|
    |col_sums_11_ce1       |    9|          2|    1|          2|
    |col_sums_11_d0        |   14|          3|   24|         72|
    |col_sums_11_we0       |   14|          3|    1|          3|
    |col_sums_12_address0  |   14|          3|    2|          6|
    |col_sums_12_ce0       |   14|          3|    1|          3|
    |col_sums_12_ce1       |    9|          2|    1|          2|
    |col_sums_12_d0        |   14|          3|   24|         72|
    |col_sums_12_we0       |   14|          3|    1|          3|
    |col_sums_13_address0  |   14|          3|    2|          6|
    |col_sums_13_ce0       |   14|          3|    1|          3|
    |col_sums_13_ce1       |    9|          2|    1|          2|
    |col_sums_13_d0        |   14|          3|   24|         72|
    |col_sums_13_we0       |   14|          3|    1|          3|
    |col_sums_14_address0  |   14|          3|    2|          6|
    |col_sums_14_ce0       |   14|          3|    1|          3|
    |col_sums_14_ce1       |    9|          2|    1|          2|
    |col_sums_14_d0        |   14|          3|   24|         72|
    |col_sums_14_we0       |   14|          3|    1|          3|
    |col_sums_15_address0  |   14|          3|    2|          6|
    |col_sums_15_ce0       |   14|          3|    1|          3|
    |col_sums_15_ce1       |    9|          2|    1|          2|
    |col_sums_15_d0        |   14|          3|   24|         72|
    |col_sums_15_we0       |   14|          3|    1|          3|
    |col_sums_1_address0   |   14|          3|    2|          6|
    |col_sums_1_ce0        |   14|          3|    1|          3|
    |col_sums_1_ce1        |    9|          2|    1|          2|
    |col_sums_1_d0         |   14|          3|   24|         72|
    |col_sums_1_we0        |   14|          3|    1|          3|
    |col_sums_2_address0   |   14|          3|    2|          6|
    |col_sums_2_ce0        |   14|          3|    1|          3|
    |col_sums_2_ce1        |    9|          2|    1|          2|
    |col_sums_2_d0         |   14|          3|   24|         72|
    |col_sums_2_we0        |   14|          3|    1|          3|
    |col_sums_3_address0   |   14|          3|    2|          6|
    |col_sums_3_ce0        |   14|          3|    1|          3|
    |col_sums_3_ce1        |    9|          2|    1|          2|
    |col_sums_3_d0         |   14|          3|   24|         72|
    |col_sums_3_we0        |   14|          3|    1|          3|
    |col_sums_4_address0   |   14|          3|    2|          6|
    |col_sums_4_ce0        |   14|          3|    1|          3|
    |col_sums_4_ce1        |    9|          2|    1|          2|
    |col_sums_4_d0         |   14|          3|   24|         72|
    |col_sums_4_we0        |   14|          3|    1|          3|
    |col_sums_5_address0   |   14|          3|    2|          6|
    |col_sums_5_ce0        |   14|          3|    1|          3|
    |col_sums_5_ce1        |    9|          2|    1|          2|
    |col_sums_5_d0         |   14|          3|   24|         72|
    |col_sums_5_we0        |   14|          3|    1|          3|
    |col_sums_6_address0   |   14|          3|    2|          6|
    |col_sums_6_ce0        |   14|          3|    1|          3|
    |col_sums_6_ce1        |    9|          2|    1|          2|
    |col_sums_6_d0         |   14|          3|   24|         72|
    |col_sums_6_we0        |   14|          3|    1|          3|
    |col_sums_7_address0   |   14|          3|    2|          6|
    |col_sums_7_ce0        |   14|          3|    1|          3|
    |col_sums_7_ce1        |    9|          2|    1|          2|
    |col_sums_7_d0         |   14|          3|   24|         72|
    |col_sums_7_we0        |   14|          3|    1|          3|
    |col_sums_8_address0   |   14|          3|    2|          6|
    |col_sums_8_ce0        |   14|          3|    1|          3|
    |col_sums_8_ce1        |    9|          2|    1|          2|
    |col_sums_8_d0         |   14|          3|   24|         72|
    |col_sums_8_we0        |   14|          3|    1|          3|
    |col_sums_9_address0   |   14|          3|    2|          6|
    |col_sums_9_ce0        |   14|          3|    1|          3|
    |col_sums_9_ce1        |    9|          2|    1|          2|
    |col_sums_9_d0         |   14|          3|   24|         72|
    |col_sums_9_we0        |   14|          3|    1|          3|
    |col_sums_address0     |   14|          3|    2|          6|
    |col_sums_ce0          |   14|          3|    1|          3|
    |col_sums_ce1          |    9|          2|    1|          2|
    |col_sums_d0           |   14|          3|   24|         72|
    |col_sums_we0          |   14|          3|    1|          3|
    |j_fu_144              |    9|          2|    7|         14|
    |tmp_10_address0       |   20|          4|    9|         36|
    |tmp_10_address1       |   14|          3|    9|         27|
    |tmp_10_ce0            |   20|          4|    1|          4|
    |tmp_10_ce1            |   14|          3|    1|          3|
    |tmp_10_ce2            |    9|          2|    1|          2|
    |tmp_10_ce3            |    9|          2|    1|          2|
    |tmp_10_ce4            |    9|          2|    1|          2|
    |tmp_10_ce5            |    9|          2|    1|          2|
    |tmp_10_ce6            |    9|          2|    1|          2|
    |tmp_10_ce7            |    9|          2|    1|          2|
    |tmp_10_we0            |    9|          2|    1|          2|
    |tmp_11_address0       |   20|          4|    9|         36|
    |tmp_11_address1       |   14|          3|    9|         27|
    |tmp_11_ce0            |   20|          4|    1|          4|
    |tmp_11_ce1            |   14|          3|    1|          3|
    |tmp_11_ce2            |    9|          2|    1|          2|
    |tmp_11_ce3            |    9|          2|    1|          2|
    |tmp_11_ce4            |    9|          2|    1|          2|
    |tmp_11_ce5            |    9|          2|    1|          2|
    |tmp_11_ce6            |    9|          2|    1|          2|
    |tmp_11_ce7            |    9|          2|    1|          2|
    |tmp_11_we0            |    9|          2|    1|          2|
    |tmp_12_address0       |   20|          4|    9|         36|
    |tmp_12_address1       |   14|          3|    9|         27|
    |tmp_12_ce0            |   20|          4|    1|          4|
    |tmp_12_ce1            |   14|          3|    1|          3|
    |tmp_12_ce2            |    9|          2|    1|          2|
    |tmp_12_ce3            |    9|          2|    1|          2|
    |tmp_12_ce4            |    9|          2|    1|          2|
    |tmp_12_ce5            |    9|          2|    1|          2|
    |tmp_12_ce6            |    9|          2|    1|          2|
    |tmp_12_ce7            |    9|          2|    1|          2|
    |tmp_12_we0            |    9|          2|    1|          2|
    |tmp_13_address0       |   20|          4|    9|         36|
    |tmp_13_address1       |   14|          3|    9|         27|
    |tmp_13_ce0            |   20|          4|    1|          4|
    |tmp_13_ce1            |   14|          3|    1|          3|
    |tmp_13_ce2            |    9|          2|    1|          2|
    |tmp_13_ce3            |    9|          2|    1|          2|
    |tmp_13_ce4            |    9|          2|    1|          2|
    |tmp_13_ce5            |    9|          2|    1|          2|
    |tmp_13_ce6            |    9|          2|    1|          2|
    |tmp_13_ce7            |    9|          2|    1|          2|
    |tmp_13_we0            |    9|          2|    1|          2|
    |tmp_14_address0       |   20|          4|    9|         36|
    |tmp_14_address1       |   14|          3|    9|         27|
    |tmp_14_ce0            |   20|          4|    1|          4|
    |tmp_14_ce1            |   14|          3|    1|          3|
    |tmp_14_ce2            |    9|          2|    1|          2|
    |tmp_14_ce3            |    9|          2|    1|          2|
    |tmp_14_ce4            |    9|          2|    1|          2|
    |tmp_14_ce5            |    9|          2|    1|          2|
    |tmp_14_ce6            |    9|          2|    1|          2|
    |tmp_14_ce7            |    9|          2|    1|          2|
    |tmp_14_we0            |    9|          2|    1|          2|
    |tmp_15_address0       |   20|          4|    9|         36|
    |tmp_15_address1       |   14|          3|    9|         27|
    |tmp_15_ce0            |   20|          4|    1|          4|
    |tmp_15_ce1            |   14|          3|    1|          3|
    |tmp_15_ce2            |    9|          2|    1|          2|
    |tmp_15_ce3            |    9|          2|    1|          2|
    |tmp_15_ce4            |    9|          2|    1|          2|
    |tmp_15_ce5            |    9|          2|    1|          2|
    |tmp_15_ce6            |    9|          2|    1|          2|
    |tmp_15_ce7            |    9|          2|    1|          2|
    |tmp_15_we0            |    9|          2|    1|          2|
    |tmp_16_address0       |   20|          4|    9|         36|
    |tmp_16_address1       |   14|          3|    9|         27|
    |tmp_16_ce0            |   20|          4|    1|          4|
    |tmp_16_ce1            |   14|          3|    1|          3|
    |tmp_16_ce2            |    9|          2|    1|          2|
    |tmp_16_ce3            |    9|          2|    1|          2|
    |tmp_16_ce4            |    9|          2|    1|          2|
    |tmp_16_ce5            |    9|          2|    1|          2|
    |tmp_16_ce6            |    9|          2|    1|          2|
    |tmp_16_ce7            |    9|          2|    1|          2|
    |tmp_16_we0            |    9|          2|    1|          2|
    |tmp_17_address0       |   20|          4|    9|         36|
    |tmp_17_address1       |   14|          3|    9|         27|
    |tmp_17_ce0            |   20|          4|    1|          4|
    |tmp_17_ce1            |   14|          3|    1|          3|
    |tmp_17_ce2            |    9|          2|    1|          2|
    |tmp_17_ce3            |    9|          2|    1|          2|
    |tmp_17_ce4            |    9|          2|    1|          2|
    |tmp_17_ce5            |    9|          2|    1|          2|
    |tmp_17_ce6            |    9|          2|    1|          2|
    |tmp_17_ce7            |    9|          2|    1|          2|
    |tmp_17_we0            |    9|          2|    1|          2|
    |tmp_18_address0       |   20|          4|    9|         36|
    |tmp_18_address1       |   14|          3|    9|         27|
    |tmp_18_ce0            |   20|          4|    1|          4|
    |tmp_18_ce1            |   14|          3|    1|          3|
    |tmp_18_ce2            |    9|          2|    1|          2|
    |tmp_18_ce3            |    9|          2|    1|          2|
    |tmp_18_ce4            |    9|          2|    1|          2|
    |tmp_18_ce5            |    9|          2|    1|          2|
    |tmp_18_ce6            |    9|          2|    1|          2|
    |tmp_18_ce7            |    9|          2|    1|          2|
    |tmp_18_we0            |    9|          2|    1|          2|
    |tmp_19_address0       |   20|          4|    9|         36|
    |tmp_19_address1       |   14|          3|    9|         27|
    |tmp_19_ce0            |   20|          4|    1|          4|
    |tmp_19_ce1            |   14|          3|    1|          3|
    |tmp_19_ce2            |    9|          2|    1|          2|
    |tmp_19_ce3            |    9|          2|    1|          2|
    |tmp_19_ce4            |    9|          2|    1|          2|
    |tmp_19_ce5            |    9|          2|    1|          2|
    |tmp_19_ce6            |    9|          2|    1|          2|
    |tmp_19_ce7            |    9|          2|    1|          2|
    |tmp_19_we0            |    9|          2|    1|          2|
    |tmp_1_address0        |   20|          4|    9|         36|
    |tmp_1_address1        |   14|          3|    9|         27|
    |tmp_1_ce0             |   20|          4|    1|          4|
    |tmp_1_ce1             |   14|          3|    1|          3|
    |tmp_1_ce2             |    9|          2|    1|          2|
    |tmp_1_ce3             |    9|          2|    1|          2|
    |tmp_1_ce4             |    9|          2|    1|          2|
    |tmp_1_ce5             |    9|          2|    1|          2|
    |tmp_1_ce6             |    9|          2|    1|          2|
    |tmp_1_ce7             |    9|          2|    1|          2|
    |tmp_1_we0             |    9|          2|    1|          2|
    |tmp_20_address0       |   20|          4|    9|         36|
    |tmp_20_address1       |   14|          3|    9|         27|
    |tmp_20_ce0            |   20|          4|    1|          4|
    |tmp_20_ce1            |   14|          3|    1|          3|
    |tmp_20_ce2            |    9|          2|    1|          2|
    |tmp_20_ce3            |    9|          2|    1|          2|
    |tmp_20_ce4            |    9|          2|    1|          2|
    |tmp_20_ce5            |    9|          2|    1|          2|
    |tmp_20_ce6            |    9|          2|    1|          2|
    |tmp_20_ce7            |    9|          2|    1|          2|
    |tmp_20_we0            |    9|          2|    1|          2|
    |tmp_21_address0       |   20|          4|    9|         36|
    |tmp_21_address1       |   14|          3|    9|         27|
    |tmp_21_ce0            |   20|          4|    1|          4|
    |tmp_21_ce1            |   14|          3|    1|          3|
    |tmp_21_ce2            |    9|          2|    1|          2|
    |tmp_21_ce3            |    9|          2|    1|          2|
    |tmp_21_ce4            |    9|          2|    1|          2|
    |tmp_21_ce5            |    9|          2|    1|          2|
    |tmp_21_ce6            |    9|          2|    1|          2|
    |tmp_21_ce7            |    9|          2|    1|          2|
    |tmp_21_we0            |    9|          2|    1|          2|
    |tmp_22_address0       |   20|          4|    9|         36|
    |tmp_22_address1       |   14|          3|    9|         27|
    |tmp_22_ce0            |   20|          4|    1|          4|
    |tmp_22_ce1            |   14|          3|    1|          3|
    |tmp_22_ce2            |    9|          2|    1|          2|
    |tmp_22_ce3            |    9|          2|    1|          2|
    |tmp_22_ce4            |    9|          2|    1|          2|
    |tmp_22_ce5            |    9|          2|    1|          2|
    |tmp_22_ce6            |    9|          2|    1|          2|
    |tmp_22_ce7            |    9|          2|    1|          2|
    |tmp_22_we0            |    9|          2|    1|          2|
    |tmp_23_address0       |   20|          4|    9|         36|
    |tmp_23_address1       |   14|          3|    9|         27|
    |tmp_23_ce0            |   20|          4|    1|          4|
    |tmp_23_ce1            |   14|          3|    1|          3|
    |tmp_23_ce2            |    9|          2|    1|          2|
    |tmp_23_ce3            |    9|          2|    1|          2|
    |tmp_23_ce4            |    9|          2|    1|          2|
    |tmp_23_ce5            |    9|          2|    1|          2|
    |tmp_23_ce6            |    9|          2|    1|          2|
    |tmp_23_ce7            |    9|          2|    1|          2|
    |tmp_23_we0            |    9|          2|    1|          2|
    |tmp_24_address0       |   20|          4|    9|         36|
    |tmp_24_address1       |   14|          3|    9|         27|
    |tmp_24_ce0            |   20|          4|    1|          4|
    |tmp_24_ce1            |   14|          3|    1|          3|
    |tmp_24_ce2            |    9|          2|    1|          2|
    |tmp_24_ce3            |    9|          2|    1|          2|
    |tmp_24_ce4            |    9|          2|    1|          2|
    |tmp_24_ce5            |    9|          2|    1|          2|
    |tmp_24_ce6            |    9|          2|    1|          2|
    |tmp_24_ce7            |    9|          2|    1|          2|
    |tmp_24_we0            |    9|          2|    1|          2|
    |tmp_25_address0       |   20|          4|    9|         36|
    |tmp_25_address1       |   14|          3|    9|         27|
    |tmp_25_ce0            |   20|          4|    1|          4|
    |tmp_25_ce1            |   14|          3|    1|          3|
    |tmp_25_ce2            |    9|          2|    1|          2|
    |tmp_25_ce3            |    9|          2|    1|          2|
    |tmp_25_ce4            |    9|          2|    1|          2|
    |tmp_25_ce5            |    9|          2|    1|          2|
    |tmp_25_ce6            |    9|          2|    1|          2|
    |tmp_25_ce7            |    9|          2|    1|          2|
    |tmp_25_we0            |    9|          2|    1|          2|
    |tmp_26_address0       |   20|          4|    9|         36|
    |tmp_26_address1       |   14|          3|    9|         27|
    |tmp_26_ce0            |   20|          4|    1|          4|
    |tmp_26_ce1            |   14|          3|    1|          3|
    |tmp_26_ce2            |    9|          2|    1|          2|
    |tmp_26_ce3            |    9|          2|    1|          2|
    |tmp_26_ce4            |    9|          2|    1|          2|
    |tmp_26_ce5            |    9|          2|    1|          2|
    |tmp_26_ce6            |    9|          2|    1|          2|
    |tmp_26_ce7            |    9|          2|    1|          2|
    |tmp_26_we0            |    9|          2|    1|          2|
    |tmp_27_address0       |   20|          4|    9|         36|
    |tmp_27_address1       |   14|          3|    9|         27|
    |tmp_27_ce0            |   20|          4|    1|          4|
    |tmp_27_ce1            |   14|          3|    1|          3|
    |tmp_27_ce2            |    9|          2|    1|          2|
    |tmp_27_ce3            |    9|          2|    1|          2|
    |tmp_27_ce4            |    9|          2|    1|          2|
    |tmp_27_ce5            |    9|          2|    1|          2|
    |tmp_27_ce6            |    9|          2|    1|          2|
    |tmp_27_ce7            |    9|          2|    1|          2|
    |tmp_27_we0            |    9|          2|    1|          2|
    |tmp_28_address0       |   20|          4|    9|         36|
    |tmp_28_address1       |   14|          3|    9|         27|
    |tmp_28_ce0            |   20|          4|    1|          4|
    |tmp_28_ce1            |   14|          3|    1|          3|
    |tmp_28_ce2            |    9|          2|    1|          2|
    |tmp_28_ce3            |    9|          2|    1|          2|
    |tmp_28_ce4            |    9|          2|    1|          2|
    |tmp_28_ce5            |    9|          2|    1|          2|
    |tmp_28_ce6            |    9|          2|    1|          2|
    |tmp_28_ce7            |    9|          2|    1|          2|
    |tmp_28_we0            |    9|          2|    1|          2|
    |tmp_29_address0       |   20|          4|    9|         36|
    |tmp_29_address1       |   14|          3|    9|         27|
    |tmp_29_ce0            |   20|          4|    1|          4|
    |tmp_29_ce1            |   14|          3|    1|          3|
    |tmp_29_ce2            |    9|          2|    1|          2|
    |tmp_29_ce3            |    9|          2|    1|          2|
    |tmp_29_ce4            |    9|          2|    1|          2|
    |tmp_29_ce5            |    9|          2|    1|          2|
    |tmp_29_ce6            |    9|          2|    1|          2|
    |tmp_29_ce7            |    9|          2|    1|          2|
    |tmp_29_we0            |    9|          2|    1|          2|
    |tmp_2_address0        |   20|          4|    9|         36|
    |tmp_2_address1        |   14|          3|    9|         27|
    |tmp_2_ce0             |   20|          4|    1|          4|
    |tmp_2_ce1             |   14|          3|    1|          3|
    |tmp_2_ce2             |    9|          2|    1|          2|
    |tmp_2_ce3             |    9|          2|    1|          2|
    |tmp_2_ce4             |    9|          2|    1|          2|
    |tmp_2_ce5             |    9|          2|    1|          2|
    |tmp_2_ce6             |    9|          2|    1|          2|
    |tmp_2_ce7             |    9|          2|    1|          2|
    |tmp_2_we0             |    9|          2|    1|          2|
    |tmp_30_address0       |   20|          4|    9|         36|
    |tmp_30_address1       |   14|          3|    9|         27|
    |tmp_30_ce0            |   20|          4|    1|          4|
    |tmp_30_ce1            |   14|          3|    1|          3|
    |tmp_30_ce2            |    9|          2|    1|          2|
    |tmp_30_ce3            |    9|          2|    1|          2|
    |tmp_30_ce4            |    9|          2|    1|          2|
    |tmp_30_ce5            |    9|          2|    1|          2|
    |tmp_30_ce6            |    9|          2|    1|          2|
    |tmp_30_ce7            |    9|          2|    1|          2|
    |tmp_30_we0            |    9|          2|    1|          2|
    |tmp_31_address0       |   20|          4|    9|         36|
    |tmp_31_address1       |   14|          3|    9|         27|
    |tmp_31_ce0            |   20|          4|    1|          4|
    |tmp_31_ce1            |   14|          3|    1|          3|
    |tmp_31_ce2            |    9|          2|    1|          2|
    |tmp_31_ce3            |    9|          2|    1|          2|
    |tmp_31_ce4            |    9|          2|    1|          2|
    |tmp_31_ce5            |    9|          2|    1|          2|
    |tmp_31_ce6            |    9|          2|    1|          2|
    |tmp_31_ce7            |    9|          2|    1|          2|
    |tmp_31_we0            |    9|          2|    1|          2|
    |tmp_3_address0        |   20|          4|    9|         36|
    |tmp_3_address1        |   14|          3|    9|         27|
    |tmp_3_ce0             |   20|          4|    1|          4|
    |tmp_3_ce1             |   14|          3|    1|          3|
    |tmp_3_ce2             |    9|          2|    1|          2|
    |tmp_3_ce3             |    9|          2|    1|          2|
    |tmp_3_ce4             |    9|          2|    1|          2|
    |tmp_3_ce5             |    9|          2|    1|          2|
    |tmp_3_ce6             |    9|          2|    1|          2|
    |tmp_3_ce7             |    9|          2|    1|          2|
    |tmp_3_we0             |    9|          2|    1|          2|
    |tmp_4_address0        |   20|          4|    9|         36|
    |tmp_4_address1        |   14|          3|    9|         27|
    |tmp_4_ce0             |   20|          4|    1|          4|
    |tmp_4_ce1             |   14|          3|    1|          3|
    |tmp_4_ce2             |    9|          2|    1|          2|
    |tmp_4_ce3             |    9|          2|    1|          2|
    |tmp_4_ce4             |    9|          2|    1|          2|
    |tmp_4_ce5             |    9|          2|    1|          2|
    |tmp_4_ce6             |    9|          2|    1|          2|
    |tmp_4_ce7             |    9|          2|    1|          2|
    |tmp_4_we0             |    9|          2|    1|          2|
    |tmp_5_address0        |   20|          4|    9|         36|
    |tmp_5_address1        |   14|          3|    9|         27|
    |tmp_5_ce0             |   20|          4|    1|          4|
    |tmp_5_ce1             |   14|          3|    1|          3|
    |tmp_5_ce2             |    9|          2|    1|          2|
    |tmp_5_ce3             |    9|          2|    1|          2|
    |tmp_5_ce4             |    9|          2|    1|          2|
    |tmp_5_ce5             |    9|          2|    1|          2|
    |tmp_5_ce6             |    9|          2|    1|          2|
    |tmp_5_ce7             |    9|          2|    1|          2|
    |tmp_5_we0             |    9|          2|    1|          2|
    |tmp_6_address0        |   20|          4|    9|         36|
    |tmp_6_address1        |   14|          3|    9|         27|
    |tmp_6_ce0             |   20|          4|    1|          4|
    |tmp_6_ce1             |   14|          3|    1|          3|
    |tmp_6_ce2             |    9|          2|    1|          2|
    |tmp_6_ce3             |    9|          2|    1|          2|
    |tmp_6_ce4             |    9|          2|    1|          2|
    |tmp_6_ce5             |    9|          2|    1|          2|
    |tmp_6_ce6             |    9|          2|    1|          2|
    |tmp_6_ce7             |    9|          2|    1|          2|
    |tmp_6_we0             |    9|          2|    1|          2|
    |tmp_7_address0        |   20|          4|    9|         36|
    |tmp_7_address1        |   14|          3|    9|         27|
    |tmp_7_ce0             |   20|          4|    1|          4|
    |tmp_7_ce1             |   14|          3|    1|          3|
    |tmp_7_ce2             |    9|          2|    1|          2|
    |tmp_7_ce3             |    9|          2|    1|          2|
    |tmp_7_ce4             |    9|          2|    1|          2|
    |tmp_7_ce5             |    9|          2|    1|          2|
    |tmp_7_ce6             |    9|          2|    1|          2|
    |tmp_7_ce7             |    9|          2|    1|          2|
    |tmp_7_we0             |    9|          2|    1|          2|
    |tmp_8_address0        |   20|          4|    9|         36|
    |tmp_8_address1        |   14|          3|    9|         27|
    |tmp_8_ce0             |   20|          4|    1|          4|
    |tmp_8_ce1             |   14|          3|    1|          3|
    |tmp_8_ce2             |    9|          2|    1|          2|
    |tmp_8_ce3             |    9|          2|    1|          2|
    |tmp_8_ce4             |    9|          2|    1|          2|
    |tmp_8_ce5             |    9|          2|    1|          2|
    |tmp_8_ce6             |    9|          2|    1|          2|
    |tmp_8_ce7             |    9|          2|    1|          2|
    |tmp_8_we0             |    9|          2|    1|          2|
    |tmp_9_address0        |   20|          4|    9|         36|
    |tmp_9_address1        |   14|          3|    9|         27|
    |tmp_9_ce0             |   20|          4|    1|          4|
    |tmp_9_ce1             |   14|          3|    1|          3|
    |tmp_9_ce2             |    9|          2|    1|          2|
    |tmp_9_ce3             |    9|          2|    1|          2|
    |tmp_9_ce4             |    9|          2|    1|          2|
    |tmp_9_ce5             |    9|          2|    1|          2|
    |tmp_9_ce6             |    9|          2|    1|          2|
    |tmp_9_ce7             |    9|          2|    1|          2|
    |tmp_9_we0             |    9|          2|    1|          2|
    |tmp_address0          |   20|          4|    9|         36|
    |tmp_address1          |   14|          3|    9|         27|
    |tmp_ce0               |   20|          4|    1|          4|
    |tmp_ce1               |   14|          3|    1|          3|
    |tmp_ce2               |    9|          2|    1|          2|
    |tmp_ce3               |    9|          2|    1|          2|
    |tmp_ce4               |    9|          2|    1|          2|
    |tmp_ce5               |    9|          2|    1|          2|
    |tmp_ce6               |    9|          2|    1|          2|
    |tmp_ce7               |    9|          2|    1|          2|
    |tmp_we0               |    9|          2|    1|          2|
    +----------------------+-----+-----------+-----+-----------+
    |Total                 | 8458|       1820| 2304|       6876|
    +----------------------+-----+-----------+-----+-----------+

    * Register: 
    +----------------------------------------------------------------------------------+----+----+-----+-----------+
    |                                       Name                                       | FF | LUT| Bits| Const Bits|
    +----------------------------------------------------------------------------------+----+----+-----+-----------+
    |C_DRAM_read_reg_1447                                                              |  64|   0|   64|          0|
    |ap_CS_fsm                                                                         |  26|   0|   26|          0|
    |grp_top_kernel_Outline_VITIS_LOOP_118_4_fu_894_ap_start_reg                       |   1|   0|    1|          0|
    |grp_top_kernel_Pipeline_VITIS_LOOP_104_1_fu_819_ap_start_reg                      |   1|   0|    1|          0|
    |grp_top_kernel_Pipeline_VITIS_LOOP_110_2_VITIS_LOOP_111_3_fu_855_ap_start_reg     |   1|   0|    1|          0|
    |grp_top_kernel_Pipeline_VITIS_LOOP_143_7_VITIS_LOOP_144_8_fu_962_ap_start_reg     |   1|   0|    1|          0|
    |grp_top_kernel_Pipeline_VITIS_LOOP_156_103_fu_1053_ap_start_reg                   |   1|   0|    1|          0|
    |grp_top_kernel_Pipeline_VITIS_LOOP_156_10_fu_1014_ap_start_reg                    |   1|   0|    1|          0|
    |grp_top_kernel_Pipeline_VITIS_LOOP_164_11_VITIS_LOOP_165_12_fu_1092_ap_start_reg  |   1|   0|    1|          0|
    |j_fu_144                                                                          |   7|   0|    7|          0|
    |lshr_ln7_reg_1474                                                                 |   2|   0|    2|          0|
    |scale_1_reg_1575                                                                  |  17|   0|   17|          0|
    |scale_reg_1570                                                                    |  17|   0|   17|          0|
    |trunc_ln152_reg_1466                                                              |   4|   0|    4|          0|
    |trunc_ln4_reg_1560                                                                |  62|   0|   62|          0|
    |trunc_ln_reg_1452                                                                 |  62|   0|   62|          0|
    +----------------------------------------------------------------------------------+----+----+-----+-----------+
    |Total                                                                             | 268|   0|  268|          0|
    +----------------------------------------------------------------------------------+----+----+-----+-----------+



================================================================
== Interface
================================================================
* Summary: 
+-----------------------+-----+-----+------------+--------------+--------------+
|       RTL Ports       | Dir | Bits|  Protocol  | Source Object|    C Type    |
+-----------------------+-----+-----+------------+--------------+--------------+
|s_axi_control_AWVALID  |   in|    1|       s_axi|       control|        scalar|
|s_axi_control_AWREADY  |  out|    1|       s_axi|       control|        scalar|
|s_axi_control_AWADDR   |   in|    6|       s_axi|       control|        scalar|
|s_axi_control_WVALID   |   in|    1|       s_axi|       control|        scalar|
|s_axi_control_WREADY   |  out|    1|       s_axi|       control|        scalar|
|s_axi_control_WDATA    |   in|   32|       s_axi|       control|        scalar|
|s_axi_control_WSTRB    |   in|    4|       s_axi|       control|        scalar|
|s_axi_control_ARVALID  |   in|    1|       s_axi|       control|        scalar|
|s_axi_control_ARREADY  |  out|    1|       s_axi|       control|        scalar|
|s_axi_control_ARADDR   |   in|    6|       s_axi|       control|        scalar|
|s_axi_control_RVALID   |  out|    1|       s_axi|       control|        scalar|
|s_axi_control_RREADY   |   in|    1|       s_axi|       control|        scalar|
|s_axi_control_RDATA    |  out|   32|       s_axi|       control|        scalar|
|s_axi_control_RRESP    |  out|    2|       s_axi|       control|        scalar|
|s_axi_control_BVALID   |  out|    1|       s_axi|       control|        scalar|
|s_axi_control_BREADY   |   in|    1|       s_axi|       control|        scalar|
|s_axi_control_BRESP    |  out|    2|       s_axi|       control|        scalar|
|ap_clk                 |   in|    1|  ap_ctrl_hs|    top_kernel|  return value|
|ap_rst_n               |   in|    1|  ap_ctrl_hs|    top_kernel|  return value|
|interrupt              |  out|    1|  ap_ctrl_hs|    top_kernel|  return value|
|m_axi_A_AWVALID        |  out|    1|       m_axi|             A|       pointer|
|m_axi_A_AWREADY        |   in|    1|       m_axi|             A|       pointer|
|m_axi_A_AWADDR         |  out|   64|       m_axi|             A|       pointer|
|m_axi_A_AWID           |  out|    1|       m_axi|             A|       pointer|
|m_axi_A_AWLEN          |  out|    8|       m_axi|             A|       pointer|
|m_axi_A_AWSIZE         |  out|    3|       m_axi|             A|       pointer|
|m_axi_A_AWBURST        |  out|    2|       m_axi|             A|       pointer|
|m_axi_A_AWLOCK         |  out|    2|       m_axi|             A|       pointer|
|m_axi_A_AWCACHE        |  out|    4|       m_axi|             A|       pointer|
|m_axi_A_AWPROT         |  out|    3|       m_axi|             A|       pointer|
|m_axi_A_AWQOS          |  out|    4|       m_axi|             A|       pointer|
|m_axi_A_AWREGION       |  out|    4|       m_axi|             A|       pointer|
|m_axi_A_AWUSER         |  out|    1|       m_axi|             A|       pointer|
|m_axi_A_WVALID         |  out|    1|       m_axi|             A|       pointer|
|m_axi_A_WREADY         |   in|    1|       m_axi|             A|       pointer|
|m_axi_A_WDATA          |  out|   32|       m_axi|             A|       pointer|
|m_axi_A_WSTRB          |  out|    4|       m_axi|             A|       pointer|
|m_axi_A_WLAST          |  out|    1|       m_axi|             A|       pointer|
|m_axi_A_WID            |  out|    1|       m_axi|             A|       pointer|
|m_axi_A_WUSER          |  out|    1|       m_axi|             A|       pointer|
|m_axi_A_ARVALID        |  out|    1|       m_axi|             A|       pointer|
|m_axi_A_ARREADY        |   in|    1|       m_axi|             A|       pointer|
|m_axi_A_ARADDR         |  out|   64|       m_axi|             A|       pointer|
|m_axi_A_ARID           |  out|    1|       m_axi|             A|       pointer|
|m_axi_A_ARLEN          |  out|    8|       m_axi|             A|       pointer|
|m_axi_A_ARSIZE         |  out|    3|       m_axi|             A|       pointer|
|m_axi_A_ARBURST        |  out|    2|       m_axi|             A|       pointer|
|m_axi_A_ARLOCK         |  out|    2|       m_axi|             A|       pointer|
|m_axi_A_ARCACHE        |  out|    4|       m_axi|             A|       pointer|
|m_axi_A_ARPROT         |  out|    3|       m_axi|             A|       pointer|
|m_axi_A_ARQOS          |  out|    4|       m_axi|             A|       pointer|
|m_axi_A_ARREGION       |  out|    4|       m_axi|             A|       pointer|
|m_axi_A_ARUSER         |  out|    1|       m_axi|             A|       pointer|
|m_axi_A_RVALID         |   in|    1|       m_axi|             A|       pointer|
|m_axi_A_RREADY         |  out|    1|       m_axi|             A|       pointer|
|m_axi_A_RDATA          |   in|   32|       m_axi|             A|       pointer|
|m_axi_A_RLAST          |   in|    1|       m_axi|             A|       pointer|
|m_axi_A_RID            |   in|    1|       m_axi|             A|       pointer|
|m_axi_A_RUSER          |   in|    1|       m_axi|             A|       pointer|
|m_axi_A_RRESP          |   in|    2|       m_axi|             A|       pointer|
|m_axi_A_BVALID         |   in|    1|       m_axi|             A|       pointer|
|m_axi_A_BREADY         |  out|    1|       m_axi|             A|       pointer|
|m_axi_A_BRESP          |   in|    2|       m_axi|             A|       pointer|
|m_axi_A_BID            |   in|    1|       m_axi|             A|       pointer|
|m_axi_A_BUSER          |   in|    1|       m_axi|             A|       pointer|
|m_axi_C_AWVALID        |  out|    1|       m_axi|             C|       pointer|
|m_axi_C_AWREADY        |   in|    1|       m_axi|             C|       pointer|
|m_axi_C_AWADDR         |  out|   64|       m_axi|             C|       pointer|
|m_axi_C_AWID           |  out|    1|       m_axi|             C|       pointer|
|m_axi_C_AWLEN          |  out|    8|       m_axi|             C|       pointer|
|m_axi_C_AWSIZE         |  out|    3|       m_axi|             C|       pointer|
|m_axi_C_AWBURST        |  out|    2|       m_axi|             C|       pointer|
|m_axi_C_AWLOCK         |  out|    2|       m_axi|             C|       pointer|
|m_axi_C_AWCACHE        |  out|    4|       m_axi|             C|       pointer|
|m_axi_C_AWPROT         |  out|    3|       m_axi|             C|       pointer|
|m_axi_C_AWQOS          |  out|    4|       m_axi|             C|       pointer|
|m_axi_C_AWREGION       |  out|    4|       m_axi|             C|       pointer|
|m_axi_C_AWUSER         |  out|    1|       m_axi|             C|       pointer|
|m_axi_C_WVALID         |  out|    1|       m_axi|             C|       pointer|
|m_axi_C_WREADY         |   in|    1|       m_axi|             C|       pointer|
|m_axi_C_WDATA          |  out|   32|       m_axi|             C|       pointer|
|m_axi_C_WSTRB          |  out|    4|       m_axi|             C|       pointer|
|m_axi_C_WLAST          |  out|    1|       m_axi|             C|       pointer|
|m_axi_C_WID            |  out|    1|       m_axi|             C|       pointer|
|m_axi_C_WUSER          |  out|    1|       m_axi|             C|       pointer|
|m_axi_C_ARVALID        |  out|    1|       m_axi|             C|       pointer|
|m_axi_C_ARREADY        |   in|    1|       m_axi|             C|       pointer|
|m_axi_C_ARADDR         |  out|   64|       m_axi|             C|       pointer|
|m_axi_C_ARID           |  out|    1|       m_axi|             C|       pointer|
|m_axi_C_ARLEN          |  out|    8|       m_axi|             C|       pointer|
|m_axi_C_ARSIZE         |  out|    3|       m_axi|             C|       pointer|
|m_axi_C_ARBURST        |  out|    2|       m_axi|             C|       pointer|
|m_axi_C_ARLOCK         |  out|    2|       m_axi|             C|       pointer|
|m_axi_C_ARCACHE        |  out|    4|       m_axi|             C|       pointer|
|m_axi_C_ARPROT         |  out|    3|       m_axi|             C|       pointer|
|m_axi_C_ARQOS          |  out|    4|       m_axi|             C|       pointer|
|m_axi_C_ARREGION       |  out|    4|       m_axi|             C|       pointer|
|m_axi_C_ARUSER         |  out|    1|       m_axi|             C|       pointer|
|m_axi_C_RVALID         |   in|    1|       m_axi|             C|       pointer|
|m_axi_C_RREADY         |  out|    1|       m_axi|             C|       pointer|
|m_axi_C_RDATA          |   in|   32|       m_axi|             C|       pointer|
|m_axi_C_RLAST          |   in|    1|       m_axi|             C|       pointer|
|m_axi_C_RID            |   in|    1|       m_axi|             C|       pointer|
|m_axi_C_RUSER          |   in|    1|       m_axi|             C|       pointer|
|m_axi_C_RRESP          |   in|    2|       m_axi|             C|       pointer|
|m_axi_C_BVALID         |   in|    1|       m_axi|             C|       pointer|
|m_axi_C_BREADY         |  out|    1|       m_axi|             C|       pointer|
|m_axi_C_BRESP          |   in|    2|       m_axi|             C|       pointer|
|m_axi_C_BID            |   in|    1|       m_axi|             C|       pointer|
|m_axi_C_BUSER          |   in|    1|       m_axi|             C|       pointer|
+-----------------------+-----+-----+------------+--------------+--------------+

