Copyright 1986-2022 Xilinx, Inc. All Rights Reserved. Copyright 2022-2025 Advanced Micro Devices, Inc. All Rights Reserved.
--------------------------------------------------------------------------------------------------------------------------------------------------
| Tool Version      : Vivado v.2025.1.1 (lin64) Build 6233196 Thu Sep 11 21:27:11 MDT 2025
| Date              : Sun Mar  8 15:58:52 2026
| Host              : ece-linlabsrv01 running 64-bit Red Hat Enterprise Linux release 8.10 (Ootpa)
| Command           : report_timing_summary -file ./report/top_kernel_timing_synth.rpt
| Design            : bd_0_wrapper
| Device            : xczu3eg-sbva484
| Speed File        : -1  PRODUCTION 1.30 05-15-2022
| Design State      : Synthesized
| Temperature Grade : E
--------------------------------------------------------------------------------------------------------------------------------------------------

Timing Summary Report

------------------------------------------------------------------------------------------------
| Timer Settings
| --------------
------------------------------------------------------------------------------------------------

  Enable Multi Corner Analysis               :  Yes
  Enable Pessimism Removal                   :  Yes
  Pessimism Removal Resolution               :  Nearest Common Node
  Enable Input Delay Default Clock           :  No
  Enable Preset / Clear Arcs                 :  No
  Disable Flight Delays                      :  No
  Ignore I/O Paths                           :  No
  Timing Early Launch at Borrowing Latches   :  No
  Borrow Time for Max Delay Exceptions       :  Yes
  Merge Timing Exceptions                    :  Yes
  Inter-SLR Compensation                     :  Conservative

  Corner  Analyze    Analyze    
  Name    Max Paths  Min Paths  
  ------  ---------  ---------  
  Slow    Yes        Yes        
  Fast    Yes        Yes        


------------------------------------------------------------------------------------------------
| Report Methodology
| ------------------
------------------------------------------------------------------------------------------------

No report available as report_methodology has not been run prior. Run report_methodology on the current design for the summary of methodology violations.



check_timing report

Table of Contents
-----------------
1. checking no_clock (0)
2. checking constant_clock (0)
3. checking pulse_width_clock (0)
4. checking unconstrained_internal_endpoints (0)
5. checking no_input_delay (570)
6. checking no_output_delay (504)
7. checking multiple_clock (0)
8. checking generated_clocks (0)
9. checking loops (0)
10. checking partial_input_delay (0)
11. checking partial_output_delay (0)
12. checking latch_loops (0)

1. checking no_clock (0)
------------------------
 There are 0 register/latch pins with no clock.


2. checking constant_clock (0)
------------------------------
 There are 0 register/latch pins with constant_clock.


3. checking pulse_width_clock (0)
---------------------------------
 There are 0 register/latch pins which need pulse_width check


4. checking unconstrained_internal_endpoints (0)
------------------------------------------------
 There are 0 pins that are not constrained for maximum delay.

 There are 0 pins that are not constrained for maximum delay due to constant clock.


5. checking no_input_delay (570)
--------------------------------
 There are 570 input ports with no input delay specified. (HIGH)

 There are 0 input ports with no input delay but user has a false path constraint.


6. checking no_output_delay (504)
---------------------------------
 There are 504 ports with no output delay specified. (HIGH)

 There are 0 ports with no output delay but user has a false path constraint

 There are 0 ports with no output delay but with a timing clock defined on it or propagating through it


7. checking multiple_clock (0)
------------------------------
 There are 0 register/latch pins with multiple clocks.


8. checking generated_clocks (0)
--------------------------------
 There are 0 generated clocks that are not connected to a clock source.


9. checking loops (0)
---------------------
 There are 0 combinational loops in the design.


10. checking partial_input_delay (0)
------------------------------------
 There are 0 input ports with partial input delay specified.


11. checking partial_output_delay (0)
-------------------------------------
 There are 0 ports with partial output delay specified.


12. checking latch_loops (0)
----------------------------
 There are 0 combinational latch loops in the design through latch input



------------------------------------------------------------------------------------------------
| Design Timing Summary
| ---------------------
------------------------------------------------------------------------------------------------

    WNS(ns)      TNS(ns)  TNS Failing Endpoints  TNS Total Endpoints      WHS(ns)      THS(ns)  THS Failing Endpoints  THS Total Endpoints     WPWS(ns)     TPWS(ns)  TPWS Failing Endpoints  TPWS Total Endpoints  
    -------      -------  ---------------------  -------------------      -------      -------  ---------------------  -------------------     --------     --------  ----------------------  --------------------  
      4.078        0.000                      0                30454        0.040        0.000                      0                30454        4.427        0.000                       0                 14657  


All user specified timing constraints are met.


------------------------------------------------------------------------------------------------
| Clock Summary
| -------------
------------------------------------------------------------------------------------------------

Clock   Waveform(ns)       Period(ns)      Frequency(MHz)
-----   ------------       ----------      --------------
ap_clk  {0.000 5.000}      10.000          100.000         


------------------------------------------------------------------------------------------------
| Intra Clock Table
| -----------------
------------------------------------------------------------------------------------------------

Clock             WNS(ns)      TNS(ns)  TNS Failing Endpoints  TNS Total Endpoints      WHS(ns)      THS(ns)  THS Failing Endpoints  THS Total Endpoints     WPWS(ns)     TPWS(ns)  TPWS Failing Endpoints  TPWS Total Endpoints  
-----             -------      -------  ---------------------  -------------------      -------      -------  ---------------------  -------------------     --------     --------  ----------------------  --------------------  
ap_clk              4.078        0.000                      0                30454        0.040        0.000                      0                30454        4.427        0.000                       0                 14657  


------------------------------------------------------------------------------------------------
| Inter Clock Table
| -----------------
------------------------------------------------------------------------------------------------

From Clock    To Clock          WNS(ns)      TNS(ns)  TNS Failing Endpoints  TNS Total Endpoints      WHS(ns)      THS(ns)  THS Failing Endpoints  THS Total Endpoints  
----------    --------          -------      -------  ---------------------  -------------------      -------      -------  ---------------------  -------------------  


------------------------------------------------------------------------------------------------
| Other Path Groups Table
| -----------------------
------------------------------------------------------------------------------------------------

Path Group    From Clock    To Clock          WNS(ns)      TNS(ns)  TNS Failing Endpoints  TNS Total Endpoints      WHS(ns)      THS(ns)  THS Failing Endpoints  THS Total Endpoints  
----------    ----------    --------          -------      -------  ---------------------  -------------------      -------      -------  ---------------------  -------------------  


------------------------------------------------------------------------------------------------
| Timing Details
| --------------
------------------------------------------------------------------------------------------------


---------------------------------------------------------------------------------------------------
From Clock:  ap_clk
  To Clock:  ap_clk

Setup :            0  Failing Endpoints,  Worst Slack        4.078ns,  Total Violation        0.000ns
Hold  :            0  Failing Endpoints,  Worst Slack        0.040ns,  Total Violation        0.000ns
PW    :            0  Failing Endpoints,  Worst Slack        4.427ns,  Total Violation        0.000ns
---------------------------------------------------------------------------------------------------


Max Delay Paths
--------------------------------------------------------------------------------------
Slack (MET) :             4.078ns  (required time - arrival time)
  Source:                 bd_0_i/hls_inst/inst/k3_join_norm_U0/select_ln435_3_reg_4504_reg[1]/C
                            (rising edge-triggered cell FDSE clocked by ap_clk  {rise@0.000ns fall@5.000ns period=10.000ns})
  Destination:            bd_0_i/hls_inst/inst/k3_join_norm_U0/v_out_15_reg_4594_reg[0]/S
                            (rising edge-triggered cell FDSE clocked by ap_clk  {rise@0.000ns fall@5.000ns period=10.000ns})
  Path Group:             ap_clk
  Path Type:              Setup (Max at Slow Process Corner)
  Requirement:            10.000ns  (ap_clk rise@10.000ns - ap_clk rise@0.000ns)
  Data Path Delay:        5.804ns  (logic 3.812ns (65.678%)  route 1.992ns (34.322%))
  Logic Levels:           19  (CARRY8=6 DSP_A_B_DATA=1 DSP_ALU=2 DSP_M_DATA=1 DSP_MULTIPLIER=1 DSP_OUTPUT=2 DSP_PREADD_DATA=1 LUT2=2 LUT3=1 LUT4=1 LUT5=1)
  Clock Path Skew:        -0.011ns (DCD - SCD + CPR)
    Destination Clock Delay (DCD):    0.026ns = ( 10.026 - 10.000 ) 
    Source Clock Delay      (SCD):    0.037ns
    Clock Pessimism Removal (CPR):    0.000ns
  Clock Uncertainty:      0.035ns  ((TSJ^2 + TIJ^2)^1/2 + DJ) / 2 + PE
    Total System Jitter     (TSJ):    0.071ns
    Total Input Jitter      (TIJ):    0.000ns
    Discrete Jitter          (DJ):    0.000ns
    Phase Error              (PE):    0.000ns

    Location             Delay type                Incr(ns)  Path(ns)    Netlist Resource(s)
  -------------------------------------------------------------------    -------------------
                         (clock ap_clk rise edge)     0.000     0.000 r  
                                                      0.000     0.000 r  ap_clk (IN)
                         net (fo=15040, unset)        0.037     0.037    bd_0_i/hls_inst/inst/k3_join_norm_U0/ap_clk
                         FDSE                                         r  bd_0_i/hls_inst/inst/k3_join_norm_U0/select_ln435_3_reg_4504_reg[1]/C
  -------------------------------------------------------------------    -------------------
                         FDSE (Prop_FDSE_C_Q)         0.093     0.130 f  bd_0_i/hls_inst/inst/k3_join_norm_U0/select_ln435_3_reg_4504_reg[1]/Q
                         net (fo=32, unplaced)        0.596     0.726    bd_0_i/hls_inst/inst/k3_join_norm_U0/mul_34s_30s_64_1_1_U49/tmp_product__1/A[7]
                         DSP_A_B_DATA (Prop_DSP_A_B_DATA_A[7]_A2_DATA[7])
                                                      0.241     0.967 r  bd_0_i/hls_inst/inst/k3_join_norm_U0/mul_34s_30s_64_1_1_U49/tmp_product__1/DSP_A_B_DATA_INST/A2_DATA[7]
                         net (fo=1, unplaced)         0.000     0.967    bd_0_i/hls_inst/inst/k3_join_norm_U0/mul_34s_30s_64_1_1_U49/tmp_product__1/DSP_A_B_DATA.A2_DATA<7>
                         DSP_PREADD_DATA (Prop_DSP_PREADD_DATA_A2_DATA[7]_A2A1[7])
                                                      0.098     1.065 r  bd_0_i/hls_inst/inst/k3_join_norm_U0/mul_34s_30s_64_1_1_U49/tmp_product__1/DSP_PREADD_DATA_INST/A2A1[7]
                         net (fo=1, unplaced)         0.000     1.065    bd_0_i/hls_inst/inst/k3_join_norm_U0/mul_34s_30s_64_1_1_U49/tmp_product__1/DSP_PREADD_DATA.A2A1<7>
                         DSP_MULTIPLIER (Prop_DSP_MULTIPLIER_A2A1[7]_U[28])
                                                      0.647     1.712 f  bd_0_i/hls_inst/inst/k3_join_norm_U0/mul_34s_30s_64_1_1_U49/tmp_product__1/DSP_MULTIPLIER_INST/U[28]
                         net (fo=1, unplaced)         0.000     1.712    bd_0_i/hls_inst/inst/k3_join_norm_U0/mul_34s_30s_64_1_1_U49/tmp_product__1/DSP_MULTIPLIER.U<28>
                         DSP_M_DATA (Prop_DSP_M_DATA_U[28]_U_DATA[28])
                                                      0.059     1.771 r  bd_0_i/hls_inst/inst/k3_join_norm_U0/mul_34s_30s_64_1_1_U49/tmp_product__1/DSP_M_DATA_INST/U_DATA[28]
                         net (fo=1, unplaced)         0.000     1.771    bd_0_i/hls_inst/inst/k3_join_norm_U0/mul_34s_30s_64_1_1_U49/tmp_product__1/DSP_M_DATA.U_DATA<28>
                         DSP_ALU (Prop_DSP_ALU_U_DATA[28]_ALU_OUT[47])
                                                      0.699     2.470 f  bd_0_i/hls_inst/inst/k3_join_norm_U0/mul_34s_30s_64_1_1_U49/tmp_product__1/DSP_ALU_INST/ALU_OUT[47]
                         net (fo=1, unplaced)         0.000     2.470    bd_0_i/hls_inst/inst/k3_join_norm_U0/mul_34s_30s_64_1_1_U49/tmp_product__1/DSP_ALU.ALU_OUT<47>
                         DSP_OUTPUT (Prop_DSP_OUTPUT_ALU_OUT[47]_PCOUT[47])
                                                      0.159     2.629 r  bd_0_i/hls_inst/inst/k3_join_norm_U0/mul_34s_30s_64_1_1_U49/tmp_product__1/DSP_OUTPUT_INST/PCOUT[47]
                         net (fo=1, unplaced)         0.016     2.645    bd_0_i/hls_inst/inst/k3_join_norm_U0/mul_34s_30s_64_1_1_U49/tmp_product__2/PCIN[47]
                         DSP_ALU (Prop_DSP_ALU_PCIN[47]_ALU_OUT[0])
                                                      0.698     3.343 f  bd_0_i/hls_inst/inst/k3_join_norm_U0/mul_34s_30s_64_1_1_U49/tmp_product__2/DSP_ALU_INST/ALU_OUT[0]
                         net (fo=1, unplaced)         0.000     3.343    bd_0_i/hls_inst/inst/k3_join_norm_U0/mul_34s_30s_64_1_1_U49/tmp_product__2/DSP_ALU.ALU_OUT<0>
                         DSP_OUTPUT (Prop_DSP_OUTPUT_ALU_OUT[0]_P[0])
                                                      0.141     3.484 r  bd_0_i/hls_inst/inst/k3_join_norm_U0/mul_34s_30s_64_1_1_U49/tmp_product__2/DSP_OUTPUT_INST/P[0]
                         net (fo=2, unplaced)         0.241     3.725    bd_0_i/hls_inst/inst/k3_join_norm_U0/mul_34s_30s_64_1_1_U49/tmp_product__2_n_105
                         LUT2 (Prop_LUT2_I0_O)        0.063     3.788 r  bd_0_i/hls_inst/inst/k3_join_norm_U0/mul_34s_30s_64_1_1_U49/tmp_product_carry_i_7__0/O
                         net (fo=1, unplaced)         0.025     3.813    bd_0_i/hls_inst/inst/k3_join_norm_U0/mul_34s_30s_64_1_1_U49/tmp_product_carry_i_7__0_n_0
                         CARRY8 (Prop_CARRY8_S[1]_CO[7])
                                                      0.245     4.058 r  bd_0_i/hls_inst/inst/k3_join_norm_U0/mul_34s_30s_64_1_1_U49/tmp_product_carry/CO[7]
                         net (fo=1, unplaced)         0.007     4.065    bd_0_i/hls_inst/inst/k3_join_norm_U0/mul_34s_30s_64_1_1_U49/tmp_product_carry_n_0
                         CARRY8 (Prop_CARRY8_CI_CO[7])
                                                      0.030     4.095 r  bd_0_i/hls_inst/inst/k3_join_norm_U0/mul_34s_30s_64_1_1_U49/tmp_product_carry__0/CO[7]
                         net (fo=1, unplaced)         0.007     4.102    bd_0_i/hls_inst/inst/k3_join_norm_U0/mul_34s_30s_64_1_1_U49/tmp_product_carry__0_n_0
                         CARRY8 (Prop_CARRY8_CI_O[1])
                                                      0.097     4.199 r  bd_0_i/hls_inst/inst/k3_join_norm_U0/mul_34s_30s_64_1_1_U49/tmp_product_carry__1/O[1]
                         net (fo=1, unplaced)         0.212     4.411    bd_0_i/hls_inst/inst/k3_join_norm_U0/mul_34s_30s_64_1_1_U49/zext_ln442_1_fu_1067_p1
                         LUT2 (Prop_LUT2_I1_O)        0.040     4.451 r  bd_0_i/hls_inst/inst/k3_join_norm_U0/mul_34s_30s_64_1_1_U49/v_out_15_reg_4594[7]_i_3/O
                         net (fo=1, unplaced)         0.021     4.472    bd_0_i/hls_inst/inst/k3_join_norm_U0/mul_34s_30s_64_1_1_U49/v_out_15_reg_4594[7]_i_3_n_0
                         CARRY8 (Prop_CARRY8_S[0]_CO[7])
                                                      0.248     4.720 r  bd_0_i/hls_inst/inst/k3_join_norm_U0/mul_34s_30s_64_1_1_U49/v_out_15_reg_4594_reg[7]_i_2/CO[7]
                         net (fo=1, unplaced)         0.007     4.727    bd_0_i/hls_inst/inst/k3_join_norm_U0/mul_34s_30s_64_1_1_U49/v_out_15_reg_4594_reg[7]_i_2_n_0
                         CARRY8 (Prop_CARRY8_CI_CO[7])
                                                      0.030     4.757 r  bd_0_i/hls_inst/inst/k3_join_norm_U0/mul_34s_30s_64_1_1_U49/v_out_15_reg_4594_reg[15]_i_2/CO[7]
                         net (fo=1, unplaced)         0.007     4.764    bd_0_i/hls_inst/inst/k3_join_norm_U0/mul_34s_30s_64_1_1_U49/v_out_15_reg_4594_reg[15]_i_2_n_0
                         CARRY8 (Prop_CARRY8_CI_O[3])
                                                      0.104     4.868 r  bd_0_i/hls_inst/inst/k3_join_norm_U0/mul_34s_30s_64_1_1_U49/v_out_15_reg_4594_reg[19]_i_4/O[3]
                         net (fo=3, unplaced)         0.111     4.979    bd_0_i/hls_inst/inst/k3_join_norm_U0/mul_34s_30s_64_1_1_U49/tmp_139_fu_1077_p3
                         LUT4 (Prop_LUT4_I1_O)        0.040     5.019 r  bd_0_i/hls_inst/inst/k3_join_norm_U0/mul_34s_30s_64_1_1_U49/v_out_15_reg_4594[19]_i_7/O
                         net (fo=1, unplaced)         0.214     5.233    bd_0_i/hls_inst/inst/k3_join_norm_U0/mul_34s_30s_64_1_1_U49/v_out_15_reg_4594[19]_i_7_n_0
                         LUT5 (Prop_LUT5_I4_O)        0.040     5.273 r  bd_0_i/hls_inst/inst/k3_join_norm_U0/mul_34s_30s_64_1_1_U49/v_out_15_reg_4594[19]_i_3/O
                         net (fo=21, unplaced)        0.264     5.537    bd_0_i/hls_inst/inst/k3_join_norm_U0/mul_34s_30s_64_1_1_U49/v_out_15_reg_4594[19]_i_3_n_0
                         LUT3 (Prop_LUT3_I2_O)        0.040     5.577 r  bd_0_i/hls_inst/inst/k3_join_norm_U0/mul_34s_30s_64_1_1_U49/v_out_15_reg_4594[19]_i_1/O
                         net (fo=20, unplaced)        0.264     5.841    bd_0_i/hls_inst/inst/k3_join_norm_U0/v_out_15_reg_4594
                         FDSE                                         r  bd_0_i/hls_inst/inst/k3_join_norm_U0/v_out_15_reg_4594_reg[0]/S
  -------------------------------------------------------------------    -------------------

                         (clock ap_clk rise edge)    10.000    10.000 r  
                                                      0.000    10.000 r  ap_clk (IN)
                         net (fo=15040, unset)        0.026    10.026    bd_0_i/hls_inst/inst/k3_join_norm_U0/ap_clk
                         FDSE                                         r  bd_0_i/hls_inst/inst/k3_join_norm_U0/v_out_15_reg_4594_reg[0]/C
                         clock pessimism              0.000    10.026    
                         clock uncertainty           -0.035     9.991    
                         FDSE (Setup_FDSE_C_S)       -0.072     9.919    bd_0_i/hls_inst/inst/k3_join_norm_U0/v_out_15_reg_4594_reg[0]
  -------------------------------------------------------------------
                         required time                          9.919    
                         arrival time                          -5.841    
  -------------------------------------------------------------------
                         slack                                  4.078    





Min Delay Paths
--------------------------------------------------------------------------------------
Slack (MET) :             0.040ns  (arrival time - required time)
  Source:                 bd_0_i/hls_inst/inst/store_output_wide_U0/raw_reg_453_reg[0]/C
                            (rising edge-triggered cell FDRE clocked by ap_clk  {rise@0.000ns fall@5.000ns period=10.000ns})
  Destination:            bd_0_i/hls_inst/inst/gmem1_m_axi_U/store_unit_0/buff_wdata/U_fifo_srl/mem_reg[30][0]_srl31/D
                            (rising edge-triggered cell SRLC32E clocked by ap_clk  {rise@0.000ns fall@5.000ns period=10.000ns})
  Path Group:             ap_clk
  Path Type:              Hold (Min at Fast Process Corner)
  Requirement:            0.000ns  (ap_clk rise@0.000ns - ap_clk rise@0.000ns)
  Data Path Delay:        0.112ns  (logic 0.038ns (33.929%)  route 0.074ns (66.071%))
  Logic Levels:           0  
  Clock Path Skew:        0.026ns (DCD - SCD - CPR)
    Destination Clock Delay (DCD):    0.039ns
    Source Clock Delay      (SCD):    0.013ns
    Clock Pessimism Removal (CPR):    -0.000ns

    Location             Delay type                Incr(ns)  Path(ns)    Netlist Resource(s)
  -------------------------------------------------------------------    -------------------
                         (clock ap_clk rise edge)     0.000     0.000 r  
                                                      0.000     0.000 r  ap_clk (IN)
                         net (fo=15040, unset)        0.013     0.013    bd_0_i/hls_inst/inst/store_output_wide_U0/ap_clk
                         FDRE                                         r  bd_0_i/hls_inst/inst/store_output_wide_U0/raw_reg_453_reg[0]/C
  -------------------------------------------------------------------    -------------------
                         FDRE (Prop_FDRE_C_Q)         0.038     0.051 r  bd_0_i/hls_inst/inst/store_output_wide_U0/raw_reg_453_reg[0]/Q
                         net (fo=1, unplaced)         0.074     0.125    bd_0_i/hls_inst/inst/gmem1_m_axi_U/store_unit_0/buff_wdata/U_fifo_srl/dout_reg[496]_0[0]
                         SRLC32E                                      r  bd_0_i/hls_inst/inst/gmem1_m_axi_U/store_unit_0/buff_wdata/U_fifo_srl/mem_reg[30][0]_srl31/D
  -------------------------------------------------------------------    -------------------

                         (clock ap_clk rise edge)     0.000     0.000 r  
                                                      0.000     0.000 r  ap_clk (IN)
                         net (fo=15040, unset)        0.039     0.039    bd_0_i/hls_inst/inst/gmem1_m_axi_U/store_unit_0/buff_wdata/U_fifo_srl/ap_clk
                         SRLC32E                                      r  bd_0_i/hls_inst/inst/gmem1_m_axi_U/store_unit_0/buff_wdata/U_fifo_srl/mem_reg[30][0]_srl31/CLK
                         clock pessimism              0.000     0.039    
                         SRLC32E (Hold_SRLC32E_CLK_D)
                                                      0.046     0.085    bd_0_i/hls_inst/inst/gmem1_m_axi_U/store_unit_0/buff_wdata/U_fifo_srl/mem_reg[30][0]_srl31
  -------------------------------------------------------------------
                         required time                         -0.085    
                         arrival time                           0.125    
  -------------------------------------------------------------------
                         slack                                  0.040    





Pulse Width Checks
--------------------------------------------------------------------------------------
Clock Name:         ap_clk
Waveform(ns):       { 0.000 5.000 }
Period(ns):         10.000
Sources:            { ap_clk }

Check Type        Corner  Lib Pin             Reference Pin  Required(ns)  Actual(ns)  Slack(ns)  Location  Pin
Min Period        n/a     RAMB36E2/CLKARDCLK  n/a            1.739         10.000      8.261                bd_0_i/hls_inst/inst/gmem0_m_axi_U/load_unit_0/buff_rdata/U_fifo_mem/mem_reg_0/CLKARDCLK
Low Pulse Width   Slow    SRL16E/CLK          n/a            0.573         5.000       4.427                bd_0_i/hls_inst/inst/gmem0_m_axi_U/bus_read/ost_ctrl_gen[0].fifo_burst/U_fifo_srl/mem_reg[14][0]_srl15/CLK
High Pulse Width  Slow    SRL16E/CLK          n/a            0.573         5.000       4.427                bd_0_i/hls_inst/inst/gmem0_m_axi_U/bus_read/ost_ctrl_gen[0].fifo_burst/U_fifo_srl/mem_reg[14][0]_srl15/CLK



