Copyright 1986-2022 Xilinx, Inc. All Rights Reserved. Copyright 2022-2025 Advanced Micro Devices, Inc. All Rights Reserved.
---------------------------------------------------------------------------------------------------------------------------------------------
| Tool Version : Vivado v.2025.1.1 (lin64) Build 6233196 Thu Sep 11 21:27:11 MDT 2025
| Date         : Sun Mar  8 15:58:20 2026
| Host         : ece-linlabsrv01 running 64-bit Red Hat Enterprise Linux release 8.10 (Ootpa)
| Command      : report_utilization -hierarchical -hierarchical_depth 6 -file ./report/top_kernel_utilization_hierarchical_synth.rpt
| Design       : bd_0_wrapper
| Device       : xczu3eg-sbva484-1-e
| Speed File   : -1
| Design State : Synthesized
---------------------------------------------------------------------------------------------------------------------------------------------

Utilization Design Information

Table of Contents
-----------------
1. Utilization by Hierarchy

1. Utilization by Hierarchy
---------------------------

+--------------------------------------------------------+------------------------------------------------------------------+------------+------------+---------+------+-------+--------+--------+------+------------+
|                        Instance                        |                              Module                              | Total LUTs | Logic LUTs | LUTRAMs | SRLs |  FFs  | RAMB36 | RAMB18 | URAM | DSP Blocks |
+--------------------------------------------------------+------------------------------------------------------------------+------------+------------+---------+------+-------+--------+--------+------+------------+
| bd_0_wrapper                                           |                                                            (top) |      13177 |      11268 |       0 | 1909 | 12732 |      7 |      1 |    0 |         64 |
|   bd_0_i                                               |                                                             bd_0 |      13177 |      11268 |       0 | 1909 | 12732 |      7 |      1 |    0 |         64 |
|     hls_inst                                           |                                                  bd_0_hls_inst_0 |      13177 |      11268 |       0 | 1909 | 12732 |      7 |      1 |    0 |         64 |
|       inst                                             |                                       bd_0_hls_inst_0_top_kernel |      13177 |      11268 |       0 | 1909 | 12732 |      7 |      1 |    0 |         64 |
|         store_output_wide_U0                           |                     bd_0_hls_inst_0_top_kernel_store_output_wide |         48 |         46 |       0 |    2 |   359 |      0 |      0 |    0 |          0 |
|           (store_output_wide_U0)                       |                     bd_0_hls_inst_0_top_kernel_store_output_wide |         26 |         24 |       0 |    2 |   358 |      0 |      0 |    0 |          0 |
|         control_s_axi_U                                |                         bd_0_hls_inst_0_top_kernel_control_s_axi |        160 |        160 |       0 |    0 |   181 |      0 |      0 |    0 |          0 |
|         gmem0_m_axi_U                                  |                           bd_0_hls_inst_0_top_kernel_gmem0_m_axi |        961 |        901 |       0 |   60 |  1674 |      7 |      1 |    0 |          0 |
|           bus_read                                     |                      bd_0_hls_inst_0_top_kernel_gmem0_m_axi_read |        828 |        827 |       0 |    1 |  1499 |      0 |      0 |    0 |          0 |
|             rreq_burst_conv                            |           bd_0_hls_inst_0_top_kernel_gmem0_m_axi_burst_converter |        258 |        258 |       0 |    0 |   427 |      0 |      0 |    0 |          0 |
|             rs_rdata                                   | bd_0_hls_inst_0_top_kernel_gmem0_m_axi_reg_slice__parameterized0 |        531 |        531 |       0 |    0 |  1041 |      0 |      0 |    0 |          0 |
|           load_unit_0                                  |                      bd_0_hls_inst_0_top_kernel_gmem0_m_axi_load |        134 |         75 |       0 |   59 |   175 |      7 |      1 |    0 |          0 |
|             (load_unit_0)                              |                      bd_0_hls_inst_0_top_kernel_gmem0_m_axi_load |          1 |          1 |       0 |    0 |    62 |      0 |      0 |    0 |          0 |
|             buff_rdata                                 |      bd_0_hls_inst_0_top_kernel_gmem0_m_axi_fifo__parameterized0 |         54 |         54 |       0 |    0 |    37 |      7 |      1 |    0 |          0 |
|             fifo_rreq                                  |                      bd_0_hls_inst_0_top_kernel_gmem0_m_axi_fifo |         79 |         20 |       0 |   59 |    76 |      0 |      0 |    0 |          0 |
|         gmem1_m_axi_U                                  |                           bd_0_hls_inst_0_top_kernel_gmem1_m_axi |        981 |        522 |       0 |  459 |  1570 |      0 |      0 |    0 |          0 |
|           store_unit_0                                 |                     bd_0_hls_inst_0_top_kernel_gmem1_m_axi_store |        518 |        118 |       0 |  400 |   556 |      0 |      0 |    0 |          0 |
|             (store_unit_0)                             |                     bd_0_hls_inst_0_top_kernel_gmem1_m_axi_store |          2 |          2 |       0 |    0 |    74 |      0 |      0 |    0 |          0 |
|             buff_wdata                                 |      bd_0_hls_inst_0_top_kernel_gmem1_m_axi_fifo__parameterized1 |        364 |         28 |       0 |  336 |   359 |      0 |      0 |    0 |          0 |
|             fifo_wreq                                  |      bd_0_hls_inst_0_top_kernel_gmem1_m_axi_fifo__parameterized0 |         75 |         16 |       0 |   59 |    73 |      0 |      0 |    0 |          0 |
|           bus_write                                    |                     bd_0_hls_inst_0_top_kernel_gmem1_m_axi_write |        448 |        389 |       0 |   59 |  1014 |      0 |      0 |    0 |          0 |
|             wreq_burst_conv                            |           bd_0_hls_inst_0_top_kernel_gmem1_m_axi_burst_converter |        254 |        254 |       0 |    0 |   427 |      0 |      0 |    0 |          0 |
|             wreq_throttle                              |                  bd_0_hls_inst_0_top_kernel_gmem1_m_axi_throttle |        170 |        112 |       0 |   58 |   564 |      0 |      0 |    0 |          0 |
|         k1_transform_U0                                |                          bd_0_hls_inst_0_top_kernel_k1_transform |       1546 |       1546 |       0 |    0 |   734 |      0 |      0 |    0 |          0 |
|           (k1_transform_U0)                            |                          bd_0_hls_inst_0_top_kernel_k1_transform |       1528 |       1528 |       0 |    0 |   733 |      0 |      0 |    0 |          0 |
|         k2_stats_U0                                    |                              bd_0_hls_inst_0_top_kernel_k2_stats |       1006 |        927 |       0 |   79 |   497 |      0 |      0 |    0 |          0 |
|           (k2_stats_U0)                                |                              bd_0_hls_inst_0_top_kernel_k2_stats |        927 |        848 |       0 |   79 |   495 |      0 |      0 |    0 |          0 |
|           flow_control_loop_delay_pipe_U               |          bd_0_hls_inst_0_top_kernel_flow_control_loop_delay_pipe |         79 |         79 |       0 |    0 |     2 |      0 |      0 |    0 |          0 |
|         k3_join_norm_U0                                |                          bd_0_hls_inst_0_top_kernel_k3_join_norm |       4375 |       4308 |       0 |   67 |  3988 |      0 |      0 |    0 |         64 |
|           (k3_join_norm_U0)                            |                          bd_0_hls_inst_0_top_kernel_k3_join_norm |         20 |         20 |       0 |    0 |   474 |      0 |      0 |    0 |          0 |
|           mul_34s_30s_64_1_1_U48                       |                    bd_0_hls_inst_0_top_kernel_mul_34s_30s_64_1_1 |         65 |         65 |       0 |    0 |     0 |      0 |      0 |    0 |          4 |
|           mul_34s_30s_64_1_1_U49                       |                 bd_0_hls_inst_0_top_kernel_mul_34s_30s_64_1_1_14 |         65 |         65 |       0 |    0 |     0 |      0 |      0 |    0 |          4 |
|           mul_34s_30s_64_1_1_U50                       |                 bd_0_hls_inst_0_top_kernel_mul_34s_30s_64_1_1_15 |         65 |         65 |       0 |    0 |     0 |      0 |      0 |    0 |          4 |
|           mul_34s_30s_64_1_1_U51                       |                 bd_0_hls_inst_0_top_kernel_mul_34s_30s_64_1_1_16 |         65 |         65 |       0 |    0 |     0 |      0 |      0 |    0 |          4 |
|           mul_34s_30s_64_1_1_U52                       |                 bd_0_hls_inst_0_top_kernel_mul_34s_30s_64_1_1_17 |         65 |         65 |       0 |    0 |     0 |      0 |      0 |    0 |          4 |
|           mul_34s_30s_64_1_1_U53                       |                 bd_0_hls_inst_0_top_kernel_mul_34s_30s_64_1_1_18 |         75 |         75 |       0 |    0 |     0 |      0 |      0 |    0 |          4 |
|           mul_34s_30s_64_1_1_U54                       |                 bd_0_hls_inst_0_top_kernel_mul_34s_30s_64_1_1_19 |         65 |         65 |       0 |    0 |     0 |      0 |      0 |    0 |          4 |
|           mul_34s_30s_64_1_1_U55                       |                 bd_0_hls_inst_0_top_kernel_mul_34s_30s_64_1_1_20 |         64 |         64 |       0 |    0 |     0 |      0 |      0 |    0 |          4 |
|           mul_34s_30s_64_1_1_U56                       |                 bd_0_hls_inst_0_top_kernel_mul_34s_30s_64_1_1_21 |         65 |         65 |       0 |    0 |     0 |      0 |      0 |    0 |          4 |
|           mul_34s_30s_64_1_1_U57                       |                 bd_0_hls_inst_0_top_kernel_mul_34s_30s_64_1_1_22 |         64 |         64 |       0 |    0 |     0 |      0 |      0 |    0 |          4 |
|           mul_34s_30s_64_1_1_U58                       |                 bd_0_hls_inst_0_top_kernel_mul_34s_30s_64_1_1_23 |         75 |         75 |       0 |    0 |     0 |      0 |      0 |    0 |          4 |
|           mul_34s_30s_64_1_1_U59                       |                 bd_0_hls_inst_0_top_kernel_mul_34s_30s_64_1_1_24 |         64 |         64 |       0 |    0 |     0 |      0 |      0 |    0 |          4 |
|           mul_34s_30s_64_1_1_U60                       |                 bd_0_hls_inst_0_top_kernel_mul_34s_30s_64_1_1_25 |         65 |         65 |       0 |    0 |     0 |      0 |      0 |    0 |          4 |
|           mul_34s_30s_64_1_1_U61                       |                 bd_0_hls_inst_0_top_kernel_mul_34s_30s_64_1_1_26 |         65 |         65 |       0 |    0 |     0 |      0 |      0 |    0 |          4 |
|           mul_34s_30s_64_1_1_U62                       |                 bd_0_hls_inst_0_top_kernel_mul_34s_30s_64_1_1_27 |         65 |         65 |       0 |    0 |     0 |      0 |      0 |    0 |          4 |
|           mul_34s_30s_64_1_1_U63                       |                 bd_0_hls_inst_0_top_kernel_mul_34s_30s_64_1_1_28 |         64 |         64 |       0 |    0 |     0 |      0 |      0 |    0 |          4 |
|           sdiv_50ns_34s_50_54_1_U64                    |                 bd_0_hls_inst_0_top_kernel_sdiv_50ns_34s_50_54_1 |       3271 |       3204 |       0 |   67 |  3513 |      0 |      0 |    0 |          0 |
|             (sdiv_50ns_34s_50_54_1_U64)                |                 bd_0_hls_inst_0_top_kernel_sdiv_50ns_34s_50_54_1 |        136 |        136 |       0 |    0 |    73 |      0 |      0 |    0 |          0 |
|             top_kernel_sdiv_50ns_34s_50_54_1_divider_u |         bd_0_hls_inst_0_top_kernel_sdiv_50ns_34s_50_54_1_divider |       3135 |       3068 |       0 |   67 |  3440 |      0 |      0 |    0 |          0 |
|         k4_postprocess_U0                              |                        bd_0_hls_inst_0_top_kernel_k4_postprocess |         57 |         57 |       0 |    0 |   286 |      0 |      0 |    0 |          0 |
|           (k4_postprocess_U0)                          |                        bd_0_hls_inst_0_top_kernel_k4_postprocess |         42 |         42 |       0 |    0 |   285 |      0 |      0 |    0 |          0 |
|         load_input_wide_U0                             |                       bd_0_hls_inst_0_top_kernel_load_input_wide |         34 |         34 |       0 |    0 |    86 |      0 |      0 |    0 |          0 |
|           (load_input_wide_U0)                         |                       bd_0_hls_inst_0_top_kernel_load_input_wide |         10 |         10 |       0 |    0 |    85 |      0 |      0 |    0 |          0 |
|         out_r_c_U                                      |                         bd_0_hls_inst_0_top_kernel_fifo_w64_d8_S |         64 |          6 |       0 |   58 |     9 |      0 |      0 |    0 |          0 |
|           U_top_kernel_fifo_w64_d8_S_ShiftReg          |                bd_0_hls_inst_0_top_kernel_fifo_w64_d8_S_ShiftReg |         58 |          0 |       0 |   58 |     0 |      0 |      0 |    0 |          0 |
|         s0_U                                           |                        bd_0_hls_inst_0_top_kernel_fifo_w512_d2_S |        171 |        171 |       0 |    0 |   648 |      0 |      0 |    0 |          0 |
|           U_top_kernel_fifo_w512_d2_S_ShiftReg         |             bd_0_hls_inst_0_top_kernel_fifo_w512_d2_S_ShiftReg_9 |        160 |        160 |       0 |    0 |   640 |      0 |      0 |    0 |          0 |
|         s0_a_U                                         |                       bd_0_hls_inst_0_top_kernel_fifo_w512_d64_S |        685 |         45 |       0 |  640 |    42 |      0 |      0 |    0 |          0 |
|           U_top_kernel_fifo_w512_d64_S_ShiftReg        |            bd_0_hls_inst_0_top_kernel_fifo_w512_d64_S_ShiftReg_8 |        640 |          0 |       0 |  640 |     0 |      0 |      0 |    0 |          0 |
|         s0_b_U                                         |                      bd_0_hls_inst_0_top_kernel_fifo_w512_d2_S_0 |        692 |        692 |       0 |    0 |   650 |      0 |      0 |    0 |          0 |
|           U_top_kernel_fifo_w512_d2_S_ShiftReg         |             bd_0_hls_inst_0_top_kernel_fifo_w512_d2_S_ShiftReg_7 |        681 |        681 |       0 |    0 |   640 |      0 |      0 |    0 |          0 |
|         s1_U                                           |                     bd_0_hls_inst_0_top_kernel_fifo_w512_d64_S_1 |        581 |         37 |       0 |  544 |    35 |      0 |      0 |    0 |          0 |
|           U_top_kernel_fifo_w512_d64_S_ShiftReg        |              bd_0_hls_inst_0_top_kernel_fifo_w512_d64_S_ShiftReg |        544 |          0 |       0 |  544 |     0 |      0 |      0 |    0 |          0 |
|         s3_U                                           |                      bd_0_hls_inst_0_top_kernel_fifo_w512_d2_S_2 |        874 |        874 |       0 |    0 |   649 |      0 |      0 |    0 |          0 |
|           U_top_kernel_fifo_w512_d2_S_ShiftReg         |             bd_0_hls_inst_0_top_kernel_fifo_w512_d2_S_ShiftReg_6 |        865 |        865 |       0 |    0 |   640 |      0 |      0 |    0 |          0 |
|         s_in_U                                         |                      bd_0_hls_inst_0_top_kernel_fifo_w512_d2_S_3 |        687 |        687 |       0 |    0 |   651 |      0 |      0 |    0 |          0 |
|           U_top_kernel_fifo_w512_d2_S_ShiftReg         |             bd_0_hls_inst_0_top_kernel_fifo_w512_d2_S_ShiftReg_5 |        673 |        673 |       0 |    0 |   640 |      0 |      0 |    0 |          0 |
|         s_out_U                                        |                      bd_0_hls_inst_0_top_kernel_fifo_w512_d2_S_4 |        145 |        145 |       0 |    0 |   550 |      0 |      0 |    0 |          0 |
|           U_top_kernel_fifo_w512_d2_S_ShiftReg         |               bd_0_hls_inst_0_top_kernel_fifo_w512_d2_S_ShiftReg |        136 |        136 |       0 |    0 |   544 |      0 |      0 |    0 |          0 |
|         s_stats_U                                      |                         bd_0_hls_inst_0_top_kernel_fifo_w28_d2_S |         20 |         20 |       0 |    0 |    62 |      0 |      0 |    0 |          0 |
|           U_top_kernel_fifo_w28_d2_S_ShiftReg          |                bd_0_hls_inst_0_top_kernel_fifo_w28_d2_S_ShiftReg |         14 |         14 |       0 |    0 |    56 |      0 |      0 |    0 |          0 |
+--------------------------------------------------------+------------------------------------------------------------------+------------+------------+---------+------+-------+--------+--------+------+------------+


