

Implementation tool: Xilinx Vivado v.2025.1.1
Project:             project_1
Solution:            hls
Device target:       xczu3eg-sbva484-1-e
Report date:         Sun Mar 08 03:39:19 EDT 2026

#=== Post-Implementation Resource usage ===
SLICE:            0
LUT:          13140
FF:           12623
DSP:             64
BRAM:            15
URAM:             0
LATCH:            0
SRL:           1726
CLB:           2614

#=== Final timing ===
CP required:                     10.000
CP achieved post-synthesis:      13.929
CP achieved post-implementation: 15.303
Timing not met
