================================================================
== Design Size Report
================================================================

* Total Instructions per Compilation Phase
+---------------+-----------------------------+--------------+----------------------------------------------------------------------------------------+
| Phase         | Step                        | Instructions | Description                                                                            |
+---------------+-----------------------------+--------------+----------------------------------------------------------------------------------------+
| Compile/Link  |                             | 6,476        | After all functions are compiled and linked into a single design                       |
|               |                             |              |                                                                                        |
| Unroll/Inline |                             |              | After user unroll and inline pragmas are applied                                       |
|               | (1) unroll                  |   661        | user unroll pragmas are applied                                                        |
|               | (2) simplification          |   341        | simplification of applied user unroll pragmas                                          |
|               | (3) inline                  |   289        | user inline pragmas are applied                                                        |
|               | (4) simplification          |   281        | simplification of applied user inline pragmas                                          |
|               |                             |              |                                                                                        |
| Array/Struct  |                             |              | After user array partition and struct aggregate/disaggregate pragmas are applied       |
|               | (1) array partition         | 1,406        | user array partition pragmas are applied                                               |
|               | (2) simplification          | 1,316        | simplification of applied user array partition & struct aggregate/disaggregate pragmas |
|               | (3) aggregate/disaggregate  | 1,319        | user struct aggregate/disaggregate pragmas are applied                                 |
|               | (4) array reshape           | 1,322        | apply array reshape pragmas                                                            |
|               | (5) access patterns         | 1,330        | array access pattern optmizations                                                      |
|               |                             |              |                                                                                        |
| Performance   |                             |              | After transformations are applied to meet performance pragma targets                   |
|               | (1) loop simplification     | 1,328        | loop and instruction simplification                                                    |
|               | (2) parallelization         | 1,328        | loops are unrolled or pipelined to meet performance targets                            |
|               | (3) array partition         | 5,920        | arrays are partitioned to meet performance targets                                     |
|               | (4) simplification          | 4,360        | simplification of design after performance transformations                             |
|               |                             |              |                                                                                        |
| HW Transforms |                             |              | After hardware transfomations                                                          |
|               | (1) lowering                | 4,364        | initial conversion to HW specific instructions                                         |
|               | (2) optimizations           | 4,304        | high level synthesis optimizations                                                     |
+---------------+-----------------------------+--------------+----------------------------------------------------------------------------------------+

* Instructions per Function for each Compilation Phase
+--------------+-------------+--------------+---------------+--------------+-------------+---------------+
| Function     | Location    | Compile/Link | Unroll/Inline | Array/Struct | Performance | HW Transforms |
+--------------+-------------+--------------+---------------+--------------+-------------+---------------+
|   top_kernel | top.cpp:200 | 6,476        | 281           | 1,330        | 4,360       | 4,304         |
+--------------+-------------+--------------+---------------+--------------+-------------+---------------+

* Design Size Message Settings
+---------------------------------------------+--------+------------------------------------------------------------------+
| Message Setting                             | Value  | Description                                                      |
+---------------------------------------------+--------+------------------------------------------------------------------+
| config_compile -design_size_maximum_warning | 100000 | Show a warning when total design instructions exceeds this value |
+---------------------------------------------+--------+------------------------------------------------------------------+


