Mon Mar  9 02:47:17 2026: Running xcd server. This server was built by gradle.
Mon Mar  9 02:47:17 2026: Server was asked to start on port: '42259'
Mon Mar  9 02:47:17 2026: Server is using token UUID: 'f44811e6-5b02-4c61-8fd0-48fc9a6c630a'
Mon Mar  9 02:47:17 2026: SESSION_MGR: creating session with session uuid: '6d04a3e9-ade5-4ab9-8d63-1f78fcd2ec76' and name 'default'
Mon Mar  9 02:47:17 2026: Attempting to start server on port '42259'
Mon Mar  9 02:47:17 2026: XCD main fifo: created main fifo '/tmp/xcdmainf44811e6-5b02-4c61-8fd0-48fc9a6c630a', fd read = 15
Mon Mar  9 02:47:17 2026: Running Dispatch Server
Mon Mar  9 02:47:17 2026: Version 2.2.0
Mon Mar  9 02:47:21 2026: Dispatch Server: Accepted socket connection from client
Mon Mar  9 02:47:21 2026: Starting Socket connection
Mon Mar  9 02:47:21 2026: EXCHANGE_TOKEN received, server token: f44811e6-5b02-4c61-8fd0-48fc9a6c630a, passed token: f44811e6-5b02-4c61-8fd0-48fc9a6c630a
Mon Mar  9 02:47:21 2026: SESSION_MGR: creating session with session uuid: '2fd3f785-ee80-4443-95a2-2f0bce04e478' and name 'vitis_hls'
Mon Mar  9 02:47:21 2026: KERNEL_SVC: creating session with uuid: '2fd3f785-ee80-4443-95a2-2f0bce04e478' and name 'vitis_hls'
Mon Mar  9 02:47:21 2026: GUIDANCE_SMGR: creating guidance session with uuid: '2fd3f785-ee80-4443-95a2-2f0bce04e478' and name 'vitis_hls'
Mon Mar  9 02:48:20 2026: Running xcd server. This server was built by gradle.
Mon Mar  9 02:48:20 2026: Server was asked to start on port: '34611'
Mon Mar  9 02:48:20 2026: Server is using token UUID: '7fecde52-b676-4cdb-a55d-71e310928461'
Mon Mar  9 02:48:20 2026: SESSION_MGR: creating session with session uuid: '6d04a3e9-ade5-4ab9-8d63-1f78fcd2ec76' and name 'default'
Mon Mar  9 02:48:20 2026: Attempting to start server on port '34611'
Mon Mar  9 02:48:20 2026: XCD main fifo: created main fifo '/tmp/xcdmain7fecde52-b676-4cdb-a55d-71e310928461', fd read = 15
Mon Mar  9 02:48:20 2026: Running Dispatch Server
Mon Mar  9 02:48:20 2026: Version 2.2.0
Mon Mar  9 02:48:22 2026: Dispatch Server: Accepted socket connection from client
Mon Mar  9 02:48:22 2026: Starting Socket connection
Mon Mar  9 02:48:22 2026: EXCHANGE_TOKEN received, server token: 7fecde52-b676-4cdb-a55d-71e310928461, passed token: 7fecde52-b676-4cdb-a55d-71e310928461
Mon Mar  9 02:48:22 2026: SESSION_MGR: creating session with session uuid: '526419b4-430d-46e9-aefd-e02be7c31442' and name 'vitis_hls'
Mon Mar  9 02:48:22 2026: KERNEL_SVC: creating session with uuid: '526419b4-430d-46e9-aefd-e02be7c31442' and name 'vitis_hls'
Mon Mar  9 02:48:22 2026: GUIDANCE_SMGR: creating guidance session with uuid: '526419b4-430d-46e9-aefd-e02be7c31442' and name 'vitis_hls'
Mon Mar  9 02:48:22 2026: STOP_SERVER received, server token: f44811e6-5b02-4c61-8fd0-48fc9a6c630a, passed token: f44811e6-5b02-4c61-8fd0-48fc9a6c630a
Mon Mar  9 02:48:22 2026: Socket received request to stop server.
Mon Mar  9 02:48:22 2026: Dispatch Server: do_await_stop
Mon Mar  9 02:48:22 2026: Dispatch Server: stopping mainFifo_
Mon Mar  9 02:48:22 2026: XCD main fifo: Stopping
Mon Mar  9 02:48:22 2026: XCD main fifo: do_read error code: Operation canceled
Mon Mar  9 02:48:22 2026: XCD main fifo: bytes_transferred: 0
Mon Mar  9 02:48:22 2026: SERVER: destructor for server bound to port 42259
Mon Mar  9 02:48:22 2026: XCD main fifo: Good unlink of /tmp/xcdmainf44811e6-5b02-4c61-8fd0-48fc9a6c630a
Mon Mar  9 02:48:22 2026: Server exiting with status 0.
Mon Mar  9 02:48:22 2026: Closing log file.
Mon Mar  9 02:50:02 2026: Running xcd server. This server was built by gradle.
Mon Mar  9 02:50:02 2026: Server was asked to start on port: '42281'
Mon Mar  9 02:50:02 2026: Server is using token UUID: 'e9f190ad-8bf7-44e5-9286-d1d26a65609a'
Mon Mar  9 02:50:02 2026: SESSION_MGR: creating session with session uuid: '6d04a3e9-ade5-4ab9-8d63-1f78fcd2ec76' and name 'default'
Mon Mar  9 02:50:02 2026: Attempting to start server on port '42281'
Mon Mar  9 02:50:02 2026: XCD main fifo: created main fifo '/tmp/xcdmaine9f190ad-8bf7-44e5-9286-d1d26a65609a', fd read = 15
Mon Mar  9 02:50:02 2026: Running Dispatch Server
Mon Mar  9 02:50:02 2026: Version 2.2.0
Mon Mar  9 02:50:06 2026: Dispatch Server: Accepted socket connection from client
Mon Mar  9 02:50:06 2026: Starting Socket connection
Mon Mar  9 02:50:06 2026: EXCHANGE_TOKEN received, server token: e9f190ad-8bf7-44e5-9286-d1d26a65609a, passed token: e9f190ad-8bf7-44e5-9286-d1d26a65609a
Mon Mar  9 02:50:06 2026: SESSION_MGR: creating session with session uuid: 'ac69f50e-e3ea-49d9-8110-4904a47c556c' and name 'vitis_hls'
Mon Mar  9 02:50:06 2026: KERNEL_SVC: creating session with uuid: 'ac69f50e-e3ea-49d9-8110-4904a47c556c' and name 'vitis_hls'
Mon Mar  9 02:50:06 2026: GUIDANCE_SMGR: creating guidance session with uuid: 'ac69f50e-e3ea-49d9-8110-4904a47c556c' and name 'vitis_hls'
Mon Mar  9 02:50:06 2026: STOP_SERVER received, server token: 7fecde52-b676-4cdb-a55d-71e310928461, passed token: 7fecde52-b676-4cdb-a55d-71e310928461
Mon Mar  9 02:50:06 2026: Socket received request to stop server.
Mon Mar  9 02:50:06 2026: Dispatch Server: do_await_stop
Mon Mar  9 02:50:06 2026: Dispatch Server: stopping mainFifo_
Mon Mar  9 02:50:06 2026: XCD main fifo: Stopping
Mon Mar  9 02:50:06 2026: XCD main fifo: do_read error code: Operation canceled
Mon Mar  9 02:50:06 2026: XCD main fifo: bytes_transferred: 0
Mon Mar  9 02:50:06 2026: SERVER: destructor for server bound to port 34611
Mon Mar  9 02:50:06 2026: XCD main fifo: Good unlink of /tmp/xcdmain7fecde52-b676-4cdb-a55d-71e310928461
Mon Mar  9 02:50:06 2026: Server exiting with status 0.
Mon Mar  9 02:50:06 2026: Closing log file.
Mon Mar  9 02:51:25 2026: Dispatch Server: Accepted socket connection from client
Mon Mar  9 02:51:25 2026: Starting Socket connection
