

================================================================
== Vitis HLS Report for 'k4_postprocess'
================================================================
* Date:           Sun Mar  8 03:19:46 2026

* Version:        2025.1.1 (Build 6214317 on Sep 11 2025)
* Project:        project_1
* Solution:       hls (Vivado IP Flow Target)
* Product family: zynquplus
* Target device:  xczu3eg-sbva484-1-e


================================================================
== Performance Estimates
================================================================
+ Timing: 
    * Summary: 
    +--------+----------+----------+------------+
    |  Clock |  Target  | Estimated| Uncertainty|
    +--------+----------+----------+------------+
    |ap_clk  |  10.00 ns|  6.464 ns|     2.70 ns|
    +--------+----------+----------+------------+

+ Latency: 
    * Summary: 
    +---------+---------+-----------+-----------+------+------+------------------------------------------------+
    |  Latency (cycles) |   Latency (absolute)  |   Interval  |                    Pipeline                    |
    |   min   |   max   |    min    |    max    |  min |  max |                      Type                      |
    +---------+---------+-----------+-----------+------+------+------------------------------------------------+
    |     4098|     4098|  40.980 us|  40.980 us|  4096|  4096|  loop auto-rewind stp (delay=0 clock cycles(s))|
    +---------+---------+-----------+-----------+------+------+------------------------------------------------+

    + Detail: 
        * Instance: 
        N/A

        * Loop: 
        +--------------------+---------+---------+----------+-----------+-----------+------+----------+
        |                    |  Latency (cycles) | Iteration|  Initiation Interval  | Trip |          |
        |      Loop Name     |   min   |   max   |  Latency |  achieved |   target  | Count| Pipelined|
        +--------------------+---------+---------+----------+-----------+-----------+------+----------+
        |- VITIS_LOOP_248_1  |     4096|     4096|         2|          1|          1|  4096|       yes|
        +--------------------+---------+---------+----------+-----------+-----------+------+----------+



================================================================
== Utilization Estimates
================================================================
* Summary: 
+-----------------+---------+-----+--------+-------+-----+
|       Name      | BRAM_18K| DSP |   FF   |  LUT  | URAM|
+-----------------+---------+-----+--------+-------+-----+
|DSP              |        -|    -|       -|      -|    -|
|Expression       |        -|    -|       0|   4176|    -|
|FIFO             |        -|    -|       -|      -|    -|
|Instance         |        -|    -|       -|      -|    -|
|Memory           |        -|    -|       -|      -|    -|
|Multiplexer      |        -|    -|       0|     54|    -|
|Register         |        -|    -|     288|      -|    -|
+-----------------+---------+-----+--------+-------+-----+
|Total            |        0|    0|     288|   4230|    0|
+-----------------+---------+-----+--------+-------+-----+
|Available        |      432|  360|  141120|  70560|    0|
+-----------------+---------+-----+--------+-------+-----+
|Utilization (%)  |        0|    0|      ~0|      5|    0|
+-----------------+---------+-----+--------+-------+-----+

+ Detail: 
    * Instance: 
    N/A

    * DSP: 
    N/A

    * Memory: 
    N/A

    * FIFO: 
    N/A

    * Expression: 
    +---------------------------------------+----------+----+---+----+------------+------------+
    |             Variable Name             | Operation| DSP| FF| LUT| Bitwidth P0| Bitwidth P1|
    +---------------------------------------+----------+----+---+----+------------+------------+
    |add_ln254_10_fu_1295_p2                |         +|   0|  0|  55|          55|          44|
    |add_ln254_12_fu_1515_p2                |         +|   0|  0|  55|          55|          44|
    |add_ln254_13_fu_849_p2                 |         +|   0|  0|  55|          55|          55|
    |add_ln254_14_fu_1735_p2                |         +|   0|  0|  55|          55|          44|
    |add_ln254_16_fu_1955_p2                |         +|   0|  0|  55|          55|          44|
    |add_ln254_17_fu_1069_p2                |         +|   0|  0|  55|          55|          55|
    |add_ln254_18_fu_2175_p2                |         +|   0|  0|  55|          55|          44|
    |add_ln254_1_fu_189_p2                  |         +|   0|  0|  55|          55|          55|
    |add_ln254_20_fu_2395_p2                |         +|   0|  0|  55|          55|          44|
    |add_ln254_21_fu_1289_p2                |         +|   0|  0|  55|          55|          55|
    |add_ln254_22_fu_2615_p2                |         +|   0|  0|  55|          55|          44|
    |add_ln254_24_fu_2835_p2                |         +|   0|  0|  55|          55|          44|
    |add_ln254_25_fu_1509_p2                |         +|   0|  0|  55|          55|          55|
    |add_ln254_26_fu_3055_p2                |         +|   0|  0|  55|          55|          44|
    |add_ln254_28_fu_3275_p2                |         +|   0|  0|  55|          55|          44|
    |add_ln254_29_fu_1729_p2                |         +|   0|  0|  55|          55|          55|
    |add_ln254_2_fu_415_p2                  |         +|   0|  0|  55|          55|          44|
    |add_ln254_30_fu_3495_p2                |         +|   0|  0|  55|          55|          44|
    |add_ln254_32_fu_1949_p2                |         +|   0|  0|  55|          55|          55|
    |add_ln254_34_fu_2169_p2                |         +|   0|  0|  55|          55|          55|
    |add_ln254_36_fu_2389_p2                |         +|   0|  0|  55|          55|          55|
    |add_ln254_38_fu_2609_p2                |         +|   0|  0|  55|          55|          55|
    |add_ln254_40_fu_2829_p2                |         +|   0|  0|  55|          55|          55|
    |add_ln254_42_fu_3049_p2                |         +|   0|  0|  55|          55|          55|
    |add_ln254_44_fu_3269_p2                |         +|   0|  0|  55|          55|          55|
    |add_ln254_46_fu_3489_p2                |         +|   0|  0|  55|          55|          55|
    |add_ln254_4_fu_635_p2                  |         +|   0|  0|  55|          55|          44|
    |add_ln254_5_fu_409_p2                  |         +|   0|  0|  55|          55|          55|
    |add_ln254_6_fu_855_p2                  |         +|   0|  0|  55|          55|          44|
    |add_ln254_8_fu_1075_p2                 |         +|   0|  0|  55|          55|          44|
    |add_ln254_9_fu_629_p2                  |         +|   0|  0|  55|          55|          55|
    |add_ln254_fu_195_p2                    |         +|   0|  0|  55|          55|          44|
    |k_fu_3675_p2                           |         +|   0|  0|  19|          12|           1|
    |z_10_fu_899_p2                         |         +|   0|  0|  27|          20|          20|
    |z_13_fu_1119_p2                        |         +|   0|  0|  27|          20|          20|
    |z_16_fu_1339_p2                        |         +|   0|  0|  27|          20|          20|
    |z_19_fu_1559_p2                        |         +|   0|  0|  27|          20|          20|
    |z_1_fu_239_p2                          |         +|   0|  0|  27|          20|          20|
    |z_22_fu_1779_p2                        |         +|   0|  0|  27|          20|          20|
    |z_25_fu_1999_p2                        |         +|   0|  0|  27|          20|          20|
    |z_28_fu_2219_p2                        |         +|   0|  0|  27|          20|          20|
    |z_31_fu_2439_p2                        |         +|   0|  0|  27|          20|          20|
    |z_34_fu_2659_p2                        |         +|   0|  0|  27|          20|          20|
    |z_37_fu_2879_p2                        |         +|   0|  0|  27|          20|          20|
    |z_40_fu_3099_p2                        |         +|   0|  0|  27|          20|          20|
    |z_43_fu_3319_p2                        |         +|   0|  0|  27|          20|          20|
    |z_46_fu_3539_p2                        |         +|   0|  0|  27|          20|          20|
    |z_4_fu_459_p2                          |         +|   0|  0|  27|          20|          20|
    |z_7_fu_679_p2                          |         +|   0|  0|  27|          20|          20|
    |and_ln254_10_fu_1389_p2                |       and|   0|  0|   2|           1|           1|
    |and_ln254_11_fu_1407_p2                |       and|   0|  0|   2|           1|           1|
    |and_ln254_12_fu_1609_p2                |       and|   0|  0|   2|           1|           1|
    |and_ln254_13_fu_1627_p2                |       and|   0|  0|   2|           1|           1|
    |and_ln254_14_fu_1829_p2                |       and|   0|  0|   2|           1|           1|
    |and_ln254_15_fu_1847_p2                |       and|   0|  0|   2|           1|           1|
    |and_ln254_16_fu_2049_p2                |       and|   0|  0|   2|           1|           1|
    |and_ln254_17_fu_2067_p2                |       and|   0|  0|   2|           1|           1|
    |and_ln254_18_fu_2269_p2                |       and|   0|  0|   2|           1|           1|
    |and_ln254_19_fu_2287_p2                |       and|   0|  0|   2|           1|           1|
    |and_ln254_1_fu_307_p2                  |       and|   0|  0|   2|           1|           1|
    |and_ln254_20_fu_2489_p2                |       and|   0|  0|   2|           1|           1|
    |and_ln254_21_fu_2507_p2                |       and|   0|  0|   2|           1|           1|
    |and_ln254_22_fu_2709_p2                |       and|   0|  0|   2|           1|           1|
    |and_ln254_23_fu_2727_p2                |       and|   0|  0|   2|           1|           1|
    |and_ln254_24_fu_2929_p2                |       and|   0|  0|   2|           1|           1|
    |and_ln254_25_fu_2947_p2                |       and|   0|  0|   2|           1|           1|
    |and_ln254_26_fu_3149_p2                |       and|   0|  0|   2|           1|           1|
    |and_ln254_27_fu_3167_p2                |       and|   0|  0|   2|           1|           1|
    |and_ln254_28_fu_3369_p2                |       and|   0|  0|   2|           1|           1|
    |and_ln254_29_fu_3387_p2                |       and|   0|  0|   2|           1|           1|
    |and_ln254_2_fu_509_p2                  |       and|   0|  0|   2|           1|           1|
    |and_ln254_30_fu_3589_p2                |       and|   0|  0|   2|           1|           1|
    |and_ln254_31_fu_3607_p2                |       and|   0|  0|   2|           1|           1|
    |and_ln254_3_fu_527_p2                  |       and|   0|  0|   2|           1|           1|
    |and_ln254_4_fu_729_p2                  |       and|   0|  0|   2|           1|           1|
    |and_ln254_5_fu_747_p2                  |       and|   0|  0|   2|           1|           1|
    |and_ln254_6_fu_949_p2                  |       and|   0|  0|   2|           1|           1|
    |and_ln254_7_fu_967_p2                  |       and|   0|  0|   2|           1|           1|
    |and_ln254_8_fu_1169_p2                 |       and|   0|  0|   2|           1|           1|
    |and_ln254_9_fu_1187_p2                 |       and|   0|  0|   2|           1|           1|
    |and_ln254_fu_289_p2                    |       and|   0|  0|   2|           1|           1|
    |ap_condition_131                       |       and|   0|  0|   2|           1|           1|
    |icmp_ln120_10_fu_2547_p2               |      icmp|   0|  0|  27|          20|          17|
    |icmp_ln120_11_fu_2767_p2               |      icmp|   0|  0|  27|          20|          17|
    |icmp_ln120_12_fu_2987_p2               |      icmp|   0|  0|  27|          20|          17|
    |icmp_ln120_13_fu_3207_p2               |      icmp|   0|  0|  27|          20|          17|
    |icmp_ln120_14_fu_3427_p2               |      icmp|   0|  0|  27|          20|          17|
    |icmp_ln120_15_fu_3647_p2               |      icmp|   0|  0|  27|          20|          17|
    |icmp_ln120_1_fu_567_p2                 |      icmp|   0|  0|  27|          20|          17|
    |icmp_ln120_2_fu_787_p2                 |      icmp|   0|  0|  27|          20|          17|
    |icmp_ln120_3_fu_1007_p2                |      icmp|   0|  0|  27|          20|          17|
    |icmp_ln120_4_fu_1227_p2                |      icmp|   0|  0|  27|          20|          17|
    |icmp_ln120_5_fu_1447_p2                |      icmp|   0|  0|  27|          20|          17|
    |icmp_ln120_6_fu_1667_p2                |      icmp|   0|  0|  27|          20|          17|
    |icmp_ln120_7_fu_1887_p2                |      icmp|   0|  0|  27|          20|          17|
    |icmp_ln120_8_fu_2107_p2                |      icmp|   0|  0|  27|          20|          17|
    |icmp_ln120_9_fu_2327_p2                |      icmp|   0|  0|  27|          20|          17|
    |icmp_ln120_fu_347_p2                   |      icmp|   0|  0|  27|          20|          17|
    |icmp_ln248_fu_3681_p2                  |      icmp|   0|  0|  19|          12|           2|
    |ap_block_pp0_stage0_01001_grp1         |        or|   0|  0|   2|           1|           1|
    |ap_block_pp0_stage0_11001              |        or|   0|  0|   2|           1|           1|
    |ap_block_state1_pp0_stage0_iter0_grp1  |        or|   0|  0|   2|           1|           1|
    |or_ln119_10_fu_2561_p2                 |        or|   0|  0|   2|           1|           1|
    |or_ln119_11_fu_2781_p2                 |        or|   0|  0|   2|           1|           1|
    |or_ln119_12_fu_3001_p2                 |        or|   0|  0|   2|           1|           1|
    |or_ln119_13_fu_3221_p2                 |        or|   0|  0|   2|           1|           1|
    |or_ln119_14_fu_3441_p2                 |        or|   0|  0|   2|           1|           1|
    |or_ln119_15_fu_3661_p2                 |        or|   0|  0|   2|           1|           1|
    |or_ln119_1_fu_581_p2                   |        or|   0|  0|   2|           1|           1|
    |or_ln119_2_fu_801_p2                   |        or|   0|  0|   2|           1|           1|
    |or_ln119_3_fu_1021_p2                  |        or|   0|  0|   2|           1|           1|
    |or_ln119_4_fu_1241_p2                  |        or|   0|  0|   2|           1|           1|
    |or_ln119_5_fu_1461_p2                  |        or|   0|  0|   2|           1|           1|
    |or_ln119_6_fu_1681_p2                  |        or|   0|  0|   2|           1|           1|
    |or_ln119_7_fu_1901_p2                  |        or|   0|  0|   2|           1|           1|
    |or_ln119_8_fu_2121_p2                  |        or|   0|  0|   2|           1|           1|
    |or_ln119_9_fu_2341_p2                  |        or|   0|  0|   2|           1|           1|
    |or_ln119_fu_361_p2                     |        or|   0|  0|   2|           1|           1|
    |or_ln254_10_fu_1383_p2                 |        or|   0|  0|   2|           1|           1|
    |or_ln254_11_fu_1421_p2                 |        or|   0|  0|   2|           1|           1|
    |or_ln254_12_fu_1603_p2                 |        or|   0|  0|   2|           1|           1|
    |or_ln254_13_fu_1641_p2                 |        or|   0|  0|   2|           1|           1|
    |or_ln254_14_fu_1823_p2                 |        or|   0|  0|   2|           1|           1|
    |or_ln254_15_fu_1861_p2                 |        or|   0|  0|   2|           1|           1|
    |or_ln254_16_fu_2043_p2                 |        or|   0|  0|   2|           1|           1|
    |or_ln254_17_fu_2081_p2                 |        or|   0|  0|   2|           1|           1|
    |or_ln254_18_fu_2263_p2                 |        or|   0|  0|   2|           1|           1|
    |or_ln254_19_fu_2301_p2                 |        or|   0|  0|   2|           1|           1|
    |or_ln254_1_fu_321_p2                   |        or|   0|  0|   2|           1|           1|
    |or_ln254_20_fu_2483_p2                 |        or|   0|  0|   2|           1|           1|
    |or_ln254_21_fu_2521_p2                 |        or|   0|  0|   2|           1|           1|
    |or_ln254_22_fu_2703_p2                 |        or|   0|  0|   2|           1|           1|
    |or_ln254_23_fu_2741_p2                 |        or|   0|  0|   2|           1|           1|
    |or_ln254_24_fu_2923_p2                 |        or|   0|  0|   2|           1|           1|
    |or_ln254_25_fu_2961_p2                 |        or|   0|  0|   2|           1|           1|
    |or_ln254_26_fu_3143_p2                 |        or|   0|  0|   2|           1|           1|
    |or_ln254_27_fu_3181_p2                 |        or|   0|  0|   2|           1|           1|
    |or_ln254_28_fu_3363_p2                 |        or|   0|  0|   2|           1|           1|
    |or_ln254_29_fu_3401_p2                 |        or|   0|  0|   2|           1|           1|
    |or_ln254_2_fu_503_p2                   |        or|   0|  0|   2|           1|           1|
    |or_ln254_30_fu_3583_p2                 |        or|   0|  0|   2|           1|           1|
    |or_ln254_31_fu_3621_p2                 |        or|   0|  0|   2|           1|           1|
    |or_ln254_32_fu_259_p2                  |        or|   0|  0|   2|           1|           1|
    |or_ln254_33_fu_295_p2                  |        or|   0|  0|   2|           1|           1|
    |or_ln254_34_fu_479_p2                  |        or|   0|  0|   2|           1|           1|
    |or_ln254_35_fu_515_p2                  |        or|   0|  0|   2|           1|           1|
    |or_ln254_36_fu_699_p2                  |        or|   0|  0|   2|           1|           1|
    |or_ln254_37_fu_735_p2                  |        or|   0|  0|   2|           1|           1|
    |or_ln254_38_fu_919_p2                  |        or|   0|  0|   2|           1|           1|
    |or_ln254_39_fu_955_p2                  |        or|   0|  0|   2|           1|           1|
    |or_ln254_3_fu_541_p2                   |        or|   0|  0|   2|           1|           1|
    |or_ln254_40_fu_1139_p2                 |        or|   0|  0|   2|           1|           1|
    |or_ln254_41_fu_1175_p2                 |        or|   0|  0|   2|           1|           1|
    |or_ln254_42_fu_1359_p2                 |        or|   0|  0|   2|           1|           1|
    |or_ln254_43_fu_1395_p2                 |        or|   0|  0|   2|           1|           1|
    |or_ln254_44_fu_1579_p2                 |        or|   0|  0|   2|           1|           1|
    |or_ln254_45_fu_1615_p2                 |        or|   0|  0|   2|           1|           1|
    |or_ln254_46_fu_1799_p2                 |        or|   0|  0|   2|           1|           1|
    |or_ln254_47_fu_1835_p2                 |        or|   0|  0|   2|           1|           1|
    |or_ln254_48_fu_2019_p2                 |        or|   0|  0|   2|           1|           1|
    |or_ln254_49_fu_2055_p2                 |        or|   0|  0|   2|           1|           1|
    |or_ln254_4_fu_723_p2                   |        or|   0|  0|   2|           1|           1|
    |or_ln254_50_fu_2239_p2                 |        or|   0|  0|   2|           1|           1|
    |or_ln254_51_fu_2275_p2                 |        or|   0|  0|   2|           1|           1|
    |or_ln254_52_fu_2459_p2                 |        or|   0|  0|   2|           1|           1|
    |or_ln254_53_fu_2495_p2                 |        or|   0|  0|   2|           1|           1|
    |or_ln254_54_fu_2679_p2                 |        or|   0|  0|   2|           1|           1|
    |or_ln254_55_fu_2715_p2                 |        or|   0|  0|   2|           1|           1|
    |or_ln254_56_fu_2899_p2                 |        or|   0|  0|   2|           1|           1|
    |or_ln254_57_fu_2935_p2                 |        or|   0|  0|   2|           1|           1|
    |or_ln254_58_fu_3119_p2                 |        or|   0|  0|   2|           1|           1|
    |or_ln254_59_fu_3155_p2                 |        or|   0|  0|   2|           1|           1|
    |or_ln254_5_fu_761_p2                   |        or|   0|  0|   2|           1|           1|
    |or_ln254_60_fu_3339_p2                 |        or|   0|  0|   2|           1|           1|
    |or_ln254_61_fu_3375_p2                 |        or|   0|  0|   2|           1|           1|
    |or_ln254_62_fu_3559_p2                 |        or|   0|  0|   2|           1|           1|
    |or_ln254_63_fu_3595_p2                 |        or|   0|  0|   2|           1|           1|
    |or_ln254_6_fu_943_p2                   |        or|   0|  0|   2|           1|           1|
    |or_ln254_7_fu_981_p2                   |        or|   0|  0|   2|           1|           1|
    |or_ln254_8_fu_1163_p2                  |        or|   0|  0|   2|           1|           1|
    |or_ln254_9_fu_1201_p2                  |        or|   0|  0|   2|           1|           1|
    |or_ln254_fu_283_p2                     |        or|   0|  0|   2|           1|           1|
    |select_ln119_10_fu_1453_p3             |    select|   0|  0|  12|           1|           1|
    |select_ln119_12_fu_1673_p3             |    select|   0|  0|  12|           1|           1|
    |select_ln119_14_fu_1893_p3             |    select|   0|  0|  12|           1|           1|
    |select_ln119_16_fu_2113_p3             |    select|   0|  0|  12|           1|           1|
    |select_ln119_18_fu_2333_p3             |    select|   0|  0|  12|           1|           1|
    |select_ln119_20_fu_2553_p3             |    select|   0|  0|  12|           1|           1|
    |select_ln119_22_fu_2773_p3             |    select|   0|  0|  12|           1|           1|
    |select_ln119_24_fu_2993_p3             |    select|   0|  0|  12|           1|           1|
    |select_ln119_26_fu_3213_p3             |    select|   0|  0|  12|           1|           1|
    |select_ln119_28_fu_3433_p3             |    select|   0|  0|  12|           1|           1|
    |select_ln119_2_fu_573_p3               |    select|   0|  0|  12|           1|           1|
    |select_ln119_30_fu_3653_p3             |    select|   0|  0|  12|           1|           1|
    |select_ln119_31_fu_3667_p3             |    select|   0|  0|  17|           1|          17|
    |select_ln119_4_fu_793_p3               |    select|   0|  0|  12|           1|           1|
    |select_ln119_6_fu_1013_p3              |    select|   0|  0|  12|           1|           1|
    |select_ln119_8_fu_1233_p3              |    select|   0|  0|  12|           1|           1|
    |select_ln119_fu_353_p3                 |    select|   0|  0|  12|           1|           1|
    |select_ln254_10_fu_1413_p3             |    select|   0|  0|  21|           1|          19|
    |select_ln254_12_fu_1633_p3             |    select|   0|  0|  21|           1|          19|
    |select_ln254_14_fu_1853_p3             |    select|   0|  0|  21|           1|          19|
    |select_ln254_16_fu_2073_p3             |    select|   0|  0|  21|           1|          19|
    |select_ln254_18_fu_2293_p3             |    select|   0|  0|  21|           1|          19|
    |select_ln254_20_fu_2513_p3             |    select|   0|  0|  21|           1|          19|
    |select_ln254_22_fu_2733_p3             |    select|   0|  0|  21|           1|          19|
    |select_ln254_24_fu_2953_p3             |    select|   0|  0|  21|           1|          19|
    |select_ln254_26_fu_3173_p3             |    select|   0|  0|  21|           1|          19|
    |select_ln254_28_fu_3393_p3             |    select|   0|  0|  21|           1|          19|
    |select_ln254_2_fu_533_p3               |    select|   0|  0|  21|           1|          19|
    |select_ln254_30_fu_3613_p3             |    select|   0|  0|  21|           1|          19|
    |select_ln254_4_fu_753_p3               |    select|   0|  0|  21|           1|          19|
    |select_ln254_6_fu_973_p3               |    select|   0|  0|  21|           1|          19|
    |select_ln254_8_fu_1193_p3              |    select|   0|  0|  21|           1|          19|
    |select_ln254_fu_313_p3                 |    select|   0|  0|  21|           1|          19|
    |v_out_10_fu_2567_p3                    |    select|   0|  0|  17|           1|          17|
    |v_out_11_fu_2787_p3                    |    select|   0|  0|  17|           1|          17|
    |v_out_12_fu_3007_p3                    |    select|   0|  0|  17|           1|          17|
    |v_out_13_fu_3227_p3                    |    select|   0|  0|  17|           1|          17|
    |v_out_14_fu_3447_p3                    |    select|   0|  0|  17|           1|          17|
    |v_out_1_fu_587_p3                      |    select|   0|  0|  17|           1|          17|
    |v_out_2_fu_807_p3                      |    select|   0|  0|  17|           1|          17|
    |v_out_3_fu_1027_p3                     |    select|   0|  0|  17|           1|          17|
    |v_out_4_fu_1247_p3                     |    select|   0|  0|  17|           1|          17|
    |v_out_5_fu_1467_p3                     |    select|   0|  0|  17|           1|          17|
    |v_out_6_fu_1687_p3                     |    select|   0|  0|  17|           1|          17|
    |v_out_7_fu_1907_p3                     |    select|   0|  0|  17|           1|          17|
    |v_out_8_fu_2127_p3                     |    select|   0|  0|  17|           1|          17|
    |v_out_9_fu_2347_p3                     |    select|   0|  0|  17|           1|          17|
    |v_out_fu_367_p3                        |    select|   0|  0|  17|           1|          17|
    |z_48_fu_327_p3                         |    select|   0|  0|  20|           1|          20|
    |z_49_fu_547_p3                         |    select|   0|  0|  20|           1|          20|
    |z_50_fu_767_p3                         |    select|   0|  0|  20|           1|          20|
    |z_51_fu_987_p3                         |    select|   0|  0|  20|           1|          20|
    |z_52_fu_1207_p3                        |    select|   0|  0|  20|           1|          20|
    |z_53_fu_1427_p3                        |    select|   0|  0|  20|           1|          20|
    |z_54_fu_1647_p3                        |    select|   0|  0|  20|           1|          20|
    |z_55_fu_1867_p3                        |    select|   0|  0|  20|           1|          20|
    |z_56_fu_2087_p3                        |    select|   0|  0|  20|           1|          20|
    |z_57_fu_2307_p3                        |    select|   0|  0|  20|           1|          20|
    |z_58_fu_2527_p3                        |    select|   0|  0|  20|           1|          20|
    |z_59_fu_2747_p3                        |    select|   0|  0|  20|           1|          20|
    |z_60_fu_2967_p3                        |    select|   0|  0|  20|           1|          20|
    |z_61_fu_3187_p3                        |    select|   0|  0|  20|           1|          20|
    |z_62_fu_3407_p3                        |    select|   0|  0|  20|           1|          20|
    |z_63_fu_3627_p3                        |    select|   0|  0|  20|           1|          20|
    |ap_enable_pp0                          |       xor|   0|  0|   2|           1|           2|
    |xor_ln254_10_fu_693_p2                 |       xor|   0|  0|   2|           1|           2|
    |xor_ln254_11_fu_705_p2                 |       xor|   0|  0|   2|           1|           2|
    |xor_ln254_12_fu_711_p2                 |       xor|   0|  0|   2|           1|           1|
    |xor_ln254_13_fu_717_p2                 |       xor|   0|  0|   2|           1|           2|
    |xor_ln254_14_fu_741_p2                 |       xor|   0|  0|   2|           1|           2|
    |xor_ln254_15_fu_913_p2                 |       xor|   0|  0|   2|           1|           2|
    |xor_ln254_16_fu_925_p2                 |       xor|   0|  0|   2|           1|           2|
    |xor_ln254_17_fu_931_p2                 |       xor|   0|  0|   2|           1|           1|
    |xor_ln254_18_fu_937_p2                 |       xor|   0|  0|   2|           1|           2|
    |xor_ln254_19_fu_961_p2                 |       xor|   0|  0|   2|           1|           2|
    |xor_ln254_1_fu_265_p2                  |       xor|   0|  0|   2|           1|           2|
    |xor_ln254_20_fu_1133_p2                |       xor|   0|  0|   2|           1|           2|
    |xor_ln254_21_fu_1145_p2                |       xor|   0|  0|   2|           1|           2|
    |xor_ln254_22_fu_1151_p2                |       xor|   0|  0|   2|           1|           1|
    |xor_ln254_23_fu_1157_p2                |       xor|   0|  0|   2|           1|           2|
    |xor_ln254_24_fu_1181_p2                |       xor|   0|  0|   2|           1|           2|
    |xor_ln254_25_fu_1353_p2                |       xor|   0|  0|   2|           1|           2|
    |xor_ln254_26_fu_1365_p2                |       xor|   0|  0|   2|           1|           2|
    |xor_ln254_27_fu_1371_p2                |       xor|   0|  0|   2|           1|           1|
    |xor_ln254_28_fu_1377_p2                |       xor|   0|  0|   2|           1|           2|
    |xor_ln254_29_fu_1401_p2                |       xor|   0|  0|   2|           1|           2|
    |xor_ln254_2_fu_271_p2                  |       xor|   0|  0|   2|           1|           1|
    |xor_ln254_30_fu_1573_p2                |       xor|   0|  0|   2|           1|           2|
    |xor_ln254_31_fu_1585_p2                |       xor|   0|  0|   2|           1|           2|
    |xor_ln254_32_fu_1591_p2                |       xor|   0|  0|   2|           1|           1|
    |xor_ln254_33_fu_1597_p2                |       xor|   0|  0|   2|           1|           2|
    |xor_ln254_34_fu_1621_p2                |       xor|   0|  0|   2|           1|           2|
    |xor_ln254_35_fu_1793_p2                |       xor|   0|  0|   2|           1|           2|
    |xor_ln254_36_fu_1805_p2                |       xor|   0|  0|   2|           1|           2|
    |xor_ln254_37_fu_1811_p2                |       xor|   0|  0|   2|           1|           1|
    |xor_ln254_38_fu_1817_p2                |       xor|   0|  0|   2|           1|           2|
    |xor_ln254_39_fu_1841_p2                |       xor|   0|  0|   2|           1|           2|
    |xor_ln254_3_fu_277_p2                  |       xor|   0|  0|   2|           1|           2|
    |xor_ln254_40_fu_2013_p2                |       xor|   0|  0|   2|           1|           2|
    |xor_ln254_41_fu_2025_p2                |       xor|   0|  0|   2|           1|           2|
    |xor_ln254_42_fu_2031_p2                |       xor|   0|  0|   2|           1|           1|
    |xor_ln254_43_fu_2037_p2                |       xor|   0|  0|   2|           1|           2|
    |xor_ln254_44_fu_2061_p2                |       xor|   0|  0|   2|           1|           2|
    |xor_ln254_45_fu_2233_p2                |       xor|   0|  0|   2|           1|           2|
    |xor_ln254_46_fu_2245_p2                |       xor|   0|  0|   2|           1|           2|
    |xor_ln254_47_fu_2251_p2                |       xor|   0|  0|   2|           1|           1|
    |xor_ln254_48_fu_2257_p2                |       xor|   0|  0|   2|           1|           2|
    |xor_ln254_49_fu_2281_p2                |       xor|   0|  0|   2|           1|           2|
    |xor_ln254_4_fu_301_p2                  |       xor|   0|  0|   2|           1|           2|
    |xor_ln254_50_fu_2453_p2                |       xor|   0|  0|   2|           1|           2|
    |xor_ln254_51_fu_2465_p2                |       xor|   0|  0|   2|           1|           2|
    |xor_ln254_52_fu_2471_p2                |       xor|   0|  0|   2|           1|           1|
    |xor_ln254_53_fu_2477_p2                |       xor|   0|  0|   2|           1|           2|
    |xor_ln254_54_fu_2501_p2                |       xor|   0|  0|   2|           1|           2|
    |xor_ln254_55_fu_2673_p2                |       xor|   0|  0|   2|           1|           2|
    |xor_ln254_56_fu_2685_p2                |       xor|   0|  0|   2|           1|           2|
    |xor_ln254_57_fu_2691_p2                |       xor|   0|  0|   2|           1|           1|
    |xor_ln254_58_fu_2697_p2                |       xor|   0|  0|   2|           1|           2|
    |xor_ln254_59_fu_2721_p2                |       xor|   0|  0|   2|           1|           2|
    |xor_ln254_5_fu_473_p2                  |       xor|   0|  0|   2|           1|           2|
    |xor_ln254_60_fu_2893_p2                |       xor|   0|  0|   2|           1|           2|
    |xor_ln254_61_fu_2905_p2                |       xor|   0|  0|   2|           1|           2|
    |xor_ln254_62_fu_2911_p2                |       xor|   0|  0|   2|           1|           1|
    |xor_ln254_63_fu_2917_p2                |       xor|   0|  0|   2|           1|           2|
    |xor_ln254_64_fu_2941_p2                |       xor|   0|  0|   2|           1|           2|
    |xor_ln254_65_fu_3113_p2                |       xor|   0|  0|   2|           1|           2|
    |xor_ln254_66_fu_3125_p2                |       xor|   0|  0|   2|           1|           2|
    |xor_ln254_67_fu_3131_p2                |       xor|   0|  0|   2|           1|           1|
    |xor_ln254_68_fu_3137_p2                |       xor|   0|  0|   2|           1|           2|
    |xor_ln254_69_fu_3161_p2                |       xor|   0|  0|   2|           1|           2|
    |xor_ln254_6_fu_485_p2                  |       xor|   0|  0|   2|           1|           2|
    |xor_ln254_70_fu_3333_p2                |       xor|   0|  0|   2|           1|           2|
    |xor_ln254_71_fu_3345_p2                |       xor|   0|  0|   2|           1|           2|
    |xor_ln254_72_fu_3351_p2                |       xor|   0|  0|   2|           1|           1|
    |xor_ln254_73_fu_3357_p2                |       xor|   0|  0|   2|           1|           2|
    |xor_ln254_74_fu_3381_p2                |       xor|   0|  0|   2|           1|           2|
    |xor_ln254_75_fu_3553_p2                |       xor|   0|  0|   2|           1|           2|
    |xor_ln254_76_fu_3565_p2                |       xor|   0|  0|   2|           1|           2|
    |xor_ln254_77_fu_3571_p2                |       xor|   0|  0|   2|           1|           1|
    |xor_ln254_78_fu_3577_p2                |       xor|   0|  0|   2|           1|           2|
    |xor_ln254_79_fu_3601_p2                |       xor|   0|  0|   2|           1|           2|
    |xor_ln254_7_fu_491_p2                  |       xor|   0|  0|   2|           1|           1|
    |xor_ln254_8_fu_497_p2                  |       xor|   0|  0|   2|           1|           2|
    |xor_ln254_9_fu_521_p2                  |       xor|   0|  0|   2|           1|           2|
    |xor_ln254_fu_253_p2                    |       xor|   0|  0|   2|           1|           2|
    +---------------------------------------+----------+----+---+----+------------+------------+
    |Total                                  |          |   0|  0|4176|        2685|        3353|
    +---------------------------------------+----------+----+---+----+------------+------------+

    * Multiplexer: 
    +----------------------------------+----+-----------+-----+-----------+
    |               Name               | LUT| Input Size| Bits| Total Bits|
    +----------------------------------+----+-----------+-----+-----------+
    |ap_done_int                       |   9|          2|    1|          2|
    |ap_loop_exit_ready_pp0_iter1_reg  |   9|          2|    1|          2|
    |ap_sig_allocacmp_k1_load          |   9|          2|   12|         24|
    |k1_fu_136                         |   9|          2|   12|         24|
    |s3_blk_n                          |   9|          2|    1|          2|
    |s_out_blk_n                       |   9|          2|    1|          2|
    +----------------------------------+----+-----------+-----+-----------+
    |Total                             |  54|         12|   28|         56|
    +----------------------------------+----+-----------+-----+-----------+

    * Register: 
    +----------------------------------+----+----+-----+-----------+
    |               Name               | FF | LUT| Bits| Const Bits|
    +----------------------------------+----+----+-----+-----------+
    |ap_CS_fsm                         |   1|   0|    1|          0|
    |ap_done_reg                       |   1|   0|    1|          0|
    |ap_enable_reg_pp0_iter1           |   1|   0|    1|          0|
    |ap_loop_exit_ready_pp0_iter1_reg  |   1|   0|    1|          0|
    |k1_fu_136                         |  12|   0|   12|          0|
    |select_ln119_31_reg_3889          |  17|   0|   17|          0|
    |v_out_10_reg_3864                 |  17|   0|   17|          0|
    |v_out_11_reg_3869                 |  17|   0|   17|          0|
    |v_out_12_reg_3874                 |  17|   0|   17|          0|
    |v_out_13_reg_3879                 |  17|   0|   17|          0|
    |v_out_14_reg_3884                 |  17|   0|   17|          0|
    |v_out_1_reg_3819                  |  17|   0|   17|          0|
    |v_out_2_reg_3824                  |  17|   0|   17|          0|
    |v_out_3_reg_3829                  |  17|   0|   17|          0|
    |v_out_4_reg_3834                  |  17|   0|   17|          0|
    |v_out_5_reg_3839                  |  17|   0|   17|          0|
    |v_out_6_reg_3844                  |  17|   0|   17|          0|
    |v_out_7_reg_3849                  |  17|   0|   17|          0|
    |v_out_8_reg_3854                  |  17|   0|   17|          0|
    |v_out_9_reg_3859                  |  17|   0|   17|          0|
    |v_out_reg_3814                    |  17|   0|   17|          0|
    +----------------------------------+----+----+-----+-----------+
    |Total                             | 288|   0|  288|          0|
    +----------------------------------+----+----+-----+-----------+



================================================================
== Interface
================================================================
* Summary: 
+----------------------+-----+-----+------------+----------------+--------------+
|       RTL Ports      | Dir | Bits|  Protocol  |  Source Object |    C Type    |
+----------------------+-----+-----+------------+----------------+--------------+
|ap_clk                |   in|    1|  ap_ctrl_hs|  k4_postprocess|  return value|
|ap_rst                |   in|    1|  ap_ctrl_hs|  k4_postprocess|  return value|
|ap_start              |   in|    1|  ap_ctrl_hs|  k4_postprocess|  return value|
|ap_done               |  out|    1|  ap_ctrl_hs|  k4_postprocess|  return value|
|ap_continue           |   in|    1|  ap_ctrl_hs|  k4_postprocess|  return value|
|ap_idle               |  out|    1|  ap_ctrl_hs|  k4_postprocess|  return value|
|ap_ready              |  out|    1|  ap_ctrl_hs|  k4_postprocess|  return value|
|s3_dout               |   in|  512|     ap_fifo|              s3|       pointer|
|s3_empty_n            |   in|    1|     ap_fifo|              s3|       pointer|
|s3_read               |  out|    1|     ap_fifo|              s3|       pointer|
|s3_num_data_valid     |   in|    3|     ap_fifo|              s3|       pointer|
|s3_fifo_cap           |   in|    3|     ap_fifo|              s3|       pointer|
|s_out_din             |  out|  512|     ap_fifo|           s_out|       pointer|
|s_out_full_n          |   in|    1|     ap_fifo|           s_out|       pointer|
|s_out_write           |  out|    1|     ap_fifo|           s_out|       pointer|
|s_out_num_data_valid  |   in|   32|     ap_fifo|           s_out|       pointer|
|s_out_fifo_cap        |   in|   32|     ap_fifo|           s_out|       pointer|
+----------------------+-----+-----+------------+----------------+--------------+

