Copyright 1986-2022 Xilinx, Inc. All Rights Reserved. Copyright 2022-2025 Advanced Micro Devices, Inc. All Rights Reserved.
---------------------------------------------------------------------------------------------------------------------------------------------
| Tool Version : Vivado v.2025.1.1 (lin64) Build 6233196 Thu Sep 11 21:27:11 MDT 2025
| Date         : Mon Mar  2 20:02:52 2026
| Host         : ece-linlabsrv01 running 64-bit Red Hat Enterprise Linux release 8.10 (Ootpa)
| Command      : report_utilization -hierarchical -hierarchical_depth 6 -file ./report/top_kernel_utilization_hierarchical_synth.rpt
| Design       : bd_0_wrapper
| Device       : xczu3eg-sbva484-1-e
| Speed File   : -1
| Design State : Synthesized
---------------------------------------------------------------------------------------------------------------------------------------------

Utilization Design Information

Table of Contents
-----------------
1. Utilization by Hierarchy

1. Utilization by Hierarchy
---------------------------

+--------------------------------------------------------+------------------------------------------------------------------+------------+------------+---------+------+------+--------+--------+------+------------+
|                        Instance                        |                              Module                              | Total LUTs | Logic LUTs | LUTRAMs | SRLs |  FFs | RAMB36 | RAMB18 | URAM | DSP Blocks |
+--------------------------------------------------------+------------------------------------------------------------------+------------+------------+---------+------+------+--------+--------+------+------------+
| bd_0_wrapper                                           |                                                            (top) |       5885 |       5405 |     132 |  348 | 6517 |      0 |      1 |    0 |          4 |
|   bd_0_i                                               |                                                             bd_0 |       5885 |       5405 |     132 |  348 | 6517 |      0 |      1 |    0 |          4 |
|     hls_inst                                           |                                                  bd_0_hls_inst_0 |       5885 |       5405 |     132 |  348 | 6517 |      0 |      1 |    0 |          4 |
|       inst                                             |                                       bd_0_hls_inst_0_top_kernel |       5885 |       5405 |     132 |  348 | 6517 |      0 |      1 |    0 |          4 |
|         store_output_U0                                |                          bd_0_hls_inst_0_top_kernel_store_output |         46 |         44 |       0 |    2 |  110 |      0 |      0 |    0 |          0 |
|           (store_output_U0)                            |                          bd_0_hls_inst_0_top_kernel_store_output |         24 |         22 |       0 |    2 |  109 |      0 |      0 |    0 |          0 |
|         control_s_axi_U                                |                         bd_0_hls_inst_0_top_kernel_control_s_axi |        162 |        162 |       0 |    0 |  181 |      0 |      0 |    0 |          0 |
|         gmem0_m_axi_U                                  |                           bd_0_hls_inst_0_top_kernel_gmem0_m_axi |        500 |        437 |       0 |   63 |  741 |      0 |      1 |    0 |          0 |
|           bus_read                                     |                      bd_0_hls_inst_0_top_kernel_gmem0_m_axi_read |        369 |        369 |       0 |    0 |  561 |      0 |      0 |    0 |          0 |
|             rreq_burst_conv                            |           bd_0_hls_inst_0_top_kernel_gmem0_m_axi_burst_converter |        291 |        291 |       0 |    0 |  459 |      0 |      0 |    0 |          0 |
|             rs_rdata                                   | bd_0_hls_inst_0_top_kernel_gmem0_m_axi_reg_slice__parameterized0 |         40 |         40 |       0 |    0 |   71 |      0 |      0 |    0 |          0 |
|           load_unit_0                                  |                      bd_0_hls_inst_0_top_kernel_gmem0_m_axi_load |        131 |         68 |       0 |   63 |  180 |      0 |      1 |    0 |          0 |
|             (load_unit_0)                              |                      bd_0_hls_inst_0_top_kernel_gmem0_m_axi_load |          1 |          1 |       0 |    0 |   66 |      0 |      0 |    0 |          0 |
|             fifo_rreq                                  |                      bd_0_hls_inst_0_top_kernel_gmem0_m_axi_fifo |         82 |         19 |       0 |   63 |   77 |      0 |      0 |    0 |          0 |
|         gmem1_m_axi_U                                  |                           bd_0_hls_inst_0_top_kernel_gmem1_m_axi |        697 |        546 |       0 |  151 |  982 |      0 |      0 |    0 |          0 |
|           bus_write                                    |                     bd_0_hls_inst_0_top_kernel_gmem1_m_axi_write |        501 |        438 |       0 |   63 |  742 |      0 |      0 |    0 |          0 |
|             wreq_burst_conv                            |           bd_0_hls_inst_0_top_kernel_gmem1_m_axi_burst_converter |        291 |        291 |       0 |    0 |  459 |      0 |      0 |    0 |          0 |
|             wreq_throttle                              |                  bd_0_hls_inst_0_top_kernel_gmem1_m_axi_throttle |        183 |        121 |       0 |   62 |  260 |      0 |      0 |    0 |          0 |
|           store_unit_0                                 |                     bd_0_hls_inst_0_top_kernel_gmem1_m_axi_store |        196 |        108 |       0 |   88 |  240 |      0 |      0 |    0 |          0 |
|             (store_unit_0)                             |                     bd_0_hls_inst_0_top_kernel_gmem1_m_axi_store |          2 |          2 |       0 |    0 |   78 |      0 |      0 |    0 |          0 |
|             fifo_wreq                                  |      bd_0_hls_inst_0_top_kernel_gmem1_m_axi_fifo__parameterized0 |         75 |         12 |       0 |   63 |   74 |      0 |      0 |    0 |          0 |
|         k1_transform_U0                                |                          bd_0_hls_inst_0_top_kernel_k1_transform |        154 |        154 |       0 |    0 |   79 |      0 |      0 |    0 |          0 |
|           (k1_transform_U0)                            |                          bd_0_hls_inst_0_top_kernel_k1_transform |         68 |         68 |       0 |    0 |   78 |      0 |      0 |    0 |          0 |
|           flow_control_loop_pipe_U                     |             bd_0_hls_inst_0_top_kernel_flow_control_loop_pipe_15 |         86 |         86 |       0 |    0 |    1 |      0 |      0 |    0 |          0 |
|         k2_stats_U0                                    |                              bd_0_hls_inst_0_top_kernel_k2_stats |       3482 |       3413 |       0 |   69 | 3749 |      0 |      0 |    0 |          0 |
|           (k2_stats_U0)                                |                              bd_0_hls_inst_0_top_kernel_k2_stats |         20 |         18 |       0 |    2 |  169 |      0 |      0 |    0 |          0 |
|           flow_control_loop_pipe_U                     |             bd_0_hls_inst_0_top_kernel_flow_control_loop_pipe_14 |        124 |        124 |       0 |    0 |    1 |      0 |      0 |    0 |          0 |
|           sdiv_50ns_35s_50_54_1_U16                    |                 bd_0_hls_inst_0_top_kernel_sdiv_50ns_35s_50_54_1 |       3338 |       3271 |       0 |   67 | 3579 |      0 |      0 |    0 |          0 |
|             (sdiv_50ns_35s_50_54_1_U16)                |                 bd_0_hls_inst_0_top_kernel_sdiv_50ns_35s_50_54_1 |        181 |        181 |       0 |    0 |   74 |      0 |      0 |    0 |          0 |
|             top_kernel_sdiv_50ns_35s_50_54_1_divider_u |         bd_0_hls_inst_0_top_kernel_sdiv_50ns_35s_50_54_1_divider |       3157 |       3090 |       0 |   67 | 3505 |      0 |      0 |    0 |          0 |
|         k3_join_norm_U0                                |                          bd_0_hls_inst_0_top_kernel_k3_join_norm |        108 |        108 |       0 |    0 |   53 |      0 |      0 |    0 |          4 |
|           (k3_join_norm_U0)                            |                          bd_0_hls_inst_0_top_kernel_k3_join_norm |          7 |          7 |       0 |    0 |   52 |      0 |      0 |    0 |          0 |
|           mul_34s_30s_64_1_1_U20                       |                    bd_0_hls_inst_0_top_kernel_mul_34s_30s_64_1_1 |         66 |         66 |       0 |    0 |    0 |      0 |      0 |    0 |          4 |
|         load_input_U0                                  |                            bd_0_hls_inst_0_top_kernel_load_input |         36 |         36 |       0 |    0 |  112 |      0 |      0 |    0 |          0 |
|           (load_input_U0)                              |                            bd_0_hls_inst_0_top_kernel_load_input |          7 |          7 |       0 |    0 |  111 |      0 |      0 |    0 |          0 |
|         out_r_c_U                                      |                         bd_0_hls_inst_0_top_kernel_fifo_w64_d8_S |         71 |          9 |       0 |   62 |    9 |      0 |      0 |    0 |          0 |
|           U_top_kernel_fifo_w64_d8_S_ShiftReg          |                bd_0_hls_inst_0_top_kernel_fifo_w64_d8_S_ShiftReg |         62 |          0 |       0 |   62 |    0 |      0 |      0 |    0 |          0 |
|         s0_a_U                                         |                       bd_0_hls_inst_0_top_kernel_fifo_w20_d160_A |        142 |         70 |      72 |    0 |   57 |      0 |      0 |    0 |          0 |
|           U_top_kernel_fifo_w20_d160_A_ram             |                 bd_0_hls_inst_0_top_kernel_fifo_w20_d160_A_ram_8 |         96 |         24 |      72 |    0 |   20 |      0 |      0 |    0 |          0 |
|         s0_b_U                                         |                       bd_0_hls_inst_0_top_kernel_fifo_w20_d2_S_0 |         79 |         79 |       0 |    0 |   46 |      0 |      0 |    0 |          0 |
|           U_top_kernel_fifo_w20_d2_S_ShiftReg          |              bd_0_hls_inst_0_top_kernel_fifo_w20_d2_S_ShiftReg_7 |         70 |         70 |       0 |    0 |   40 |      0 |      0 |    0 |          0 |
|         s1_U                                           |                     bd_0_hls_inst_0_top_kernel_fifo_w20_d160_A_1 |        124 |         64 |      60 |    0 |   54 |      0 |      0 |    0 |          0 |
|           U_top_kernel_fifo_w20_d160_A_ram             |                   bd_0_hls_inst_0_top_kernel_fifo_w20_d160_A_ram |         81 |         21 |      60 |    0 |   17 |      0 |      0 |    0 |          0 |
|         s3_U                                           |                       bd_0_hls_inst_0_top_kernel_fifo_w20_d2_S_2 |         74 |         74 |       0 |    0 |   46 |      0 |      0 |    0 |          0 |
|           U_top_kernel_fifo_w20_d2_S_ShiftReg          |              bd_0_hls_inst_0_top_kernel_fifo_w20_d2_S_ShiftReg_6 |         66 |         66 |       0 |    0 |   40 |      0 |      0 |    0 |          0 |
|         s_stats_U                                      |                         bd_0_hls_inst_0_top_kernel_fifo_w28_d2_S |         19 |         19 |       0 |    0 |   62 |      0 |      0 |    0 |          0 |
|           U_top_kernel_fifo_w28_d2_S_ShiftReg          |                bd_0_hls_inst_0_top_kernel_fifo_w28_d2_S_ShiftReg |         14 |         14 |       0 |    0 |   56 |      0 |      0 |    0 |          0 |
+--------------------------------------------------------+------------------------------------------------------------------+------------+------------+---------+------+------+--------+--------+------+------------+


