

================================================================
== Vitis HLS Report for 'top_kernel_Pipeline_VITIS_LOOP_73_9_VITIS_LOOP_74_10'
================================================================
* Date:           Mon Feb  2 22:54:53 2026

* Version:        2025.1.1 (Build 6214317 on Sep 11 2025)
* Project:        project_1
* Solution:       hls (Vivado IP Flow Target)
* Product family: zynquplus
* Target device:  xczu3eg-sbva484-1-e


================================================================
== Performance Estimates
================================================================
+ Timing: 
    * Summary: 
    +--------+----------+----------+------------+
    |  Clock |  Target  | Estimated| Uncertainty|
    +--------+----------+----------+------------+
    |ap_clk  |  10.00 ns|  7.300 ns|     2.70 ns|
    +--------+----------+----------+------------+

+ Latency: 
    * Summary: 
    +---------+---------+----------+----------+-------+-------+------------------------------------------------+
    |  Latency (cycles) |  Latency (absolute) |    Interval   |                    Pipeline                    |
    |   min   |   max   |    min   |    max   |  min  |  max  |                      Type                      |
    +---------+---------+----------+----------+-------+-------+------------------------------------------------+
    |    16387|    16387|  0.164 ms|  0.164 ms|  16385|  16385|  loop auto-rewind stp (delay=0 clock cycles(s))|
    +---------+---------+----------+----------+-------+-------+------------------------------------------------+

    + Detail: 
        * Instance: 
        N/A

        * Loop: 
        +------------------------------------+---------+---------+----------+-----------+-----------+-------+----------+
        |                                    |  Latency (cycles) | Iteration|  Initiation Interval  |  Trip |          |
        |              Loop Name             |   min   |   max   |  Latency |  achieved |   target  | Count | Pipelined|
        +------------------------------------+---------+---------+----------+-----------+-----------+-------+----------+
        |- VITIS_LOOP_73_9_VITIS_LOOP_74_10  |    16385|    16385|         3|          1|          1|  16384|       yes|
        +------------------------------------+---------+---------+----------+-----------+-----------+-------+----------+

============================================================
+ Verbose Summary: Synthesis Manager
============================================================
InlineROM: 1
ExposeGlobal: 0
============================================================
+ Verbose Summary: CDFG Model
============================================================
IsTopModel: 0
ResetActiveHigh: 1
IsCombinational: 0
IsDatapathOnly: 0
HasWiredReturn: 1
HasMFsm: 2
HasVarLatency: 1
IsPipeline: 0
IsRtlPipelined: 0
IsInstanceOverlapped: 0
IsDontTouch: 0
HasImplIP: 0
IsGatedGlobalClock: 0

+ Individual pipeline summary: 
  * Pipeline-0: initiation interval (II) = 1, depth = 3


============================================================
+ Verbose Summary: Schedule
============================================================
* Number of FSM states : 3
* Pipeline : 1
  Pipeline-0 : II = 1, D = 3, States = { 1 2 3 }
* Dataflow Pipeline: 0

* FSM state transitions: 
1 --> 2 
2 --> 3 
3 --> 

* FSM state operations: 

State 1 <SV = 0> <Delay = 4.15>
ST_1 : Operation 6 [1/1] (0.00ns)   --->   "%j = alloca i32 1" [top.cpp:74]   --->   Operation 6 'alloca' 'j' <Predicate = true> <Delay = 0.00>
ST_1 : Operation 7 [1/1] (0.00ns)   --->   "%i = alloca i32 1" [top.cpp:73]   --->   Operation 7 'alloca' 'i' <Predicate = true> <Delay = 0.00>
ST_1 : Operation 8 [1/1] (0.00ns)   --->   "%indvar_flatten6 = alloca i32 1"   --->   Operation 8 'alloca' 'indvar_flatten6' <Predicate = true> <Delay = 0.00>
ST_1 : Operation 9 [1/1] (0.00ns)   --->   "%sext_ln73_read = read i62 @_ssdm_op_Read.ap_auto.i62, i62 %sext_ln73"   --->   Operation 9 'read' 'sext_ln73_read' <Predicate = true> <Delay = 0.00>
ST_1 : Operation 10 [1/1] (0.00ns)   --->   "%sext_ln73_cast = sext i62 %sext_ln73_read"   --->   Operation 10 'sext' 'sext_ln73_cast' <Predicate = true> <Delay = 0.00>
ST_1 : Operation 11 [1/1] (0.00ns)   --->   "%specinterface_ln0 = specinterface void @_ssdm_op_SpecInterface, i32 %C, void @empty_0, i32 0, i32 0, void @empty_1, i32 0, i32 0, void @empty_4, void @empty_3, void @empty_1, i32 16, i32 16, i32 16, i32 16, void @empty_1, void @empty_1, i32 4294967295, i32 0, i32 0"   --->   Operation 11 'specinterface' 'specinterface_ln0' <Predicate = true> <Delay = 0.00>
ST_1 : Operation 12 [1/1] (0.48ns)   --->   "%store_ln0 = store i15 0, i15 %indvar_flatten6"   --->   Operation 12 'store' 'store_ln0' <Predicate = true> <Delay = 0.48>
ST_1 : Operation 13 [1/1] (0.48ns)   --->   "%store_ln73 = store i9 0, i9 %i" [top.cpp:73]   --->   Operation 13 'store' 'store_ln73' <Predicate = true> <Delay = 0.48>
ST_1 : Operation 14 [1/1] (0.48ns)   --->   "%store_ln74 = store i7 0, i7 %j" [top.cpp:74]   --->   Operation 14 'store' 'store_ln74' <Predicate = true> <Delay = 0.48>
ST_1 : Operation 15 [1/1] (0.00ns)   --->   "%br_ln0 = br void %for.inc112"   --->   Operation 15 'br' 'br_ln0' <Predicate = true> <Delay = 0.00>
ST_1 : Operation 16 [1/1] (0.00ns)   --->   "%indvar_flatten6_load = load i15 %indvar_flatten6" [top.cpp:73]   --->   Operation 16 'load' 'indvar_flatten6_load' <Predicate = true> <Delay = 0.00>
ST_1 : Operation 17 [1/1] (0.00ns)   --->   "%specbitsmap_ln0 = specbitsmap void @_ssdm_op_SpecBitsMap, i32 %C"   --->   Operation 17 'specbitsmap' 'specbitsmap_ln0' <Predicate = true> <Delay = 0.00>
ST_1 : Operation 18 [1/1] (1.00ns)   --->   "%icmp_ln73 = icmp_eq  i15 %indvar_flatten6_load, i15 16384" [top.cpp:73]   --->   Operation 18 'icmp' 'icmp_ln73' <Predicate = true> <Delay = 1.00> <CoreInst = "Cmp">   --->   Core 9 'Cmp' <Latency = 0> <II = 1> <Delay = 1.00> <FuncUnit> <Opcode : 'seteq' 'setne' 'setle' 'setge' 'setlt' 'setgt'> <InPorts = 2> <OutPorts = 1>
ST_1 : Operation 19 [1/1] (1.00ns)   --->   "%add_ln73_1 = add i15 %indvar_flatten6_load, i15 1" [top.cpp:73]   --->   Operation 19 'add' 'add_ln73_1' <Predicate = true> <Delay = 1.00> <CoreInst = "Adder">   --->   Core 1 'Adder' <Latency = 0> <II = 1> <Delay = 1.00> <FuncUnit> <Opcode : 'add' 'sub'> <InPorts = 2> <OutPorts = 1>
ST_1 : Operation 20 [1/1] (0.00ns)   --->   "%br_ln73 = br i1 %icmp_ln73, void %for.inc115, void %for.end117.exitStub" [top.cpp:73]   --->   Operation 20 'br' 'br_ln73' <Predicate = true> <Delay = 0.00>
ST_1 : Operation 21 [1/1] (0.00ns)   --->   "%j_load = load i7 %j" [top.cpp:74]   --->   Operation 21 'load' 'j_load' <Predicate = (!icmp_ln73)> <Delay = 0.00>
ST_1 : Operation 22 [1/1] (0.00ns)   --->   "%i_load = load i9 %i" [top.cpp:73]   --->   Operation 22 'load' 'i_load' <Predicate = (!icmp_ln73)> <Delay = 0.00>
ST_1 : Operation 23 [1/1] (0.92ns)   --->   "%add_ln73 = add i9 %i_load, i9 1" [top.cpp:73]   --->   Operation 23 'add' 'add_ln73' <Predicate = (!icmp_ln73)> <Delay = 0.92> <CoreInst = "Adder">   --->   Core 1 'Adder' <Latency = 0> <II = 1> <Delay = 0.92> <FuncUnit> <Opcode : 'add' 'sub'> <InPorts = 2> <OutPorts = 1>
ST_1 : Operation 24 [1/1] (0.89ns)   --->   "%icmp_ln74 = icmp_eq  i7 %j_load, i7 64" [top.cpp:74]   --->   Operation 24 'icmp' 'icmp_ln74' <Predicate = (!icmp_ln73)> <Delay = 0.89> <CoreInst = "Cmp">   --->   Core 9 'Cmp' <Latency = 0> <II = 1> <Delay = 0.89> <FuncUnit> <Opcode : 'seteq' 'setne' 'setle' 'setge' 'setlt' 'setgt'> <InPorts = 2> <OutPorts = 1>
ST_1 : Operation 25 [1/1] (0.42ns)   --->   "%select_ln73 = select i1 %icmp_ln74, i7 0, i7 %j_load" [top.cpp:73]   --->   Operation 25 'select' 'select_ln73' <Predicate = (!icmp_ln73)> <Delay = 0.42> <CoreInst = "Sel">   --->   Core 73 'Sel' <Latency = 0> <II = 1> <Delay = 0.42> <FuncUnit> <Opcode : 'select'> <InPorts = 3> <OutPorts = 1>
ST_1 : Operation 26 [1/1] (0.45ns)   --->   "%select_ln73_1 = select i1 %icmp_ln74, i9 %add_ln73, i9 %i_load" [top.cpp:73]   --->   Operation 26 'select' 'select_ln73_1' <Predicate = (!icmp_ln73)> <Delay = 0.45> <CoreInst = "Sel">   --->   Core 73 'Sel' <Latency = 0> <II = 1> <Delay = 0.45> <FuncUnit> <Opcode : 'select'> <InPorts = 3> <OutPorts = 1>
ST_1 : Operation 27 [1/1] (0.00ns)   --->   "%trunc_ln73 = trunc i9 %select_ln73_1" [top.cpp:73]   --->   Operation 27 'trunc' 'trunc_ln73' <Predicate = (!icmp_ln73)> <Delay = 0.00>
ST_1 : Operation 28 [1/1] (0.00ns)   --->   "%lshr_ln4 = partselect i4 @_ssdm_op_PartSelect.i4.i9.i32.i32, i9 %select_ln73_1, i32 4, i32 7" [top.cpp:73]   --->   Operation 28 'partselect' 'lshr_ln4' <Predicate = (!icmp_ln73)> <Delay = 0.00>
ST_1 : Operation 29 [1/1] (0.00ns)   --->   "%tmp_s = bitconcatenate i10 @_ssdm_op_BitConcatenate.i10.i4.i6, i4 %lshr_ln4, i6 0" [top.cpp:77]   --->   Operation 29 'bitconcatenate' 'tmp_s' <Predicate = (!icmp_ln73)> <Delay = 0.00>
ST_1 : Operation 30 [1/1] (0.00ns)   --->   "%zext_ln77_1 = zext i7 %select_ln73" [top.cpp:77]   --->   Operation 30 'zext' 'zext_ln77_1' <Predicate = (!icmp_ln73)> <Delay = 0.00>
ST_1 : Operation 31 [1/1] (0.93ns)   --->   "%add_ln77 = add i10 %tmp_s, i10 %zext_ln77_1" [top.cpp:77]   --->   Operation 31 'add' 'add_ln77' <Predicate = (!icmp_ln73)> <Delay = 0.93> <CoreInst = "Adder">   --->   Core 1 'Adder' <Latency = 0> <II = 1> <Delay = 0.93> <FuncUnit> <Opcode : 'add' 'sub'> <InPorts = 2> <OutPorts = 1>
ST_1 : Operation 32 [1/1] (0.00ns)   --->   "%zext_ln77_2 = zext i10 %add_ln77" [top.cpp:77]   --->   Operation 32 'zext' 'zext_ln77_2' <Predicate = (!icmp_ln73)> <Delay = 0.00>
ST_1 : Operation 33 [1/1] (0.00ns)   --->   "%C_1_addr = getelementptr i24 %C_1, i64 0, i64 %zext_ln77_2" [top.cpp:77]   --->   Operation 33 'getelementptr' 'C_1_addr' <Predicate = (!icmp_ln73)> <Delay = 0.00>
ST_1 : Operation 34 [1/1] (0.00ns)   --->   "%C_1_addr_37 = getelementptr i24 %C_1_17, i64 0, i64 %zext_ln77_2" [top.cpp:77]   --->   Operation 34 'getelementptr' 'C_1_addr_37' <Predicate = (!icmp_ln73)> <Delay = 0.00>
ST_1 : Operation 35 [1/1] (0.00ns)   --->   "%C_2_addr = getelementptr i24 %C_2, i64 0, i64 %zext_ln77_2" [top.cpp:77]   --->   Operation 35 'getelementptr' 'C_2_addr' <Predicate = (!icmp_ln73)> <Delay = 0.00>
ST_1 : Operation 36 [1/1] (0.00ns)   --->   "%C_3_addr = getelementptr i24 %C_3, i64 0, i64 %zext_ln77_2" [top.cpp:77]   --->   Operation 36 'getelementptr' 'C_3_addr' <Predicate = (!icmp_ln73)> <Delay = 0.00>
ST_1 : Operation 37 [1/1] (0.00ns)   --->   "%C_4_addr = getelementptr i24 %C_4, i64 0, i64 %zext_ln77_2" [top.cpp:77]   --->   Operation 37 'getelementptr' 'C_4_addr' <Predicate = (!icmp_ln73)> <Delay = 0.00>
ST_1 : Operation 38 [1/1] (0.00ns)   --->   "%C_5_addr = getelementptr i24 %C_5, i64 0, i64 %zext_ln77_2" [top.cpp:77]   --->   Operation 38 'getelementptr' 'C_5_addr' <Predicate = (!icmp_ln73)> <Delay = 0.00>
ST_1 : Operation 39 [1/1] (0.00ns)   --->   "%C_6_addr = getelementptr i24 %C_6, i64 0, i64 %zext_ln77_2" [top.cpp:77]   --->   Operation 39 'getelementptr' 'C_6_addr' <Predicate = (!icmp_ln73)> <Delay = 0.00>
ST_1 : Operation 40 [1/1] (0.00ns)   --->   "%C_7_addr = getelementptr i24 %C_7, i64 0, i64 %zext_ln77_2" [top.cpp:77]   --->   Operation 40 'getelementptr' 'C_7_addr' <Predicate = (!icmp_ln73)> <Delay = 0.00>
ST_1 : Operation 41 [1/1] (0.00ns)   --->   "%C_8_addr = getelementptr i24 %C_8, i64 0, i64 %zext_ln77_2" [top.cpp:77]   --->   Operation 41 'getelementptr' 'C_8_addr' <Predicate = (!icmp_ln73)> <Delay = 0.00>
ST_1 : Operation 42 [1/1] (0.00ns)   --->   "%C_9_addr = getelementptr i24 %C_9, i64 0, i64 %zext_ln77_2" [top.cpp:77]   --->   Operation 42 'getelementptr' 'C_9_addr' <Predicate = (!icmp_ln73)> <Delay = 0.00>
ST_1 : Operation 43 [1/1] (0.00ns)   --->   "%C_10_addr = getelementptr i24 %C_10, i64 0, i64 %zext_ln77_2" [top.cpp:77]   --->   Operation 43 'getelementptr' 'C_10_addr' <Predicate = (!icmp_ln73)> <Delay = 0.00>
ST_1 : Operation 44 [1/1] (0.00ns)   --->   "%C_11_addr = getelementptr i24 %C_11, i64 0, i64 %zext_ln77_2" [top.cpp:77]   --->   Operation 44 'getelementptr' 'C_11_addr' <Predicate = (!icmp_ln73)> <Delay = 0.00>
ST_1 : Operation 45 [1/1] (0.00ns)   --->   "%C_12_addr = getelementptr i24 %C_12, i64 0, i64 %zext_ln77_2" [top.cpp:77]   --->   Operation 45 'getelementptr' 'C_12_addr' <Predicate = (!icmp_ln73)> <Delay = 0.00>
ST_1 : Operation 46 [1/1] (0.00ns)   --->   "%C_13_addr = getelementptr i24 %C_13, i64 0, i64 %zext_ln77_2" [top.cpp:77]   --->   Operation 46 'getelementptr' 'C_13_addr' <Predicate = (!icmp_ln73)> <Delay = 0.00>
ST_1 : Operation 47 [1/1] (0.00ns)   --->   "%C_14_addr = getelementptr i24 %C_14, i64 0, i64 %zext_ln77_2" [top.cpp:77]   --->   Operation 47 'getelementptr' 'C_14_addr' <Predicate = (!icmp_ln73)> <Delay = 0.00>
ST_1 : Operation 48 [1/1] (0.00ns)   --->   "%C_15_addr = getelementptr i24 %C_15, i64 0, i64 %zext_ln77_2" [top.cpp:77]   --->   Operation 48 'getelementptr' 'C_15_addr' <Predicate = (!icmp_ln73)> <Delay = 0.00>
ST_1 : Operation 49 [2/2] (1.35ns)   --->   "%C_1_load = load i10 %C_1_addr" [top.cpp:77]   --->   Operation 49 'load' 'C_1_load' <Predicate = (!icmp_ln73)> <Delay = 1.35> <CoreInst = "RAM">   --->   Core 82 'RAM' <Latency = 1> <II = 1> <Delay = 1.35> <Storage> <Opcode : 'load' 'store'> <Ports = 2> <Width = 24> <Depth = 1024> <RAM>
ST_1 : Operation 50 [2/2] (1.35ns)   --->   "%C_1_load_38 = load i10 %C_1_addr_37" [top.cpp:77]   --->   Operation 50 'load' 'C_1_load_38' <Predicate = (!icmp_ln73)> <Delay = 1.35> <CoreInst = "RAM">   --->   Core 82 'RAM' <Latency = 1> <II = 1> <Delay = 1.35> <Storage> <Opcode : 'load' 'store'> <Ports = 2> <Width = 24> <Depth = 1024> <RAM>
ST_1 : Operation 51 [2/2] (1.35ns)   --->   "%C_2_load = load i10 %C_2_addr" [top.cpp:77]   --->   Operation 51 'load' 'C_2_load' <Predicate = (!icmp_ln73)> <Delay = 1.35> <CoreInst = "RAM">   --->   Core 82 'RAM' <Latency = 1> <II = 1> <Delay = 1.35> <Storage> <Opcode : 'load' 'store'> <Ports = 2> <Width = 24> <Depth = 1024> <RAM>
ST_1 : Operation 52 [2/2] (1.35ns)   --->   "%C_3_load = load i10 %C_3_addr" [top.cpp:77]   --->   Operation 52 'load' 'C_3_load' <Predicate = (!icmp_ln73)> <Delay = 1.35> <CoreInst = "RAM">   --->   Core 82 'RAM' <Latency = 1> <II = 1> <Delay = 1.35> <Storage> <Opcode : 'load' 'store'> <Ports = 2> <Width = 24> <Depth = 1024> <RAM>
ST_1 : Operation 53 [2/2] (1.35ns)   --->   "%C_4_load = load i10 %C_4_addr" [top.cpp:77]   --->   Operation 53 'load' 'C_4_load' <Predicate = (!icmp_ln73)> <Delay = 1.35> <CoreInst = "RAM">   --->   Core 82 'RAM' <Latency = 1> <II = 1> <Delay = 1.35> <Storage> <Opcode : 'load' 'store'> <Ports = 2> <Width = 24> <Depth = 1024> <RAM>
ST_1 : Operation 54 [2/2] (1.35ns)   --->   "%C_5_load = load i10 %C_5_addr" [top.cpp:77]   --->   Operation 54 'load' 'C_5_load' <Predicate = (!icmp_ln73)> <Delay = 1.35> <CoreInst = "RAM">   --->   Core 82 'RAM' <Latency = 1> <II = 1> <Delay = 1.35> <Storage> <Opcode : 'load' 'store'> <Ports = 2> <Width = 24> <Depth = 1024> <RAM>
ST_1 : Operation 55 [2/2] (1.35ns)   --->   "%C_6_load = load i10 %C_6_addr" [top.cpp:77]   --->   Operation 55 'load' 'C_6_load' <Predicate = (!icmp_ln73)> <Delay = 1.35> <CoreInst = "RAM">   --->   Core 82 'RAM' <Latency = 1> <II = 1> <Delay = 1.35> <Storage> <Opcode : 'load' 'store'> <Ports = 2> <Width = 24> <Depth = 1024> <RAM>
ST_1 : Operation 56 [2/2] (1.35ns)   --->   "%C_7_load = load i10 %C_7_addr" [top.cpp:77]   --->   Operation 56 'load' 'C_7_load' <Predicate = (!icmp_ln73)> <Delay = 1.35> <CoreInst = "RAM">   --->   Core 82 'RAM' <Latency = 1> <II = 1> <Delay = 1.35> <Storage> <Opcode : 'load' 'store'> <Ports = 2> <Width = 24> <Depth = 1024> <RAM>
ST_1 : Operation 57 [2/2] (1.35ns)   --->   "%C_8_load = load i10 %C_8_addr" [top.cpp:77]   --->   Operation 57 'load' 'C_8_load' <Predicate = (!icmp_ln73)> <Delay = 1.35> <CoreInst = "RAM">   --->   Core 82 'RAM' <Latency = 1> <II = 1> <Delay = 1.35> <Storage> <Opcode : 'load' 'store'> <Ports = 2> <Width = 24> <Depth = 1024> <RAM>
ST_1 : Operation 58 [2/2] (1.35ns)   --->   "%C_9_load = load i10 %C_9_addr" [top.cpp:77]   --->   Operation 58 'load' 'C_9_load' <Predicate = (!icmp_ln73)> <Delay = 1.35> <CoreInst = "RAM">   --->   Core 82 'RAM' <Latency = 1> <II = 1> <Delay = 1.35> <Storage> <Opcode : 'load' 'store'> <Ports = 2> <Width = 24> <Depth = 1024> <RAM>
ST_1 : Operation 59 [2/2] (1.35ns)   --->   "%C_10_load = load i10 %C_10_addr" [top.cpp:77]   --->   Operation 59 'load' 'C_10_load' <Predicate = (!icmp_ln73)> <Delay = 1.35> <CoreInst = "RAM">   --->   Core 82 'RAM' <Latency = 1> <II = 1> <Delay = 1.35> <Storage> <Opcode : 'load' 'store'> <Ports = 2> <Width = 24> <Depth = 1024> <RAM>
ST_1 : Operation 60 [2/2] (1.35ns)   --->   "%C_11_load = load i10 %C_11_addr" [top.cpp:77]   --->   Operation 60 'load' 'C_11_load' <Predicate = (!icmp_ln73)> <Delay = 1.35> <CoreInst = "RAM">   --->   Core 82 'RAM' <Latency = 1> <II = 1> <Delay = 1.35> <Storage> <Opcode : 'load' 'store'> <Ports = 2> <Width = 24> <Depth = 1024> <RAM>
ST_1 : Operation 61 [2/2] (1.35ns)   --->   "%C_12_load = load i10 %C_12_addr" [top.cpp:77]   --->   Operation 61 'load' 'C_12_load' <Predicate = (!icmp_ln73)> <Delay = 1.35> <CoreInst = "RAM">   --->   Core 82 'RAM' <Latency = 1> <II = 1> <Delay = 1.35> <Storage> <Opcode : 'load' 'store'> <Ports = 2> <Width = 24> <Depth = 1024> <RAM>
ST_1 : Operation 62 [2/2] (1.35ns)   --->   "%C_13_load = load i10 %C_13_addr" [top.cpp:77]   --->   Operation 62 'load' 'C_13_load' <Predicate = (!icmp_ln73)> <Delay = 1.35> <CoreInst = "RAM">   --->   Core 82 'RAM' <Latency = 1> <II = 1> <Delay = 1.35> <Storage> <Opcode : 'load' 'store'> <Ports = 2> <Width = 24> <Depth = 1024> <RAM>
ST_1 : Operation 63 [2/2] (1.35ns)   --->   "%C_14_load = load i10 %C_14_addr" [top.cpp:77]   --->   Operation 63 'load' 'C_14_load' <Predicate = (!icmp_ln73)> <Delay = 1.35> <CoreInst = "RAM">   --->   Core 82 'RAM' <Latency = 1> <II = 1> <Delay = 1.35> <Storage> <Opcode : 'load' 'store'> <Ports = 2> <Width = 24> <Depth = 1024> <RAM>
ST_1 : Operation 64 [2/2] (1.35ns)   --->   "%C_15_load = load i10 %C_15_addr" [top.cpp:77]   --->   Operation 64 'load' 'C_15_load' <Predicate = (!icmp_ln73)> <Delay = 1.35> <CoreInst = "RAM">   --->   Core 82 'RAM' <Latency = 1> <II = 1> <Delay = 1.35> <Storage> <Opcode : 'load' 'store'> <Ports = 2> <Width = 24> <Depth = 1024> <RAM>
ST_1 : Operation 65 [1/1] (0.89ns)   --->   "%add_ln74 = add i7 %select_ln73, i7 1" [top.cpp:74]   --->   Operation 65 'add' 'add_ln74' <Predicate = (!icmp_ln73)> <Delay = 0.89> <CoreInst = "Adder">   --->   Core 1 'Adder' <Latency = 0> <II = 1> <Delay = 0.89> <FuncUnit> <Opcode : 'add' 'sub'> <InPorts = 2> <OutPorts = 1>
ST_1 : Operation 66 [1/1] (0.48ns)   --->   "%store_ln73 = store i15 %add_ln73_1, i15 %indvar_flatten6" [top.cpp:73]   --->   Operation 66 'store' 'store_ln73' <Predicate = (!icmp_ln73)> <Delay = 0.48>
ST_1 : Operation 67 [1/1] (0.48ns)   --->   "%store_ln73 = store i9 %select_ln73_1, i9 %i" [top.cpp:73]   --->   Operation 67 'store' 'store_ln73' <Predicate = (!icmp_ln73)> <Delay = 0.48>
ST_1 : Operation 68 [1/1] (0.48ns)   --->   "%store_ln74 = store i7 %add_ln74, i7 %j" [top.cpp:74]   --->   Operation 68 'store' 'store_ln74' <Predicate = (!icmp_ln73)> <Delay = 0.48>

State 2 <SV = 1> <Delay = 1.92>
ST_2 : Operation 69 [1/2] ( I:1.35ns O:1.35ns )   --->   "%C_1_load = load i10 %C_1_addr" [top.cpp:77]   --->   Operation 69 'load' 'C_1_load' <Predicate = true> <Delay = 1.35> <CoreInst = "RAM">   --->   Core 82 'RAM' <Latency = 1> <II = 1> <Delay = 1.35> <Storage> <Opcode : 'load' 'store'> <Ports = 2> <Width = 24> <Depth = 1024> <RAM>
ST_2 : Operation 70 [1/2] ( I:1.35ns O:1.35ns )   --->   "%C_1_load_38 = load i10 %C_1_addr_37" [top.cpp:77]   --->   Operation 70 'load' 'C_1_load_38' <Predicate = true> <Delay = 1.35> <CoreInst = "RAM">   --->   Core 82 'RAM' <Latency = 1> <II = 1> <Delay = 1.35> <Storage> <Opcode : 'load' 'store'> <Ports = 2> <Width = 24> <Depth = 1024> <RAM>
ST_2 : Operation 71 [1/2] ( I:1.35ns O:1.35ns )   --->   "%C_2_load = load i10 %C_2_addr" [top.cpp:77]   --->   Operation 71 'load' 'C_2_load' <Predicate = true> <Delay = 1.35> <CoreInst = "RAM">   --->   Core 82 'RAM' <Latency = 1> <II = 1> <Delay = 1.35> <Storage> <Opcode : 'load' 'store'> <Ports = 2> <Width = 24> <Depth = 1024> <RAM>
ST_2 : Operation 72 [1/2] ( I:1.35ns O:1.35ns )   --->   "%C_3_load = load i10 %C_3_addr" [top.cpp:77]   --->   Operation 72 'load' 'C_3_load' <Predicate = true> <Delay = 1.35> <CoreInst = "RAM">   --->   Core 82 'RAM' <Latency = 1> <II = 1> <Delay = 1.35> <Storage> <Opcode : 'load' 'store'> <Ports = 2> <Width = 24> <Depth = 1024> <RAM>
ST_2 : Operation 73 [1/2] ( I:1.35ns O:1.35ns )   --->   "%C_4_load = load i10 %C_4_addr" [top.cpp:77]   --->   Operation 73 'load' 'C_4_load' <Predicate = true> <Delay = 1.35> <CoreInst = "RAM">   --->   Core 82 'RAM' <Latency = 1> <II = 1> <Delay = 1.35> <Storage> <Opcode : 'load' 'store'> <Ports = 2> <Width = 24> <Depth = 1024> <RAM>
ST_2 : Operation 74 [1/2] ( I:1.35ns O:1.35ns )   --->   "%C_5_load = load i10 %C_5_addr" [top.cpp:77]   --->   Operation 74 'load' 'C_5_load' <Predicate = true> <Delay = 1.35> <CoreInst = "RAM">   --->   Core 82 'RAM' <Latency = 1> <II = 1> <Delay = 1.35> <Storage> <Opcode : 'load' 'store'> <Ports = 2> <Width = 24> <Depth = 1024> <RAM>
ST_2 : Operation 75 [1/2] ( I:1.35ns O:1.35ns )   --->   "%C_6_load = load i10 %C_6_addr" [top.cpp:77]   --->   Operation 75 'load' 'C_6_load' <Predicate = true> <Delay = 1.35> <CoreInst = "RAM">   --->   Core 82 'RAM' <Latency = 1> <II = 1> <Delay = 1.35> <Storage> <Opcode : 'load' 'store'> <Ports = 2> <Width = 24> <Depth = 1024> <RAM>
ST_2 : Operation 76 [1/2] ( I:1.35ns O:1.35ns )   --->   "%C_7_load = load i10 %C_7_addr" [top.cpp:77]   --->   Operation 76 'load' 'C_7_load' <Predicate = true> <Delay = 1.35> <CoreInst = "RAM">   --->   Core 82 'RAM' <Latency = 1> <II = 1> <Delay = 1.35> <Storage> <Opcode : 'load' 'store'> <Ports = 2> <Width = 24> <Depth = 1024> <RAM>
ST_2 : Operation 77 [1/2] ( I:1.35ns O:1.35ns )   --->   "%C_8_load = load i10 %C_8_addr" [top.cpp:77]   --->   Operation 77 'load' 'C_8_load' <Predicate = true> <Delay = 1.35> <CoreInst = "RAM">   --->   Core 82 'RAM' <Latency = 1> <II = 1> <Delay = 1.35> <Storage> <Opcode : 'load' 'store'> <Ports = 2> <Width = 24> <Depth = 1024> <RAM>
ST_2 : Operation 78 [1/2] ( I:1.35ns O:1.35ns )   --->   "%C_9_load = load i10 %C_9_addr" [top.cpp:77]   --->   Operation 78 'load' 'C_9_load' <Predicate = true> <Delay = 1.35> <CoreInst = "RAM">   --->   Core 82 'RAM' <Latency = 1> <II = 1> <Delay = 1.35> <Storage> <Opcode : 'load' 'store'> <Ports = 2> <Width = 24> <Depth = 1024> <RAM>
ST_2 : Operation 79 [1/2] ( I:1.35ns O:1.35ns )   --->   "%C_10_load = load i10 %C_10_addr" [top.cpp:77]   --->   Operation 79 'load' 'C_10_load' <Predicate = true> <Delay = 1.35> <CoreInst = "RAM">   --->   Core 82 'RAM' <Latency = 1> <II = 1> <Delay = 1.35> <Storage> <Opcode : 'load' 'store'> <Ports = 2> <Width = 24> <Depth = 1024> <RAM>
ST_2 : Operation 80 [1/2] ( I:1.35ns O:1.35ns )   --->   "%C_11_load = load i10 %C_11_addr" [top.cpp:77]   --->   Operation 80 'load' 'C_11_load' <Predicate = true> <Delay = 1.35> <CoreInst = "RAM">   --->   Core 82 'RAM' <Latency = 1> <II = 1> <Delay = 1.35> <Storage> <Opcode : 'load' 'store'> <Ports = 2> <Width = 24> <Depth = 1024> <RAM>
ST_2 : Operation 81 [1/2] ( I:1.35ns O:1.35ns )   --->   "%C_12_load = load i10 %C_12_addr" [top.cpp:77]   --->   Operation 81 'load' 'C_12_load' <Predicate = true> <Delay = 1.35> <CoreInst = "RAM">   --->   Core 82 'RAM' <Latency = 1> <II = 1> <Delay = 1.35> <Storage> <Opcode : 'load' 'store'> <Ports = 2> <Width = 24> <Depth = 1024> <RAM>
ST_2 : Operation 82 [1/2] ( I:1.35ns O:1.35ns )   --->   "%C_13_load = load i10 %C_13_addr" [top.cpp:77]   --->   Operation 82 'load' 'C_13_load' <Predicate = true> <Delay = 1.35> <CoreInst = "RAM">   --->   Core 82 'RAM' <Latency = 1> <II = 1> <Delay = 1.35> <Storage> <Opcode : 'load' 'store'> <Ports = 2> <Width = 24> <Depth = 1024> <RAM>
ST_2 : Operation 83 [1/2] ( I:1.35ns O:1.35ns )   --->   "%C_14_load = load i10 %C_14_addr" [top.cpp:77]   --->   Operation 83 'load' 'C_14_load' <Predicate = true> <Delay = 1.35> <CoreInst = "RAM">   --->   Core 82 'RAM' <Latency = 1> <II = 1> <Delay = 1.35> <Storage> <Opcode : 'load' 'store'> <Ports = 2> <Width = 24> <Depth = 1024> <RAM>
ST_2 : Operation 84 [1/2] ( I:1.35ns O:1.35ns )   --->   "%C_15_load = load i10 %C_15_addr" [top.cpp:77]   --->   Operation 84 'load' 'C_15_load' <Predicate = true> <Delay = 1.35> <CoreInst = "RAM">   --->   Core 82 'RAM' <Latency = 1> <II = 1> <Delay = 1.35> <Storage> <Opcode : 'load' 'store'> <Ports = 2> <Width = 24> <Depth = 1024> <RAM>
ST_2 : Operation 85 [1/1] (0.57ns)   --->   "%tmp_1 = sparsemux i24 @_ssdm_op_SparseMux.ap_auto.16i24.i24.i4, i4 0, i24 %C_1_load, i4 1, i24 %C_1_load_38, i4 2, i24 %C_2_load, i4 3, i24 %C_3_load, i4 4, i24 %C_4_load, i4 5, i24 %C_5_load, i4 6, i24 %C_6_load, i4 7, i24 %C_7_load, i4 8, i24 %C_8_load, i4 9, i24 %C_9_load, i4 10, i24 %C_10_load, i4 11, i24 %C_11_load, i4 12, i24 %C_12_load, i4 13, i24 %C_13_load, i4 14, i24 %C_14_load, i4 15, i24 %C_15_load, i24 0, i4 %trunc_ln73" [top.cpp:77]   --->   Operation 85 'sparsemux' 'tmp_1' <Predicate = true> <Delay = 0.57> <CoreInst = "BinarySparseMux_DontCare">   --->   Core 149 'BinarySparseMux_DontCare' <Latency = 0> <II = 1> <Delay = 0.57> <FuncUnit> <Opcode : 'sparsemux'> <InPorts = 2> <OutPorts = 1>
ST_2 : Operation 93 [1/1] (0.48ns)   --->   "%ret_ln0 = ret"   --->   Operation 93 'ret' 'ret_ln0' <Predicate = (icmp_ln73)> <Delay = 0.48>

State 3 <SV = 2> <Delay = 7.30>
ST_3 : Operation 86 [1/1] (0.00ns)   --->   "%C_addr = getelementptr i32 %C, i64 %sext_ln73_cast" [top.cpp:73]   --->   Operation 86 'getelementptr' 'C_addr' <Predicate = true> <Delay = 0.00>
ST_3 : Operation 87 [1/1] (0.00ns)   --->   "%specloopname_ln0 = specloopname void @_ssdm_op_SpecLoopName, void @VITIS_LOOP_73_9_VITIS_LOOP_74_10_str"   --->   Operation 87 'specloopname' 'specloopname_ln0' <Predicate = true> <Delay = 0.00>
ST_3 : Operation 88 [1/1] (0.00ns)   --->   "%speclooptripcount_ln0 = speclooptripcount void @_ssdm_op_SpecLoopTripCount, i64 16384, i64 16384, i64 16384"   --->   Operation 88 'speclooptripcount' 'speclooptripcount_ln0' <Predicate = true> <Delay = 0.00>
ST_3 : Operation 89 [1/1] (0.00ns)   --->   "%specpipeline_ln76 = specpipeline void @_ssdm_op_SpecPipeline, i32 1, i32 0, i32 0, i32 0, void @empty_1" [top.cpp:76]   --->   Operation 89 'specpipeline' 'specpipeline_ln76' <Predicate = true> <Delay = 0.00>
ST_3 : Operation 90 [1/1] (0.00ns)   --->   "%zext_ln77 = zext i24 %tmp_1" [top.cpp:77]   --->   Operation 90 'zext' 'zext_ln77' <Predicate = true> <Delay = 0.00>
ST_3 : Operation 91 [1/1] (7.30ns)   --->   "%write_ln77 = write void @_ssdm_op_Write.m_axi.p1i32, i32 %C_addr, i32 %zext_ln77, i4 15" [top.cpp:77]   --->   Operation 91 'write' 'write_ln77' <Predicate = true> <Delay = 7.30> <CoreInst = "m_axi">   --->   Core 119 'm_axi' <Latency = 5> <II = 1> <Delay = 1.00> <Adapter> <Opcode : 'read' 'write' 'readreq' 'writereq' 'writeresp'>
ST_3 : Operation 92 [1/1] (0.00ns)   --->   "%br_ln74 = br void %for.inc112" [top.cpp:74]   --->   Operation 92 'br' 'br_ln74' <Predicate = true> <Delay = 0.00>


============================================================
+ Verbose Summary: Binding
============================================================
STG Binding: 
---------------- STG Properties BEGIN ----------------
- Is combinational: 0
- Is one-state seq: 0
- Is datapath-only: 0
- Is pipelined: 0
- Is top level: 0
Port [ Return ] is wired: 1; IO mode=ap_ctrl_hs:ce=0
Port [ C]:  wired=1; compound=1; hidden=0; nouse=0; global=0; static=0; extern=0; dir=1; type=4; pingpong=0; private_global=0; IO mode=m_axi:ce=0
Port [ sext_ln73]:  wired=1; compound=0; hidden=0; nouse=0; global=0; static=0; extern=0; dir=0; type=0; pingpong=0; private_global=0; IO mode=ap_none:ce=0
Port [ C_1]:  wired=1; compound=1; hidden=0; nouse=0; global=0; static=0; extern=0; dir=0; type=1; pingpong=0; private_global=0; MemPort=[13]; IO mode=ap_memory:ce=0
Port [ C_1_17]:  wired=1; compound=1; hidden=0; nouse=0; global=0; static=0; extern=0; dir=0; type=1; pingpong=0; private_global=0; MemPort=[13]; IO mode=ap_memory:ce=0
Port [ C_2]:  wired=1; compound=1; hidden=0; nouse=0; global=0; static=0; extern=0; dir=0; type=1; pingpong=0; private_global=0; MemPort=[13]; IO mode=ap_memory:ce=0
Port [ C_3]:  wired=1; compound=1; hidden=0; nouse=0; global=0; static=0; extern=0; dir=0; type=1; pingpong=0; private_global=0; MemPort=[13]; IO mode=ap_memory:ce=0
Port [ C_4]:  wired=1; compound=1; hidden=0; nouse=0; global=0; static=0; extern=0; dir=0; type=1; pingpong=0; private_global=0; MemPort=[13]; IO mode=ap_memory:ce=0
Port [ C_5]:  wired=1; compound=1; hidden=0; nouse=0; global=0; static=0; extern=0; dir=0; type=1; pingpong=0; private_global=0; MemPort=[13]; IO mode=ap_memory:ce=0
Port [ C_6]:  wired=1; compound=1; hidden=0; nouse=0; global=0; static=0; extern=0; dir=0; type=1; pingpong=0; private_global=0; MemPort=[13]; IO mode=ap_memory:ce=0
Port [ C_7]:  wired=1; compound=1; hidden=0; nouse=0; global=0; static=0; extern=0; dir=0; type=1; pingpong=0; private_global=0; MemPort=[13]; IO mode=ap_memory:ce=0
Port [ C_8]:  wired=1; compound=1; hidden=0; nouse=0; global=0; static=0; extern=0; dir=0; type=1; pingpong=0; private_global=0; MemPort=[13]; IO mode=ap_memory:ce=0
Port [ C_9]:  wired=1; compound=1; hidden=0; nouse=0; global=0; static=0; extern=0; dir=0; type=1; pingpong=0; private_global=0; MemPort=[13]; IO mode=ap_memory:ce=0
Port [ C_10]:  wired=1; compound=1; hidden=0; nouse=0; global=0; static=0; extern=0; dir=0; type=1; pingpong=0; private_global=0; MemPort=[13]; IO mode=ap_memory:ce=0
Port [ C_11]:  wired=1; compound=1; hidden=0; nouse=0; global=0; static=0; extern=0; dir=0; type=1; pingpong=0; private_global=0; MemPort=[13]; IO mode=ap_memory:ce=0
Port [ C_12]:  wired=1; compound=1; hidden=0; nouse=0; global=0; static=0; extern=0; dir=0; type=1; pingpong=0; private_global=0; MemPort=[13]; IO mode=ap_memory:ce=0
Port [ C_13]:  wired=1; compound=1; hidden=0; nouse=0; global=0; static=0; extern=0; dir=0; type=1; pingpong=0; private_global=0; MemPort=[13]; IO mode=ap_memory:ce=0
Port [ C_14]:  wired=1; compound=1; hidden=0; nouse=0; global=0; static=0; extern=0; dir=0; type=1; pingpong=0; private_global=0; MemPort=[13]; IO mode=ap_memory:ce=0
Port [ C_15]:  wired=1; compound=1; hidden=0; nouse=0; global=0; static=0; extern=0; dir=0; type=1; pingpong=0; private_global=0; MemPort=[13]; IO mode=ap_memory:ce=0
---------------- STG Properties END ------------------

---------------- Datapath Model BEGIN ----------------

<LifeTime>
<method=bitvector/>
j                     (alloca           ) [ 0100]
i                     (alloca           ) [ 0100]
indvar_flatten6       (alloca           ) [ 0100]
sext_ln73_read        (read             ) [ 0000]
sext_ln73_cast        (sext             ) [ 0111]
specinterface_ln0     (specinterface    ) [ 0000]
store_ln0             (store            ) [ 0000]
store_ln73            (store            ) [ 0000]
store_ln74            (store            ) [ 0000]
br_ln0                (br               ) [ 0000]
indvar_flatten6_load  (load             ) [ 0000]
specbitsmap_ln0       (specbitsmap      ) [ 0000]
icmp_ln73             (icmp             ) [ 0110]
add_ln73_1            (add              ) [ 0000]
br_ln73               (br               ) [ 0000]
j_load                (load             ) [ 0000]
i_load                (load             ) [ 0000]
add_ln73              (add              ) [ 0000]
icmp_ln74             (icmp             ) [ 0000]
select_ln73           (select           ) [ 0000]
select_ln73_1         (select           ) [ 0000]
trunc_ln73            (trunc            ) [ 0110]
lshr_ln4              (partselect       ) [ 0000]
tmp_s                 (bitconcatenate   ) [ 0000]
zext_ln77_1           (zext             ) [ 0000]
add_ln77              (add              ) [ 0000]
zext_ln77_2           (zext             ) [ 0000]
C_1_addr              (getelementptr    ) [ 0110]
C_1_addr_37           (getelementptr    ) [ 0110]
C_2_addr              (getelementptr    ) [ 0110]
C_3_addr              (getelementptr    ) [ 0110]
C_4_addr              (getelementptr    ) [ 0110]
C_5_addr              (getelementptr    ) [ 0110]
C_6_addr              (getelementptr    ) [ 0110]
C_7_addr              (getelementptr    ) [ 0110]
C_8_addr              (getelementptr    ) [ 0110]
C_9_addr              (getelementptr    ) [ 0110]
C_10_addr             (getelementptr    ) [ 0110]
C_11_addr             (getelementptr    ) [ 0110]
C_12_addr             (getelementptr    ) [ 0110]
C_13_addr             (getelementptr    ) [ 0110]
C_14_addr             (getelementptr    ) [ 0110]
C_15_addr             (getelementptr    ) [ 0110]
add_ln74              (add              ) [ 0000]
store_ln73            (store            ) [ 0000]
store_ln73            (store            ) [ 0000]
store_ln74            (store            ) [ 0000]
C_1_load              (load             ) [ 0000]
C_1_load_38           (load             ) [ 0000]
C_2_load              (load             ) [ 0000]
C_3_load              (load             ) [ 0000]
C_4_load              (load             ) [ 0000]
C_5_load              (load             ) [ 0000]
C_6_load              (load             ) [ 0000]
C_7_load              (load             ) [ 0000]
C_8_load              (load             ) [ 0000]
C_9_load              (load             ) [ 0000]
C_10_load             (load             ) [ 0000]
C_11_load             (load             ) [ 0000]
C_12_load             (load             ) [ 0000]
C_13_load             (load             ) [ 0000]
C_14_load             (load             ) [ 0000]
C_15_load             (load             ) [ 0000]
tmp_1                 (sparsemux        ) [ 0101]
C_addr                (getelementptr    ) [ 0000]
specloopname_ln0      (specloopname     ) [ 0000]
speclooptripcount_ln0 (speclooptripcount) [ 0000]
specpipeline_ln76     (specpipeline     ) [ 0000]
zext_ln77             (zext             ) [ 0000]
write_ln77            (write            ) [ 0000]
br_ln74               (br               ) [ 0000]
ret_ln0               (ret              ) [ 0000]
</LifeTime>

<model>

<comp_list>
<comp id="0" class="1000" name="C">
<pin_list>
<pin id="1" dir="1" index="0" bw="1" slack="0"/>
</pin_list>
<bind>
<StgValue><ssdm name="C"/><MemPortTyVec>1 </MemPortTyVec>
</StgValue>
</bind>
</comp>

<comp id="2" class="1000" name="sext_ln73">
<pin_list>
<pin id="3" dir="1" index="0" bw="1" slack="0"/>
</pin_list>
<bind>
<StgValue><ssdm name="sext_ln73"/></StgValue>
</bind>
</comp>

<comp id="4" class="1000" name="C_1">
<pin_list>
<pin id="5" dir="1" index="0" bw="1" slack="0"/>
</pin_list>
<bind>
<StgValue><ssdm name="C_1"/><MemPortTyVec>1 3 </MemPortTyVec>
</StgValue>
</bind>
</comp>

<comp id="6" class="1000" name="C_1_17">
<pin_list>
<pin id="7" dir="1" index="0" bw="1" slack="0"/>
</pin_list>
<bind>
<StgValue><ssdm name="C_1_17"/><MemPortTyVec>1 3 </MemPortTyVec>
</StgValue>
</bind>
</comp>

<comp id="8" class="1000" name="C_2">
<pin_list>
<pin id="9" dir="1" index="0" bw="1" slack="0"/>
</pin_list>
<bind>
<StgValue><ssdm name="C_2"/><MemPortTyVec>1 3 </MemPortTyVec>
</StgValue>
</bind>
</comp>

<comp id="10" class="1000" name="C_3">
<pin_list>
<pin id="11" dir="1" index="0" bw="1" slack="0"/>
</pin_list>
<bind>
<StgValue><ssdm name="C_3"/><MemPortTyVec>1 3 </MemPortTyVec>
</StgValue>
</bind>
</comp>

<comp id="12" class="1000" name="C_4">
<pin_list>
<pin id="13" dir="1" index="0" bw="1" slack="0"/>
</pin_list>
<bind>
<StgValue><ssdm name="C_4"/><MemPortTyVec>1 3 </MemPortTyVec>
</StgValue>
</bind>
</comp>

<comp id="14" class="1000" name="C_5">
<pin_list>
<pin id="15" dir="1" index="0" bw="1" slack="0"/>
</pin_list>
<bind>
<StgValue><ssdm name="C_5"/><MemPortTyVec>1 3 </MemPortTyVec>
</StgValue>
</bind>
</comp>

<comp id="16" class="1000" name="C_6">
<pin_list>
<pin id="17" dir="1" index="0" bw="1" slack="0"/>
</pin_list>
<bind>
<StgValue><ssdm name="C_6"/><MemPortTyVec>1 3 </MemPortTyVec>
</StgValue>
</bind>
</comp>

<comp id="18" class="1000" name="C_7">
<pin_list>
<pin id="19" dir="1" index="0" bw="1" slack="0"/>
</pin_list>
<bind>
<StgValue><ssdm name="C_7"/><MemPortTyVec>1 3 </MemPortTyVec>
</StgValue>
</bind>
</comp>

<comp id="20" class="1000" name="C_8">
<pin_list>
<pin id="21" dir="1" index="0" bw="1" slack="0"/>
</pin_list>
<bind>
<StgValue><ssdm name="C_8"/><MemPortTyVec>1 3 </MemPortTyVec>
</StgValue>
</bind>
</comp>

<comp id="22" class="1000" name="C_9">
<pin_list>
<pin id="23" dir="1" index="0" bw="1" slack="0"/>
</pin_list>
<bind>
<StgValue><ssdm name="C_9"/><MemPortTyVec>1 3 </MemPortTyVec>
</StgValue>
</bind>
</comp>

<comp id="24" class="1000" name="C_10">
<pin_list>
<pin id="25" dir="1" index="0" bw="1" slack="0"/>
</pin_list>
<bind>
<StgValue><ssdm name="C_10"/><MemPortTyVec>1 3 </MemPortTyVec>
</StgValue>
</bind>
</comp>

<comp id="26" class="1000" name="C_11">
<pin_list>
<pin id="27" dir="1" index="0" bw="1" slack="0"/>
</pin_list>
<bind>
<StgValue><ssdm name="C_11"/><MemPortTyVec>1 3 </MemPortTyVec>
</StgValue>
</bind>
</comp>

<comp id="28" class="1000" name="C_12">
<pin_list>
<pin id="29" dir="1" index="0" bw="1" slack="0"/>
</pin_list>
<bind>
<StgValue><ssdm name="C_12"/><MemPortTyVec>1 3 </MemPortTyVec>
</StgValue>
</bind>
</comp>

<comp id="30" class="1000" name="C_13">
<pin_list>
<pin id="31" dir="1" index="0" bw="1" slack="0"/>
</pin_list>
<bind>
<StgValue><ssdm name="C_13"/><MemPortTyVec>1 3 </MemPortTyVec>
</StgValue>
</bind>
</comp>

<comp id="32" class="1000" name="C_14">
<pin_list>
<pin id="33" dir="1" index="0" bw="1" slack="0"/>
</pin_list>
<bind>
<StgValue><ssdm name="C_14"/><MemPortTyVec>1 3 </MemPortTyVec>
</StgValue>
</bind>
</comp>

<comp id="34" class="1000" name="C_15">
<pin_list>
<pin id="35" dir="1" index="0" bw="1" slack="0"/>
</pin_list>
<bind>
<StgValue><ssdm name="C_15"/><MemPortTyVec>1 3 </MemPortTyVec>
</StgValue>
</bind>
</comp>

<comp id="36" class="1001" name="const_36">
<pin_list>
<pin id="37" dir="1" index="0" bw="1" slack="0"/>
</pin_list>
<bind>
<StgValue><ssdm name=""/></StgValue>
</bind>
</comp>

<comp id="38" class="1001" name="const_38">
<pin_list>
<pin id="39" dir="1" index="0" bw="1" slack="0"/>
</pin_list>
<bind>
<StgValue><ssdm name="_ssdm_op_Read.ap_auto.i62"/></StgValue>
</bind>
</comp>

<comp id="40" class="1001" name="const_40">
<pin_list>
<pin id="41" dir="1" index="0" bw="1" slack="2147483647"/>
</pin_list>
<bind>
<StgValue><ssdm name="_ssdm_op_SpecInterface"/></StgValue>
</bind>
</comp>

<comp id="42" class="1001" name="const_42">
<pin_list>
<pin id="43" dir="1" index="0" bw="1" slack="2147483647"/>
</pin_list>
<bind>
<StgValue><ssdm name="empty_0"/></StgValue>
</bind>
</comp>

<comp id="44" class="1001" name="const_44">
<pin_list>
<pin id="45" dir="1" index="0" bw="1" slack="2147483647"/>
</pin_list>
<bind>
<StgValue><ssdm name=""/></StgValue>
</bind>
</comp>

<comp id="46" class="1001" name="const_46">
<pin_list>
<pin id="47" dir="1" index="0" bw="1" slack="2147483647"/>
</pin_list>
<bind>
<StgValue><ssdm name="empty_1"/></StgValue>
</bind>
</comp>

<comp id="48" class="1001" name="const_48">
<pin_list>
<pin id="49" dir="1" index="0" bw="1" slack="2147483647"/>
</pin_list>
<bind>
<StgValue><ssdm name="empty_4"/></StgValue>
</bind>
</comp>

<comp id="50" class="1001" name="const_50">
<pin_list>
<pin id="51" dir="1" index="0" bw="1" slack="2147483647"/>
</pin_list>
<bind>
<StgValue><ssdm name="empty_3"/></StgValue>
</bind>
</comp>

<comp id="52" class="1001" name="const_52">
<pin_list>
<pin id="53" dir="1" index="0" bw="1" slack="2147483647"/>
</pin_list>
<bind>
<StgValue><ssdm name=""/></StgValue>
</bind>
</comp>

<comp id="54" class="1001" name="const_54">
<pin_list>
<pin id="55" dir="1" index="0" bw="1" slack="2147483647"/>
</pin_list>
<bind>
<StgValue><ssdm name=""/></StgValue>
</bind>
</comp>

<comp id="56" class="1001" name="const_56">
<pin_list>
<pin id="57" dir="1" index="0" bw="1" slack="0"/>
</pin_list>
<bind>
<StgValue><ssdm name=""/></StgValue>
</bind>
</comp>

<comp id="58" class="1001" name="const_58">
<pin_list>
<pin id="59" dir="1" index="0" bw="1" slack="0"/>
</pin_list>
<bind>
<StgValue><ssdm name=""/></StgValue>
</bind>
</comp>

<comp id="60" class="1001" name="const_60">
<pin_list>
<pin id="61" dir="1" index="0" bw="1" slack="0"/>
</pin_list>
<bind>
<StgValue><ssdm name=""/></StgValue>
</bind>
</comp>

<comp id="62" class="1001" name="const_62">
<pin_list>
<pin id="63" dir="1" index="0" bw="1" slack="2147483647"/>
</pin_list>
<bind>
<StgValue><ssdm name="_ssdm_op_SpecBitsMap"/></StgValue>
</bind>
</comp>

<comp id="64" class="1001" name="const_64">
<pin_list>
<pin id="65" dir="1" index="0" bw="1" slack="0"/>
</pin_list>
<bind>
<StgValue><ssdm name=""/></StgValue>
</bind>
</comp>

<comp id="66" class="1001" name="const_66">
<pin_list>
<pin id="67" dir="1" index="0" bw="1" slack="0"/>
</pin_list>
<bind>
<StgValue><ssdm name=""/></StgValue>
</bind>
</comp>

<comp id="68" class="1001" name="const_68">
<pin_list>
<pin id="69" dir="1" index="0" bw="1" slack="0"/>
</pin_list>
<bind>
<StgValue><ssdm name=""/></StgValue>
</bind>
</comp>

<comp id="70" class="1001" name="const_70">
<pin_list>
<pin id="71" dir="1" index="0" bw="1" slack="0"/>
</pin_list>
<bind>
<StgValue><ssdm name=""/></StgValue>
</bind>
</comp>

<comp id="72" class="1001" name="const_72">
<pin_list>
<pin id="73" dir="1" index="0" bw="1" slack="0"/>
</pin_list>
<bind>
<StgValue><ssdm name="_ssdm_op_PartSelect.i4.i9.i32.i32"/></StgValue>
</bind>
</comp>

<comp id="74" class="1001" name="const_74">
<pin_list>
<pin id="75" dir="1" index="0" bw="1" slack="0"/>
</pin_list>
<bind>
<StgValue><ssdm name=""/></StgValue>
</bind>
</comp>

<comp id="76" class="1001" name="const_76">
<pin_list>
<pin id="77" dir="1" index="0" bw="1" slack="0"/>
</pin_list>
<bind>
<StgValue><ssdm name=""/></StgValue>
</bind>
</comp>

<comp id="78" class="1001" name="const_78">
<pin_list>
<pin id="79" dir="1" index="0" bw="1" slack="0"/>
</pin_list>
<bind>
<StgValue><ssdm name="_ssdm_op_BitConcatenate.i10.i4.i6"/></StgValue>
</bind>
</comp>

<comp id="80" class="1001" name="const_80">
<pin_list>
<pin id="81" dir="1" index="0" bw="1" slack="0"/>
</pin_list>
<bind>
<StgValue><ssdm name=""/></StgValue>
</bind>
</comp>

<comp id="82" class="1001" name="const_82">
<pin_list>
<pin id="83" dir="1" index="0" bw="1" slack="0"/>
</pin_list>
<bind>
<StgValue><ssdm name=""/></StgValue>
</bind>
</comp>

<comp id="84" class="1001" name="const_84">
<pin_list>
<pin id="85" dir="1" index="0" bw="1" slack="0"/>
</pin_list>
<bind>
<StgValue><ssdm name=""/></StgValue>
</bind>
</comp>

<comp id="86" class="1001" name="const_86">
<pin_list>
<pin id="87" dir="1" index="0" bw="1" slack="0"/>
</pin_list>
<bind>
<StgValue><ssdm name="_ssdm_op_SparseMux.ap_auto.16i24.i24.i4"/></StgValue>
</bind>
</comp>

<comp id="88" class="1001" name="const_88">
<pin_list>
<pin id="89" dir="1" index="0" bw="1" slack="0"/>
</pin_list>
<bind>
<StgValue><ssdm name=""/></StgValue>
</bind>
</comp>

<comp id="90" class="1001" name="const_90">
<pin_list>
<pin id="91" dir="1" index="0" bw="1" slack="0"/>
</pin_list>
<bind>
<StgValue><ssdm name=""/></StgValue>
</bind>
</comp>

<comp id="92" class="1001" name="const_92">
<pin_list>
<pin id="93" dir="1" index="0" bw="1" slack="0"/>
</pin_list>
<bind>
<StgValue><ssdm name=""/></StgValue>
</bind>
</comp>

<comp id="94" class="1001" name="const_94">
<pin_list>
<pin id="95" dir="1" index="0" bw="1" slack="0"/>
</pin_list>
<bind>
<StgValue><ssdm name=""/></StgValue>
</bind>
</comp>

<comp id="96" class="1001" name="const_96">
<pin_list>
<pin id="97" dir="1" index="0" bw="1" slack="0"/>
</pin_list>
<bind>
<StgValue><ssdm name=""/></StgValue>
</bind>
</comp>

<comp id="98" class="1001" name="const_98">
<pin_list>
<pin id="99" dir="1" index="0" bw="1" slack="0"/>
</pin_list>
<bind>
<StgValue><ssdm name=""/></StgValue>
</bind>
</comp>

<comp id="100" class="1001" name="const_100">
<pin_list>
<pin id="101" dir="1" index="0" bw="1" slack="0"/>
</pin_list>
<bind>
<StgValue><ssdm name=""/></StgValue>
</bind>
</comp>

<comp id="102" class="1001" name="const_102">
<pin_list>
<pin id="103" dir="1" index="0" bw="1" slack="0"/>
</pin_list>
<bind>
<StgValue><ssdm name=""/></StgValue>
</bind>
</comp>

<comp id="104" class="1001" name="const_104">
<pin_list>
<pin id="105" dir="1" index="0" bw="1" slack="0"/>
</pin_list>
<bind>
<StgValue><ssdm name=""/></StgValue>
</bind>
</comp>

<comp id="106" class="1001" name="const_106">
<pin_list>
<pin id="107" dir="1" index="0" bw="1" slack="0"/>
</pin_list>
<bind>
<StgValue><ssdm name=""/></StgValue>
</bind>
</comp>

<comp id="108" class="1001" name="const_108">
<pin_list>
<pin id="109" dir="1" index="0" bw="1" slack="0"/>
</pin_list>
<bind>
<StgValue><ssdm name=""/></StgValue>
</bind>
</comp>

<comp id="110" class="1001" name="const_110">
<pin_list>
<pin id="111" dir="1" index="0" bw="1" slack="0"/>
</pin_list>
<bind>
<StgValue><ssdm name=""/></StgValue>
</bind>
</comp>

<comp id="112" class="1001" name="const_112">
<pin_list>
<pin id="113" dir="1" index="0" bw="1" slack="0"/>
</pin_list>
<bind>
<StgValue><ssdm name=""/></StgValue>
</bind>
</comp>

<comp id="114" class="1001" name="const_114">
<pin_list>
<pin id="115" dir="1" index="0" bw="1" slack="0"/>
</pin_list>
<bind>
<StgValue><ssdm name=""/></StgValue>
</bind>
</comp>

<comp id="116" class="1001" name="const_116">
<pin_list>
<pin id="117" dir="1" index="0" bw="1" slack="0"/>
</pin_list>
<bind>
<StgValue><ssdm name=""/></StgValue>
</bind>
</comp>

<comp id="118" class="1001" name="const_118">
<pin_list>
<pin id="119" dir="1" index="0" bw="1" slack="0"/>
</pin_list>
<bind>
<StgValue><ssdm name=""/></StgValue>
</bind>
</comp>

<comp id="120" class="1001" name="const_120">
<pin_list>
<pin id="121" dir="1" index="0" bw="1" slack="0"/>
</pin_list>
<bind>
<StgValue><ssdm name=""/></StgValue>
</bind>
</comp>

<comp id="122" class="1001" name="const_122">
<pin_list>
<pin id="123" dir="1" index="0" bw="1" slack="2147483647"/>
</pin_list>
<bind>
<StgValue><ssdm name="_ssdm_op_SpecLoopName"/></StgValue>
</bind>
</comp>

<comp id="124" class="1001" name="const_124">
<pin_list>
<pin id="125" dir="1" index="0" bw="1" slack="2147483647"/>
</pin_list>
<bind>
<StgValue><ssdm name="VITIS_LOOP_73_9_VITIS_LOOP_74_10_str"/></StgValue>
</bind>
</comp>

<comp id="126" class="1001" name="const_126">
<pin_list>
<pin id="127" dir="1" index="0" bw="1" slack="2147483647"/>
</pin_list>
<bind>
<StgValue><ssdm name="_ssdm_op_SpecLoopTripCount"/></StgValue>
</bind>
</comp>

<comp id="128" class="1001" name="const_128">
<pin_list>
<pin id="129" dir="1" index="0" bw="1" slack="2147483647"/>
</pin_list>
<bind>
<StgValue><ssdm name=""/></StgValue>
</bind>
</comp>

<comp id="130" class="1001" name="const_130">
<pin_list>
<pin id="131" dir="1" index="0" bw="1" slack="2147483647"/>
</pin_list>
<bind>
<StgValue><ssdm name="_ssdm_op_SpecPipeline"/></StgValue>
</bind>
</comp>

<comp id="132" class="1001" name="const_132">
<pin_list>
<pin id="133" dir="1" index="0" bw="1" slack="0"/>
</pin_list>
<bind>
<StgValue><ssdm name="_ssdm_op_Write.m_axi.p1i32"/></StgValue>
</bind>
</comp>

<comp id="134" class="1004" name="j_fu_134">
<pin_list>
<pin id="135" dir="0" index="0" bw="1" slack="0"/>
<pin id="136" dir="1" index="1" bw="7" slack="0"/>
</pin_list>
<bind>
<opcode="alloca(26) " fcode="alloca"/>
<opset="j/1 "/>
</bind>
</comp>

<comp id="138" class="1004" name="i_fu_138">
<pin_list>
<pin id="139" dir="0" index="0" bw="1" slack="0"/>
<pin id="140" dir="1" index="1" bw="9" slack="0"/>
</pin_list>
<bind>
<opcode="alloca(26) " fcode="alloca"/>
<opset="i/1 "/>
</bind>
</comp>

<comp id="142" class="1004" name="indvar_flatten6_fu_142">
<pin_list>
<pin id="143" dir="0" index="0" bw="1" slack="0"/>
<pin id="144" dir="1" index="1" bw="15" slack="0"/>
</pin_list>
<bind>
<opcode="alloca(26) " fcode="alloca"/>
<opset="indvar_flatten6/1 "/>
</bind>
</comp>

<comp id="146" class="1004" name="sext_ln73_read_read_fu_146">
<pin_list>
<pin id="147" dir="0" index="0" bw="62" slack="0"/>
<pin id="148" dir="0" index="1" bw="62" slack="0"/>
<pin id="149" dir="1" index="2" bw="62" slack="0"/>
</pin_list>
<bind>
<opcode="read(1150) " fcode="read"/>
<opset="sext_ln73_read/1 "/>
</bind>
</comp>

<comp id="152" class="1004" name="C_1_addr_gep_fu_152">
<pin_list>
<pin id="153" dir="0" index="0" bw="24" slack="0"/>
<pin id="154" dir="0" index="1" bw="1" slack="0"/>
<pin id="155" dir="0" index="2" bw="10" slack="0"/>
<pin id="156" dir="1" index="3" bw="10" slack="0"/>
</pin_list>
<bind>
<opcode="getelementptr(29) " fcode="getelementptr"/>
<opset="C_1_addr/1 "/>
</bind>
</comp>

<comp id="159" class="1004" name="C_1_addr_37_gep_fu_159">
<pin_list>
<pin id="160" dir="0" index="0" bw="24" slack="0"/>
<pin id="161" dir="0" index="1" bw="1" slack="0"/>
<pin id="162" dir="0" index="2" bw="10" slack="0"/>
<pin id="163" dir="1" index="3" bw="10" slack="0"/>
</pin_list>
<bind>
<opcode="getelementptr(29) " fcode="getelementptr"/>
<opset="C_1_addr_37/1 "/>
</bind>
</comp>

<comp id="166" class="1004" name="C_2_addr_gep_fu_166">
<pin_list>
<pin id="167" dir="0" index="0" bw="24" slack="0"/>
<pin id="168" dir="0" index="1" bw="1" slack="0"/>
<pin id="169" dir="0" index="2" bw="10" slack="0"/>
<pin id="170" dir="1" index="3" bw="10" slack="0"/>
</pin_list>
<bind>
<opcode="getelementptr(29) " fcode="getelementptr"/>
<opset="C_2_addr/1 "/>
</bind>
</comp>

<comp id="173" class="1004" name="C_3_addr_gep_fu_173">
<pin_list>
<pin id="174" dir="0" index="0" bw="24" slack="0"/>
<pin id="175" dir="0" index="1" bw="1" slack="0"/>
<pin id="176" dir="0" index="2" bw="10" slack="0"/>
<pin id="177" dir="1" index="3" bw="10" slack="0"/>
</pin_list>
<bind>
<opcode="getelementptr(29) " fcode="getelementptr"/>
<opset="C_3_addr/1 "/>
</bind>
</comp>

<comp id="180" class="1004" name="C_4_addr_gep_fu_180">
<pin_list>
<pin id="181" dir="0" index="0" bw="24" slack="0"/>
<pin id="182" dir="0" index="1" bw="1" slack="0"/>
<pin id="183" dir="0" index="2" bw="10" slack="0"/>
<pin id="184" dir="1" index="3" bw="10" slack="0"/>
</pin_list>
<bind>
<opcode="getelementptr(29) " fcode="getelementptr"/>
<opset="C_4_addr/1 "/>
</bind>
</comp>

<comp id="187" class="1004" name="C_5_addr_gep_fu_187">
<pin_list>
<pin id="188" dir="0" index="0" bw="24" slack="0"/>
<pin id="189" dir="0" index="1" bw="1" slack="0"/>
<pin id="190" dir="0" index="2" bw="10" slack="0"/>
<pin id="191" dir="1" index="3" bw="10" slack="0"/>
</pin_list>
<bind>
<opcode="getelementptr(29) " fcode="getelementptr"/>
<opset="C_5_addr/1 "/>
</bind>
</comp>

<comp id="194" class="1004" name="C_6_addr_gep_fu_194">
<pin_list>
<pin id="195" dir="0" index="0" bw="24" slack="0"/>
<pin id="196" dir="0" index="1" bw="1" slack="0"/>
<pin id="197" dir="0" index="2" bw="10" slack="0"/>
<pin id="198" dir="1" index="3" bw="10" slack="0"/>
</pin_list>
<bind>
<opcode="getelementptr(29) " fcode="getelementptr"/>
<opset="C_6_addr/1 "/>
</bind>
</comp>

<comp id="201" class="1004" name="C_7_addr_gep_fu_201">
<pin_list>
<pin id="202" dir="0" index="0" bw="24" slack="0"/>
<pin id="203" dir="0" index="1" bw="1" slack="0"/>
<pin id="204" dir="0" index="2" bw="10" slack="0"/>
<pin id="205" dir="1" index="3" bw="10" slack="0"/>
</pin_list>
<bind>
<opcode="getelementptr(29) " fcode="getelementptr"/>
<opset="C_7_addr/1 "/>
</bind>
</comp>

<comp id="208" class="1004" name="C_8_addr_gep_fu_208">
<pin_list>
<pin id="209" dir="0" index="0" bw="24" slack="0"/>
<pin id="210" dir="0" index="1" bw="1" slack="0"/>
<pin id="211" dir="0" index="2" bw="10" slack="0"/>
<pin id="212" dir="1" index="3" bw="10" slack="0"/>
</pin_list>
<bind>
<opcode="getelementptr(29) " fcode="getelementptr"/>
<opset="C_8_addr/1 "/>
</bind>
</comp>

<comp id="215" class="1004" name="C_9_addr_gep_fu_215">
<pin_list>
<pin id="216" dir="0" index="0" bw="24" slack="0"/>
<pin id="217" dir="0" index="1" bw="1" slack="0"/>
<pin id="218" dir="0" index="2" bw="10" slack="0"/>
<pin id="219" dir="1" index="3" bw="10" slack="0"/>
</pin_list>
<bind>
<opcode="getelementptr(29) " fcode="getelementptr"/>
<opset="C_9_addr/1 "/>
</bind>
</comp>

<comp id="222" class="1004" name="C_10_addr_gep_fu_222">
<pin_list>
<pin id="223" dir="0" index="0" bw="24" slack="0"/>
<pin id="224" dir="0" index="1" bw="1" slack="0"/>
<pin id="225" dir="0" index="2" bw="10" slack="0"/>
<pin id="226" dir="1" index="3" bw="10" slack="0"/>
</pin_list>
<bind>
<opcode="getelementptr(29) " fcode="getelementptr"/>
<opset="C_10_addr/1 "/>
</bind>
</comp>

<comp id="229" class="1004" name="C_11_addr_gep_fu_229">
<pin_list>
<pin id="230" dir="0" index="0" bw="24" slack="0"/>
<pin id="231" dir="0" index="1" bw="1" slack="0"/>
<pin id="232" dir="0" index="2" bw="10" slack="0"/>
<pin id="233" dir="1" index="3" bw="10" slack="0"/>
</pin_list>
<bind>
<opcode="getelementptr(29) " fcode="getelementptr"/>
<opset="C_11_addr/1 "/>
</bind>
</comp>

<comp id="236" class="1004" name="C_12_addr_gep_fu_236">
<pin_list>
<pin id="237" dir="0" index="0" bw="24" slack="0"/>
<pin id="238" dir="0" index="1" bw="1" slack="0"/>
<pin id="239" dir="0" index="2" bw="10" slack="0"/>
<pin id="240" dir="1" index="3" bw="10" slack="0"/>
</pin_list>
<bind>
<opcode="getelementptr(29) " fcode="getelementptr"/>
<opset="C_12_addr/1 "/>
</bind>
</comp>

<comp id="243" class="1004" name="C_13_addr_gep_fu_243">
<pin_list>
<pin id="244" dir="0" index="0" bw="24" slack="0"/>
<pin id="245" dir="0" index="1" bw="1" slack="0"/>
<pin id="246" dir="0" index="2" bw="10" slack="0"/>
<pin id="247" dir="1" index="3" bw="10" slack="0"/>
</pin_list>
<bind>
<opcode="getelementptr(29) " fcode="getelementptr"/>
<opset="C_13_addr/1 "/>
</bind>
</comp>

<comp id="250" class="1004" name="C_14_addr_gep_fu_250">
<pin_list>
<pin id="251" dir="0" index="0" bw="24" slack="0"/>
<pin id="252" dir="0" index="1" bw="1" slack="0"/>
<pin id="253" dir="0" index="2" bw="10" slack="0"/>
<pin id="254" dir="1" index="3" bw="10" slack="0"/>
</pin_list>
<bind>
<opcode="getelementptr(29) " fcode="getelementptr"/>
<opset="C_14_addr/1 "/>
</bind>
</comp>

<comp id="257" class="1004" name="C_15_addr_gep_fu_257">
<pin_list>
<pin id="258" dir="0" index="0" bw="24" slack="0"/>
<pin id="259" dir="0" index="1" bw="1" slack="0"/>
<pin id="260" dir="0" index="2" bw="10" slack="0"/>
<pin id="261" dir="1" index="3" bw="10" slack="0"/>
</pin_list>
<bind>
<opcode="getelementptr(29) " fcode="getelementptr"/>
<opset="C_15_addr/1 "/>
</bind>
</comp>

<comp id="264" class="1004" name="grp_access_fu_264">
<pin_list>
<pin id="265" dir="0" index="0" bw="10" slack="0"/>
<pin id="266" dir="0" index="1" bw="24" slack="2147483647"/>
<pin id="267" dir="0" index="2" bw="0" slack="2147483647"/>
<pin id="268" dir="1" index="3" bw="24" slack="0"/>
</pin_list>
<bind>
<opcode="load(27) " fcode="load"/>
<opset="C_1_load/1 "/>
</bind>
</comp>

<comp id="270" class="1004" name="grp_access_fu_270">
<pin_list>
<pin id="271" dir="0" index="0" bw="10" slack="0"/>
<pin id="272" dir="0" index="1" bw="24" slack="2147483647"/>
<pin id="273" dir="0" index="2" bw="0" slack="2147483647"/>
<pin id="274" dir="1" index="3" bw="24" slack="0"/>
</pin_list>
<bind>
<opcode="load(27) " fcode="load"/>
<opset="C_1_load_38/1 "/>
</bind>
</comp>

<comp id="276" class="1004" name="grp_access_fu_276">
<pin_list>
<pin id="277" dir="0" index="0" bw="10" slack="0"/>
<pin id="278" dir="0" index="1" bw="24" slack="2147483647"/>
<pin id="279" dir="0" index="2" bw="0" slack="2147483647"/>
<pin id="280" dir="1" index="3" bw="24" slack="0"/>
</pin_list>
<bind>
<opcode="load(27) " fcode="load"/>
<opset="C_2_load/1 "/>
</bind>
</comp>

<comp id="282" class="1004" name="grp_access_fu_282">
<pin_list>
<pin id="283" dir="0" index="0" bw="10" slack="0"/>
<pin id="284" dir="0" index="1" bw="24" slack="2147483647"/>
<pin id="285" dir="0" index="2" bw="0" slack="2147483647"/>
<pin id="286" dir="1" index="3" bw="24" slack="0"/>
</pin_list>
<bind>
<opcode="load(27) " fcode="load"/>
<opset="C_3_load/1 "/>
</bind>
</comp>

<comp id="288" class="1004" name="grp_access_fu_288">
<pin_list>
<pin id="289" dir="0" index="0" bw="10" slack="0"/>
<pin id="290" dir="0" index="1" bw="24" slack="2147483647"/>
<pin id="291" dir="0" index="2" bw="0" slack="2147483647"/>
<pin id="292" dir="1" index="3" bw="24" slack="0"/>
</pin_list>
<bind>
<opcode="load(27) " fcode="load"/>
<opset="C_4_load/1 "/>
</bind>
</comp>

<comp id="294" class="1004" name="grp_access_fu_294">
<pin_list>
<pin id="295" dir="0" index="0" bw="10" slack="0"/>
<pin id="296" dir="0" index="1" bw="24" slack="2147483647"/>
<pin id="297" dir="0" index="2" bw="0" slack="2147483647"/>
<pin id="298" dir="1" index="3" bw="24" slack="0"/>
</pin_list>
<bind>
<opcode="load(27) " fcode="load"/>
<opset="C_5_load/1 "/>
</bind>
</comp>

<comp id="300" class="1004" name="grp_access_fu_300">
<pin_list>
<pin id="301" dir="0" index="0" bw="10" slack="0"/>
<pin id="302" dir="0" index="1" bw="24" slack="2147483647"/>
<pin id="303" dir="0" index="2" bw="0" slack="2147483647"/>
<pin id="304" dir="1" index="3" bw="24" slack="0"/>
</pin_list>
<bind>
<opcode="load(27) " fcode="load"/>
<opset="C_6_load/1 "/>
</bind>
</comp>

<comp id="306" class="1004" name="grp_access_fu_306">
<pin_list>
<pin id="307" dir="0" index="0" bw="10" slack="0"/>
<pin id="308" dir="0" index="1" bw="24" slack="2147483647"/>
<pin id="309" dir="0" index="2" bw="0" slack="2147483647"/>
<pin id="310" dir="1" index="3" bw="24" slack="0"/>
</pin_list>
<bind>
<opcode="load(27) " fcode="load"/>
<opset="C_7_load/1 "/>
</bind>
</comp>

<comp id="312" class="1004" name="grp_access_fu_312">
<pin_list>
<pin id="313" dir="0" index="0" bw="10" slack="0"/>
<pin id="314" dir="0" index="1" bw="24" slack="2147483647"/>
<pin id="315" dir="0" index="2" bw="0" slack="2147483647"/>
<pin id="316" dir="1" index="3" bw="24" slack="0"/>
</pin_list>
<bind>
<opcode="load(27) " fcode="load"/>
<opset="C_8_load/1 "/>
</bind>
</comp>

<comp id="318" class="1004" name="grp_access_fu_318">
<pin_list>
<pin id="319" dir="0" index="0" bw="10" slack="0"/>
<pin id="320" dir="0" index="1" bw="24" slack="2147483647"/>
<pin id="321" dir="0" index="2" bw="0" slack="2147483647"/>
<pin id="322" dir="1" index="3" bw="24" slack="0"/>
</pin_list>
<bind>
<opcode="load(27) " fcode="load"/>
<opset="C_9_load/1 "/>
</bind>
</comp>

<comp id="324" class="1004" name="grp_access_fu_324">
<pin_list>
<pin id="325" dir="0" index="0" bw="10" slack="0"/>
<pin id="326" dir="0" index="1" bw="24" slack="2147483647"/>
<pin id="327" dir="0" index="2" bw="0" slack="2147483647"/>
<pin id="328" dir="1" index="3" bw="24" slack="0"/>
</pin_list>
<bind>
<opcode="load(27) " fcode="load"/>
<opset="C_10_load/1 "/>
</bind>
</comp>

<comp id="330" class="1004" name="grp_access_fu_330">
<pin_list>
<pin id="331" dir="0" index="0" bw="10" slack="0"/>
<pin id="332" dir="0" index="1" bw="24" slack="2147483647"/>
<pin id="333" dir="0" index="2" bw="0" slack="2147483647"/>
<pin id="334" dir="1" index="3" bw="24" slack="0"/>
</pin_list>
<bind>
<opcode="load(27) " fcode="load"/>
<opset="C_11_load/1 "/>
</bind>
</comp>

<comp id="336" class="1004" name="grp_access_fu_336">
<pin_list>
<pin id="337" dir="0" index="0" bw="10" slack="0"/>
<pin id="338" dir="0" index="1" bw="24" slack="2147483647"/>
<pin id="339" dir="0" index="2" bw="0" slack="2147483647"/>
<pin id="340" dir="1" index="3" bw="24" slack="0"/>
</pin_list>
<bind>
<opcode="load(27) " fcode="load"/>
<opset="C_12_load/1 "/>
</bind>
</comp>

<comp id="342" class="1004" name="grp_access_fu_342">
<pin_list>
<pin id="343" dir="0" index="0" bw="10" slack="0"/>
<pin id="344" dir="0" index="1" bw="24" slack="2147483647"/>
<pin id="345" dir="0" index="2" bw="0" slack="2147483647"/>
<pin id="346" dir="1" index="3" bw="24" slack="0"/>
</pin_list>
<bind>
<opcode="load(27) " fcode="load"/>
<opset="C_13_load/1 "/>
</bind>
</comp>

<comp id="348" class="1004" name="grp_access_fu_348">
<pin_list>
<pin id="349" dir="0" index="0" bw="10" slack="0"/>
<pin id="350" dir="0" index="1" bw="24" slack="2147483647"/>
<pin id="351" dir="0" index="2" bw="0" slack="2147483647"/>
<pin id="352" dir="1" index="3" bw="24" slack="0"/>
</pin_list>
<bind>
<opcode="load(27) " fcode="load"/>
<opset="C_14_load/1 "/>
</bind>
</comp>

<comp id="354" class="1004" name="grp_access_fu_354">
<pin_list>
<pin id="355" dir="0" index="0" bw="10" slack="0"/>
<pin id="356" dir="0" index="1" bw="24" slack="2147483647"/>
<pin id="357" dir="0" index="2" bw="0" slack="2147483647"/>
<pin id="358" dir="1" index="3" bw="24" slack="0"/>
</pin_list>
<bind>
<opcode="load(27) " fcode="load"/>
<opset="C_15_load/1 "/>
</bind>
</comp>

<comp id="360" class="1004" name="write_ln77_write_fu_360">
<pin_list>
<pin id="361" dir="0" index="0" bw="0" slack="0"/>
<pin id="362" dir="0" index="1" bw="32" slack="0"/>
<pin id="363" dir="0" index="2" bw="24" slack="0"/>
<pin id="364" dir="0" index="3" bw="1" slack="0"/>
<pin id="365" dir="1" index="4" bw="0" slack="2147483647"/>
</pin_list>
<bind>
<opcode="write(1151) " fcode="write"/>
<opset="write_ln77/3 "/>
</bind>
</comp>

<comp id="368" class="1004" name="sext_ln73_cast_fu_368">
<pin_list>
<pin id="369" dir="0" index="0" bw="62" slack="0"/>
<pin id="370" dir="1" index="1" bw="64" slack="2"/>
</pin_list>
<bind>
<opcode="sext(35) " fcode="sext"/>
<opset="sext_ln73_cast/1 "/>
</bind>
</comp>

<comp id="372" class="1004" name="store_ln0_store_fu_372">
<pin_list>
<pin id="373" dir="0" index="0" bw="1" slack="0"/>
<pin id="374" dir="0" index="1" bw="15" slack="0"/>
<pin id="375" dir="1" index="2" bw="0" slack="2147483647"/>
</pin_list>
<bind>
<opcode="store(28) " fcode="store"/>
<opset="store_ln0/1 "/>
</bind>
</comp>

<comp id="377" class="1004" name="store_ln73_store_fu_377">
<pin_list>
<pin id="378" dir="0" index="0" bw="1" slack="0"/>
<pin id="379" dir="0" index="1" bw="9" slack="0"/>
<pin id="380" dir="1" index="2" bw="0" slack="2147483647"/>
</pin_list>
<bind>
<opcode="store(28) " fcode="store"/>
<opset="store_ln73/1 "/>
</bind>
</comp>

<comp id="382" class="1004" name="store_ln74_store_fu_382">
<pin_list>
<pin id="383" dir="0" index="0" bw="1" slack="0"/>
<pin id="384" dir="0" index="1" bw="7" slack="0"/>
<pin id="385" dir="1" index="2" bw="0" slack="2147483647"/>
</pin_list>
<bind>
<opcode="store(28) " fcode="store"/>
<opset="store_ln74/1 "/>
</bind>
</comp>

<comp id="387" class="1004" name="indvar_flatten6_load_load_fu_387">
<pin_list>
<pin id="388" dir="0" index="0" bw="15" slack="0"/>
<pin id="389" dir="1" index="1" bw="15" slack="0"/>
</pin_list>
<bind>
<opcode="load(27) " fcode="load"/>
<opset="indvar_flatten6_load/1 "/>
</bind>
</comp>

<comp id="390" class="1004" name="icmp_ln73_fu_390">
<pin_list>
<pin id="391" dir="0" index="0" bw="15" slack="0"/>
<pin id="392" dir="0" index="1" bw="15" slack="0"/>
<pin id="393" dir="1" index="2" bw="1" slack="1"/>
</pin_list>
<bind>
<opcode="icmp(45) " fcode="icmp"/>
<opset="icmp_ln73/1 "/>
</bind>
</comp>

<comp id="396" class="1004" name="add_ln73_1_fu_396">
<pin_list>
<pin id="397" dir="0" index="0" bw="15" slack="0"/>
<pin id="398" dir="0" index="1" bw="1" slack="0"/>
<pin id="399" dir="1" index="2" bw="15" slack="0"/>
</pin_list>
<bind>
<opcode="add(8) " fcode="add"/>
<opset="add_ln73_1/1 "/>
</bind>
</comp>

<comp id="402" class="1004" name="j_load_load_fu_402">
<pin_list>
<pin id="403" dir="0" index="0" bw="7" slack="0"/>
<pin id="404" dir="1" index="1" bw="7" slack="0"/>
</pin_list>
<bind>
<opcode="load(27) " fcode="load"/>
<opset="j_load/1 "/>
</bind>
</comp>

<comp id="405" class="1004" name="i_load_load_fu_405">
<pin_list>
<pin id="406" dir="0" index="0" bw="9" slack="0"/>
<pin id="407" dir="1" index="1" bw="9" slack="0"/>
</pin_list>
<bind>
<opcode="load(27) " fcode="load"/>
<opset="i_load/1 "/>
</bind>
</comp>

<comp id="408" class="1004" name="add_ln73_fu_408">
<pin_list>
<pin id="409" dir="0" index="0" bw="9" slack="0"/>
<pin id="410" dir="0" index="1" bw="1" slack="0"/>
<pin id="411" dir="1" index="2" bw="9" slack="0"/>
</pin_list>
<bind>
<opcode="add(8) " fcode="add"/>
<opset="add_ln73/1 "/>
</bind>
</comp>

<comp id="414" class="1004" name="icmp_ln74_fu_414">
<pin_list>
<pin id="415" dir="0" index="0" bw="7" slack="0"/>
<pin id="416" dir="0" index="1" bw="7" slack="0"/>
<pin id="417" dir="1" index="2" bw="1" slack="0"/>
</pin_list>
<bind>
<opcode="icmp(45) " fcode="icmp"/>
<opset="icmp_ln74/1 "/>
</bind>
</comp>

<comp id="420" class="1004" name="select_ln73_fu_420">
<pin_list>
<pin id="421" dir="0" index="0" bw="1" slack="0"/>
<pin id="422" dir="0" index="1" bw="1" slack="0"/>
<pin id="423" dir="0" index="2" bw="7" slack="0"/>
<pin id="424" dir="1" index="3" bw="7" slack="0"/>
</pin_list>
<bind>
<opcode="select(49) " fcode="select"/>
<opset="select_ln73/1 "/>
</bind>
</comp>

<comp id="428" class="1004" name="select_ln73_1_fu_428">
<pin_list>
<pin id="429" dir="0" index="0" bw="1" slack="0"/>
<pin id="430" dir="0" index="1" bw="9" slack="0"/>
<pin id="431" dir="0" index="2" bw="9" slack="0"/>
<pin id="432" dir="1" index="3" bw="9" slack="0"/>
</pin_list>
<bind>
<opcode="select(49) " fcode="select"/>
<opset="select_ln73_1/1 "/>
</bind>
</comp>

<comp id="436" class="1004" name="trunc_ln73_fu_436">
<pin_list>
<pin id="437" dir="0" index="0" bw="9" slack="0"/>
<pin id="438" dir="1" index="1" bw="4" slack="1"/>
</pin_list>
<bind>
<opcode="trunc(33) " fcode="trunc"/>
<opset="trunc_ln73/1 "/>
</bind>
</comp>

<comp id="440" class="1004" name="lshr_ln4_fu_440">
<pin_list>
<pin id="441" dir="0" index="0" bw="4" slack="0"/>
<pin id="442" dir="0" index="1" bw="9" slack="0"/>
<pin id="443" dir="0" index="2" bw="4" slack="0"/>
<pin id="444" dir="0" index="3" bw="4" slack="0"/>
<pin id="445" dir="1" index="4" bw="4" slack="0"/>
</pin_list>
<bind>
<opcode="partselect(1002) " fcode="partselect"/>
<opset="lshr_ln4/1 "/>
</bind>
</comp>

<comp id="450" class="1004" name="tmp_s_fu_450">
<pin_list>
<pin id="451" dir="0" index="0" bw="10" slack="0"/>
<pin id="452" dir="0" index="1" bw="4" slack="0"/>
<pin id="453" dir="0" index="2" bw="1" slack="0"/>
<pin id="454" dir="1" index="3" bw="10" slack="0"/>
</pin_list>
<bind>
<opcode="bitconcatenate(1004) " fcode="bitconcatenate"/>
<opset="tmp_s/1 "/>
</bind>
</comp>

<comp id="458" class="1004" name="zext_ln77_1_fu_458">
<pin_list>
<pin id="459" dir="0" index="0" bw="7" slack="0"/>
<pin id="460" dir="1" index="1" bw="10" slack="0"/>
</pin_list>
<bind>
<opcode="zext(34) " fcode="zext"/>
<opset="zext_ln77_1/1 "/>
</bind>
</comp>

<comp id="462" class="1004" name="add_ln77_fu_462">
<pin_list>
<pin id="463" dir="0" index="0" bw="10" slack="0"/>
<pin id="464" dir="0" index="1" bw="7" slack="0"/>
<pin id="465" dir="1" index="2" bw="10" slack="0"/>
</pin_list>
<bind>
<opcode="add(8) " fcode="add"/>
<opset="add_ln77/1 "/>
</bind>
</comp>

<comp id="468" class="1004" name="zext_ln77_2_fu_468">
<pin_list>
<pin id="469" dir="0" index="0" bw="10" slack="0"/>
<pin id="470" dir="1" index="1" bw="64" slack="0"/>
</pin_list>
<bind>
<opcode="zext(34) " fcode="zext"/>
<opset="zext_ln77_2/1 "/>
</bind>
</comp>

<comp id="488" class="1004" name="add_ln74_fu_488">
<pin_list>
<pin id="489" dir="0" index="0" bw="7" slack="0"/>
<pin id="490" dir="0" index="1" bw="1" slack="0"/>
<pin id="491" dir="1" index="2" bw="7" slack="0"/>
</pin_list>
<bind>
<opcode="add(8) " fcode="add"/>
<opset="add_ln74/1 "/>
</bind>
</comp>

<comp id="494" class="1004" name="store_ln73_store_fu_494">
<pin_list>
<pin id="495" dir="0" index="0" bw="15" slack="0"/>
<pin id="496" dir="0" index="1" bw="15" slack="0"/>
<pin id="497" dir="1" index="2" bw="0" slack="2147483647"/>
</pin_list>
<bind>
<opcode="store(28) " fcode="store"/>
<opset="store_ln73/1 "/>
</bind>
</comp>

<comp id="499" class="1004" name="store_ln73_store_fu_499">
<pin_list>
<pin id="500" dir="0" index="0" bw="9" slack="0"/>
<pin id="501" dir="0" index="1" bw="9" slack="0"/>
<pin id="502" dir="1" index="2" bw="0" slack="2147483647"/>
</pin_list>
<bind>
<opcode="store(28) " fcode="store"/>
<opset="store_ln73/1 "/>
</bind>
</comp>

<comp id="504" class="1004" name="store_ln74_store_fu_504">
<pin_list>
<pin id="505" dir="0" index="0" bw="7" slack="0"/>
<pin id="506" dir="0" index="1" bw="7" slack="0"/>
<pin id="507" dir="1" index="2" bw="0" slack="2147483647"/>
</pin_list>
<bind>
<opcode="store(28) " fcode="store"/>
<opset="store_ln74/1 "/>
</bind>
</comp>

<comp id="509" class="1004" name="tmp_1_fu_509">
<pin_list>
<pin id="510" dir="0" index="0" bw="24" slack="0"/>
<pin id="511" dir="0" index="1" bw="4" slack="0"/>
<pin id="512" dir="0" index="2" bw="24" slack="0"/>
<pin id="513" dir="0" index="3" bw="4" slack="0"/>
<pin id="514" dir="0" index="4" bw="24" slack="0"/>
<pin id="515" dir="0" index="5" bw="4" slack="0"/>
<pin id="516" dir="0" index="6" bw="24" slack="0"/>
<pin id="517" dir="0" index="7" bw="4" slack="0"/>
<pin id="518" dir="0" index="8" bw="24" slack="0"/>
<pin id="519" dir="0" index="9" bw="4" slack="0"/>
<pin id="520" dir="0" index="10" bw="24" slack="0"/>
<pin id="521" dir="0" index="11" bw="4" slack="0"/>
<pin id="522" dir="0" index="12" bw="24" slack="0"/>
<pin id="523" dir="0" index="13" bw="4" slack="0"/>
<pin id="524" dir="0" index="14" bw="24" slack="0"/>
<pin id="525" dir="0" index="15" bw="4" slack="0"/>
<pin id="526" dir="0" index="16" bw="24" slack="0"/>
<pin id="527" dir="0" index="17" bw="4" slack="0"/>
<pin id="528" dir="0" index="18" bw="24" slack="0"/>
<pin id="529" dir="0" index="19" bw="4" slack="0"/>
<pin id="530" dir="0" index="20" bw="24" slack="0"/>
<pin id="531" dir="0" index="21" bw="4" slack="0"/>
<pin id="532" dir="0" index="22" bw="24" slack="0"/>
<pin id="533" dir="0" index="23" bw="4" slack="0"/>
<pin id="534" dir="0" index="24" bw="24" slack="0"/>
<pin id="535" dir="0" index="25" bw="4" slack="0"/>
<pin id="536" dir="0" index="26" bw="24" slack="0"/>
<pin id="537" dir="0" index="27" bw="4" slack="0"/>
<pin id="538" dir="0" index="28" bw="24" slack="0"/>
<pin id="539" dir="0" index="29" bw="4" slack="0"/>
<pin id="540" dir="0" index="30" bw="24" slack="0"/>
<pin id="541" dir="0" index="31" bw="4" slack="0"/>
<pin id="542" dir="0" index="32" bw="24" slack="0"/>
<pin id="543" dir="0" index="33" bw="24" slack="0"/>
<pin id="544" dir="0" index="34" bw="4" slack="1"/>
<pin id="545" dir="1" index="35" bw="24" slack="1"/>
</pin_list>
<bind>
<opcode="sparsemux(1197) " fcode="sparsemux"/>
<opset="tmp_1/2 "/>
</bind>
</comp>

<comp id="580" class="1004" name="C_addr_fu_580">
<pin_list>
<pin id="581" dir="0" index="0" bw="32" slack="0"/>
<pin id="582" dir="0" index="1" bw="62" slack="2"/>
<pin id="583" dir="1" index="2" bw="32" slack="0"/>
</pin_list>
<bind>
<opcode="getelementptr(29) " fcode="getelementptr"/>
<opset="C_addr/3 "/>
</bind>
</comp>

<comp id="586" class="1004" name="zext_ln77_fu_586">
<pin_list>
<pin id="587" dir="0" index="0" bw="24" slack="1"/>
<pin id="588" dir="1" index="1" bw="32" slack="0"/>
</pin_list>
<bind>
<opcode="zext(34) " fcode="zext"/>
<opset="zext_ln77/3 "/>
</bind>
</comp>

<comp id="590" class="1005" name="j_reg_590">
<pin_list>
<pin id="591" dir="0" index="0" bw="7" slack="0"/>
<pin id="592" dir="1" index="1" bw="7" slack="0"/>
</pin_list>
<bind>
<opset="j "/>
</bind>
</comp>

<comp id="597" class="1005" name="i_reg_597">
<pin_list>
<pin id="598" dir="0" index="0" bw="9" slack="0"/>
<pin id="599" dir="1" index="1" bw="9" slack="0"/>
</pin_list>
<bind>
<opset="i "/>
</bind>
</comp>

<comp id="604" class="1005" name="indvar_flatten6_reg_604">
<pin_list>
<pin id="605" dir="0" index="0" bw="15" slack="0"/>
<pin id="606" dir="1" index="1" bw="15" slack="0"/>
</pin_list>
<bind>
<opset="indvar_flatten6 "/>
</bind>
</comp>

<comp id="611" class="1005" name="sext_ln73_cast_reg_611">
<pin_list>
<pin id="612" dir="0" index="0" bw="64" slack="2"/>
<pin id="613" dir="1" index="1" bw="64" slack="2"/>
</pin_list>
<bind>
<opset="sext_ln73_cast "/>
</bind>
</comp>

<comp id="616" class="1005" name="icmp_ln73_reg_616">
<pin_list>
<pin id="617" dir="0" index="0" bw="1" slack="1"/>
<pin id="618" dir="1" index="1" bw="1" slack="2147483647"/>
</pin_list>
<bind>
<opset="icmp_ln73 "/>
</bind>
</comp>

<comp id="620" class="1005" name="trunc_ln73_reg_620">
<pin_list>
<pin id="621" dir="0" index="0" bw="4" slack="1"/>
<pin id="622" dir="1" index="1" bw="4" slack="1"/>
</pin_list>
<bind>
<opset="trunc_ln73 "/>
</bind>
</comp>

<comp id="625" class="1005" name="C_1_addr_reg_625">
<pin_list>
<pin id="626" dir="0" index="0" bw="10" slack="1"/>
<pin id="627" dir="1" index="1" bw="10" slack="1"/>
</pin_list>
<bind>
<opset="C_1_addr "/>
</bind>
</comp>

<comp id="630" class="1005" name="C_1_addr_37_reg_630">
<pin_list>
<pin id="631" dir="0" index="0" bw="10" slack="1"/>
<pin id="632" dir="1" index="1" bw="10" slack="1"/>
</pin_list>
<bind>
<opset="C_1_addr_37 "/>
</bind>
</comp>

<comp id="635" class="1005" name="C_2_addr_reg_635">
<pin_list>
<pin id="636" dir="0" index="0" bw="10" slack="1"/>
<pin id="637" dir="1" index="1" bw="10" slack="1"/>
</pin_list>
<bind>
<opset="C_2_addr "/>
</bind>
</comp>

<comp id="640" class="1005" name="C_3_addr_reg_640">
<pin_list>
<pin id="641" dir="0" index="0" bw="10" slack="1"/>
<pin id="642" dir="1" index="1" bw="10" slack="1"/>
</pin_list>
<bind>
<opset="C_3_addr "/>
</bind>
</comp>

<comp id="645" class="1005" name="C_4_addr_reg_645">
<pin_list>
<pin id="646" dir="0" index="0" bw="10" slack="1"/>
<pin id="647" dir="1" index="1" bw="10" slack="1"/>
</pin_list>
<bind>
<opset="C_4_addr "/>
</bind>
</comp>

<comp id="650" class="1005" name="C_5_addr_reg_650">
<pin_list>
<pin id="651" dir="0" index="0" bw="10" slack="1"/>
<pin id="652" dir="1" index="1" bw="10" slack="1"/>
</pin_list>
<bind>
<opset="C_5_addr "/>
</bind>
</comp>

<comp id="655" class="1005" name="C_6_addr_reg_655">
<pin_list>
<pin id="656" dir="0" index="0" bw="10" slack="1"/>
<pin id="657" dir="1" index="1" bw="10" slack="1"/>
</pin_list>
<bind>
<opset="C_6_addr "/>
</bind>
</comp>

<comp id="660" class="1005" name="C_7_addr_reg_660">
<pin_list>
<pin id="661" dir="0" index="0" bw="10" slack="1"/>
<pin id="662" dir="1" index="1" bw="10" slack="1"/>
</pin_list>
<bind>
<opset="C_7_addr "/>
</bind>
</comp>

<comp id="665" class="1005" name="C_8_addr_reg_665">
<pin_list>
<pin id="666" dir="0" index="0" bw="10" slack="1"/>
<pin id="667" dir="1" index="1" bw="10" slack="1"/>
</pin_list>
<bind>
<opset="C_8_addr "/>
</bind>
</comp>

<comp id="670" class="1005" name="C_9_addr_reg_670">
<pin_list>
<pin id="671" dir="0" index="0" bw="10" slack="1"/>
<pin id="672" dir="1" index="1" bw="10" slack="1"/>
</pin_list>
<bind>
<opset="C_9_addr "/>
</bind>
</comp>

<comp id="675" class="1005" name="C_10_addr_reg_675">
<pin_list>
<pin id="676" dir="0" index="0" bw="10" slack="1"/>
<pin id="677" dir="1" index="1" bw="10" slack="1"/>
</pin_list>
<bind>
<opset="C_10_addr "/>
</bind>
</comp>

<comp id="680" class="1005" name="C_11_addr_reg_680">
<pin_list>
<pin id="681" dir="0" index="0" bw="10" slack="1"/>
<pin id="682" dir="1" index="1" bw="10" slack="1"/>
</pin_list>
<bind>
<opset="C_11_addr "/>
</bind>
</comp>

<comp id="685" class="1005" name="C_12_addr_reg_685">
<pin_list>
<pin id="686" dir="0" index="0" bw="10" slack="1"/>
<pin id="687" dir="1" index="1" bw="10" slack="1"/>
</pin_list>
<bind>
<opset="C_12_addr "/>
</bind>
</comp>

<comp id="690" class="1005" name="C_13_addr_reg_690">
<pin_list>
<pin id="691" dir="0" index="0" bw="10" slack="1"/>
<pin id="692" dir="1" index="1" bw="10" slack="1"/>
</pin_list>
<bind>
<opset="C_13_addr "/>
</bind>
</comp>

<comp id="695" class="1005" name="C_14_addr_reg_695">
<pin_list>
<pin id="696" dir="0" index="0" bw="10" slack="1"/>
<pin id="697" dir="1" index="1" bw="10" slack="1"/>
</pin_list>
<bind>
<opset="C_14_addr "/>
</bind>
</comp>

<comp id="700" class="1005" name="C_15_addr_reg_700">
<pin_list>
<pin id="701" dir="0" index="0" bw="10" slack="1"/>
<pin id="702" dir="1" index="1" bw="10" slack="1"/>
</pin_list>
<bind>
<opset="C_15_addr "/>
</bind>
</comp>

<comp id="705" class="1005" name="tmp_1_reg_705">
<pin_list>
<pin id="706" dir="0" index="0" bw="24" slack="1"/>
<pin id="707" dir="1" index="1" bw="24" slack="1"/>
</pin_list>
<bind>
<opset="tmp_1 "/>
</bind>
</comp>

</comp_list>

<net_list>
<net id="137"><net_src comp="36" pin="0"/><net_sink comp="134" pin=0"/></net>

<net id="141"><net_src comp="36" pin="0"/><net_sink comp="138" pin=0"/></net>

<net id="145"><net_src comp="36" pin="0"/><net_sink comp="142" pin=0"/></net>

<net id="150"><net_src comp="38" pin="0"/><net_sink comp="146" pin=0"/></net>

<net id="151"><net_src comp="2" pin="0"/><net_sink comp="146" pin=1"/></net>

<net id="157"><net_src comp="4" pin="0"/><net_sink comp="152" pin=0"/></net>

<net id="158"><net_src comp="82" pin="0"/><net_sink comp="152" pin=1"/></net>

<net id="164"><net_src comp="6" pin="0"/><net_sink comp="159" pin=0"/></net>

<net id="165"><net_src comp="82" pin="0"/><net_sink comp="159" pin=1"/></net>

<net id="171"><net_src comp="8" pin="0"/><net_sink comp="166" pin=0"/></net>

<net id="172"><net_src comp="82" pin="0"/><net_sink comp="166" pin=1"/></net>

<net id="178"><net_src comp="10" pin="0"/><net_sink comp="173" pin=0"/></net>

<net id="179"><net_src comp="82" pin="0"/><net_sink comp="173" pin=1"/></net>

<net id="185"><net_src comp="12" pin="0"/><net_sink comp="180" pin=0"/></net>

<net id="186"><net_src comp="82" pin="0"/><net_sink comp="180" pin=1"/></net>

<net id="192"><net_src comp="14" pin="0"/><net_sink comp="187" pin=0"/></net>

<net id="193"><net_src comp="82" pin="0"/><net_sink comp="187" pin=1"/></net>

<net id="199"><net_src comp="16" pin="0"/><net_sink comp="194" pin=0"/></net>

<net id="200"><net_src comp="82" pin="0"/><net_sink comp="194" pin=1"/></net>

<net id="206"><net_src comp="18" pin="0"/><net_sink comp="201" pin=0"/></net>

<net id="207"><net_src comp="82" pin="0"/><net_sink comp="201" pin=1"/></net>

<net id="213"><net_src comp="20" pin="0"/><net_sink comp="208" pin=0"/></net>

<net id="214"><net_src comp="82" pin="0"/><net_sink comp="208" pin=1"/></net>

<net id="220"><net_src comp="22" pin="0"/><net_sink comp="215" pin=0"/></net>

<net id="221"><net_src comp="82" pin="0"/><net_sink comp="215" pin=1"/></net>

<net id="227"><net_src comp="24" pin="0"/><net_sink comp="222" pin=0"/></net>

<net id="228"><net_src comp="82" pin="0"/><net_sink comp="222" pin=1"/></net>

<net id="234"><net_src comp="26" pin="0"/><net_sink comp="229" pin=0"/></net>

<net id="235"><net_src comp="82" pin="0"/><net_sink comp="229" pin=1"/></net>

<net id="241"><net_src comp="28" pin="0"/><net_sink comp="236" pin=0"/></net>

<net id="242"><net_src comp="82" pin="0"/><net_sink comp="236" pin=1"/></net>

<net id="248"><net_src comp="30" pin="0"/><net_sink comp="243" pin=0"/></net>

<net id="249"><net_src comp="82" pin="0"/><net_sink comp="243" pin=1"/></net>

<net id="255"><net_src comp="32" pin="0"/><net_sink comp="250" pin=0"/></net>

<net id="256"><net_src comp="82" pin="0"/><net_sink comp="250" pin=1"/></net>

<net id="262"><net_src comp="34" pin="0"/><net_sink comp="257" pin=0"/></net>

<net id="263"><net_src comp="82" pin="0"/><net_sink comp="257" pin=1"/></net>

<net id="269"><net_src comp="152" pin="3"/><net_sink comp="264" pin=0"/></net>

<net id="275"><net_src comp="159" pin="3"/><net_sink comp="270" pin=0"/></net>

<net id="281"><net_src comp="166" pin="3"/><net_sink comp="276" pin=0"/></net>

<net id="287"><net_src comp="173" pin="3"/><net_sink comp="282" pin=0"/></net>

<net id="293"><net_src comp="180" pin="3"/><net_sink comp="288" pin=0"/></net>

<net id="299"><net_src comp="187" pin="3"/><net_sink comp="294" pin=0"/></net>

<net id="305"><net_src comp="194" pin="3"/><net_sink comp="300" pin=0"/></net>

<net id="311"><net_src comp="201" pin="3"/><net_sink comp="306" pin=0"/></net>

<net id="317"><net_src comp="208" pin="3"/><net_sink comp="312" pin=0"/></net>

<net id="323"><net_src comp="215" pin="3"/><net_sink comp="318" pin=0"/></net>

<net id="329"><net_src comp="222" pin="3"/><net_sink comp="324" pin=0"/></net>

<net id="335"><net_src comp="229" pin="3"/><net_sink comp="330" pin=0"/></net>

<net id="341"><net_src comp="236" pin="3"/><net_sink comp="336" pin=0"/></net>

<net id="347"><net_src comp="243" pin="3"/><net_sink comp="342" pin=0"/></net>

<net id="353"><net_src comp="250" pin="3"/><net_sink comp="348" pin=0"/></net>

<net id="359"><net_src comp="257" pin="3"/><net_sink comp="354" pin=0"/></net>

<net id="366"><net_src comp="132" pin="0"/><net_sink comp="360" pin=0"/></net>

<net id="367"><net_src comp="118" pin="0"/><net_sink comp="360" pin=3"/></net>

<net id="371"><net_src comp="146" pin="2"/><net_sink comp="368" pin=0"/></net>

<net id="376"><net_src comp="56" pin="0"/><net_sink comp="372" pin=0"/></net>

<net id="381"><net_src comp="58" pin="0"/><net_sink comp="377" pin=0"/></net>

<net id="386"><net_src comp="60" pin="0"/><net_sink comp="382" pin=0"/></net>

<net id="394"><net_src comp="387" pin="1"/><net_sink comp="390" pin=0"/></net>

<net id="395"><net_src comp="64" pin="0"/><net_sink comp="390" pin=1"/></net>

<net id="400"><net_src comp="387" pin="1"/><net_sink comp="396" pin=0"/></net>

<net id="401"><net_src comp="66" pin="0"/><net_sink comp="396" pin=1"/></net>

<net id="412"><net_src comp="405" pin="1"/><net_sink comp="408" pin=0"/></net>

<net id="413"><net_src comp="68" pin="0"/><net_sink comp="408" pin=1"/></net>

<net id="418"><net_src comp="402" pin="1"/><net_sink comp="414" pin=0"/></net>

<net id="419"><net_src comp="70" pin="0"/><net_sink comp="414" pin=1"/></net>

<net id="425"><net_src comp="414" pin="2"/><net_sink comp="420" pin=0"/></net>

<net id="426"><net_src comp="60" pin="0"/><net_sink comp="420" pin=1"/></net>

<net id="427"><net_src comp="402" pin="1"/><net_sink comp="420" pin=2"/></net>

<net id="433"><net_src comp="414" pin="2"/><net_sink comp="428" pin=0"/></net>

<net id="434"><net_src comp="408" pin="2"/><net_sink comp="428" pin=1"/></net>

<net id="435"><net_src comp="405" pin="1"/><net_sink comp="428" pin=2"/></net>

<net id="439"><net_src comp="428" pin="3"/><net_sink comp="436" pin=0"/></net>

<net id="446"><net_src comp="72" pin="0"/><net_sink comp="440" pin=0"/></net>

<net id="447"><net_src comp="428" pin="3"/><net_sink comp="440" pin=1"/></net>

<net id="448"><net_src comp="74" pin="0"/><net_sink comp="440" pin=2"/></net>

<net id="449"><net_src comp="76" pin="0"/><net_sink comp="440" pin=3"/></net>

<net id="455"><net_src comp="78" pin="0"/><net_sink comp="450" pin=0"/></net>

<net id="456"><net_src comp="440" pin="4"/><net_sink comp="450" pin=1"/></net>

<net id="457"><net_src comp="80" pin="0"/><net_sink comp="450" pin=2"/></net>

<net id="461"><net_src comp="420" pin="3"/><net_sink comp="458" pin=0"/></net>

<net id="466"><net_src comp="450" pin="3"/><net_sink comp="462" pin=0"/></net>

<net id="467"><net_src comp="458" pin="1"/><net_sink comp="462" pin=1"/></net>

<net id="471"><net_src comp="462" pin="2"/><net_sink comp="468" pin=0"/></net>

<net id="472"><net_src comp="468" pin="1"/><net_sink comp="152" pin=2"/></net>

<net id="473"><net_src comp="468" pin="1"/><net_sink comp="159" pin=2"/></net>

<net id="474"><net_src comp="468" pin="1"/><net_sink comp="166" pin=2"/></net>

<net id="475"><net_src comp="468" pin="1"/><net_sink comp="173" pin=2"/></net>

<net id="476"><net_src comp="468" pin="1"/><net_sink comp="180" pin=2"/></net>

<net id="477"><net_src comp="468" pin="1"/><net_sink comp="187" pin=2"/></net>

<net id="478"><net_src comp="468" pin="1"/><net_sink comp="194" pin=2"/></net>

<net id="479"><net_src comp="468" pin="1"/><net_sink comp="201" pin=2"/></net>

<net id="480"><net_src comp="468" pin="1"/><net_sink comp="208" pin=2"/></net>

<net id="481"><net_src comp="468" pin="1"/><net_sink comp="215" pin=2"/></net>

<net id="482"><net_src comp="468" pin="1"/><net_sink comp="222" pin=2"/></net>

<net id="483"><net_src comp="468" pin="1"/><net_sink comp="229" pin=2"/></net>

<net id="484"><net_src comp="468" pin="1"/><net_sink comp="236" pin=2"/></net>

<net id="485"><net_src comp="468" pin="1"/><net_sink comp="243" pin=2"/></net>

<net id="486"><net_src comp="468" pin="1"/><net_sink comp="250" pin=2"/></net>

<net id="487"><net_src comp="468" pin="1"/><net_sink comp="257" pin=2"/></net>

<net id="492"><net_src comp="420" pin="3"/><net_sink comp="488" pin=0"/></net>

<net id="493"><net_src comp="84" pin="0"/><net_sink comp="488" pin=1"/></net>

<net id="498"><net_src comp="396" pin="2"/><net_sink comp="494" pin=0"/></net>

<net id="503"><net_src comp="428" pin="3"/><net_sink comp="499" pin=0"/></net>

<net id="508"><net_src comp="488" pin="2"/><net_sink comp="504" pin=0"/></net>

<net id="546"><net_src comp="86" pin="0"/><net_sink comp="509" pin=0"/></net>

<net id="547"><net_src comp="88" pin="0"/><net_sink comp="509" pin=1"/></net>

<net id="548"><net_src comp="264" pin="3"/><net_sink comp="509" pin=2"/></net>

<net id="549"><net_src comp="90" pin="0"/><net_sink comp="509" pin=3"/></net>

<net id="550"><net_src comp="270" pin="3"/><net_sink comp="509" pin=4"/></net>

<net id="551"><net_src comp="92" pin="0"/><net_sink comp="509" pin=5"/></net>

<net id="552"><net_src comp="276" pin="3"/><net_sink comp="509" pin=6"/></net>

<net id="553"><net_src comp="94" pin="0"/><net_sink comp="509" pin=7"/></net>

<net id="554"><net_src comp="282" pin="3"/><net_sink comp="509" pin=8"/></net>

<net id="555"><net_src comp="96" pin="0"/><net_sink comp="509" pin=9"/></net>

<net id="556"><net_src comp="288" pin="3"/><net_sink comp="509" pin=10"/></net>

<net id="557"><net_src comp="98" pin="0"/><net_sink comp="509" pin=11"/></net>

<net id="558"><net_src comp="294" pin="3"/><net_sink comp="509" pin=12"/></net>

<net id="559"><net_src comp="100" pin="0"/><net_sink comp="509" pin=13"/></net>

<net id="560"><net_src comp="300" pin="3"/><net_sink comp="509" pin=14"/></net>

<net id="561"><net_src comp="102" pin="0"/><net_sink comp="509" pin=15"/></net>

<net id="562"><net_src comp="306" pin="3"/><net_sink comp="509" pin=16"/></net>

<net id="563"><net_src comp="104" pin="0"/><net_sink comp="509" pin=17"/></net>

<net id="564"><net_src comp="312" pin="3"/><net_sink comp="509" pin=18"/></net>

<net id="565"><net_src comp="106" pin="0"/><net_sink comp="509" pin=19"/></net>

<net id="566"><net_src comp="318" pin="3"/><net_sink comp="509" pin=20"/></net>

<net id="567"><net_src comp="108" pin="0"/><net_sink comp="509" pin=21"/></net>

<net id="568"><net_src comp="324" pin="3"/><net_sink comp="509" pin=22"/></net>

<net id="569"><net_src comp="110" pin="0"/><net_sink comp="509" pin=23"/></net>

<net id="570"><net_src comp="330" pin="3"/><net_sink comp="509" pin=24"/></net>

<net id="571"><net_src comp="112" pin="0"/><net_sink comp="509" pin=25"/></net>

<net id="572"><net_src comp="336" pin="3"/><net_sink comp="509" pin=26"/></net>

<net id="573"><net_src comp="114" pin="0"/><net_sink comp="509" pin=27"/></net>

<net id="574"><net_src comp="342" pin="3"/><net_sink comp="509" pin=28"/></net>

<net id="575"><net_src comp="116" pin="0"/><net_sink comp="509" pin=29"/></net>

<net id="576"><net_src comp="348" pin="3"/><net_sink comp="509" pin=30"/></net>

<net id="577"><net_src comp="118" pin="0"/><net_sink comp="509" pin=31"/></net>

<net id="578"><net_src comp="354" pin="3"/><net_sink comp="509" pin=32"/></net>

<net id="579"><net_src comp="120" pin="0"/><net_sink comp="509" pin=33"/></net>

<net id="584"><net_src comp="0" pin="0"/><net_sink comp="580" pin=0"/></net>

<net id="585"><net_src comp="580" pin="2"/><net_sink comp="360" pin=1"/></net>

<net id="589"><net_src comp="586" pin="1"/><net_sink comp="360" pin=2"/></net>

<net id="593"><net_src comp="134" pin="1"/><net_sink comp="590" pin=0"/></net>

<net id="594"><net_src comp="590" pin="1"/><net_sink comp="382" pin=1"/></net>

<net id="595"><net_src comp="590" pin="1"/><net_sink comp="402" pin=0"/></net>

<net id="596"><net_src comp="590" pin="1"/><net_sink comp="504" pin=1"/></net>

<net id="600"><net_src comp="138" pin="1"/><net_sink comp="597" pin=0"/></net>

<net id="601"><net_src comp="597" pin="1"/><net_sink comp="377" pin=1"/></net>

<net id="602"><net_src comp="597" pin="1"/><net_sink comp="405" pin=0"/></net>

<net id="603"><net_src comp="597" pin="1"/><net_sink comp="499" pin=1"/></net>

<net id="607"><net_src comp="142" pin="1"/><net_sink comp="604" pin=0"/></net>

<net id="608"><net_src comp="604" pin="1"/><net_sink comp="372" pin=1"/></net>

<net id="609"><net_src comp="604" pin="1"/><net_sink comp="387" pin=0"/></net>

<net id="610"><net_src comp="604" pin="1"/><net_sink comp="494" pin=1"/></net>

<net id="614"><net_src comp="368" pin="1"/><net_sink comp="611" pin=0"/></net>

<net id="615"><net_src comp="611" pin="1"/><net_sink comp="580" pin=1"/></net>

<net id="619"><net_src comp="390" pin="2"/><net_sink comp="616" pin=0"/></net>

<net id="623"><net_src comp="436" pin="1"/><net_sink comp="620" pin=0"/></net>

<net id="624"><net_src comp="620" pin="1"/><net_sink comp="509" pin=34"/></net>

<net id="628"><net_src comp="152" pin="3"/><net_sink comp="625" pin=0"/></net>

<net id="629"><net_src comp="625" pin="1"/><net_sink comp="264" pin=0"/></net>

<net id="633"><net_src comp="159" pin="3"/><net_sink comp="630" pin=0"/></net>

<net id="634"><net_src comp="630" pin="1"/><net_sink comp="270" pin=0"/></net>

<net id="638"><net_src comp="166" pin="3"/><net_sink comp="635" pin=0"/></net>

<net id="639"><net_src comp="635" pin="1"/><net_sink comp="276" pin=0"/></net>

<net id="643"><net_src comp="173" pin="3"/><net_sink comp="640" pin=0"/></net>

<net id="644"><net_src comp="640" pin="1"/><net_sink comp="282" pin=0"/></net>

<net id="648"><net_src comp="180" pin="3"/><net_sink comp="645" pin=0"/></net>

<net id="649"><net_src comp="645" pin="1"/><net_sink comp="288" pin=0"/></net>

<net id="653"><net_src comp="187" pin="3"/><net_sink comp="650" pin=0"/></net>

<net id="654"><net_src comp="650" pin="1"/><net_sink comp="294" pin=0"/></net>

<net id="658"><net_src comp="194" pin="3"/><net_sink comp="655" pin=0"/></net>

<net id="659"><net_src comp="655" pin="1"/><net_sink comp="300" pin=0"/></net>

<net id="663"><net_src comp="201" pin="3"/><net_sink comp="660" pin=0"/></net>

<net id="664"><net_src comp="660" pin="1"/><net_sink comp="306" pin=0"/></net>

<net id="668"><net_src comp="208" pin="3"/><net_sink comp="665" pin=0"/></net>

<net id="669"><net_src comp="665" pin="1"/><net_sink comp="312" pin=0"/></net>

<net id="673"><net_src comp="215" pin="3"/><net_sink comp="670" pin=0"/></net>

<net id="674"><net_src comp="670" pin="1"/><net_sink comp="318" pin=0"/></net>

<net id="678"><net_src comp="222" pin="3"/><net_sink comp="675" pin=0"/></net>

<net id="679"><net_src comp="675" pin="1"/><net_sink comp="324" pin=0"/></net>

<net id="683"><net_src comp="229" pin="3"/><net_sink comp="680" pin=0"/></net>

<net id="684"><net_src comp="680" pin="1"/><net_sink comp="330" pin=0"/></net>

<net id="688"><net_src comp="236" pin="3"/><net_sink comp="685" pin=0"/></net>

<net id="689"><net_src comp="685" pin="1"/><net_sink comp="336" pin=0"/></net>

<net id="693"><net_src comp="243" pin="3"/><net_sink comp="690" pin=0"/></net>

<net id="694"><net_src comp="690" pin="1"/><net_sink comp="342" pin=0"/></net>

<net id="698"><net_src comp="250" pin="3"/><net_sink comp="695" pin=0"/></net>

<net id="699"><net_src comp="695" pin="1"/><net_sink comp="348" pin=0"/></net>

<net id="703"><net_src comp="257" pin="3"/><net_sink comp="700" pin=0"/></net>

<net id="704"><net_src comp="700" pin="1"/><net_sink comp="354" pin=0"/></net>

<net id="708"><net_src comp="509" pin="35"/><net_sink comp="705" pin=0"/></net>

<net id="709"><net_src comp="705" pin="1"/><net_sink comp="586" pin=0"/></net>

</net_list>

</model> 
---------------- Datapath Model END ------------------

* FSMD analyzer results:
  - Output states:
	Port: C | {3 }
 - Input state : 
	Port: top_kernel_Pipeline_VITIS_LOOP_73_9_VITIS_LOOP_74_10 : sext_ln73 | {1 }
	Port: top_kernel_Pipeline_VITIS_LOOP_73_9_VITIS_LOOP_74_10 : C_1 | {1 2 }
	Port: top_kernel_Pipeline_VITIS_LOOP_73_9_VITIS_LOOP_74_10 : C_1_17 | {1 2 }
	Port: top_kernel_Pipeline_VITIS_LOOP_73_9_VITIS_LOOP_74_10 : C_2 | {1 2 }
	Port: top_kernel_Pipeline_VITIS_LOOP_73_9_VITIS_LOOP_74_10 : C_3 | {1 2 }
	Port: top_kernel_Pipeline_VITIS_LOOP_73_9_VITIS_LOOP_74_10 : C_4 | {1 2 }
	Port: top_kernel_Pipeline_VITIS_LOOP_73_9_VITIS_LOOP_74_10 : C_5 | {1 2 }
	Port: top_kernel_Pipeline_VITIS_LOOP_73_9_VITIS_LOOP_74_10 : C_6 | {1 2 }
	Port: top_kernel_Pipeline_VITIS_LOOP_73_9_VITIS_LOOP_74_10 : C_7 | {1 2 }
	Port: top_kernel_Pipeline_VITIS_LOOP_73_9_VITIS_LOOP_74_10 : C_8 | {1 2 }
	Port: top_kernel_Pipeline_VITIS_LOOP_73_9_VITIS_LOOP_74_10 : C_9 | {1 2 }
	Port: top_kernel_Pipeline_VITIS_LOOP_73_9_VITIS_LOOP_74_10 : C_10 | {1 2 }
	Port: top_kernel_Pipeline_VITIS_LOOP_73_9_VITIS_LOOP_74_10 : C_11 | {1 2 }
	Port: top_kernel_Pipeline_VITIS_LOOP_73_9_VITIS_LOOP_74_10 : C_12 | {1 2 }
	Port: top_kernel_Pipeline_VITIS_LOOP_73_9_VITIS_LOOP_74_10 : C_13 | {1 2 }
	Port: top_kernel_Pipeline_VITIS_LOOP_73_9_VITIS_LOOP_74_10 : C_14 | {1 2 }
	Port: top_kernel_Pipeline_VITIS_LOOP_73_9_VITIS_LOOP_74_10 : C_15 | {1 2 }
  - Chain level:
	State 1
		store_ln0 : 1
		store_ln73 : 1
		store_ln74 : 1
		indvar_flatten6_load : 1
		icmp_ln73 : 2
		add_ln73_1 : 2
		br_ln73 : 3
		j_load : 1
		i_load : 1
		add_ln73 : 2
		icmp_ln74 : 2
		select_ln73 : 3
		select_ln73_1 : 3
		trunc_ln73 : 4
		lshr_ln4 : 4
		tmp_s : 5
		zext_ln77_1 : 4
		add_ln77 : 6
		zext_ln77_2 : 7
		C_1_addr : 8
		C_1_addr_37 : 8
		C_2_addr : 8
		C_3_addr : 8
		C_4_addr : 8
		C_5_addr : 8
		C_6_addr : 8
		C_7_addr : 8
		C_8_addr : 8
		C_9_addr : 8
		C_10_addr : 8
		C_11_addr : 8
		C_12_addr : 8
		C_13_addr : 8
		C_14_addr : 8
		C_15_addr : 8
		C_1_load : 9
		C_1_load_38 : 9
		C_2_load : 9
		C_3_load : 9
		C_4_load : 9
		C_5_load : 9
		C_6_load : 9
		C_7_load : 9
		C_8_load : 9
		C_9_load : 9
		C_10_load : 9
		C_11_load : 9
		C_12_load : 9
		C_13_load : 9
		C_14_load : 9
		C_15_load : 9
		add_ln74 : 4
		store_ln73 : 3
		store_ln73 : 4
		store_ln74 : 5
	State 2
		tmp_1 : 1
	State 3
		write_ln77 : 1


============================================================
+ Verbose Summary: Datapath Resource usage 
============================================================

* Functional unit list:
|----------|----------------------------|---------|---------|
| Operation|       Functional Unit      |    FF   |   LUT   |
|----------|----------------------------|---------|---------|
|          |      add_ln73_1_fu_396     |    0    |    22   |
|    add   |       add_ln73_fu_408      |    0    |    16   |
|          |       add_ln77_fu_462      |    0    |    17   |
|          |       add_ln74_fu_488      |    0    |    14   |
|----------|----------------------------|---------|---------|
| sparsemux|        tmp_1_fu_509        |    0    |    65   |
|----------|----------------------------|---------|---------|
|   icmp   |      icmp_ln73_fu_390      |    0    |    22   |
|          |      icmp_ln74_fu_414      |    0    |    14   |
|----------|----------------------------|---------|---------|
|  select  |     select_ln73_fu_420     |    0    |    7    |
|          |    select_ln73_1_fu_428    |    0    |    8    |
|----------|----------------------------|---------|---------|
|   read   | sext_ln73_read_read_fu_146 |    0    |    0    |
|----------|----------------------------|---------|---------|
|   write  |   write_ln77_write_fu_360  |    0    |    0    |
|----------|----------------------------|---------|---------|
|   sext   |    sext_ln73_cast_fu_368   |    0    |    0    |
|----------|----------------------------|---------|---------|
|   trunc  |      trunc_ln73_fu_436     |    0    |    0    |
|----------|----------------------------|---------|---------|
|partselect|       lshr_ln4_fu_440      |    0    |    0    |
|----------|----------------------------|---------|---------|
|bitconcatenate|        tmp_s_fu_450        |    0    |    0    |
|----------|----------------------------|---------|---------|
|          |     zext_ln77_1_fu_458     |    0    |    0    |
|   zext   |     zext_ln77_2_fu_468     |    0    |    0    |
|          |      zext_ln77_fu_586      |    0    |    0    |
|----------|----------------------------|---------|---------|
|   Total  |                            |    0    |   185   |
|----------|----------------------------|---------|---------|

Memories:
N/A

* Register list:
+-----------------------+--------+
|                       |   FF   |
+-----------------------+--------+
|   C_10_addr_reg_675   |   10   |
|   C_11_addr_reg_680   |   10   |
|   C_12_addr_reg_685   |   10   |
|   C_13_addr_reg_690   |   10   |
|   C_14_addr_reg_695   |   10   |
|   C_15_addr_reg_700   |   10   |
|  C_1_addr_37_reg_630  |   10   |
|    C_1_addr_reg_625   |   10   |
|    C_2_addr_reg_635   |   10   |
|    C_3_addr_reg_640   |   10   |
|    C_4_addr_reg_645   |   10   |
|    C_5_addr_reg_650   |   10   |
|    C_6_addr_reg_655   |   10   |
|    C_7_addr_reg_660   |   10   |
|    C_8_addr_reg_665   |   10   |
|    C_9_addr_reg_670   |   10   |
|       i_reg_597       |    9   |
|   icmp_ln73_reg_616   |    1   |
|indvar_flatten6_reg_604|   15   |
|       j_reg_590       |    7   |
| sext_ln73_cast_reg_611|   64   |
|     tmp_1_reg_705     |   24   |
|   trunc_ln73_reg_620  |    4   |
+-----------------------+--------+
|         Total         |   284  |
+-----------------------+--------+

* Multiplexer (MUX) list: 
|-------------------|------|------|------|--------||---------||---------||---------|
|        Comp       |  Pin | Size |  BW  | S x BW ||  Delay  ||    FF   ||   LUT   |
|-------------------|------|------|------|--------||---------||---------||---------|
| grp_access_fu_264 |  p0  |   2  |  10  |   20   ||    0    ||    9    |
| grp_access_fu_270 |  p0  |   2  |  10  |   20   ||    0    ||    9    |
| grp_access_fu_276 |  p0  |   2  |  10  |   20   ||    0    ||    9    |
| grp_access_fu_282 |  p0  |   2  |  10  |   20   ||    0    ||    9    |
| grp_access_fu_288 |  p0  |   2  |  10  |   20   ||    0    ||    9    |
| grp_access_fu_294 |  p0  |   2  |  10  |   20   ||    0    ||    9    |
| grp_access_fu_300 |  p0  |   2  |  10  |   20   ||    0    ||    9    |
| grp_access_fu_306 |  p0  |   2  |  10  |   20   ||    0    ||    9    |
| grp_access_fu_312 |  p0  |   2  |  10  |   20   ||    0    ||    9    |
| grp_access_fu_318 |  p0  |   2  |  10  |   20   ||    0    ||    9    |
| grp_access_fu_324 |  p0  |   2  |  10  |   20   ||    0    ||    9    |
| grp_access_fu_330 |  p0  |   2  |  10  |   20   ||    0    ||    9    |
| grp_access_fu_336 |  p0  |   2  |  10  |   20   ||    0    ||    9    |
| grp_access_fu_342 |  p0  |   2  |  10  |   20   ||    0    ||    9    |
| grp_access_fu_348 |  p0  |   2  |  10  |   20   ||    0    ||    9    |
| grp_access_fu_354 |  p0  |   2  |  10  |   20   ||    0    ||    9    |
|-------------------|------|------|------|--------||---------||---------||---------|
|       Total       |      |      |      |   320  ||  7.824  ||    0    ||   144   |
|-------------------|------|------|------|--------||---------||---------||---------|



* Summary:
+-----------+--------+--------+--------+
|           |  Delay |   FF   |   LUT  |
+-----------+--------+--------+--------+
|  Function |    -   |    0   |   185  |
|   Memory  |    -   |    -   |    -   |
|Multiplexer|    7   |    0   |   144  |
|  Register |    -   |   284  |    -   |
+-----------+--------+--------+--------+
|   Total   |    7   |   284  |   329  |
+-----------+--------+--------+--------+
