

================================================================
== Vitis HLS Report for 'top_kernel_Pipeline_VITIS_LOOP_164_11_VITIS_LOOP_165_12'
================================================================
* Date:           Tue Feb  3 00:40:06 2026

* Version:        2025.1.1 (Build 6214317 on Sep 11 2025)
* Project:        project_1
* Solution:       hls (Vivado IP Flow Target)
* Product family: zynquplus
* Target device:  xczu3eg-sbva484-1-e


================================================================
== Performance Estimates
================================================================
+ Timing: 
    * Summary: 
    +--------+----------+----------+------------+
    |  Clock |  Target  | Estimated| Uncertainty|
    +--------+----------+----------+------------+
    |ap_clk  |  10.00 ns|  7.300 ns|     2.70 ns|
    +--------+----------+----------+------------+

+ Latency: 
    * Summary: 
    +---------+---------+----------+----------+-------+-------+------------------------------------------------+
    |  Latency (cycles) |  Latency (absolute) |    Interval   |                    Pipeline                    |
    |   min   |   max   |    min   |    max   |  min  |  max  |                      Type                      |
    +---------+---------+----------+----------+-------+-------+------------------------------------------------+
    |    16387|    16387|  0.164 ms|  0.164 ms|  16385|  16385|  loop auto-rewind stp (delay=0 clock cycles(s))|
    +---------+---------+----------+----------+-------+-------+------------------------------------------------+

    + Detail: 
        * Instance: 
        N/A

        * Loop: 
        +---------------------------------------+---------+---------+----------+-----------+-----------+-------+----------+
        |                                       |  Latency (cycles) | Iteration|  Initiation Interval  |  Trip |          |
        |               Loop Name               |   min   |   max   |  Latency |  achieved |   target  | Count | Pipelined|
        +---------------------------------------+---------+---------+----------+-----------+-----------+-------+----------+
        |- VITIS_LOOP_164_11_VITIS_LOOP_165_12  |    16385|    16385|         3|          1|          1|  16384|       yes|
        +---------------------------------------+---------+---------+----------+-----------+-----------+-------+----------+

============================================================
+ Verbose Summary: Synthesis Manager
============================================================
InlineROM: 1
ExposeGlobal: 0
============================================================
+ Verbose Summary: CDFG Model
============================================================
IsTopModel: 0
ResetActiveHigh: 1
IsCombinational: 0
IsDatapathOnly: 0
HasWiredReturn: 1
HasMFsm: 2
HasVarLatency: 1
IsPipeline: 0
IsRtlPipelined: 0
IsInstanceOverlapped: 0
IsDontTouch: 0
HasImplIP: 0
IsGatedGlobalClock: 0

+ Individual pipeline summary: 
  * Pipeline-0: initiation interval (II) = 1, depth = 3


============================================================
+ Verbose Summary: Schedule
============================================================
* Number of FSM states : 3
* Pipeline : 1
  Pipeline-0 : II = 1, D = 3, States = { 1 2 3 }
* Dataflow Pipeline: 0

* FSM state transitions: 
1 --> 2 
2 --> 3 
3 --> 

* FSM state operations: 

State 1 <SV = 0> <Delay = 3.21>
ST_1 : Operation 6 [1/1] (0.00ns)   --->   "%j = alloca i32 1" [top.cpp:165]   --->   Operation 6 'alloca' 'j' <Predicate = true> <Delay = 0.00>
ST_1 : Operation 7 [1/1] (0.00ns)   --->   "%i = alloca i32 1" [top.cpp:164]   --->   Operation 7 'alloca' 'i' <Predicate = true> <Delay = 0.00>
ST_1 : Operation 8 [1/1] (0.00ns)   --->   "%indvar_flatten14 = alloca i32 1"   --->   Operation 8 'alloca' 'indvar_flatten14' <Predicate = true> <Delay = 0.00>
ST_1 : Operation 9 [1/1] (0.00ns)   --->   "%sext_ln164_read = read i62 @_ssdm_op_Read.ap_auto.i62, i62 %sext_ln164"   --->   Operation 9 'read' 'sext_ln164_read' <Predicate = true> <Delay = 0.00>
ST_1 : Operation 10 [1/1] (0.00ns)   --->   "%sext_ln164_cast = sext i62 %sext_ln164_read"   --->   Operation 10 'sext' 'sext_ln164_cast' <Predicate = true> <Delay = 0.00>
ST_1 : Operation 11 [1/1] (0.00ns)   --->   "%specinterface_ln0 = specinterface void @_ssdm_op_SpecInterface, i32 %C, void @empty_0, i32 0, i32 0, void @empty_1, i32 0, i32 0, void @empty_5, void @empty_3, void @empty_1, i32 16, i32 16, i32 16, i32 16, void @empty_1, void @empty_1, i32 4294967295, i32 0, i32 0"   --->   Operation 11 'specinterface' 'specinterface_ln0' <Predicate = true> <Delay = 0.00>
ST_1 : Operation 12 [1/1] (0.48ns)   --->   "%store_ln0 = store i15 0, i15 %indvar_flatten14"   --->   Operation 12 'store' 'store_ln0' <Predicate = true> <Delay = 0.48>
ST_1 : Operation 13 [1/1] (0.48ns)   --->   "%store_ln164 = store i9 0, i9 %i" [top.cpp:164]   --->   Operation 13 'store' 'store_ln164' <Predicate = true> <Delay = 0.48>
ST_1 : Operation 14 [1/1] (0.48ns)   --->   "%store_ln165 = store i7 0, i7 %j" [top.cpp:165]   --->   Operation 14 'store' 'store_ln165' <Predicate = true> <Delay = 0.48>
ST_1 : Operation 15 [1/1] (0.00ns)   --->   "%br_ln0 = br void %for.inc134"   --->   Operation 15 'br' 'br_ln0' <Predicate = true> <Delay = 0.00>
ST_1 : Operation 16 [1/1] (0.00ns)   --->   "%indvar_flatten14_load = load i15 %indvar_flatten14" [top.cpp:164]   --->   Operation 16 'load' 'indvar_flatten14_load' <Predicate = true> <Delay = 0.00>
ST_1 : Operation 17 [1/1] (0.00ns)   --->   "%specbitsmap_ln0 = specbitsmap void @_ssdm_op_SpecBitsMap, i32 %C"   --->   Operation 17 'specbitsmap' 'specbitsmap_ln0' <Predicate = true> <Delay = 0.00>
ST_1 : Operation 18 [1/1] (1.00ns)   --->   "%icmp_ln164 = icmp_eq  i15 %indvar_flatten14_load, i15 16384" [top.cpp:164]   --->   Operation 18 'icmp' 'icmp_ln164' <Predicate = true> <Delay = 1.00> <CoreInst = "Cmp">   --->   Core 9 'Cmp' <Latency = 0> <II = 1> <Delay = 1.00> <FuncUnit> <Opcode : 'seteq' 'setne' 'setle' 'setge' 'setlt' 'setgt'> <InPorts = 2> <OutPorts = 1>
ST_1 : Operation 19 [1/1] (1.00ns)   --->   "%add_ln164_1 = add i15 %indvar_flatten14_load, i15 1" [top.cpp:164]   --->   Operation 19 'add' 'add_ln164_1' <Predicate = true> <Delay = 1.00> <CoreInst = "Adder">   --->   Core 1 'Adder' <Latency = 0> <II = 1> <Delay = 1.00> <FuncUnit> <Opcode : 'add' 'sub'> <InPorts = 2> <OutPorts = 1>
ST_1 : Operation 20 [1/1] (0.00ns)   --->   "%br_ln164 = br i1 %icmp_ln164, void %for.inc137, void %for.end139.exitStub" [top.cpp:164]   --->   Operation 20 'br' 'br_ln164' <Predicate = true> <Delay = 0.00>
ST_1 : Operation 21 [1/1] (0.00ns)   --->   "%j_load = load i7 %j" [top.cpp:165]   --->   Operation 21 'load' 'j_load' <Predicate = (!icmp_ln164)> <Delay = 0.00>
ST_1 : Operation 22 [1/1] (0.00ns)   --->   "%i_load = load i9 %i" [top.cpp:164]   --->   Operation 22 'load' 'i_load' <Predicate = (!icmp_ln164)> <Delay = 0.00>
ST_1 : Operation 23 [1/1] (0.92ns)   --->   "%add_ln164 = add i9 %i_load, i9 1" [top.cpp:164]   --->   Operation 23 'add' 'add_ln164' <Predicate = (!icmp_ln164)> <Delay = 0.92> <CoreInst = "Adder">   --->   Core 1 'Adder' <Latency = 0> <II = 1> <Delay = 0.92> <FuncUnit> <Opcode : 'add' 'sub'> <InPorts = 2> <OutPorts = 1>
ST_1 : Operation 24 [1/1] (0.89ns)   --->   "%icmp_ln165 = icmp_eq  i7 %j_load, i7 64" [top.cpp:165]   --->   Operation 24 'icmp' 'icmp_ln165' <Predicate = (!icmp_ln164)> <Delay = 0.89> <CoreInst = "Cmp">   --->   Core 9 'Cmp' <Latency = 0> <II = 1> <Delay = 0.89> <FuncUnit> <Opcode : 'seteq' 'setne' 'setle' 'setge' 'setlt' 'setgt'> <InPorts = 2> <OutPorts = 1>
ST_1 : Operation 25 [1/1] (0.42ns)   --->   "%select_ln164 = select i1 %icmp_ln165, i7 0, i7 %j_load" [top.cpp:164]   --->   Operation 25 'select' 'select_ln164' <Predicate = (!icmp_ln164)> <Delay = 0.42> <CoreInst = "Sel">   --->   Core 73 'Sel' <Latency = 0> <II = 1> <Delay = 0.42> <FuncUnit> <Opcode : 'select'> <InPorts = 3> <OutPorts = 1>
ST_1 : Operation 26 [1/1] (0.45ns)   --->   "%select_ln164_1 = select i1 %icmp_ln165, i9 %add_ln164, i9 %i_load" [top.cpp:164]   --->   Operation 26 'select' 'select_ln164_1' <Predicate = (!icmp_ln164)> <Delay = 0.45> <CoreInst = "Sel">   --->   Core 73 'Sel' <Latency = 0> <II = 1> <Delay = 0.45> <FuncUnit> <Opcode : 'select'> <InPorts = 3> <OutPorts = 1>
ST_1 : Operation 27 [1/1] (0.00ns)   --->   "%trunc_ln164 = trunc i9 %select_ln164_1" [top.cpp:164]   --->   Operation 27 'trunc' 'trunc_ln164' <Predicate = (!icmp_ln164)> <Delay = 0.00>
ST_1 : Operation 28 [1/1] (0.00ns)   --->   "%trunc_ln165 = trunc i7 %select_ln164" [top.cpp:165]   --->   Operation 28 'trunc' 'trunc_ln165' <Predicate = (!icmp_ln164)> <Delay = 0.00>
ST_1 : Operation 29 [1/1] (0.00ns)   --->   "%lshr_ln9 = partselect i2 @_ssdm_op_PartSelect.i2.i7.i32.i32, i7 %select_ln164, i32 4, i32 5" [top.cpp:165]   --->   Operation 29 'partselect' 'lshr_ln9' <Predicate = (!icmp_ln164)> <Delay = 0.00>
ST_1 : Operation 30 [1/1] (0.00ns)   --->   "%tmp_s = partselect i7 @_ssdm_op_PartSelect.i7.i9.i32.i32, i9 %select_ln164_1, i32 1, i32 7" [top.cpp:167]   --->   Operation 30 'partselect' 'tmp_s' <Predicate = (!icmp_ln164)> <Delay = 0.00>
ST_1 : Operation 31 [1/1] (0.00ns)   --->   "%tmp_1 = bitconcatenate i9 @_ssdm_op_BitConcatenate.i9.i7.i2, i7 %tmp_s, i2 %lshr_ln9" [top.cpp:167]   --->   Operation 31 'bitconcatenate' 'tmp_1' <Predicate = (!icmp_ln164)> <Delay = 0.00>
ST_1 : Operation 32 [1/1] (0.00ns)   --->   "%zext_ln167_1 = zext i9 %tmp_1" [top.cpp:167]   --->   Operation 32 'zext' 'zext_ln167_1' <Predicate = (!icmp_ln164)> <Delay = 0.00>
ST_1 : Operation 33 [1/1] (0.00ns)   --->   "%C_1_addr = getelementptr i24 %C_1, i64 0, i64 %zext_ln167_1" [top.cpp:167]   --->   Operation 33 'getelementptr' 'C_1_addr' <Predicate = (!icmp_ln164)> <Delay = 0.00>
ST_1 : Operation 34 [1/1] (0.00ns)   --->   "%C_2_addr = getelementptr i24 %C_2, i64 0, i64 %zext_ln167_1" [top.cpp:167]   --->   Operation 34 'getelementptr' 'C_2_addr' <Predicate = (!icmp_ln164)> <Delay = 0.00>
ST_1 : Operation 35 [1/1] (0.00ns)   --->   "%C_3_addr = getelementptr i24 %C_3, i64 0, i64 %zext_ln167_1" [top.cpp:167]   --->   Operation 35 'getelementptr' 'C_3_addr' <Predicate = (!icmp_ln164)> <Delay = 0.00>
ST_1 : Operation 36 [1/1] (0.00ns)   --->   "%C_4_addr = getelementptr i24 %C_4, i64 0, i64 %zext_ln167_1" [top.cpp:167]   --->   Operation 36 'getelementptr' 'C_4_addr' <Predicate = (!icmp_ln164)> <Delay = 0.00>
ST_1 : Operation 37 [1/1] (0.00ns)   --->   "%C_5_addr = getelementptr i24 %C_5, i64 0, i64 %zext_ln167_1" [top.cpp:167]   --->   Operation 37 'getelementptr' 'C_5_addr' <Predicate = (!icmp_ln164)> <Delay = 0.00>
ST_1 : Operation 38 [1/1] (0.00ns)   --->   "%C_6_addr = getelementptr i24 %C_6, i64 0, i64 %zext_ln167_1" [top.cpp:167]   --->   Operation 38 'getelementptr' 'C_6_addr' <Predicate = (!icmp_ln164)> <Delay = 0.00>
ST_1 : Operation 39 [1/1] (0.00ns)   --->   "%C_7_addr = getelementptr i24 %C_7, i64 0, i64 %zext_ln167_1" [top.cpp:167]   --->   Operation 39 'getelementptr' 'C_7_addr' <Predicate = (!icmp_ln164)> <Delay = 0.00>
ST_1 : Operation 40 [1/1] (0.00ns)   --->   "%C_8_addr = getelementptr i24 %C_8, i64 0, i64 %zext_ln167_1" [top.cpp:167]   --->   Operation 40 'getelementptr' 'C_8_addr' <Predicate = (!icmp_ln164)> <Delay = 0.00>
ST_1 : Operation 41 [1/1] (0.00ns)   --->   "%C_9_addr = getelementptr i24 %C_9, i64 0, i64 %zext_ln167_1" [top.cpp:167]   --->   Operation 41 'getelementptr' 'C_9_addr' <Predicate = (!icmp_ln164)> <Delay = 0.00>
ST_1 : Operation 42 [1/1] (0.00ns)   --->   "%C_10_addr = getelementptr i24 %C_10, i64 0, i64 %zext_ln167_1" [top.cpp:167]   --->   Operation 42 'getelementptr' 'C_10_addr' <Predicate = (!icmp_ln164)> <Delay = 0.00>
ST_1 : Operation 43 [1/1] (0.00ns)   --->   "%C_11_addr = getelementptr i24 %C_11, i64 0, i64 %zext_ln167_1" [top.cpp:167]   --->   Operation 43 'getelementptr' 'C_11_addr' <Predicate = (!icmp_ln164)> <Delay = 0.00>
ST_1 : Operation 44 [1/1] (0.00ns)   --->   "%C_12_addr = getelementptr i24 %C_12, i64 0, i64 %zext_ln167_1" [top.cpp:167]   --->   Operation 44 'getelementptr' 'C_12_addr' <Predicate = (!icmp_ln164)> <Delay = 0.00>
ST_1 : Operation 45 [1/1] (0.00ns)   --->   "%C_13_addr = getelementptr i24 %C_13, i64 0, i64 %zext_ln167_1" [top.cpp:167]   --->   Operation 45 'getelementptr' 'C_13_addr' <Predicate = (!icmp_ln164)> <Delay = 0.00>
ST_1 : Operation 46 [1/1] (0.00ns)   --->   "%C_14_addr = getelementptr i24 %C_14, i64 0, i64 %zext_ln167_1" [top.cpp:167]   --->   Operation 46 'getelementptr' 'C_14_addr' <Predicate = (!icmp_ln164)> <Delay = 0.00>
ST_1 : Operation 47 [1/1] (0.00ns)   --->   "%C_15_addr = getelementptr i24 %C_15, i64 0, i64 %zext_ln167_1" [top.cpp:167]   --->   Operation 47 'getelementptr' 'C_15_addr' <Predicate = (!icmp_ln164)> <Delay = 0.00>
ST_1 : Operation 48 [1/1] (0.00ns)   --->   "%C_16_addr = getelementptr i24 %C_16, i64 0, i64 %zext_ln167_1" [top.cpp:167]   --->   Operation 48 'getelementptr' 'C_16_addr' <Predicate = (!icmp_ln164)> <Delay = 0.00>
ST_1 : Operation 49 [1/1] (0.00ns)   --->   "%C_17_addr = getelementptr i24 %C_17, i64 0, i64 %zext_ln167_1" [top.cpp:167]   --->   Operation 49 'getelementptr' 'C_17_addr' <Predicate = (!icmp_ln164)> <Delay = 0.00>
ST_1 : Operation 50 [1/1] (0.00ns)   --->   "%C_18_addr = getelementptr i24 %C_18, i64 0, i64 %zext_ln167_1" [top.cpp:167]   --->   Operation 50 'getelementptr' 'C_18_addr' <Predicate = (!icmp_ln164)> <Delay = 0.00>
ST_1 : Operation 51 [1/1] (0.00ns)   --->   "%C_19_addr = getelementptr i24 %C_19, i64 0, i64 %zext_ln167_1" [top.cpp:167]   --->   Operation 51 'getelementptr' 'C_19_addr' <Predicate = (!icmp_ln164)> <Delay = 0.00>
ST_1 : Operation 52 [1/1] (0.00ns)   --->   "%C_20_addr = getelementptr i24 %C_20, i64 0, i64 %zext_ln167_1" [top.cpp:167]   --->   Operation 52 'getelementptr' 'C_20_addr' <Predicate = (!icmp_ln164)> <Delay = 0.00>
ST_1 : Operation 53 [1/1] (0.00ns)   --->   "%C_21_addr = getelementptr i24 %C_21, i64 0, i64 %zext_ln167_1" [top.cpp:167]   --->   Operation 53 'getelementptr' 'C_21_addr' <Predicate = (!icmp_ln164)> <Delay = 0.00>
ST_1 : Operation 54 [1/1] (0.00ns)   --->   "%C_22_addr = getelementptr i24 %C_22, i64 0, i64 %zext_ln167_1" [top.cpp:167]   --->   Operation 54 'getelementptr' 'C_22_addr' <Predicate = (!icmp_ln164)> <Delay = 0.00>
ST_1 : Operation 55 [1/1] (0.00ns)   --->   "%C_23_addr = getelementptr i24 %C_23, i64 0, i64 %zext_ln167_1" [top.cpp:167]   --->   Operation 55 'getelementptr' 'C_23_addr' <Predicate = (!icmp_ln164)> <Delay = 0.00>
ST_1 : Operation 56 [1/1] (0.00ns)   --->   "%C_24_addr = getelementptr i24 %C_24, i64 0, i64 %zext_ln167_1" [top.cpp:167]   --->   Operation 56 'getelementptr' 'C_24_addr' <Predicate = (!icmp_ln164)> <Delay = 0.00>
ST_1 : Operation 57 [1/1] (0.00ns)   --->   "%C_25_addr = getelementptr i24 %C_25, i64 0, i64 %zext_ln167_1" [top.cpp:167]   --->   Operation 57 'getelementptr' 'C_25_addr' <Predicate = (!icmp_ln164)> <Delay = 0.00>
ST_1 : Operation 58 [1/1] (0.00ns)   --->   "%C_26_addr = getelementptr i24 %C_26, i64 0, i64 %zext_ln167_1" [top.cpp:167]   --->   Operation 58 'getelementptr' 'C_26_addr' <Predicate = (!icmp_ln164)> <Delay = 0.00>
ST_1 : Operation 59 [1/1] (0.00ns)   --->   "%C_27_addr = getelementptr i24 %C_27, i64 0, i64 %zext_ln167_1" [top.cpp:167]   --->   Operation 59 'getelementptr' 'C_27_addr' <Predicate = (!icmp_ln164)> <Delay = 0.00>
ST_1 : Operation 60 [1/1] (0.00ns)   --->   "%C_28_addr = getelementptr i24 %C_28, i64 0, i64 %zext_ln167_1" [top.cpp:167]   --->   Operation 60 'getelementptr' 'C_28_addr' <Predicate = (!icmp_ln164)> <Delay = 0.00>
ST_1 : Operation 61 [1/1] (0.00ns)   --->   "%C_29_addr = getelementptr i24 %C_29, i64 0, i64 %zext_ln167_1" [top.cpp:167]   --->   Operation 61 'getelementptr' 'C_29_addr' <Predicate = (!icmp_ln164)> <Delay = 0.00>
ST_1 : Operation 62 [1/1] (0.00ns)   --->   "%C_30_addr = getelementptr i24 %C_30, i64 0, i64 %zext_ln167_1" [top.cpp:167]   --->   Operation 62 'getelementptr' 'C_30_addr' <Predicate = (!icmp_ln164)> <Delay = 0.00>
ST_1 : Operation 63 [1/1] (0.00ns)   --->   "%C_31_addr = getelementptr i24 %C_31, i64 0, i64 %zext_ln167_1" [top.cpp:167]   --->   Operation 63 'getelementptr' 'C_31_addr' <Predicate = (!icmp_ln164)> <Delay = 0.00>
ST_1 : Operation 64 [1/1] (0.00ns)   --->   "%C_32_addr = getelementptr i24 %C_32, i64 0, i64 %zext_ln167_1" [top.cpp:167]   --->   Operation 64 'getelementptr' 'C_32_addr' <Predicate = (!icmp_ln164)> <Delay = 0.00>
ST_1 : Operation 65 [2/2] (1.35ns)   --->   "%C_1_load = load i9 %C_1_addr" [top.cpp:167]   --->   Operation 65 'load' 'C_1_load' <Predicate = (!icmp_ln164)> <Delay = 1.35> <CoreInst = "RAM">   --->   Core 82 'RAM' <Latency = 1> <II = 1> <Delay = 1.35> <Storage> <Opcode : 'load' 'store'> <Ports = 2> <Width = 24> <Depth = 512> <RAM>
ST_1 : Operation 66 [2/2] (1.35ns)   --->   "%C_2_load = load i9 %C_2_addr" [top.cpp:167]   --->   Operation 66 'load' 'C_2_load' <Predicate = (!icmp_ln164)> <Delay = 1.35> <CoreInst = "RAM">   --->   Core 82 'RAM' <Latency = 1> <II = 1> <Delay = 1.35> <Storage> <Opcode : 'load' 'store'> <Ports = 2> <Width = 24> <Depth = 512> <RAM>
ST_1 : Operation 67 [2/2] (1.35ns)   --->   "%C_3_load = load i9 %C_3_addr" [top.cpp:167]   --->   Operation 67 'load' 'C_3_load' <Predicate = (!icmp_ln164)> <Delay = 1.35> <CoreInst = "RAM">   --->   Core 82 'RAM' <Latency = 1> <II = 1> <Delay = 1.35> <Storage> <Opcode : 'load' 'store'> <Ports = 2> <Width = 24> <Depth = 512> <RAM>
ST_1 : Operation 68 [2/2] (1.35ns)   --->   "%C_4_load = load i9 %C_4_addr" [top.cpp:167]   --->   Operation 68 'load' 'C_4_load' <Predicate = (!icmp_ln164)> <Delay = 1.35> <CoreInst = "RAM">   --->   Core 82 'RAM' <Latency = 1> <II = 1> <Delay = 1.35> <Storage> <Opcode : 'load' 'store'> <Ports = 2> <Width = 24> <Depth = 512> <RAM>
ST_1 : Operation 69 [2/2] (1.35ns)   --->   "%C_5_load = load i9 %C_5_addr" [top.cpp:167]   --->   Operation 69 'load' 'C_5_load' <Predicate = (!icmp_ln164)> <Delay = 1.35> <CoreInst = "RAM">   --->   Core 82 'RAM' <Latency = 1> <II = 1> <Delay = 1.35> <Storage> <Opcode : 'load' 'store'> <Ports = 2> <Width = 24> <Depth = 512> <RAM>
ST_1 : Operation 70 [2/2] (1.35ns)   --->   "%C_6_load = load i9 %C_6_addr" [top.cpp:167]   --->   Operation 70 'load' 'C_6_load' <Predicate = (!icmp_ln164)> <Delay = 1.35> <CoreInst = "RAM">   --->   Core 82 'RAM' <Latency = 1> <II = 1> <Delay = 1.35> <Storage> <Opcode : 'load' 'store'> <Ports = 2> <Width = 24> <Depth = 512> <RAM>
ST_1 : Operation 71 [2/2] (1.35ns)   --->   "%C_7_load = load i9 %C_7_addr" [top.cpp:167]   --->   Operation 71 'load' 'C_7_load' <Predicate = (!icmp_ln164)> <Delay = 1.35> <CoreInst = "RAM">   --->   Core 82 'RAM' <Latency = 1> <II = 1> <Delay = 1.35> <Storage> <Opcode : 'load' 'store'> <Ports = 2> <Width = 24> <Depth = 512> <RAM>
ST_1 : Operation 72 [2/2] (1.35ns)   --->   "%C_8_load = load i9 %C_8_addr" [top.cpp:167]   --->   Operation 72 'load' 'C_8_load' <Predicate = (!icmp_ln164)> <Delay = 1.35> <CoreInst = "RAM">   --->   Core 82 'RAM' <Latency = 1> <II = 1> <Delay = 1.35> <Storage> <Opcode : 'load' 'store'> <Ports = 2> <Width = 24> <Depth = 512> <RAM>
ST_1 : Operation 73 [2/2] (1.35ns)   --->   "%C_9_load = load i9 %C_9_addr" [top.cpp:167]   --->   Operation 73 'load' 'C_9_load' <Predicate = (!icmp_ln164)> <Delay = 1.35> <CoreInst = "RAM">   --->   Core 82 'RAM' <Latency = 1> <II = 1> <Delay = 1.35> <Storage> <Opcode : 'load' 'store'> <Ports = 2> <Width = 24> <Depth = 512> <RAM>
ST_1 : Operation 74 [2/2] (1.35ns)   --->   "%C_10_load = load i9 %C_10_addr" [top.cpp:167]   --->   Operation 74 'load' 'C_10_load' <Predicate = (!icmp_ln164)> <Delay = 1.35> <CoreInst = "RAM">   --->   Core 82 'RAM' <Latency = 1> <II = 1> <Delay = 1.35> <Storage> <Opcode : 'load' 'store'> <Ports = 2> <Width = 24> <Depth = 512> <RAM>
ST_1 : Operation 75 [2/2] (1.35ns)   --->   "%C_11_load = load i9 %C_11_addr" [top.cpp:167]   --->   Operation 75 'load' 'C_11_load' <Predicate = (!icmp_ln164)> <Delay = 1.35> <CoreInst = "RAM">   --->   Core 82 'RAM' <Latency = 1> <II = 1> <Delay = 1.35> <Storage> <Opcode : 'load' 'store'> <Ports = 2> <Width = 24> <Depth = 512> <RAM>
ST_1 : Operation 76 [2/2] (1.35ns)   --->   "%C_12_load = load i9 %C_12_addr" [top.cpp:167]   --->   Operation 76 'load' 'C_12_load' <Predicate = (!icmp_ln164)> <Delay = 1.35> <CoreInst = "RAM">   --->   Core 82 'RAM' <Latency = 1> <II = 1> <Delay = 1.35> <Storage> <Opcode : 'load' 'store'> <Ports = 2> <Width = 24> <Depth = 512> <RAM>
ST_1 : Operation 77 [2/2] (1.35ns)   --->   "%C_13_load = load i9 %C_13_addr" [top.cpp:167]   --->   Operation 77 'load' 'C_13_load' <Predicate = (!icmp_ln164)> <Delay = 1.35> <CoreInst = "RAM">   --->   Core 82 'RAM' <Latency = 1> <II = 1> <Delay = 1.35> <Storage> <Opcode : 'load' 'store'> <Ports = 2> <Width = 24> <Depth = 512> <RAM>
ST_1 : Operation 78 [2/2] (1.35ns)   --->   "%C_14_load = load i9 %C_14_addr" [top.cpp:167]   --->   Operation 78 'load' 'C_14_load' <Predicate = (!icmp_ln164)> <Delay = 1.35> <CoreInst = "RAM">   --->   Core 82 'RAM' <Latency = 1> <II = 1> <Delay = 1.35> <Storage> <Opcode : 'load' 'store'> <Ports = 2> <Width = 24> <Depth = 512> <RAM>
ST_1 : Operation 79 [2/2] (1.35ns)   --->   "%C_15_load = load i9 %C_15_addr" [top.cpp:167]   --->   Operation 79 'load' 'C_15_load' <Predicate = (!icmp_ln164)> <Delay = 1.35> <CoreInst = "RAM">   --->   Core 82 'RAM' <Latency = 1> <II = 1> <Delay = 1.35> <Storage> <Opcode : 'load' 'store'> <Ports = 2> <Width = 24> <Depth = 512> <RAM>
ST_1 : Operation 80 [2/2] (1.35ns)   --->   "%C_16_load = load i9 %C_16_addr" [top.cpp:167]   --->   Operation 80 'load' 'C_16_load' <Predicate = (!icmp_ln164)> <Delay = 1.35> <CoreInst = "RAM">   --->   Core 82 'RAM' <Latency = 1> <II = 1> <Delay = 1.35> <Storage> <Opcode : 'load' 'store'> <Ports = 2> <Width = 24> <Depth = 512> <RAM>
ST_1 : Operation 81 [2/2] (1.35ns)   --->   "%C_17_load = load i9 %C_17_addr" [top.cpp:167]   --->   Operation 81 'load' 'C_17_load' <Predicate = (!icmp_ln164)> <Delay = 1.35> <CoreInst = "RAM">   --->   Core 82 'RAM' <Latency = 1> <II = 1> <Delay = 1.35> <Storage> <Opcode : 'load' 'store'> <Ports = 2> <Width = 24> <Depth = 512> <RAM>
ST_1 : Operation 82 [2/2] (1.35ns)   --->   "%C_18_load = load i9 %C_18_addr" [top.cpp:167]   --->   Operation 82 'load' 'C_18_load' <Predicate = (!icmp_ln164)> <Delay = 1.35> <CoreInst = "RAM">   --->   Core 82 'RAM' <Latency = 1> <II = 1> <Delay = 1.35> <Storage> <Opcode : 'load' 'store'> <Ports = 2> <Width = 24> <Depth = 512> <RAM>
ST_1 : Operation 83 [2/2] (1.35ns)   --->   "%C_19_load = load i9 %C_19_addr" [top.cpp:167]   --->   Operation 83 'load' 'C_19_load' <Predicate = (!icmp_ln164)> <Delay = 1.35> <CoreInst = "RAM">   --->   Core 82 'RAM' <Latency = 1> <II = 1> <Delay = 1.35> <Storage> <Opcode : 'load' 'store'> <Ports = 2> <Width = 24> <Depth = 512> <RAM>
ST_1 : Operation 84 [2/2] (1.35ns)   --->   "%C_20_load = load i9 %C_20_addr" [top.cpp:167]   --->   Operation 84 'load' 'C_20_load' <Predicate = (!icmp_ln164)> <Delay = 1.35> <CoreInst = "RAM">   --->   Core 82 'RAM' <Latency = 1> <II = 1> <Delay = 1.35> <Storage> <Opcode : 'load' 'store'> <Ports = 2> <Width = 24> <Depth = 512> <RAM>
ST_1 : Operation 85 [2/2] (1.35ns)   --->   "%C_21_load = load i9 %C_21_addr" [top.cpp:167]   --->   Operation 85 'load' 'C_21_load' <Predicate = (!icmp_ln164)> <Delay = 1.35> <CoreInst = "RAM">   --->   Core 82 'RAM' <Latency = 1> <II = 1> <Delay = 1.35> <Storage> <Opcode : 'load' 'store'> <Ports = 2> <Width = 24> <Depth = 512> <RAM>
ST_1 : Operation 86 [2/2] (1.35ns)   --->   "%C_22_load = load i9 %C_22_addr" [top.cpp:167]   --->   Operation 86 'load' 'C_22_load' <Predicate = (!icmp_ln164)> <Delay = 1.35> <CoreInst = "RAM">   --->   Core 82 'RAM' <Latency = 1> <II = 1> <Delay = 1.35> <Storage> <Opcode : 'load' 'store'> <Ports = 2> <Width = 24> <Depth = 512> <RAM>
ST_1 : Operation 87 [2/2] (1.35ns)   --->   "%C_23_load = load i9 %C_23_addr" [top.cpp:167]   --->   Operation 87 'load' 'C_23_load' <Predicate = (!icmp_ln164)> <Delay = 1.35> <CoreInst = "RAM">   --->   Core 82 'RAM' <Latency = 1> <II = 1> <Delay = 1.35> <Storage> <Opcode : 'load' 'store'> <Ports = 2> <Width = 24> <Depth = 512> <RAM>
ST_1 : Operation 88 [2/2] (1.35ns)   --->   "%C_24_load = load i9 %C_24_addr" [top.cpp:167]   --->   Operation 88 'load' 'C_24_load' <Predicate = (!icmp_ln164)> <Delay = 1.35> <CoreInst = "RAM">   --->   Core 82 'RAM' <Latency = 1> <II = 1> <Delay = 1.35> <Storage> <Opcode : 'load' 'store'> <Ports = 2> <Width = 24> <Depth = 512> <RAM>
ST_1 : Operation 89 [2/2] (1.35ns)   --->   "%C_25_load = load i9 %C_25_addr" [top.cpp:167]   --->   Operation 89 'load' 'C_25_load' <Predicate = (!icmp_ln164)> <Delay = 1.35> <CoreInst = "RAM">   --->   Core 82 'RAM' <Latency = 1> <II = 1> <Delay = 1.35> <Storage> <Opcode : 'load' 'store'> <Ports = 2> <Width = 24> <Depth = 512> <RAM>
ST_1 : Operation 90 [2/2] (1.35ns)   --->   "%C_26_load = load i9 %C_26_addr" [top.cpp:167]   --->   Operation 90 'load' 'C_26_load' <Predicate = (!icmp_ln164)> <Delay = 1.35> <CoreInst = "RAM">   --->   Core 82 'RAM' <Latency = 1> <II = 1> <Delay = 1.35> <Storage> <Opcode : 'load' 'store'> <Ports = 2> <Width = 24> <Depth = 512> <RAM>
ST_1 : Operation 91 [2/2] (1.35ns)   --->   "%C_27_load = load i9 %C_27_addr" [top.cpp:167]   --->   Operation 91 'load' 'C_27_load' <Predicate = (!icmp_ln164)> <Delay = 1.35> <CoreInst = "RAM">   --->   Core 82 'RAM' <Latency = 1> <II = 1> <Delay = 1.35> <Storage> <Opcode : 'load' 'store'> <Ports = 2> <Width = 24> <Depth = 512> <RAM>
ST_1 : Operation 92 [2/2] (1.35ns)   --->   "%C_28_load = load i9 %C_28_addr" [top.cpp:167]   --->   Operation 92 'load' 'C_28_load' <Predicate = (!icmp_ln164)> <Delay = 1.35> <CoreInst = "RAM">   --->   Core 82 'RAM' <Latency = 1> <II = 1> <Delay = 1.35> <Storage> <Opcode : 'load' 'store'> <Ports = 2> <Width = 24> <Depth = 512> <RAM>
ST_1 : Operation 93 [2/2] (1.35ns)   --->   "%C_29_load = load i9 %C_29_addr" [top.cpp:167]   --->   Operation 93 'load' 'C_29_load' <Predicate = (!icmp_ln164)> <Delay = 1.35> <CoreInst = "RAM">   --->   Core 82 'RAM' <Latency = 1> <II = 1> <Delay = 1.35> <Storage> <Opcode : 'load' 'store'> <Ports = 2> <Width = 24> <Depth = 512> <RAM>
ST_1 : Operation 94 [2/2] (1.35ns)   --->   "%C_30_load = load i9 %C_30_addr" [top.cpp:167]   --->   Operation 94 'load' 'C_30_load' <Predicate = (!icmp_ln164)> <Delay = 1.35> <CoreInst = "RAM">   --->   Core 82 'RAM' <Latency = 1> <II = 1> <Delay = 1.35> <Storage> <Opcode : 'load' 'store'> <Ports = 2> <Width = 24> <Depth = 512> <RAM>
ST_1 : Operation 95 [2/2] (1.35ns)   --->   "%C_31_load = load i9 %C_31_addr" [top.cpp:167]   --->   Operation 95 'load' 'C_31_load' <Predicate = (!icmp_ln164)> <Delay = 1.35> <CoreInst = "RAM">   --->   Core 82 'RAM' <Latency = 1> <II = 1> <Delay = 1.35> <Storage> <Opcode : 'load' 'store'> <Ports = 2> <Width = 24> <Depth = 512> <RAM>
ST_1 : Operation 96 [2/2] (1.35ns)   --->   "%C_32_load = load i9 %C_32_addr" [top.cpp:167]   --->   Operation 96 'load' 'C_32_load' <Predicate = (!icmp_ln164)> <Delay = 1.35> <CoreInst = "RAM">   --->   Core 82 'RAM' <Latency = 1> <II = 1> <Delay = 1.35> <Storage> <Opcode : 'load' 'store'> <Ports = 2> <Width = 24> <Depth = 512> <RAM>
ST_1 : Operation 97 [1/1] (0.89ns)   --->   "%add_ln165 = add i7 %select_ln164, i7 1" [top.cpp:165]   --->   Operation 97 'add' 'add_ln165' <Predicate = (!icmp_ln164)> <Delay = 0.89> <CoreInst = "Adder">   --->   Core 1 'Adder' <Latency = 0> <II = 1> <Delay = 0.89> <FuncUnit> <Opcode : 'add' 'sub'> <InPorts = 2> <OutPorts = 1>
ST_1 : Operation 98 [1/1] (0.48ns)   --->   "%store_ln164 = store i15 %add_ln164_1, i15 %indvar_flatten14" [top.cpp:164]   --->   Operation 98 'store' 'store_ln164' <Predicate = (!icmp_ln164)> <Delay = 0.48>
ST_1 : Operation 99 [1/1] (0.48ns)   --->   "%store_ln164 = store i9 %select_ln164_1, i9 %i" [top.cpp:164]   --->   Operation 99 'store' 'store_ln164' <Predicate = (!icmp_ln164)> <Delay = 0.48>
ST_1 : Operation 100 [1/1] (0.48ns)   --->   "%store_ln165 = store i7 %add_ln165, i7 %j" [top.cpp:165]   --->   Operation 100 'store' 'store_ln165' <Predicate = (!icmp_ln164)> <Delay = 0.48>

State 2 <SV = 1> <Delay = 2.35>
ST_2 : Operation 101 [1/2] ( I:1.35ns O:1.35ns )   --->   "%C_1_load = load i9 %C_1_addr" [top.cpp:167]   --->   Operation 101 'load' 'C_1_load' <Predicate = true> <Delay = 1.35> <CoreInst = "RAM">   --->   Core 82 'RAM' <Latency = 1> <II = 1> <Delay = 1.35> <Storage> <Opcode : 'load' 'store'> <Ports = 2> <Width = 24> <Depth = 512> <RAM>
ST_2 : Operation 102 [1/2] ( I:1.35ns O:1.35ns )   --->   "%C_2_load = load i9 %C_2_addr" [top.cpp:167]   --->   Operation 102 'load' 'C_2_load' <Predicate = true> <Delay = 1.35> <CoreInst = "RAM">   --->   Core 82 'RAM' <Latency = 1> <II = 1> <Delay = 1.35> <Storage> <Opcode : 'load' 'store'> <Ports = 2> <Width = 24> <Depth = 512> <RAM>
ST_2 : Operation 103 [1/2] ( I:1.35ns O:1.35ns )   --->   "%C_3_load = load i9 %C_3_addr" [top.cpp:167]   --->   Operation 103 'load' 'C_3_load' <Predicate = true> <Delay = 1.35> <CoreInst = "RAM">   --->   Core 82 'RAM' <Latency = 1> <II = 1> <Delay = 1.35> <Storage> <Opcode : 'load' 'store'> <Ports = 2> <Width = 24> <Depth = 512> <RAM>
ST_2 : Operation 104 [1/2] ( I:1.35ns O:1.35ns )   --->   "%C_4_load = load i9 %C_4_addr" [top.cpp:167]   --->   Operation 104 'load' 'C_4_load' <Predicate = true> <Delay = 1.35> <CoreInst = "RAM">   --->   Core 82 'RAM' <Latency = 1> <II = 1> <Delay = 1.35> <Storage> <Opcode : 'load' 'store'> <Ports = 2> <Width = 24> <Depth = 512> <RAM>
ST_2 : Operation 105 [1/2] ( I:1.35ns O:1.35ns )   --->   "%C_5_load = load i9 %C_5_addr" [top.cpp:167]   --->   Operation 105 'load' 'C_5_load' <Predicate = true> <Delay = 1.35> <CoreInst = "RAM">   --->   Core 82 'RAM' <Latency = 1> <II = 1> <Delay = 1.35> <Storage> <Opcode : 'load' 'store'> <Ports = 2> <Width = 24> <Depth = 512> <RAM>
ST_2 : Operation 106 [1/2] ( I:1.35ns O:1.35ns )   --->   "%C_6_load = load i9 %C_6_addr" [top.cpp:167]   --->   Operation 106 'load' 'C_6_load' <Predicate = true> <Delay = 1.35> <CoreInst = "RAM">   --->   Core 82 'RAM' <Latency = 1> <II = 1> <Delay = 1.35> <Storage> <Opcode : 'load' 'store'> <Ports = 2> <Width = 24> <Depth = 512> <RAM>
ST_2 : Operation 107 [1/2] ( I:1.35ns O:1.35ns )   --->   "%C_7_load = load i9 %C_7_addr" [top.cpp:167]   --->   Operation 107 'load' 'C_7_load' <Predicate = true> <Delay = 1.35> <CoreInst = "RAM">   --->   Core 82 'RAM' <Latency = 1> <II = 1> <Delay = 1.35> <Storage> <Opcode : 'load' 'store'> <Ports = 2> <Width = 24> <Depth = 512> <RAM>
ST_2 : Operation 108 [1/2] ( I:1.35ns O:1.35ns )   --->   "%C_8_load = load i9 %C_8_addr" [top.cpp:167]   --->   Operation 108 'load' 'C_8_load' <Predicate = true> <Delay = 1.35> <CoreInst = "RAM">   --->   Core 82 'RAM' <Latency = 1> <II = 1> <Delay = 1.35> <Storage> <Opcode : 'load' 'store'> <Ports = 2> <Width = 24> <Depth = 512> <RAM>
ST_2 : Operation 109 [1/2] ( I:1.35ns O:1.35ns )   --->   "%C_9_load = load i9 %C_9_addr" [top.cpp:167]   --->   Operation 109 'load' 'C_9_load' <Predicate = true> <Delay = 1.35> <CoreInst = "RAM">   --->   Core 82 'RAM' <Latency = 1> <II = 1> <Delay = 1.35> <Storage> <Opcode : 'load' 'store'> <Ports = 2> <Width = 24> <Depth = 512> <RAM>
ST_2 : Operation 110 [1/2] ( I:1.35ns O:1.35ns )   --->   "%C_10_load = load i9 %C_10_addr" [top.cpp:167]   --->   Operation 110 'load' 'C_10_load' <Predicate = true> <Delay = 1.35> <CoreInst = "RAM">   --->   Core 82 'RAM' <Latency = 1> <II = 1> <Delay = 1.35> <Storage> <Opcode : 'load' 'store'> <Ports = 2> <Width = 24> <Depth = 512> <RAM>
ST_2 : Operation 111 [1/2] ( I:1.35ns O:1.35ns )   --->   "%C_11_load = load i9 %C_11_addr" [top.cpp:167]   --->   Operation 111 'load' 'C_11_load' <Predicate = true> <Delay = 1.35> <CoreInst = "RAM">   --->   Core 82 'RAM' <Latency = 1> <II = 1> <Delay = 1.35> <Storage> <Opcode : 'load' 'store'> <Ports = 2> <Width = 24> <Depth = 512> <RAM>
ST_2 : Operation 112 [1/2] ( I:1.35ns O:1.35ns )   --->   "%C_12_load = load i9 %C_12_addr" [top.cpp:167]   --->   Operation 112 'load' 'C_12_load' <Predicate = true> <Delay = 1.35> <CoreInst = "RAM">   --->   Core 82 'RAM' <Latency = 1> <II = 1> <Delay = 1.35> <Storage> <Opcode : 'load' 'store'> <Ports = 2> <Width = 24> <Depth = 512> <RAM>
ST_2 : Operation 113 [1/2] ( I:1.35ns O:1.35ns )   --->   "%C_13_load = load i9 %C_13_addr" [top.cpp:167]   --->   Operation 113 'load' 'C_13_load' <Predicate = true> <Delay = 1.35> <CoreInst = "RAM">   --->   Core 82 'RAM' <Latency = 1> <II = 1> <Delay = 1.35> <Storage> <Opcode : 'load' 'store'> <Ports = 2> <Width = 24> <Depth = 512> <RAM>
ST_2 : Operation 114 [1/2] ( I:1.35ns O:1.35ns )   --->   "%C_14_load = load i9 %C_14_addr" [top.cpp:167]   --->   Operation 114 'load' 'C_14_load' <Predicate = true> <Delay = 1.35> <CoreInst = "RAM">   --->   Core 82 'RAM' <Latency = 1> <II = 1> <Delay = 1.35> <Storage> <Opcode : 'load' 'store'> <Ports = 2> <Width = 24> <Depth = 512> <RAM>
ST_2 : Operation 115 [1/2] ( I:1.35ns O:1.35ns )   --->   "%C_15_load = load i9 %C_15_addr" [top.cpp:167]   --->   Operation 115 'load' 'C_15_load' <Predicate = true> <Delay = 1.35> <CoreInst = "RAM">   --->   Core 82 'RAM' <Latency = 1> <II = 1> <Delay = 1.35> <Storage> <Opcode : 'load' 'store'> <Ports = 2> <Width = 24> <Depth = 512> <RAM>
ST_2 : Operation 116 [1/2] ( I:1.35ns O:1.35ns )   --->   "%C_16_load = load i9 %C_16_addr" [top.cpp:167]   --->   Operation 116 'load' 'C_16_load' <Predicate = true> <Delay = 1.35> <CoreInst = "RAM">   --->   Core 82 'RAM' <Latency = 1> <II = 1> <Delay = 1.35> <Storage> <Opcode : 'load' 'store'> <Ports = 2> <Width = 24> <Depth = 512> <RAM>
ST_2 : Operation 117 [1/1] (0.57ns)   --->   "%tmp_2 = sparsemux i24 @_ssdm_op_SparseMux.ap_auto.16i24.i24.i4, i4 0, i24 %C_1_load, i4 1, i24 %C_2_load, i4 2, i24 %C_3_load, i4 3, i24 %C_4_load, i4 4, i24 %C_5_load, i4 5, i24 %C_6_load, i4 6, i24 %C_7_load, i4 7, i24 %C_8_load, i4 8, i24 %C_9_load, i4 9, i24 %C_10_load, i4 10, i24 %C_11_load, i4 11, i24 %C_12_load, i4 12, i24 %C_13_load, i4 13, i24 %C_14_load, i4 14, i24 %C_15_load, i4 15, i24 %C_16_load, i24 0, i4 %trunc_ln165" [top.cpp:167]   --->   Operation 117 'sparsemux' 'tmp_2' <Predicate = (!trunc_ln164)> <Delay = 0.57> <CoreInst = "BinarySparseMux_DontCare">   --->   Core 149 'BinarySparseMux_DontCare' <Latency = 0> <II = 1> <Delay = 0.57> <FuncUnit> <Opcode : 'sparsemux'> <InPorts = 2> <OutPorts = 1>
ST_2 : Operation 118 [1/2] ( I:1.35ns O:1.35ns )   --->   "%C_17_load = load i9 %C_17_addr" [top.cpp:167]   --->   Operation 118 'load' 'C_17_load' <Predicate = true> <Delay = 1.35> <CoreInst = "RAM">   --->   Core 82 'RAM' <Latency = 1> <II = 1> <Delay = 1.35> <Storage> <Opcode : 'load' 'store'> <Ports = 2> <Width = 24> <Depth = 512> <RAM>
ST_2 : Operation 119 [1/2] ( I:1.35ns O:1.35ns )   --->   "%C_18_load = load i9 %C_18_addr" [top.cpp:167]   --->   Operation 119 'load' 'C_18_load' <Predicate = true> <Delay = 1.35> <CoreInst = "RAM">   --->   Core 82 'RAM' <Latency = 1> <II = 1> <Delay = 1.35> <Storage> <Opcode : 'load' 'store'> <Ports = 2> <Width = 24> <Depth = 512> <RAM>
ST_2 : Operation 120 [1/2] ( I:1.35ns O:1.35ns )   --->   "%C_19_load = load i9 %C_19_addr" [top.cpp:167]   --->   Operation 120 'load' 'C_19_load' <Predicate = true> <Delay = 1.35> <CoreInst = "RAM">   --->   Core 82 'RAM' <Latency = 1> <II = 1> <Delay = 1.35> <Storage> <Opcode : 'load' 'store'> <Ports = 2> <Width = 24> <Depth = 512> <RAM>
ST_2 : Operation 121 [1/2] ( I:1.35ns O:1.35ns )   --->   "%C_20_load = load i9 %C_20_addr" [top.cpp:167]   --->   Operation 121 'load' 'C_20_load' <Predicate = true> <Delay = 1.35> <CoreInst = "RAM">   --->   Core 82 'RAM' <Latency = 1> <II = 1> <Delay = 1.35> <Storage> <Opcode : 'load' 'store'> <Ports = 2> <Width = 24> <Depth = 512> <RAM>
ST_2 : Operation 122 [1/2] ( I:1.35ns O:1.35ns )   --->   "%C_21_load = load i9 %C_21_addr" [top.cpp:167]   --->   Operation 122 'load' 'C_21_load' <Predicate = true> <Delay = 1.35> <CoreInst = "RAM">   --->   Core 82 'RAM' <Latency = 1> <II = 1> <Delay = 1.35> <Storage> <Opcode : 'load' 'store'> <Ports = 2> <Width = 24> <Depth = 512> <RAM>
ST_2 : Operation 123 [1/2] ( I:1.35ns O:1.35ns )   --->   "%C_22_load = load i9 %C_22_addr" [top.cpp:167]   --->   Operation 123 'load' 'C_22_load' <Predicate = true> <Delay = 1.35> <CoreInst = "RAM">   --->   Core 82 'RAM' <Latency = 1> <II = 1> <Delay = 1.35> <Storage> <Opcode : 'load' 'store'> <Ports = 2> <Width = 24> <Depth = 512> <RAM>
ST_2 : Operation 124 [1/2] ( I:1.35ns O:1.35ns )   --->   "%C_23_load = load i9 %C_23_addr" [top.cpp:167]   --->   Operation 124 'load' 'C_23_load' <Predicate = true> <Delay = 1.35> <CoreInst = "RAM">   --->   Core 82 'RAM' <Latency = 1> <II = 1> <Delay = 1.35> <Storage> <Opcode : 'load' 'store'> <Ports = 2> <Width = 24> <Depth = 512> <RAM>
ST_2 : Operation 125 [1/2] ( I:1.35ns O:1.35ns )   --->   "%C_24_load = load i9 %C_24_addr" [top.cpp:167]   --->   Operation 125 'load' 'C_24_load' <Predicate = true> <Delay = 1.35> <CoreInst = "RAM">   --->   Core 82 'RAM' <Latency = 1> <II = 1> <Delay = 1.35> <Storage> <Opcode : 'load' 'store'> <Ports = 2> <Width = 24> <Depth = 512> <RAM>
ST_2 : Operation 126 [1/2] ( I:1.35ns O:1.35ns )   --->   "%C_25_load = load i9 %C_25_addr" [top.cpp:167]   --->   Operation 126 'load' 'C_25_load' <Predicate = true> <Delay = 1.35> <CoreInst = "RAM">   --->   Core 82 'RAM' <Latency = 1> <II = 1> <Delay = 1.35> <Storage> <Opcode : 'load' 'store'> <Ports = 2> <Width = 24> <Depth = 512> <RAM>
ST_2 : Operation 127 [1/2] ( I:1.35ns O:1.35ns )   --->   "%C_26_load = load i9 %C_26_addr" [top.cpp:167]   --->   Operation 127 'load' 'C_26_load' <Predicate = true> <Delay = 1.35> <CoreInst = "RAM">   --->   Core 82 'RAM' <Latency = 1> <II = 1> <Delay = 1.35> <Storage> <Opcode : 'load' 'store'> <Ports = 2> <Width = 24> <Depth = 512> <RAM>
ST_2 : Operation 128 [1/2] ( I:1.35ns O:1.35ns )   --->   "%C_27_load = load i9 %C_27_addr" [top.cpp:167]   --->   Operation 128 'load' 'C_27_load' <Predicate = true> <Delay = 1.35> <CoreInst = "RAM">   --->   Core 82 'RAM' <Latency = 1> <II = 1> <Delay = 1.35> <Storage> <Opcode : 'load' 'store'> <Ports = 2> <Width = 24> <Depth = 512> <RAM>
ST_2 : Operation 129 [1/2] ( I:1.35ns O:1.35ns )   --->   "%C_28_load = load i9 %C_28_addr" [top.cpp:167]   --->   Operation 129 'load' 'C_28_load' <Predicate = true> <Delay = 1.35> <CoreInst = "RAM">   --->   Core 82 'RAM' <Latency = 1> <II = 1> <Delay = 1.35> <Storage> <Opcode : 'load' 'store'> <Ports = 2> <Width = 24> <Depth = 512> <RAM>
ST_2 : Operation 130 [1/2] ( I:1.35ns O:1.35ns )   --->   "%C_29_load = load i9 %C_29_addr" [top.cpp:167]   --->   Operation 130 'load' 'C_29_load' <Predicate = true> <Delay = 1.35> <CoreInst = "RAM">   --->   Core 82 'RAM' <Latency = 1> <II = 1> <Delay = 1.35> <Storage> <Opcode : 'load' 'store'> <Ports = 2> <Width = 24> <Depth = 512> <RAM>
ST_2 : Operation 131 [1/2] ( I:1.35ns O:1.35ns )   --->   "%C_30_load = load i9 %C_30_addr" [top.cpp:167]   --->   Operation 131 'load' 'C_30_load' <Predicate = true> <Delay = 1.35> <CoreInst = "RAM">   --->   Core 82 'RAM' <Latency = 1> <II = 1> <Delay = 1.35> <Storage> <Opcode : 'load' 'store'> <Ports = 2> <Width = 24> <Depth = 512> <RAM>
ST_2 : Operation 132 [1/2] ( I:1.35ns O:1.35ns )   --->   "%C_31_load = load i9 %C_31_addr" [top.cpp:167]   --->   Operation 132 'load' 'C_31_load' <Predicate = true> <Delay = 1.35> <CoreInst = "RAM">   --->   Core 82 'RAM' <Latency = 1> <II = 1> <Delay = 1.35> <Storage> <Opcode : 'load' 'store'> <Ports = 2> <Width = 24> <Depth = 512> <RAM>
ST_2 : Operation 133 [1/2] ( I:1.35ns O:1.35ns )   --->   "%C_32_load = load i9 %C_32_addr" [top.cpp:167]   --->   Operation 133 'load' 'C_32_load' <Predicate = true> <Delay = 1.35> <CoreInst = "RAM">   --->   Core 82 'RAM' <Latency = 1> <II = 1> <Delay = 1.35> <Storage> <Opcode : 'load' 'store'> <Ports = 2> <Width = 24> <Depth = 512> <RAM>
ST_2 : Operation 134 [1/1] (0.57ns)   --->   "%tmp_3 = sparsemux i24 @_ssdm_op_SparseMux.ap_auto.16i24.i24.i4, i4 0, i24 %C_17_load, i4 1, i24 %C_18_load, i4 2, i24 %C_19_load, i4 3, i24 %C_20_load, i4 4, i24 %C_21_load, i4 5, i24 %C_22_load, i4 6, i24 %C_23_load, i4 7, i24 %C_24_load, i4 8, i24 %C_25_load, i4 9, i24 %C_26_load, i4 10, i24 %C_27_load, i4 11, i24 %C_28_load, i4 12, i24 %C_29_load, i4 13, i24 %C_30_load, i4 14, i24 %C_31_load, i4 15, i24 %C_32_load, i24 0, i4 %trunc_ln165" [top.cpp:167]   --->   Operation 134 'sparsemux' 'tmp_3' <Predicate = (trunc_ln164)> <Delay = 0.57> <CoreInst = "BinarySparseMux_DontCare">   --->   Core 149 'BinarySparseMux_DontCare' <Latency = 0> <II = 1> <Delay = 0.57> <FuncUnit> <Opcode : 'sparsemux'> <InPorts = 2> <OutPorts = 1>
ST_2 : Operation 135 [1/1] (0.43ns)   --->   "%select_ln167 = select i1 %trunc_ln164, i24 %tmp_3, i24 %tmp_2" [top.cpp:167]   --->   Operation 135 'select' 'select_ln167' <Predicate = true> <Delay = 0.43> <CoreInst = "Sel">   --->   Core 73 'Sel' <Latency = 0> <II = 1> <Delay = 0.43> <FuncUnit> <Opcode : 'select'> <InPorts = 3> <OutPorts = 1>
ST_2 : Operation 143 [1/1] (0.48ns)   --->   "%ret_ln0 = ret"   --->   Operation 143 'ret' 'ret_ln0' <Predicate = (icmp_ln164)> <Delay = 0.48>

State 3 <SV = 2> <Delay = 7.30>
ST_3 : Operation 136 [1/1] (0.00ns)   --->   "%C_addr = getelementptr i32 %C, i64 %sext_ln164_cast" [top.cpp:164]   --->   Operation 136 'getelementptr' 'C_addr' <Predicate = true> <Delay = 0.00>
ST_3 : Operation 137 [1/1] (0.00ns)   --->   "%specloopname_ln0 = specloopname void @_ssdm_op_SpecLoopName, void @VITIS_LOOP_164_11_VITIS_LOOP_165_12_str"   --->   Operation 137 'specloopname' 'specloopname_ln0' <Predicate = true> <Delay = 0.00>
ST_3 : Operation 138 [1/1] (0.00ns)   --->   "%speclooptripcount_ln0 = speclooptripcount void @_ssdm_op_SpecLoopTripCount, i64 16384, i64 16384, i64 16384"   --->   Operation 138 'speclooptripcount' 'speclooptripcount_ln0' <Predicate = true> <Delay = 0.00>
ST_3 : Operation 139 [1/1] (0.00ns)   --->   "%specpipeline_ln166 = specpipeline void @_ssdm_op_SpecPipeline, i32 1, i32 0, i32 0, i32 0, void @empty_1" [top.cpp:166]   --->   Operation 139 'specpipeline' 'specpipeline_ln166' <Predicate = true> <Delay = 0.00>
ST_3 : Operation 140 [1/1] (0.00ns)   --->   "%zext_ln167 = zext i24 %select_ln167" [top.cpp:167]   --->   Operation 140 'zext' 'zext_ln167' <Predicate = true> <Delay = 0.00>
ST_3 : Operation 141 [1/1] (7.30ns)   --->   "%write_ln167 = write void @_ssdm_op_Write.m_axi.p1i32, i32 %C_addr, i32 %zext_ln167, i4 15" [top.cpp:167]   --->   Operation 141 'write' 'write_ln167' <Predicate = true> <Delay = 7.30> <CoreInst = "m_axi">   --->   Core 119 'm_axi' <Latency = 5> <II = 1> <Delay = 1.00> <Adapter> <Opcode : 'read' 'write' 'readreq' 'writereq' 'writeresp'>
ST_3 : Operation 142 [1/1] (0.00ns)   --->   "%br_ln165 = br void %for.inc134" [top.cpp:165]   --->   Operation 142 'br' 'br_ln165' <Predicate = true> <Delay = 0.00>


============================================================
+ Verbose Summary: Timing violations
============================================================
Target clock period: 10.000ns, clock uncertainty: 2.700ns.

 <State 1>: 3.219ns
The critical path consists of the following:
	'store' operation 0 bit ('store_ln164', top.cpp:164) of constant 0 on local variable 'i', top.cpp:164 [42]  (0.489 ns)
	'load' operation 9 bit ('i_load', top.cpp:164) on local variable 'i', top.cpp:164 [53]  (0.000 ns)
	'add' operation 9 bit ('add_ln164', top.cpp:164) [55]  (0.921 ns)
	'select' operation 9 bit ('select_ln164_1', top.cpp:164) [60]  (0.458 ns)
	'getelementptr' operation 9 bit ('C_1_addr', top.cpp:167) [68]  (0.000 ns)
	'load' operation 24 bit ('C_1_load', top.cpp:167) on array 'C_1' [100]  (1.352 ns)

 <State 2>: 2.357ns
The critical path consists of the following:
	'load' operation 24 bit ('C_1_load', top.cpp:167) on array 'C_1' [100]  (1.352 ns)
	'sparsemux' operation 24 bit ('tmp_2', top.cpp:167) [116]  (0.570 ns)
	'select' operation 24 bit ('select_ln167', top.cpp:167) [134]  (0.435 ns)

 <State 3>: 7.300ns
The critical path consists of the following:
	'getelementptr' operation 32 bit ('C_addr', top.cpp:164) [54]  (0.000 ns)
	bus write operation ('write_ln167', top.cpp:167) on port 'C' (top.cpp:167) [136]  (7.300 ns)


============================================================
+ Verbose Summary: Binding
============================================================
N/A
* FSMD analyzer results:
  - Output states:
 - Input state : 
  - Chain level:
	State 1
	State 2
	State 3


============================================================
+ Verbose Summary: Datapath Resource usage 
============================================================
N/A
