

================================================================
== Vitis HLS Report for 'top_kernel_Pipeline_VITIS_LOOP_205_3'
================================================================
* Date:           Sat Feb  7 23:17:41 2026

* Version:        2025.1.1 (Build 6214317 on Sep 11 2025)
* Project:        project_1
* Solution:       hls (Vivado IP Flow Target)
* Product family: zynquplus
* Target device:  xczu3eg-sbva484-1-e


================================================================
== Performance Estimates
================================================================
+ Timing: 
    * Summary: 
    +--------+----------+----------+------------+
    |  Clock |  Target  | Estimated| Uncertainty|
    +--------+----------+----------+------------+
    |ap_clk  |  10.00 ns|  7.300 ns|     2.70 ns|
    +--------+----------+----------+------------+

+ Latency: 
    * Summary: 
    +---------+---------+----------+----------+-----+-----+------------------------------------------------+
    |  Latency (cycles) |  Latency (absolute) |  Interval |                    Pipeline                    |
    |   min   |   max   |    min   |    max   | min | max |                      Type                      |
    +---------+---------+----------+----------+-----+-----+------------------------------------------------+
    |       67|       67|  0.670 us|  0.670 us|   65|   65|  loop auto-rewind stp (delay=0 clock cycles(s))|
    +---------+---------+----------+----------+-----+-----+------------------------------------------------+

    + Detail: 
        * Instance: 
        N/A

        * Loop: 
        +--------------------+---------+---------+----------+-----------+-----------+------+----------+
        |                    |  Latency (cycles) | Iteration|  Initiation Interval  | Trip |          |
        |      Loop Name     |   min   |   max   |  Latency |  achieved |   target  | Count| Pipelined|
        +--------------------+---------+---------+----------+-----------+-----------+------+----------+
        |- VITIS_LOOP_205_3  |       65|       65|         3|          1|          1|    64|       yes|
        +--------------------+---------+---------+----------+-----------+-----------+------+----------+

============================================================
+ Verbose Summary: Synthesis Manager
============================================================
InlineROM: 1
ExposeGlobal: 0
============================================================
+ Verbose Summary: CDFG Model
============================================================
IsTopModel: 0
ResetActiveHigh: 1
IsCombinational: 0
IsDatapathOnly: 0
HasWiredReturn: 1
HasMFsm: 2
HasVarLatency: 1
IsPipeline: 0
IsRtlPipelined: 0
IsInstanceOverlapped: 0
IsDontTouch: 0
HasImplIP: 0
IsGatedGlobalClock: 0

+ Individual pipeline summary: 
  * Pipeline-0: initiation interval (II) = 1, depth = 3


============================================================
+ Verbose Summary: Schedule
============================================================
* Number of FSM states : 3
* Pipeline : 1
  Pipeline-0 : II = 1, D = 3, States = { 1 2 3 }
* Dataflow Pipeline: 0

* FSM state transitions: 
1 --> 2 
2 --> 3 
3 --> 

* FSM state operations: 

State 1 <SV = 0> <Delay = 1.87>
ST_1 : Operation 6 [1/1] (0.00ns)   --->   "%empty = alloca i32 1"   --->   Operation 6 'alloca' 'empty' <Predicate = true> <Delay = 0.00>
ST_1 : Operation 7 [1/1] (0.00ns)   --->   "%j = alloca i32 1" [top.cpp:205]   --->   Operation 7 'alloca' 'j' <Predicate = true> <Delay = 0.00>
ST_1 : Operation 8 [1/1] (0.00ns)   --->   "%row_buffer = alloca i32 1" [top.cpp:200]   --->   Operation 8 'alloca' 'row_buffer' <Predicate = true> <Delay = 0.00>
ST_1 : Operation 9 [1/1] (0.00ns)   --->   "%row_buffer_1 = alloca i32 1" [top.cpp:200]   --->   Operation 9 'alloca' 'row_buffer_1' <Predicate = true> <Delay = 0.00>
ST_1 : Operation 10 [1/1] (0.00ns)   --->   "%row_buffer_2 = alloca i32 1" [top.cpp:200]   --->   Operation 10 'alloca' 'row_buffer_2' <Predicate = true> <Delay = 0.00>
ST_1 : Operation 11 [1/1] (0.00ns)   --->   "%row_buffer_3 = alloca i32 1" [top.cpp:200]   --->   Operation 11 'alloca' 'row_buffer_3' <Predicate = true> <Delay = 0.00>
ST_1 : Operation 12 [1/1] (0.00ns)   --->   "%row_buffer_4 = alloca i32 1" [top.cpp:200]   --->   Operation 12 'alloca' 'row_buffer_4' <Predicate = true> <Delay = 0.00>
ST_1 : Operation 13 [1/1] (0.00ns)   --->   "%row_buffer_5 = alloca i32 1" [top.cpp:200]   --->   Operation 13 'alloca' 'row_buffer_5' <Predicate = true> <Delay = 0.00>
ST_1 : Operation 14 [1/1] (0.00ns)   --->   "%row_buffer_6 = alloca i32 1" [top.cpp:200]   --->   Operation 14 'alloca' 'row_buffer_6' <Predicate = true> <Delay = 0.00>
ST_1 : Operation 15 [1/1] (0.00ns)   --->   "%row_buffer_7 = alloca i32 1" [top.cpp:200]   --->   Operation 15 'alloca' 'row_buffer_7' <Predicate = true> <Delay = 0.00>
ST_1 : Operation 16 [1/1] (0.00ns)   --->   "%row_buffer_8 = alloca i32 1" [top.cpp:200]   --->   Operation 16 'alloca' 'row_buffer_8' <Predicate = true> <Delay = 0.00>
ST_1 : Operation 17 [1/1] (0.00ns)   --->   "%row_buffer_9 = alloca i32 1" [top.cpp:200]   --->   Operation 17 'alloca' 'row_buffer_9' <Predicate = true> <Delay = 0.00>
ST_1 : Operation 18 [1/1] (0.00ns)   --->   "%row_buffer_10 = alloca i32 1" [top.cpp:200]   --->   Operation 18 'alloca' 'row_buffer_10' <Predicate = true> <Delay = 0.00>
ST_1 : Operation 19 [1/1] (0.00ns)   --->   "%row_buffer_11 = alloca i32 1" [top.cpp:200]   --->   Operation 19 'alloca' 'row_buffer_11' <Predicate = true> <Delay = 0.00>
ST_1 : Operation 20 [1/1] (0.00ns)   --->   "%row_buffer_12 = alloca i32 1" [top.cpp:200]   --->   Operation 20 'alloca' 'row_buffer_12' <Predicate = true> <Delay = 0.00>
ST_1 : Operation 21 [1/1] (0.00ns)   --->   "%row_buffer_13 = alloca i32 1" [top.cpp:200]   --->   Operation 21 'alloca' 'row_buffer_13' <Predicate = true> <Delay = 0.00>
ST_1 : Operation 22 [1/1] (0.00ns)   --->   "%row_buffer_14 = alloca i32 1" [top.cpp:200]   --->   Operation 22 'alloca' 'row_buffer_14' <Predicate = true> <Delay = 0.00>
ST_1 : Operation 23 [1/1] (0.00ns)   --->   "%row_buffer_15 = alloca i32 1" [top.cpp:200]   --->   Operation 23 'alloca' 'row_buffer_15' <Predicate = true> <Delay = 0.00>
ST_1 : Operation 24 [1/1] (0.00ns)   --->   "%row_buffer_16 = alloca i32 1" [top.cpp:200]   --->   Operation 24 'alloca' 'row_buffer_16' <Predicate = true> <Delay = 0.00>
ST_1 : Operation 25 [1/1] (0.00ns)   --->   "%row_buffer_17 = alloca i32 1" [top.cpp:200]   --->   Operation 25 'alloca' 'row_buffer_17' <Predicate = true> <Delay = 0.00>
ST_1 : Operation 26 [1/1] (0.00ns)   --->   "%row_buffer_18 = alloca i32 1" [top.cpp:200]   --->   Operation 26 'alloca' 'row_buffer_18' <Predicate = true> <Delay = 0.00>
ST_1 : Operation 27 [1/1] (0.00ns)   --->   "%row_buffer_19 = alloca i32 1" [top.cpp:200]   --->   Operation 27 'alloca' 'row_buffer_19' <Predicate = true> <Delay = 0.00>
ST_1 : Operation 28 [1/1] (0.00ns)   --->   "%row_buffer_20 = alloca i32 1" [top.cpp:200]   --->   Operation 28 'alloca' 'row_buffer_20' <Predicate = true> <Delay = 0.00>
ST_1 : Operation 29 [1/1] (0.00ns)   --->   "%row_buffer_21 = alloca i32 1" [top.cpp:200]   --->   Operation 29 'alloca' 'row_buffer_21' <Predicate = true> <Delay = 0.00>
ST_1 : Operation 30 [1/1] (0.00ns)   --->   "%row_buffer_22 = alloca i32 1" [top.cpp:200]   --->   Operation 30 'alloca' 'row_buffer_22' <Predicate = true> <Delay = 0.00>
ST_1 : Operation 31 [1/1] (0.00ns)   --->   "%row_buffer_23 = alloca i32 1" [top.cpp:200]   --->   Operation 31 'alloca' 'row_buffer_23' <Predicate = true> <Delay = 0.00>
ST_1 : Operation 32 [1/1] (0.00ns)   --->   "%row_buffer_24 = alloca i32 1" [top.cpp:200]   --->   Operation 32 'alloca' 'row_buffer_24' <Predicate = true> <Delay = 0.00>
ST_1 : Operation 33 [1/1] (0.00ns)   --->   "%row_buffer_25 = alloca i32 1" [top.cpp:200]   --->   Operation 33 'alloca' 'row_buffer_25' <Predicate = true> <Delay = 0.00>
ST_1 : Operation 34 [1/1] (0.00ns)   --->   "%row_buffer_26 = alloca i32 1" [top.cpp:200]   --->   Operation 34 'alloca' 'row_buffer_26' <Predicate = true> <Delay = 0.00>
ST_1 : Operation 35 [1/1] (0.00ns)   --->   "%row_buffer_27 = alloca i32 1" [top.cpp:200]   --->   Operation 35 'alloca' 'row_buffer_27' <Predicate = true> <Delay = 0.00>
ST_1 : Operation 36 [1/1] (0.00ns)   --->   "%row_buffer_28 = alloca i32 1" [top.cpp:200]   --->   Operation 36 'alloca' 'row_buffer_28' <Predicate = true> <Delay = 0.00>
ST_1 : Operation 37 [1/1] (0.00ns)   --->   "%row_buffer_29 = alloca i32 1" [top.cpp:200]   --->   Operation 37 'alloca' 'row_buffer_29' <Predicate = true> <Delay = 0.00>
ST_1 : Operation 38 [1/1] (0.00ns)   --->   "%row_buffer_30 = alloca i32 1" [top.cpp:200]   --->   Operation 38 'alloca' 'row_buffer_30' <Predicate = true> <Delay = 0.00>
ST_1 : Operation 39 [1/1] (0.00ns)   --->   "%row_buffer_31 = alloca i32 1" [top.cpp:200]   --->   Operation 39 'alloca' 'row_buffer_31' <Predicate = true> <Delay = 0.00>
ST_1 : Operation 40 [1/1] (0.00ns)   --->   "%row_buffer_32 = alloca i32 1" [top.cpp:200]   --->   Operation 40 'alloca' 'row_buffer_32' <Predicate = true> <Delay = 0.00>
ST_1 : Operation 41 [1/1] (0.00ns)   --->   "%row_buffer_33 = alloca i32 1" [top.cpp:200]   --->   Operation 41 'alloca' 'row_buffer_33' <Predicate = true> <Delay = 0.00>
ST_1 : Operation 42 [1/1] (0.00ns)   --->   "%row_buffer_34 = alloca i32 1" [top.cpp:200]   --->   Operation 42 'alloca' 'row_buffer_34' <Predicate = true> <Delay = 0.00>
ST_1 : Operation 43 [1/1] (0.00ns)   --->   "%row_buffer_35 = alloca i32 1" [top.cpp:200]   --->   Operation 43 'alloca' 'row_buffer_35' <Predicate = true> <Delay = 0.00>
ST_1 : Operation 44 [1/1] (0.00ns)   --->   "%row_buffer_36 = alloca i32 1" [top.cpp:200]   --->   Operation 44 'alloca' 'row_buffer_36' <Predicate = true> <Delay = 0.00>
ST_1 : Operation 45 [1/1] (0.00ns)   --->   "%row_buffer_37 = alloca i32 1" [top.cpp:200]   --->   Operation 45 'alloca' 'row_buffer_37' <Predicate = true> <Delay = 0.00>
ST_1 : Operation 46 [1/1] (0.00ns)   --->   "%row_buffer_38 = alloca i32 1" [top.cpp:200]   --->   Operation 46 'alloca' 'row_buffer_38' <Predicate = true> <Delay = 0.00>
ST_1 : Operation 47 [1/1] (0.00ns)   --->   "%row_buffer_39 = alloca i32 1" [top.cpp:200]   --->   Operation 47 'alloca' 'row_buffer_39' <Predicate = true> <Delay = 0.00>
ST_1 : Operation 48 [1/1] (0.00ns)   --->   "%row_buffer_40 = alloca i32 1" [top.cpp:200]   --->   Operation 48 'alloca' 'row_buffer_40' <Predicate = true> <Delay = 0.00>
ST_1 : Operation 49 [1/1] (0.00ns)   --->   "%row_buffer_41 = alloca i32 1" [top.cpp:200]   --->   Operation 49 'alloca' 'row_buffer_41' <Predicate = true> <Delay = 0.00>
ST_1 : Operation 50 [1/1] (0.00ns)   --->   "%row_buffer_42 = alloca i32 1" [top.cpp:200]   --->   Operation 50 'alloca' 'row_buffer_42' <Predicate = true> <Delay = 0.00>
ST_1 : Operation 51 [1/1] (0.00ns)   --->   "%row_buffer_43 = alloca i32 1" [top.cpp:200]   --->   Operation 51 'alloca' 'row_buffer_43' <Predicate = true> <Delay = 0.00>
ST_1 : Operation 52 [1/1] (0.00ns)   --->   "%row_buffer_44 = alloca i32 1" [top.cpp:200]   --->   Operation 52 'alloca' 'row_buffer_44' <Predicate = true> <Delay = 0.00>
ST_1 : Operation 53 [1/1] (0.00ns)   --->   "%row_buffer_45 = alloca i32 1" [top.cpp:200]   --->   Operation 53 'alloca' 'row_buffer_45' <Predicate = true> <Delay = 0.00>
ST_1 : Operation 54 [1/1] (0.00ns)   --->   "%row_buffer_46 = alloca i32 1" [top.cpp:200]   --->   Operation 54 'alloca' 'row_buffer_46' <Predicate = true> <Delay = 0.00>
ST_1 : Operation 55 [1/1] (0.00ns)   --->   "%row_buffer_47 = alloca i32 1" [top.cpp:200]   --->   Operation 55 'alloca' 'row_buffer_47' <Predicate = true> <Delay = 0.00>
ST_1 : Operation 56 [1/1] (0.00ns)   --->   "%row_buffer_48 = alloca i32 1" [top.cpp:200]   --->   Operation 56 'alloca' 'row_buffer_48' <Predicate = true> <Delay = 0.00>
ST_1 : Operation 57 [1/1] (0.00ns)   --->   "%row_buffer_49 = alloca i32 1" [top.cpp:200]   --->   Operation 57 'alloca' 'row_buffer_49' <Predicate = true> <Delay = 0.00>
ST_1 : Operation 58 [1/1] (0.00ns)   --->   "%row_buffer_50 = alloca i32 1" [top.cpp:200]   --->   Operation 58 'alloca' 'row_buffer_50' <Predicate = true> <Delay = 0.00>
ST_1 : Operation 59 [1/1] (0.00ns)   --->   "%row_buffer_51 = alloca i32 1" [top.cpp:200]   --->   Operation 59 'alloca' 'row_buffer_51' <Predicate = true> <Delay = 0.00>
ST_1 : Operation 60 [1/1] (0.00ns)   --->   "%row_buffer_52 = alloca i32 1" [top.cpp:200]   --->   Operation 60 'alloca' 'row_buffer_52' <Predicate = true> <Delay = 0.00>
ST_1 : Operation 61 [1/1] (0.00ns)   --->   "%row_buffer_53 = alloca i32 1" [top.cpp:200]   --->   Operation 61 'alloca' 'row_buffer_53' <Predicate = true> <Delay = 0.00>
ST_1 : Operation 62 [1/1] (0.00ns)   --->   "%row_buffer_54 = alloca i32 1" [top.cpp:200]   --->   Operation 62 'alloca' 'row_buffer_54' <Predicate = true> <Delay = 0.00>
ST_1 : Operation 63 [1/1] (0.00ns)   --->   "%row_buffer_55 = alloca i32 1" [top.cpp:200]   --->   Operation 63 'alloca' 'row_buffer_55' <Predicate = true> <Delay = 0.00>
ST_1 : Operation 64 [1/1] (0.00ns)   --->   "%row_buffer_56 = alloca i32 1" [top.cpp:200]   --->   Operation 64 'alloca' 'row_buffer_56' <Predicate = true> <Delay = 0.00>
ST_1 : Operation 65 [1/1] (0.00ns)   --->   "%row_buffer_57 = alloca i32 1" [top.cpp:200]   --->   Operation 65 'alloca' 'row_buffer_57' <Predicate = true> <Delay = 0.00>
ST_1 : Operation 66 [1/1] (0.00ns)   --->   "%row_buffer_58 = alloca i32 1" [top.cpp:200]   --->   Operation 66 'alloca' 'row_buffer_58' <Predicate = true> <Delay = 0.00>
ST_1 : Operation 67 [1/1] (0.00ns)   --->   "%row_buffer_59 = alloca i32 1" [top.cpp:200]   --->   Operation 67 'alloca' 'row_buffer_59' <Predicate = true> <Delay = 0.00>
ST_1 : Operation 68 [1/1] (0.00ns)   --->   "%row_buffer_60 = alloca i32 1" [top.cpp:200]   --->   Operation 68 'alloca' 'row_buffer_60' <Predicate = true> <Delay = 0.00>
ST_1 : Operation 69 [1/1] (0.00ns)   --->   "%row_buffer_61 = alloca i32 1" [top.cpp:200]   --->   Operation 69 'alloca' 'row_buffer_61' <Predicate = true> <Delay = 0.00>
ST_1 : Operation 70 [1/1] (0.00ns)   --->   "%row_buffer_62 = alloca i32 1" [top.cpp:200]   --->   Operation 70 'alloca' 'row_buffer_62' <Predicate = true> <Delay = 0.00>
ST_1 : Operation 71 [1/1] (0.00ns)   --->   "%row_buffer_63 = alloca i32 1" [top.cpp:200]   --->   Operation 71 'alloca' 'row_buffer_63' <Predicate = true> <Delay = 0.00>
ST_1 : Operation 72 [1/1] (0.00ns)   --->   "%sext_ln199_read = read i62 @_ssdm_op_Read.ap_auto.i62, i62 %sext_ln199"   --->   Operation 72 'read' 'sext_ln199_read' <Predicate = true> <Delay = 0.00>
ST_1 : Operation 73 [1/1] (0.00ns)   --->   "%sext_ln199_cast = sext i62 %sext_ln199_read"   --->   Operation 73 'sext' 'sext_ln199_cast' <Predicate = true> <Delay = 0.00>
ST_1 : Operation 74 [1/1] (0.00ns)   --->   "%specinterface_ln0 = specinterface void @_ssdm_op_SpecInterface, i32 %A, void @empty_3, i32 0, i32 0, void @empty_4, i32 0, i32 0, void @empty_5, void @empty_12, void @empty_4, i32 16, i32 16, i32 16, i32 16, void @empty_4, void @empty_4, i32 4294967295, i32 0, i32 0"   --->   Operation 74 'specinterface' 'specinterface_ln0' <Predicate = true> <Delay = 0.00>
ST_1 : Operation 75 [1/1] (0.48ns)   --->   "%store_ln205 = store i7 0, i7 %j" [top.cpp:205]   --->   Operation 75 'store' 'store_ln205' <Predicate = true> <Delay = 0.48>
ST_1 : Operation 76 [1/1] (0.48ns)   --->   "%store_ln0 = store i24 0, i24 %empty"   --->   Operation 76 'store' 'store_ln0' <Predicate = true> <Delay = 0.48>
ST_1 : Operation 77 [1/1] (0.00ns)   --->   "%br_ln0 = br void %for.body9"   --->   Operation 77 'br' 'br_ln0' <Predicate = true> <Delay = 0.00>
ST_1 : Operation 78 [1/1] (0.00ns)   --->   "%j_1 = load i7 %j" [top.cpp:205]   --->   Operation 78 'load' 'j_1' <Predicate = true> <Delay = 0.00>
ST_1 : Operation 79 [1/1] (0.00ns)   --->   "%specbitsmap_ln0 = specbitsmap void @_ssdm_op_SpecBitsMap, i32 %A"   --->   Operation 79 'specbitsmap' 'specbitsmap_ln0' <Predicate = true> <Delay = 0.00>
ST_1 : Operation 80 [1/1] (0.89ns)   --->   "%icmp_ln205 = icmp_eq  i7 %j_1, i7 64" [top.cpp:205]   --->   Operation 80 'icmp' 'icmp_ln205' <Predicate = true> <Delay = 0.89> <CoreInst = "Cmp">   --->   Core 9 'Cmp' <Latency = 0> <II = 1> <Delay = 0.89> <FuncUnit> <Opcode : 'seteq' 'setne' 'setle' 'setge' 'setlt' 'setgt'> <InPorts = 2> <OutPorts = 1>
ST_1 : Operation 81 [1/1] (0.89ns)   --->   "%add_ln205 = add i7 %j_1, i7 1" [top.cpp:205]   --->   Operation 81 'add' 'add_ln205' <Predicate = true> <Delay = 0.89> <CoreInst = "Adder">   --->   Core 1 'Adder' <Latency = 0> <II = 1> <Delay = 0.89> <FuncUnit> <Opcode : 'add' 'sub'> <InPorts = 2> <OutPorts = 1>
ST_1 : Operation 82 [1/1] (0.00ns)   --->   "%br_ln205 = br i1 %icmp_ln205, void %for.body9.split, void %for.end18.exitStub" [top.cpp:205]   --->   Operation 82 'br' 'br_ln205' <Predicate = true> <Delay = 0.00>
ST_1 : Operation 83 [1/1] (0.00ns)   --->   "%trunc_ln205 = trunc i7 %j_1" [top.cpp:205]   --->   Operation 83 'trunc' 'trunc_ln205' <Predicate = (!icmp_ln205)> <Delay = 0.00>
ST_1 : Operation 84 [1/1] (0.88ns)   --->   "%switch_ln208 = switch i6 %trunc_ln205, void %arrayidx15.case.63, i6 0, void %arrayidx15.case.0, i6 1, void %arrayidx15.case.1, i6 2, void %arrayidx15.case.2, i6 3, void %arrayidx15.case.3, i6 4, void %arrayidx15.case.4, i6 5, void %arrayidx15.case.5, i6 6, void %arrayidx15.case.6, i6 7, void %arrayidx15.case.7, i6 8, void %arrayidx15.case.8, i6 9, void %arrayidx15.case.9, i6 10, void %arrayidx15.case.10, i6 11, void %arrayidx15.case.11, i6 12, void %arrayidx15.case.12, i6 13, void %arrayidx15.case.13, i6 14, void %arrayidx15.case.14, i6 15, void %arrayidx15.case.15, i6 16, void %arrayidx15.case.16, i6 17, void %arrayidx15.case.17, i6 18, void %arrayidx15.case.18, i6 19, void %arrayidx15.case.19, i6 20, void %arrayidx15.case.20, i6 21, void %arrayidx15.case.21, i6 22, void %arrayidx15.case.22, i6 23, void %arrayidx15.case.23, i6 24, void %arrayidx15.case.24, i6 25, void %arrayidx15.case.25, i6 26, void %arrayidx15.case.26, i6 27, void %arrayidx15.case.27, i6 28, void %arrayidx15.case.28, i6 29, void %arrayidx15.case.29, i6 30, void %arrayidx15.case.30, i6 31, void %arrayidx15.case.31, i6 32, void %arrayidx15.case.32, i6 33, void %arrayidx15.case.33, i6 34, void %arrayidx15.case.34, i6 35, void %arrayidx15.case.35, i6 36, void %arrayidx15.case.36, i6 37, void %arrayidx15.case.37, i6 38, void %arrayidx15.case.38, i6 39, void %arrayidx15.case.39, i6 40, void %arrayidx15.case.40, i6 41, void %arrayidx15.case.41, i6 42, void %arrayidx15.case.42, i6 43, void %arrayidx15.case.43, i6 44, void %arrayidx15.case.44, i6 45, void %arrayidx15.case.45, i6 46, void %arrayidx15.case.46, i6 47, void %arrayidx15.case.47, i6 48, void %arrayidx15.case.48, i6 49, void %arrayidx15.case.49, i6 50, void %arrayidx15.case.50, i6 51, void %arrayidx15.case.51, i6 52, void %arrayidx15.case.52, i6 53, void %arrayidx15.case.53, i6 54, void %arrayidx15.case.54, i6 55, void %arrayidx15.case.55, i6 56, void %arrayidx15.case.56, i6 57, void %arrayidx15.case.57, i6 58, void %arrayidx15.case.58, i6 59, void %arrayidx15.case.59, i6 60, void %arrayidx15.case.60, i6 61, void %arrayidx15.case.61, i6 62, void %for.body9.split.arrayidx15.exit_crit_edge" [top.cpp:208]   --->   Operation 84 'switch' 'switch_ln208' <Predicate = (!icmp_ln205)> <Delay = 0.88>
ST_1 : Operation 85 [1/1] (0.48ns)   --->   "%store_ln205 = store i7 %add_ln205, i7 %j" [top.cpp:205]   --->   Operation 85 'store' 'store_ln205' <Predicate = (!icmp_ln205)> <Delay = 0.48>

State 2 <SV = 1> <Delay = 7.30>
ST_2 : Operation 86 [1/1] (0.00ns)   --->   "%A_addr = getelementptr i32 %A, i64 %sext_ln199_cast" [top.cpp:199]   --->   Operation 86 'getelementptr' 'A_addr' <Predicate = true> <Delay = 0.00>
ST_2 : Operation 87 [1/1] (0.00ns)   --->   "%specpipeline_ln206 = specpipeline void @_ssdm_op_SpecPipeline, i32 1, i32 0, i32 0, i32 0, void @empty_4" [top.cpp:206]   --->   Operation 87 'specpipeline' 'specpipeline_ln206' <Predicate = true> <Delay = 0.00>
ST_2 : Operation 88 [1/1] (0.00ns)   --->   "%speclooptripcount_ln200 = speclooptripcount void @_ssdm_op_SpecLoopTripCount, i64 64, i64 64, i64 64" [top.cpp:200]   --->   Operation 88 'speclooptripcount' 'speclooptripcount_ln200' <Predicate = true> <Delay = 0.00>
ST_2 : Operation 89 [1/1] (0.00ns)   --->   "%specloopname_ln205 = specloopname void @_ssdm_op_SpecLoopName, void @empty_7" [top.cpp:205]   --->   Operation 89 'specloopname' 'specloopname_ln205' <Predicate = true> <Delay = 0.00>
ST_2 : Operation 90 [1/1] (7.30ns)   --->   "%A_addr_read = read i32 @_ssdm_op_Read.m_axi.p1i32, i32 %A_addr" [top.cpp:207]   --->   Operation 90 'read' 'A_addr_read' <Predicate = true> <Delay = 7.30> <CoreInst = "m_axi">   --->   Core 119 'm_axi' <Latency = 3> <II = 1> <Delay = 1.00> <Adapter> <Opcode : 'read' 'write' 'readreq' 'writereq' 'writeresp'>
ST_2 : Operation 91 [1/1] (0.00ns)   --->   "%val = trunc i32 %A_addr_read" [top.cpp:207]   --->   Operation 91 'trunc' 'val' <Predicate = true> <Delay = 0.00>
ST_2 : Operation 92 [1/1] (0.00ns)   --->   "%store_ln200 = store i24 %val, i24 %row_buffer_62" [top.cpp:200]   --->   Operation 92 'store' 'store_ln200' <Predicate = (trunc_ln205 == 62)> <Delay = 0.00>
ST_2 : Operation 93 [1/1] (0.00ns)   --->   "%br_ln208 = br void %arrayidx15.exit" [top.cpp:208]   --->   Operation 93 'br' 'br_ln208' <Predicate = (trunc_ln205 == 62)> <Delay = 0.00>
ST_2 : Operation 94 [1/1] (0.00ns)   --->   "%store_ln200 = store i24 %val, i24 %row_buffer_61" [top.cpp:200]   --->   Operation 94 'store' 'store_ln200' <Predicate = (trunc_ln205 == 61)> <Delay = 0.00>
ST_2 : Operation 95 [1/1] (0.00ns)   --->   "%br_ln208 = br void %arrayidx15.exit" [top.cpp:208]   --->   Operation 95 'br' 'br_ln208' <Predicate = (trunc_ln205 == 61)> <Delay = 0.00>
ST_2 : Operation 96 [1/1] (0.00ns)   --->   "%store_ln200 = store i24 %val, i24 %row_buffer_60" [top.cpp:200]   --->   Operation 96 'store' 'store_ln200' <Predicate = (trunc_ln205 == 60)> <Delay = 0.00>
ST_2 : Operation 97 [1/1] (0.00ns)   --->   "%br_ln208 = br void %arrayidx15.exit" [top.cpp:208]   --->   Operation 97 'br' 'br_ln208' <Predicate = (trunc_ln205 == 60)> <Delay = 0.00>
ST_2 : Operation 98 [1/1] (0.00ns)   --->   "%store_ln200 = store i24 %val, i24 %row_buffer_59" [top.cpp:200]   --->   Operation 98 'store' 'store_ln200' <Predicate = (trunc_ln205 == 59)> <Delay = 0.00>
ST_2 : Operation 99 [1/1] (0.00ns)   --->   "%br_ln208 = br void %arrayidx15.exit" [top.cpp:208]   --->   Operation 99 'br' 'br_ln208' <Predicate = (trunc_ln205 == 59)> <Delay = 0.00>
ST_2 : Operation 100 [1/1] (0.00ns)   --->   "%store_ln200 = store i24 %val, i24 %row_buffer_58" [top.cpp:200]   --->   Operation 100 'store' 'store_ln200' <Predicate = (trunc_ln205 == 58)> <Delay = 0.00>
ST_2 : Operation 101 [1/1] (0.00ns)   --->   "%br_ln208 = br void %arrayidx15.exit" [top.cpp:208]   --->   Operation 101 'br' 'br_ln208' <Predicate = (trunc_ln205 == 58)> <Delay = 0.00>
ST_2 : Operation 102 [1/1] (0.00ns)   --->   "%store_ln200 = store i24 %val, i24 %row_buffer_57" [top.cpp:200]   --->   Operation 102 'store' 'store_ln200' <Predicate = (trunc_ln205 == 57)> <Delay = 0.00>
ST_2 : Operation 103 [1/1] (0.00ns)   --->   "%br_ln208 = br void %arrayidx15.exit" [top.cpp:208]   --->   Operation 103 'br' 'br_ln208' <Predicate = (trunc_ln205 == 57)> <Delay = 0.00>
ST_2 : Operation 104 [1/1] (0.00ns)   --->   "%store_ln200 = store i24 %val, i24 %row_buffer_56" [top.cpp:200]   --->   Operation 104 'store' 'store_ln200' <Predicate = (trunc_ln205 == 56)> <Delay = 0.00>
ST_2 : Operation 105 [1/1] (0.00ns)   --->   "%br_ln208 = br void %arrayidx15.exit" [top.cpp:208]   --->   Operation 105 'br' 'br_ln208' <Predicate = (trunc_ln205 == 56)> <Delay = 0.00>
ST_2 : Operation 106 [1/1] (0.00ns)   --->   "%store_ln200 = store i24 %val, i24 %row_buffer_55" [top.cpp:200]   --->   Operation 106 'store' 'store_ln200' <Predicate = (trunc_ln205 == 55)> <Delay = 0.00>
ST_2 : Operation 107 [1/1] (0.00ns)   --->   "%br_ln208 = br void %arrayidx15.exit" [top.cpp:208]   --->   Operation 107 'br' 'br_ln208' <Predicate = (trunc_ln205 == 55)> <Delay = 0.00>
ST_2 : Operation 108 [1/1] (0.00ns)   --->   "%store_ln200 = store i24 %val, i24 %row_buffer_54" [top.cpp:200]   --->   Operation 108 'store' 'store_ln200' <Predicate = (trunc_ln205 == 54)> <Delay = 0.00>
ST_2 : Operation 109 [1/1] (0.00ns)   --->   "%br_ln208 = br void %arrayidx15.exit" [top.cpp:208]   --->   Operation 109 'br' 'br_ln208' <Predicate = (trunc_ln205 == 54)> <Delay = 0.00>
ST_2 : Operation 110 [1/1] (0.00ns)   --->   "%store_ln200 = store i24 %val, i24 %row_buffer_53" [top.cpp:200]   --->   Operation 110 'store' 'store_ln200' <Predicate = (trunc_ln205 == 53)> <Delay = 0.00>
ST_2 : Operation 111 [1/1] (0.00ns)   --->   "%br_ln208 = br void %arrayidx15.exit" [top.cpp:208]   --->   Operation 111 'br' 'br_ln208' <Predicate = (trunc_ln205 == 53)> <Delay = 0.00>
ST_2 : Operation 112 [1/1] (0.00ns)   --->   "%store_ln200 = store i24 %val, i24 %row_buffer_52" [top.cpp:200]   --->   Operation 112 'store' 'store_ln200' <Predicate = (trunc_ln205 == 52)> <Delay = 0.00>
ST_2 : Operation 113 [1/1] (0.00ns)   --->   "%br_ln208 = br void %arrayidx15.exit" [top.cpp:208]   --->   Operation 113 'br' 'br_ln208' <Predicate = (trunc_ln205 == 52)> <Delay = 0.00>
ST_2 : Operation 114 [1/1] (0.00ns)   --->   "%store_ln200 = store i24 %val, i24 %row_buffer_51" [top.cpp:200]   --->   Operation 114 'store' 'store_ln200' <Predicate = (trunc_ln205 == 51)> <Delay = 0.00>
ST_2 : Operation 115 [1/1] (0.00ns)   --->   "%br_ln208 = br void %arrayidx15.exit" [top.cpp:208]   --->   Operation 115 'br' 'br_ln208' <Predicate = (trunc_ln205 == 51)> <Delay = 0.00>
ST_2 : Operation 116 [1/1] (0.00ns)   --->   "%store_ln200 = store i24 %val, i24 %row_buffer_50" [top.cpp:200]   --->   Operation 116 'store' 'store_ln200' <Predicate = (trunc_ln205 == 50)> <Delay = 0.00>
ST_2 : Operation 117 [1/1] (0.00ns)   --->   "%br_ln208 = br void %arrayidx15.exit" [top.cpp:208]   --->   Operation 117 'br' 'br_ln208' <Predicate = (trunc_ln205 == 50)> <Delay = 0.00>
ST_2 : Operation 118 [1/1] (0.00ns)   --->   "%store_ln200 = store i24 %val, i24 %row_buffer_49" [top.cpp:200]   --->   Operation 118 'store' 'store_ln200' <Predicate = (trunc_ln205 == 49)> <Delay = 0.00>
ST_2 : Operation 119 [1/1] (0.00ns)   --->   "%br_ln208 = br void %arrayidx15.exit" [top.cpp:208]   --->   Operation 119 'br' 'br_ln208' <Predicate = (trunc_ln205 == 49)> <Delay = 0.00>
ST_2 : Operation 120 [1/1] (0.00ns)   --->   "%store_ln200 = store i24 %val, i24 %row_buffer_48" [top.cpp:200]   --->   Operation 120 'store' 'store_ln200' <Predicate = (trunc_ln205 == 48)> <Delay = 0.00>
ST_2 : Operation 121 [1/1] (0.00ns)   --->   "%br_ln208 = br void %arrayidx15.exit" [top.cpp:208]   --->   Operation 121 'br' 'br_ln208' <Predicate = (trunc_ln205 == 48)> <Delay = 0.00>
ST_2 : Operation 122 [1/1] (0.00ns)   --->   "%store_ln200 = store i24 %val, i24 %row_buffer_47" [top.cpp:200]   --->   Operation 122 'store' 'store_ln200' <Predicate = (trunc_ln205 == 47)> <Delay = 0.00>
ST_2 : Operation 123 [1/1] (0.00ns)   --->   "%br_ln208 = br void %arrayidx15.exit" [top.cpp:208]   --->   Operation 123 'br' 'br_ln208' <Predicate = (trunc_ln205 == 47)> <Delay = 0.00>
ST_2 : Operation 124 [1/1] (0.00ns)   --->   "%store_ln200 = store i24 %val, i24 %row_buffer_46" [top.cpp:200]   --->   Operation 124 'store' 'store_ln200' <Predicate = (trunc_ln205 == 46)> <Delay = 0.00>
ST_2 : Operation 125 [1/1] (0.00ns)   --->   "%br_ln208 = br void %arrayidx15.exit" [top.cpp:208]   --->   Operation 125 'br' 'br_ln208' <Predicate = (trunc_ln205 == 46)> <Delay = 0.00>
ST_2 : Operation 126 [1/1] (0.00ns)   --->   "%store_ln200 = store i24 %val, i24 %row_buffer_45" [top.cpp:200]   --->   Operation 126 'store' 'store_ln200' <Predicate = (trunc_ln205 == 45)> <Delay = 0.00>
ST_2 : Operation 127 [1/1] (0.00ns)   --->   "%br_ln208 = br void %arrayidx15.exit" [top.cpp:208]   --->   Operation 127 'br' 'br_ln208' <Predicate = (trunc_ln205 == 45)> <Delay = 0.00>
ST_2 : Operation 128 [1/1] (0.00ns)   --->   "%store_ln200 = store i24 %val, i24 %row_buffer_44" [top.cpp:200]   --->   Operation 128 'store' 'store_ln200' <Predicate = (trunc_ln205 == 44)> <Delay = 0.00>
ST_2 : Operation 129 [1/1] (0.00ns)   --->   "%br_ln208 = br void %arrayidx15.exit" [top.cpp:208]   --->   Operation 129 'br' 'br_ln208' <Predicate = (trunc_ln205 == 44)> <Delay = 0.00>
ST_2 : Operation 130 [1/1] (0.00ns)   --->   "%store_ln200 = store i24 %val, i24 %row_buffer_43" [top.cpp:200]   --->   Operation 130 'store' 'store_ln200' <Predicate = (trunc_ln205 == 43)> <Delay = 0.00>
ST_2 : Operation 131 [1/1] (0.00ns)   --->   "%br_ln208 = br void %arrayidx15.exit" [top.cpp:208]   --->   Operation 131 'br' 'br_ln208' <Predicate = (trunc_ln205 == 43)> <Delay = 0.00>
ST_2 : Operation 132 [1/1] (0.00ns)   --->   "%store_ln200 = store i24 %val, i24 %row_buffer_42" [top.cpp:200]   --->   Operation 132 'store' 'store_ln200' <Predicate = (trunc_ln205 == 42)> <Delay = 0.00>
ST_2 : Operation 133 [1/1] (0.00ns)   --->   "%br_ln208 = br void %arrayidx15.exit" [top.cpp:208]   --->   Operation 133 'br' 'br_ln208' <Predicate = (trunc_ln205 == 42)> <Delay = 0.00>
ST_2 : Operation 134 [1/1] (0.00ns)   --->   "%store_ln200 = store i24 %val, i24 %row_buffer_41" [top.cpp:200]   --->   Operation 134 'store' 'store_ln200' <Predicate = (trunc_ln205 == 41)> <Delay = 0.00>
ST_2 : Operation 135 [1/1] (0.00ns)   --->   "%br_ln208 = br void %arrayidx15.exit" [top.cpp:208]   --->   Operation 135 'br' 'br_ln208' <Predicate = (trunc_ln205 == 41)> <Delay = 0.00>
ST_2 : Operation 136 [1/1] (0.00ns)   --->   "%store_ln200 = store i24 %val, i24 %row_buffer_40" [top.cpp:200]   --->   Operation 136 'store' 'store_ln200' <Predicate = (trunc_ln205 == 40)> <Delay = 0.00>
ST_2 : Operation 137 [1/1] (0.00ns)   --->   "%br_ln208 = br void %arrayidx15.exit" [top.cpp:208]   --->   Operation 137 'br' 'br_ln208' <Predicate = (trunc_ln205 == 40)> <Delay = 0.00>
ST_2 : Operation 138 [1/1] (0.00ns)   --->   "%store_ln200 = store i24 %val, i24 %row_buffer_39" [top.cpp:200]   --->   Operation 138 'store' 'store_ln200' <Predicate = (trunc_ln205 == 39)> <Delay = 0.00>
ST_2 : Operation 139 [1/1] (0.00ns)   --->   "%br_ln208 = br void %arrayidx15.exit" [top.cpp:208]   --->   Operation 139 'br' 'br_ln208' <Predicate = (trunc_ln205 == 39)> <Delay = 0.00>
ST_2 : Operation 140 [1/1] (0.00ns)   --->   "%store_ln200 = store i24 %val, i24 %row_buffer_38" [top.cpp:200]   --->   Operation 140 'store' 'store_ln200' <Predicate = (trunc_ln205 == 38)> <Delay = 0.00>
ST_2 : Operation 141 [1/1] (0.00ns)   --->   "%br_ln208 = br void %arrayidx15.exit" [top.cpp:208]   --->   Operation 141 'br' 'br_ln208' <Predicate = (trunc_ln205 == 38)> <Delay = 0.00>
ST_2 : Operation 142 [1/1] (0.00ns)   --->   "%store_ln200 = store i24 %val, i24 %row_buffer_37" [top.cpp:200]   --->   Operation 142 'store' 'store_ln200' <Predicate = (trunc_ln205 == 37)> <Delay = 0.00>
ST_2 : Operation 143 [1/1] (0.00ns)   --->   "%br_ln208 = br void %arrayidx15.exit" [top.cpp:208]   --->   Operation 143 'br' 'br_ln208' <Predicate = (trunc_ln205 == 37)> <Delay = 0.00>
ST_2 : Operation 144 [1/1] (0.00ns)   --->   "%store_ln200 = store i24 %val, i24 %row_buffer_36" [top.cpp:200]   --->   Operation 144 'store' 'store_ln200' <Predicate = (trunc_ln205 == 36)> <Delay = 0.00>
ST_2 : Operation 145 [1/1] (0.00ns)   --->   "%br_ln208 = br void %arrayidx15.exit" [top.cpp:208]   --->   Operation 145 'br' 'br_ln208' <Predicate = (trunc_ln205 == 36)> <Delay = 0.00>
ST_2 : Operation 146 [1/1] (0.00ns)   --->   "%store_ln200 = store i24 %val, i24 %row_buffer_35" [top.cpp:200]   --->   Operation 146 'store' 'store_ln200' <Predicate = (trunc_ln205 == 35)> <Delay = 0.00>
ST_2 : Operation 147 [1/1] (0.00ns)   --->   "%br_ln208 = br void %arrayidx15.exit" [top.cpp:208]   --->   Operation 147 'br' 'br_ln208' <Predicate = (trunc_ln205 == 35)> <Delay = 0.00>
ST_2 : Operation 148 [1/1] (0.00ns)   --->   "%store_ln200 = store i24 %val, i24 %row_buffer_34" [top.cpp:200]   --->   Operation 148 'store' 'store_ln200' <Predicate = (trunc_ln205 == 34)> <Delay = 0.00>
ST_2 : Operation 149 [1/1] (0.00ns)   --->   "%br_ln208 = br void %arrayidx15.exit" [top.cpp:208]   --->   Operation 149 'br' 'br_ln208' <Predicate = (trunc_ln205 == 34)> <Delay = 0.00>
ST_2 : Operation 150 [1/1] (0.00ns)   --->   "%store_ln200 = store i24 %val, i24 %row_buffer_33" [top.cpp:200]   --->   Operation 150 'store' 'store_ln200' <Predicate = (trunc_ln205 == 33)> <Delay = 0.00>
ST_2 : Operation 151 [1/1] (0.00ns)   --->   "%br_ln208 = br void %arrayidx15.exit" [top.cpp:208]   --->   Operation 151 'br' 'br_ln208' <Predicate = (trunc_ln205 == 33)> <Delay = 0.00>
ST_2 : Operation 152 [1/1] (0.00ns)   --->   "%store_ln200 = store i24 %val, i24 %row_buffer_32" [top.cpp:200]   --->   Operation 152 'store' 'store_ln200' <Predicate = (trunc_ln205 == 32)> <Delay = 0.00>
ST_2 : Operation 153 [1/1] (0.00ns)   --->   "%br_ln208 = br void %arrayidx15.exit" [top.cpp:208]   --->   Operation 153 'br' 'br_ln208' <Predicate = (trunc_ln205 == 32)> <Delay = 0.00>
ST_2 : Operation 154 [1/1] (0.00ns)   --->   "%store_ln200 = store i24 %val, i24 %row_buffer_31" [top.cpp:200]   --->   Operation 154 'store' 'store_ln200' <Predicate = (trunc_ln205 == 31)> <Delay = 0.00>
ST_2 : Operation 155 [1/1] (0.00ns)   --->   "%br_ln208 = br void %arrayidx15.exit" [top.cpp:208]   --->   Operation 155 'br' 'br_ln208' <Predicate = (trunc_ln205 == 31)> <Delay = 0.00>
ST_2 : Operation 156 [1/1] (0.00ns)   --->   "%store_ln200 = store i24 %val, i24 %row_buffer_30" [top.cpp:200]   --->   Operation 156 'store' 'store_ln200' <Predicate = (trunc_ln205 == 30)> <Delay = 0.00>
ST_2 : Operation 157 [1/1] (0.00ns)   --->   "%br_ln208 = br void %arrayidx15.exit" [top.cpp:208]   --->   Operation 157 'br' 'br_ln208' <Predicate = (trunc_ln205 == 30)> <Delay = 0.00>
ST_2 : Operation 158 [1/1] (0.00ns)   --->   "%store_ln200 = store i24 %val, i24 %row_buffer_29" [top.cpp:200]   --->   Operation 158 'store' 'store_ln200' <Predicate = (trunc_ln205 == 29)> <Delay = 0.00>
ST_2 : Operation 159 [1/1] (0.00ns)   --->   "%br_ln208 = br void %arrayidx15.exit" [top.cpp:208]   --->   Operation 159 'br' 'br_ln208' <Predicate = (trunc_ln205 == 29)> <Delay = 0.00>
ST_2 : Operation 160 [1/1] (0.00ns)   --->   "%store_ln200 = store i24 %val, i24 %row_buffer_28" [top.cpp:200]   --->   Operation 160 'store' 'store_ln200' <Predicate = (trunc_ln205 == 28)> <Delay = 0.00>
ST_2 : Operation 161 [1/1] (0.00ns)   --->   "%br_ln208 = br void %arrayidx15.exit" [top.cpp:208]   --->   Operation 161 'br' 'br_ln208' <Predicate = (trunc_ln205 == 28)> <Delay = 0.00>
ST_2 : Operation 162 [1/1] (0.00ns)   --->   "%store_ln200 = store i24 %val, i24 %row_buffer_27" [top.cpp:200]   --->   Operation 162 'store' 'store_ln200' <Predicate = (trunc_ln205 == 27)> <Delay = 0.00>
ST_2 : Operation 163 [1/1] (0.00ns)   --->   "%br_ln208 = br void %arrayidx15.exit" [top.cpp:208]   --->   Operation 163 'br' 'br_ln208' <Predicate = (trunc_ln205 == 27)> <Delay = 0.00>
ST_2 : Operation 164 [1/1] (0.00ns)   --->   "%store_ln200 = store i24 %val, i24 %row_buffer_26" [top.cpp:200]   --->   Operation 164 'store' 'store_ln200' <Predicate = (trunc_ln205 == 26)> <Delay = 0.00>
ST_2 : Operation 165 [1/1] (0.00ns)   --->   "%br_ln208 = br void %arrayidx15.exit" [top.cpp:208]   --->   Operation 165 'br' 'br_ln208' <Predicate = (trunc_ln205 == 26)> <Delay = 0.00>
ST_2 : Operation 166 [1/1] (0.00ns)   --->   "%store_ln200 = store i24 %val, i24 %row_buffer_25" [top.cpp:200]   --->   Operation 166 'store' 'store_ln200' <Predicate = (trunc_ln205 == 25)> <Delay = 0.00>
ST_2 : Operation 167 [1/1] (0.00ns)   --->   "%br_ln208 = br void %arrayidx15.exit" [top.cpp:208]   --->   Operation 167 'br' 'br_ln208' <Predicate = (trunc_ln205 == 25)> <Delay = 0.00>
ST_2 : Operation 168 [1/1] (0.00ns)   --->   "%store_ln200 = store i24 %val, i24 %row_buffer_24" [top.cpp:200]   --->   Operation 168 'store' 'store_ln200' <Predicate = (trunc_ln205 == 24)> <Delay = 0.00>
ST_2 : Operation 169 [1/1] (0.00ns)   --->   "%br_ln208 = br void %arrayidx15.exit" [top.cpp:208]   --->   Operation 169 'br' 'br_ln208' <Predicate = (trunc_ln205 == 24)> <Delay = 0.00>
ST_2 : Operation 170 [1/1] (0.00ns)   --->   "%store_ln200 = store i24 %val, i24 %row_buffer_23" [top.cpp:200]   --->   Operation 170 'store' 'store_ln200' <Predicate = (trunc_ln205 == 23)> <Delay = 0.00>
ST_2 : Operation 171 [1/1] (0.00ns)   --->   "%br_ln208 = br void %arrayidx15.exit" [top.cpp:208]   --->   Operation 171 'br' 'br_ln208' <Predicate = (trunc_ln205 == 23)> <Delay = 0.00>
ST_2 : Operation 172 [1/1] (0.00ns)   --->   "%store_ln200 = store i24 %val, i24 %row_buffer_22" [top.cpp:200]   --->   Operation 172 'store' 'store_ln200' <Predicate = (trunc_ln205 == 22)> <Delay = 0.00>
ST_2 : Operation 173 [1/1] (0.00ns)   --->   "%br_ln208 = br void %arrayidx15.exit" [top.cpp:208]   --->   Operation 173 'br' 'br_ln208' <Predicate = (trunc_ln205 == 22)> <Delay = 0.00>
ST_2 : Operation 174 [1/1] (0.00ns)   --->   "%store_ln200 = store i24 %val, i24 %row_buffer_21" [top.cpp:200]   --->   Operation 174 'store' 'store_ln200' <Predicate = (trunc_ln205 == 21)> <Delay = 0.00>
ST_2 : Operation 175 [1/1] (0.00ns)   --->   "%br_ln208 = br void %arrayidx15.exit" [top.cpp:208]   --->   Operation 175 'br' 'br_ln208' <Predicate = (trunc_ln205 == 21)> <Delay = 0.00>
ST_2 : Operation 176 [1/1] (0.00ns)   --->   "%store_ln200 = store i24 %val, i24 %row_buffer_20" [top.cpp:200]   --->   Operation 176 'store' 'store_ln200' <Predicate = (trunc_ln205 == 20)> <Delay = 0.00>
ST_2 : Operation 177 [1/1] (0.00ns)   --->   "%br_ln208 = br void %arrayidx15.exit" [top.cpp:208]   --->   Operation 177 'br' 'br_ln208' <Predicate = (trunc_ln205 == 20)> <Delay = 0.00>
ST_2 : Operation 178 [1/1] (0.00ns)   --->   "%store_ln200 = store i24 %val, i24 %row_buffer_19" [top.cpp:200]   --->   Operation 178 'store' 'store_ln200' <Predicate = (trunc_ln205 == 19)> <Delay = 0.00>
ST_2 : Operation 179 [1/1] (0.00ns)   --->   "%br_ln208 = br void %arrayidx15.exit" [top.cpp:208]   --->   Operation 179 'br' 'br_ln208' <Predicate = (trunc_ln205 == 19)> <Delay = 0.00>
ST_2 : Operation 180 [1/1] (0.00ns)   --->   "%store_ln200 = store i24 %val, i24 %row_buffer_18" [top.cpp:200]   --->   Operation 180 'store' 'store_ln200' <Predicate = (trunc_ln205 == 18)> <Delay = 0.00>
ST_2 : Operation 181 [1/1] (0.00ns)   --->   "%br_ln208 = br void %arrayidx15.exit" [top.cpp:208]   --->   Operation 181 'br' 'br_ln208' <Predicate = (trunc_ln205 == 18)> <Delay = 0.00>
ST_2 : Operation 182 [1/1] (0.00ns)   --->   "%store_ln200 = store i24 %val, i24 %row_buffer_17" [top.cpp:200]   --->   Operation 182 'store' 'store_ln200' <Predicate = (trunc_ln205 == 17)> <Delay = 0.00>
ST_2 : Operation 183 [1/1] (0.00ns)   --->   "%br_ln208 = br void %arrayidx15.exit" [top.cpp:208]   --->   Operation 183 'br' 'br_ln208' <Predicate = (trunc_ln205 == 17)> <Delay = 0.00>
ST_2 : Operation 184 [1/1] (0.00ns)   --->   "%store_ln200 = store i24 %val, i24 %row_buffer_16" [top.cpp:200]   --->   Operation 184 'store' 'store_ln200' <Predicate = (trunc_ln205 == 16)> <Delay = 0.00>
ST_2 : Operation 185 [1/1] (0.00ns)   --->   "%br_ln208 = br void %arrayidx15.exit" [top.cpp:208]   --->   Operation 185 'br' 'br_ln208' <Predicate = (trunc_ln205 == 16)> <Delay = 0.00>
ST_2 : Operation 186 [1/1] (0.00ns)   --->   "%store_ln200 = store i24 %val, i24 %row_buffer_15" [top.cpp:200]   --->   Operation 186 'store' 'store_ln200' <Predicate = (trunc_ln205 == 15)> <Delay = 0.00>
ST_2 : Operation 187 [1/1] (0.00ns)   --->   "%br_ln208 = br void %arrayidx15.exit" [top.cpp:208]   --->   Operation 187 'br' 'br_ln208' <Predicate = (trunc_ln205 == 15)> <Delay = 0.00>
ST_2 : Operation 188 [1/1] (0.00ns)   --->   "%store_ln200 = store i24 %val, i24 %row_buffer_14" [top.cpp:200]   --->   Operation 188 'store' 'store_ln200' <Predicate = (trunc_ln205 == 14)> <Delay = 0.00>
ST_2 : Operation 189 [1/1] (0.00ns)   --->   "%br_ln208 = br void %arrayidx15.exit" [top.cpp:208]   --->   Operation 189 'br' 'br_ln208' <Predicate = (trunc_ln205 == 14)> <Delay = 0.00>
ST_2 : Operation 190 [1/1] (0.00ns)   --->   "%store_ln200 = store i24 %val, i24 %row_buffer_13" [top.cpp:200]   --->   Operation 190 'store' 'store_ln200' <Predicate = (trunc_ln205 == 13)> <Delay = 0.00>
ST_2 : Operation 191 [1/1] (0.00ns)   --->   "%br_ln208 = br void %arrayidx15.exit" [top.cpp:208]   --->   Operation 191 'br' 'br_ln208' <Predicate = (trunc_ln205 == 13)> <Delay = 0.00>
ST_2 : Operation 192 [1/1] (0.00ns)   --->   "%store_ln200 = store i24 %val, i24 %row_buffer_12" [top.cpp:200]   --->   Operation 192 'store' 'store_ln200' <Predicate = (trunc_ln205 == 12)> <Delay = 0.00>
ST_2 : Operation 193 [1/1] (0.00ns)   --->   "%br_ln208 = br void %arrayidx15.exit" [top.cpp:208]   --->   Operation 193 'br' 'br_ln208' <Predicate = (trunc_ln205 == 12)> <Delay = 0.00>
ST_2 : Operation 194 [1/1] (0.00ns)   --->   "%store_ln200 = store i24 %val, i24 %row_buffer_11" [top.cpp:200]   --->   Operation 194 'store' 'store_ln200' <Predicate = (trunc_ln205 == 11)> <Delay = 0.00>
ST_2 : Operation 195 [1/1] (0.00ns)   --->   "%br_ln208 = br void %arrayidx15.exit" [top.cpp:208]   --->   Operation 195 'br' 'br_ln208' <Predicate = (trunc_ln205 == 11)> <Delay = 0.00>
ST_2 : Operation 196 [1/1] (0.00ns)   --->   "%store_ln200 = store i24 %val, i24 %row_buffer_10" [top.cpp:200]   --->   Operation 196 'store' 'store_ln200' <Predicate = (trunc_ln205 == 10)> <Delay = 0.00>
ST_2 : Operation 197 [1/1] (0.00ns)   --->   "%br_ln208 = br void %arrayidx15.exit" [top.cpp:208]   --->   Operation 197 'br' 'br_ln208' <Predicate = (trunc_ln205 == 10)> <Delay = 0.00>
ST_2 : Operation 198 [1/1] (0.00ns)   --->   "%store_ln200 = store i24 %val, i24 %row_buffer_9" [top.cpp:200]   --->   Operation 198 'store' 'store_ln200' <Predicate = (trunc_ln205 == 9)> <Delay = 0.00>
ST_2 : Operation 199 [1/1] (0.00ns)   --->   "%br_ln208 = br void %arrayidx15.exit" [top.cpp:208]   --->   Operation 199 'br' 'br_ln208' <Predicate = (trunc_ln205 == 9)> <Delay = 0.00>
ST_2 : Operation 200 [1/1] (0.00ns)   --->   "%store_ln200 = store i24 %val, i24 %row_buffer_8" [top.cpp:200]   --->   Operation 200 'store' 'store_ln200' <Predicate = (trunc_ln205 == 8)> <Delay = 0.00>
ST_2 : Operation 201 [1/1] (0.00ns)   --->   "%br_ln208 = br void %arrayidx15.exit" [top.cpp:208]   --->   Operation 201 'br' 'br_ln208' <Predicate = (trunc_ln205 == 8)> <Delay = 0.00>
ST_2 : Operation 202 [1/1] (0.00ns)   --->   "%store_ln200 = store i24 %val, i24 %row_buffer_7" [top.cpp:200]   --->   Operation 202 'store' 'store_ln200' <Predicate = (trunc_ln205 == 7)> <Delay = 0.00>
ST_2 : Operation 203 [1/1] (0.00ns)   --->   "%br_ln208 = br void %arrayidx15.exit" [top.cpp:208]   --->   Operation 203 'br' 'br_ln208' <Predicate = (trunc_ln205 == 7)> <Delay = 0.00>
ST_2 : Operation 204 [1/1] (0.00ns)   --->   "%store_ln200 = store i24 %val, i24 %row_buffer_6" [top.cpp:200]   --->   Operation 204 'store' 'store_ln200' <Predicate = (trunc_ln205 == 6)> <Delay = 0.00>
ST_2 : Operation 205 [1/1] (0.00ns)   --->   "%br_ln208 = br void %arrayidx15.exit" [top.cpp:208]   --->   Operation 205 'br' 'br_ln208' <Predicate = (trunc_ln205 == 6)> <Delay = 0.00>
ST_2 : Operation 206 [1/1] (0.00ns)   --->   "%store_ln200 = store i24 %val, i24 %row_buffer_5" [top.cpp:200]   --->   Operation 206 'store' 'store_ln200' <Predicate = (trunc_ln205 == 5)> <Delay = 0.00>
ST_2 : Operation 207 [1/1] (0.00ns)   --->   "%br_ln208 = br void %arrayidx15.exit" [top.cpp:208]   --->   Operation 207 'br' 'br_ln208' <Predicate = (trunc_ln205 == 5)> <Delay = 0.00>
ST_2 : Operation 208 [1/1] (0.00ns)   --->   "%store_ln200 = store i24 %val, i24 %row_buffer_4" [top.cpp:200]   --->   Operation 208 'store' 'store_ln200' <Predicate = (trunc_ln205 == 4)> <Delay = 0.00>
ST_2 : Operation 209 [1/1] (0.00ns)   --->   "%br_ln208 = br void %arrayidx15.exit" [top.cpp:208]   --->   Operation 209 'br' 'br_ln208' <Predicate = (trunc_ln205 == 4)> <Delay = 0.00>
ST_2 : Operation 210 [1/1] (0.00ns)   --->   "%store_ln200 = store i24 %val, i24 %row_buffer_3" [top.cpp:200]   --->   Operation 210 'store' 'store_ln200' <Predicate = (trunc_ln205 == 3)> <Delay = 0.00>
ST_2 : Operation 211 [1/1] (0.00ns)   --->   "%br_ln208 = br void %arrayidx15.exit" [top.cpp:208]   --->   Operation 211 'br' 'br_ln208' <Predicate = (trunc_ln205 == 3)> <Delay = 0.00>
ST_2 : Operation 212 [1/1] (0.00ns)   --->   "%store_ln200 = store i24 %val, i24 %row_buffer_2" [top.cpp:200]   --->   Operation 212 'store' 'store_ln200' <Predicate = (trunc_ln205 == 2)> <Delay = 0.00>
ST_2 : Operation 213 [1/1] (0.00ns)   --->   "%br_ln208 = br void %arrayidx15.exit" [top.cpp:208]   --->   Operation 213 'br' 'br_ln208' <Predicate = (trunc_ln205 == 2)> <Delay = 0.00>
ST_2 : Operation 214 [1/1] (0.00ns)   --->   "%store_ln200 = store i24 %val, i24 %row_buffer_1" [top.cpp:200]   --->   Operation 214 'store' 'store_ln200' <Predicate = (trunc_ln205 == 1)> <Delay = 0.00>
ST_2 : Operation 215 [1/1] (0.00ns)   --->   "%br_ln208 = br void %arrayidx15.exit" [top.cpp:208]   --->   Operation 215 'br' 'br_ln208' <Predicate = (trunc_ln205 == 1)> <Delay = 0.00>
ST_2 : Operation 216 [1/1] (0.00ns)   --->   "%store_ln200 = store i24 %val, i24 %row_buffer" [top.cpp:200]   --->   Operation 216 'store' 'store_ln200' <Predicate = (trunc_ln205 == 0)> <Delay = 0.00>
ST_2 : Operation 217 [1/1] (0.00ns)   --->   "%br_ln208 = br void %arrayidx15.exit" [top.cpp:208]   --->   Operation 217 'br' 'br_ln208' <Predicate = (trunc_ln205 == 0)> <Delay = 0.00>
ST_2 : Operation 218 [1/1] (0.00ns)   --->   "%store_ln200 = store i24 %val, i24 %row_buffer_63" [top.cpp:200]   --->   Operation 218 'store' 'store_ln200' <Predicate = (trunc_ln205 == 63)> <Delay = 0.00>
ST_2 : Operation 219 [1/1] (0.00ns)   --->   "%br_ln208 = br void %arrayidx15.exit" [top.cpp:208]   --->   Operation 219 'br' 'br_ln208' <Predicate = (trunc_ln205 == 63)> <Delay = 0.00>
ST_2 : Operation 234 [1/1] (0.00ns)   --->   "%p_load5 = load i24 %empty"   --->   Operation 234 'load' 'p_load5' <Predicate = (icmp_ln205)> <Delay = 0.00>
ST_2 : Operation 235 [1/1] (0.00ns)   --->   "%row_buffer_load = load i24 %row_buffer"   --->   Operation 235 'load' 'row_buffer_load' <Predicate = (icmp_ln205)> <Delay = 0.00>
ST_2 : Operation 236 [1/1] (0.00ns)   --->   "%row_buffer_1_load = load i24 %row_buffer_1"   --->   Operation 236 'load' 'row_buffer_1_load' <Predicate = (icmp_ln205)> <Delay = 0.00>
ST_2 : Operation 237 [1/1] (0.00ns)   --->   "%row_buffer_2_load = load i24 %row_buffer_2"   --->   Operation 237 'load' 'row_buffer_2_load' <Predicate = (icmp_ln205)> <Delay = 0.00>
ST_2 : Operation 238 [1/1] (0.00ns)   --->   "%row_buffer_3_load = load i24 %row_buffer_3"   --->   Operation 238 'load' 'row_buffer_3_load' <Predicate = (icmp_ln205)> <Delay = 0.00>
ST_2 : Operation 239 [1/1] (0.00ns)   --->   "%row_buffer_4_load = load i24 %row_buffer_4"   --->   Operation 239 'load' 'row_buffer_4_load' <Predicate = (icmp_ln205)> <Delay = 0.00>
ST_2 : Operation 240 [1/1] (0.00ns)   --->   "%row_buffer_5_load = load i24 %row_buffer_5"   --->   Operation 240 'load' 'row_buffer_5_load' <Predicate = (icmp_ln205)> <Delay = 0.00>
ST_2 : Operation 241 [1/1] (0.00ns)   --->   "%row_buffer_6_load = load i24 %row_buffer_6"   --->   Operation 241 'load' 'row_buffer_6_load' <Predicate = (icmp_ln205)> <Delay = 0.00>
ST_2 : Operation 242 [1/1] (0.00ns)   --->   "%row_buffer_7_load = load i24 %row_buffer_7"   --->   Operation 242 'load' 'row_buffer_7_load' <Predicate = (icmp_ln205)> <Delay = 0.00>
ST_2 : Operation 243 [1/1] (0.00ns)   --->   "%row_buffer_8_load = load i24 %row_buffer_8"   --->   Operation 243 'load' 'row_buffer_8_load' <Predicate = (icmp_ln205)> <Delay = 0.00>
ST_2 : Operation 244 [1/1] (0.00ns)   --->   "%row_buffer_9_load = load i24 %row_buffer_9"   --->   Operation 244 'load' 'row_buffer_9_load' <Predicate = (icmp_ln205)> <Delay = 0.00>
ST_2 : Operation 245 [1/1] (0.00ns)   --->   "%row_buffer_10_load = load i24 %row_buffer_10"   --->   Operation 245 'load' 'row_buffer_10_load' <Predicate = (icmp_ln205)> <Delay = 0.00>
ST_2 : Operation 246 [1/1] (0.00ns)   --->   "%row_buffer_11_load = load i24 %row_buffer_11"   --->   Operation 246 'load' 'row_buffer_11_load' <Predicate = (icmp_ln205)> <Delay = 0.00>
ST_2 : Operation 247 [1/1] (0.00ns)   --->   "%row_buffer_12_load = load i24 %row_buffer_12"   --->   Operation 247 'load' 'row_buffer_12_load' <Predicate = (icmp_ln205)> <Delay = 0.00>
ST_2 : Operation 248 [1/1] (0.00ns)   --->   "%row_buffer_13_load = load i24 %row_buffer_13"   --->   Operation 248 'load' 'row_buffer_13_load' <Predicate = (icmp_ln205)> <Delay = 0.00>
ST_2 : Operation 249 [1/1] (0.00ns)   --->   "%row_buffer_14_load = load i24 %row_buffer_14"   --->   Operation 249 'load' 'row_buffer_14_load' <Predicate = (icmp_ln205)> <Delay = 0.00>
ST_2 : Operation 250 [1/1] (0.00ns)   --->   "%row_buffer_15_load = load i24 %row_buffer_15"   --->   Operation 250 'load' 'row_buffer_15_load' <Predicate = (icmp_ln205)> <Delay = 0.00>
ST_2 : Operation 251 [1/1] (0.00ns)   --->   "%row_buffer_16_load = load i24 %row_buffer_16"   --->   Operation 251 'load' 'row_buffer_16_load' <Predicate = (icmp_ln205)> <Delay = 0.00>
ST_2 : Operation 252 [1/1] (0.00ns)   --->   "%row_buffer_17_load = load i24 %row_buffer_17"   --->   Operation 252 'load' 'row_buffer_17_load' <Predicate = (icmp_ln205)> <Delay = 0.00>
ST_2 : Operation 253 [1/1] (0.00ns)   --->   "%row_buffer_18_load = load i24 %row_buffer_18"   --->   Operation 253 'load' 'row_buffer_18_load' <Predicate = (icmp_ln205)> <Delay = 0.00>
ST_2 : Operation 254 [1/1] (0.00ns)   --->   "%row_buffer_19_load = load i24 %row_buffer_19"   --->   Operation 254 'load' 'row_buffer_19_load' <Predicate = (icmp_ln205)> <Delay = 0.00>
ST_2 : Operation 255 [1/1] (0.00ns)   --->   "%row_buffer_20_load = load i24 %row_buffer_20"   --->   Operation 255 'load' 'row_buffer_20_load' <Predicate = (icmp_ln205)> <Delay = 0.00>
ST_2 : Operation 256 [1/1] (0.00ns)   --->   "%row_buffer_21_load = load i24 %row_buffer_21"   --->   Operation 256 'load' 'row_buffer_21_load' <Predicate = (icmp_ln205)> <Delay = 0.00>
ST_2 : Operation 257 [1/1] (0.00ns)   --->   "%row_buffer_22_load = load i24 %row_buffer_22"   --->   Operation 257 'load' 'row_buffer_22_load' <Predicate = (icmp_ln205)> <Delay = 0.00>
ST_2 : Operation 258 [1/1] (0.00ns)   --->   "%row_buffer_23_load = load i24 %row_buffer_23"   --->   Operation 258 'load' 'row_buffer_23_load' <Predicate = (icmp_ln205)> <Delay = 0.00>
ST_2 : Operation 259 [1/1] (0.00ns)   --->   "%row_buffer_24_load = load i24 %row_buffer_24"   --->   Operation 259 'load' 'row_buffer_24_load' <Predicate = (icmp_ln205)> <Delay = 0.00>
ST_2 : Operation 260 [1/1] (0.00ns)   --->   "%row_buffer_25_load = load i24 %row_buffer_25"   --->   Operation 260 'load' 'row_buffer_25_load' <Predicate = (icmp_ln205)> <Delay = 0.00>
ST_2 : Operation 261 [1/1] (0.00ns)   --->   "%row_buffer_26_load = load i24 %row_buffer_26"   --->   Operation 261 'load' 'row_buffer_26_load' <Predicate = (icmp_ln205)> <Delay = 0.00>
ST_2 : Operation 262 [1/1] (0.00ns)   --->   "%row_buffer_27_load = load i24 %row_buffer_27"   --->   Operation 262 'load' 'row_buffer_27_load' <Predicate = (icmp_ln205)> <Delay = 0.00>
ST_2 : Operation 263 [1/1] (0.00ns)   --->   "%row_buffer_28_load = load i24 %row_buffer_28"   --->   Operation 263 'load' 'row_buffer_28_load' <Predicate = (icmp_ln205)> <Delay = 0.00>
ST_2 : Operation 264 [1/1] (0.00ns)   --->   "%row_buffer_29_load = load i24 %row_buffer_29"   --->   Operation 264 'load' 'row_buffer_29_load' <Predicate = (icmp_ln205)> <Delay = 0.00>
ST_2 : Operation 265 [1/1] (0.00ns)   --->   "%row_buffer_30_load = load i24 %row_buffer_30"   --->   Operation 265 'load' 'row_buffer_30_load' <Predicate = (icmp_ln205)> <Delay = 0.00>
ST_2 : Operation 266 [1/1] (0.00ns)   --->   "%row_buffer_31_load = load i24 %row_buffer_31"   --->   Operation 266 'load' 'row_buffer_31_load' <Predicate = (icmp_ln205)> <Delay = 0.00>
ST_2 : Operation 267 [1/1] (0.00ns)   --->   "%row_buffer_32_load = load i24 %row_buffer_32"   --->   Operation 267 'load' 'row_buffer_32_load' <Predicate = (icmp_ln205)> <Delay = 0.00>
ST_2 : Operation 268 [1/1] (0.00ns)   --->   "%row_buffer_33_load = load i24 %row_buffer_33"   --->   Operation 268 'load' 'row_buffer_33_load' <Predicate = (icmp_ln205)> <Delay = 0.00>
ST_2 : Operation 269 [1/1] (0.00ns)   --->   "%row_buffer_34_load = load i24 %row_buffer_34"   --->   Operation 269 'load' 'row_buffer_34_load' <Predicate = (icmp_ln205)> <Delay = 0.00>
ST_2 : Operation 270 [1/1] (0.00ns)   --->   "%row_buffer_35_load = load i24 %row_buffer_35"   --->   Operation 270 'load' 'row_buffer_35_load' <Predicate = (icmp_ln205)> <Delay = 0.00>
ST_2 : Operation 271 [1/1] (0.00ns)   --->   "%row_buffer_36_load = load i24 %row_buffer_36"   --->   Operation 271 'load' 'row_buffer_36_load' <Predicate = (icmp_ln205)> <Delay = 0.00>
ST_2 : Operation 272 [1/1] (0.00ns)   --->   "%row_buffer_37_load = load i24 %row_buffer_37"   --->   Operation 272 'load' 'row_buffer_37_load' <Predicate = (icmp_ln205)> <Delay = 0.00>
ST_2 : Operation 273 [1/1] (0.00ns)   --->   "%row_buffer_38_load = load i24 %row_buffer_38"   --->   Operation 273 'load' 'row_buffer_38_load' <Predicate = (icmp_ln205)> <Delay = 0.00>
ST_2 : Operation 274 [1/1] (0.00ns)   --->   "%row_buffer_39_load = load i24 %row_buffer_39"   --->   Operation 274 'load' 'row_buffer_39_load' <Predicate = (icmp_ln205)> <Delay = 0.00>
ST_2 : Operation 275 [1/1] (0.00ns)   --->   "%row_buffer_40_load = load i24 %row_buffer_40"   --->   Operation 275 'load' 'row_buffer_40_load' <Predicate = (icmp_ln205)> <Delay = 0.00>
ST_2 : Operation 276 [1/1] (0.00ns)   --->   "%row_buffer_41_load = load i24 %row_buffer_41"   --->   Operation 276 'load' 'row_buffer_41_load' <Predicate = (icmp_ln205)> <Delay = 0.00>
ST_2 : Operation 277 [1/1] (0.00ns)   --->   "%row_buffer_42_load = load i24 %row_buffer_42"   --->   Operation 277 'load' 'row_buffer_42_load' <Predicate = (icmp_ln205)> <Delay = 0.00>
ST_2 : Operation 278 [1/1] (0.00ns)   --->   "%row_buffer_43_load = load i24 %row_buffer_43"   --->   Operation 278 'load' 'row_buffer_43_load' <Predicate = (icmp_ln205)> <Delay = 0.00>
ST_2 : Operation 279 [1/1] (0.00ns)   --->   "%row_buffer_44_load = load i24 %row_buffer_44"   --->   Operation 279 'load' 'row_buffer_44_load' <Predicate = (icmp_ln205)> <Delay = 0.00>
ST_2 : Operation 280 [1/1] (0.00ns)   --->   "%row_buffer_45_load = load i24 %row_buffer_45"   --->   Operation 280 'load' 'row_buffer_45_load' <Predicate = (icmp_ln205)> <Delay = 0.00>
ST_2 : Operation 281 [1/1] (0.00ns)   --->   "%row_buffer_46_load = load i24 %row_buffer_46"   --->   Operation 281 'load' 'row_buffer_46_load' <Predicate = (icmp_ln205)> <Delay = 0.00>
ST_2 : Operation 282 [1/1] (0.00ns)   --->   "%row_buffer_47_load = load i24 %row_buffer_47"   --->   Operation 282 'load' 'row_buffer_47_load' <Predicate = (icmp_ln205)> <Delay = 0.00>
ST_2 : Operation 283 [1/1] (0.00ns)   --->   "%row_buffer_48_load = load i24 %row_buffer_48"   --->   Operation 283 'load' 'row_buffer_48_load' <Predicate = (icmp_ln205)> <Delay = 0.00>
ST_2 : Operation 284 [1/1] (0.00ns)   --->   "%row_buffer_49_load = load i24 %row_buffer_49"   --->   Operation 284 'load' 'row_buffer_49_load' <Predicate = (icmp_ln205)> <Delay = 0.00>
ST_2 : Operation 285 [1/1] (0.00ns)   --->   "%row_buffer_50_load = load i24 %row_buffer_50"   --->   Operation 285 'load' 'row_buffer_50_load' <Predicate = (icmp_ln205)> <Delay = 0.00>
ST_2 : Operation 286 [1/1] (0.00ns)   --->   "%row_buffer_51_load = load i24 %row_buffer_51"   --->   Operation 286 'load' 'row_buffer_51_load' <Predicate = (icmp_ln205)> <Delay = 0.00>
ST_2 : Operation 287 [1/1] (0.00ns)   --->   "%row_buffer_52_load = load i24 %row_buffer_52"   --->   Operation 287 'load' 'row_buffer_52_load' <Predicate = (icmp_ln205)> <Delay = 0.00>
ST_2 : Operation 288 [1/1] (0.00ns)   --->   "%row_buffer_53_load = load i24 %row_buffer_53"   --->   Operation 288 'load' 'row_buffer_53_load' <Predicate = (icmp_ln205)> <Delay = 0.00>
ST_2 : Operation 289 [1/1] (0.00ns)   --->   "%row_buffer_54_load = load i24 %row_buffer_54"   --->   Operation 289 'load' 'row_buffer_54_load' <Predicate = (icmp_ln205)> <Delay = 0.00>
ST_2 : Operation 290 [1/1] (0.00ns)   --->   "%row_buffer_55_load = load i24 %row_buffer_55"   --->   Operation 290 'load' 'row_buffer_55_load' <Predicate = (icmp_ln205)> <Delay = 0.00>
ST_2 : Operation 291 [1/1] (0.00ns)   --->   "%row_buffer_56_load = load i24 %row_buffer_56"   --->   Operation 291 'load' 'row_buffer_56_load' <Predicate = (icmp_ln205)> <Delay = 0.00>
ST_2 : Operation 292 [1/1] (0.00ns)   --->   "%row_buffer_57_load = load i24 %row_buffer_57"   --->   Operation 292 'load' 'row_buffer_57_load' <Predicate = (icmp_ln205)> <Delay = 0.00>
ST_2 : Operation 293 [1/1] (0.00ns)   --->   "%row_buffer_58_load = load i24 %row_buffer_58"   --->   Operation 293 'load' 'row_buffer_58_load' <Predicate = (icmp_ln205)> <Delay = 0.00>
ST_2 : Operation 294 [1/1] (0.00ns)   --->   "%row_buffer_59_load = load i24 %row_buffer_59"   --->   Operation 294 'load' 'row_buffer_59_load' <Predicate = (icmp_ln205)> <Delay = 0.00>
ST_2 : Operation 295 [1/1] (0.00ns)   --->   "%row_buffer_60_load = load i24 %row_buffer_60"   --->   Operation 295 'load' 'row_buffer_60_load' <Predicate = (icmp_ln205)> <Delay = 0.00>
ST_2 : Operation 296 [1/1] (0.00ns)   --->   "%row_buffer_61_load = load i24 %row_buffer_61"   --->   Operation 296 'load' 'row_buffer_61_load' <Predicate = (icmp_ln205)> <Delay = 0.00>
ST_2 : Operation 297 [1/1] (0.00ns)   --->   "%row_buffer_62_load = load i24 %row_buffer_62"   --->   Operation 297 'load' 'row_buffer_62_load' <Predicate = (icmp_ln205)> <Delay = 0.00>
ST_2 : Operation 298 [1/1] (0.00ns)   --->   "%row_buffer_63_load = load i24 %row_buffer_63"   --->   Operation 298 'load' 'row_buffer_63_load' <Predicate = (icmp_ln205)> <Delay = 0.00>
ST_2 : Operation 299 [1/1] (0.00ns)   --->   "%write_ln0 = write void @_ssdm_op_Write.ap_auto.i24P0A, i24 %row_buffer_63_out, i24 %row_buffer_63_load"   --->   Operation 299 'write' 'write_ln0' <Predicate = (icmp_ln205)> <Delay = 0.00>
ST_2 : Operation 300 [1/1] (0.00ns)   --->   "%write_ln0 = write void @_ssdm_op_Write.ap_auto.i24P0A, i24 %row_buffer_62_out, i24 %row_buffer_62_load"   --->   Operation 300 'write' 'write_ln0' <Predicate = (icmp_ln205)> <Delay = 0.00>
ST_2 : Operation 301 [1/1] (0.00ns)   --->   "%write_ln0 = write void @_ssdm_op_Write.ap_auto.i24P0A, i24 %row_buffer_61_out, i24 %row_buffer_61_load"   --->   Operation 301 'write' 'write_ln0' <Predicate = (icmp_ln205)> <Delay = 0.00>
ST_2 : Operation 302 [1/1] (0.00ns)   --->   "%write_ln0 = write void @_ssdm_op_Write.ap_auto.i24P0A, i24 %row_buffer_60_out, i24 %row_buffer_60_load"   --->   Operation 302 'write' 'write_ln0' <Predicate = (icmp_ln205)> <Delay = 0.00>
ST_2 : Operation 303 [1/1] (0.00ns)   --->   "%write_ln0 = write void @_ssdm_op_Write.ap_auto.i24P0A, i24 %row_buffer_59_out, i24 %row_buffer_59_load"   --->   Operation 303 'write' 'write_ln0' <Predicate = (icmp_ln205)> <Delay = 0.00>
ST_2 : Operation 304 [1/1] (0.00ns)   --->   "%write_ln0 = write void @_ssdm_op_Write.ap_auto.i24P0A, i24 %row_buffer_58_out, i24 %row_buffer_58_load"   --->   Operation 304 'write' 'write_ln0' <Predicate = (icmp_ln205)> <Delay = 0.00>
ST_2 : Operation 305 [1/1] (0.00ns)   --->   "%write_ln0 = write void @_ssdm_op_Write.ap_auto.i24P0A, i24 %row_buffer_57_out, i24 %row_buffer_57_load"   --->   Operation 305 'write' 'write_ln0' <Predicate = (icmp_ln205)> <Delay = 0.00>
ST_2 : Operation 306 [1/1] (0.00ns)   --->   "%write_ln0 = write void @_ssdm_op_Write.ap_auto.i24P0A, i24 %row_buffer_56_out, i24 %row_buffer_56_load"   --->   Operation 306 'write' 'write_ln0' <Predicate = (icmp_ln205)> <Delay = 0.00>
ST_2 : Operation 307 [1/1] (0.00ns)   --->   "%write_ln0 = write void @_ssdm_op_Write.ap_auto.i24P0A, i24 %row_buffer_55_out, i24 %row_buffer_55_load"   --->   Operation 307 'write' 'write_ln0' <Predicate = (icmp_ln205)> <Delay = 0.00>
ST_2 : Operation 308 [1/1] (0.00ns)   --->   "%write_ln0 = write void @_ssdm_op_Write.ap_auto.i24P0A, i24 %row_buffer_54_out, i24 %row_buffer_54_load"   --->   Operation 308 'write' 'write_ln0' <Predicate = (icmp_ln205)> <Delay = 0.00>
ST_2 : Operation 309 [1/1] (0.00ns)   --->   "%write_ln0 = write void @_ssdm_op_Write.ap_auto.i24P0A, i24 %row_buffer_53_out, i24 %row_buffer_53_load"   --->   Operation 309 'write' 'write_ln0' <Predicate = (icmp_ln205)> <Delay = 0.00>
ST_2 : Operation 310 [1/1] (0.00ns)   --->   "%write_ln0 = write void @_ssdm_op_Write.ap_auto.i24P0A, i24 %row_buffer_52_out, i24 %row_buffer_52_load"   --->   Operation 310 'write' 'write_ln0' <Predicate = (icmp_ln205)> <Delay = 0.00>
ST_2 : Operation 311 [1/1] (0.00ns)   --->   "%write_ln0 = write void @_ssdm_op_Write.ap_auto.i24P0A, i24 %row_buffer_51_out, i24 %row_buffer_51_load"   --->   Operation 311 'write' 'write_ln0' <Predicate = (icmp_ln205)> <Delay = 0.00>
ST_2 : Operation 312 [1/1] (0.00ns)   --->   "%write_ln0 = write void @_ssdm_op_Write.ap_auto.i24P0A, i24 %row_buffer_50_out, i24 %row_buffer_50_load"   --->   Operation 312 'write' 'write_ln0' <Predicate = (icmp_ln205)> <Delay = 0.00>
ST_2 : Operation 313 [1/1] (0.00ns)   --->   "%write_ln0 = write void @_ssdm_op_Write.ap_auto.i24P0A, i24 %row_buffer_49_out, i24 %row_buffer_49_load"   --->   Operation 313 'write' 'write_ln0' <Predicate = (icmp_ln205)> <Delay = 0.00>
ST_2 : Operation 314 [1/1] (0.00ns)   --->   "%write_ln0 = write void @_ssdm_op_Write.ap_auto.i24P0A, i24 %row_buffer_48_out, i24 %row_buffer_48_load"   --->   Operation 314 'write' 'write_ln0' <Predicate = (icmp_ln205)> <Delay = 0.00>
ST_2 : Operation 315 [1/1] (0.00ns)   --->   "%write_ln0 = write void @_ssdm_op_Write.ap_auto.i24P0A, i24 %row_buffer_47_out, i24 %row_buffer_47_load"   --->   Operation 315 'write' 'write_ln0' <Predicate = (icmp_ln205)> <Delay = 0.00>
ST_2 : Operation 316 [1/1] (0.00ns)   --->   "%write_ln0 = write void @_ssdm_op_Write.ap_auto.i24P0A, i24 %row_buffer_46_out, i24 %row_buffer_46_load"   --->   Operation 316 'write' 'write_ln0' <Predicate = (icmp_ln205)> <Delay = 0.00>
ST_2 : Operation 317 [1/1] (0.00ns)   --->   "%write_ln0 = write void @_ssdm_op_Write.ap_auto.i24P0A, i24 %row_buffer_45_out, i24 %row_buffer_45_load"   --->   Operation 317 'write' 'write_ln0' <Predicate = (icmp_ln205)> <Delay = 0.00>
ST_2 : Operation 318 [1/1] (0.00ns)   --->   "%write_ln0 = write void @_ssdm_op_Write.ap_auto.i24P0A, i24 %row_buffer_44_out, i24 %row_buffer_44_load"   --->   Operation 318 'write' 'write_ln0' <Predicate = (icmp_ln205)> <Delay = 0.00>
ST_2 : Operation 319 [1/1] (0.00ns)   --->   "%write_ln0 = write void @_ssdm_op_Write.ap_auto.i24P0A, i24 %row_buffer_43_out, i24 %row_buffer_43_load"   --->   Operation 319 'write' 'write_ln0' <Predicate = (icmp_ln205)> <Delay = 0.00>
ST_2 : Operation 320 [1/1] (0.00ns)   --->   "%write_ln0 = write void @_ssdm_op_Write.ap_auto.i24P0A, i24 %row_buffer_42_out, i24 %row_buffer_42_load"   --->   Operation 320 'write' 'write_ln0' <Predicate = (icmp_ln205)> <Delay = 0.00>
ST_2 : Operation 321 [1/1] (0.00ns)   --->   "%write_ln0 = write void @_ssdm_op_Write.ap_auto.i24P0A, i24 %row_buffer_41_out, i24 %row_buffer_41_load"   --->   Operation 321 'write' 'write_ln0' <Predicate = (icmp_ln205)> <Delay = 0.00>
ST_2 : Operation 322 [1/1] (0.00ns)   --->   "%write_ln0 = write void @_ssdm_op_Write.ap_auto.i24P0A, i24 %row_buffer_40_out, i24 %row_buffer_40_load"   --->   Operation 322 'write' 'write_ln0' <Predicate = (icmp_ln205)> <Delay = 0.00>
ST_2 : Operation 323 [1/1] (0.00ns)   --->   "%write_ln0 = write void @_ssdm_op_Write.ap_auto.i24P0A, i24 %row_buffer_39_out, i24 %row_buffer_39_load"   --->   Operation 323 'write' 'write_ln0' <Predicate = (icmp_ln205)> <Delay = 0.00>
ST_2 : Operation 324 [1/1] (0.00ns)   --->   "%write_ln0 = write void @_ssdm_op_Write.ap_auto.i24P0A, i24 %row_buffer_38_out, i24 %row_buffer_38_load"   --->   Operation 324 'write' 'write_ln0' <Predicate = (icmp_ln205)> <Delay = 0.00>
ST_2 : Operation 325 [1/1] (0.00ns)   --->   "%write_ln0 = write void @_ssdm_op_Write.ap_auto.i24P0A, i24 %row_buffer_37_out, i24 %row_buffer_37_load"   --->   Operation 325 'write' 'write_ln0' <Predicate = (icmp_ln205)> <Delay = 0.00>
ST_2 : Operation 326 [1/1] (0.00ns)   --->   "%write_ln0 = write void @_ssdm_op_Write.ap_auto.i24P0A, i24 %row_buffer_36_out, i24 %row_buffer_36_load"   --->   Operation 326 'write' 'write_ln0' <Predicate = (icmp_ln205)> <Delay = 0.00>
ST_2 : Operation 327 [1/1] (0.00ns)   --->   "%write_ln0 = write void @_ssdm_op_Write.ap_auto.i24P0A, i24 %row_buffer_35_out, i24 %row_buffer_35_load"   --->   Operation 327 'write' 'write_ln0' <Predicate = (icmp_ln205)> <Delay = 0.00>
ST_2 : Operation 328 [1/1] (0.00ns)   --->   "%write_ln0 = write void @_ssdm_op_Write.ap_auto.i24P0A, i24 %row_buffer_34_out, i24 %row_buffer_34_load"   --->   Operation 328 'write' 'write_ln0' <Predicate = (icmp_ln205)> <Delay = 0.00>
ST_2 : Operation 329 [1/1] (0.00ns)   --->   "%write_ln0 = write void @_ssdm_op_Write.ap_auto.i24P0A, i24 %row_buffer_33_out, i24 %row_buffer_33_load"   --->   Operation 329 'write' 'write_ln0' <Predicate = (icmp_ln205)> <Delay = 0.00>
ST_2 : Operation 330 [1/1] (0.00ns)   --->   "%write_ln0 = write void @_ssdm_op_Write.ap_auto.i24P0A, i24 %row_buffer_32_out, i24 %row_buffer_32_load"   --->   Operation 330 'write' 'write_ln0' <Predicate = (icmp_ln205)> <Delay = 0.00>
ST_2 : Operation 331 [1/1] (0.00ns)   --->   "%write_ln0 = write void @_ssdm_op_Write.ap_auto.i24P0A, i24 %row_buffer_31_out, i24 %row_buffer_31_load"   --->   Operation 331 'write' 'write_ln0' <Predicate = (icmp_ln205)> <Delay = 0.00>
ST_2 : Operation 332 [1/1] (0.00ns)   --->   "%write_ln0 = write void @_ssdm_op_Write.ap_auto.i24P0A, i24 %row_buffer_30_out, i24 %row_buffer_30_load"   --->   Operation 332 'write' 'write_ln0' <Predicate = (icmp_ln205)> <Delay = 0.00>
ST_2 : Operation 333 [1/1] (0.00ns)   --->   "%write_ln0 = write void @_ssdm_op_Write.ap_auto.i24P0A, i24 %row_buffer_29_out, i24 %row_buffer_29_load"   --->   Operation 333 'write' 'write_ln0' <Predicate = (icmp_ln205)> <Delay = 0.00>
ST_2 : Operation 334 [1/1] (0.00ns)   --->   "%write_ln0 = write void @_ssdm_op_Write.ap_auto.i24P0A, i24 %row_buffer_28_out, i24 %row_buffer_28_load"   --->   Operation 334 'write' 'write_ln0' <Predicate = (icmp_ln205)> <Delay = 0.00>
ST_2 : Operation 335 [1/1] (0.00ns)   --->   "%write_ln0 = write void @_ssdm_op_Write.ap_auto.i24P0A, i24 %row_buffer_27_out, i24 %row_buffer_27_load"   --->   Operation 335 'write' 'write_ln0' <Predicate = (icmp_ln205)> <Delay = 0.00>
ST_2 : Operation 336 [1/1] (0.00ns)   --->   "%write_ln0 = write void @_ssdm_op_Write.ap_auto.i24P0A, i24 %row_buffer_26_out, i24 %row_buffer_26_load"   --->   Operation 336 'write' 'write_ln0' <Predicate = (icmp_ln205)> <Delay = 0.00>
ST_2 : Operation 337 [1/1] (0.00ns)   --->   "%write_ln0 = write void @_ssdm_op_Write.ap_auto.i24P0A, i24 %row_buffer_25_out, i24 %row_buffer_25_load"   --->   Operation 337 'write' 'write_ln0' <Predicate = (icmp_ln205)> <Delay = 0.00>
ST_2 : Operation 338 [1/1] (0.00ns)   --->   "%write_ln0 = write void @_ssdm_op_Write.ap_auto.i24P0A, i24 %row_buffer_24_out, i24 %row_buffer_24_load"   --->   Operation 338 'write' 'write_ln0' <Predicate = (icmp_ln205)> <Delay = 0.00>
ST_2 : Operation 339 [1/1] (0.00ns)   --->   "%write_ln0 = write void @_ssdm_op_Write.ap_auto.i24P0A, i24 %row_buffer_23_out, i24 %row_buffer_23_load"   --->   Operation 339 'write' 'write_ln0' <Predicate = (icmp_ln205)> <Delay = 0.00>
ST_2 : Operation 340 [1/1] (0.00ns)   --->   "%write_ln0 = write void @_ssdm_op_Write.ap_auto.i24P0A, i24 %row_buffer_22_out, i24 %row_buffer_22_load"   --->   Operation 340 'write' 'write_ln0' <Predicate = (icmp_ln205)> <Delay = 0.00>
ST_2 : Operation 341 [1/1] (0.00ns)   --->   "%write_ln0 = write void @_ssdm_op_Write.ap_auto.i24P0A, i24 %row_buffer_21_out, i24 %row_buffer_21_load"   --->   Operation 341 'write' 'write_ln0' <Predicate = (icmp_ln205)> <Delay = 0.00>
ST_2 : Operation 342 [1/1] (0.00ns)   --->   "%write_ln0 = write void @_ssdm_op_Write.ap_auto.i24P0A, i24 %row_buffer_20_out, i24 %row_buffer_20_load"   --->   Operation 342 'write' 'write_ln0' <Predicate = (icmp_ln205)> <Delay = 0.00>
ST_2 : Operation 343 [1/1] (0.00ns)   --->   "%write_ln0 = write void @_ssdm_op_Write.ap_auto.i24P0A, i24 %row_buffer_19_out, i24 %row_buffer_19_load"   --->   Operation 343 'write' 'write_ln0' <Predicate = (icmp_ln205)> <Delay = 0.00>
ST_2 : Operation 344 [1/1] (0.00ns)   --->   "%write_ln0 = write void @_ssdm_op_Write.ap_auto.i24P0A, i24 %row_buffer_18_out, i24 %row_buffer_18_load"   --->   Operation 344 'write' 'write_ln0' <Predicate = (icmp_ln205)> <Delay = 0.00>
ST_2 : Operation 345 [1/1] (0.00ns)   --->   "%write_ln0 = write void @_ssdm_op_Write.ap_auto.i24P0A, i24 %row_buffer_17_out, i24 %row_buffer_17_load"   --->   Operation 345 'write' 'write_ln0' <Predicate = (icmp_ln205)> <Delay = 0.00>
ST_2 : Operation 346 [1/1] (0.00ns)   --->   "%write_ln0 = write void @_ssdm_op_Write.ap_auto.i24P0A, i24 %row_buffer_16_out, i24 %row_buffer_16_load"   --->   Operation 346 'write' 'write_ln0' <Predicate = (icmp_ln205)> <Delay = 0.00>
ST_2 : Operation 347 [1/1] (0.00ns)   --->   "%write_ln0 = write void @_ssdm_op_Write.ap_auto.i24P0A, i24 %row_buffer_15_out, i24 %row_buffer_15_load"   --->   Operation 347 'write' 'write_ln0' <Predicate = (icmp_ln205)> <Delay = 0.00>
ST_2 : Operation 348 [1/1] (0.00ns)   --->   "%write_ln0 = write void @_ssdm_op_Write.ap_auto.i24P0A, i24 %row_buffer_14_out, i24 %row_buffer_14_load"   --->   Operation 348 'write' 'write_ln0' <Predicate = (icmp_ln205)> <Delay = 0.00>
ST_2 : Operation 349 [1/1] (0.00ns)   --->   "%write_ln0 = write void @_ssdm_op_Write.ap_auto.i24P0A, i24 %row_buffer_13_out, i24 %row_buffer_13_load"   --->   Operation 349 'write' 'write_ln0' <Predicate = (icmp_ln205)> <Delay = 0.00>
ST_2 : Operation 350 [1/1] (0.00ns)   --->   "%write_ln0 = write void @_ssdm_op_Write.ap_auto.i24P0A, i24 %row_buffer_12_out, i24 %row_buffer_12_load"   --->   Operation 350 'write' 'write_ln0' <Predicate = (icmp_ln205)> <Delay = 0.00>
ST_2 : Operation 351 [1/1] (0.00ns)   --->   "%write_ln0 = write void @_ssdm_op_Write.ap_auto.i24P0A, i24 %row_buffer_11_out, i24 %row_buffer_11_load"   --->   Operation 351 'write' 'write_ln0' <Predicate = (icmp_ln205)> <Delay = 0.00>
ST_2 : Operation 352 [1/1] (0.00ns)   --->   "%write_ln0 = write void @_ssdm_op_Write.ap_auto.i24P0A, i24 %row_buffer_10_out, i24 %row_buffer_10_load"   --->   Operation 352 'write' 'write_ln0' <Predicate = (icmp_ln205)> <Delay = 0.00>
ST_2 : Operation 353 [1/1] (0.00ns)   --->   "%write_ln0 = write void @_ssdm_op_Write.ap_auto.i24P0A, i24 %row_buffer_9_out, i24 %row_buffer_9_load"   --->   Operation 353 'write' 'write_ln0' <Predicate = (icmp_ln205)> <Delay = 0.00>
ST_2 : Operation 354 [1/1] (0.00ns)   --->   "%write_ln0 = write void @_ssdm_op_Write.ap_auto.i24P0A, i24 %row_buffer_8_out, i24 %row_buffer_8_load"   --->   Operation 354 'write' 'write_ln0' <Predicate = (icmp_ln205)> <Delay = 0.00>
ST_2 : Operation 355 [1/1] (0.00ns)   --->   "%write_ln0 = write void @_ssdm_op_Write.ap_auto.i24P0A, i24 %row_buffer_7_out, i24 %row_buffer_7_load"   --->   Operation 355 'write' 'write_ln0' <Predicate = (icmp_ln205)> <Delay = 0.00>
ST_2 : Operation 356 [1/1] (0.00ns)   --->   "%write_ln0 = write void @_ssdm_op_Write.ap_auto.i24P0A, i24 %row_buffer_6_out, i24 %row_buffer_6_load"   --->   Operation 356 'write' 'write_ln0' <Predicate = (icmp_ln205)> <Delay = 0.00>
ST_2 : Operation 357 [1/1] (0.00ns)   --->   "%write_ln0 = write void @_ssdm_op_Write.ap_auto.i24P0A, i24 %row_buffer_5_out, i24 %row_buffer_5_load"   --->   Operation 357 'write' 'write_ln0' <Predicate = (icmp_ln205)> <Delay = 0.00>
ST_2 : Operation 358 [1/1] (0.00ns)   --->   "%write_ln0 = write void @_ssdm_op_Write.ap_auto.i24P0A, i24 %row_buffer_4_out, i24 %row_buffer_4_load"   --->   Operation 358 'write' 'write_ln0' <Predicate = (icmp_ln205)> <Delay = 0.00>
ST_2 : Operation 359 [1/1] (0.00ns)   --->   "%write_ln0 = write void @_ssdm_op_Write.ap_auto.i24P0A, i24 %row_buffer_3_out, i24 %row_buffer_3_load"   --->   Operation 359 'write' 'write_ln0' <Predicate = (icmp_ln205)> <Delay = 0.00>
ST_2 : Operation 360 [1/1] (0.00ns)   --->   "%write_ln0 = write void @_ssdm_op_Write.ap_auto.i24P0A, i24 %row_buffer_2_out, i24 %row_buffer_2_load"   --->   Operation 360 'write' 'write_ln0' <Predicate = (icmp_ln205)> <Delay = 0.00>
ST_2 : Operation 361 [1/1] (0.00ns)   --->   "%write_ln0 = write void @_ssdm_op_Write.ap_auto.i24P0A, i24 %row_buffer_1_out, i24 %row_buffer_1_load"   --->   Operation 361 'write' 'write_ln0' <Predicate = (icmp_ln205)> <Delay = 0.00>
ST_2 : Operation 362 [1/1] (0.00ns)   --->   "%write_ln0 = write void @_ssdm_op_Write.ap_auto.i24P0A, i24 %row_buffer_out, i24 %row_buffer_load"   --->   Operation 362 'write' 'write_ln0' <Predicate = (icmp_ln205)> <Delay = 0.00>
ST_2 : Operation 363 [1/1] (0.00ns)   --->   "%write_ln0 = write void @_ssdm_op_Write.ap_auto.i24P0A, i24 %p_out, i24 %p_load5"   --->   Operation 363 'write' 'write_ln0' <Predicate = (icmp_ln205)> <Delay = 0.00>
ST_2 : Operation 364 [1/1] (0.48ns)   --->   "%ret_ln0 = ret"   --->   Operation 364 'ret' 'ret_ln0' <Predicate = (icmp_ln205)> <Delay = 0.48>

State 3 <SV = 2> <Delay = 2.03>
ST_3 : Operation 220 [1/1] (0.00ns)   --->   "%p_load = load i24 %empty" [top.cpp:209]   --->   Operation 220 'load' 'p_load' <Predicate = true> <Delay = 0.00>
ST_3 : Operation 221 [1/1] (0.00ns)   --->   "%sext_ln209 = sext i24 %p_load" [top.cpp:209]   --->   Operation 221 'sext' 'sext_ln209' <Predicate = true> <Delay = 0.00>
ST_3 : Operation 222 [1/1] (0.00ns)   --->   "%sext_ln209_1 = sext i24 %val" [top.cpp:209]   --->   Operation 222 'sext' 'sext_ln209_1' <Predicate = true> <Delay = 0.00>
ST_3 : Operation 223 [1/1] (1.10ns)   --->   "%add_ln209 = add i24 %val, i24 %p_load" [top.cpp:209]   --->   Operation 223 'add' 'add_ln209' <Predicate = true> <Delay = 1.10> <CoreInst = "Adder">   --->   Core 1 'Adder' <Latency = 0> <II = 1> <Delay = 1.10> <FuncUnit> <Opcode : 'add' 'sub'> <InPorts = 2> <OutPorts = 1>
ST_3 : Operation 224 [1/1] (1.10ns)   --->   "%add_ln209_1 = add i25 %sext_ln209_1, i25 %sext_ln209" [top.cpp:209]   --->   Operation 224 'add' 'add_ln209_1' <Predicate = true> <Delay = 1.10> <CoreInst = "Adder">   --->   Core 1 'Adder' <Latency = 0> <II = 1> <Delay = 1.10> <FuncUnit> <Opcode : 'add' 'sub'> <InPorts = 2> <OutPorts = 1>
ST_3 : Operation 225 [1/1] (0.00ns)   --->   "%tmp = bitselect i1 @_ssdm_op_BitSelect.i1.i25.i32, i25 %add_ln209_1, i32 24" [top.cpp:209]   --->   Operation 225 'bitselect' 'tmp' <Predicate = true> <Delay = 0.00>
ST_3 : Operation 226 [1/1] (0.00ns)   --->   "%tmp_12 = bitselect i1 @_ssdm_op_BitSelect.i1.i24.i32, i24 %add_ln209, i32 23" [top.cpp:209]   --->   Operation 226 'bitselect' 'tmp_12' <Predicate = true> <Delay = 0.00>
ST_3 : Operation 227 [1/1] (0.00ns) (grouped into LUT with out node select_ln209_1)   --->   "%xor_ln209 = xor i1 %tmp, i1 1" [top.cpp:209]   --->   Operation 227 'xor' 'xor_ln209' <Predicate = true> <Delay = 0.00> <CoreInst = "LogicGate">   --->   Core 74 'LogicGate' <Latency = 0> <II = 1> <Delay = 0.33> <FuncUnit> <Opcode : 'and' 'or' 'xor'> <InPorts = 2> <OutPorts = 1>
ST_3 : Operation 228 [1/1] (0.00ns) (grouped into LUT with out node select_ln209_1)   --->   "%and_ln209 = and i1 %tmp_12, i1 %xor_ln209" [top.cpp:209]   --->   Operation 228 'and' 'and_ln209' <Predicate = true> <Delay = 0.00> <CoreInst = "LogicGate">   --->   Core 74 'LogicGate' <Latency = 0> <II = 1> <Delay = 0.33> <FuncUnit> <Opcode : 'and' 'or' 'xor'> <InPorts = 2> <OutPorts = 1>
ST_3 : Operation 229 [1/1] (0.00ns) (grouped into LUT with out node select_ln209_1)   --->   "%xor_ln209_1 = xor i1 %tmp, i1 %tmp_12" [top.cpp:209]   --->   Operation 229 'xor' 'xor_ln209_1' <Predicate = true> <Delay = 0.00> <CoreInst = "LogicGate">   --->   Core 74 'LogicGate' <Latency = 0> <II = 1> <Delay = 0.33> <FuncUnit> <Opcode : 'and' 'or' 'xor'> <InPorts = 2> <OutPorts = 1>
ST_3 : Operation 230 [1/1] (0.00ns) (grouped into LUT with out node select_ln209_1)   --->   "%select_ln209 = select i1 %and_ln209, i24 8388607, i24 8388608" [top.cpp:209]   --->   Operation 230 'select' 'select_ln209' <Predicate = true> <Delay = 0.00> <CoreInst = "Sel">   --->   Core 73 'Sel' <Latency = 0> <II = 1> <Delay = 0.43> <FuncUnit> <Opcode : 'select'> <InPorts = 3> <OutPorts = 1>
ST_3 : Operation 231 [1/1] (0.43ns) (out node of the LUT)   --->   "%select_ln209_1 = select i1 %xor_ln209_1, i24 %select_ln209, i24 %add_ln209" [top.cpp:209]   --->   Operation 231 'select' 'select_ln209_1' <Predicate = true> <Delay = 0.43> <CoreInst = "Sel">   --->   Core 73 'Sel' <Latency = 0> <II = 1> <Delay = 0.43> <FuncUnit> <Opcode : 'select'> <InPorts = 3> <OutPorts = 1>
ST_3 : Operation 232 [1/1] (0.48ns)   --->   "%store_ln209 = store i24 %select_ln209_1, i24 %empty" [top.cpp:209]   --->   Operation 232 'store' 'store_ln209' <Predicate = true> <Delay = 0.48>
ST_3 : Operation 233 [1/1] (0.00ns)   --->   "%br_ln205 = br void %for.body9" [top.cpp:205]   --->   Operation 233 'br' 'br_ln205' <Predicate = true> <Delay = 0.00>


============================================================
+ Verbose Summary: Timing violations
============================================================
Target clock period: 10.000ns, clock uncertainty: 2.700ns.

 <State 1>: 1.875ns
The critical path consists of the following:
	'store' operation 0 bit ('store_ln205', top.cpp:205) of constant 0 on local variable 'j', top.cpp:205 [137]  (0.489 ns)
	'load' operation 7 bit ('j', top.cpp:205) on local variable 'j', top.cpp:205 [141]  (0.000 ns)
	'icmp' operation 1 bit ('icmp_ln205', top.cpp:205) [143]  (0.897 ns)
	'store' operation 0 bit ('store_ln205', top.cpp:205) of variable 'add_ln205', top.cpp:205 on local variable 'j', top.cpp:205 [360]  (0.489 ns)

 <State 2>: 7.300ns
The critical path consists of the following:
	'getelementptr' operation 32 bit ('A_addr', top.cpp:199) [147]  (0.000 ns)
	bus read operation ('A_addr_read', top.cpp:207) on port 'A' (top.cpp:207) [152]  (7.300 ns)
	'store' operation 0 bit ('store_ln200', top.cpp:200) of variable 'val', top.cpp:207 on local variable 'row_buffer', top.cpp:200 [174]  (0.000 ns)

 <State 3>: 2.034ns
The critical path consists of the following:
	'load' operation 24 bit ('p_load', top.cpp:209) on local variable 'empty' [348]  (0.000 ns)
	'add' operation 24 bit ('add_ln209', top.cpp:209) [351]  (1.110 ns)
	'select' operation 24 bit ('select_ln209_1', top.cpp:209) [359]  (0.435 ns)
	'store' operation 0 bit ('store_ln209', top.cpp:209) of variable 'select_ln209_1', top.cpp:209 on local variable 'empty' [361]  (0.489 ns)


============================================================
+ Verbose Summary: Binding
============================================================
N/A
* FSMD analyzer results:
  - Output states:
 - Input state : 
  - Chain level:
	State 1
	State 2
	State 3


============================================================
+ Verbose Summary: Datapath Resource usage 
============================================================
N/A
