

================================================================
== Vitis HLS Report for 'top_kernel_Pipeline_VITIS_LOOP_122_51'
================================================================
* Date:           Tue Feb  3 00:39:33 2026

* Version:        2025.1.1 (Build 6214317 on Sep 11 2025)
* Project:        project_1
* Solution:       hls (Vivado IP Flow Target)
* Product family: zynquplus
* Target device:  xczu3eg-sbva484-1-e


================================================================
== Performance Estimates
================================================================
+ Timing: 
    * Summary: 
    +--------+----------+-----------+------------+
    |  Clock |  Target  | Estimated | Uncertainty|
    +--------+----------+-----------+------------+
    |ap_clk  |  10.00 ns|  25.201 ns|     2.70 ns|
    +--------+----------+-----------+------------+

+ Latency: 
    * Summary: 
    +---------+---------+----------+----------+-----+-----+------------------------------------------------+
    |  Latency (cycles) |  Latency (absolute) |  Interval |                    Pipeline                    |
    |   min   |   max   |    min   |    max   | min | max |                      Type                      |
    +---------+---------+----------+----------+-----+-----+------------------------------------------------+
    |        7|        7|  0.176 us|  0.176 us|    5|    5|  loop auto-rewind stp (delay=0 clock cycles(s))|
    +---------+---------+----------+----------+-----+-----+------------------------------------------------+

    + Detail: 
        * Instance: 
        N/A

        * Loop: 
        +--------------------+---------+---------+----------+-----------+-----------+------+----------+
        |                    |  Latency (cycles) | Iteration|  Initiation Interval  | Trip |          |
        |      Loop Name     |   min   |   max   |  Latency |  achieved |   target  | Count| Pipelined|
        +--------------------+---------+---------+----------+-----------+-----------+------+----------+
        |- VITIS_LOOP_122_5  |        5|        5|         3|          1|          1|     4|       yes|
        +--------------------+---------+---------+----------+-----------+-----------+------+----------+

============================================================
+ Verbose Summary: Synthesis Manager
============================================================
InlineROM: 1
ExposeGlobal: 0
============================================================
+ Verbose Summary: CDFG Model
============================================================
IsTopModel: 0
ResetActiveHigh: 1
IsCombinational: 0
IsDatapathOnly: 0
HasWiredReturn: 1
HasMFsm: 2
HasVarLatency: 1
IsPipeline: 0
IsRtlPipelined: 0
IsInstanceOverlapped: 0
IsDontTouch: 0
HasImplIP: 0
IsGatedGlobalClock: 0

+ Individual pipeline summary: 
  * Pipeline-0: initiation interval (II) = 1, depth = 3


============================================================
+ Verbose Summary: Schedule
============================================================
* Number of FSM states : 3
* Pipeline : 1
  Pipeline-0 : II = 1, D = 3, States = { 1 2 3 }
* Dataflow Pipeline: 0

* FSM state transitions: 
1 --> 2 
2 --> 3 
3 --> 

* FSM state operations: 

State 1 <SV = 0> <Delay = 1.87>
ST_1 : Operation 6 [1/1] (0.00ns)   --->   "%empty = alloca i32 1"   --->   Operation 6 'alloca' 'empty' <Predicate = true> <Delay = 0.00>
ST_1 : Operation 7 [1/1] (0.00ns)   --->   "%j = alloca i32 1" [top.cpp:122]   --->   Operation 7 'alloca' 'j' <Predicate = true> <Delay = 0.00>
ST_1 : Operation 8 [1/1] (0.00ns)   --->   "%i_1_read = read i8 @_ssdm_op_Read.ap_auto.i8, i8 %i_1"   --->   Operation 8 'read' 'i_1_read' <Predicate = true> <Delay = 0.00>
ST_1 : Operation 9 [1/1] (0.48ns)   --->   "%store_ln122 = store i7 0, i7 %j" [top.cpp:122]   --->   Operation 9 'store' 'store_ln122' <Predicate = true> <Delay = 0.48>
ST_1 : Operation 10 [1/1] (0.48ns)   --->   "%store_ln0 = store i24 0, i24 %empty"   --->   Operation 10 'store' 'store_ln0' <Predicate = true> <Delay = 0.48>
ST_1 : Operation 11 [1/1] (0.00ns)   --->   "%br_ln0 = br void %for.body33.1"   --->   Operation 11 'br' 'br_ln0' <Predicate = true> <Delay = 0.00>
ST_1 : Operation 12 [1/1] (0.00ns)   --->   "%j_3 = load i7 %j" [top.cpp:122]   --->   Operation 12 'load' 'j_3' <Predicate = true> <Delay = 0.00>
ST_1 : Operation 13 [1/1] (0.00ns)   --->   "%tmp = bitselect i1 @_ssdm_op_BitSelect.i1.i7.i32, i7 %j_3, i32 6" [top.cpp:122]   --->   Operation 13 'bitselect' 'tmp' <Predicate = true> <Delay = 0.00>
ST_1 : Operation 14 [1/1] (0.00ns)   --->   "%br_ln122 = br i1 %tmp, void %for.body33.1.split, void %for.end40.1.exitStub" [top.cpp:122]   --->   Operation 14 'br' 'br_ln122' <Predicate = true> <Delay = 0.00>
ST_1 : Operation 15 [1/1] (0.00ns)   --->   "%lshr_ln122_1 = partselect i2 @_ssdm_op_PartSelect.i2.i7.i32.i32, i7 %j_3, i32 4, i32 5" [top.cpp:122]   --->   Operation 15 'partselect' 'lshr_ln122_1' <Predicate = (!tmp)> <Delay = 0.00>
ST_1 : Operation 16 [1/1] (0.00ns)   --->   "%tmp_417 = partselect i7 @_ssdm_op_PartSelect.i7.i8.i32.i32, i8 %i_1_read, i32 1, i32 7" [top.cpp:125]   --->   Operation 16 'partselect' 'tmp_417' <Predicate = (!tmp)> <Delay = 0.00>
ST_1 : Operation 17 [1/1] (0.00ns)   --->   "%tmp_s = bitconcatenate i9 @_ssdm_op_BitConcatenate.i9.i7.i2, i7 %tmp_417, i2 %lshr_ln122_1" [top.cpp:125]   --->   Operation 17 'bitconcatenate' 'tmp_s' <Predicate = (!tmp)> <Delay = 0.00>
ST_1 : Operation 18 [1/1] (0.00ns)   --->   "%zext_ln125 = zext i9 %tmp_s" [top.cpp:125]   --->   Operation 18 'zext' 'zext_ln125' <Predicate = (!tmp)> <Delay = 0.00>
ST_1 : Operation 19 [1/1] (0.00ns)   --->   "%A_17_addr = getelementptr i24 %A_17, i64 0, i64 %zext_ln125" [top.cpp:125]   --->   Operation 19 'getelementptr' 'A_17_addr' <Predicate = (!tmp)> <Delay = 0.00>
ST_1 : Operation 20 [2/2] (1.35ns)   --->   "%A_17_load = load i9 %A_17_addr" [top.cpp:125]   --->   Operation 20 'load' 'A_17_load' <Predicate = (!tmp)> <Delay = 1.35> <CoreInst = "RAM">   --->   Core 82 'RAM' <Latency = 1> <II = 1> <Delay = 1.35> <Storage> <Opcode : 'load' 'store'> <Ports = 2> <Width = 24> <Depth = 512> <RAM>
ST_1 : Operation 21 [1/1] (0.89ns)   --->   "%add_ln122 = add i7 %j_3, i7 16" [top.cpp:122]   --->   Operation 21 'add' 'add_ln122' <Predicate = (!tmp)> <Delay = 0.89> <CoreInst = "Adder">   --->   Core 1 'Adder' <Latency = 0> <II = 1> <Delay = 0.89> <FuncUnit> <Opcode : 'add' 'sub'> <InPorts = 2> <OutPorts = 1>
ST_1 : Operation 22 [1/1] (0.48ns)   --->   "%store_ln122 = store i7 %add_ln122, i7 %j" [top.cpp:122]   --->   Operation 22 'store' 'store_ln122' <Predicate = (!tmp)> <Delay = 0.48>

State 2 <SV = 1> <Delay = 1.35>
ST_2 : Operation 23 [1/1] (0.00ns)   --->   "%A_18_addr = getelementptr i24 %A_18, i64 0, i64 %zext_ln125" [top.cpp:125]   --->   Operation 23 'getelementptr' 'A_18_addr' <Predicate = true> <Delay = 0.00>
ST_2 : Operation 24 [1/1] (0.00ns)   --->   "%A_19_addr = getelementptr i24 %A_19, i64 0, i64 %zext_ln125" [top.cpp:125]   --->   Operation 24 'getelementptr' 'A_19_addr' <Predicate = true> <Delay = 0.00>
ST_2 : Operation 25 [1/1] (0.00ns)   --->   "%A_20_addr = getelementptr i24 %A_20, i64 0, i64 %zext_ln125" [top.cpp:125]   --->   Operation 25 'getelementptr' 'A_20_addr' <Predicate = true> <Delay = 0.00>
ST_2 : Operation 26 [1/1] (0.00ns)   --->   "%A_21_addr = getelementptr i24 %A_21, i64 0, i64 %zext_ln125" [top.cpp:125]   --->   Operation 26 'getelementptr' 'A_21_addr' <Predicate = true> <Delay = 0.00>
ST_2 : Operation 27 [1/1] (0.00ns)   --->   "%A_22_addr = getelementptr i24 %A_22, i64 0, i64 %zext_ln125" [top.cpp:125]   --->   Operation 27 'getelementptr' 'A_22_addr' <Predicate = true> <Delay = 0.00>
ST_2 : Operation 28 [1/1] (0.00ns)   --->   "%A_23_addr = getelementptr i24 %A_23, i64 0, i64 %zext_ln125" [top.cpp:125]   --->   Operation 28 'getelementptr' 'A_23_addr' <Predicate = true> <Delay = 0.00>
ST_2 : Operation 29 [1/1] (0.00ns)   --->   "%A_24_addr = getelementptr i24 %A_24, i64 0, i64 %zext_ln125" [top.cpp:125]   --->   Operation 29 'getelementptr' 'A_24_addr' <Predicate = true> <Delay = 0.00>
ST_2 : Operation 30 [1/1] (0.00ns)   --->   "%A_25_addr = getelementptr i24 %A_25, i64 0, i64 %zext_ln125" [top.cpp:125]   --->   Operation 30 'getelementptr' 'A_25_addr' <Predicate = true> <Delay = 0.00>
ST_2 : Operation 31 [1/1] (0.00ns)   --->   "%A_26_addr = getelementptr i24 %A_26, i64 0, i64 %zext_ln125" [top.cpp:125]   --->   Operation 31 'getelementptr' 'A_26_addr' <Predicate = true> <Delay = 0.00>
ST_2 : Operation 32 [1/1] (0.00ns)   --->   "%A_27_addr = getelementptr i24 %A_27, i64 0, i64 %zext_ln125" [top.cpp:125]   --->   Operation 32 'getelementptr' 'A_27_addr' <Predicate = true> <Delay = 0.00>
ST_2 : Operation 33 [1/1] (0.00ns)   --->   "%A_28_addr = getelementptr i24 %A_28, i64 0, i64 %zext_ln125" [top.cpp:125]   --->   Operation 33 'getelementptr' 'A_28_addr' <Predicate = true> <Delay = 0.00>
ST_2 : Operation 34 [1/1] (0.00ns)   --->   "%A_29_addr = getelementptr i24 %A_29, i64 0, i64 %zext_ln125" [top.cpp:125]   --->   Operation 34 'getelementptr' 'A_29_addr' <Predicate = true> <Delay = 0.00>
ST_2 : Operation 35 [1/1] (0.00ns)   --->   "%A_30_addr = getelementptr i24 %A_30, i64 0, i64 %zext_ln125" [top.cpp:125]   --->   Operation 35 'getelementptr' 'A_30_addr' <Predicate = true> <Delay = 0.00>
ST_2 : Operation 36 [1/1] (0.00ns)   --->   "%A_31_addr = getelementptr i24 %A_31, i64 0, i64 %zext_ln125" [top.cpp:125]   --->   Operation 36 'getelementptr' 'A_31_addr' <Predicate = true> <Delay = 0.00>
ST_2 : Operation 37 [1/1] (0.00ns)   --->   "%A_32_addr = getelementptr i24 %A_32, i64 0, i64 %zext_ln125" [top.cpp:125]   --->   Operation 37 'getelementptr' 'A_32_addr' <Predicate = true> <Delay = 0.00>
ST_2 : Operation 38 [1/2] ( I:1.35ns O:1.35ns )   --->   "%A_17_load = load i9 %A_17_addr" [top.cpp:125]   --->   Operation 38 'load' 'A_17_load' <Predicate = true> <Delay = 1.35> <CoreInst = "RAM">   --->   Core 82 'RAM' <Latency = 1> <II = 1> <Delay = 1.35> <Storage> <Opcode : 'load' 'store'> <Ports = 2> <Width = 24> <Depth = 512> <RAM>
ST_2 : Operation 39 [2/2] (1.35ns)   --->   "%A_18_load = load i9 %A_18_addr" [top.cpp:125]   --->   Operation 39 'load' 'A_18_load' <Predicate = true> <Delay = 1.35> <CoreInst = "RAM">   --->   Core 82 'RAM' <Latency = 1> <II = 1> <Delay = 1.35> <Storage> <Opcode : 'load' 'store'> <Ports = 2> <Width = 24> <Depth = 512> <RAM>
ST_2 : Operation 40 [2/2] (1.35ns)   --->   "%A_19_load = load i9 %A_19_addr" [top.cpp:125]   --->   Operation 40 'load' 'A_19_load' <Predicate = true> <Delay = 1.35> <CoreInst = "RAM">   --->   Core 82 'RAM' <Latency = 1> <II = 1> <Delay = 1.35> <Storage> <Opcode : 'load' 'store'> <Ports = 2> <Width = 24> <Depth = 512> <RAM>
ST_2 : Operation 41 [2/2] (1.35ns)   --->   "%A_20_load = load i9 %A_20_addr" [top.cpp:125]   --->   Operation 41 'load' 'A_20_load' <Predicate = true> <Delay = 1.35> <CoreInst = "RAM">   --->   Core 82 'RAM' <Latency = 1> <II = 1> <Delay = 1.35> <Storage> <Opcode : 'load' 'store'> <Ports = 2> <Width = 24> <Depth = 512> <RAM>
ST_2 : Operation 42 [2/2] (1.35ns)   --->   "%A_21_load = load i9 %A_21_addr" [top.cpp:125]   --->   Operation 42 'load' 'A_21_load' <Predicate = true> <Delay = 1.35> <CoreInst = "RAM">   --->   Core 82 'RAM' <Latency = 1> <II = 1> <Delay = 1.35> <Storage> <Opcode : 'load' 'store'> <Ports = 2> <Width = 24> <Depth = 512> <RAM>
ST_2 : Operation 43 [2/2] (1.35ns)   --->   "%A_22_load = load i9 %A_22_addr" [top.cpp:125]   --->   Operation 43 'load' 'A_22_load' <Predicate = true> <Delay = 1.35> <CoreInst = "RAM">   --->   Core 82 'RAM' <Latency = 1> <II = 1> <Delay = 1.35> <Storage> <Opcode : 'load' 'store'> <Ports = 2> <Width = 24> <Depth = 512> <RAM>
ST_2 : Operation 44 [2/2] (1.35ns)   --->   "%A_23_load = load i9 %A_23_addr" [top.cpp:125]   --->   Operation 44 'load' 'A_23_load' <Predicate = true> <Delay = 1.35> <CoreInst = "RAM">   --->   Core 82 'RAM' <Latency = 1> <II = 1> <Delay = 1.35> <Storage> <Opcode : 'load' 'store'> <Ports = 2> <Width = 24> <Depth = 512> <RAM>
ST_2 : Operation 45 [2/2] (1.35ns)   --->   "%A_24_load = load i9 %A_24_addr" [top.cpp:125]   --->   Operation 45 'load' 'A_24_load' <Predicate = true> <Delay = 1.35> <CoreInst = "RAM">   --->   Core 82 'RAM' <Latency = 1> <II = 1> <Delay = 1.35> <Storage> <Opcode : 'load' 'store'> <Ports = 2> <Width = 24> <Depth = 512> <RAM>
ST_2 : Operation 46 [2/2] (1.35ns)   --->   "%A_25_load = load i9 %A_25_addr" [top.cpp:125]   --->   Operation 46 'load' 'A_25_load' <Predicate = true> <Delay = 1.35> <CoreInst = "RAM">   --->   Core 82 'RAM' <Latency = 1> <II = 1> <Delay = 1.35> <Storage> <Opcode : 'load' 'store'> <Ports = 2> <Width = 24> <Depth = 512> <RAM>
ST_2 : Operation 47 [2/2] (1.35ns)   --->   "%A_26_load = load i9 %A_26_addr" [top.cpp:125]   --->   Operation 47 'load' 'A_26_load' <Predicate = true> <Delay = 1.35> <CoreInst = "RAM">   --->   Core 82 'RAM' <Latency = 1> <II = 1> <Delay = 1.35> <Storage> <Opcode : 'load' 'store'> <Ports = 2> <Width = 24> <Depth = 512> <RAM>
ST_2 : Operation 48 [2/2] (1.35ns)   --->   "%A_27_load = load i9 %A_27_addr" [top.cpp:125]   --->   Operation 48 'load' 'A_27_load' <Predicate = true> <Delay = 1.35> <CoreInst = "RAM">   --->   Core 82 'RAM' <Latency = 1> <II = 1> <Delay = 1.35> <Storage> <Opcode : 'load' 'store'> <Ports = 2> <Width = 24> <Depth = 512> <RAM>
ST_2 : Operation 49 [2/2] (1.35ns)   --->   "%A_28_load = load i9 %A_28_addr" [top.cpp:125]   --->   Operation 49 'load' 'A_28_load' <Predicate = true> <Delay = 1.35> <CoreInst = "RAM">   --->   Core 82 'RAM' <Latency = 1> <II = 1> <Delay = 1.35> <Storage> <Opcode : 'load' 'store'> <Ports = 2> <Width = 24> <Depth = 512> <RAM>
ST_2 : Operation 50 [2/2] (1.35ns)   --->   "%A_29_load = load i9 %A_29_addr" [top.cpp:125]   --->   Operation 50 'load' 'A_29_load' <Predicate = true> <Delay = 1.35> <CoreInst = "RAM">   --->   Core 82 'RAM' <Latency = 1> <II = 1> <Delay = 1.35> <Storage> <Opcode : 'load' 'store'> <Ports = 2> <Width = 24> <Depth = 512> <RAM>
ST_2 : Operation 51 [2/2] (1.35ns)   --->   "%A_30_load = load i9 %A_30_addr" [top.cpp:125]   --->   Operation 51 'load' 'A_30_load' <Predicate = true> <Delay = 1.35> <CoreInst = "RAM">   --->   Core 82 'RAM' <Latency = 1> <II = 1> <Delay = 1.35> <Storage> <Opcode : 'load' 'store'> <Ports = 2> <Width = 24> <Depth = 512> <RAM>
ST_2 : Operation 52 [2/2] (1.35ns)   --->   "%A_31_load = load i9 %A_31_addr" [top.cpp:125]   --->   Operation 52 'load' 'A_31_load' <Predicate = true> <Delay = 1.35> <CoreInst = "RAM">   --->   Core 82 'RAM' <Latency = 1> <II = 1> <Delay = 1.35> <Storage> <Opcode : 'load' 'store'> <Ports = 2> <Width = 24> <Depth = 512> <RAM>
ST_2 : Operation 53 [2/2] (1.35ns)   --->   "%A_32_load = load i9 %A_32_addr" [top.cpp:125]   --->   Operation 53 'load' 'A_32_load' <Predicate = true> <Delay = 1.35> <CoreInst = "RAM">   --->   Core 82 'RAM' <Latency = 1> <II = 1> <Delay = 1.35> <Storage> <Opcode : 'load' 'store'> <Ports = 2> <Width = 24> <Depth = 512> <RAM>
ST_2 : Operation 251 [1/1] (0.00ns)   --->   "%p_load3 = load i24 %empty"   --->   Operation 251 'load' 'p_load3' <Predicate = (tmp)> <Delay = 0.00>
ST_2 : Operation 252 [1/1] (0.00ns)   --->   "%write_ln0 = write void @_ssdm_op_Write.ap_auto.i24P0A, i24 %p_out, i24 %p_load3"   --->   Operation 252 'write' 'write_ln0' <Predicate = (tmp)> <Delay = 0.00>
ST_2 : Operation 253 [1/1] (0.48ns)   --->   "%ret_ln0 = ret"   --->   Operation 253 'ret' 'ret_ln0' <Predicate = (tmp)> <Delay = 0.48>

State 3 <SV = 2> <Delay = 25.2>
ST_3 : Operation 54 [1/1] (0.00ns)   --->   "%p_load = load i24 %empty" [top.cpp:125]   --->   Operation 54 'load' 'p_load' <Predicate = true> <Delay = 0.00>
ST_3 : Operation 55 [1/1] (0.00ns)   --->   "%specpipeline_ln123 = specpipeline void @_ssdm_op_SpecPipeline, i32 1, i32 0, i32 0, i32 0, void @empty_1" [top.cpp:123]   --->   Operation 55 'specpipeline' 'specpipeline_ln123' <Predicate = true> <Delay = 0.00>
ST_3 : Operation 56 [1/1] (0.00ns)   --->   "%speclooptripcount_ln122 = speclooptripcount void @_ssdm_op_SpecLoopTripCount, i64 4, i64 4, i64 4" [top.cpp:122]   --->   Operation 56 'speclooptripcount' 'speclooptripcount_ln122' <Predicate = true> <Delay = 0.00>
ST_3 : Operation 57 [1/1] (0.00ns)   --->   "%specloopname_ln122 = specloopname void @_ssdm_op_SpecLoopName, void @empty_11" [top.cpp:122]   --->   Operation 57 'specloopname' 'specloopname_ln122' <Predicate = true> <Delay = 0.00>
ST_3 : Operation 58 [1/1] (0.00ns)   --->   "%sext_ln125 = sext i24 %p_load" [top.cpp:125]   --->   Operation 58 'sext' 'sext_ln125' <Predicate = true> <Delay = 0.00>
ST_3 : Operation 59 [1/1] (0.00ns)   --->   "%sext_ln125_1 = sext i24 %A_17_load" [top.cpp:125]   --->   Operation 59 'sext' 'sext_ln125_1' <Predicate = true> <Delay = 0.00>
ST_3 : Operation 60 [1/1] (1.10ns)   --->   "%add_ln125 = add i24 %A_17_load, i24 %p_load" [top.cpp:125]   --->   Operation 60 'add' 'add_ln125' <Predicate = true> <Delay = 1.10> <CoreInst = "Adder">   --->   Core 1 'Adder' <Latency = 0> <II = 1> <Delay = 1.10> <FuncUnit> <Opcode : 'add' 'sub'> <InPorts = 2> <OutPorts = 1>
ST_3 : Operation 61 [1/1] (1.10ns)   --->   "%add_ln125_1 = add i25 %sext_ln125_1, i25 %sext_ln125" [top.cpp:125]   --->   Operation 61 'add' 'add_ln125_1' <Predicate = true> <Delay = 1.10> <CoreInst = "Adder">   --->   Core 1 'Adder' <Latency = 0> <II = 1> <Delay = 1.10> <FuncUnit> <Opcode : 'add' 'sub'> <InPorts = 2> <OutPorts = 1>
ST_3 : Operation 62 [1/1] (0.00ns)   --->   "%tmp_418 = bitselect i1 @_ssdm_op_BitSelect.i1.i25.i32, i25 %add_ln125_1, i32 24" [top.cpp:125]   --->   Operation 62 'bitselect' 'tmp_418' <Predicate = true> <Delay = 0.00>
ST_3 : Operation 63 [1/1] (0.00ns)   --->   "%tmp_419 = bitselect i1 @_ssdm_op_BitSelect.i1.i24.i32, i24 %add_ln125, i32 23" [top.cpp:125]   --->   Operation 63 'bitselect' 'tmp_419' <Predicate = true> <Delay = 0.00>
ST_3 : Operation 64 [1/1] (0.00ns) (grouped into LUT with out node select_ln125_1)   --->   "%xor_ln125 = xor i1 %tmp_418, i1 1" [top.cpp:125]   --->   Operation 64 'xor' 'xor_ln125' <Predicate = true> <Delay = 0.00> <CoreInst = "LogicGate">   --->   Core 74 'LogicGate' <Latency = 0> <II = 1> <Delay = 0.33> <FuncUnit> <Opcode : 'and' 'or' 'xor'> <InPorts = 2> <OutPorts = 1>
ST_3 : Operation 65 [1/1] (0.00ns) (grouped into LUT with out node select_ln125_1)   --->   "%and_ln125 = and i1 %tmp_419, i1 %xor_ln125" [top.cpp:125]   --->   Operation 65 'and' 'and_ln125' <Predicate = true> <Delay = 0.00> <CoreInst = "LogicGate">   --->   Core 74 'LogicGate' <Latency = 0> <II = 1> <Delay = 0.33> <FuncUnit> <Opcode : 'and' 'or' 'xor'> <InPorts = 2> <OutPorts = 1>
ST_3 : Operation 66 [1/1] (0.00ns) (grouped into LUT with out node select_ln125_1)   --->   "%xor_ln125_1 = xor i1 %tmp_418, i1 %tmp_419" [top.cpp:125]   --->   Operation 66 'xor' 'xor_ln125_1' <Predicate = true> <Delay = 0.00> <CoreInst = "LogicGate">   --->   Core 74 'LogicGate' <Latency = 0> <II = 1> <Delay = 0.33> <FuncUnit> <Opcode : 'and' 'or' 'xor'> <InPorts = 2> <OutPorts = 1>
ST_3 : Operation 67 [1/1] (0.00ns) (grouped into LUT with out node select_ln125_1)   --->   "%select_ln125 = select i1 %and_ln125, i24 8388607, i24 8388608" [top.cpp:125]   --->   Operation 67 'select' 'select_ln125' <Predicate = true> <Delay = 0.00> <CoreInst = "Sel">   --->   Core 73 'Sel' <Latency = 0> <II = 1> <Delay = 0.43> <FuncUnit> <Opcode : 'select'> <InPorts = 3> <OutPorts = 1>
ST_3 : Operation 68 [1/1] (0.43ns) (out node of the LUT)   --->   "%select_ln125_1 = select i1 %xor_ln125_1, i24 %select_ln125, i24 %add_ln125" [top.cpp:125]   --->   Operation 68 'select' 'select_ln125_1' <Predicate = true> <Delay = 0.43> <CoreInst = "Sel">   --->   Core 73 'Sel' <Latency = 0> <II = 1> <Delay = 0.43> <FuncUnit> <Opcode : 'select'> <InPorts = 3> <OutPorts = 1>
ST_3 : Operation 69 [1/1] (0.00ns)   --->   "%sext_ln125_2 = sext i24 %select_ln125_1" [top.cpp:125]   --->   Operation 69 'sext' 'sext_ln125_2' <Predicate = true> <Delay = 0.00>
ST_3 : Operation 70 [1/2] ( I:1.35ns O:1.35ns )   --->   "%A_18_load = load i9 %A_18_addr" [top.cpp:125]   --->   Operation 70 'load' 'A_18_load' <Predicate = true> <Delay = 1.35> <CoreInst = "RAM">   --->   Core 82 'RAM' <Latency = 1> <II = 1> <Delay = 1.35> <Storage> <Opcode : 'load' 'store'> <Ports = 2> <Width = 24> <Depth = 512> <RAM>
ST_3 : Operation 71 [1/1] (0.00ns)   --->   "%sext_ln125_3 = sext i24 %A_18_load" [top.cpp:125]   --->   Operation 71 'sext' 'sext_ln125_3' <Predicate = true> <Delay = 0.00>
ST_3 : Operation 72 [1/1] (1.10ns)   --->   "%add_ln125_2 = add i24 %A_18_load, i24 %select_ln125_1" [top.cpp:125]   --->   Operation 72 'add' 'add_ln125_2' <Predicate = true> <Delay = 1.10> <CoreInst = "Adder">   --->   Core 1 'Adder' <Latency = 0> <II = 1> <Delay = 1.10> <FuncUnit> <Opcode : 'add' 'sub'> <InPorts = 2> <OutPorts = 1>
ST_3 : Operation 73 [1/1] (1.10ns)   --->   "%add_ln125_3 = add i25 %sext_ln125_2, i25 %sext_ln125_3" [top.cpp:125]   --->   Operation 73 'add' 'add_ln125_3' <Predicate = true> <Delay = 1.10> <CoreInst = "Adder">   --->   Core 1 'Adder' <Latency = 0> <II = 1> <Delay = 1.10> <FuncUnit> <Opcode : 'add' 'sub'> <InPorts = 2> <OutPorts = 1>
ST_3 : Operation 74 [1/1] (0.00ns)   --->   "%tmp_420 = bitselect i1 @_ssdm_op_BitSelect.i1.i25.i32, i25 %add_ln125_3, i32 24" [top.cpp:125]   --->   Operation 74 'bitselect' 'tmp_420' <Predicate = true> <Delay = 0.00>
ST_3 : Operation 75 [1/1] (0.00ns)   --->   "%tmp_421 = bitselect i1 @_ssdm_op_BitSelect.i1.i24.i32, i24 %add_ln125_2, i32 23" [top.cpp:125]   --->   Operation 75 'bitselect' 'tmp_421' <Predicate = true> <Delay = 0.00>
ST_3 : Operation 76 [1/1] (0.00ns) (grouped into LUT with out node select_ln125_3)   --->   "%xor_ln125_2 = xor i1 %tmp_420, i1 1" [top.cpp:125]   --->   Operation 76 'xor' 'xor_ln125_2' <Predicate = true> <Delay = 0.00> <CoreInst = "LogicGate">   --->   Core 74 'LogicGate' <Latency = 0> <II = 1> <Delay = 0.33> <FuncUnit> <Opcode : 'and' 'or' 'xor'> <InPorts = 2> <OutPorts = 1>
ST_3 : Operation 77 [1/1] (0.00ns) (grouped into LUT with out node select_ln125_3)   --->   "%and_ln125_1 = and i1 %tmp_421, i1 %xor_ln125_2" [top.cpp:125]   --->   Operation 77 'and' 'and_ln125_1' <Predicate = true> <Delay = 0.00> <CoreInst = "LogicGate">   --->   Core 74 'LogicGate' <Latency = 0> <II = 1> <Delay = 0.33> <FuncUnit> <Opcode : 'and' 'or' 'xor'> <InPorts = 2> <OutPorts = 1>
ST_3 : Operation 78 [1/1] (0.00ns) (grouped into LUT with out node select_ln125_3)   --->   "%xor_ln125_3 = xor i1 %tmp_420, i1 %tmp_421" [top.cpp:125]   --->   Operation 78 'xor' 'xor_ln125_3' <Predicate = true> <Delay = 0.00> <CoreInst = "LogicGate">   --->   Core 74 'LogicGate' <Latency = 0> <II = 1> <Delay = 0.33> <FuncUnit> <Opcode : 'and' 'or' 'xor'> <InPorts = 2> <OutPorts = 1>
ST_3 : Operation 79 [1/1] (0.00ns) (grouped into LUT with out node select_ln125_3)   --->   "%select_ln125_2 = select i1 %and_ln125_1, i24 8388607, i24 8388608" [top.cpp:125]   --->   Operation 79 'select' 'select_ln125_2' <Predicate = true> <Delay = 0.00> <CoreInst = "Sel">   --->   Core 73 'Sel' <Latency = 0> <II = 1> <Delay = 0.43> <FuncUnit> <Opcode : 'select'> <InPorts = 3> <OutPorts = 1>
ST_3 : Operation 80 [1/1] (0.43ns) (out node of the LUT)   --->   "%select_ln125_3 = select i1 %xor_ln125_3, i24 %select_ln125_2, i24 %add_ln125_2" [top.cpp:125]   --->   Operation 80 'select' 'select_ln125_3' <Predicate = true> <Delay = 0.43> <CoreInst = "Sel">   --->   Core 73 'Sel' <Latency = 0> <II = 1> <Delay = 0.43> <FuncUnit> <Opcode : 'select'> <InPorts = 3> <OutPorts = 1>
ST_3 : Operation 81 [1/1] (0.00ns)   --->   "%sext_ln125_4 = sext i24 %select_ln125_3" [top.cpp:125]   --->   Operation 81 'sext' 'sext_ln125_4' <Predicate = true> <Delay = 0.00>
ST_3 : Operation 82 [1/2] ( I:1.35ns O:1.35ns )   --->   "%A_19_load = load i9 %A_19_addr" [top.cpp:125]   --->   Operation 82 'load' 'A_19_load' <Predicate = true> <Delay = 1.35> <CoreInst = "RAM">   --->   Core 82 'RAM' <Latency = 1> <II = 1> <Delay = 1.35> <Storage> <Opcode : 'load' 'store'> <Ports = 2> <Width = 24> <Depth = 512> <RAM>
ST_3 : Operation 83 [1/1] (0.00ns)   --->   "%sext_ln125_5 = sext i24 %A_19_load" [top.cpp:125]   --->   Operation 83 'sext' 'sext_ln125_5' <Predicate = true> <Delay = 0.00>
ST_3 : Operation 84 [1/1] (1.10ns)   --->   "%add_ln125_4 = add i24 %A_19_load, i24 %select_ln125_3" [top.cpp:125]   --->   Operation 84 'add' 'add_ln125_4' <Predicate = true> <Delay = 1.10> <CoreInst = "Adder">   --->   Core 1 'Adder' <Latency = 0> <II = 1> <Delay = 1.10> <FuncUnit> <Opcode : 'add' 'sub'> <InPorts = 2> <OutPorts = 1>
ST_3 : Operation 85 [1/1] (1.10ns)   --->   "%add_ln125_5 = add i25 %sext_ln125_4, i25 %sext_ln125_5" [top.cpp:125]   --->   Operation 85 'add' 'add_ln125_5' <Predicate = true> <Delay = 1.10> <CoreInst = "Adder">   --->   Core 1 'Adder' <Latency = 0> <II = 1> <Delay = 1.10> <FuncUnit> <Opcode : 'add' 'sub'> <InPorts = 2> <OutPorts = 1>
ST_3 : Operation 86 [1/1] (0.00ns)   --->   "%tmp_422 = bitselect i1 @_ssdm_op_BitSelect.i1.i25.i32, i25 %add_ln125_5, i32 24" [top.cpp:125]   --->   Operation 86 'bitselect' 'tmp_422' <Predicate = true> <Delay = 0.00>
ST_3 : Operation 87 [1/1] (0.00ns)   --->   "%tmp_423 = bitselect i1 @_ssdm_op_BitSelect.i1.i24.i32, i24 %add_ln125_4, i32 23" [top.cpp:125]   --->   Operation 87 'bitselect' 'tmp_423' <Predicate = true> <Delay = 0.00>
ST_3 : Operation 88 [1/1] (0.00ns) (grouped into LUT with out node select_ln125_5)   --->   "%xor_ln125_4 = xor i1 %tmp_422, i1 1" [top.cpp:125]   --->   Operation 88 'xor' 'xor_ln125_4' <Predicate = true> <Delay = 0.00> <CoreInst = "LogicGate">   --->   Core 74 'LogicGate' <Latency = 0> <II = 1> <Delay = 0.33> <FuncUnit> <Opcode : 'and' 'or' 'xor'> <InPorts = 2> <OutPorts = 1>
ST_3 : Operation 89 [1/1] (0.00ns) (grouped into LUT with out node select_ln125_5)   --->   "%and_ln125_2 = and i1 %tmp_423, i1 %xor_ln125_4" [top.cpp:125]   --->   Operation 89 'and' 'and_ln125_2' <Predicate = true> <Delay = 0.00> <CoreInst = "LogicGate">   --->   Core 74 'LogicGate' <Latency = 0> <II = 1> <Delay = 0.33> <FuncUnit> <Opcode : 'and' 'or' 'xor'> <InPorts = 2> <OutPorts = 1>
ST_3 : Operation 90 [1/1] (0.00ns) (grouped into LUT with out node select_ln125_5)   --->   "%xor_ln125_5 = xor i1 %tmp_422, i1 %tmp_423" [top.cpp:125]   --->   Operation 90 'xor' 'xor_ln125_5' <Predicate = true> <Delay = 0.00> <CoreInst = "LogicGate">   --->   Core 74 'LogicGate' <Latency = 0> <II = 1> <Delay = 0.33> <FuncUnit> <Opcode : 'and' 'or' 'xor'> <InPorts = 2> <OutPorts = 1>
ST_3 : Operation 91 [1/1] (0.00ns) (grouped into LUT with out node select_ln125_5)   --->   "%select_ln125_4 = select i1 %and_ln125_2, i24 8388607, i24 8388608" [top.cpp:125]   --->   Operation 91 'select' 'select_ln125_4' <Predicate = true> <Delay = 0.00> <CoreInst = "Sel">   --->   Core 73 'Sel' <Latency = 0> <II = 1> <Delay = 0.43> <FuncUnit> <Opcode : 'select'> <InPorts = 3> <OutPorts = 1>
ST_3 : Operation 92 [1/1] (0.43ns) (out node of the LUT)   --->   "%select_ln125_5 = select i1 %xor_ln125_5, i24 %select_ln125_4, i24 %add_ln125_4" [top.cpp:125]   --->   Operation 92 'select' 'select_ln125_5' <Predicate = true> <Delay = 0.43> <CoreInst = "Sel">   --->   Core 73 'Sel' <Latency = 0> <II = 1> <Delay = 0.43> <FuncUnit> <Opcode : 'select'> <InPorts = 3> <OutPorts = 1>
ST_3 : Operation 93 [1/1] (0.00ns)   --->   "%sext_ln125_6 = sext i24 %select_ln125_5" [top.cpp:125]   --->   Operation 93 'sext' 'sext_ln125_6' <Predicate = true> <Delay = 0.00>
ST_3 : Operation 94 [1/2] ( I:1.35ns O:1.35ns )   --->   "%A_20_load = load i9 %A_20_addr" [top.cpp:125]   --->   Operation 94 'load' 'A_20_load' <Predicate = true> <Delay = 1.35> <CoreInst = "RAM">   --->   Core 82 'RAM' <Latency = 1> <II = 1> <Delay = 1.35> <Storage> <Opcode : 'load' 'store'> <Ports = 2> <Width = 24> <Depth = 512> <RAM>
ST_3 : Operation 95 [1/1] (0.00ns)   --->   "%sext_ln125_7 = sext i24 %A_20_load" [top.cpp:125]   --->   Operation 95 'sext' 'sext_ln125_7' <Predicate = true> <Delay = 0.00>
ST_3 : Operation 96 [1/1] (1.10ns)   --->   "%add_ln125_6 = add i24 %A_20_load, i24 %select_ln125_5" [top.cpp:125]   --->   Operation 96 'add' 'add_ln125_6' <Predicate = true> <Delay = 1.10> <CoreInst = "Adder">   --->   Core 1 'Adder' <Latency = 0> <II = 1> <Delay = 1.10> <FuncUnit> <Opcode : 'add' 'sub'> <InPorts = 2> <OutPorts = 1>
ST_3 : Operation 97 [1/1] (1.10ns)   --->   "%add_ln125_7 = add i25 %sext_ln125_6, i25 %sext_ln125_7" [top.cpp:125]   --->   Operation 97 'add' 'add_ln125_7' <Predicate = true> <Delay = 1.10> <CoreInst = "Adder">   --->   Core 1 'Adder' <Latency = 0> <II = 1> <Delay = 1.10> <FuncUnit> <Opcode : 'add' 'sub'> <InPorts = 2> <OutPorts = 1>
ST_3 : Operation 98 [1/1] (0.00ns)   --->   "%tmp_424 = bitselect i1 @_ssdm_op_BitSelect.i1.i25.i32, i25 %add_ln125_7, i32 24" [top.cpp:125]   --->   Operation 98 'bitselect' 'tmp_424' <Predicate = true> <Delay = 0.00>
ST_3 : Operation 99 [1/1] (0.00ns)   --->   "%tmp_425 = bitselect i1 @_ssdm_op_BitSelect.i1.i24.i32, i24 %add_ln125_6, i32 23" [top.cpp:125]   --->   Operation 99 'bitselect' 'tmp_425' <Predicate = true> <Delay = 0.00>
ST_3 : Operation 100 [1/1] (0.00ns) (grouped into LUT with out node select_ln125_7)   --->   "%xor_ln125_6 = xor i1 %tmp_424, i1 1" [top.cpp:125]   --->   Operation 100 'xor' 'xor_ln125_6' <Predicate = true> <Delay = 0.00> <CoreInst = "LogicGate">   --->   Core 74 'LogicGate' <Latency = 0> <II = 1> <Delay = 0.33> <FuncUnit> <Opcode : 'and' 'or' 'xor'> <InPorts = 2> <OutPorts = 1>
ST_3 : Operation 101 [1/1] (0.00ns) (grouped into LUT with out node select_ln125_7)   --->   "%and_ln125_3 = and i1 %tmp_425, i1 %xor_ln125_6" [top.cpp:125]   --->   Operation 101 'and' 'and_ln125_3' <Predicate = true> <Delay = 0.00> <CoreInst = "LogicGate">   --->   Core 74 'LogicGate' <Latency = 0> <II = 1> <Delay = 0.33> <FuncUnit> <Opcode : 'and' 'or' 'xor'> <InPorts = 2> <OutPorts = 1>
ST_3 : Operation 102 [1/1] (0.00ns) (grouped into LUT with out node select_ln125_7)   --->   "%xor_ln125_7 = xor i1 %tmp_424, i1 %tmp_425" [top.cpp:125]   --->   Operation 102 'xor' 'xor_ln125_7' <Predicate = true> <Delay = 0.00> <CoreInst = "LogicGate">   --->   Core 74 'LogicGate' <Latency = 0> <II = 1> <Delay = 0.33> <FuncUnit> <Opcode : 'and' 'or' 'xor'> <InPorts = 2> <OutPorts = 1>
ST_3 : Operation 103 [1/1] (0.00ns) (grouped into LUT with out node select_ln125_7)   --->   "%select_ln125_6 = select i1 %and_ln125_3, i24 8388607, i24 8388608" [top.cpp:125]   --->   Operation 103 'select' 'select_ln125_6' <Predicate = true> <Delay = 0.00> <CoreInst = "Sel">   --->   Core 73 'Sel' <Latency = 0> <II = 1> <Delay = 0.43> <FuncUnit> <Opcode : 'select'> <InPorts = 3> <OutPorts = 1>
ST_3 : Operation 104 [1/1] (0.43ns) (out node of the LUT)   --->   "%select_ln125_7 = select i1 %xor_ln125_7, i24 %select_ln125_6, i24 %add_ln125_6" [top.cpp:125]   --->   Operation 104 'select' 'select_ln125_7' <Predicate = true> <Delay = 0.43> <CoreInst = "Sel">   --->   Core 73 'Sel' <Latency = 0> <II = 1> <Delay = 0.43> <FuncUnit> <Opcode : 'select'> <InPorts = 3> <OutPorts = 1>
ST_3 : Operation 105 [1/1] (0.00ns)   --->   "%sext_ln125_8 = sext i24 %select_ln125_7" [top.cpp:125]   --->   Operation 105 'sext' 'sext_ln125_8' <Predicate = true> <Delay = 0.00>
ST_3 : Operation 106 [1/2] ( I:1.35ns O:1.35ns )   --->   "%A_21_load = load i9 %A_21_addr" [top.cpp:125]   --->   Operation 106 'load' 'A_21_load' <Predicate = true> <Delay = 1.35> <CoreInst = "RAM">   --->   Core 82 'RAM' <Latency = 1> <II = 1> <Delay = 1.35> <Storage> <Opcode : 'load' 'store'> <Ports = 2> <Width = 24> <Depth = 512> <RAM>
ST_3 : Operation 107 [1/1] (0.00ns)   --->   "%sext_ln125_9 = sext i24 %A_21_load" [top.cpp:125]   --->   Operation 107 'sext' 'sext_ln125_9' <Predicate = true> <Delay = 0.00>
ST_3 : Operation 108 [1/1] (1.10ns)   --->   "%add_ln125_8 = add i24 %A_21_load, i24 %select_ln125_7" [top.cpp:125]   --->   Operation 108 'add' 'add_ln125_8' <Predicate = true> <Delay = 1.10> <CoreInst = "Adder">   --->   Core 1 'Adder' <Latency = 0> <II = 1> <Delay = 1.10> <FuncUnit> <Opcode : 'add' 'sub'> <InPorts = 2> <OutPorts = 1>
ST_3 : Operation 109 [1/1] (1.10ns)   --->   "%add_ln125_9 = add i25 %sext_ln125_8, i25 %sext_ln125_9" [top.cpp:125]   --->   Operation 109 'add' 'add_ln125_9' <Predicate = true> <Delay = 1.10> <CoreInst = "Adder">   --->   Core 1 'Adder' <Latency = 0> <II = 1> <Delay = 1.10> <FuncUnit> <Opcode : 'add' 'sub'> <InPorts = 2> <OutPorts = 1>
ST_3 : Operation 110 [1/1] (0.00ns)   --->   "%tmp_426 = bitselect i1 @_ssdm_op_BitSelect.i1.i25.i32, i25 %add_ln125_9, i32 24" [top.cpp:125]   --->   Operation 110 'bitselect' 'tmp_426' <Predicate = true> <Delay = 0.00>
ST_3 : Operation 111 [1/1] (0.00ns)   --->   "%tmp_427 = bitselect i1 @_ssdm_op_BitSelect.i1.i24.i32, i24 %add_ln125_8, i32 23" [top.cpp:125]   --->   Operation 111 'bitselect' 'tmp_427' <Predicate = true> <Delay = 0.00>
ST_3 : Operation 112 [1/1] (0.00ns) (grouped into LUT with out node select_ln125_9)   --->   "%xor_ln125_8 = xor i1 %tmp_426, i1 1" [top.cpp:125]   --->   Operation 112 'xor' 'xor_ln125_8' <Predicate = true> <Delay = 0.00> <CoreInst = "LogicGate">   --->   Core 74 'LogicGate' <Latency = 0> <II = 1> <Delay = 0.33> <FuncUnit> <Opcode : 'and' 'or' 'xor'> <InPorts = 2> <OutPorts = 1>
ST_3 : Operation 113 [1/1] (0.00ns) (grouped into LUT with out node select_ln125_9)   --->   "%and_ln125_4 = and i1 %tmp_427, i1 %xor_ln125_8" [top.cpp:125]   --->   Operation 113 'and' 'and_ln125_4' <Predicate = true> <Delay = 0.00> <CoreInst = "LogicGate">   --->   Core 74 'LogicGate' <Latency = 0> <II = 1> <Delay = 0.33> <FuncUnit> <Opcode : 'and' 'or' 'xor'> <InPorts = 2> <OutPorts = 1>
ST_3 : Operation 114 [1/1] (0.00ns) (grouped into LUT with out node select_ln125_9)   --->   "%xor_ln125_9 = xor i1 %tmp_426, i1 %tmp_427" [top.cpp:125]   --->   Operation 114 'xor' 'xor_ln125_9' <Predicate = true> <Delay = 0.00> <CoreInst = "LogicGate">   --->   Core 74 'LogicGate' <Latency = 0> <II = 1> <Delay = 0.33> <FuncUnit> <Opcode : 'and' 'or' 'xor'> <InPorts = 2> <OutPorts = 1>
ST_3 : Operation 115 [1/1] (0.00ns) (grouped into LUT with out node select_ln125_9)   --->   "%select_ln125_8 = select i1 %and_ln125_4, i24 8388607, i24 8388608" [top.cpp:125]   --->   Operation 115 'select' 'select_ln125_8' <Predicate = true> <Delay = 0.00> <CoreInst = "Sel">   --->   Core 73 'Sel' <Latency = 0> <II = 1> <Delay = 0.43> <FuncUnit> <Opcode : 'select'> <InPorts = 3> <OutPorts = 1>
ST_3 : Operation 116 [1/1] (0.43ns) (out node of the LUT)   --->   "%select_ln125_9 = select i1 %xor_ln125_9, i24 %select_ln125_8, i24 %add_ln125_8" [top.cpp:125]   --->   Operation 116 'select' 'select_ln125_9' <Predicate = true> <Delay = 0.43> <CoreInst = "Sel">   --->   Core 73 'Sel' <Latency = 0> <II = 1> <Delay = 0.43> <FuncUnit> <Opcode : 'select'> <InPorts = 3> <OutPorts = 1>
ST_3 : Operation 117 [1/1] (0.00ns)   --->   "%sext_ln125_10 = sext i24 %select_ln125_9" [top.cpp:125]   --->   Operation 117 'sext' 'sext_ln125_10' <Predicate = true> <Delay = 0.00>
ST_3 : Operation 118 [1/2] ( I:1.35ns O:1.35ns )   --->   "%A_22_load = load i9 %A_22_addr" [top.cpp:125]   --->   Operation 118 'load' 'A_22_load' <Predicate = true> <Delay = 1.35> <CoreInst = "RAM">   --->   Core 82 'RAM' <Latency = 1> <II = 1> <Delay = 1.35> <Storage> <Opcode : 'load' 'store'> <Ports = 2> <Width = 24> <Depth = 512> <RAM>
ST_3 : Operation 119 [1/1] (0.00ns)   --->   "%sext_ln125_11 = sext i24 %A_22_load" [top.cpp:125]   --->   Operation 119 'sext' 'sext_ln125_11' <Predicate = true> <Delay = 0.00>
ST_3 : Operation 120 [1/1] (1.10ns)   --->   "%add_ln125_10 = add i24 %A_22_load, i24 %select_ln125_9" [top.cpp:125]   --->   Operation 120 'add' 'add_ln125_10' <Predicate = true> <Delay = 1.10> <CoreInst = "Adder">   --->   Core 1 'Adder' <Latency = 0> <II = 1> <Delay = 1.10> <FuncUnit> <Opcode : 'add' 'sub'> <InPorts = 2> <OutPorts = 1>
ST_3 : Operation 121 [1/1] (1.10ns)   --->   "%add_ln125_11 = add i25 %sext_ln125_10, i25 %sext_ln125_11" [top.cpp:125]   --->   Operation 121 'add' 'add_ln125_11' <Predicate = true> <Delay = 1.10> <CoreInst = "Adder">   --->   Core 1 'Adder' <Latency = 0> <II = 1> <Delay = 1.10> <FuncUnit> <Opcode : 'add' 'sub'> <InPorts = 2> <OutPorts = 1>
ST_3 : Operation 122 [1/1] (0.00ns)   --->   "%tmp_428 = bitselect i1 @_ssdm_op_BitSelect.i1.i25.i32, i25 %add_ln125_11, i32 24" [top.cpp:125]   --->   Operation 122 'bitselect' 'tmp_428' <Predicate = true> <Delay = 0.00>
ST_3 : Operation 123 [1/1] (0.00ns)   --->   "%tmp_429 = bitselect i1 @_ssdm_op_BitSelect.i1.i24.i32, i24 %add_ln125_10, i32 23" [top.cpp:125]   --->   Operation 123 'bitselect' 'tmp_429' <Predicate = true> <Delay = 0.00>
ST_3 : Operation 124 [1/1] (0.00ns) (grouped into LUT with out node select_ln125_11)   --->   "%xor_ln125_10 = xor i1 %tmp_428, i1 1" [top.cpp:125]   --->   Operation 124 'xor' 'xor_ln125_10' <Predicate = true> <Delay = 0.00> <CoreInst = "LogicGate">   --->   Core 74 'LogicGate' <Latency = 0> <II = 1> <Delay = 0.33> <FuncUnit> <Opcode : 'and' 'or' 'xor'> <InPorts = 2> <OutPorts = 1>
ST_3 : Operation 125 [1/1] (0.00ns) (grouped into LUT with out node select_ln125_11)   --->   "%and_ln125_5 = and i1 %tmp_429, i1 %xor_ln125_10" [top.cpp:125]   --->   Operation 125 'and' 'and_ln125_5' <Predicate = true> <Delay = 0.00> <CoreInst = "LogicGate">   --->   Core 74 'LogicGate' <Latency = 0> <II = 1> <Delay = 0.33> <FuncUnit> <Opcode : 'and' 'or' 'xor'> <InPorts = 2> <OutPorts = 1>
ST_3 : Operation 126 [1/1] (0.00ns) (grouped into LUT with out node select_ln125_11)   --->   "%xor_ln125_11 = xor i1 %tmp_428, i1 %tmp_429" [top.cpp:125]   --->   Operation 126 'xor' 'xor_ln125_11' <Predicate = true> <Delay = 0.00> <CoreInst = "LogicGate">   --->   Core 74 'LogicGate' <Latency = 0> <II = 1> <Delay = 0.33> <FuncUnit> <Opcode : 'and' 'or' 'xor'> <InPorts = 2> <OutPorts = 1>
ST_3 : Operation 127 [1/1] (0.00ns) (grouped into LUT with out node select_ln125_11)   --->   "%select_ln125_10 = select i1 %and_ln125_5, i24 8388607, i24 8388608" [top.cpp:125]   --->   Operation 127 'select' 'select_ln125_10' <Predicate = true> <Delay = 0.00> <CoreInst = "Sel">   --->   Core 73 'Sel' <Latency = 0> <II = 1> <Delay = 0.43> <FuncUnit> <Opcode : 'select'> <InPorts = 3> <OutPorts = 1>
ST_3 : Operation 128 [1/1] (0.43ns) (out node of the LUT)   --->   "%select_ln125_11 = select i1 %xor_ln125_11, i24 %select_ln125_10, i24 %add_ln125_10" [top.cpp:125]   --->   Operation 128 'select' 'select_ln125_11' <Predicate = true> <Delay = 0.43> <CoreInst = "Sel">   --->   Core 73 'Sel' <Latency = 0> <II = 1> <Delay = 0.43> <FuncUnit> <Opcode : 'select'> <InPorts = 3> <OutPorts = 1>
ST_3 : Operation 129 [1/1] (0.00ns)   --->   "%sext_ln125_12 = sext i24 %select_ln125_11" [top.cpp:125]   --->   Operation 129 'sext' 'sext_ln125_12' <Predicate = true> <Delay = 0.00>
ST_3 : Operation 130 [1/2] ( I:1.35ns O:1.35ns )   --->   "%A_23_load = load i9 %A_23_addr" [top.cpp:125]   --->   Operation 130 'load' 'A_23_load' <Predicate = true> <Delay = 1.35> <CoreInst = "RAM">   --->   Core 82 'RAM' <Latency = 1> <II = 1> <Delay = 1.35> <Storage> <Opcode : 'load' 'store'> <Ports = 2> <Width = 24> <Depth = 512> <RAM>
ST_3 : Operation 131 [1/1] (0.00ns)   --->   "%sext_ln125_13 = sext i24 %A_23_load" [top.cpp:125]   --->   Operation 131 'sext' 'sext_ln125_13' <Predicate = true> <Delay = 0.00>
ST_3 : Operation 132 [1/1] (1.10ns)   --->   "%add_ln125_12 = add i24 %A_23_load, i24 %select_ln125_11" [top.cpp:125]   --->   Operation 132 'add' 'add_ln125_12' <Predicate = true> <Delay = 1.10> <CoreInst = "Adder">   --->   Core 1 'Adder' <Latency = 0> <II = 1> <Delay = 1.10> <FuncUnit> <Opcode : 'add' 'sub'> <InPorts = 2> <OutPorts = 1>
ST_3 : Operation 133 [1/1] (1.10ns)   --->   "%add_ln125_13 = add i25 %sext_ln125_12, i25 %sext_ln125_13" [top.cpp:125]   --->   Operation 133 'add' 'add_ln125_13' <Predicate = true> <Delay = 1.10> <CoreInst = "Adder">   --->   Core 1 'Adder' <Latency = 0> <II = 1> <Delay = 1.10> <FuncUnit> <Opcode : 'add' 'sub'> <InPorts = 2> <OutPorts = 1>
ST_3 : Operation 134 [1/1] (0.00ns)   --->   "%tmp_430 = bitselect i1 @_ssdm_op_BitSelect.i1.i25.i32, i25 %add_ln125_13, i32 24" [top.cpp:125]   --->   Operation 134 'bitselect' 'tmp_430' <Predicate = true> <Delay = 0.00>
ST_3 : Operation 135 [1/1] (0.00ns)   --->   "%tmp_431 = bitselect i1 @_ssdm_op_BitSelect.i1.i24.i32, i24 %add_ln125_12, i32 23" [top.cpp:125]   --->   Operation 135 'bitselect' 'tmp_431' <Predicate = true> <Delay = 0.00>
ST_3 : Operation 136 [1/1] (0.00ns) (grouped into LUT with out node select_ln125_13)   --->   "%xor_ln125_12 = xor i1 %tmp_430, i1 1" [top.cpp:125]   --->   Operation 136 'xor' 'xor_ln125_12' <Predicate = true> <Delay = 0.00> <CoreInst = "LogicGate">   --->   Core 74 'LogicGate' <Latency = 0> <II = 1> <Delay = 0.33> <FuncUnit> <Opcode : 'and' 'or' 'xor'> <InPorts = 2> <OutPorts = 1>
ST_3 : Operation 137 [1/1] (0.00ns) (grouped into LUT with out node select_ln125_13)   --->   "%and_ln125_6 = and i1 %tmp_431, i1 %xor_ln125_12" [top.cpp:125]   --->   Operation 137 'and' 'and_ln125_6' <Predicate = true> <Delay = 0.00> <CoreInst = "LogicGate">   --->   Core 74 'LogicGate' <Latency = 0> <II = 1> <Delay = 0.33> <FuncUnit> <Opcode : 'and' 'or' 'xor'> <InPorts = 2> <OutPorts = 1>
ST_3 : Operation 138 [1/1] (0.00ns) (grouped into LUT with out node select_ln125_13)   --->   "%xor_ln125_13 = xor i1 %tmp_430, i1 %tmp_431" [top.cpp:125]   --->   Operation 138 'xor' 'xor_ln125_13' <Predicate = true> <Delay = 0.00> <CoreInst = "LogicGate">   --->   Core 74 'LogicGate' <Latency = 0> <II = 1> <Delay = 0.33> <FuncUnit> <Opcode : 'and' 'or' 'xor'> <InPorts = 2> <OutPorts = 1>
ST_3 : Operation 139 [1/1] (0.00ns) (grouped into LUT with out node select_ln125_13)   --->   "%select_ln125_12 = select i1 %and_ln125_6, i24 8388607, i24 8388608" [top.cpp:125]   --->   Operation 139 'select' 'select_ln125_12' <Predicate = true> <Delay = 0.00> <CoreInst = "Sel">   --->   Core 73 'Sel' <Latency = 0> <II = 1> <Delay = 0.43> <FuncUnit> <Opcode : 'select'> <InPorts = 3> <OutPorts = 1>
ST_3 : Operation 140 [1/1] (0.43ns) (out node of the LUT)   --->   "%select_ln125_13 = select i1 %xor_ln125_13, i24 %select_ln125_12, i24 %add_ln125_12" [top.cpp:125]   --->   Operation 140 'select' 'select_ln125_13' <Predicate = true> <Delay = 0.43> <CoreInst = "Sel">   --->   Core 73 'Sel' <Latency = 0> <II = 1> <Delay = 0.43> <FuncUnit> <Opcode : 'select'> <InPorts = 3> <OutPorts = 1>
ST_3 : Operation 141 [1/1] (0.00ns)   --->   "%sext_ln125_14 = sext i24 %select_ln125_13" [top.cpp:125]   --->   Operation 141 'sext' 'sext_ln125_14' <Predicate = true> <Delay = 0.00>
ST_3 : Operation 142 [1/2] ( I:1.35ns O:1.35ns )   --->   "%A_24_load = load i9 %A_24_addr" [top.cpp:125]   --->   Operation 142 'load' 'A_24_load' <Predicate = true> <Delay = 1.35> <CoreInst = "RAM">   --->   Core 82 'RAM' <Latency = 1> <II = 1> <Delay = 1.35> <Storage> <Opcode : 'load' 'store'> <Ports = 2> <Width = 24> <Depth = 512> <RAM>
ST_3 : Operation 143 [1/1] (0.00ns)   --->   "%sext_ln125_15 = sext i24 %A_24_load" [top.cpp:125]   --->   Operation 143 'sext' 'sext_ln125_15' <Predicate = true> <Delay = 0.00>
ST_3 : Operation 144 [1/1] (1.10ns)   --->   "%add_ln125_14 = add i24 %A_24_load, i24 %select_ln125_13" [top.cpp:125]   --->   Operation 144 'add' 'add_ln125_14' <Predicate = true> <Delay = 1.10> <CoreInst = "Adder">   --->   Core 1 'Adder' <Latency = 0> <II = 1> <Delay = 1.10> <FuncUnit> <Opcode : 'add' 'sub'> <InPorts = 2> <OutPorts = 1>
ST_3 : Operation 145 [1/1] (1.10ns)   --->   "%add_ln125_15 = add i25 %sext_ln125_14, i25 %sext_ln125_15" [top.cpp:125]   --->   Operation 145 'add' 'add_ln125_15' <Predicate = true> <Delay = 1.10> <CoreInst = "Adder">   --->   Core 1 'Adder' <Latency = 0> <II = 1> <Delay = 1.10> <FuncUnit> <Opcode : 'add' 'sub'> <InPorts = 2> <OutPorts = 1>
ST_3 : Operation 146 [1/1] (0.00ns)   --->   "%tmp_432 = bitselect i1 @_ssdm_op_BitSelect.i1.i25.i32, i25 %add_ln125_15, i32 24" [top.cpp:125]   --->   Operation 146 'bitselect' 'tmp_432' <Predicate = true> <Delay = 0.00>
ST_3 : Operation 147 [1/1] (0.00ns)   --->   "%tmp_433 = bitselect i1 @_ssdm_op_BitSelect.i1.i24.i32, i24 %add_ln125_14, i32 23" [top.cpp:125]   --->   Operation 147 'bitselect' 'tmp_433' <Predicate = true> <Delay = 0.00>
ST_3 : Operation 148 [1/1] (0.00ns) (grouped into LUT with out node select_ln125_15)   --->   "%xor_ln125_14 = xor i1 %tmp_432, i1 1" [top.cpp:125]   --->   Operation 148 'xor' 'xor_ln125_14' <Predicate = true> <Delay = 0.00> <CoreInst = "LogicGate">   --->   Core 74 'LogicGate' <Latency = 0> <II = 1> <Delay = 0.33> <FuncUnit> <Opcode : 'and' 'or' 'xor'> <InPorts = 2> <OutPorts = 1>
ST_3 : Operation 149 [1/1] (0.00ns) (grouped into LUT with out node select_ln125_15)   --->   "%and_ln125_7 = and i1 %tmp_433, i1 %xor_ln125_14" [top.cpp:125]   --->   Operation 149 'and' 'and_ln125_7' <Predicate = true> <Delay = 0.00> <CoreInst = "LogicGate">   --->   Core 74 'LogicGate' <Latency = 0> <II = 1> <Delay = 0.33> <FuncUnit> <Opcode : 'and' 'or' 'xor'> <InPorts = 2> <OutPorts = 1>
ST_3 : Operation 150 [1/1] (0.00ns) (grouped into LUT with out node select_ln125_15)   --->   "%xor_ln125_15 = xor i1 %tmp_432, i1 %tmp_433" [top.cpp:125]   --->   Operation 150 'xor' 'xor_ln125_15' <Predicate = true> <Delay = 0.00> <CoreInst = "LogicGate">   --->   Core 74 'LogicGate' <Latency = 0> <II = 1> <Delay = 0.33> <FuncUnit> <Opcode : 'and' 'or' 'xor'> <InPorts = 2> <OutPorts = 1>
ST_3 : Operation 151 [1/1] (0.00ns) (grouped into LUT with out node select_ln125_15)   --->   "%select_ln125_14 = select i1 %and_ln125_7, i24 8388607, i24 8388608" [top.cpp:125]   --->   Operation 151 'select' 'select_ln125_14' <Predicate = true> <Delay = 0.00> <CoreInst = "Sel">   --->   Core 73 'Sel' <Latency = 0> <II = 1> <Delay = 0.43> <FuncUnit> <Opcode : 'select'> <InPorts = 3> <OutPorts = 1>
ST_3 : Operation 152 [1/1] (0.43ns) (out node of the LUT)   --->   "%select_ln125_15 = select i1 %xor_ln125_15, i24 %select_ln125_14, i24 %add_ln125_14" [top.cpp:125]   --->   Operation 152 'select' 'select_ln125_15' <Predicate = true> <Delay = 0.43> <CoreInst = "Sel">   --->   Core 73 'Sel' <Latency = 0> <II = 1> <Delay = 0.43> <FuncUnit> <Opcode : 'select'> <InPorts = 3> <OutPorts = 1>
ST_3 : Operation 153 [1/1] (0.00ns)   --->   "%sext_ln125_16 = sext i24 %select_ln125_15" [top.cpp:125]   --->   Operation 153 'sext' 'sext_ln125_16' <Predicate = true> <Delay = 0.00>
ST_3 : Operation 154 [1/2] ( I:1.35ns O:1.35ns )   --->   "%A_25_load = load i9 %A_25_addr" [top.cpp:125]   --->   Operation 154 'load' 'A_25_load' <Predicate = true> <Delay = 1.35> <CoreInst = "RAM">   --->   Core 82 'RAM' <Latency = 1> <II = 1> <Delay = 1.35> <Storage> <Opcode : 'load' 'store'> <Ports = 2> <Width = 24> <Depth = 512> <RAM>
ST_3 : Operation 155 [1/1] (0.00ns)   --->   "%sext_ln125_17 = sext i24 %A_25_load" [top.cpp:125]   --->   Operation 155 'sext' 'sext_ln125_17' <Predicate = true> <Delay = 0.00>
ST_3 : Operation 156 [1/1] (1.10ns)   --->   "%add_ln125_16 = add i24 %A_25_load, i24 %select_ln125_15" [top.cpp:125]   --->   Operation 156 'add' 'add_ln125_16' <Predicate = true> <Delay = 1.10> <CoreInst = "Adder">   --->   Core 1 'Adder' <Latency = 0> <II = 1> <Delay = 1.10> <FuncUnit> <Opcode : 'add' 'sub'> <InPorts = 2> <OutPorts = 1>
ST_3 : Operation 157 [1/1] (1.10ns)   --->   "%add_ln125_17 = add i25 %sext_ln125_16, i25 %sext_ln125_17" [top.cpp:125]   --->   Operation 157 'add' 'add_ln125_17' <Predicate = true> <Delay = 1.10> <CoreInst = "Adder">   --->   Core 1 'Adder' <Latency = 0> <II = 1> <Delay = 1.10> <FuncUnit> <Opcode : 'add' 'sub'> <InPorts = 2> <OutPorts = 1>
ST_3 : Operation 158 [1/1] (0.00ns)   --->   "%tmp_434 = bitselect i1 @_ssdm_op_BitSelect.i1.i25.i32, i25 %add_ln125_17, i32 24" [top.cpp:125]   --->   Operation 158 'bitselect' 'tmp_434' <Predicate = true> <Delay = 0.00>
ST_3 : Operation 159 [1/1] (0.00ns)   --->   "%tmp_435 = bitselect i1 @_ssdm_op_BitSelect.i1.i24.i32, i24 %add_ln125_16, i32 23" [top.cpp:125]   --->   Operation 159 'bitselect' 'tmp_435' <Predicate = true> <Delay = 0.00>
ST_3 : Operation 160 [1/1] (0.00ns) (grouped into LUT with out node select_ln125_17)   --->   "%xor_ln125_16 = xor i1 %tmp_434, i1 1" [top.cpp:125]   --->   Operation 160 'xor' 'xor_ln125_16' <Predicate = true> <Delay = 0.00> <CoreInst = "LogicGate">   --->   Core 74 'LogicGate' <Latency = 0> <II = 1> <Delay = 0.33> <FuncUnit> <Opcode : 'and' 'or' 'xor'> <InPorts = 2> <OutPorts = 1>
ST_3 : Operation 161 [1/1] (0.00ns) (grouped into LUT with out node select_ln125_17)   --->   "%and_ln125_8 = and i1 %tmp_435, i1 %xor_ln125_16" [top.cpp:125]   --->   Operation 161 'and' 'and_ln125_8' <Predicate = true> <Delay = 0.00> <CoreInst = "LogicGate">   --->   Core 74 'LogicGate' <Latency = 0> <II = 1> <Delay = 0.33> <FuncUnit> <Opcode : 'and' 'or' 'xor'> <InPorts = 2> <OutPorts = 1>
ST_3 : Operation 162 [1/1] (0.00ns) (grouped into LUT with out node select_ln125_17)   --->   "%xor_ln125_17 = xor i1 %tmp_434, i1 %tmp_435" [top.cpp:125]   --->   Operation 162 'xor' 'xor_ln125_17' <Predicate = true> <Delay = 0.00> <CoreInst = "LogicGate">   --->   Core 74 'LogicGate' <Latency = 0> <II = 1> <Delay = 0.33> <FuncUnit> <Opcode : 'and' 'or' 'xor'> <InPorts = 2> <OutPorts = 1>
ST_3 : Operation 163 [1/1] (0.00ns) (grouped into LUT with out node select_ln125_17)   --->   "%select_ln125_16 = select i1 %and_ln125_8, i24 8388607, i24 8388608" [top.cpp:125]   --->   Operation 163 'select' 'select_ln125_16' <Predicate = true> <Delay = 0.00> <CoreInst = "Sel">   --->   Core 73 'Sel' <Latency = 0> <II = 1> <Delay = 0.43> <FuncUnit> <Opcode : 'select'> <InPorts = 3> <OutPorts = 1>
ST_3 : Operation 164 [1/1] (0.43ns) (out node of the LUT)   --->   "%select_ln125_17 = select i1 %xor_ln125_17, i24 %select_ln125_16, i24 %add_ln125_16" [top.cpp:125]   --->   Operation 164 'select' 'select_ln125_17' <Predicate = true> <Delay = 0.43> <CoreInst = "Sel">   --->   Core 73 'Sel' <Latency = 0> <II = 1> <Delay = 0.43> <FuncUnit> <Opcode : 'select'> <InPorts = 3> <OutPorts = 1>
ST_3 : Operation 165 [1/1] (0.00ns)   --->   "%sext_ln125_18 = sext i24 %select_ln125_17" [top.cpp:125]   --->   Operation 165 'sext' 'sext_ln125_18' <Predicate = true> <Delay = 0.00>
ST_3 : Operation 166 [1/2] ( I:1.35ns O:1.35ns )   --->   "%A_26_load = load i9 %A_26_addr" [top.cpp:125]   --->   Operation 166 'load' 'A_26_load' <Predicate = true> <Delay = 1.35> <CoreInst = "RAM">   --->   Core 82 'RAM' <Latency = 1> <II = 1> <Delay = 1.35> <Storage> <Opcode : 'load' 'store'> <Ports = 2> <Width = 24> <Depth = 512> <RAM>
ST_3 : Operation 167 [1/1] (0.00ns)   --->   "%sext_ln125_19 = sext i24 %A_26_load" [top.cpp:125]   --->   Operation 167 'sext' 'sext_ln125_19' <Predicate = true> <Delay = 0.00>
ST_3 : Operation 168 [1/1] (1.10ns)   --->   "%add_ln125_18 = add i24 %A_26_load, i24 %select_ln125_17" [top.cpp:125]   --->   Operation 168 'add' 'add_ln125_18' <Predicate = true> <Delay = 1.10> <CoreInst = "Adder">   --->   Core 1 'Adder' <Latency = 0> <II = 1> <Delay = 1.10> <FuncUnit> <Opcode : 'add' 'sub'> <InPorts = 2> <OutPorts = 1>
ST_3 : Operation 169 [1/1] (1.10ns)   --->   "%add_ln125_19 = add i25 %sext_ln125_18, i25 %sext_ln125_19" [top.cpp:125]   --->   Operation 169 'add' 'add_ln125_19' <Predicate = true> <Delay = 1.10> <CoreInst = "Adder">   --->   Core 1 'Adder' <Latency = 0> <II = 1> <Delay = 1.10> <FuncUnit> <Opcode : 'add' 'sub'> <InPorts = 2> <OutPorts = 1>
ST_3 : Operation 170 [1/1] (0.00ns)   --->   "%tmp_436 = bitselect i1 @_ssdm_op_BitSelect.i1.i25.i32, i25 %add_ln125_19, i32 24" [top.cpp:125]   --->   Operation 170 'bitselect' 'tmp_436' <Predicate = true> <Delay = 0.00>
ST_3 : Operation 171 [1/1] (0.00ns)   --->   "%tmp_437 = bitselect i1 @_ssdm_op_BitSelect.i1.i24.i32, i24 %add_ln125_18, i32 23" [top.cpp:125]   --->   Operation 171 'bitselect' 'tmp_437' <Predicate = true> <Delay = 0.00>
ST_3 : Operation 172 [1/1] (0.00ns) (grouped into LUT with out node select_ln125_19)   --->   "%xor_ln125_18 = xor i1 %tmp_436, i1 1" [top.cpp:125]   --->   Operation 172 'xor' 'xor_ln125_18' <Predicate = true> <Delay = 0.00> <CoreInst = "LogicGate">   --->   Core 74 'LogicGate' <Latency = 0> <II = 1> <Delay = 0.33> <FuncUnit> <Opcode : 'and' 'or' 'xor'> <InPorts = 2> <OutPorts = 1>
ST_3 : Operation 173 [1/1] (0.00ns) (grouped into LUT with out node select_ln125_19)   --->   "%and_ln125_9 = and i1 %tmp_437, i1 %xor_ln125_18" [top.cpp:125]   --->   Operation 173 'and' 'and_ln125_9' <Predicate = true> <Delay = 0.00> <CoreInst = "LogicGate">   --->   Core 74 'LogicGate' <Latency = 0> <II = 1> <Delay = 0.33> <FuncUnit> <Opcode : 'and' 'or' 'xor'> <InPorts = 2> <OutPorts = 1>
ST_3 : Operation 174 [1/1] (0.00ns) (grouped into LUT with out node select_ln125_19)   --->   "%xor_ln125_19 = xor i1 %tmp_436, i1 %tmp_437" [top.cpp:125]   --->   Operation 174 'xor' 'xor_ln125_19' <Predicate = true> <Delay = 0.00> <CoreInst = "LogicGate">   --->   Core 74 'LogicGate' <Latency = 0> <II = 1> <Delay = 0.33> <FuncUnit> <Opcode : 'and' 'or' 'xor'> <InPorts = 2> <OutPorts = 1>
ST_3 : Operation 175 [1/1] (0.00ns) (grouped into LUT with out node select_ln125_19)   --->   "%select_ln125_18 = select i1 %and_ln125_9, i24 8388607, i24 8388608" [top.cpp:125]   --->   Operation 175 'select' 'select_ln125_18' <Predicate = true> <Delay = 0.00> <CoreInst = "Sel">   --->   Core 73 'Sel' <Latency = 0> <II = 1> <Delay = 0.43> <FuncUnit> <Opcode : 'select'> <InPorts = 3> <OutPorts = 1>
ST_3 : Operation 176 [1/1] (0.43ns) (out node of the LUT)   --->   "%select_ln125_19 = select i1 %xor_ln125_19, i24 %select_ln125_18, i24 %add_ln125_18" [top.cpp:125]   --->   Operation 176 'select' 'select_ln125_19' <Predicate = true> <Delay = 0.43> <CoreInst = "Sel">   --->   Core 73 'Sel' <Latency = 0> <II = 1> <Delay = 0.43> <FuncUnit> <Opcode : 'select'> <InPorts = 3> <OutPorts = 1>
ST_3 : Operation 177 [1/1] (0.00ns)   --->   "%sext_ln125_20 = sext i24 %select_ln125_19" [top.cpp:125]   --->   Operation 177 'sext' 'sext_ln125_20' <Predicate = true> <Delay = 0.00>
ST_3 : Operation 178 [1/2] ( I:1.35ns O:1.35ns )   --->   "%A_27_load = load i9 %A_27_addr" [top.cpp:125]   --->   Operation 178 'load' 'A_27_load' <Predicate = true> <Delay = 1.35> <CoreInst = "RAM">   --->   Core 82 'RAM' <Latency = 1> <II = 1> <Delay = 1.35> <Storage> <Opcode : 'load' 'store'> <Ports = 2> <Width = 24> <Depth = 512> <RAM>
ST_3 : Operation 179 [1/1] (0.00ns)   --->   "%sext_ln125_21 = sext i24 %A_27_load" [top.cpp:125]   --->   Operation 179 'sext' 'sext_ln125_21' <Predicate = true> <Delay = 0.00>
ST_3 : Operation 180 [1/1] (1.10ns)   --->   "%add_ln125_20 = add i24 %A_27_load, i24 %select_ln125_19" [top.cpp:125]   --->   Operation 180 'add' 'add_ln125_20' <Predicate = true> <Delay = 1.10> <CoreInst = "Adder">   --->   Core 1 'Adder' <Latency = 0> <II = 1> <Delay = 1.10> <FuncUnit> <Opcode : 'add' 'sub'> <InPorts = 2> <OutPorts = 1>
ST_3 : Operation 181 [1/1] (1.10ns)   --->   "%add_ln125_21 = add i25 %sext_ln125_20, i25 %sext_ln125_21" [top.cpp:125]   --->   Operation 181 'add' 'add_ln125_21' <Predicate = true> <Delay = 1.10> <CoreInst = "Adder">   --->   Core 1 'Adder' <Latency = 0> <II = 1> <Delay = 1.10> <FuncUnit> <Opcode : 'add' 'sub'> <InPorts = 2> <OutPorts = 1>
ST_3 : Operation 182 [1/1] (0.00ns)   --->   "%tmp_438 = bitselect i1 @_ssdm_op_BitSelect.i1.i25.i32, i25 %add_ln125_21, i32 24" [top.cpp:125]   --->   Operation 182 'bitselect' 'tmp_438' <Predicate = true> <Delay = 0.00>
ST_3 : Operation 183 [1/1] (0.00ns)   --->   "%tmp_439 = bitselect i1 @_ssdm_op_BitSelect.i1.i24.i32, i24 %add_ln125_20, i32 23" [top.cpp:125]   --->   Operation 183 'bitselect' 'tmp_439' <Predicate = true> <Delay = 0.00>
ST_3 : Operation 184 [1/1] (0.00ns) (grouped into LUT with out node select_ln125_21)   --->   "%xor_ln125_20 = xor i1 %tmp_438, i1 1" [top.cpp:125]   --->   Operation 184 'xor' 'xor_ln125_20' <Predicate = true> <Delay = 0.00> <CoreInst = "LogicGate">   --->   Core 74 'LogicGate' <Latency = 0> <II = 1> <Delay = 0.33> <FuncUnit> <Opcode : 'and' 'or' 'xor'> <InPorts = 2> <OutPorts = 1>
ST_3 : Operation 185 [1/1] (0.00ns) (grouped into LUT with out node select_ln125_21)   --->   "%and_ln125_10 = and i1 %tmp_439, i1 %xor_ln125_20" [top.cpp:125]   --->   Operation 185 'and' 'and_ln125_10' <Predicate = true> <Delay = 0.00> <CoreInst = "LogicGate">   --->   Core 74 'LogicGate' <Latency = 0> <II = 1> <Delay = 0.33> <FuncUnit> <Opcode : 'and' 'or' 'xor'> <InPorts = 2> <OutPorts = 1>
ST_3 : Operation 186 [1/1] (0.00ns) (grouped into LUT with out node select_ln125_21)   --->   "%xor_ln125_21 = xor i1 %tmp_438, i1 %tmp_439" [top.cpp:125]   --->   Operation 186 'xor' 'xor_ln125_21' <Predicate = true> <Delay = 0.00> <CoreInst = "LogicGate">   --->   Core 74 'LogicGate' <Latency = 0> <II = 1> <Delay = 0.33> <FuncUnit> <Opcode : 'and' 'or' 'xor'> <InPorts = 2> <OutPorts = 1>
ST_3 : Operation 187 [1/1] (0.00ns) (grouped into LUT with out node select_ln125_21)   --->   "%select_ln125_20 = select i1 %and_ln125_10, i24 8388607, i24 8388608" [top.cpp:125]   --->   Operation 187 'select' 'select_ln125_20' <Predicate = true> <Delay = 0.00> <CoreInst = "Sel">   --->   Core 73 'Sel' <Latency = 0> <II = 1> <Delay = 0.43> <FuncUnit> <Opcode : 'select'> <InPorts = 3> <OutPorts = 1>
ST_3 : Operation 188 [1/1] (0.43ns) (out node of the LUT)   --->   "%select_ln125_21 = select i1 %xor_ln125_21, i24 %select_ln125_20, i24 %add_ln125_20" [top.cpp:125]   --->   Operation 188 'select' 'select_ln125_21' <Predicate = true> <Delay = 0.43> <CoreInst = "Sel">   --->   Core 73 'Sel' <Latency = 0> <II = 1> <Delay = 0.43> <FuncUnit> <Opcode : 'select'> <InPorts = 3> <OutPorts = 1>
ST_3 : Operation 189 [1/1] (0.00ns)   --->   "%sext_ln125_22 = sext i24 %select_ln125_21" [top.cpp:125]   --->   Operation 189 'sext' 'sext_ln125_22' <Predicate = true> <Delay = 0.00>
ST_3 : Operation 190 [1/2] ( I:1.35ns O:1.35ns )   --->   "%A_28_load = load i9 %A_28_addr" [top.cpp:125]   --->   Operation 190 'load' 'A_28_load' <Predicate = true> <Delay = 1.35> <CoreInst = "RAM">   --->   Core 82 'RAM' <Latency = 1> <II = 1> <Delay = 1.35> <Storage> <Opcode : 'load' 'store'> <Ports = 2> <Width = 24> <Depth = 512> <RAM>
ST_3 : Operation 191 [1/1] (0.00ns)   --->   "%sext_ln125_23 = sext i24 %A_28_load" [top.cpp:125]   --->   Operation 191 'sext' 'sext_ln125_23' <Predicate = true> <Delay = 0.00>
ST_3 : Operation 192 [1/1] (1.10ns)   --->   "%add_ln125_22 = add i24 %A_28_load, i24 %select_ln125_21" [top.cpp:125]   --->   Operation 192 'add' 'add_ln125_22' <Predicate = true> <Delay = 1.10> <CoreInst = "Adder">   --->   Core 1 'Adder' <Latency = 0> <II = 1> <Delay = 1.10> <FuncUnit> <Opcode : 'add' 'sub'> <InPorts = 2> <OutPorts = 1>
ST_3 : Operation 193 [1/1] (1.10ns)   --->   "%add_ln125_23 = add i25 %sext_ln125_22, i25 %sext_ln125_23" [top.cpp:125]   --->   Operation 193 'add' 'add_ln125_23' <Predicate = true> <Delay = 1.10> <CoreInst = "Adder">   --->   Core 1 'Adder' <Latency = 0> <II = 1> <Delay = 1.10> <FuncUnit> <Opcode : 'add' 'sub'> <InPorts = 2> <OutPorts = 1>
ST_3 : Operation 194 [1/1] (0.00ns)   --->   "%tmp_440 = bitselect i1 @_ssdm_op_BitSelect.i1.i25.i32, i25 %add_ln125_23, i32 24" [top.cpp:125]   --->   Operation 194 'bitselect' 'tmp_440' <Predicate = true> <Delay = 0.00>
ST_3 : Operation 195 [1/1] (0.00ns)   --->   "%tmp_441 = bitselect i1 @_ssdm_op_BitSelect.i1.i24.i32, i24 %add_ln125_22, i32 23" [top.cpp:125]   --->   Operation 195 'bitselect' 'tmp_441' <Predicate = true> <Delay = 0.00>
ST_3 : Operation 196 [1/1] (0.00ns) (grouped into LUT with out node select_ln125_23)   --->   "%xor_ln125_22 = xor i1 %tmp_440, i1 1" [top.cpp:125]   --->   Operation 196 'xor' 'xor_ln125_22' <Predicate = true> <Delay = 0.00> <CoreInst = "LogicGate">   --->   Core 74 'LogicGate' <Latency = 0> <II = 1> <Delay = 0.33> <FuncUnit> <Opcode : 'and' 'or' 'xor'> <InPorts = 2> <OutPorts = 1>
ST_3 : Operation 197 [1/1] (0.00ns) (grouped into LUT with out node select_ln125_23)   --->   "%and_ln125_11 = and i1 %tmp_441, i1 %xor_ln125_22" [top.cpp:125]   --->   Operation 197 'and' 'and_ln125_11' <Predicate = true> <Delay = 0.00> <CoreInst = "LogicGate">   --->   Core 74 'LogicGate' <Latency = 0> <II = 1> <Delay = 0.33> <FuncUnit> <Opcode : 'and' 'or' 'xor'> <InPorts = 2> <OutPorts = 1>
ST_3 : Operation 198 [1/1] (0.00ns) (grouped into LUT with out node select_ln125_23)   --->   "%xor_ln125_23 = xor i1 %tmp_440, i1 %tmp_441" [top.cpp:125]   --->   Operation 198 'xor' 'xor_ln125_23' <Predicate = true> <Delay = 0.00> <CoreInst = "LogicGate">   --->   Core 74 'LogicGate' <Latency = 0> <II = 1> <Delay = 0.33> <FuncUnit> <Opcode : 'and' 'or' 'xor'> <InPorts = 2> <OutPorts = 1>
ST_3 : Operation 199 [1/1] (0.00ns) (grouped into LUT with out node select_ln125_23)   --->   "%select_ln125_22 = select i1 %and_ln125_11, i24 8388607, i24 8388608" [top.cpp:125]   --->   Operation 199 'select' 'select_ln125_22' <Predicate = true> <Delay = 0.00> <CoreInst = "Sel">   --->   Core 73 'Sel' <Latency = 0> <II = 1> <Delay = 0.43> <FuncUnit> <Opcode : 'select'> <InPorts = 3> <OutPorts = 1>
ST_3 : Operation 200 [1/1] (0.43ns) (out node of the LUT)   --->   "%select_ln125_23 = select i1 %xor_ln125_23, i24 %select_ln125_22, i24 %add_ln125_22" [top.cpp:125]   --->   Operation 200 'select' 'select_ln125_23' <Predicate = true> <Delay = 0.43> <CoreInst = "Sel">   --->   Core 73 'Sel' <Latency = 0> <II = 1> <Delay = 0.43> <FuncUnit> <Opcode : 'select'> <InPorts = 3> <OutPorts = 1>
ST_3 : Operation 201 [1/1] (0.00ns)   --->   "%sext_ln125_24 = sext i24 %select_ln125_23" [top.cpp:125]   --->   Operation 201 'sext' 'sext_ln125_24' <Predicate = true> <Delay = 0.00>
ST_3 : Operation 202 [1/2] ( I:1.35ns O:1.35ns )   --->   "%A_29_load = load i9 %A_29_addr" [top.cpp:125]   --->   Operation 202 'load' 'A_29_load' <Predicate = true> <Delay = 1.35> <CoreInst = "RAM">   --->   Core 82 'RAM' <Latency = 1> <II = 1> <Delay = 1.35> <Storage> <Opcode : 'load' 'store'> <Ports = 2> <Width = 24> <Depth = 512> <RAM>
ST_3 : Operation 203 [1/1] (0.00ns)   --->   "%sext_ln125_25 = sext i24 %A_29_load" [top.cpp:125]   --->   Operation 203 'sext' 'sext_ln125_25' <Predicate = true> <Delay = 0.00>
ST_3 : Operation 204 [1/1] (1.10ns)   --->   "%add_ln125_24 = add i24 %A_29_load, i24 %select_ln125_23" [top.cpp:125]   --->   Operation 204 'add' 'add_ln125_24' <Predicate = true> <Delay = 1.10> <CoreInst = "Adder">   --->   Core 1 'Adder' <Latency = 0> <II = 1> <Delay = 1.10> <FuncUnit> <Opcode : 'add' 'sub'> <InPorts = 2> <OutPorts = 1>
ST_3 : Operation 205 [1/1] (1.10ns)   --->   "%add_ln125_25 = add i25 %sext_ln125_24, i25 %sext_ln125_25" [top.cpp:125]   --->   Operation 205 'add' 'add_ln125_25' <Predicate = true> <Delay = 1.10> <CoreInst = "Adder">   --->   Core 1 'Adder' <Latency = 0> <II = 1> <Delay = 1.10> <FuncUnit> <Opcode : 'add' 'sub'> <InPorts = 2> <OutPorts = 1>
ST_3 : Operation 206 [1/1] (0.00ns)   --->   "%tmp_442 = bitselect i1 @_ssdm_op_BitSelect.i1.i25.i32, i25 %add_ln125_25, i32 24" [top.cpp:125]   --->   Operation 206 'bitselect' 'tmp_442' <Predicate = true> <Delay = 0.00>
ST_3 : Operation 207 [1/1] (0.00ns)   --->   "%tmp_443 = bitselect i1 @_ssdm_op_BitSelect.i1.i24.i32, i24 %add_ln125_24, i32 23" [top.cpp:125]   --->   Operation 207 'bitselect' 'tmp_443' <Predicate = true> <Delay = 0.00>
ST_3 : Operation 208 [1/1] (0.00ns) (grouped into LUT with out node select_ln125_25)   --->   "%xor_ln125_24 = xor i1 %tmp_442, i1 1" [top.cpp:125]   --->   Operation 208 'xor' 'xor_ln125_24' <Predicate = true> <Delay = 0.00> <CoreInst = "LogicGate">   --->   Core 74 'LogicGate' <Latency = 0> <II = 1> <Delay = 0.33> <FuncUnit> <Opcode : 'and' 'or' 'xor'> <InPorts = 2> <OutPorts = 1>
ST_3 : Operation 209 [1/1] (0.00ns) (grouped into LUT with out node select_ln125_25)   --->   "%and_ln125_12 = and i1 %tmp_443, i1 %xor_ln125_24" [top.cpp:125]   --->   Operation 209 'and' 'and_ln125_12' <Predicate = true> <Delay = 0.00> <CoreInst = "LogicGate">   --->   Core 74 'LogicGate' <Latency = 0> <II = 1> <Delay = 0.33> <FuncUnit> <Opcode : 'and' 'or' 'xor'> <InPorts = 2> <OutPorts = 1>
ST_3 : Operation 210 [1/1] (0.00ns) (grouped into LUT with out node select_ln125_25)   --->   "%xor_ln125_25 = xor i1 %tmp_442, i1 %tmp_443" [top.cpp:125]   --->   Operation 210 'xor' 'xor_ln125_25' <Predicate = true> <Delay = 0.00> <CoreInst = "LogicGate">   --->   Core 74 'LogicGate' <Latency = 0> <II = 1> <Delay = 0.33> <FuncUnit> <Opcode : 'and' 'or' 'xor'> <InPorts = 2> <OutPorts = 1>
ST_3 : Operation 211 [1/1] (0.00ns) (grouped into LUT with out node select_ln125_25)   --->   "%select_ln125_24 = select i1 %and_ln125_12, i24 8388607, i24 8388608" [top.cpp:125]   --->   Operation 211 'select' 'select_ln125_24' <Predicate = true> <Delay = 0.00> <CoreInst = "Sel">   --->   Core 73 'Sel' <Latency = 0> <II = 1> <Delay = 0.43> <FuncUnit> <Opcode : 'select'> <InPorts = 3> <OutPorts = 1>
ST_3 : Operation 212 [1/1] (0.43ns) (out node of the LUT)   --->   "%select_ln125_25 = select i1 %xor_ln125_25, i24 %select_ln125_24, i24 %add_ln125_24" [top.cpp:125]   --->   Operation 212 'select' 'select_ln125_25' <Predicate = true> <Delay = 0.43> <CoreInst = "Sel">   --->   Core 73 'Sel' <Latency = 0> <II = 1> <Delay = 0.43> <FuncUnit> <Opcode : 'select'> <InPorts = 3> <OutPorts = 1>
ST_3 : Operation 213 [1/1] (0.00ns)   --->   "%sext_ln125_26 = sext i24 %select_ln125_25" [top.cpp:125]   --->   Operation 213 'sext' 'sext_ln125_26' <Predicate = true> <Delay = 0.00>
ST_3 : Operation 214 [1/2] ( I:1.35ns O:1.35ns )   --->   "%A_30_load = load i9 %A_30_addr" [top.cpp:125]   --->   Operation 214 'load' 'A_30_load' <Predicate = true> <Delay = 1.35> <CoreInst = "RAM">   --->   Core 82 'RAM' <Latency = 1> <II = 1> <Delay = 1.35> <Storage> <Opcode : 'load' 'store'> <Ports = 2> <Width = 24> <Depth = 512> <RAM>
ST_3 : Operation 215 [1/1] (0.00ns)   --->   "%sext_ln125_27 = sext i24 %A_30_load" [top.cpp:125]   --->   Operation 215 'sext' 'sext_ln125_27' <Predicate = true> <Delay = 0.00>
ST_3 : Operation 216 [1/1] (1.10ns)   --->   "%add_ln125_26 = add i24 %A_30_load, i24 %select_ln125_25" [top.cpp:125]   --->   Operation 216 'add' 'add_ln125_26' <Predicate = true> <Delay = 1.10> <CoreInst = "Adder">   --->   Core 1 'Adder' <Latency = 0> <II = 1> <Delay = 1.10> <FuncUnit> <Opcode : 'add' 'sub'> <InPorts = 2> <OutPorts = 1>
ST_3 : Operation 217 [1/1] (1.10ns)   --->   "%add_ln125_27 = add i25 %sext_ln125_26, i25 %sext_ln125_27" [top.cpp:125]   --->   Operation 217 'add' 'add_ln125_27' <Predicate = true> <Delay = 1.10> <CoreInst = "Adder">   --->   Core 1 'Adder' <Latency = 0> <II = 1> <Delay = 1.10> <FuncUnit> <Opcode : 'add' 'sub'> <InPorts = 2> <OutPorts = 1>
ST_3 : Operation 218 [1/1] (0.00ns)   --->   "%tmp_444 = bitselect i1 @_ssdm_op_BitSelect.i1.i25.i32, i25 %add_ln125_27, i32 24" [top.cpp:125]   --->   Operation 218 'bitselect' 'tmp_444' <Predicate = true> <Delay = 0.00>
ST_3 : Operation 219 [1/1] (0.00ns)   --->   "%tmp_445 = bitselect i1 @_ssdm_op_BitSelect.i1.i24.i32, i24 %add_ln125_26, i32 23" [top.cpp:125]   --->   Operation 219 'bitselect' 'tmp_445' <Predicate = true> <Delay = 0.00>
ST_3 : Operation 220 [1/1] (0.00ns) (grouped into LUT with out node select_ln125_27)   --->   "%xor_ln125_26 = xor i1 %tmp_444, i1 1" [top.cpp:125]   --->   Operation 220 'xor' 'xor_ln125_26' <Predicate = true> <Delay = 0.00> <CoreInst = "LogicGate">   --->   Core 74 'LogicGate' <Latency = 0> <II = 1> <Delay = 0.33> <FuncUnit> <Opcode : 'and' 'or' 'xor'> <InPorts = 2> <OutPorts = 1>
ST_3 : Operation 221 [1/1] (0.00ns) (grouped into LUT with out node select_ln125_27)   --->   "%and_ln125_13 = and i1 %tmp_445, i1 %xor_ln125_26" [top.cpp:125]   --->   Operation 221 'and' 'and_ln125_13' <Predicate = true> <Delay = 0.00> <CoreInst = "LogicGate">   --->   Core 74 'LogicGate' <Latency = 0> <II = 1> <Delay = 0.33> <FuncUnit> <Opcode : 'and' 'or' 'xor'> <InPorts = 2> <OutPorts = 1>
ST_3 : Operation 222 [1/1] (0.00ns) (grouped into LUT with out node select_ln125_27)   --->   "%xor_ln125_27 = xor i1 %tmp_444, i1 %tmp_445" [top.cpp:125]   --->   Operation 222 'xor' 'xor_ln125_27' <Predicate = true> <Delay = 0.00> <CoreInst = "LogicGate">   --->   Core 74 'LogicGate' <Latency = 0> <II = 1> <Delay = 0.33> <FuncUnit> <Opcode : 'and' 'or' 'xor'> <InPorts = 2> <OutPorts = 1>
ST_3 : Operation 223 [1/1] (0.00ns) (grouped into LUT with out node select_ln125_27)   --->   "%select_ln125_26 = select i1 %and_ln125_13, i24 8388607, i24 8388608" [top.cpp:125]   --->   Operation 223 'select' 'select_ln125_26' <Predicate = true> <Delay = 0.00> <CoreInst = "Sel">   --->   Core 73 'Sel' <Latency = 0> <II = 1> <Delay = 0.43> <FuncUnit> <Opcode : 'select'> <InPorts = 3> <OutPorts = 1>
ST_3 : Operation 224 [1/1] (0.43ns) (out node of the LUT)   --->   "%select_ln125_27 = select i1 %xor_ln125_27, i24 %select_ln125_26, i24 %add_ln125_26" [top.cpp:125]   --->   Operation 224 'select' 'select_ln125_27' <Predicate = true> <Delay = 0.43> <CoreInst = "Sel">   --->   Core 73 'Sel' <Latency = 0> <II = 1> <Delay = 0.43> <FuncUnit> <Opcode : 'select'> <InPorts = 3> <OutPorts = 1>
ST_3 : Operation 225 [1/1] (0.00ns)   --->   "%sext_ln125_28 = sext i24 %select_ln125_27" [top.cpp:125]   --->   Operation 225 'sext' 'sext_ln125_28' <Predicate = true> <Delay = 0.00>
ST_3 : Operation 226 [1/2] ( I:1.35ns O:1.35ns )   --->   "%A_31_load = load i9 %A_31_addr" [top.cpp:125]   --->   Operation 226 'load' 'A_31_load' <Predicate = true> <Delay = 1.35> <CoreInst = "RAM">   --->   Core 82 'RAM' <Latency = 1> <II = 1> <Delay = 1.35> <Storage> <Opcode : 'load' 'store'> <Ports = 2> <Width = 24> <Depth = 512> <RAM>
ST_3 : Operation 227 [1/1] (0.00ns)   --->   "%sext_ln125_29 = sext i24 %A_31_load" [top.cpp:125]   --->   Operation 227 'sext' 'sext_ln125_29' <Predicate = true> <Delay = 0.00>
ST_3 : Operation 228 [1/1] (1.10ns)   --->   "%add_ln125_28 = add i24 %A_31_load, i24 %select_ln125_27" [top.cpp:125]   --->   Operation 228 'add' 'add_ln125_28' <Predicate = true> <Delay = 1.10> <CoreInst = "Adder">   --->   Core 1 'Adder' <Latency = 0> <II = 1> <Delay = 1.10> <FuncUnit> <Opcode : 'add' 'sub'> <InPorts = 2> <OutPorts = 1>
ST_3 : Operation 229 [1/1] (1.10ns)   --->   "%add_ln125_29 = add i25 %sext_ln125_28, i25 %sext_ln125_29" [top.cpp:125]   --->   Operation 229 'add' 'add_ln125_29' <Predicate = true> <Delay = 1.10> <CoreInst = "Adder">   --->   Core 1 'Adder' <Latency = 0> <II = 1> <Delay = 1.10> <FuncUnit> <Opcode : 'add' 'sub'> <InPorts = 2> <OutPorts = 1>
ST_3 : Operation 230 [1/1] (0.00ns)   --->   "%tmp_446 = bitselect i1 @_ssdm_op_BitSelect.i1.i25.i32, i25 %add_ln125_29, i32 24" [top.cpp:125]   --->   Operation 230 'bitselect' 'tmp_446' <Predicate = true> <Delay = 0.00>
ST_3 : Operation 231 [1/1] (0.00ns)   --->   "%tmp_447 = bitselect i1 @_ssdm_op_BitSelect.i1.i24.i32, i24 %add_ln125_28, i32 23" [top.cpp:125]   --->   Operation 231 'bitselect' 'tmp_447' <Predicate = true> <Delay = 0.00>
ST_3 : Operation 232 [1/1] (0.00ns) (grouped into LUT with out node select_ln125_29)   --->   "%xor_ln125_28 = xor i1 %tmp_446, i1 1" [top.cpp:125]   --->   Operation 232 'xor' 'xor_ln125_28' <Predicate = true> <Delay = 0.00> <CoreInst = "LogicGate">   --->   Core 74 'LogicGate' <Latency = 0> <II = 1> <Delay = 0.33> <FuncUnit> <Opcode : 'and' 'or' 'xor'> <InPorts = 2> <OutPorts = 1>
ST_3 : Operation 233 [1/1] (0.00ns) (grouped into LUT with out node select_ln125_29)   --->   "%and_ln125_14 = and i1 %tmp_447, i1 %xor_ln125_28" [top.cpp:125]   --->   Operation 233 'and' 'and_ln125_14' <Predicate = true> <Delay = 0.00> <CoreInst = "LogicGate">   --->   Core 74 'LogicGate' <Latency = 0> <II = 1> <Delay = 0.33> <FuncUnit> <Opcode : 'and' 'or' 'xor'> <InPorts = 2> <OutPorts = 1>
ST_3 : Operation 234 [1/1] (0.00ns) (grouped into LUT with out node select_ln125_29)   --->   "%xor_ln125_29 = xor i1 %tmp_446, i1 %tmp_447" [top.cpp:125]   --->   Operation 234 'xor' 'xor_ln125_29' <Predicate = true> <Delay = 0.00> <CoreInst = "LogicGate">   --->   Core 74 'LogicGate' <Latency = 0> <II = 1> <Delay = 0.33> <FuncUnit> <Opcode : 'and' 'or' 'xor'> <InPorts = 2> <OutPorts = 1>
ST_3 : Operation 235 [1/1] (0.00ns) (grouped into LUT with out node select_ln125_29)   --->   "%select_ln125_28 = select i1 %and_ln125_14, i24 8388607, i24 8388608" [top.cpp:125]   --->   Operation 235 'select' 'select_ln125_28' <Predicate = true> <Delay = 0.00> <CoreInst = "Sel">   --->   Core 73 'Sel' <Latency = 0> <II = 1> <Delay = 0.43> <FuncUnit> <Opcode : 'select'> <InPorts = 3> <OutPorts = 1>
ST_3 : Operation 236 [1/1] (0.43ns) (out node of the LUT)   --->   "%select_ln125_29 = select i1 %xor_ln125_29, i24 %select_ln125_28, i24 %add_ln125_28" [top.cpp:125]   --->   Operation 236 'select' 'select_ln125_29' <Predicate = true> <Delay = 0.43> <CoreInst = "Sel">   --->   Core 73 'Sel' <Latency = 0> <II = 1> <Delay = 0.43> <FuncUnit> <Opcode : 'select'> <InPorts = 3> <OutPorts = 1>
ST_3 : Operation 237 [1/1] (0.00ns)   --->   "%sext_ln125_30 = sext i24 %select_ln125_29" [top.cpp:125]   --->   Operation 237 'sext' 'sext_ln125_30' <Predicate = true> <Delay = 0.00>
ST_3 : Operation 238 [1/2] ( I:1.35ns O:1.35ns )   --->   "%A_32_load = load i9 %A_32_addr" [top.cpp:125]   --->   Operation 238 'load' 'A_32_load' <Predicate = true> <Delay = 1.35> <CoreInst = "RAM">   --->   Core 82 'RAM' <Latency = 1> <II = 1> <Delay = 1.35> <Storage> <Opcode : 'load' 'store'> <Ports = 2> <Width = 24> <Depth = 512> <RAM>
ST_3 : Operation 239 [1/1] (0.00ns)   --->   "%sext_ln125_31 = sext i24 %A_32_load" [top.cpp:125]   --->   Operation 239 'sext' 'sext_ln125_31' <Predicate = true> <Delay = 0.00>
ST_3 : Operation 240 [1/1] (1.10ns)   --->   "%add_ln125_30 = add i24 %A_32_load, i24 %select_ln125_29" [top.cpp:125]   --->   Operation 240 'add' 'add_ln125_30' <Predicate = true> <Delay = 1.10> <CoreInst = "Adder">   --->   Core 1 'Adder' <Latency = 0> <II = 1> <Delay = 1.10> <FuncUnit> <Opcode : 'add' 'sub'> <InPorts = 2> <OutPorts = 1>
ST_3 : Operation 241 [1/1] (1.10ns)   --->   "%add_ln125_31 = add i25 %sext_ln125_30, i25 %sext_ln125_31" [top.cpp:125]   --->   Operation 241 'add' 'add_ln125_31' <Predicate = true> <Delay = 1.10> <CoreInst = "Adder">   --->   Core 1 'Adder' <Latency = 0> <II = 1> <Delay = 1.10> <FuncUnit> <Opcode : 'add' 'sub'> <InPorts = 2> <OutPorts = 1>
ST_3 : Operation 242 [1/1] (0.00ns)   --->   "%tmp_448 = bitselect i1 @_ssdm_op_BitSelect.i1.i25.i32, i25 %add_ln125_31, i32 24" [top.cpp:125]   --->   Operation 242 'bitselect' 'tmp_448' <Predicate = true> <Delay = 0.00>
ST_3 : Operation 243 [1/1] (0.00ns)   --->   "%tmp_449 = bitselect i1 @_ssdm_op_BitSelect.i1.i24.i32, i24 %add_ln125_30, i32 23" [top.cpp:125]   --->   Operation 243 'bitselect' 'tmp_449' <Predicate = true> <Delay = 0.00>
ST_3 : Operation 244 [1/1] (0.00ns) (grouped into LUT with out node select_ln125_31)   --->   "%xor_ln125_30 = xor i1 %tmp_448, i1 1" [top.cpp:125]   --->   Operation 244 'xor' 'xor_ln125_30' <Predicate = true> <Delay = 0.00> <CoreInst = "LogicGate">   --->   Core 74 'LogicGate' <Latency = 0> <II = 1> <Delay = 0.33> <FuncUnit> <Opcode : 'and' 'or' 'xor'> <InPorts = 2> <OutPorts = 1>
ST_3 : Operation 245 [1/1] (0.00ns) (grouped into LUT with out node select_ln125_31)   --->   "%and_ln125_15 = and i1 %tmp_449, i1 %xor_ln125_30" [top.cpp:125]   --->   Operation 245 'and' 'and_ln125_15' <Predicate = true> <Delay = 0.00> <CoreInst = "LogicGate">   --->   Core 74 'LogicGate' <Latency = 0> <II = 1> <Delay = 0.33> <FuncUnit> <Opcode : 'and' 'or' 'xor'> <InPorts = 2> <OutPorts = 1>
ST_3 : Operation 246 [1/1] (0.00ns) (grouped into LUT with out node select_ln125_31)   --->   "%xor_ln125_31 = xor i1 %tmp_448, i1 %tmp_449" [top.cpp:125]   --->   Operation 246 'xor' 'xor_ln125_31' <Predicate = true> <Delay = 0.00> <CoreInst = "LogicGate">   --->   Core 74 'LogicGate' <Latency = 0> <II = 1> <Delay = 0.33> <FuncUnit> <Opcode : 'and' 'or' 'xor'> <InPorts = 2> <OutPorts = 1>
ST_3 : Operation 247 [1/1] (0.00ns) (grouped into LUT with out node select_ln125_31)   --->   "%select_ln125_30 = select i1 %and_ln125_15, i24 8388607, i24 8388608" [top.cpp:125]   --->   Operation 247 'select' 'select_ln125_30' <Predicate = true> <Delay = 0.00> <CoreInst = "Sel">   --->   Core 73 'Sel' <Latency = 0> <II = 1> <Delay = 0.43> <FuncUnit> <Opcode : 'select'> <InPorts = 3> <OutPorts = 1>
ST_3 : Operation 248 [1/1] (0.43ns) (out node of the LUT)   --->   "%select_ln125_31 = select i1 %xor_ln125_31, i24 %select_ln125_30, i24 %add_ln125_30" [top.cpp:125]   --->   Operation 248 'select' 'select_ln125_31' <Predicate = true> <Delay = 0.43> <CoreInst = "Sel">   --->   Core 73 'Sel' <Latency = 0> <II = 1> <Delay = 0.43> <FuncUnit> <Opcode : 'select'> <InPorts = 3> <OutPorts = 1>
ST_3 : Operation 249 [1/1] (0.48ns)   --->   "%store_ln125 = store i24 %select_ln125_31, i24 %empty" [top.cpp:125]   --->   Operation 249 'store' 'store_ln125' <Predicate = true> <Delay = 0.48>
ST_3 : Operation 250 [1/1] (0.00ns)   --->   "%br_ln122 = br void %for.body33.1" [top.cpp:122]   --->   Operation 250 'br' 'br_ln122' <Predicate = true> <Delay = 0.00>


============================================================
+ Verbose Summary: Timing violations
============================================================
Target clock period: 10.000ns, clock uncertainty: 2.700ns.

 <State 1>: 1.875ns
The critical path consists of the following:
	'store' operation 0 bit ('store_ln122', top.cpp:122) of constant 0 on local variable 'j', top.cpp:122 [22]  (0.489 ns)
	'load' operation 7 bit ('j', top.cpp:122) on local variable 'j', top.cpp:122 [26]  (0.000 ns)
	'add' operation 7 bit ('add_ln122', top.cpp:122) [246]  (0.897 ns)
	'store' operation 0 bit ('store_ln122', top.cpp:122) of variable 'add_ln122', top.cpp:122 on local variable 'j', top.cpp:122 [247]  (0.489 ns)

 <State 2>: 1.352ns
The critical path consists of the following:
	'load' operation 24 bit ('A_17_load', top.cpp:125) on array 'A_17' [55]  (1.352 ns)

 <State 3>: 25.201ns
The critical path consists of the following:
	'load' operation 24 bit ('p_load', top.cpp:125) on local variable 'empty' [30]  (0.000 ns)
	'add' operation 24 bit ('add_ln125', top.cpp:125) [57]  (1.110 ns)
	'select' operation 24 bit ('select_ln125_1', top.cpp:125) [65]  (0.435 ns)
	'add' operation 24 bit ('add_ln125_2', top.cpp:125) [69]  (1.110 ns)
	'select' operation 24 bit ('select_ln125_3', top.cpp:125) [77]  (0.435 ns)
	'add' operation 24 bit ('add_ln125_4', top.cpp:125) [81]  (1.110 ns)
	'select' operation 24 bit ('select_ln125_5', top.cpp:125) [89]  (0.435 ns)
	'add' operation 24 bit ('add_ln125_6', top.cpp:125) [93]  (1.110 ns)
	'select' operation 24 bit ('select_ln125_7', top.cpp:125) [101]  (0.435 ns)
	'add' operation 25 bit ('add_ln125_9', top.cpp:125) [106]  (1.110 ns)
	'xor' operation 1 bit ('xor_ln125_9', top.cpp:125) [111]  (0.000 ns)
	'select' operation 24 bit ('select_ln125_9', top.cpp:125) [113]  (0.435 ns)
	'add' operation 24 bit ('add_ln125_10', top.cpp:125) [117]  (1.110 ns)
	'select' operation 24 bit ('select_ln125_11', top.cpp:125) [125]  (0.435 ns)
	'add' operation 24 bit ('add_ln125_12', top.cpp:125) [129]  (1.110 ns)
	'select' operation 24 bit ('select_ln125_13', top.cpp:125) [137]  (0.435 ns)
	'add' operation 24 bit ('add_ln125_14', top.cpp:125) [141]  (1.110 ns)
	'select' operation 24 bit ('select_ln125_15', top.cpp:125) [149]  (0.435 ns)
	'add' operation 24 bit ('add_ln125_16', top.cpp:125) [153]  (1.110 ns)
	'select' operation 24 bit ('select_ln125_17', top.cpp:125) [161]  (0.435 ns)
	'add' operation 24 bit ('add_ln125_18', top.cpp:125) [165]  (1.110 ns)
	'select' operation 24 bit ('select_ln125_19', top.cpp:125) [173]  (0.435 ns)
	'add' operation 25 bit ('add_ln125_21', top.cpp:125) [178]  (1.110 ns)
	'xor' operation 1 bit ('xor_ln125_21', top.cpp:125) [183]  (0.000 ns)
	'select' operation 24 bit ('select_ln125_21', top.cpp:125) [185]  (0.435 ns)
	'add' operation 24 bit ('add_ln125_22', top.cpp:125) [189]  (1.110 ns)
	'select' operation 24 bit ('select_ln125_23', top.cpp:125) [197]  (0.435 ns)
	'add' operation 24 bit ('add_ln125_24', top.cpp:125) [201]  (1.110 ns)
	'select' operation 24 bit ('select_ln125_25', top.cpp:125) [209]  (0.435 ns)
	'add' operation 24 bit ('add_ln125_26', top.cpp:125) [213]  (1.110 ns)
	'select' operation 24 bit ('select_ln125_27', top.cpp:125) [221]  (0.435 ns)
	'add' operation 24 bit ('add_ln125_28', top.cpp:125) [225]  (1.110 ns)
	'select' operation 24 bit ('select_ln125_29', top.cpp:125) [233]  (0.435 ns)
	'add' operation 24 bit ('add_ln125_30', top.cpp:125) [237]  (1.110 ns)
	'select' operation 24 bit ('select_ln125_31', top.cpp:125) [245]  (0.435 ns)
	'store' operation 0 bit ('store_ln125', top.cpp:125) of variable 'select_ln125_31', top.cpp:125 on local variable 'empty' [248]  (0.489 ns)


============================================================
+ Verbose Summary: Binding
============================================================
N/A
* FSMD analyzer results:
  - Output states:
 - Input state : 
  - Chain level:
	State 1
	State 2
	State 3


============================================================
+ Verbose Summary: Datapath Resource usage 
============================================================
N/A
