  **** HLS Build v2025.1.1 6214317
Sourcing Tcl script '/nethome/asandeep6/FPGA_ECE8893/2026_Spring/lab2/script.tcl'
INFO: [HLS 200-1510] Running: open_component project_1 
INFO: [HLS 200-10] Creating and opening component '/nethome/asandeep6/FPGA_ECE8893/2026_Spring/lab2/project_1'.
INFO: [HLS 200-1505] Using default flow_target 'vivado'
Resolution: For help on HLS 200-1505 see docs.xilinx.com/access/sources/dita/topic?Doc_Version=2025.1%20English&url=ug1448-hls-guidance&resourceid=200-1505.html
INFO: [HLS 200-2176] Writing Vitis IDE component file /nethome/asandeep6/FPGA_ECE8893/2026_Spring/lab2/project_1/vitis-comp.json
INFO: [HLS 200-1915] Writing HLS config ini file /nethome/asandeep6/FPGA_ECE8893/2026_Spring/lab2/project_1/hls_config.cfg
INFO: [HLS 200-1510] Running: set_top top_kernel 
INFO: [HLS 200-1510] Running: add_files top.cpp 
INFO: [HLS 200-10] Adding design file 'top.cpp' to the project
INFO: [HLS 200-1510] Running: add_files -tb host.cpp 
INFO: [HLS 200-10] Adding test bench file 'host.cpp' to the project
INFO: [HLS 200-1510] Running: config_unroll -tripcount_threshold 0 
INFO: [XFORM 203-502] Automatic unrolling disabled.
INFO: [HLS 200-1510] Running: config_compile -pipeline_loops 0 
INFO: [HLS 200-1510] Running: set_part xczu3eg-sbva484-1-e 
INFO: [HLS 200-1611] Setting target device to 'xczu3eg-sbva484-1-e'
INFO: [HLS 200-1510] Running: csynth_design 
INFO: [HLS 200-1915] Writing HLS config ini file /nethome/asandeep6/FPGA_ECE8893/2026_Spring/lab2/project_1/hls_config.cfg
INFO: [HLS 200-111] Finished File checks and directory preparation: CPU user time: 0.43 seconds. CPU system time: 0.12 seconds. Elapsed time: 8.1 seconds; current allocated memory: 674.344 MB.
INFO: [HLS 200-10] Analyzing design file 'top.cpp' ... 
WARNING: [HLS 214-111] Static scalars and arrays declared inside a dataflow region will be treated like local variables (top.cpp:81:16)
Resolution: For help on HLS 214-111 see docs.xilinx.com/access/sources/dita/topic?Doc_Version=2025.1%20English&url=ug1448-hls-guidance&resourceid=214-111.html
WARNING: [HLS 214-111] Static scalars and arrays declared inside a dataflow region will be treated like local variables (top.cpp:84:16)
Resolution: For help on HLS 214-111 see docs.xilinx.com/access/sources/dita/topic?Doc_Version=2025.1%20English&url=ug1448-hls-guidance&resourceid=214-111.html
WARNING: [HLS 214-114] Since the only kind of statements allowed in a canonical dataflow region are variable declarations and function calls, the compiler may not be able to correctly handle the region (top.cpp:91:9)
Resolution: For help on HLS 214-114 see docs.xilinx.com/access/sources/dita/topic?Doc_Version=2025.1%20English&url=ug1448-hls-guidance&resourceid=214-114.html
WARNING: [HLS 200-471] Dataflow form checks found 3 issue(s) in file top.cpp
Resolution: For help on HLS 200-471 see docs.xilinx.com/access/sources/dita/topic?Doc_Version=2025.1%20English&url=ug1448-hls-guidance&resourceid=200-471.html
INFO: [HLS 200-111] Finished Source Code Analysis and Preprocessing: CPU user time: 5.91 seconds. CPU system time: 1.06 seconds. Elapsed time: 7.11 seconds; current allocated memory: 676.293 MB.
INFO: [HLS 200-777] Using interface defaults for 'Vivado' flow target.
INFO: [HLS 200-1995] There were 6,843 instructions in the design after the 'Compile/Link' phase of compilation. See the Design Size Report for more details (/nethome/asandeep6/FPGA_ECE8893/2026_Spring/lab2/project_1/hls/syn/report/csynth_design_size.rpt:2)
INFO: [HLS 200-1995] There were 724 instructions in the design after the 'Unroll/Inline (step 1)' phase of compilation. See the Design Size Report for more details (/nethome/asandeep6/FPGA_ECE8893/2026_Spring/lab2/project_1/hls/syn/report/csynth_design_size.rpt:2)
INFO: [HLS 200-1995] There were 380 instructions in the design after the 'Unroll/Inline (step 2)' phase of compilation. See the Design Size Report for more details (/nethome/asandeep6/FPGA_ECE8893/2026_Spring/lab2/project_1/hls/syn/report/csynth_design_size.rpt:2)
INFO: [HLS 200-1995] There were 327 instructions in the design after the 'Unroll/Inline (step 3)' phase of compilation. See the Design Size Report for more details (/nethome/asandeep6/FPGA_ECE8893/2026_Spring/lab2/project_1/hls/syn/report/csynth_design_size.rpt:2)
INFO: [HLS 200-1995] There were 305 instructions in the design after the 'Unroll/Inline (step 4)' phase of compilation. See the Design Size Report for more details (/nethome/asandeep6/FPGA_ECE8893/2026_Spring/lab2/project_1/hls/syn/report/csynth_design_size.rpt:2)
INFO: [HLS 200-1995] There were 1,406 instructions in the design after the 'Array/Struct (step 1)' phase of compilation. See the Design Size Report for more details (/nethome/asandeep6/FPGA_ECE8893/2026_Spring/lab2/project_1/hls/syn/report/csynth_design_size.rpt:2)
INFO: [HLS 200-1995] There were 1,316 instructions in the design after the 'Array/Struct (step 2)' phase of compilation. See the Design Size Report for more details (/nethome/asandeep6/FPGA_ECE8893/2026_Spring/lab2/project_1/hls/syn/report/csynth_design_size.rpt:2)
INFO: [HLS 200-1995] There were 1,319 instructions in the design after the 'Array/Struct (step 3)' phase of compilation. See the Design Size Report for more details (/nethome/asandeep6/FPGA_ECE8893/2026_Spring/lab2/project_1/hls/syn/report/csynth_design_size.rpt:2)
INFO: [HLS 200-1995] There were 1,322 instructions in the design after the 'Array/Struct (step 4)' phase of compilation. See the Design Size Report for more details (/nethome/asandeep6/FPGA_ECE8893/2026_Spring/lab2/project_1/hls/syn/report/csynth_design_size.rpt:2)
INFO: [HLS 200-1995] There were 1,330 instructions in the design after the 'Array/Struct (step 5)' phase of compilation. See the Design Size Report for more details (/nethome/asandeep6/FPGA_ECE8893/2026_Spring/lab2/project_1/hls/syn/report/csynth_design_size.rpt:2)
INFO: [HLS 200-1995] There were 1,328 instructions in the design after the 'Performance (step 1)' phase of compilation. See the Design Size Report for more details (/nethome/asandeep6/FPGA_ECE8893/2026_Spring/lab2/project_1/hls/syn/report/csynth_design_size.rpt:2)
INFO: [HLS 200-1995] There were 1,328 instructions in the design after the 'Performance (step 2)' phase of compilation. See the Design Size Report for more details (/nethome/asandeep6/FPGA_ECE8893/2026_Spring/lab2/project_1/hls/syn/report/csynth_design_size.rpt:2)
INFO: [HLS 200-1995] There were 5,920 instructions in the design after the 'Performance (step 3)' phase of compilation. See the Design Size Report for more details (/nethome/asandeep6/FPGA_ECE8893/2026_Spring/lab2/project_1/hls/syn/report/csynth_design_size.rpt:2)
INFO: [HLS 200-1995] There were 4,360 instructions in the design after the 'Performance (step 4)' phase of compilation. See the Design Size Report for more details (/nethome/asandeep6/FPGA_ECE8893/2026_Spring/lab2/project_1/hls/syn/report/csynth_design_size.rpt:2)
INFO: [HLS 200-1995] There were 4,364 instructions in the design after the 'HW Transforms (step 1)' phase of compilation. See the Design Size Report for more details (/nethome/asandeep6/FPGA_ECE8893/2026_Spring/lab2/project_1/hls/syn/report/csynth_design_size.rpt:2)
INFO: [HLS 200-1995] There were 4,313 instructions in the design after the 'HW Transforms (step 2)' phase of compilation. See the Design Size Report for more details (/nethome/asandeep6/FPGA_ECE8893/2026_Spring/lab2/project_1/hls/syn/report/csynth_design_size.rpt:2)
INFO: [HLS 214-248] Applying array_partition to '_ZZ10top_kernelPA256_K8ap_fixedILi24ELi8EL9ap_q_mode0EL9ap_o_mode0ELi0EEPA256_S2_E5mem_B': Cyclic partitioning with factor 16 on dimension 2. (top.cpp:84:0)
INFO: [HLS 214-248] Applying array_partition to '_ZZ10top_kernelPA256_K8ap_fixedILi24ELi8EL9ap_q_mode0EL9ap_o_mode0ELi0EEPA256_S2_E5mem_A': Cyclic partitioning with factor 16 on dimension 2. (top.cpp:81:0)
INFO: [HLS 214-241] Aggregating maxi variable 'A_out' with compact=none mode in 32-bits
INFO: [HLS 214-241] Aggregating maxi variable 'A_in' with compact=none mode in 32-bits
INFO: [HLS 214-437] Automatically disabling loop flattening for loop 'compute_loop'. (top.cpp:107:13)
INFO: [HLS 214-270] Inferring pragma 'array_partition type=cyclic factor=3 dim=1' for array 'top_kernel(ap_fixed<24, 8, (ap_q_mode)0, (ap_o_mode)0, 0> const (*) [256], ap_fixed<24, 8, (ap_q_mode)0, (ap_o_mode)0, 0> (*) [256])::mem_A' due to pipeline pragma (top.cpp:112:9)
INFO: [HLS 214-270] Inferring pragma 'array_partition type=cyclic factor=3 dim=1' for array '_ZZ10top_kernelPA256_K8ap_fixedILi24ELi8EL9ap_q_mode0EL9ap_o_mode0ELi0EEPA256_S2_E5mem_A_10' due to pipeline pragma (top.cpp:112:9)
INFO: [HLS 214-270] Inferring pragma 'array_partition type=cyclic factor=3 dim=1' for array '_ZZ10top_kernelPA256_K8ap_fixedILi24ELi8EL9ap_q_mode0EL9ap_o_mode0ELi0EEPA256_S2_E5mem_A_11' due to pipeline pragma (top.cpp:112:9)
INFO: [HLS 214-270] Inferring pragma 'array_partition type=cyclic factor=3 dim=1' for array '_ZZ10top_kernelPA256_K8ap_fixedILi24ELi8EL9ap_q_mode0EL9ap_o_mode0ELi0EEPA256_S2_E5mem_A_12' due to pipeline pragma (top.cpp:112:9)
INFO: [HLS 214-270] Inferring pragma 'array_partition type=cyclic factor=3 dim=1' for array '_ZZ10top_kernelPA256_K8ap_fixedILi24ELi8EL9ap_q_mode0EL9ap_o_mode0ELi0EEPA256_S2_E5mem_A_13' due to pipeline pragma (top.cpp:112:9)
INFO: [HLS 214-270] Inferring pragma 'array_partition type=cyclic factor=3 dim=1' for array '_ZZ10top_kernelPA256_K8ap_fixedILi24ELi8EL9ap_q_mode0EL9ap_o_mode0ELi0EEPA256_S2_E5mem_A_14' due to pipeline pragma (top.cpp:112:9)
INFO: [HLS 214-270] Inferring pragma 'array_partition type=cyclic factor=3 dim=1' for array '_ZZ10top_kernelPA256_K8ap_fixedILi24ELi8EL9ap_q_mode0EL9ap_o_mode0ELi0EEPA256_S2_E5mem_A_15' due to pipeline pragma (top.cpp:112:9)
INFO: [HLS 214-270] Inferring pragma 'array_partition type=cyclic factor=3 dim=1' for array 'top_kernel(ap_fixed<24, 8, (ap_q_mode)0, (ap_o_mode)0, 0> const (*) [256], ap_fixed<24, 8, (ap_q_mode)0, (ap_o_mode)0, 0> (*) [256])::mem_B' due to pipeline pragma (top.cpp:112:9)
INFO: [HLS 214-270] Inferring pragma 'array_partition type=cyclic factor=3 dim=1' for array '_ZZ10top_kernelPA256_K8ap_fixedILi24ELi8EL9ap_q_mode0EL9ap_o_mode0ELi0EEPA256_S2_E5mem_B_10' due to pipeline pragma (top.cpp:112:9)
INFO: [HLS 214-270] Inferring pragma 'array_partition type=cyclic factor=3 dim=1' for array '_ZZ10top_kernelPA256_K8ap_fixedILi24ELi8EL9ap_q_mode0EL9ap_o_mode0ELi0EEPA256_S2_E5mem_B_11' due to pipeline pragma (top.cpp:112:9)
INFO: [HLS 214-270] Inferring pragma 'array_partition type=cyclic factor=3 dim=1' for array '_ZZ10top_kernelPA256_K8ap_fixedILi24ELi8EL9ap_q_mode0EL9ap_o_mode0ELi0EEPA256_S2_E5mem_B_12' due to pipeline pragma (top.cpp:112:9)
INFO: [HLS 214-270] Inferring pragma 'array_partition type=cyclic factor=3 dim=1' for array '_ZZ10top_kernelPA256_K8ap_fixedILi24ELi8EL9ap_q_mode0EL9ap_o_mode0ELi0EEPA256_S2_E5mem_B_13' due to pipeline pragma (top.cpp:112:9)
INFO: [HLS 214-270] Inferring pragma 'array_partition type=cyclic factor=3 dim=1' for array '_ZZ10top_kernelPA256_K8ap_fixedILi24ELi8EL9ap_q_mode0EL9ap_o_mode0ELi0EEPA256_S2_E5mem_B_14' due to pipeline pragma (top.cpp:112:9)
INFO: [HLS 214-270] Inferring pragma 'array_partition type=cyclic factor=3 dim=1' for array '_ZZ10top_kernelPA256_K8ap_fixedILi24ELi8EL9ap_q_mode0EL9ap_o_mode0ELi0EEPA256_S2_E5mem_B_15' due to pipeline pragma (top.cpp:112:9)
INFO: [HLS 214-248] Applying array_partition to '_ZZ10top_kernelPA256_K8ap_fixedILi24ELi8EL9ap_q_mode0EL9ap_o_mode0ELi0EEPA256_S2_E5mem_B_9': Cyclic partitioning with factor 3 on dimension 1.
INFO: [HLS 214-248] Applying array_partition to '_ZZ10top_kernelPA256_K8ap_fixedILi24ELi8EL9ap_q_mode0EL9ap_o_mode0ELi0EEPA256_S2_E5mem_B_8': Cyclic partitioning with factor 3 on dimension 1.
INFO: [HLS 214-248] Applying array_partition to '_ZZ10top_kernelPA256_K8ap_fixedILi24ELi8EL9ap_q_mode0EL9ap_o_mode0ELi0EEPA256_S2_E5mem_B_7': Cyclic partitioning with factor 3 on dimension 1.
INFO: [HLS 214-248] Applying array_partition to '_ZZ10top_kernelPA256_K8ap_fixedILi24ELi8EL9ap_q_mode0EL9ap_o_mode0ELi0EEPA256_S2_E5mem_B_6': Cyclic partitioning with factor 3 on dimension 1.
INFO: [HLS 214-248] Applying array_partition to '_ZZ10top_kernelPA256_K8ap_fixedILi24ELi8EL9ap_q_mode0EL9ap_o_mode0ELi0EEPA256_S2_E5mem_B_5': Cyclic partitioning with factor 3 on dimension 1.
INFO: [HLS 214-248] Applying array_partition to '_ZZ10top_kernelPA256_K8ap_fixedILi24ELi8EL9ap_q_mode0EL9ap_o_mode0ELi0EEPA256_S2_E5mem_B_4': Cyclic partitioning with factor 3 on dimension 1.
INFO: [HLS 214-248] Applying array_partition to '_ZZ10top_kernelPA256_K8ap_fixedILi24ELi8EL9ap_q_mode0EL9ap_o_mode0ELi0EEPA256_S2_E5mem_B_3': Cyclic partitioning with factor 3 on dimension 1.
INFO: [HLS 214-248] Applying array_partition to '_ZZ10top_kernelPA256_K8ap_fixedILi24ELi8EL9ap_q_mode0EL9ap_o_mode0ELi0EEPA256_S2_E5mem_B_2': Cyclic partitioning with factor 3 on dimension 1.
INFO: [HLS 214-248] Applying array_partition to '_ZZ10top_kernelPA256_K8ap_fixedILi24ELi8EL9ap_q_mode0EL9ap_o_mode0ELi0EEPA256_S2_E5mem_B_15': Cyclic partitioning with factor 3 on dimension 1.
INFO: [HLS 214-248] Applying array_partition to '_ZZ10top_kernelPA256_K8ap_fixedILi24ELi8EL9ap_q_mode0EL9ap_o_mode0ELi0EEPA256_S2_E5mem_B_14': Cyclic partitioning with factor 3 on dimension 1.
INFO: [HLS 214-248] Applying array_partition to '_ZZ10top_kernelPA256_K8ap_fixedILi24ELi8EL9ap_q_mode0EL9ap_o_mode0ELi0EEPA256_S2_E5mem_B_13': Cyclic partitioning with factor 3 on dimension 1.
INFO: [HLS 214-248] Applying array_partition to '_ZZ10top_kernelPA256_K8ap_fixedILi24ELi8EL9ap_q_mode0EL9ap_o_mode0ELi0EEPA256_S2_E5mem_B_12': Cyclic partitioning with factor 3 on dimension 1.
INFO: [HLS 214-248] Applying array_partition to '_ZZ10top_kernelPA256_K8ap_fixedILi24ELi8EL9ap_q_mode0EL9ap_o_mode0ELi0EEPA256_S2_E5mem_B_11': Cyclic partitioning with factor 3 on dimension 1.
INFO: [HLS 214-248] Applying array_partition to '_ZZ10top_kernelPA256_K8ap_fixedILi24ELi8EL9ap_q_mode0EL9ap_o_mode0ELi0EEPA256_S2_E5mem_B_10': Cyclic partitioning with factor 3 on dimension 1.
INFO: [HLS 214-248] Applying array_partition to '_ZZ10top_kernelPA256_K8ap_fixedILi24ELi8EL9ap_q_mode0EL9ap_o_mode0ELi0EEPA256_S2_E5mem_B_1': Cyclic partitioning with factor 3 on dimension 1.
INFO: [HLS 214-248] Applying array_partition to '_ZZ10top_kernelPA256_K8ap_fixedILi24ELi8EL9ap_q_mode0EL9ap_o_mode0ELi0EEPA256_S2_E5mem_B_0': Cyclic partitioning with factor 3 on dimension 1.
INFO: [HLS 214-248] Applying array_partition to '_ZZ10top_kernelPA256_K8ap_fixedILi24ELi8EL9ap_q_mode0EL9ap_o_mode0ELi0EEPA256_S2_E5mem_A_9': Cyclic partitioning with factor 3 on dimension 1.
INFO: [HLS 214-248] Applying array_partition to '_ZZ10top_kernelPA256_K8ap_fixedILi24ELi8EL9ap_q_mode0EL9ap_o_mode0ELi0EEPA256_S2_E5mem_A_8': Cyclic partitioning with factor 3 on dimension 1.
INFO: [HLS 214-248] Applying array_partition to '_ZZ10top_kernelPA256_K8ap_fixedILi24ELi8EL9ap_q_mode0EL9ap_o_mode0ELi0EEPA256_S2_E5mem_A_7': Cyclic partitioning with factor 3 on dimension 1.
INFO: [HLS 214-248] Applying array_partition to '_ZZ10top_kernelPA256_K8ap_fixedILi24ELi8EL9ap_q_mode0EL9ap_o_mode0ELi0EEPA256_S2_E5mem_A_6': Cyclic partitioning with factor 3 on dimension 1.
INFO: [HLS 214-248] Applying array_partition to '_ZZ10top_kernelPA256_K8ap_fixedILi24ELi8EL9ap_q_mode0EL9ap_o_mode0ELi0EEPA256_S2_E5mem_A_5': Cyclic partitioning with factor 3 on dimension 1.
INFO: [HLS 214-248] Applying array_partition to '_ZZ10top_kernelPA256_K8ap_fixedILi24ELi8EL9ap_q_mode0EL9ap_o_mode0ELi0EEPA256_S2_E5mem_A_4': Cyclic partitioning with factor 3 on dimension 1.
INFO: [HLS 214-248] Applying array_partition to '_ZZ10top_kernelPA256_K8ap_fixedILi24ELi8EL9ap_q_mode0EL9ap_o_mode0ELi0EEPA256_S2_E5mem_A_3': Cyclic partitioning with factor 3 on dimension 1.
INFO: [HLS 214-248] Applying array_partition to '_ZZ10top_kernelPA256_K8ap_fixedILi24ELi8EL9ap_q_mode0EL9ap_o_mode0ELi0EEPA256_S2_E5mem_A_2': Cyclic partitioning with factor 3 on dimension 1.
INFO: [HLS 214-248] Applying array_partition to '_ZZ10top_kernelPA256_K8ap_fixedILi24ELi8EL9ap_q_mode0EL9ap_o_mode0ELi0EEPA256_S2_E5mem_A_15': Cyclic partitioning with factor 3 on dimension 1.
INFO: [HLS 214-248] Applying array_partition to '_ZZ10top_kernelPA256_K8ap_fixedILi24ELi8EL9ap_q_mode0EL9ap_o_mode0ELi0EEPA256_S2_E5mem_A_14': Cyclic partitioning with factor 3 on dimension 1.
INFO: [HLS 214-248] Applying array_partition to '_ZZ10top_kernelPA256_K8ap_fixedILi24ELi8EL9ap_q_mode0EL9ap_o_mode0ELi0EEPA256_S2_E5mem_A_13': Cyclic partitioning with factor 3 on dimension 1.
INFO: [HLS 214-248] Applying array_partition to '_ZZ10top_kernelPA256_K8ap_fixedILi24ELi8EL9ap_q_mode0EL9ap_o_mode0ELi0EEPA256_S2_E5mem_A_12': Cyclic partitioning with factor 3 on dimension 1.
INFO: [HLS 214-248] Applying array_partition to '_ZZ10top_kernelPA256_K8ap_fixedILi24ELi8EL9ap_q_mode0EL9ap_o_mode0ELi0EEPA256_S2_E5mem_A_11': Cyclic partitioning with factor 3 on dimension 1.
INFO: [HLS 214-248] Applying array_partition to '_ZZ10top_kernelPA256_K8ap_fixedILi24ELi8EL9ap_q_mode0EL9ap_o_mode0ELi0EEPA256_S2_E5mem_A_10': Cyclic partitioning with factor 3 on dimension 1.
INFO: [HLS 214-248] Applying array_partition to '_ZZ10top_kernelPA256_K8ap_fixedILi24ELi8EL9ap_q_mode0EL9ap_o_mode0ELi0EEPA256_S2_E5mem_A_1': Cyclic partitioning with factor 3 on dimension 1.
INFO: [HLS 214-248] Applying array_partition to '_ZZ10top_kernelPA256_K8ap_fixedILi24ELi8EL9ap_q_mode0EL9ap_o_mode0ELi0EEPA256_S2_E5mem_A_0': Cyclic partitioning with factor 3 on dimension 1.
INFO: [HLS 214-115] Multiple burst reads of length 65536 and bit width 32 in loop 'load_loop'(top.cpp:96:13) has been inferred on bundle 'gmem0'. These burst requests might be further partitioned into multiple requests during RTL generation, based on max_read_burst_length or max_write_burst_length settings. (top.cpp:96:13)
INFO: [HLS 214-115] Multiple burst writes of length 65536 and bit width 32 in loop 'store_loop'(top.cpp:156:13) has been inferred on bundle 'gmem1'. These burst requests might be further partitioned into multiple requests during RTL generation, based on max_read_burst_length or max_write_burst_length settings. (top.cpp:156:13)
INFO: [HLS 214-455] Changing loop 'Loop_load_loop_proc' (top.cpp:96:13) to a process function for dataflow in function 'top_kernel' (top.cpp:96:13)
INFO: [HLS 214-455] Changing loop 'Loop_compute_loop_proc' (top.cpp:107:13) to a process function for dataflow in function 'top_kernel' (top.cpp:107:13)
INFO: [HLS 214-455] Changing loop 'Loop_store_loop_proc' (top.cpp:156:13) to a process function for dataflow in function 'top_kernel' (top.cpp:156:13)
WARNING: [HLS 214-475] Merging processes 'Loop_compute_loop_proc' and 'Loop_load_loop_proc' in function 'top_kernel' due to writes on '_ZZ10top_kernelPA256_K8ap_fixedILi24ELi8EL9ap_q_mode0EL9ap_o_mode0ELi0EEPA256_S2_E5mem_A_0_0' (top.cpp:76:0)
INFO: [HLS 200-111] Finished Compiling Optimization and Transform: CPU user time: 9.01 seconds. CPU system time: 1.16 seconds. Elapsed time: 15.32 seconds; current allocated memory: 687.762 MB.
INFO: [HLS 200-111] Finished Checking Pragmas: CPU user time: 0 seconds. CPU system time: 0 seconds. Elapsed time: 0 seconds; current allocated memory: 687.762 MB.
INFO: [HLS 200-10] Starting code transformations ...
INFO: [HLS 200-111] Finished Standard Transforms: CPU user time: 0.88 seconds. CPU system time: 0.01 seconds. Elapsed time: 0.9 seconds; current allocated memory: 691.668 MB.
INFO: [HLS 200-10] Checking synthesizability ...
INFO: [HLS 200-111] Finished Checking Synthesizability: CPU user time: 0.68 seconds. CPU system time: 0.01 seconds. Elapsed time: 0.71 seconds; current allocated memory: 699.312 MB.
ERROR: [HLS 200-968] Internal global variable '_ZZ10top_kernelPA256_K8ap_fixedILi24ELi8EL9ap_q_mode0EL9ap_o_mode0ELi0EEPA256_S2_E5mem_A_0_0' failed dataflow checking: it can only be read in one process function.
INFO: [HLS 200-992] Internal global variable '_ZZ10top_kernelPA256_K8ap_fixedILi24ELi8EL9ap_q_mode0EL9ap_o_mode0ELi0EEPA256_S2_E5mem_A_0_0' has read and write operations in process function 'Block_entry_proc' (top.cpp:96:29) (around top.cpp:96).
Resolution: For help on HLS 200-992 see docs.xilinx.com/access/sources/dita/topic?Doc_Version=2025.1%20English&url=ug1448-hls-guidance&resourceid=200-992.html
INFO: [HLS 200-992] Internal global variable '_ZZ10top_kernelPA256_K8ap_fixedILi24ELi8EL9ap_q_mode0EL9ap_o_mode0ELi0EEPA256_S2_E5mem_A_0_0' has read operations in process function 'Loop_store_loop_proc' (top.cpp:156:35) (around top.cpp:156).
Resolution: For help on HLS 200-992 see docs.xilinx.com/access/sources/dita/topic?Doc_Version=2025.1%20English&url=ug1448-hls-guidance&resourceid=200-992.html
ERROR: [HLS 200-968] Internal global variable '_ZZ10top_kernelPA256_K8ap_fixedILi24ELi8EL9ap_q_mode0EL9ap_o_mode0ELi0EEPA256_S2_E5mem_A_0_1' failed dataflow checking: it can only be read in one process function.
INFO: [HLS 200-992] Internal global variable '_ZZ10top_kernelPA256_K8ap_fixedILi24ELi8EL9ap_q_mode0EL9ap_o_mode0ELi0EEPA256_S2_E5mem_A_0_1' has read and write operations in process function 'Block_entry_proc' (top.cpp:96:29) (around top.cpp:96).
Resolution: For help on HLS 200-992 see docs.xilinx.com/access/sources/dita/topic?Doc_Version=2025.1%20English&url=ug1448-hls-guidance&resourceid=200-992.html
INFO: [HLS 200-992] Internal global variable '_ZZ10top_kernelPA256_K8ap_fixedILi24ELi8EL9ap_q_mode0EL9ap_o_mode0ELi0EEPA256_S2_E5mem_A_0_1' has read operations in process function 'Loop_store_loop_proc' (top.cpp:156:35) (around top.cpp:156).
Resolution: For help on HLS 200-992 see docs.xilinx.com/access/sources/dita/topic?Doc_Version=2025.1%20English&url=ug1448-hls-guidance&resourceid=200-992.html
ERROR: [HLS 200-968] Internal global variable '_ZZ10top_kernelPA256_K8ap_fixedILi24ELi8EL9ap_q_mode0EL9ap_o_mode0ELi0EEPA256_S2_E5mem_A_0_2' failed dataflow checking: it can only be read in one process function.
INFO: [HLS 200-992] Internal global variable '_ZZ10top_kernelPA256_K8ap_fixedILi24ELi8EL9ap_q_mode0EL9ap_o_mode0ELi0EEPA256_S2_E5mem_A_0_2' has read and write operations in process function 'Block_entry_proc' (top.cpp:96:29) (around top.cpp:96).
Resolution: For help on HLS 200-992 see docs.xilinx.com/access/sources/dita/topic?Doc_Version=2025.1%20English&url=ug1448-hls-guidance&resourceid=200-992.html
INFO: [HLS 200-992] Internal global variable '_ZZ10top_kernelPA256_K8ap_fixedILi24ELi8EL9ap_q_mode0EL9ap_o_mode0ELi0EEPA256_S2_E5mem_A_0_2' has read operations in process function 'Loop_store_loop_proc' (top.cpp:156:35) (around top.cpp:156).
Resolution: For help on HLS 200-992 see docs.xilinx.com/access/sources/dita/topic?Doc_Version=2025.1%20English&url=ug1448-hls-guidance&resourceid=200-992.html
ERROR: [HLS 200-968] Internal global variable '_ZZ10top_kernelPA256_K8ap_fixedILi24ELi8EL9ap_q_mode0EL9ap_o_mode0ELi0EEPA256_S2_E5mem_A_10_0' failed dataflow checking: it can only be read in one process function.
INFO: [HLS 200-992] Internal global variable '_ZZ10top_kernelPA256_K8ap_fixedILi24ELi8EL9ap_q_mode0EL9ap_o_mode0ELi0EEPA256_S2_E5mem_A_10_0' has read and write operations in process function 'Block_entry_proc' (top.cpp:96:29) (around top.cpp:96).
Resolution: For help on HLS 200-992 see docs.xilinx.com/access/sources/dita/topic?Doc_Version=2025.1%20English&url=ug1448-hls-guidance&resourceid=200-992.html
INFO: [HLS 200-992] Internal global variable '_ZZ10top_kernelPA256_K8ap_fixedILi24ELi8EL9ap_q_mode0EL9ap_o_mode0ELi0EEPA256_S2_E5mem_A_10_0' has read operations in process function 'Loop_store_loop_proc' (top.cpp:156:35) (around top.cpp:156).
Resolution: For help on HLS 200-992 see docs.xilinx.com/access/sources/dita/topic?Doc_Version=2025.1%20English&url=ug1448-hls-guidance&resourceid=200-992.html
ERROR: [HLS 200-968] Internal global variable '_ZZ10top_kernelPA256_K8ap_fixedILi24ELi8EL9ap_q_mode0EL9ap_o_mode0ELi0EEPA256_S2_E5mem_A_10_1' failed dataflow checking: it can only be read in one process function.
INFO: [HLS 200-992] Internal global variable '_ZZ10top_kernelPA256_K8ap_fixedILi24ELi8EL9ap_q_mode0EL9ap_o_mode0ELi0EEPA256_S2_E5mem_A_10_1' has read and write operations in process function 'Block_entry_proc' (top.cpp:96:29) (around top.cpp:96).
Resolution: For help on HLS 200-992 see docs.xilinx.com/access/sources/dita/topic?Doc_Version=2025.1%20English&url=ug1448-hls-guidance&resourceid=200-992.html
INFO: [HLS 200-992] Internal global variable '_ZZ10top_kernelPA256_K8ap_fixedILi24ELi8EL9ap_q_mode0EL9ap_o_mode0ELi0EEPA256_S2_E5mem_A_10_1' has read operations in process function 'Loop_store_loop_proc' (top.cpp:156:35) (around top.cpp:156).
Resolution: For help on HLS 200-992 see docs.xilinx.com/access/sources/dita/topic?Doc_Version=2025.1%20English&url=ug1448-hls-guidance&resourceid=200-992.html
ERROR: [HLS 200-968] Internal global variable '_ZZ10top_kernelPA256_K8ap_fixedILi24ELi8EL9ap_q_mode0EL9ap_o_mode0ELi0EEPA256_S2_E5mem_A_10_2' failed dataflow checking: it can only be read in one process function.
INFO: [HLS 200-992] Internal global variable '_ZZ10top_kernelPA256_K8ap_fixedILi24ELi8EL9ap_q_mode0EL9ap_o_mode0ELi0EEPA256_S2_E5mem_A_10_2' has read and write operations in process function 'Block_entry_proc' (top.cpp:96:29) (around top.cpp:96).
Resolution: For help on HLS 200-992 see docs.xilinx.com/access/sources/dita/topic?Doc_Version=2025.1%20English&url=ug1448-hls-guidance&resourceid=200-992.html
INFO: [HLS 200-992] Internal global variable '_ZZ10top_kernelPA256_K8ap_fixedILi24ELi8EL9ap_q_mode0EL9ap_o_mode0ELi0EEPA256_S2_E5mem_A_10_2' has read operations in process function 'Loop_store_loop_proc' (top.cpp:156:35) (around top.cpp:156).
Resolution: For help on HLS 200-992 see docs.xilinx.com/access/sources/dita/topic?Doc_Version=2025.1%20English&url=ug1448-hls-guidance&resourceid=200-992.html
ERROR: [HLS 200-968] Internal global variable '_ZZ10top_kernelPA256_K8ap_fixedILi24ELi8EL9ap_q_mode0EL9ap_o_mode0ELi0EEPA256_S2_E5mem_A_11_0' failed dataflow checking: it can only be read in one process function.
INFO: [HLS 200-992] Internal global variable '_ZZ10top_kernelPA256_K8ap_fixedILi24ELi8EL9ap_q_mode0EL9ap_o_mode0ELi0EEPA256_S2_E5mem_A_11_0' has read and write operations in process function 'Block_entry_proc' (top.cpp:96:29) (around top.cpp:96).
Resolution: For help on HLS 200-992 see docs.xilinx.com/access/sources/dita/topic?Doc_Version=2025.1%20English&url=ug1448-hls-guidance&resourceid=200-992.html
INFO: [HLS 200-992] Internal global variable '_ZZ10top_kernelPA256_K8ap_fixedILi24ELi8EL9ap_q_mode0EL9ap_o_mode0ELi0EEPA256_S2_E5mem_A_11_0' has read operations in process function 'Loop_store_loop_proc' (top.cpp:156:35) (around top.cpp:156).
Resolution: For help on HLS 200-992 see docs.xilinx.com/access/sources/dita/topic?Doc_Version=2025.1%20English&url=ug1448-hls-guidance&resourceid=200-992.html
ERROR: [HLS 200-968] Internal global variable '_ZZ10top_kernelPA256_K8ap_fixedILi24ELi8EL9ap_q_mode0EL9ap_o_mode0ELi0EEPA256_S2_E5mem_A_11_1' failed dataflow checking: it can only be read in one process function.
INFO: [HLS 200-992] Internal global variable '_ZZ10top_kernelPA256_K8ap_fixedILi24ELi8EL9ap_q_mode0EL9ap_o_mode0ELi0EEPA256_S2_E5mem_A_11_1' has read and write operations in process function 'Block_entry_proc' (top.cpp:96:29) (around top.cpp:96).
Resolution: For help on HLS 200-992 see docs.xilinx.com/access/sources/dita/topic?Doc_Version=2025.1%20English&url=ug1448-hls-guidance&resourceid=200-992.html
INFO: [HLS 200-992] Internal global variable '_ZZ10top_kernelPA256_K8ap_fixedILi24ELi8EL9ap_q_mode0EL9ap_o_mode0ELi0EEPA256_S2_E5mem_A_11_1' has read operations in process function 'Loop_store_loop_proc' (top.cpp:156:35) (around top.cpp:156).
Resolution: For help on HLS 200-992 see docs.xilinx.com/access/sources/dita/topic?Doc_Version=2025.1%20English&url=ug1448-hls-guidance&resourceid=200-992.html
ERROR: [HLS 200-968] Internal global variable '_ZZ10top_kernelPA256_K8ap_fixedILi24ELi8EL9ap_q_mode0EL9ap_o_mode0ELi0EEPA256_S2_E5mem_A_11_2' failed dataflow checking: it can only be read in one process function.
INFO: [HLS 200-992] Internal global variable '_ZZ10top_kernelPA256_K8ap_fixedILi24ELi8EL9ap_q_mode0EL9ap_o_mode0ELi0EEPA256_S2_E5mem_A_11_2' has read and write operations in process function 'Block_entry_proc' (top.cpp:96:29) (around top.cpp:96).
Resolution: For help on HLS 200-992 see docs.xilinx.com/access/sources/dita/topic?Doc_Version=2025.1%20English&url=ug1448-hls-guidance&resourceid=200-992.html
INFO: [HLS 200-992] Internal global variable '_ZZ10top_kernelPA256_K8ap_fixedILi24ELi8EL9ap_q_mode0EL9ap_o_mode0ELi0EEPA256_S2_E5mem_A_11_2' has read operations in process function 'Loop_store_loop_proc' (top.cpp:156:35) (around top.cpp:156).
Resolution: For help on HLS 200-992 see docs.xilinx.com/access/sources/dita/topic?Doc_Version=2025.1%20English&url=ug1448-hls-guidance&resourceid=200-992.html
ERROR: [HLS 200-968] Internal global variable '_ZZ10top_kernelPA256_K8ap_fixedILi24ELi8EL9ap_q_mode0EL9ap_o_mode0ELi0EEPA256_S2_E5mem_A_13_0' failed dataflow checking: it can only be read in one process function.
INFO: [HLS 200-992] Internal global variable '_ZZ10top_kernelPA256_K8ap_fixedILi24ELi8EL9ap_q_mode0EL9ap_o_mode0ELi0EEPA256_S2_E5mem_A_13_0' has read and write operations in process function 'Block_entry_proc' (top.cpp:96:29) (around top.cpp:96).
Resolution: For help on HLS 200-992 see docs.xilinx.com/access/sources/dita/topic?Doc_Version=2025.1%20English&url=ug1448-hls-guidance&resourceid=200-992.html
INFO: [HLS 200-992] Internal global variable '_ZZ10top_kernelPA256_K8ap_fixedILi24ELi8EL9ap_q_mode0EL9ap_o_mode0ELi0EEPA256_S2_E5mem_A_13_0' has read operations in process function 'Loop_store_loop_proc' (top.cpp:156:35) (around top.cpp:156).
Resolution: For help on HLS 200-992 see docs.xilinx.com/access/sources/dita/topic?Doc_Version=2025.1%20English&url=ug1448-hls-guidance&resourceid=200-992.html
ERROR: [HLS 200-968] Internal global variable '_ZZ10top_kernelPA256_K8ap_fixedILi24ELi8EL9ap_q_mode0EL9ap_o_mode0ELi0EEPA256_S2_E5mem_A_13_1' failed dataflow checking: it can only be read in one process function.
INFO: [HLS 200-992] Internal global variable '_ZZ10top_kernelPA256_K8ap_fixedILi24ELi8EL9ap_q_mode0EL9ap_o_mode0ELi0EEPA256_S2_E5mem_A_13_1' has read and write operations in process function 'Block_entry_proc' (top.cpp:96:29) (around top.cpp:96).
Resolution: For help on HLS 200-992 see docs.xilinx.com/access/sources/dita/topic?Doc_Version=2025.1%20English&url=ug1448-hls-guidance&resourceid=200-992.html
INFO: [HLS 200-992] Internal global variable '_ZZ10top_kernelPA256_K8ap_fixedILi24ELi8EL9ap_q_mode0EL9ap_o_mode0ELi0EEPA256_S2_E5mem_A_13_1' has read operations in process function 'Loop_store_loop_proc' (top.cpp:156:35) (around top.cpp:156).
Resolution: For help on HLS 200-992 see docs.xilinx.com/access/sources/dita/topic?Doc_Version=2025.1%20English&url=ug1448-hls-guidance&resourceid=200-992.html
ERROR: [HLS 200-968] Internal global variable '_ZZ10top_kernelPA256_K8ap_fixedILi24ELi8EL9ap_q_mode0EL9ap_o_mode0ELi0EEPA256_S2_E5mem_A_13_2' failed dataflow checking: it can only be read in one process function.
INFO: [HLS 200-992] Internal global variable '_ZZ10top_kernelPA256_K8ap_fixedILi24ELi8EL9ap_q_mode0EL9ap_o_mode0ELi0EEPA256_S2_E5mem_A_13_2' has read and write operations in process function 'Block_entry_proc' (top.cpp:96:29) (around top.cpp:96).
Resolution: For help on HLS 200-992 see docs.xilinx.com/access/sources/dita/topic?Doc_Version=2025.1%20English&url=ug1448-hls-guidance&resourceid=200-992.html
INFO: [HLS 200-992] Internal global variable '_ZZ10top_kernelPA256_K8ap_fixedILi24ELi8EL9ap_q_mode0EL9ap_o_mode0ELi0EEPA256_S2_E5mem_A_13_2' has read operations in process function 'Loop_store_loop_proc' (top.cpp:156:35) (around top.cpp:156).
Resolution: For help on HLS 200-992 see docs.xilinx.com/access/sources/dita/topic?Doc_Version=2025.1%20English&url=ug1448-hls-guidance&resourceid=200-992.html
ERROR: [HLS 200-968] Internal global variable '_ZZ10top_kernelPA256_K8ap_fixedILi24ELi8EL9ap_q_mode0EL9ap_o_mode0ELi0EEPA256_S2_E5mem_A_14_0' failed dataflow checking: it can only be read in one process function.
INFO: [HLS 200-992] Internal global variable '_ZZ10top_kernelPA256_K8ap_fixedILi24ELi8EL9ap_q_mode0EL9ap_o_mode0ELi0EEPA256_S2_E5mem_A_14_0' has read and write operations in process function 'Block_entry_proc' (top.cpp:96:29) (around top.cpp:96).
Resolution: For help on HLS 200-992 see docs.xilinx.com/access/sources/dita/topic?Doc_Version=2025.1%20English&url=ug1448-hls-guidance&resourceid=200-992.html
INFO: [HLS 200-992] Internal global variable '_ZZ10top_kernelPA256_K8ap_fixedILi24ELi8EL9ap_q_mode0EL9ap_o_mode0ELi0EEPA256_S2_E5mem_A_14_0' has read operations in process function 'Loop_store_loop_proc' (top.cpp:156:35) (around top.cpp:156).
Resolution: For help on HLS 200-992 see docs.xilinx.com/access/sources/dita/topic?Doc_Version=2025.1%20English&url=ug1448-hls-guidance&resourceid=200-992.html
ERROR: [HLS 200-968] Internal global variable '_ZZ10top_kernelPA256_K8ap_fixedILi24ELi8EL9ap_q_mode0EL9ap_o_mode0ELi0EEPA256_S2_E5mem_A_14_1' failed dataflow checking: it can only be read in one process function.
INFO: [HLS 200-992] Internal global variable '_ZZ10top_kernelPA256_K8ap_fixedILi24ELi8EL9ap_q_mode0EL9ap_o_mode0ELi0EEPA256_S2_E5mem_A_14_1' has read and write operations in process function 'Block_entry_proc' (top.cpp:96:29) (around top.cpp:96).
Resolution: For help on HLS 200-992 see docs.xilinx.com/access/sources/dita/topic?Doc_Version=2025.1%20English&url=ug1448-hls-guidance&resourceid=200-992.html
INFO: [HLS 200-992] Internal global variable '_ZZ10top_kernelPA256_K8ap_fixedILi24ELi8EL9ap_q_mode0EL9ap_o_mode0ELi0EEPA256_S2_E5mem_A_14_1' has read operations in process function 'Loop_store_loop_proc' (top.cpp:156:35) (around top.cpp:156).
Resolution: For help on HLS 200-992 see docs.xilinx.com/access/sources/dita/topic?Doc_Version=2025.1%20English&url=ug1448-hls-guidance&resourceid=200-992.html
ERROR: [HLS 200-968] Internal global variable '_ZZ10top_kernelPA256_K8ap_fixedILi24ELi8EL9ap_q_mode0EL9ap_o_mode0ELi0EEPA256_S2_E5mem_A_14_2' failed dataflow checking: it can only be read in one process function.
INFO: [HLS 200-992] Internal global variable '_ZZ10top_kernelPA256_K8ap_fixedILi24ELi8EL9ap_q_mode0EL9ap_o_mode0ELi0EEPA256_S2_E5mem_A_14_2' has read and write operations in process function 'Block_entry_proc' (top.cpp:96:29) (around top.cpp:96).
Resolution: For help on HLS 200-992 see docs.xilinx.com/access/sources/dita/topic?Doc_Version=2025.1%20English&url=ug1448-hls-guidance&resourceid=200-992.html
INFO: [HLS 200-992] Internal global variable '_ZZ10top_kernelPA256_K8ap_fixedILi24ELi8EL9ap_q_mode0EL9ap_o_mode0ELi0EEPA256_S2_E5mem_A_14_2' has read operations in process function 'Loop_store_loop_proc' (top.cpp:156:35) (around top.cpp:156).
Resolution: For help on HLS 200-992 see docs.xilinx.com/access/sources/dita/topic?Doc_Version=2025.1%20English&url=ug1448-hls-guidance&resourceid=200-992.html
ERROR: [HLS 200-968] Internal global variable '_ZZ10top_kernelPA256_K8ap_fixedILi24ELi8EL9ap_q_mode0EL9ap_o_mode0ELi0EEPA256_S2_E5mem_A_15_0' failed dataflow checking: it can only be read in one process function.
INFO: [HLS 200-992] Internal global variable '_ZZ10top_kernelPA256_K8ap_fixedILi24ELi8EL9ap_q_mode0EL9ap_o_mode0ELi0EEPA256_S2_E5mem_A_15_0' has read and write operations in process function 'Block_entry_proc' (top.cpp:96:29) (around top.cpp:96).
Resolution: For help on HLS 200-992 see docs.xilinx.com/access/sources/dita/topic?Doc_Version=2025.1%20English&url=ug1448-hls-guidance&resourceid=200-992.html
INFO: [HLS 200-992] Internal global variable '_ZZ10top_kernelPA256_K8ap_fixedILi24ELi8EL9ap_q_mode0EL9ap_o_mode0ELi0EEPA256_S2_E5mem_A_15_0' has read operations in process function 'Loop_store_loop_proc' (top.cpp:156:35) (around top.cpp:156).
Resolution: For help on HLS 200-992 see docs.xilinx.com/access/sources/dita/topic?Doc_Version=2025.1%20English&url=ug1448-hls-guidance&resourceid=200-992.html
ERROR: [HLS 200-968] Internal global variable '_ZZ10top_kernelPA256_K8ap_fixedILi24ELi8EL9ap_q_mode0EL9ap_o_mode0ELi0EEPA256_S2_E5mem_A_15_1' failed dataflow checking: it can only be read in one process function.
INFO: [HLS 200-992] Internal global variable '_ZZ10top_kernelPA256_K8ap_fixedILi24ELi8EL9ap_q_mode0EL9ap_o_mode0ELi0EEPA256_S2_E5mem_A_15_1' has read and write operations in process function 'Block_entry_proc' (top.cpp:96:29) (around top.cpp:96).
Resolution: For help on HLS 200-992 see docs.xilinx.com/access/sources/dita/topic?Doc_Version=2025.1%20English&url=ug1448-hls-guidance&resourceid=200-992.html
INFO: [HLS 200-992] Internal global variable '_ZZ10top_kernelPA256_K8ap_fixedILi24ELi8EL9ap_q_mode0EL9ap_o_mode0ELi0EEPA256_S2_E5mem_A_15_1' has read operations in process function 'Loop_store_loop_proc' (top.cpp:156:35) (around top.cpp:156).
Resolution: For help on HLS 200-992 see docs.xilinx.com/access/sources/dita/topic?Doc_Version=2025.1%20English&url=ug1448-hls-guidance&resourceid=200-992.html
ERROR: [HLS 200-968] Internal global variable '_ZZ10top_kernelPA256_K8ap_fixedILi24ELi8EL9ap_q_mode0EL9ap_o_mode0ELi0EEPA256_S2_E5mem_A_15_2' failed dataflow checking: it can only be read in one process function.
INFO: [HLS 200-992] Internal global variable '_ZZ10top_kernelPA256_K8ap_fixedILi24ELi8EL9ap_q_mode0EL9ap_o_mode0ELi0EEPA256_S2_E5mem_A_15_2' has read and write operations in process function 'Block_entry_proc' (top.cpp:96:29) (around top.cpp:96).
Resolution: For help on HLS 200-992 see docs.xilinx.com/access/sources/dita/topic?Doc_Version=2025.1%20English&url=ug1448-hls-guidance&resourceid=200-992.html
INFO: [HLS 200-992] Internal global variable '_ZZ10top_kernelPA256_K8ap_fixedILi24ELi8EL9ap_q_mode0EL9ap_o_mode0ELi0EEPA256_S2_E5mem_A_15_2' has read operations in process function 'Loop_store_loop_proc' (top.cpp:156:35) (around top.cpp:156).
Resolution: For help on HLS 200-992 see docs.xilinx.com/access/sources/dita/topic?Doc_Version=2025.1%20English&url=ug1448-hls-guidance&resourceid=200-992.html
ERROR: [HLS 200-968] Internal global variable '_ZZ10top_kernelPA256_K8ap_fixedILi24ELi8EL9ap_q_mode0EL9ap_o_mode0ELi0EEPA256_S2_E5mem_A_1_0' failed dataflow checking: it can only be read in one process function.
INFO: [HLS 200-992] Internal global variable '_ZZ10top_kernelPA256_K8ap_fixedILi24ELi8EL9ap_q_mode0EL9ap_o_mode0ELi0EEPA256_S2_E5mem_A_1_0' has read and write operations in process function 'Block_entry_proc' (top.cpp:96:29) (around top.cpp:96).
Resolution: For help on HLS 200-992 see docs.xilinx.com/access/sources/dita/topic?Doc_Version=2025.1%20English&url=ug1448-hls-guidance&resourceid=200-992.html
INFO: [HLS 200-992] Internal global variable '_ZZ10top_kernelPA256_K8ap_fixedILi24ELi8EL9ap_q_mode0EL9ap_o_mode0ELi0EEPA256_S2_E5mem_A_1_0' has read operations in process function 'Loop_store_loop_proc' (top.cpp:156:35) (around top.cpp:156).
Resolution: For help on HLS 200-992 see docs.xilinx.com/access/sources/dita/topic?Doc_Version=2025.1%20English&url=ug1448-hls-guidance&resourceid=200-992.html
ERROR: [HLS 200-968] Internal global variable '_ZZ10top_kernelPA256_K8ap_fixedILi24ELi8EL9ap_q_mode0EL9ap_o_mode0ELi0EEPA256_S2_E5mem_A_1_1' failed dataflow checking: it can only be read in one process function.
INFO: [HLS 200-992] Internal global variable '_ZZ10top_kernelPA256_K8ap_fixedILi24ELi8EL9ap_q_mode0EL9ap_o_mode0ELi0EEPA256_S2_E5mem_A_1_1' has read and write operations in process function 'Block_entry_proc' (top.cpp:96:29) (around top.cpp:96).
Resolution: For help on HLS 200-992 see docs.xilinx.com/access/sources/dita/topic?Doc_Version=2025.1%20English&url=ug1448-hls-guidance&resourceid=200-992.html
INFO: [HLS 200-992] Internal global variable '_ZZ10top_kernelPA256_K8ap_fixedILi24ELi8EL9ap_q_mode0EL9ap_o_mode0ELi0EEPA256_S2_E5mem_A_1_1' has read operations in process function 'Loop_store_loop_proc' (top.cpp:156:35) (around top.cpp:156).
Resolution: For help on HLS 200-992 see docs.xilinx.com/access/sources/dita/topic?Doc_Version=2025.1%20English&url=ug1448-hls-guidance&resourceid=200-992.html
ERROR: [HLS 200-968] Internal global variable '_ZZ10top_kernelPA256_K8ap_fixedILi24ELi8EL9ap_q_mode0EL9ap_o_mode0ELi0EEPA256_S2_E5mem_A_1_2' failed dataflow checking: it can only be read in one process function.
INFO: [HLS 200-992] Internal global variable '_ZZ10top_kernelPA256_K8ap_fixedILi24ELi8EL9ap_q_mode0EL9ap_o_mode0ELi0EEPA256_S2_E5mem_A_1_2' has read and write operations in process function 'Block_entry_proc' (top.cpp:96:29) (around top.cpp:96).
Resolution: For help on HLS 200-992 see docs.xilinx.com/access/sources/dita/topic?Doc_Version=2025.1%20English&url=ug1448-hls-guidance&resourceid=200-992.html
INFO: [HLS 200-992] Internal global variable '_ZZ10top_kernelPA256_K8ap_fixedILi24ELi8EL9ap_q_mode0EL9ap_o_mode0ELi0EEPA256_S2_E5mem_A_1_2' has read operations in process function 'Loop_store_loop_proc' (top.cpp:156:35) (around top.cpp:156).
Resolution: For help on HLS 200-992 see docs.xilinx.com/access/sources/dita/topic?Doc_Version=2025.1%20English&url=ug1448-hls-guidance&resourceid=200-992.html
ERROR: [HLS 200-968] Internal global variable '_ZZ10top_kernelPA256_K8ap_fixedILi24ELi8EL9ap_q_mode0EL9ap_o_mode0ELi0EEPA256_S2_E5mem_A_2_0' failed dataflow checking: it can only be read in one process function.
INFO: [HLS 200-992] Internal global variable '_ZZ10top_kernelPA256_K8ap_fixedILi24ELi8EL9ap_q_mode0EL9ap_o_mode0ELi0EEPA256_S2_E5mem_A_2_0' has read and write operations in process function 'Block_entry_proc' (top.cpp:96:29) (around top.cpp:96).
Resolution: For help on HLS 200-992 see docs.xilinx.com/access/sources/dita/topic?Doc_Version=2025.1%20English&url=ug1448-hls-guidance&resourceid=200-992.html
INFO: [HLS 200-992] Internal global variable '_ZZ10top_kernelPA256_K8ap_fixedILi24ELi8EL9ap_q_mode0EL9ap_o_mode0ELi0EEPA256_S2_E5mem_A_2_0' has read operations in process function 'Loop_store_loop_proc' (top.cpp:156:35) (around top.cpp:156).
Resolution: For help on HLS 200-992 see docs.xilinx.com/access/sources/dita/topic?Doc_Version=2025.1%20English&url=ug1448-hls-guidance&resourceid=200-992.html
ERROR: [HLS 200-968] Internal global variable '_ZZ10top_kernelPA256_K8ap_fixedILi24ELi8EL9ap_q_mode0EL9ap_o_mode0ELi0EEPA256_S2_E5mem_A_2_1' failed dataflow checking: it can only be read in one process function.
INFO: [HLS 200-992] Internal global variable '_ZZ10top_kernelPA256_K8ap_fixedILi24ELi8EL9ap_q_mode0EL9ap_o_mode0ELi0EEPA256_S2_E5mem_A_2_1' has read and write operations in process function 'Block_entry_proc' (top.cpp:96:29) (around top.cpp:96).
Resolution: For help on HLS 200-992 see docs.xilinx.com/access/sources/dita/topic?Doc_Version=2025.1%20English&url=ug1448-hls-guidance&resourceid=200-992.html
INFO: [HLS 200-992] Internal global variable '_ZZ10top_kernelPA256_K8ap_fixedILi24ELi8EL9ap_q_mode0EL9ap_o_mode0ELi0EEPA256_S2_E5mem_A_2_1' has read operations in process function 'Loop_store_loop_proc' (top.cpp:156:35) (around top.cpp:156).
Resolution: For help on HLS 200-992 see docs.xilinx.com/access/sources/dita/topic?Doc_Version=2025.1%20English&url=ug1448-hls-guidance&resourceid=200-992.html
ERROR: [HLS 200-968] Internal global variable '_ZZ10top_kernelPA256_K8ap_fixedILi24ELi8EL9ap_q_mode0EL9ap_o_mode0ELi0EEPA256_S2_E5mem_A_2_2' failed dataflow checking: it can only be read in one process function.
INFO: [HLS 200-992] Internal global variable '_ZZ10top_kernelPA256_K8ap_fixedILi24ELi8EL9ap_q_mode0EL9ap_o_mode0ELi0EEPA256_S2_E5mem_A_2_2' has read and write operations in process function 'Block_entry_proc' (top.cpp:96:29) (around top.cpp:96).
Resolution: For help on HLS 200-992 see docs.xilinx.com/access/sources/dita/topic?Doc_Version=2025.1%20English&url=ug1448-hls-guidance&resourceid=200-992.html
INFO: [HLS 200-992] Internal global variable '_ZZ10top_kernelPA256_K8ap_fixedILi24ELi8EL9ap_q_mode0EL9ap_o_mode0ELi0EEPA256_S2_E5mem_A_2_2' has read operations in process function 'Loop_store_loop_proc' (top.cpp:156:35) (around top.cpp:156).
Resolution: For help on HLS 200-992 see docs.xilinx.com/access/sources/dita/topic?Doc_Version=2025.1%20English&url=ug1448-hls-guidance&resourceid=200-992.html
ERROR: [HLS 200-968] Internal global variable '_ZZ10top_kernelPA256_K8ap_fixedILi24ELi8EL9ap_q_mode0EL9ap_o_mode0ELi0EEPA256_S2_E5mem_A_3_0' failed dataflow checking: it can only be read in one process function.
INFO: [HLS 200-992] Internal global variable '_ZZ10top_kernelPA256_K8ap_fixedILi24ELi8EL9ap_q_mode0EL9ap_o_mode0ELi0EEPA256_S2_E5mem_A_3_0' has read and write operations in process function 'Block_entry_proc' (top.cpp:96:29) (around top.cpp:96).
Resolution: For help on HLS 200-992 see docs.xilinx.com/access/sources/dita/topic?Doc_Version=2025.1%20English&url=ug1448-hls-guidance&resourceid=200-992.html
INFO: [HLS 200-992] Internal global variable '_ZZ10top_kernelPA256_K8ap_fixedILi24ELi8EL9ap_q_mode0EL9ap_o_mode0ELi0EEPA256_S2_E5mem_A_3_0' has read operations in process function 'Loop_store_loop_proc' (top.cpp:156:35) (around top.cpp:156).
Resolution: For help on HLS 200-992 see docs.xilinx.com/access/sources/dita/topic?Doc_Version=2025.1%20English&url=ug1448-hls-guidance&resourceid=200-992.html
ERROR: [HLS 200-968] Internal global variable '_ZZ10top_kernelPA256_K8ap_fixedILi24ELi8EL9ap_q_mode0EL9ap_o_mode0ELi0EEPA256_S2_E5mem_A_3_1' failed dataflow checking: it can only be read in one process function.
INFO: [HLS 200-992] Internal global variable '_ZZ10top_kernelPA256_K8ap_fixedILi24ELi8EL9ap_q_mode0EL9ap_o_mode0ELi0EEPA256_S2_E5mem_A_3_1' has read and write operations in process function 'Block_entry_proc' (top.cpp:96:29) (around top.cpp:96).
Resolution: For help on HLS 200-992 see docs.xilinx.com/access/sources/dita/topic?Doc_Version=2025.1%20English&url=ug1448-hls-guidance&resourceid=200-992.html
INFO: [HLS 200-992] Internal global variable '_ZZ10top_kernelPA256_K8ap_fixedILi24ELi8EL9ap_q_mode0EL9ap_o_mode0ELi0EEPA256_S2_E5mem_A_3_1' has read operations in process function 'Loop_store_loop_proc' (top.cpp:156:35) (around top.cpp:156).
Resolution: For help on HLS 200-992 see docs.xilinx.com/access/sources/dita/topic?Doc_Version=2025.1%20English&url=ug1448-hls-guidance&resourceid=200-992.html
ERROR: [HLS 200-968] Internal global variable '_ZZ10top_kernelPA256_K8ap_fixedILi24ELi8EL9ap_q_mode0EL9ap_o_mode0ELi0EEPA256_S2_E5mem_A_3_2' failed dataflow checking: it can only be read in one process function.
INFO: [HLS 200-992] Internal global variable '_ZZ10top_kernelPA256_K8ap_fixedILi24ELi8EL9ap_q_mode0EL9ap_o_mode0ELi0EEPA256_S2_E5mem_A_3_2' has read and write operations in process function 'Block_entry_proc' (top.cpp:96:29) (around top.cpp:96).
Resolution: For help on HLS 200-992 see docs.xilinx.com/access/sources/dita/topic?Doc_Version=2025.1%20English&url=ug1448-hls-guidance&resourceid=200-992.html
INFO: [HLS 200-992] Internal global variable '_ZZ10top_kernelPA256_K8ap_fixedILi24ELi8EL9ap_q_mode0EL9ap_o_mode0ELi0EEPA256_S2_E5mem_A_3_2' has read operations in process function 'Loop_store_loop_proc' (top.cpp:156:35) (around top.cpp:156).
Resolution: For help on HLS 200-992 see docs.xilinx.com/access/sources/dita/topic?Doc_Version=2025.1%20English&url=ug1448-hls-guidance&resourceid=200-992.html
ERROR: [HLS 200-968] Internal global variable '_ZZ10top_kernelPA256_K8ap_fixedILi24ELi8EL9ap_q_mode0EL9ap_o_mode0ELi0EEPA256_S2_E5mem_A_4_0' failed dataflow checking: it can only be read in one process function.
INFO: [HLS 200-992] Internal global variable '_ZZ10top_kernelPA256_K8ap_fixedILi24ELi8EL9ap_q_mode0EL9ap_o_mode0ELi0EEPA256_S2_E5mem_A_4_0' has read and write operations in process function 'Block_entry_proc' (top.cpp:96:29) (around top.cpp:96).
Resolution: For help on HLS 200-992 see docs.xilinx.com/access/sources/dita/topic?Doc_Version=2025.1%20English&url=ug1448-hls-guidance&resourceid=200-992.html
INFO: [HLS 200-992] Internal global variable '_ZZ10top_kernelPA256_K8ap_fixedILi24ELi8EL9ap_q_mode0EL9ap_o_mode0ELi0EEPA256_S2_E5mem_A_4_0' has read operations in process function 'Loop_store_loop_proc' (top.cpp:156:35) (around top.cpp:156).
Resolution: For help on HLS 200-992 see docs.xilinx.com/access/sources/dita/topic?Doc_Version=2025.1%20English&url=ug1448-hls-guidance&resourceid=200-992.html
ERROR: [HLS 200-968] Internal global variable '_ZZ10top_kernelPA256_K8ap_fixedILi24ELi8EL9ap_q_mode0EL9ap_o_mode0ELi0EEPA256_S2_E5mem_A_4_1' failed dataflow checking: it can only be read in one process function.
INFO: [HLS 200-992] Internal global variable '_ZZ10top_kernelPA256_K8ap_fixedILi24ELi8EL9ap_q_mode0EL9ap_o_mode0ELi0EEPA256_S2_E5mem_A_4_1' has read and write operations in process function 'Block_entry_proc' (top.cpp:96:29) (around top.cpp:96).
Resolution: For help on HLS 200-992 see docs.xilinx.com/access/sources/dita/topic?Doc_Version=2025.1%20English&url=ug1448-hls-guidance&resourceid=200-992.html
INFO: [HLS 200-992] Internal global variable '_ZZ10top_kernelPA256_K8ap_fixedILi24ELi8EL9ap_q_mode0EL9ap_o_mode0ELi0EEPA256_S2_E5mem_A_4_1' has read operations in process function 'Loop_store_loop_proc' (top.cpp:156:35) (around top.cpp:156).
Resolution: For help on HLS 200-992 see docs.xilinx.com/access/sources/dita/topic?Doc_Version=2025.1%20English&url=ug1448-hls-guidance&resourceid=200-992.html
ERROR: [HLS 200-968] Internal global variable '_ZZ10top_kernelPA256_K8ap_fixedILi24ELi8EL9ap_q_mode0EL9ap_o_mode0ELi0EEPA256_S2_E5mem_A_4_2' failed dataflow checking: it can only be read in one process function.
INFO: [HLS 200-992] Internal global variable '_ZZ10top_kernelPA256_K8ap_fixedILi24ELi8EL9ap_q_mode0EL9ap_o_mode0ELi0EEPA256_S2_E5mem_A_4_2' has read and write operations in process function 'Block_entry_proc' (top.cpp:96:29) (around top.cpp:96).
Resolution: For help on HLS 200-992 see docs.xilinx.com/access/sources/dita/topic?Doc_Version=2025.1%20English&url=ug1448-hls-guidance&resourceid=200-992.html
INFO: [HLS 200-992] Internal global variable '_ZZ10top_kernelPA256_K8ap_fixedILi24ELi8EL9ap_q_mode0EL9ap_o_mode0ELi0EEPA256_S2_E5mem_A_4_2' has read operations in process function 'Loop_store_loop_proc' (top.cpp:156:35) (around top.cpp:156).
Resolution: For help on HLS 200-992 see docs.xilinx.com/access/sources/dita/topic?Doc_Version=2025.1%20English&url=ug1448-hls-guidance&resourceid=200-992.html
ERROR: [HLS 200-968] Internal global variable '_ZZ10top_kernelPA256_K8ap_fixedILi24ELi8EL9ap_q_mode0EL9ap_o_mode0ELi0EEPA256_S2_E5mem_A_5_0' failed dataflow checking: it can only be read in one process function.
INFO: [HLS 200-992] Internal global variable '_ZZ10top_kernelPA256_K8ap_fixedILi24ELi8EL9ap_q_mode0EL9ap_o_mode0ELi0EEPA256_S2_E5mem_A_5_0' has read and write operations in process function 'Block_entry_proc' (top.cpp:96:29) (around top.cpp:96).
Resolution: For help on HLS 200-992 see docs.xilinx.com/access/sources/dita/topic?Doc_Version=2025.1%20English&url=ug1448-hls-guidance&resourceid=200-992.html
INFO: [HLS 200-992] Internal global variable '_ZZ10top_kernelPA256_K8ap_fixedILi24ELi8EL9ap_q_mode0EL9ap_o_mode0ELi0EEPA256_S2_E5mem_A_5_0' has read operations in process function 'Loop_store_loop_proc' (top.cpp:156:35) (around top.cpp:156).
Resolution: For help on HLS 200-992 see docs.xilinx.com/access/sources/dita/topic?Doc_Version=2025.1%20English&url=ug1448-hls-guidance&resourceid=200-992.html
ERROR: [HLS 200-968] Internal global variable '_ZZ10top_kernelPA256_K8ap_fixedILi24ELi8EL9ap_q_mode0EL9ap_o_mode0ELi0EEPA256_S2_E5mem_A_5_1' failed dataflow checking: it can only be read in one process function.
INFO: [HLS 200-992] Internal global variable '_ZZ10top_kernelPA256_K8ap_fixedILi24ELi8EL9ap_q_mode0EL9ap_o_mode0ELi0EEPA256_S2_E5mem_A_5_1' has read and write operations in process function 'Block_entry_proc' (top.cpp:96:29) (around top.cpp:96).
Resolution: For help on HLS 200-992 see docs.xilinx.com/access/sources/dita/topic?Doc_Version=2025.1%20English&url=ug1448-hls-guidance&resourceid=200-992.html
INFO: [HLS 200-992] Internal global variable '_ZZ10top_kernelPA256_K8ap_fixedILi24ELi8EL9ap_q_mode0EL9ap_o_mode0ELi0EEPA256_S2_E5mem_A_5_1' has read operations in process function 'Loop_store_loop_proc' (top.cpp:156:35) (around top.cpp:156).
Resolution: For help on HLS 200-992 see docs.xilinx.com/access/sources/dita/topic?Doc_Version=2025.1%20English&url=ug1448-hls-guidance&resourceid=200-992.html
ERROR: [HLS 200-968] Internal global variable '_ZZ10top_kernelPA256_K8ap_fixedILi24ELi8EL9ap_q_mode0EL9ap_o_mode0ELi0EEPA256_S2_E5mem_A_5_2' failed dataflow checking: it can only be read in one process function.
INFO: [HLS 200-992] Internal global variable '_ZZ10top_kernelPA256_K8ap_fixedILi24ELi8EL9ap_q_mode0EL9ap_o_mode0ELi0EEPA256_S2_E5mem_A_5_2' has read and write operations in process function 'Block_entry_proc' (top.cpp:96:29) (around top.cpp:96).
Resolution: For help on HLS 200-992 see docs.xilinx.com/access/sources/dita/topic?Doc_Version=2025.1%20English&url=ug1448-hls-guidance&resourceid=200-992.html
INFO: [HLS 200-992] Internal global variable '_ZZ10top_kernelPA256_K8ap_fixedILi24ELi8EL9ap_q_mode0EL9ap_o_mode0ELi0EEPA256_S2_E5mem_A_5_2' has read operations in process function 'Loop_store_loop_proc' (top.cpp:156:35) (around top.cpp:156).
Resolution: For help on HLS 200-992 see docs.xilinx.com/access/sources/dita/topic?Doc_Version=2025.1%20English&url=ug1448-hls-guidance&resourceid=200-992.html
ERROR: [HLS 200-968] Internal global variable '_ZZ10top_kernelPA256_K8ap_fixedILi24ELi8EL9ap_q_mode0EL9ap_o_mode0ELi0EEPA256_S2_E5mem_A_6_0' failed dataflow checking: it can only be read in one process function.
INFO: [HLS 200-992] Internal global variable '_ZZ10top_kernelPA256_K8ap_fixedILi24ELi8EL9ap_q_mode0EL9ap_o_mode0ELi0EEPA256_S2_E5mem_A_6_0' has read and write operations in process function 'Block_entry_proc' (top.cpp:96:29) (around top.cpp:96).
Resolution: For help on HLS 200-992 see docs.xilinx.com/access/sources/dita/topic?Doc_Version=2025.1%20English&url=ug1448-hls-guidance&resourceid=200-992.html
INFO: [HLS 200-992] Internal global variable '_ZZ10top_kernelPA256_K8ap_fixedILi24ELi8EL9ap_q_mode0EL9ap_o_mode0ELi0EEPA256_S2_E5mem_A_6_0' has read operations in process function 'Loop_store_loop_proc' (top.cpp:156:35) (around top.cpp:156).
Resolution: For help on HLS 200-992 see docs.xilinx.com/access/sources/dita/topic?Doc_Version=2025.1%20English&url=ug1448-hls-guidance&resourceid=200-992.html
ERROR: [HLS 200-968] Internal global variable '_ZZ10top_kernelPA256_K8ap_fixedILi24ELi8EL9ap_q_mode0EL9ap_o_mode0ELi0EEPA256_S2_E5mem_A_6_1' failed dataflow checking: it can only be read in one process function.
INFO: [HLS 200-992] Internal global variable '_ZZ10top_kernelPA256_K8ap_fixedILi24ELi8EL9ap_q_mode0EL9ap_o_mode0ELi0EEPA256_S2_E5mem_A_6_1' has read and write operations in process function 'Block_entry_proc' (top.cpp:96:29) (around top.cpp:96).
Resolution: For help on HLS 200-992 see docs.xilinx.com/access/sources/dita/topic?Doc_Version=2025.1%20English&url=ug1448-hls-guidance&resourceid=200-992.html
INFO: [HLS 200-992] Internal global variable '_ZZ10top_kernelPA256_K8ap_fixedILi24ELi8EL9ap_q_mode0EL9ap_o_mode0ELi0EEPA256_S2_E5mem_A_6_1' has read operations in process function 'Loop_store_loop_proc' (top.cpp:156:35) (around top.cpp:156).
Resolution: For help on HLS 200-992 see docs.xilinx.com/access/sources/dita/topic?Doc_Version=2025.1%20English&url=ug1448-hls-guidance&resourceid=200-992.html
ERROR: [HLS 200-968] Internal global variable '_ZZ10top_kernelPA256_K8ap_fixedILi24ELi8EL9ap_q_mode0EL9ap_o_mode0ELi0EEPA256_S2_E5mem_A_6_2' failed dataflow checking: it can only be read in one process function.
INFO: [HLS 200-992] Internal global variable '_ZZ10top_kernelPA256_K8ap_fixedILi24ELi8EL9ap_q_mode0EL9ap_o_mode0ELi0EEPA256_S2_E5mem_A_6_2' has read and write operations in process function 'Block_entry_proc' (top.cpp:96:29) (around top.cpp:96).
Resolution: For help on HLS 200-992 see docs.xilinx.com/access/sources/dita/topic?Doc_Version=2025.1%20English&url=ug1448-hls-guidance&resourceid=200-992.html
INFO: [HLS 200-992] Internal global variable '_ZZ10top_kernelPA256_K8ap_fixedILi24ELi8EL9ap_q_mode0EL9ap_o_mode0ELi0EEPA256_S2_E5mem_A_6_2' has read operations in process function 'Loop_store_loop_proc' (top.cpp:156:35) (around top.cpp:156).
Resolution: For help on HLS 200-992 see docs.xilinx.com/access/sources/dita/topic?Doc_Version=2025.1%20English&url=ug1448-hls-guidance&resourceid=200-992.html
ERROR: [HLS 200-968] Internal global variable '_ZZ10top_kernelPA256_K8ap_fixedILi24ELi8EL9ap_q_mode0EL9ap_o_mode0ELi0EEPA256_S2_E5mem_A_7_0' failed dataflow checking: it can only be read in one process function.
INFO: [HLS 200-992] Internal global variable '_ZZ10top_kernelPA256_K8ap_fixedILi24ELi8EL9ap_q_mode0EL9ap_o_mode0ELi0EEPA256_S2_E5mem_A_7_0' has read and write operations in process function 'Block_entry_proc' (top.cpp:96:29) (around top.cpp:96).
Resolution: For help on HLS 200-992 see docs.xilinx.com/access/sources/dita/topic?Doc_Version=2025.1%20English&url=ug1448-hls-guidance&resourceid=200-992.html
INFO: [HLS 200-992] Internal global variable '_ZZ10top_kernelPA256_K8ap_fixedILi24ELi8EL9ap_q_mode0EL9ap_o_mode0ELi0EEPA256_S2_E5mem_A_7_0' has read operations in process function 'Loop_store_loop_proc' (top.cpp:156:35) (around top.cpp:156).
Resolution: For help on HLS 200-992 see docs.xilinx.com/access/sources/dita/topic?Doc_Version=2025.1%20English&url=ug1448-hls-guidance&resourceid=200-992.html
ERROR: [HLS 200-968] Internal global variable '_ZZ10top_kernelPA256_K8ap_fixedILi24ELi8EL9ap_q_mode0EL9ap_o_mode0ELi0EEPA256_S2_E5mem_A_7_1' failed dataflow checking: it can only be read in one process function.
INFO: [HLS 200-992] Internal global variable '_ZZ10top_kernelPA256_K8ap_fixedILi24ELi8EL9ap_q_mode0EL9ap_o_mode0ELi0EEPA256_S2_E5mem_A_7_1' has read and write operations in process function 'Block_entry_proc' (top.cpp:96:29) (around top.cpp:96).
Resolution: For help on HLS 200-992 see docs.xilinx.com/access/sources/dita/topic?Doc_Version=2025.1%20English&url=ug1448-hls-guidance&resourceid=200-992.html
INFO: [HLS 200-992] Internal global variable '_ZZ10top_kernelPA256_K8ap_fixedILi24ELi8EL9ap_q_mode0EL9ap_o_mode0ELi0EEPA256_S2_E5mem_A_7_1' has read operations in process function 'Loop_store_loop_proc' (top.cpp:156:35) (around top.cpp:156).
Resolution: For help on HLS 200-992 see docs.xilinx.com/access/sources/dita/topic?Doc_Version=2025.1%20English&url=ug1448-hls-guidance&resourceid=200-992.html
ERROR: [HLS 200-968] Internal global variable '_ZZ10top_kernelPA256_K8ap_fixedILi24ELi8EL9ap_q_mode0EL9ap_o_mode0ELi0EEPA256_S2_E5mem_A_7_2' failed dataflow checking: it can only be read in one process function.
INFO: [HLS 200-992] Internal global variable '_ZZ10top_kernelPA256_K8ap_fixedILi24ELi8EL9ap_q_mode0EL9ap_o_mode0ELi0EEPA256_S2_E5mem_A_7_2' has read and write operations in process function 'Block_entry_proc' (top.cpp:96:29) (around top.cpp:96).
Resolution: For help on HLS 200-992 see docs.xilinx.com/access/sources/dita/topic?Doc_Version=2025.1%20English&url=ug1448-hls-guidance&resourceid=200-992.html
INFO: [HLS 200-992] Internal global variable '_ZZ10top_kernelPA256_K8ap_fixedILi24ELi8EL9ap_q_mode0EL9ap_o_mode0ELi0EEPA256_S2_E5mem_A_7_2' has read operations in process function 'Loop_store_loop_proc' (top.cpp:156:35) (around top.cpp:156).
Resolution: For help on HLS 200-992 see docs.xilinx.com/access/sources/dita/topic?Doc_Version=2025.1%20English&url=ug1448-hls-guidance&resourceid=200-992.html
ERROR: [HLS 200-968] Internal global variable '_ZZ10top_kernelPA256_K8ap_fixedILi24ELi8EL9ap_q_mode0EL9ap_o_mode0ELi0EEPA256_S2_E5mem_A_8_0' failed dataflow checking: it can only be read in one process function.
INFO: [HLS 200-992] Internal global variable '_ZZ10top_kernelPA256_K8ap_fixedILi24ELi8EL9ap_q_mode0EL9ap_o_mode0ELi0EEPA256_S2_E5mem_A_8_0' has read and write operations in process function 'Block_entry_proc' (top.cpp:96:29) (around top.cpp:96).
Resolution: For help on HLS 200-992 see docs.xilinx.com/access/sources/dita/topic?Doc_Version=2025.1%20English&url=ug1448-hls-guidance&resourceid=200-992.html
INFO: [HLS 200-992] Internal global variable '_ZZ10top_kernelPA256_K8ap_fixedILi24ELi8EL9ap_q_mode0EL9ap_o_mode0ELi0EEPA256_S2_E5mem_A_8_0' has read operations in process function 'Loop_store_loop_proc' (top.cpp:156:35) (around top.cpp:156).
Resolution: For help on HLS 200-992 see docs.xilinx.com/access/sources/dita/topic?Doc_Version=2025.1%20English&url=ug1448-hls-guidance&resourceid=200-992.html
ERROR: [HLS 200-968] Internal global variable '_ZZ10top_kernelPA256_K8ap_fixedILi24ELi8EL9ap_q_mode0EL9ap_o_mode0ELi0EEPA256_S2_E5mem_A_8_1' failed dataflow checking: it can only be read in one process function.
INFO: [HLS 200-992] Internal global variable '_ZZ10top_kernelPA256_K8ap_fixedILi24ELi8EL9ap_q_mode0EL9ap_o_mode0ELi0EEPA256_S2_E5mem_A_8_1' has read and write operations in process function 'Block_entry_proc' (top.cpp:96:29) (around top.cpp:96).
Resolution: For help on HLS 200-992 see docs.xilinx.com/access/sources/dita/topic?Doc_Version=2025.1%20English&url=ug1448-hls-guidance&resourceid=200-992.html
INFO: [HLS 200-992] Internal global variable '_ZZ10top_kernelPA256_K8ap_fixedILi24ELi8EL9ap_q_mode0EL9ap_o_mode0ELi0EEPA256_S2_E5mem_A_8_1' has read operations in process function 'Loop_store_loop_proc' (top.cpp:156:35) (around top.cpp:156).
Resolution: For help on HLS 200-992 see docs.xilinx.com/access/sources/dita/topic?Doc_Version=2025.1%20English&url=ug1448-hls-guidance&resourceid=200-992.html
ERROR: [HLS 200-968] Internal global variable '_ZZ10top_kernelPA256_K8ap_fixedILi24ELi8EL9ap_q_mode0EL9ap_o_mode0ELi0EEPA256_S2_E5mem_A_8_2' failed dataflow checking: it can only be read in one process function.
INFO: [HLS 200-992] Internal global variable '_ZZ10top_kernelPA256_K8ap_fixedILi24ELi8EL9ap_q_mode0EL9ap_o_mode0ELi0EEPA256_S2_E5mem_A_8_2' has read and write operations in process function 'Block_entry_proc' (top.cpp:96:29) (around top.cpp:96).
Resolution: For help on HLS 200-992 see docs.xilinx.com/access/sources/dita/topic?Doc_Version=2025.1%20English&url=ug1448-hls-guidance&resourceid=200-992.html
INFO: [HLS 200-992] Internal global variable '_ZZ10top_kernelPA256_K8ap_fixedILi24ELi8EL9ap_q_mode0EL9ap_o_mode0ELi0EEPA256_S2_E5mem_A_8_2' has read operations in process function 'Loop_store_loop_proc' (top.cpp:156:35) (around top.cpp:156).
Resolution: For help on HLS 200-992 see docs.xilinx.com/access/sources/dita/topic?Doc_Version=2025.1%20English&url=ug1448-hls-guidance&resourceid=200-992.html
ERROR: [HLS 200-968] Internal global variable '_ZZ10top_kernelPA256_K8ap_fixedILi24ELi8EL9ap_q_mode0EL9ap_o_mode0ELi0EEPA256_S2_E5mem_A_9_0' failed dataflow checking: it can only be read in one process function.
INFO: [HLS 200-992] Internal global variable '_ZZ10top_kernelPA256_K8ap_fixedILi24ELi8EL9ap_q_mode0EL9ap_o_mode0ELi0EEPA256_S2_E5mem_A_9_0' has read and write operations in process function 'Block_entry_proc' (top.cpp:96:29) (around top.cpp:96).
Resolution: For help on HLS 200-992 see docs.xilinx.com/access/sources/dita/topic?Doc_Version=2025.1%20English&url=ug1448-hls-guidance&resourceid=200-992.html
INFO: [HLS 200-992] Internal global variable '_ZZ10top_kernelPA256_K8ap_fixedILi24ELi8EL9ap_q_mode0EL9ap_o_mode0ELi0EEPA256_S2_E5mem_A_9_0' has read operations in process function 'Loop_store_loop_proc' (top.cpp:156:35) (around top.cpp:156).
Resolution: For help on HLS 200-992 see docs.xilinx.com/access/sources/dita/topic?Doc_Version=2025.1%20English&url=ug1448-hls-guidance&resourceid=200-992.html
ERROR: [HLS 200-968] Internal global variable '_ZZ10top_kernelPA256_K8ap_fixedILi24ELi8EL9ap_q_mode0EL9ap_o_mode0ELi0EEPA256_S2_E5mem_A_9_1' failed dataflow checking: it can only be read in one process function.
INFO: [HLS 200-992] Internal global variable '_ZZ10top_kernelPA256_K8ap_fixedILi24ELi8EL9ap_q_mode0EL9ap_o_mode0ELi0EEPA256_S2_E5mem_A_9_1' has read and write operations in process function 'Block_entry_proc' (top.cpp:96:29) (around top.cpp:96).
Resolution: For help on HLS 200-992 see docs.xilinx.com/access/sources/dita/topic?Doc_Version=2025.1%20English&url=ug1448-hls-guidance&resourceid=200-992.html
INFO: [HLS 200-992] Internal global variable '_ZZ10top_kernelPA256_K8ap_fixedILi24ELi8EL9ap_q_mode0EL9ap_o_mode0ELi0EEPA256_S2_E5mem_A_9_1' has read operations in process function 'Loop_store_loop_proc' (top.cpp:156:35) (around top.cpp:156).
Resolution: For help on HLS 200-992 see docs.xilinx.com/access/sources/dita/topic?Doc_Version=2025.1%20English&url=ug1448-hls-guidance&resourceid=200-992.html
ERROR: [HLS 200-968] Internal global variable '_ZZ10top_kernelPA256_K8ap_fixedILi24ELi8EL9ap_q_mode0EL9ap_o_mode0ELi0EEPA256_S2_E5mem_A_9_2' failed dataflow checking: it can only be read in one process function.
INFO: [HLS 200-992] Internal global variable '_ZZ10top_kernelPA256_K8ap_fixedILi24ELi8EL9ap_q_mode0EL9ap_o_mode0ELi0EEPA256_S2_E5mem_A_9_2' has read and write operations in process function 'Block_entry_proc' (top.cpp:96:29) (around top.cpp:96).
Resolution: For help on HLS 200-992 see docs.xilinx.com/access/sources/dita/topic?Doc_Version=2025.1%20English&url=ug1448-hls-guidance&resourceid=200-992.html
INFO: [HLS 200-992] Internal global variable '_ZZ10top_kernelPA256_K8ap_fixedILi24ELi8EL9ap_q_mode0EL9ap_o_mode0ELi0EEPA256_S2_E5mem_A_9_2' has read operations in process function 'Loop_store_loop_proc' (top.cpp:156:35) (around top.cpp:156).
Resolution: For help on HLS 200-992 see docs.xilinx.com/access/sources/dita/topic?Doc_Version=2025.1%20English&url=ug1448-hls-guidance&resourceid=200-992.html
ERROR: [HLS 200-968] Internal global variable 'top_kernel(ap_fixed<24, 8, 0, 0, 0> const (*) [256], ap_fixed<24, 8, 0, 0, 0> (*) [256])mem_A' failed dataflow checking: it can only be read in one process function.
INFO: [HLS 200-992] Internal global variable 'top_kernel(ap_fixed<24, 8, 0, 0, 0> const (*) [256], ap_fixed<24, 8, 0, 0, 0> (*) [256])mem_A' has read and write operations in process function 'Block_entry_proc' (top.cpp:96:29) (around top.cpp:96).
Resolution: For help on HLS 200-992 see docs.xilinx.com/access/sources/dita/topic?Doc_Version=2025.1%20English&url=ug1448-hls-guidance&resourceid=200-992.html
INFO: [HLS 200-992] Internal global variable 'top_kernel(ap_fixed<24, 8, 0, 0, 0> const (*) [256], ap_fixed<24, 8, 0, 0, 0> (*) [256])mem_A' has read operations in process function 'Loop_store_loop_proc' (top.cpp:156:35) (around top.cpp:156).
Resolution: For help on HLS 200-992 see docs.xilinx.com/access/sources/dita/topic?Doc_Version=2025.1%20English&url=ug1448-hls-guidance&resourceid=200-992.html
ERROR: [HLS 200-968] Internal global variable 'top_kernel(ap_fixed<24, 8, 0, 0, 0> const (*) [256], ap_fixed<24, 8, 0, 0, 0> (*) [256])mem_A.1' failed dataflow checking: it can only be read in one process function.
INFO: [HLS 200-992] Internal global variable 'top_kernel(ap_fixed<24, 8, 0, 0, 0> const (*) [256], ap_fixed<24, 8, 0, 0, 0> (*) [256])mem_A.1' has read and write operations in process function 'Block_entry_proc' (top.cpp:96:29) (around top.cpp:96).
Resolution: For help on HLS 200-992 see docs.xilinx.com/access/sources/dita/topic?Doc_Version=2025.1%20English&url=ug1448-hls-guidance&resourceid=200-992.html
INFO: [HLS 200-992] Internal global variable 'top_kernel(ap_fixed<24, 8, 0, 0, 0> const (*) [256], ap_fixed<24, 8, 0, 0, 0> (*) [256])mem_A.1' has read operations in process function 'Loop_store_loop_proc' (top.cpp:156:35) (around top.cpp:156).
Resolution: For help on HLS 200-992 see docs.xilinx.com/access/sources/dita/topic?Doc_Version=2025.1%20English&url=ug1448-hls-guidance&resourceid=200-992.html
ERROR: [HLS 200-968] Internal global variable 'top_kernel(ap_fixed<24, 8, 0, 0, 0> const (*) [256], ap_fixed<24, 8, 0, 0, 0> (*) [256])mem_A.2' failed dataflow checking: it can only be read in one process function.
INFO: [HLS 200-992] Internal global variable 'top_kernel(ap_fixed<24, 8, 0, 0, 0> const (*) [256], ap_fixed<24, 8, 0, 0, 0> (*) [256])mem_A.2' has read and write operations in process function 'Block_entry_proc' (top.cpp:96:29) (around top.cpp:96).
Resolution: For help on HLS 200-992 see docs.xilinx.com/access/sources/dita/topic?Doc_Version=2025.1%20English&url=ug1448-hls-guidance&resourceid=200-992.html
INFO: [HLS 200-992] Internal global variable 'top_kernel(ap_fixed<24, 8, 0, 0, 0> const (*) [256], ap_fixed<24, 8, 0, 0, 0> (*) [256])mem_A.2' has read operations in process function 'Loop_store_loop_proc' (top.cpp:156:35) (around top.cpp:156).
Resolution: For help on HLS 200-992 see docs.xilinx.com/access/sources/dita/topic?Doc_Version=2025.1%20English&url=ug1448-hls-guidance&resourceid=200-992.html
ERROR: [HLS 200-1715] Encountered problem during source synthesis
ERROR: [HLS 200-70] Pre-synthesis failed.
INFO: [HLS 200-2161] Finished Command csynth_design Elapsed time: 00:00:36; Allocated memory: 56.137 MB.
command 'ap_source' returned error code
    while executing
"source /nethome/asandeep6/FPGA_ECE8893/2026_Spring/lab2/script.tcl"
    ("uplevel" body line 1)
    invoked from within
"uplevel \#0 [list source $tclfile] "

INFO: [HLS 200-112] Total CPU user time: 25.53 seconds. Total CPU system time: 4.03 seconds. Total elapsed time: 44.49 seconds; peak allocated memory: 713.480 MB.
INFO: [vitis-run 60-1662] Stopping dispatch session having empty uuid.
