top.cpp:126:9: warning: HLS pragma dump _XLX_SEP_ PragmaIsValid=1_XLX_SEP_ PragmaType=pipeline_XLX_SEP_ PragmaContext=_XLX_SEP_ PragmaFunction=read_input_XLX_SEP_ PragmaOptions=II=1_XLX_SEP_ [-Wdump-hls-pragmas]
#pragma HLS PIPELINE II=1
        ^
top.cpp:135:9: warning: HLS pragma dump _XLX_SEP_ PragmaIsValid=1_XLX_SEP_ PragmaType=array_partition_XLX_SEP_ PragmaContext=_XLX_SEP_ PragmaFunction=stencil_stage_XLX_SEP_ PragmaOptions=variable=line_buf dim=1 complete_XLX_SEP_ [-Wdump-hls-pragmas]
#pragma HLS ARRAY_PARTITION variable=line_buf dim=1 complete
        ^
top.cpp:137:9: warning: HLS pragma dump _XLX_SEP_ PragmaIsValid=1_XLX_SEP_ PragmaType=array_partition_XLX_SEP_ PragmaContext=_XLX_SEP_ PragmaFunction=stencil_stage_XLX_SEP_ PragmaOptions=variable=window complete_XLX_SEP_ [-Wdump-hls-pragmas]
#pragma HLS ARRAY_PARTITION variable=window complete
        ^
top.cpp:142:9: warning: HLS pragma dump _XLX_SEP_ PragmaIsValid=1_XLX_SEP_ PragmaType=pipeline_XLX_SEP_ PragmaContext=_XLX_SEP_ PragmaFunction=stencil_stage_XLX_SEP_ PragmaOptions=II=1_XLX_SEP_ [-Wdump-hls-pragmas]
#pragma HLS PIPELINE II=1
        ^
top.cpp:181:9: warning: HLS pragma dump _XLX_SEP_ PragmaIsValid=1_XLX_SEP_ PragmaType=pipeline_XLX_SEP_ PragmaContext=_XLX_SEP_ PragmaFunction=write_output_XLX_SEP_ PragmaOptions=II=1_XLX_SEP_ [-Wdump-hls-pragmas]
#pragma HLS PIPELINE II=1
        ^
/nethome/asandeep6/FPGA_ECE8893/2026_Spring/lab2/script.tcl:22:9: warning: HLS pragma dump _XLX_SEP_ PragmaIsValid=1_XLX_SEP_ PragmaType=top_XLX_SEP_ PragmaContext=directive_XLX_SEP_ PragmaFunction=top_kernel_XLX_SEP_ PragmaOptions=name=top_kernel_XLX_SEP_ [-Wdump-hls-pragmas]
#pragma HLSDIRECTIVE TOP name=top_kernel
        ^
top.cpp:189:9: warning: HLS pragma dump _XLX_SEP_ PragmaIsValid=1_XLX_SEP_ PragmaType=interface_XLX_SEP_ PragmaContext=_XLX_SEP_ PragmaFunction=top_kernel_XLX_SEP_ PragmaOptions=m_axi port=A_in offset=slave bundle=gmem0 depth=65536 max_read_burst_length=64 num_read_outstanding=16_XLX_SEP_ [-Wdump-hls-pragmas]
#pragma HLS INTERFACE m_axi port=A_in offset=slave bundle=gmem0 depth=65536 max_read_burst_length=64 num_read_outstanding=16
        ^
top.cpp:190:9: warning: HLS pragma dump _XLX_SEP_ PragmaIsValid=1_XLX_SEP_ PragmaType=interface_XLX_SEP_ PragmaContext=_XLX_SEP_ PragmaFunction=top_kernel_XLX_SEP_ PragmaOptions=m_axi port=A_out offset=slave bundle=gmem1 depth=65536 max_write_burst_length=64 num_write_outstanding=16_XLX_SEP_ [-Wdump-hls-pragmas]
#pragma HLS INTERFACE m_axi port=A_out offset=slave bundle=gmem1 depth=65536 max_write_burst_length=64 num_write_outstanding=16
        ^
top.cpp:193:9: warning: HLS pragma dump _XLX_SEP_ PragmaIsValid=1_XLX_SEP_ PragmaType=interface_XLX_SEP_ PragmaContext=_XLX_SEP_ PragmaFunction=top_kernel_XLX_SEP_ PragmaOptions=s_axilite port=return_XLX_SEP_ [-Wdump-hls-pragmas]
#pragma HLS interface s_axilite port=return
        ^
top.cpp:196:9: warning: the pragma is not supported and will be ignored [-Winvalid-hls-pragmas]
#pragma HLS data_pack variable=A_in
        ^
top.cpp:196:9: warning: HLS pragma dump _XLX_SEP_ PragmaIsValid=0_XLX_SEP_ PragmaType=data_pack_XLX_SEP_ PragmaContext=_XLX_SEP_ PragmaFunction=top_kernel_XLX_SEP_ PragmaOptions=variable_XLX_SEP_ [-Wdump-hls-pragmas]
top.cpp:197:9: warning: the pragma is not supported and will be ignored [-Winvalid-hls-pragmas]
#pragma HLS data_pack variable=A_out
        ^
top.cpp:197:9: warning: HLS pragma dump _XLX_SEP_ PragmaIsValid=0_XLX_SEP_ PragmaType=data_pack_XLX_SEP_ PragmaContext=_XLX_SEP_ PragmaFunction=top_kernel_XLX_SEP_ PragmaOptions=variable_XLX_SEP_ [-Wdump-hls-pragmas]
top.cpp:200:9: warning: HLS pragma dump _XLX_SEP_ PragmaIsValid=1_XLX_SEP_ PragmaType=stream_XLX_SEP_ PragmaContext=_XLX_SEP_ PragmaFunction=top_kernel_XLX_SEP_ PragmaOptions=variable=inter_strm depth=512_XLX_SEP_ [-Wdump-hls-pragmas]
#pragma HLS STREAM variable=inter_strm depth=512
        ^
top.cpp:202:9: warning: HLS pragma dump _XLX_SEP_ PragmaIsValid=1_XLX_SEP_ PragmaType=dataflow_XLX_SEP_ PragmaContext=_XLX_SEP_ PragmaFunction=top_kernel_XLX_SEP_ PragmaOptions=_XLX_SEP_ [-Wdump-hls-pragmas]
#pragma HLS DATAFLOW
        ^
top.cpp:206:9: warning: HLS pragma dump _XLX_SEP_ PragmaIsValid=1_XLX_SEP_ PragmaType=unroll_XLX_SEP_ PragmaContext=_XLX_SEP_ PragmaFunction=top_kernel_XLX_SEP_ PragmaOptions=_XLX_SEP_ [-Wdump-hls-pragmas]
#pragma HLS UNROLL
        ^
16 warnings generated.
