Copyright 1986-2022 Xilinx, Inc. All Rights Reserved. Copyright 2022-2025 Advanced Micro Devices, Inc. All Rights Reserved.
---------------------------------------------------------------------------------------------------------------------------------------------
| Tool Version : Vivado v.2025.1.1 (lin64) Build 6233196 Thu Sep 11 21:27:11 MDT 2025
| Date         : Mon Mar  2 20:05:54 2026
| Host         : ece-linlabsrv01 running 64-bit Red Hat Enterprise Linux release 8.10 (Ootpa)
| Command      : report_control_sets -verbose -file bd_0_wrapper_control_sets_placed.rpt
| Design       : bd_0_wrapper
| Device       : xczu3eg
---------------------------------------------------------------------------------------------------------------------------------------------

Control Set Information

Table of Contents
-----------------
1. Summary
2. Histogram
3. Flip-Flop Distribution
4. Detailed Control Set Information

1. Summary
----------

+----------------------------------------------------------+-------+
|                          Status                          | Count |
+----------------------------------------------------------+-------+
| Total control sets                                       |   150 |
|    Minimum number of control sets                        |   150 |
|    Addition due to synthesis replication                 |     0 |
|    Addition due to physical synthesis replication        |     0 |
| Unused register locations in slices containing registers |   179 |
+----------------------------------------------------------+-------+
* Control sets can be merged at opt_design using control_set_merge or merge_equivalent_drivers
** Run report_qor_suggestions for automated merging and remapping suggestions


2. Histogram
------------

+--------------------+-------+
|       Fanout       | Count |
+--------------------+-------+
| Total control sets |   150 |
| >= 0 to < 4        |    29 |
| >= 4 to < 6        |    28 |
| >= 6 to < 8        |     3 |
| >= 8 to < 10       |    16 |
| >= 10 to < 12      |     4 |
| >= 12 to < 14      |     0 |
| >= 14 to < 16      |     1 |
| >= 16              |    69 |
+--------------------+-------+
* Control sets can be remapped at either synth_design or opt_design


3. Flip-Flop Distribution
-------------------------

+--------------+-----------------------+------------------------+-----------------+--------------+
| Clock Enable | Synchronous Set/Reset | Asynchronous Set/Reset | Total Registers | Total Slices |
+--------------+-----------------------+------------------------+-----------------+--------------+
| No           | No                    | No                     |              14 |           13 |
| No           | No                    | Yes                    |               0 |            0 |
| No           | Yes                   | No                     |             142 |           72 |
| Yes          | No                    | No                     |            4630 |          571 |
| Yes          | No                    | Yes                    |               0 |            0 |
| Yes          | Yes                   | No                     |            1731 |          324 |
+--------------+-----------------------+------------------------+-----------------+--------------+


4. Detailed Control Set Information
-----------------------------------

+--------------+------------------------------------------------------------------------------------------------------------------+---------------------------------------------------------------------------------------------------------------------------------------+------------------+----------------+--------------+
| Clock Signal |                                                   Enable Signal                                                  |                                                            Set/Reset Signal                                                           | Slice Load Count | Bel Load Count | Bels / Slice |
+--------------+------------------------------------------------------------------------------------------------------------------+---------------------------------------------------------------------------------------------------------------------------------------+------------------+----------------+--------------+
|  ap_clk      | bd_0_i/hls_inst/inst/gmem0_m_axi_U/bus_read/rs_rdata/pop                                                         | ap_rst_n                                                                                                                              |                1 |              1 |         1.00 |
|  ap_clk      | bd_0_i/hls_inst/inst/gmem0_m_axi_U/bus_read/rreq_burst_conv/burst_sequential/push                                |                                                                                                                                       |                1 |              1 |         1.00 |
|  ap_clk      | bd_0_i/hls_inst/inst/gmem1_m_axi_U/store_unit_0/fifo_wrsp/U_fifo_srl/pop_dout__0                                 |                                                                                                                                       |                1 |              1 |         1.00 |
|  ap_clk      | bd_0_i/hls_inst/inst/gmem1_m_axi_U/store_unit_0/fifo_wrsp/U_fifo_srl/pop                                         | ap_rst_n                                                                                                                              |                1 |              1 |         1.00 |
|  ap_clk      | bd_0_i/hls_inst/inst/gmem1_m_axi_U/bus_write/wreq_burst_conv/burst_sequential/push                               |                                                                                                                                       |                1 |              1 |         1.00 |
|  ap_clk      | bd_0_i/hls_inst/inst/gmem1_m_axi_U/bus_write/fifo_resp_gen[0].fifo_resp/U_fifo_srl/pop                           | ap_rst_n                                                                                                                              |                1 |              1 |         1.00 |
|  ap_clk      | bd_0_i/hls_inst/inst/start_for_k2_stats_U0_U/mOutPtr[1]_i_1__20_n_0                                              | ap_rst_n                                                                                                                              |                1 |              2 |         2.00 |
|  ap_clk      | bd_0_i/hls_inst/inst/control_s_axi_U/int_ier10_out                                                               | ap_rst_n                                                                                                                              |                1 |              2 |         2.00 |
|  ap_clk      | bd_0_i/hls_inst/inst/k3_join_norm_U0/mul_34s_30s_64_1_1_U20/full_n_reg                                           |                                                                                                                                       |                2 |              2 |         1.00 |
|  ap_clk      | bd_0_i/hls_inst/inst/gmem1_m_axi_U/store_unit_0/fifo_wreq/raddr[1]_i_1__3_n_0                                    | ap_rst_n                                                                                                                              |                1 |              2 |         2.00 |
|  ap_clk      | bd_0_i/hls_inst/inst/start_for_k_split_U0_U/mOutPtr[1]_i_1__18_n_0                                               | ap_rst_n                                                                                                                              |                1 |              2 |         2.00 |
|  ap_clk      | bd_0_i/hls_inst/inst/start_for_k4_postprocess_U0_U/mOutPtr[1]_i_1__22_n_0                                        | ap_rst_n                                                                                                                              |                1 |              2 |         2.00 |
|  ap_clk      | bd_0_i/hls_inst/inst/start_for_k1_transform_U0_U/E[0]                                                            | ap_rst_n                                                                                                                              |                1 |              2 |         2.00 |
|  ap_clk      | bd_0_i/hls_inst/inst/start_for_k0_preprocess_U0_U/mOutPtr[1]_i_1__17_n_0                                         | ap_rst_n                                                                                                                              |                1 |              2 |         2.00 |
|  ap_clk      | bd_0_i/hls_inst/inst/gmem0_m_axi_U/load_unit_0/fifo_rreq/raddr[1]_i_1_n_0                                        | ap_rst_n                                                                                                                              |                1 |              2 |         2.00 |
|  ap_clk      | bd_0_i/hls_inst/inst/k_split_U0/E[0]                                                                             | ap_rst_n                                                                                                                              |                1 |              2 |         2.00 |
|  ap_clk      |                                                                                                                  | bd_0_i/hls_inst/inst/control_s_axi_U/ap_sync_reg_load_input_U0_ap_ready                                                               |                1 |              2 |         2.00 |
|  ap_clk      | bd_0_i/hls_inst/inst/out_r_c_U/addr[2]_i_1_n_0                                                                   | ap_rst_n                                                                                                                              |                1 |              3 |         3.00 |
|  ap_clk      | bd_0_i/hls_inst/inst/gmem1_m_axi_U/store_unit_0/fifo_wrsp/U_fifo_srl/dout_vld_reg_0[0]                           | ap_rst_n                                                                                                                              |                1 |              3 |         3.00 |
|  ap_clk      | bd_0_i/hls_inst/inst/gmem1_m_axi_U/store_unit_0/fifo_wrsp/E[0]                                                   | ap_rst_n                                                                                                                              |                1 |              3 |         3.00 |
|  ap_clk      | bd_0_i/hls_inst/inst/gmem1_m_axi_U/store_unit_0/fifo_wreq/mOutPtr[2]_i_1__3_n_0                                  | ap_rst_n                                                                                                                              |                1 |              3 |         3.00 |
|  ap_clk      | bd_0_i/hls_inst/inst/s0_b_U/mOutPtr[2]_i_1__11_n_0                                                               | ap_rst_n                                                                                                                              |                1 |              3 |         3.00 |
|  ap_clk      | bd_0_i/hls_inst/inst/k3_join_norm_U0/full_n_reg_0[0]                                                             | ap_rst_n                                                                                                                              |                1 |              3 |         3.00 |
|  ap_clk      | bd_0_i/hls_inst/inst/k3_join_norm_U0/empty_n_reg[0]                                                              | ap_rst_n                                                                                                                              |                1 |              3 |         3.00 |
|  ap_clk      | bd_0_i/hls_inst/inst/k3_join_norm_U0/mul_34s_30s_64_1_1_U20/full_n_reg                                           | ap_rst_n                                                                                                                              |                2 |              3 |         1.50 |
|  ap_clk      | bd_0_i/hls_inst/inst/s_out_U/mOutPtr[2]_i_1__14_n_0                                                              | ap_rst_n                                                                                                                              |                1 |              3 |         3.00 |
|  ap_clk      | bd_0_i/hls_inst/inst/s0_U/mOutPtr[2]_i_1__10_n_0                                                                 | ap_rst_n                                                                                                                              |                2 |              3 |         1.50 |
|  ap_clk      | bd_0_i/hls_inst/inst/load_input_U0/full_n_reg[0]                                                                 | ap_rst_n                                                                                                                              |                1 |              3 |         3.00 |
|  ap_clk      | bd_0_i/hls_inst/inst/store_output_U0/E[0]                                                                        | ap_rst_n                                                                                                                              |                1 |              3 |         3.00 |
|  ap_clk      | bd_0_i/hls_inst/inst/gmem0_m_axi_U/load_unit_0/fifo_rreq/num_data_cnt[3]_i_1_n_0                                 | ap_rst_n                                                                                                                              |                1 |              4 |         4.00 |
|  ap_clk      | bd_0_i/hls_inst/inst/gmem1_m_axi_U/bus_write/wreq_throttle/rs_burst/load_p1                                      |                                                                                                                                       |                1 |              4 |         4.00 |
|  ap_clk      | bd_0_i/hls_inst/inst/control_s_axi_U/waddr                                                                       |                                                                                                                                       |                1 |              4 |         4.00 |
|  ap_clk      | bd_0_i/hls_inst/inst/gmem1_m_axi_U/store_unit_0/conservative_gen.local_BURST_WVALID_reg_0[0]                     |                                                                                                                                       |                1 |              4 |         4.00 |
|  ap_clk      | bd_0_i/hls_inst/inst/start_for_store_output_U0_U/mOutPtr[3]_i_1__7_n_0                                           | ap_rst_n                                                                                                                              |                1 |              4 |         4.00 |
|  ap_clk      | bd_0_i/hls_inst/inst/gmem1_m_axi_U/bus_write/wreq_throttle/fifo_burst_gen[0].fifo_req/raddr[3]_i_1__4_n_0        | ap_rst_n                                                                                                                              |                1 |              4 |         4.00 |
|  ap_clk      | bd_0_i/hls_inst/inst/gmem1_m_axi_U/store_unit_0/conservative_gen.fifo_burst/U_fifo_srl/raddr_reg[0][0]           | ap_rst_n                                                                                                                              |                1 |              4 |         4.00 |
|  ap_clk      | bd_0_i/hls_inst/inst/gmem1_m_axi_U/store_unit_0/fifo_wrsp/U_fifo_srl/raddr_reg[0][0]                             | ap_rst_n                                                                                                                              |                1 |              4 |         4.00 |
|  ap_clk      | bd_0_i/hls_inst/inst/gmem0_m_axi_U/load_unit_0/fifo_rreq/mOutPtr[3]_i_1_n_0                                      | ap_rst_n                                                                                                                              |                1 |              4 |         4.00 |
|  ap_clk      | bd_0_i/hls_inst/inst/store_output_U0/empty_n_reg_0[0]                                                            | ap_rst_n                                                                                                                              |                1 |              4 |         4.00 |
|  ap_clk      | bd_0_i/hls_inst/inst/gmem0_m_axi_U/bus_read/ost_ctrl_gen[0].fifo_burst/raddr[3]_i_1_n_0                          | ap_rst_n                                                                                                                              |                1 |              4 |         4.00 |
|  ap_clk      | bd_0_i/hls_inst/inst/gmem1_m_axi_U/bus_write/fifo_resp_gen[0].fifo_resp/raddr[3]_i_1__5_n_0                      | ap_rst_n                                                                                                                              |                1 |              4 |         4.00 |
|  ap_clk      | bd_0_i/hls_inst/inst/gmem1_m_axi_U/store_unit_0/conservative_gen.fifo_burst/U_fifo_srl/push_0                    |                                                                                                                                       |                1 |              4 |         4.00 |
|  ap_clk      | bd_0_i/hls_inst/inst/gmem1_m_axi_U/store_unit_0/conservative_gen.fifo_burst/U_fifo_srl/pop                       | ap_rst_n                                                                                                                              |                1 |              4 |         4.00 |
|  ap_clk      | bd_0_i/hls_inst/inst/gmem1_m_axi_U/store_unit_0/conservative_gen.fifo_burst/U_fifo_srl/dout_vld_reg              | ap_rst_n                                                                                                                              |                1 |              4 |         4.00 |
|  ap_clk      | bd_0_i/hls_inst/inst/gmem1_m_axi_U/bus_write/wreq_throttle/fifo_burst_gen[0].fifo_req/mOutPtr[4]_i_1__4_n_0      | ap_rst_n                                                                                                                              |                1 |              5 |         5.00 |
|  ap_clk      | bd_0_i/hls_inst/inst/gmem1_m_axi_U/bus_write/fifo_resp_gen[0].fifo_resp/num_data_cnt[4]_i_1__5_n_0               | ap_rst_n                                                                                                                              |                1 |              5 |         5.00 |
|  ap_clk      | bd_0_i/hls_inst/inst/gmem1_m_axi_U/bus_write/wreq_throttle/fifo_burst_gen[0].fifo_req/num_data_cnt[4]_i_1__4_n_0 | ap_rst_n                                                                                                                              |                1 |              5 |         5.00 |
|  ap_clk      | bd_0_i/hls_inst/inst/gmem1_m_axi_U/bus_write/fifo_resp_gen[0].fifo_resp/mOutPtr[4]_i_1__5_n_0                    | ap_rst_n                                                                                                                              |                1 |              5 |         5.00 |
|  ap_clk      | bd_0_i/hls_inst/inst/gmem1_m_axi_U/store_unit_0/buff_wdata/raddr[4]_i_1__0_n_0                                   | ap_rst_n                                                                                                                              |                2 |              5 |         2.50 |
|  ap_clk      | bd_0_i/hls_inst/inst/gmem1_m_axi_U/store_unit_0/fifo_wrsp/U_fifo_srl/E[0]                                        | ap_rst_n                                                                                                                              |                2 |              5 |         2.50 |
|  ap_clk      | bd_0_i/hls_inst/inst/gmem1_m_axi_U/store_unit_0/fifo_wrsp/U_fifo_srl/s_ready_t_reg[0]                            | ap_rst_n                                                                                                                              |                1 |              5 |         5.00 |
|  ap_clk      | bd_0_i/hls_inst/inst/gmem1_m_axi_U/store_unit_0/conservative_gen.fifo_burst/U_fifo_srl/full_n_reg[0]             | ap_rst_n                                                                                                                              |                2 |              5 |         2.50 |
|  ap_clk      | bd_0_i/hls_inst/inst/gmem0_m_axi_U/bus_read/ost_ctrl_gen[0].fifo_burst/mOutPtr[4]_i_1_n_0                        | ap_rst_n                                                                                                                              |                2 |              5 |         2.50 |
|  ap_clk      | bd_0_i/hls_inst/inst/gmem1_m_axi_U/store_unit_0/conservative_gen.fifo_burst/U_fifo_srl/E[0]                      | ap_rst_n                                                                                                                              |                1 |              5 |         5.00 |
|  ap_clk      | bd_0_i/hls_inst/inst/gmem0_m_axi_U/bus_read/ost_ctrl_gen[0].fifo_burst/num_data_cnt[4]_i_1_n_0                   | ap_rst_n                                                                                                                              |                1 |              5 |         5.00 |
|  ap_clk      | bd_0_i/hls_inst/inst/gmem0_m_axi_U/bus_read/ost_ctrl_gen[0].fifo_rctl/mOutPtr                                    | ap_rst_n                                                                                                                              |                1 |              5 |         5.00 |
|  ap_clk      | bd_0_i/hls_inst/inst/gmem0_m_axi_U/bus_read/ost_ctrl_gen[0].fifo_rctl/num_data_cnt                               | ap_rst_n                                                                                                                              |                1 |              5 |         5.00 |
|  ap_clk      | bd_0_i/hls_inst/inst/s3_U/ap_block_pp0_stage0_subdone                                                            | bd_0_i/hls_inst/inst/s3_U/U_top_kernel_fifo_w20_d2_S_ShiftReg/full_n_reg                                                              |                1 |              6 |         6.00 |
|  ap_clk      | bd_0_i/hls_inst/inst/store_output_U0/full_n_reg_1[0]                                                             | ap_rst_n                                                                                                                              |                2 |              6 |         3.00 |
|  ap_clk      | bd_0_i/hls_inst/inst/store_output_U0/full_n_reg_0[0]                                                             | ap_rst_n                                                                                                                              |                1 |              6 |         6.00 |
|  ap_clk      | bd_0_i/hls_inst/inst/gmem1_m_axi_U/bus_write/wreq_burst_conv/burst_sequential/could_multi_bursts.last_loop       | ap_rst_n                                                                                                                              |                3 |              8 |         2.67 |
|  ap_clk      | bd_0_i/hls_inst/inst/store_output_U0/ap_block_pp0_stage0_subdone                                                 | ap_rst_n                                                                                                                              |                2 |              8 |         4.00 |
|  ap_clk      | bd_0_i/hls_inst/inst/store_output_U0/full_n_reg[0]                                                               | ap_rst_n                                                                                                                              |                1 |              8 |         8.00 |
|  ap_clk      | bd_0_i/hls_inst/inst/k3_join_norm_U0/flow_control_loop_pipe_U/ap_condition_140                                   | bd_0_i/hls_inst/inst/k3_join_norm_U0/flow_control_loop_pipe_U/icmp_ln176_reg_481_reg[0]                                               |                2 |              8 |         4.00 |
|  ap_clk      | bd_0_i/hls_inst/inst/gmem0_m_axi_U/load_unit_0/buff_rdata/U_fifo_mem/WEBWE[0]                                    | ap_rst_n                                                                                                                              |                2 |              8 |         4.00 |
|  ap_clk      | bd_0_i/hls_inst/inst/start_for_k_split_U0_U/E[0]                                                                 | ap_rst_n                                                                                                                              |                2 |              8 |         4.00 |
|  ap_clk      | bd_0_i/hls_inst/inst/gmem1_m_axi_U/bus_write/wreq_throttle/rs_req/E[0]                                           | bd_0_i/hls_inst/inst/gmem1_m_axi_U/bus_write/wreq_throttle/rs_burst/ap_rst_n_0[0]                                                     |                3 |              8 |         2.67 |
|  ap_clk      | bd_0_i/hls_inst/inst/gmem0_m_axi_U/bus_read/rreq_burst_conv/burst_sequential/could_multi_bursts.last_loop        | ap_rst_n                                                                                                                              |                3 |              8 |         2.67 |
|  ap_clk      | bd_0_i/hls_inst/inst/k1_transform_U0/E[0]                                                                        | ap_rst_n                                                                                                                              |                2 |              8 |         4.00 |
|  ap_clk      | bd_0_i/hls_inst/inst/load_input_U0/E[0]                                                                          | ap_rst_n                                                                                                                              |                2 |              8 |         4.00 |
|  ap_clk      | bd_0_i/hls_inst/inst/gmem0_m_axi_U/load_unit_0/buff_rdata/num_data_cnt[8]_i_1_n_0                                | ap_rst_n                                                                                                                              |                2 |              9 |         4.50 |
|  ap_clk      | bd_0_i/hls_inst/inst/gmem0_m_axi_U/load_unit_0/buff_rdata/mOutPtr[8]_i_1_n_0                                     | ap_rst_n                                                                                                                              |                2 |              9 |         4.50 |
|  ap_clk      | bd_0_i/hls_inst/inst/s0_a_U/mOutPtr[8]_i_1__0_n_0                                                                | ap_rst_n                                                                                                                              |                2 |              9 |         4.50 |
|  ap_clk      | bd_0_i/hls_inst/inst/s0_a_U/num_data_cnt[8]_i_1__0_n_0                                                           | ap_rst_n                                                                                                                              |                2 |              9 |         4.50 |
|  ap_clk      | bd_0_i/hls_inst/inst/s1_U/mOutPtr[8]_i_1__1_n_0                                                                  | ap_rst_n                                                                                                                              |                2 |              9 |         4.50 |
|  ap_clk      | bd_0_i/hls_inst/inst/k3_join_norm_U0/E[0]                                                                        | ap_rst_n                                                                                                                              |                2 |              9 |         4.50 |
|  ap_clk      | bd_0_i/hls_inst/inst/gmem1_m_axi_U/bus_write/wreq_burst_conv/burst_sequential/rs_req/p_15_in                     | bd_0_i/hls_inst/inst/gmem1_m_axi_U/bus_write/wreq_burst_conv/burst_sequential/sect_addr_buf[11]_i_1__0_n_0                            |                2 |             10 |         5.00 |
|  ap_clk      | bd_0_i/hls_inst/inst/load_input_U0/flow_control_loop_pipe_U/full_n_reg[0]                                        | ap_rst_n                                                                                                                              |                3 |             10 |         3.33 |
|  ap_clk      | bd_0_i/hls_inst/inst/gmem0_m_axi_U/bus_read/rreq_burst_conv/burst_sequential/rs_req/p_15_in                      | bd_0_i/hls_inst/inst/gmem0_m_axi_U/bus_read/rreq_burst_conv/burst_sequential/sect_addr_buf[11]_i_1_n_0                                |                2 |             10 |         5.00 |
|  ap_clk      | bd_0_i/hls_inst/inst/s3_U/U_top_kernel_fifo_w20_d2_S_ShiftReg/empty_n_reg                                        | bd_0_i/hls_inst/inst/s3_U/U_top_kernel_fifo_w20_d2_S_ShiftReg/select_ln115_1_reg_3350_in[0]                                           |                3 |             11 |         3.67 |
|  ap_clk      |                                                                                                                  |                                                                                                                                       |               13 |             14 |         1.08 |
|  ap_clk      | bd_0_i/hls_inst/inst/k0_preprocess_U0/flow_control_loop_pipe_U/E[0]                                              |                                                                                                                                       |                3 |             16 |         5.33 |
|  ap_clk      | bd_0_i/hls_inst/inst/s3_U/k4_postprocess_U0_s3_read                                                              |                                                                                                                                       |                3 |             16 |         5.33 |
|  ap_clk      | bd_0_i/hls_inst/inst/start_for_k_split_U0_U/k_split_U0_s0_read                                                   |                                                                                                                                       |                3 |             16 |         5.33 |
|  ap_clk      | bd_0_i/hls_inst/inst/load_input_U0/flow_control_loop_pipe_U/E[0]                                                 |                                                                                                                                       |                3 |             16 |         5.33 |
|  ap_clk      | bd_0_i/hls_inst/inst/k2_stats_U0/sdiv_50ns_35s_50_54_1_U16/top_kernel_sdiv_50ns_35s_50_54_1_divider_u/E[0]       | bd_0_i/hls_inst/inst/k2_stats_U0/sdiv_50ns_35s_50_54_1_U16/divisor0[21]_i_1_n_0                                                       |                2 |             16 |         8.00 |
|  ap_clk      | bd_0_i/hls_inst/inst/start_for_store_output_U0_U/E[0]                                                            |                                                                                                                                       |                3 |             16 |         5.33 |
|  ap_clk      | bd_0_i/hls_inst/inst/k1_transform_U0/flow_control_loop_pipe_U/E[0]                                               | bd_0_i/hls_inst/inst/k1_transform_U0/flow_control_loop_pipe_U/ap_loop_init_reg_1                                                      |                6 |             18 |         3.00 |
|  ap_clk      | bd_0_i/hls_inst/inst/k3_join_norm_U0/flow_control_loop_pipe_U/ap_condition_140                                   |                                                                                                                                       |                4 |             18 |         4.50 |
|  ap_clk      | bd_0_i/hls_inst/inst/s0_U/U_top_kernel_fifo_w20_d2_S_ShiftReg/E[0]                                               | bd_0_i/hls_inst/inst/s_in_U/U_top_kernel_fifo_w20_d2_S_ShiftReg/full_n_reg                                                            |                3 |             19 |         6.33 |
|  ap_clk      | bd_0_i/hls_inst/inst/k3_join_norm_U0/mul_34s_30s_64_1_1_U20/full_n_reg                                           | bd_0_i/hls_inst/inst/k3_join_norm_U0/mul_34s_30s_64_1_1_U20/select_ln179_3_reg_495                                                    |                5 |             20 |         4.00 |
|  ap_clk      | bd_0_i/hls_inst/inst/s1_U/U_top_kernel_fifo_w20_d160_A_ram/mem_reg_0_63_0_6_i_8__0_n_0                           |                                                                                                                                       |                3 |             20 |         6.67 |
|  ap_clk      | bd_0_i/hls_inst/inst/store_output_U0/push                                                                        |                                                                                                                                       |                3 |             20 |         6.67 |
|  ap_clk      | bd_0_i/hls_inst/inst/gmem1_m_axi_U/bus_write/wreq_throttle/rs_req/ap_rst_n_1                                     | bd_0_i/hls_inst/inst/gmem1_m_axi_U/bus_write/wreq_throttle/rs_req/ap_rst_n_0                                                          |                4 |             20 |         5.00 |
|  ap_clk      | bd_0_i/hls_inst/inst/s1_U/U_top_kernel_fifo_w20_d160_A_ram/mem_reg_128_191_0_6_i_1__0_n_0                        |                                                                                                                                       |                3 |             20 |         6.67 |
|  ap_clk      | bd_0_i/hls_inst/inst/s1_U/U_top_kernel_fifo_w20_d160_A_ram/mem_reg_64_127_0_6_i_1__0_n_0                         |                                                                                                                                       |                3 |             20 |         6.67 |
|  ap_clk      | bd_0_i/hls_inst/inst/gmem1_m_axi_U/bus_write/wreq_throttle/rs_burst/E[0]                                         | ap_rst_n                                                                                                                              |                4 |             20 |         5.00 |
|  ap_clk      | bd_0_i/hls_inst/inst/k1_transform_U0/ap_block_pp0_stage0_subdone                                                 |                                                                                                                                       |                4 |             21 |         5.25 |
|  ap_clk      | bd_0_i/hls_inst/inst/s0_U/U_top_kernel_fifo_w20_d2_S_ShiftReg/E[0]                                               |                                                                                                                                       |                6 |             21 |         3.50 |
|  ap_clk      | bd_0_i/hls_inst/inst/k2_stats_U0/sdiv_50ns_35s_50_54_1_U16/top_kernel_sdiv_50ns_35s_50_54_1_divider_u/E[0]       | bd_0_i/hls_inst/inst/k2_stats_U0/flow_control_loop_pipe_U/empty_n_reg_0                                                               |                5 |             22 |         4.40 |
|  ap_clk      | bd_0_i/hls_inst/inst/k2_stats_U0/flow_control_loop_pipe_U/E[0]                                                   | bd_0_i/hls_inst/inst/k2_stats_U0/flow_control_loop_pipe_U/empty_n_reg                                                                 |               10 |             22 |         2.20 |
|  ap_clk      | bd_0_i/hls_inst/inst/s0_a_U/U_top_kernel_fifo_w20_d160_A_ram/mem_reg_0_63_0_6_i_8_n_0                            |                                                                                                                                       |                3 |             24 |         8.00 |
|  ap_clk      | bd_0_i/hls_inst/inst/s0_a_U/U_top_kernel_fifo_w20_d160_A_ram/mem_reg_128_191_0_6_i_1_n_0                         |                                                                                                                                       |                3 |             24 |         8.00 |
|  ap_clk      | bd_0_i/hls_inst/inst/s0_a_U/U_top_kernel_fifo_w20_d160_A_ram/mem_reg_64_127_0_6_i_1_n_0                          |                                                                                                                                       |                3 |             24 |         8.00 |
|  ap_clk      | bd_0_i/hls_inst/inst/s1_U/U_top_kernel_fifo_w20_d160_A_ram/E[0]                                                  | ap_rst_n                                                                                                                              |                9 |             25 |         2.78 |
|  ap_clk      | bd_0_i/hls_inst/inst/k2_stats_U0/push                                                                            | bd_0_i/hls_inst/inst/k2_stats_U0/sdiv_50ns_35s_50_54_1_U16/quot_reg[49]_0                                                             |                5 |             27 |         5.40 |
|  ap_clk      | bd_0_i/hls_inst/inst/s0_a_U/U_top_kernel_fifo_w20_d160_A_ram/E[0]                                                | ap_rst_n                                                                                                                              |                5 |             28 |         5.60 |
|  ap_clk      | bd_0_i/hls_inst/inst/k2_stats_U0/sdiv_50ns_35s_50_54_1_U16/top_kernel_sdiv_50ns_35s_50_54_1_divider_u/E[0]       | bd_0_i/hls_inst/inst/k2_stats_U0/sdiv_50ns_35s_50_54_1_U16/top_kernel_sdiv_50ns_35s_50_54_1_divider_u/loop[0].remd_tmp[1][34]_i_1_n_0 |                5 |             29 |         5.80 |
|  ap_clk      | bd_0_i/hls_inst/inst/k2_stats_U0/push                                                                            |                                                                                                                                       |                9 |             29 |         3.22 |
|  ap_clk      | bd_0_i/hls_inst/inst/control_s_axi_U/int_out_r[63]_i_1_n_0                                                       | ap_rst_n                                                                                                                              |               16 |             32 |         2.00 |
|  ap_clk      | bd_0_i/hls_inst/inst/control_s_axi_U/int_in_r[63]_i_1_n_0                                                        | ap_rst_n                                                                                                                              |               15 |             32 |         2.13 |
|  ap_clk      | bd_0_i/hls_inst/inst/control_s_axi_U/ar_hs                                                                       |                                                                                                                                       |               21 |             32 |         1.52 |
|  ap_clk      | bd_0_i/hls_inst/inst/control_s_axi_U/int_in_r[31]_i_1_n_0                                                        | ap_rst_n                                                                                                                              |               15 |             32 |         2.13 |
|  ap_clk      | bd_0_i/hls_inst/inst/control_s_axi_U/int_out_r[31]_i_1_n_0                                                       | ap_rst_n                                                                                                                              |               16 |             32 |         2.00 |
|  ap_clk      | bd_0_i/hls_inst/inst/gmem0_m_axi_U/bus_read/rs_rdata/load_p2                                                     |                                                                                                                                       |                7 |             33 |         4.71 |
|  ap_clk      | bd_0_i/hls_inst/inst/gmem0_m_axi_U/bus_read/rs_rdata/load_p1                                                     |                                                                                                                                       |                7 |             33 |         4.71 |
|  ap_clk      | bd_0_i/hls_inst/inst/s_out_U/U_top_kernel_fifo_w20_d2_S_ShiftReg/E[0]                                            |                                                                                                                                       |                7 |             34 |         4.86 |
|  ap_clk      | bd_0_i/hls_inst/inst/k1_transform_U0/flow_control_loop_pipe_U/E[0]                                               |                                                                                                                                       |                9 |             37 |         4.11 |
|  ap_clk      | bd_0_i/hls_inst/inst/load_input_U0/push_0                                                                        |                                                                                                                                       |               11 |             40 |         3.64 |
|  ap_clk      | bd_0_i/hls_inst/inst/s0_b_U/U_top_kernel_fifo_w20_d2_S_ShiftReg/push                                             |                                                                                                                                       |                9 |             40 |         4.44 |
|  ap_clk      | bd_0_i/hls_inst/inst/k2_stats_U0/flow_control_loop_pipe_U/E[0]                                                   |                                                                                                                                       |               10 |             40 |         4.00 |
|  ap_clk      | bd_0_i/hls_inst/inst/k3_join_norm_U0/push                                                                        |                                                                                                                                       |               13 |             40 |         3.08 |
|  ap_clk      | bd_0_i/hls_inst/inst/gmem0_m_axi_U/bus_read/rreq_burst_conv/burst_sequential/rs_req/E[0]                         | ap_rst_n                                                                                                                              |               11 |             53 |         4.82 |
|  ap_clk      | bd_0_i/hls_inst/inst/gmem1_m_axi_U/bus_write/wreq_burst_conv/burst_sequential/rs_req/E[0]                        | ap_rst_n                                                                                                                              |               12 |             53 |         4.42 |
|  ap_clk      | bd_0_i/hls_inst/inst/k2_stats_U0/sdiv_50ns_35s_50_54_1_U16/top_kernel_sdiv_50ns_35s_50_54_1_divider_u/E[0]       | ap_rst_n                                                                                                                              |                7 |             54 |         7.71 |
|  ap_clk      | bd_0_i/hls_inst/inst/control_s_axi_U/push                                                                        |                                                                                                                                       |                4 |             62 |        15.50 |
|  ap_clk      | bd_0_i/hls_inst/inst/gmem1_m_axi_U/bus_write/wreq_throttle/rs_burst/pop                                          | ap_rst_n                                                                                                                              |               15 |             62 |         4.13 |
|  ap_clk      | bd_0_i/hls_inst/inst/gmem1_m_axi_U/bus_write/wreq_throttle/fifo_burst_gen[0].fifo_req/U_fifo_srl/push            |                                                                                                                                       |                4 |             62 |        15.50 |
|  ap_clk      | bd_0_i/hls_inst/inst/load_input_U0/push                                                                          |                                                                                                                                       |                5 |             63 |        12.60 |
|  ap_clk      | bd_0_i/hls_inst/inst/store_output_U0/push_0                                                                      |                                                                                                                                       |                5 |             63 |        12.60 |
|  ap_clk      | bd_0_i/hls_inst/inst/gmem1_m_axi_U/store_unit_0/fifo_wreq/U_fifo_srl/pop                                         | ap_rst_n                                                                                                                              |               14 |             63 |         4.50 |
|  ap_clk      | bd_0_i/hls_inst/inst/gmem0_m_axi_U/load_unit_0/fifo_rreq/U_fifo_srl/pop                                          | ap_rst_n                                                                                                                              |               25 |             63 |         2.52 |
|  ap_clk      | bd_0_i/hls_inst/inst/gmem1_m_axi_U/store_unit_0/tmp_valid_reg_0[0]                                               |                                                                                                                                       |               10 |             64 |         6.40 |
|  ap_clk      | bd_0_i/hls_inst/inst/gmem0_m_axi_U/load_unit_0/E[0]                                                              |                                                                                                                                       |               12 |             64 |         5.33 |
|  ap_clk      | bd_0_i/hls_inst/inst/gmem1_m_axi_U/store_unit_0/fifo_wreq/next_wreq                                              | ap_rst_n                                                                                                                              |               14 |             64 |         4.57 |
|  ap_clk      | bd_0_i/hls_inst/inst/gmem1_m_axi_U/bus_write/wreq_burst_conv/burst_sequential/rs_req/load_p1                     |                                                                                                                                       |               10 |             64 |         6.40 |
|  ap_clk      | bd_0_i/hls_inst/inst/gmem0_m_axi_U/load_unit_0/fifo_rreq/E[0]                                                    | ap_rst_n                                                                                                                              |               21 |             64 |         3.05 |
|  ap_clk      | bd_0_i/hls_inst/inst/gmem0_m_axi_U/bus_read/rreq_burst_conv/burst_sequential/rs_req/load_p1                      |                                                                                                                                       |               12 |             64 |         5.33 |
|  ap_clk      | bd_0_i/hls_inst/inst/gmem1_m_axi_U/bus_write/wreq_throttle/rs_burst/state_reg[0]_0[0]                            |                                                                                                                                       |               10 |             66 |         6.60 |
|  ap_clk      | bd_0_i/hls_inst/inst/gmem1_m_axi_U/bus_write/wreq_throttle/rs_req/load_p1                                        |                                                                                                                                       |               10 |             66 |         6.60 |
|  ap_clk      | bd_0_i/hls_inst/inst/gmem0_m_axi_U/bus_read/rreq_burst_conv/burst_sequential/E[0]                                | ap_rst_n                                                                                                                              |                9 |             71 |         7.89 |
|  ap_clk      | bd_0_i/hls_inst/inst/gmem1_m_axi_U/bus_write/wreq_burst_conv/burst_sequential/E[0]                               | ap_rst_n                                                                                                                              |               11 |             71 |         6.45 |
|  ap_clk      | bd_0_i/hls_inst/inst/gmem1_m_axi_U/bus_write/wreq_burst_conv/burst_sequential/rs_req/p_15_in                     | ap_rst_n                                                                                                                              |               16 |             77 |         4.81 |
|  ap_clk      | bd_0_i/hls_inst/inst/gmem0_m_axi_U/bus_read/rreq_burst_conv/burst_sequential/rs_req/p_15_in                      | ap_rst_n                                                                                                                              |               18 |             77 |         4.28 |
|  ap_clk      | bd_0_i/hls_inst/inst/load_input_U0/flow_control_loop_pipe_U/full_n_reg[0]                                        |                                                                                                                                       |               27 |             83 |         3.07 |
|  ap_clk      | bd_0_i/hls_inst/inst/store_output_U0/ap_block_pp0_stage0_subdone                                                 |                                                                                                                                       |               19 |             85 |         4.47 |
|  ap_clk      | bd_0_i/hls_inst/inst/gmem1_m_axi_U/bus_write/wreq_burst_conv/burst_sequential/rs_req/next_req                    | ap_rst_n                                                                                                                              |               23 |            103 |         4.48 |
|  ap_clk      | bd_0_i/hls_inst/inst/gmem0_m_axi_U/bus_read/rreq_burst_conv/burst_sequential/rs_req/next_req                     | ap_rst_n                                                                                                                              |               26 |            103 |         3.96 |
|  ap_clk      |                                                                                                                  | ap_rst_n                                                                                                                              |               71 |            140 |         1.97 |
|  ap_clk      | bd_0_i/hls_inst/inst/k2_stats_U0/sdiv_50ns_35s_50_54_1_U16/top_kernel_sdiv_50ns_35s_50_54_1_divider_u/E[0]       |                                                                                                                                       |              416 |           3633 |         8.73 |
+--------------+------------------------------------------------------------------------------------------------------------------+---------------------------------------------------------------------------------------------------------------------------------------+------------------+----------------+--------------+


