  **** HLS Build v2025.1.1 6214317
Sourcing Tcl script '/nethome/asandeep6/FPGA_ECE8893/2026_Spring/lab3/script.tcl'
INFO: [HLS 200-1510] Running: open_component project_1 
INFO: [HLS 200-10] Creating and opening component '/nethome/asandeep6/FPGA_ECE8893/2026_Spring/lab3/project_1'.
INFO: [HLS 200-1505] Using default flow_target 'vivado'
Resolution: For help on HLS 200-1505 see docs.xilinx.com/access/sources/dita/topic?Doc_Version=2025.1%20English&url=ug1448-hls-guidance&resourceid=200-1505.html
INFO: [HLS 200-2176] Writing Vitis IDE component file /nethome/asandeep6/FPGA_ECE8893/2026_Spring/lab3/project_1/vitis-comp.json
INFO: [HLS 200-1915] Writing HLS config ini file /nethome/asandeep6/FPGA_ECE8893/2026_Spring/lab3/project_1/hls_config.cfg
INFO: [HLS 200-1510] Running: set_top top_kernel 
INFO: [HLS 200-1510] Running: add_files top.cpp 
INFO: [HLS 200-10] Adding design file 'top.cpp' to the project
INFO: [HLS 200-1510] Running: add_files -tb host.cpp 
INFO: [HLS 200-10] Adding test bench file 'host.cpp' to the project
INFO: [HLS 200-1510] Running: config_unroll -tripcount_threshold 0 
INFO: [XFORM 203-502] Automatic unrolling disabled.
INFO: [HLS 200-1510] Running: config_compile -pipeline_loops 0 
INFO: [HLS 200-1510] Running: set_part xczu3eg-sbva484-1-e 
INFO: [HLS 200-1611] Setting target device to 'xczu3eg-sbva484-1-e'
INFO: [HLS 200-1510] Running: csynth_design 
INFO: [HLS 200-1915] Writing HLS config ini file /nethome/asandeep6/FPGA_ECE8893/2026_Spring/lab3/project_1/hls_config.cfg
INFO: [HLS 200-111] Finished File checks and directory preparation: CPU user time: 0.69 seconds. CPU system time: 0.14 seconds. Elapsed time: 8.46 seconds; current allocated memory: 690.195 MB.
INFO: [HLS 200-10] Analyzing design file 'top.cpp' ... 
WARNING: [HLS 207-5570] unexpected pragma parameter 'latency' (top.cpp:566:27)
WARNING: [HLS 207-5570] unexpected pragma parameter 'latency' (top.cpp:666:27)
WARNING: [HLS 207-5570] unexpected pragma parameter 'latency' (top.cpp:687:27)
WARNING: [HLS 207-5570] unexpected pragma parameter 'register' (top.cpp:727:87)
WARNING: [HLS 207-5570] unexpected pragma parameter 'register' (top.cpp:728:88)
INFO: [HLS 200-111] Finished Source Code Analysis and Preprocessing: CPU user time: 7.58 seconds. CPU system time: 1.18 seconds. Elapsed time: 8.94 seconds; current allocated memory: 693.012 MB.
INFO: [HLS 200-777] Using interface defaults for 'Vivado' flow target.
INFO: [HLS 200-1995] There were 28,099 instructions in the design after the 'Compile/Link' phase of compilation. See the Design Size Report for more details (/nethome/asandeep6/FPGA_ECE8893/2026_Spring/lab3/project_1/hls/syn/report/csynth_design_size.rpt:2)
INFO: [HLS 200-1995] There were 31,867 instructions in the design after the 'Unroll/Inline (step 1)' phase of compilation. See the Design Size Report for more details (/nethome/asandeep6/FPGA_ECE8893/2026_Spring/lab3/project_1/hls/syn/report/csynth_design_size.rpt:2)
INFO: [HLS 200-1995] There were 15,620 instructions in the design after the 'Unroll/Inline (step 2)' phase of compilation. See the Design Size Report for more details (/nethome/asandeep6/FPGA_ECE8893/2026_Spring/lab3/project_1/hls/syn/report/csynth_design_size.rpt:2)
INFO: [HLS 200-1995] There were 14,863 instructions in the design after the 'Unroll/Inline (step 3)' phase of compilation. See the Design Size Report for more details (/nethome/asandeep6/FPGA_ECE8893/2026_Spring/lab3/project_1/hls/syn/report/csynth_design_size.rpt:2)
INFO: [HLS 200-1995] There were 13,931 instructions in the design after the 'Unroll/Inline (step 4)' phase of compilation. See the Design Size Report for more details (/nethome/asandeep6/FPGA_ECE8893/2026_Spring/lab3/project_1/hls/syn/report/csynth_design_size.rpt:2)
INFO: [HLS 200-1995] There were 12,941 instructions in the design after the 'Array/Struct (step 1)' phase of compilation. See the Design Size Report for more details (/nethome/asandeep6/FPGA_ECE8893/2026_Spring/lab3/project_1/hls/syn/report/csynth_design_size.rpt:2)
INFO: [HLS 200-1995] There were 12,941 instructions in the design after the 'Array/Struct (step 2)' phase of compilation. See the Design Size Report for more details (/nethome/asandeep6/FPGA_ECE8893/2026_Spring/lab3/project_1/hls/syn/report/csynth_design_size.rpt:2)
INFO: [HLS 200-1995] There were 12,941 instructions in the design after the 'Array/Struct (step 3)' phase of compilation. See the Design Size Report for more details (/nethome/asandeep6/FPGA_ECE8893/2026_Spring/lab3/project_1/hls/syn/report/csynth_design_size.rpt:2)
INFO: [HLS 200-1995] There were 12,941 instructions in the design after the 'Array/Struct (step 4)' phase of compilation. See the Design Size Report for more details (/nethome/asandeep6/FPGA_ECE8893/2026_Spring/lab3/project_1/hls/syn/report/csynth_design_size.rpt:2)
INFO: [HLS 200-1995] There were 12,944 instructions in the design after the 'Array/Struct (step 5)' phase of compilation. See the Design Size Report for more details (/nethome/asandeep6/FPGA_ECE8893/2026_Spring/lab3/project_1/hls/syn/report/csynth_design_size.rpt:2)
INFO: [HLS 200-1995] There were 12,944 instructions in the design after the 'Performance' phase of compilation. See the Design Size Report for more details (/nethome/asandeep6/FPGA_ECE8893/2026_Spring/lab3/project_1/hls/syn/report/csynth_design_size.rpt:2)
INFO: [HLS 200-1995] There were 12,941 instructions in the design after the 'Performance (step 2)' phase of compilation. See the Design Size Report for more details (/nethome/asandeep6/FPGA_ECE8893/2026_Spring/lab3/project_1/hls/syn/report/csynth_design_size.rpt:2)
INFO: [HLS 200-1995] There were 12,941 instructions in the design after the 'Performance (step 3)' phase of compilation. See the Design Size Report for more details (/nethome/asandeep6/FPGA_ECE8893/2026_Spring/lab3/project_1/hls/syn/report/csynth_design_size.rpt:2)
INFO: [HLS 200-1995] There were 12,941 instructions in the design after the 'Performance (step 4)' phase of compilation. See the Design Size Report for more details (/nethome/asandeep6/FPGA_ECE8893/2026_Spring/lab3/project_1/hls/syn/report/csynth_design_size.rpt:2)
INFO: [HLS 200-1995] There were 12,964 instructions in the design after the 'HW Transforms (step 1)' phase of compilation. See the Design Size Report for more details (/nethome/asandeep6/FPGA_ECE8893/2026_Spring/lab3/project_1/hls/syn/report/csynth_design_size.rpt:2)
INFO: [HLS 200-1995] There were 13,493 instructions in the design after the 'HW Transforms (step 2)' phase of compilation. See the Design Size Report for more details (/nethome/asandeep6/FPGA_ECE8893/2026_Spring/lab3/project_1/hls/syn/report/csynth_design_size.rpt:2)
INFO: [HLS 214-131] Inlining function 'hls_clamp(ap_fixed<20, 6, (ap_q_mode)0, (ap_o_mode)0, 0>, ap_fixed<20, 6, (ap_q_mode)0, (ap_o_mode)0, 0>, ap_fixed<20, 6, (ap_q_mode)0, (ap_o_mode)0, 0>)' into 'super_kernel_32(hls::stream<data_vec_t, 0>&, hls::stream<data_vec_t, 0>&, hls::stream<data_vec_t, 0>&, hls::stream<data_vec_t, 0>&, hls::stream<data_vec_t, 0>&, hls::stream<data_vec_t, 0>&)' (top.cpp:601:30)
INFO: [HLS 214-131] Inlining function 'hls_clamp(ap_fixed<20, 6, (ap_q_mode)0, (ap_o_mode)0, 0>, ap_fixed<20, 6, (ap_q_mode)0, (ap_o_mode)0, 0>, ap_fixed<20, 6, (ap_q_mode)0, (ap_o_mode)0, 0>)' into 'k4_dual_post(hls::stream<data_vec_t, 0>&, hls::stream<data_vec_t, 0>&, hls::stream<data_vec_t, 0>&, hls::stream<data_vec_t, 0>&)' (top.cpp:696:23)
INFO: [HLS 214-377] Adding 'rb' into disaggregation list because there's array-partition pragma applied on the struct field (top.cpp:692:9)
INFO: [HLS 214-377] Adding 'ra' into disaggregation list because there's array-partition pragma applied on the struct field (top.cpp:691:9)
INFO: [HLS 214-377] Adding 'rb' into disaggregation list because there's array-partition pragma applied on the struct field (top.cpp:671:9)
INFO: [HLS 214-377] Adding 'ra' into disaggregation list because there's array-partition pragma applied on the struct field (top.cpp:670:9)
INFO: [HLS 214-377] Adding 'vjb' into disaggregation list because there's array-partition pragma applied on the struct field (top.cpp:576:9)
INFO: [HLS 214-377] Adding 'vja' into disaggregation list because there's array-partition pragma applied on the struct field (top.cpp:575:9)
INFO: [HLS 214-377] Adding 'vsb' into disaggregation list because there's array-partition pragma applied on the struct field (top.cpp:574:9)
INFO: [HLS 214-377] Adding 'vsa' into disaggregation list because there's array-partition pragma applied on the struct field (top.cpp:573:9)
INFO: [HLS 214-377] Adding 'vec_b' into disaggregation list because there's array-partition pragma applied on the struct field (top.cpp:544:9)
INFO: [HLS 214-377] Adding 'vec_a' into disaggregation list because there's array-partition pragma applied on the struct field (top.cpp:543:9)
INFO: [HLS 214-210] Disaggregating variable 'vec_b' (top.cpp:542:27)
Resolution: For help on HLS 214-210 see docs.xilinx.com/access/sources/dita/topic?Doc_Version=2025.1%20English&url=ug1448-hls-guidance&resourceid=214-210.html
INFO: [HLS 214-210] Disaggregating variable 'vec_a' (top.cpp:542:20)
Resolution: For help on HLS 214-210 see docs.xilinx.com/access/sources/dita/topic?Doc_Version=2025.1%20English&url=ug1448-hls-guidance&resourceid=214-210.html
INFO: [HLS 214-210] Disaggregating variable 'vjb' (top.cpp:572:35)
Resolution: For help on HLS 214-210 see docs.xilinx.com/access/sources/dita/topic?Doc_Version=2025.1%20English&url=ug1448-hls-guidance&resourceid=214-210.html
INFO: [HLS 214-210] Disaggregating variable 'vsb' (top.cpp:572:30)
Resolution: For help on HLS 214-210 see docs.xilinx.com/access/sources/dita/topic?Doc_Version=2025.1%20English&url=ug1448-hls-guidance&resourceid=214-210.html
INFO: [HLS 214-210] Disaggregating variable 'vja' (top.cpp:572:25)
Resolution: For help on HLS 214-210 see docs.xilinx.com/access/sources/dita/topic?Doc_Version=2025.1%20English&url=ug1448-hls-guidance&resourceid=214-210.html
INFO: [HLS 214-210] Disaggregating variable 'vsa' (top.cpp:572:20)
Resolution: For help on HLS 214-210 see docs.xilinx.com/access/sources/dita/topic?Doc_Version=2025.1%20English&url=ug1448-hls-guidance&resourceid=214-210.html
INFO: [HLS 214-210] Disaggregating variable 'rb' (top.cpp:669:28)
Resolution: For help on HLS 214-210 see docs.xilinx.com/access/sources/dita/topic?Doc_Version=2025.1%20English&url=ug1448-hls-guidance&resourceid=214-210.html
INFO: [HLS 214-210] Disaggregating variable 'ra' (top.cpp:669:24)
Resolution: For help on HLS 214-210 see docs.xilinx.com/access/sources/dita/topic?Doc_Version=2025.1%20English&url=ug1448-hls-guidance&resourceid=214-210.html
INFO: [HLS 214-210] Disaggregating variable 'rb' (top.cpp:690:24)
Resolution: For help on HLS 214-210 see docs.xilinx.com/access/sources/dita/topic?Doc_Version=2025.1%20English&url=ug1448-hls-guidance&resourceid=214-210.html
INFO: [HLS 214-210] Disaggregating variable 'ra' (top.cpp:690:20)
Resolution: For help on HLS 214-210 see docs.xilinx.com/access/sources/dita/topic?Doc_Version=2025.1%20English&url=ug1448-hls-guidance&resourceid=214-210.html
INFO: [HLS 214-291] Loop 'VITIS_LOOP_714_1' is marked as complete unroll implied by the pipeline pragma (top.cpp:714:27)
INFO: [HLS 214-291] Loop 'VITIS_LOOP_625_3' is marked as complete unroll implied by the pipeline pragma (top.cpp:625:20)
INFO: [HLS 214-291] Loop 'VITIS_LOOP_636_4' is marked as complete unroll implied by the pipeline pragma (top.cpp:636:20)
INFO: [HLS 214-291] Loop 'VITIS_LOOP_640_5' is marked as complete unroll implied by the pipeline pragma (top.cpp:640:31)
INFO: [HLS 214-291] Loop 'VITIS_LOOP_644_6' is marked as complete unroll implied by the pipeline pragma (top.cpp:644:31)
INFO: [HLS 214-291] Loop 'VITIS_LOOP_648_7' is marked as complete unroll implied by the pipeline pragma (top.cpp:648:31)
INFO: [HLS 214-291] Loop 'VITIS_LOOP_546_1' is marked as complete unroll implied by the pipeline pragma (top.cpp:546:20)
INFO: [HLS 214-186] Unrolling loop 'VITIS_LOOP_714_1' (top.cpp:714:27) in function 'store_dual' completely with a factor of 16 (top.cpp:704:0)
INFO: [HLS 214-186] Unrolling loop 'VITIS_LOOP_693_2' (top.cpp:693:20) in function 'k4_dual_post' completely with a factor of 16 (top.cpp:684:0)
INFO: [HLS 214-186] Unrolling loop 'VITIS_LOOP_672_3' (top.cpp:672:20) in function 'k3_dual_norm' completely with a factor of 16 (top.cpp:660:0)
INFO: [HLS 214-186] Unrolling loop 'VITIS_LOOP_625_3' (top.cpp:625:20) in function 'k2_stats_dual' completely with a factor of 16 (top.cpp:615:0)
INFO: [HLS 214-186] Unrolling loop 'VITIS_LOOP_636_4' (top.cpp:636:20) in function 'k2_stats_dual' completely with a factor of 16 (top.cpp:615:0)
INFO: [HLS 214-186] Unrolling loop 'VITIS_LOOP_640_5' (top.cpp:640:31) in function 'k2_stats_dual' completely with a factor of 8 (top.cpp:615:0)
INFO: [HLS 214-186] Unrolling loop 'VITIS_LOOP_644_6' (top.cpp:644:31) in function 'k2_stats_dual' completely with a factor of 4 (top.cpp:615:0)
INFO: [HLS 214-186] Unrolling loop 'VITIS_LOOP_648_7' (top.cpp:648:31) in function 'k2_stats_dual' completely with a factor of 2 (top.cpp:615:0)
INFO: [HLS 214-186] Unrolling loop 'VITIS_LOOP_582_1' (top.cpp:582:20) in function 'super_kernel_32' completely with a factor of 16 (top.cpp:560:0)
INFO: [HLS 214-186] Unrolling loop 'VITIS_LOOP_590_2' (top.cpp:590:27) in function 'super_kernel_32' completely with a factor of 32 (top.cpp:560:0)
INFO: [HLS 214-186] Unrolling loop 'VITIS_LOOP_546_1' (top.cpp:546:20) in function 'load_dual' completely with a factor of 16 (top.cpp:535:0)
WARNING: [HLS 214-167] The program may have out of bound array access on variable 'in' (top.cpp:541:21)
WARNING: [HLS 214-450] Ignore address on register port 'in' (top.cpp:541:21)
WARNING: [HLS 214-167] The program may have out of bound array access on variable 'out' (top.cpp:720:21)
WARNING: [HLS 214-450] Ignore address on register port 'out' (top.cpp:720:21)
INFO: [HLS 200-111] Finished Compiling Optimization and Transform: CPU user time: 9.94 seconds. CPU system time: 1.16 seconds. Elapsed time: 14.55 seconds; current allocated memory: 703.375 MB.
INFO: [HLS 200-111] Finished Checking Pragmas: CPU user time: 0 seconds. CPU system time: 0 seconds. Elapsed time: 0.01 seconds; current allocated memory: 703.375 MB.
INFO: [HLS 200-10] Starting code transformations ...
INFO: [HLS 200-111] Finished Standard Transforms: CPU user time: 0.57 seconds. CPU system time: 0.01 seconds. Elapsed time: 0.59 seconds; current allocated memory: 712.258 MB.
INFO: [HLS 200-10] Checking synthesizability ...
INFO: [HLS 200-111] Finished Checking Synthesizability: CPU user time: 0.95 seconds. CPU system time: 0.01 seconds. Elapsed time: 0.98 seconds; current allocated memory: 720.914 MB.
WARNING: [HLS 200-805] An internal stream 'sb_stats' with default size can result in deadlock. Please consider resizing the stream using the directive 'set_directive_stream' or the 'HLS stream' pragma.
WARNING: [HLS 200-805] An internal stream 'sb_post' with default size can result in deadlock. Please consider resizing the stream using the directive 'set_directive_stream' or the 'HLS stream' pragma.
WARNING: [HLS 200-805] An internal stream 'sb_norm' with default size can result in deadlock. Please consider resizing the stream using the directive 'set_directive_stream' or the 'HLS stream' pragma.
WARNING: [HLS 200-805] An internal stream 'sb_in' with default size can result in deadlock. Please consider resizing the stream using the directive 'set_directive_stream' or the 'HLS stream' pragma.
WARNING: [HLS 200-805] An internal stream 'sa_stats' with default size can result in deadlock. Please consider resizing the stream using the directive 'set_directive_stream' or the 'HLS stream' pragma.
WARNING: [HLS 200-805] An internal stream 'sa_post' with default size can result in deadlock. Please consider resizing the stream using the directive 'set_directive_stream' or the 'HLS stream' pragma.
WARNING: [HLS 200-805] An internal stream 'sa_norm' with default size can result in deadlock. Please consider resizing the stream using the directive 'set_directive_stream' or the 'HLS stream' pragma.
WARNING: [HLS 200-805] An internal stream 'sa_in' with default size can result in deadlock. Please consider resizing the stream using the directive 'set_directive_stream' or the 'HLS stream' pragma.
WARNING: [HLS 200-805] An internal stream 's_st' with default size can result in deadlock. Please consider resizing the stream using the directive 'set_directive_stream' or the 'HLS stream' pragma.
INFO: [XFORM 203-712] Applying dataflow to function 'top_kernel' (top.cpp:725:1), detected/extracted 6 process function(s): 
	 'load_dual'
	 'super_kernel_32'
	 'k2_stats_dual'
	 'k3_dual_norm'
	 'k4_dual_post'
	 'store_dual'.
INFO: [XFORM 203-401] Performing if-conversion on hyperblock from (top.cpp:565:29) to (top.cpp:565:20) in function 'super_kernel_32'... converting 161 basic blocks.
INFO: [HLS 200-111] Finished Loop, function and other optimizations: CPU user time: 2.98 seconds. CPU system time: 0.03 seconds. Elapsed time: 3.04 seconds; current allocated memory: 747.523 MB.
INFO: [HLS 200-2061] Successfully converted nested loops 'VITIS_LOOP_617_1'(top.cpp:617:20) and 'VITIS_LOOP_619_2'(top.cpp:619:27) in function 'k2_stats_dual' into perfectly nested loops.
INFO: [XFORM 203-541] Flattening a loop nest 'VITIS_LOOP_617_1' (top.cpp:617:20) in function 'k2_stats_dual'.
WARNING: [ANALYSIS 214-52] Found false inter dependency for variable 'x_prev_0'.
WARNING: [ANALYSIS 214-52] Found false inter dependency for variable 'x_prev_1'.
WARNING: [ANALYSIS 214-52] Found false inter dependency for variable 'x_prev_0'.
WARNING: [ANALYSIS 214-52] Found false inter dependency for variable 'x_prev_1'.
INFO: [HLS 200-111] Finished Architecture Synthesis: CPU user time: 2.44 seconds. CPU system time: 0.04 seconds. Elapsed time: 2.5 seconds; current allocated memory: 805.047 MB.
INFO: [HLS 200-10] Starting hardware synthesis ...
INFO: [HLS 200-10] Synthesizing 'top_kernel' ...
INFO: [SYN 201-201] Setting up clock 'default' with a period of 10ns.
INFO: [HLS 200-10] ----------------------------------------------------------------
INFO: [HLS 200-42] -- Implementing module 'load_dual' 
INFO: [HLS 200-10] ----------------------------------------------------------------
INFO: [SCHED 204-11] Starting scheduling ...
INFO: [SCHED 204-61] Pipelining loop 'LOAD_LOOP'.
INFO: [HLS 200-1470] Pipelining result : Target II = 1, Final II = 1, Depth = 1, loop 'LOAD_LOOP'
INFO: [SCHED 204-11] Finished scheduling.
INFO: [HLS 200-111] Finished Scheduling: CPU user time: 0.16 seconds. CPU system time: 0.07 seconds. Elapsed time: 0.25 seconds; current allocated memory: 806.059 MB.
INFO: [BIND 205-100] Starting micro-architecture generation ...
INFO: [BIND 205-101] Performing variable lifetime analysis.
INFO: [BIND 205-101] Exploring resource sharing.
INFO: [BIND 205-101] Binding ...
INFO: [BIND 205-100] Finished micro-architecture generation.
INFO: [HLS 200-111] Finished Binding: CPU user time: 0.04 seconds. CPU system time: 0.03 seconds. Elapsed time: 0.07 seconds; current allocated memory: 806.059 MB.
INFO: [HLS 200-10] ----------------------------------------------------------------
INFO: [HLS 200-42] -- Implementing module 'super_kernel_32' 
INFO: [HLS 200-10] ----------------------------------------------------------------
INFO: [SCHED 204-11] Starting scheduling ...
INFO: [SCHED 204-11] Finished scheduling.
INFO: [HLS 200-111] Finished Scheduling: CPU user time: 1.54 seconds. CPU system time: 0.04 seconds. Elapsed time: 1.59 seconds; current allocated memory: 829.398 MB.
INFO: [BIND 205-100] Starting micro-architecture generation ...
INFO: [BIND 205-101] Performing variable lifetime analysis.
INFO: [BIND 205-101] Exploring resource sharing.
INFO: [BIND 205-101] Binding ...
INFO: [BIND 205-100] Finished micro-architecture generation.
INFO: [HLS 200-111] Finished Binding: CPU user time: 1.11 seconds. CPU system time: 0.03 seconds. Elapsed time: 1.38 seconds; current allocated memory: 845.527 MB.
INFO: [HLS 200-10] ----------------------------------------------------------------
INFO: [HLS 200-42] -- Implementing module 'k2_stats_dual' 
INFO: [HLS 200-10] ----------------------------------------------------------------
INFO: [SCHED 204-11] Starting scheduling ...
INFO: [SCHED 204-61] Pipelining loop 'VITIS_LOOP_617_1_VITIS_LOOP_619_2'.
INFO: [HLS 200-1470] Pipelining result : Target II = 1, Final II = 1, Depth = 3, loop 'VITIS_LOOP_617_1_VITIS_LOOP_619_2'
INFO: [SCHED 204-11] Finished scheduling.
INFO: [HLS 200-111] Finished Scheduling: CPU user time: 0.68 seconds. CPU system time: 0.06 seconds. Elapsed time: 1 seconds; current allocated memory: 845.527 MB.
INFO: [BIND 205-100] Starting micro-architecture generation ...
INFO: [BIND 205-101] Performing variable lifetime analysis.
INFO: [BIND 205-101] Exploring resource sharing.
INFO: [BIND 205-101] Binding ...
INFO: [BIND 205-100] Finished micro-architecture generation.
INFO: [HLS 200-111] Finished Binding: CPU user time: 0.06 seconds. CPU system time: 0.02 seconds. Elapsed time: 0.11 seconds; current allocated memory: 845.527 MB.
INFO: [HLS 200-10] ----------------------------------------------------------------
INFO: [HLS 200-42] -- Implementing module 'k3_dual_norm' 
INFO: [HLS 200-10] ----------------------------------------------------------------
INFO: [SCHED 204-11] Starting scheduling ...
INFO: [SCHED 204-11] Finished scheduling.
INFO: [HLS 200-111] Finished Scheduling: CPU user time: 0.6 seconds. CPU system time: 0.02 seconds. Elapsed time: 0.65 seconds; current allocated memory: 851.363 MB.
INFO: [BIND 205-100] Starting micro-architecture generation ...
INFO: [BIND 205-101] Performing variable lifetime analysis.
INFO: [BIND 205-101] Exploring resource sharing.
INFO: [BIND 205-101] Binding ...
INFO: [BIND 205-100] Finished micro-architecture generation.
INFO: [HLS 200-111] Finished Binding: CPU user time: 0.23 seconds. CPU system time: 0.02 seconds. Elapsed time: 0.41 seconds; current allocated memory: 851.363 MB.
INFO: [HLS 200-10] ----------------------------------------------------------------
INFO: [HLS 200-42] -- Implementing module 'k4_dual_post' 
INFO: [HLS 200-10] ----------------------------------------------------------------
INFO: [SCHED 204-11] Starting scheduling ...
INFO: [SCHED 204-11] Finished scheduling.
INFO: [HLS 200-111] Finished Scheduling: CPU user time: 0.61 seconds. CPU system time: 0.02 seconds. Elapsed time: 0.78 seconds; current allocated memory: 860.031 MB.
INFO: [BIND 205-100] Starting micro-architecture generation ...
INFO: [BIND 205-101] Performing variable lifetime analysis.
INFO: [BIND 205-101] Exploring resource sharing.
INFO: [BIND 205-101] Binding ...
INFO: [BIND 205-100] Finished micro-architecture generation.
INFO: [HLS 200-111] Finished Binding: CPU user time: 0.26 seconds. CPU system time: 0.03 seconds. Elapsed time: 0.38 seconds; current allocated memory: 861.152 MB.
INFO: [HLS 200-10] ----------------------------------------------------------------
INFO: [HLS 200-42] -- Implementing module 'store_dual' 
INFO: [HLS 200-10] ----------------------------------------------------------------
INFO: [SCHED 204-11] Starting scheduling ...
INFO: [SCHED 204-61] Pipelining loop 'STORE_LOOP'.
INFO: [HLS 200-1470] Pipelining result : Target II = 1, Final II = 1, Depth = 1, loop 'STORE_LOOP'
INFO: [SCHED 204-11] Finished scheduling.
INFO: [HLS 200-111] Finished Scheduling: CPU user time: 0.19 seconds. CPU system time: 0.02 seconds. Elapsed time: 0.33 seconds; current allocated memory: 862.480 MB.
INFO: [BIND 205-100] Starting micro-architecture generation ...
INFO: [BIND 205-101] Performing variable lifetime analysis.
INFO: [BIND 205-101] Exploring resource sharing.
INFO: [BIND 205-101] Binding ...
INFO: [BIND 205-100] Finished micro-architecture generation.
INFO: [HLS 200-111] Finished Binding: CPU user time: 0.02 seconds. CPU system time: 0 seconds. Elapsed time: 0.03 seconds; current allocated memory: 863.328 MB.
INFO: [HLS 200-10] ----------------------------------------------------------------
INFO: [HLS 200-42] -- Implementing module 'top_kernel' 
INFO: [HLS 200-10] ----------------------------------------------------------------
INFO: [SCHED 204-11] Starting scheduling ...
INFO: [SCHED 204-11] Finished scheduling.
WARNING: [HLS 200-1020] Increasing the depth of FIFO start_for_k3_dual_norm_U0 (from super_kernel_32_U0 to k3_dual_norm_U0) to 3 to improve performance and/or avoid deadlocks.
INFO: [HLS 200-111] Finished Scheduling: CPU user time: 0.06 seconds. CPU system time: 0.01 seconds. Elapsed time: 0.11 seconds; current allocated memory: 863.328 MB.
INFO: [BIND 205-100] Starting micro-architecture generation ...
INFO: [BIND 205-101] Performing variable lifetime analysis.
INFO: [BIND 205-101] Exploring resource sharing.
INFO: [BIND 205-101] Binding ...
INFO: [BIND 205-100] Finished micro-architecture generation.
INFO: [HLS 200-111] Finished Binding: CPU user time: 0.04 seconds. CPU system time: 0.01 seconds. Elapsed time: 0.08 seconds; current allocated memory: 863.328 MB.
INFO: [HLS 200-10] ----------------------------------------------------------------
INFO: [HLS 200-10] -- Generating RTL for module 'load_dual' 
INFO: [HLS 200-10] ----------------------------------------------------------------
INFO: [RTGEN 206-100] Finished creating RTL model for 'load_dual'.
INFO: [HLS 200-111] Finished Creating RTL model: CPU user time: 0.07 seconds. CPU system time: 0.01 seconds. Elapsed time: 0.09 seconds; current allocated memory: 863.328 MB.
INFO: [HLS 200-10] ----------------------------------------------------------------
INFO: [HLS 200-10] -- Generating RTL for module 'super_kernel_32' 
INFO: [HLS 200-10] ----------------------------------------------------------------
WARNING: [RTGEN 206-101] Register 'x_prev_0' is power-on initialization.
WARNING: [RTGEN 206-101] Register 'x_prev_1' is power-on initialization.
INFO: [RTGEN 206-100] Generating core module 'mul_30s_25ns_54_4_1': 32 instance(s).
INFO: [RTGEN 206-100] Generating core module 'sparsemux_9_3_20_1_1': 32 instance(s).
INFO: [RTGEN 206-100] Finished creating RTL model for 'super_kernel_32'.
INFO: [HLS 200-111] Finished Creating RTL model: CPU user time: 0.62 seconds. CPU system time: 0.04 seconds. Elapsed time: 0.69 seconds; current allocated memory: 883.738 MB.
INFO: [HLS 200-10] ----------------------------------------------------------------
INFO: [HLS 200-10] -- Generating RTL for module 'k2_stats_dual' 
INFO: [HLS 200-10] ----------------------------------------------------------------
INFO: [HLS 200-1030] Apply Unified Pipeline Control on module 'k2_stats_dual' pipeline 'VITIS_LOOP_617_1_VITIS_LOOP_619_2' pipeline type 'loop pipeline'
INFO: [RTGEN 206-100] Finished creating RTL model for 'k2_stats_dual'.
INFO: [HLS 200-111] Finished Creating RTL model: CPU user time: 1.64 seconds. CPU system time: 0.17 seconds. Elapsed time: 2.22 seconds; current allocated memory: 935.469 MB.
INFO: [HLS 200-10] ----------------------------------------------------------------
INFO: [HLS 200-10] -- Generating RTL for module 'k3_dual_norm' 
INFO: [HLS 200-10] ----------------------------------------------------------------
INFO: [RTGEN 206-100] Generating core module 'mul_34s_30s_64_1_1': 32 instance(s).
INFO: [RTGEN 206-100] Generating core module 'sdiv_50ns_34s_50_54_seq_1': 1 instance(s).
INFO: [RTGEN 206-100] Finished creating RTL model for 'k3_dual_norm'.
INFO: [HLS 200-111] Finished Creating RTL model: CPU user time: 0.52 seconds. CPU system time: 0.06 seconds. Elapsed time: 0.64 seconds; current allocated memory: 937.141 MB.
INFO: [HLS 200-10] ----------------------------------------------------------------
INFO: [HLS 200-10] -- Generating RTL for module 'k4_dual_post' 
INFO: [HLS 200-10] ----------------------------------------------------------------
INFO: [RTGEN 206-100] Finished creating RTL model for 'k4_dual_post'.
INFO: [HLS 200-111] Finished Creating RTL model: CPU user time: 0.95 seconds. CPU system time: 0.11 seconds. Elapsed time: 1.22 seconds; current allocated memory: 967.324 MB.
INFO: [HLS 200-10] ----------------------------------------------------------------
INFO: [HLS 200-10] -- Generating RTL for module 'store_dual' 
INFO: [HLS 200-10] ----------------------------------------------------------------
INFO: [RTGEN 206-100] Finished creating RTL model for 'store_dual'.
INFO: [HLS 200-111] Finished Creating RTL model: CPU user time: 0.66 seconds. CPU system time: 0.1 seconds. Elapsed time: 0.93 seconds; current allocated memory: 995.344 MB.
INFO: [HLS 200-10] ----------------------------------------------------------------
INFO: [HLS 200-10] -- Generating RTL for module 'top_kernel' 
INFO: [HLS 200-10] ----------------------------------------------------------------
WARNING: [RTGEN 206-101] Design contains AXI ports. Reset is fixed to synchronous and active low.
INFO: [RTGEN 206-500] Setting interface mode on port 'top_kernel/in_r' to 's_axilite & ap_none'.
INFO: [RTGEN 206-500] Setting interface mode on port 'top_kernel/out_r' to 's_axilite & ap_vld'.
INFO: [RTGEN 206-500] Setting interface mode on function 'top_kernel' to 's_axilite & ap_ctrl_hs'.
INFO: [RTGEN 206-100] Bundling port 'in_r', 'out_r' and 'return' to AXI-Lite port control.
INFO: [RTGEN 206-100] Finished creating RTL model for 'top_kernel'.
INFO: [RTMG 210-285] Implementing FIFO 'sa_in_U(top_kernel_fifo_w512_d2_S)' using Shift Registers.
INFO: [RTMG 210-285] Implementing FIFO 'sb_in_U(top_kernel_fifo_w512_d2_S)' using Shift Registers.
INFO: [RTMG 210-285] Implementing FIFO 'sa_stats_U(top_kernel_fifo_w512_d2_S)' using Shift Registers.
INFO: [RTMG 210-285] Implementing FIFO 'sa_join_U(top_kernel_fifo_w512_d512_A)' using Vivado Default RAMs.
INFO: [RTMG 210-285] Implementing FIFO 'sb_stats_U(top_kernel_fifo_w512_d2_S)' using Shift Registers.
INFO: [RTMG 210-285] Implementing FIFO 'sb_join_U(top_kernel_fifo_w512_d512_A)' using Vivado Default RAMs.
INFO: [RTMG 210-285] Implementing FIFO 's_st_U(top_kernel_fifo_w28_d2_S)' using Shift Registers.
INFO: [RTMG 210-285] Implementing FIFO 'sa_norm_U(top_kernel_fifo_w512_d2_S)' using Shift Registers.
INFO: [RTMG 210-285] Implementing FIFO 'sb_norm_U(top_kernel_fifo_w512_d2_S)' using Shift Registers.
INFO: [RTMG 210-285] Implementing FIFO 'sa_post_U(top_kernel_fifo_w512_d2_S)' using Shift Registers.
INFO: [RTMG 210-285] Implementing FIFO 'sb_post_U(top_kernel_fifo_w512_d2_S)' using Shift Registers.
INFO: [RTMG 210-285] Implementing FIFO 'start_for_super_kernel_32_U0_U(top_kernel_start_for_super_kernel_32_U0)' using Shift Registers.
INFO: [RTMG 210-285] Implementing FIFO 'start_for_k2_stats_dual_U0_U(top_kernel_start_for_k2_stats_dual_U0)' using Shift Registers.
INFO: [RTMG 210-285] Implementing FIFO 'start_for_k3_dual_norm_U0_U(top_kernel_start_for_k3_dual_norm_U0)' using Shift Registers.
INFO: [RTMG 210-285] Implementing FIFO 'start_for_k4_dual_post_U0_U(top_kernel_start_for_k4_dual_post_U0)' using Shift Registers.
INFO: [RTMG 210-285] Implementing FIFO 'start_for_store_dual_U0_U(top_kernel_start_for_store_dual_U0)' using Shift Registers.
INFO: [HLS 200-111] Finished Creating RTL model: CPU user time: 0.15 seconds. CPU system time: 0.03 seconds. Elapsed time: 0.26 seconds; current allocated memory: 999.586 MB.
INFO: [HLS 200-111] Finished Generating all RTL models: CPU user time: 0.65 seconds. CPU system time: 0.1 seconds. Elapsed time: 1.11 seconds; current allocated memory: 1001.266 MB.
INFO: [HLS 200-111] Finished Updating report files: CPU user time: 1.6 seconds. CPU system time: 0.14 seconds. Elapsed time: 1.85 seconds; current allocated memory: 1.012 GB.
INFO: [VHDL 208-304] Generating VHDL RTL for top_kernel.
INFO: [VLOG 209-307] Generating Verilog RTL for top_kernel.
INFO: [HLS 200-790] **** Loop Constraint Status: All loop constraints were satisfied.
INFO: [HLS 200-789] **** Estimated Fmax: 141.08 MHz
INFO: [HLS 200-2161] Finished Command csynth_design Elapsed time: 00:00:55; Allocated memory: 363.395 MB.
INFO: [HLS 200-1510] Running: cosim_design 
INFO: [HLS 200-1915] Writing HLS config ini file /nethome/asandeep6/FPGA_ECE8893/2026_Spring/lab3/project_1/hls_config.cfg
INFO: [COSIM 212-47] Using XSIM for RTL simulation.
INFO: [COSIM 212-14] Instrumenting C test bench ...
   Build using "/tools/software/xilinx/2025.1.1/Vitis/lnx64/tools/vcxx/libexec/clang++"
   Compiling host.cpp_pre.cpp.tb.cpp
   Compiling apatb_top_kernel.cpp
   Compiling top.cpp_pre.cpp.tb.cpp
   Compiling apatb_top_kernel_ir.ll
   Generating cosim.tv.exe
INFO: [COSIM 212-302] Starting C TB testing ... 
terminate called after throwing an instance of 'std::system_error'
  what():  Invalid argument
ERROR: [COSIM 212-360] Aborting co-simulation: C TB simulation failed.
ERROR: [COSIM 212-320] C TB testing failed, stop generating test vectors. Please check C TB or re-run cosim.
ERROR: [COSIM 212-5] *** C/RTL co-simulation file generation failed. ***
ERROR: [COSIM 212-4] *** C/RTL co-simulation finished: FAIL ***
INFO: [HLS 200-2161] Finished Command cosim_design Elapsed time: 00:00:43; Allocated memory: 26.008 MB.
command 'ap_source' returned error code
    while executing
"source /nethome/asandeep6/FPGA_ECE8893/2026_Spring/lab3/script.tcl"
    ("uplevel" body line 1)
    invoked from within
"uplevel \#0 [list source $tclfile] "

INFO: [HLS 200-112] Total CPU user time: 72.73 seconds. Total CPU system time: 9.38 seconds. Total elapsed time: 106.49 seconds; peak allocated memory: 1.038 GB.
INFO: [vitis-run 60-1662] Stopping dispatch session having empty uuid.
