  **** HLS Build v2025.1.1 6214317
Sourcing Tcl script '/nethome/asandeep6/FPGA_ECE8893/2026_Spring/lab3/script.tcl'
INFO: [HLS 200-1510] Running: open_component project_1 
INFO: [HLS 200-10] Creating and opening component '/nethome/asandeep6/FPGA_ECE8893/2026_Spring/lab3/project_1'.
INFO: [HLS 200-1505] Using default flow_target 'vivado'
Resolution: For help on HLS 200-1505 see docs.xilinx.com/access/sources/dita/topic?Doc_Version=2025.1%20English&url=ug1448-hls-guidance&resourceid=200-1505.html
INFO: [HLS 200-2176] Writing Vitis IDE component file /nethome/asandeep6/FPGA_ECE8893/2026_Spring/lab3/project_1/vitis-comp.json
INFO: [HLS 200-1915] Writing HLS config ini file /nethome/asandeep6/FPGA_ECE8893/2026_Spring/lab3/project_1/hls_config.cfg
INFO: [HLS 200-1510] Running: set_top top_kernel 
INFO: [HLS 200-1510] Running: add_files top.cpp 
INFO: [HLS 200-10] Adding design file 'top.cpp' to the project
INFO: [HLS 200-1510] Running: add_files -tb host.cpp 
INFO: [HLS 200-10] Adding test bench file 'host.cpp' to the project
INFO: [HLS 200-1510] Running: config_interface -m_axi_max_widen_bitwidth 512 
INFO: [HLS 200-1510] Running: config_interface -m_axi_alignment_byte_size 64 
INFO: [HLS 200-1510] Running: config_unroll -tripcount_threshold 0 
INFO: [XFORM 203-502] Automatic unrolling disabled.
INFO: [HLS 200-1510] Running: config_compile -pipeline_loops 0 
INFO: [HLS 200-1510] Running: set_part xczu3eg-sbva484-1-e 
INFO: [HLS 200-1611] Setting target device to 'xczu3eg-sbva484-1-e'
INFO: [HLS 200-1510] Running: csynth_design 
INFO: [HLS 200-1915] Writing HLS config ini file /nethome/asandeep6/FPGA_ECE8893/2026_Spring/lab3/project_1/hls_config.cfg
INFO: [HLS 200-111] Finished File checks and directory preparation: CPU user time: 0.91 seconds. CPU system time: 0.19 seconds. Elapsed time: 8.66 seconds; current allocated memory: 674.402 MB.
INFO: [HLS 200-10] Analyzing design file 'top.cpp' ... 
WARNING: [HLS 207-5570] unexpected pragma parameter 'register_mode' (top.cpp:473:124)
WARNING: [HLS 207-5570] unexpected pragma parameter 'register_mode' (top.cpp:474:126)
INFO: [HLS 200-111] Finished Source Code Analysis and Preprocessing: CPU user time: 9.8 seconds. CPU system time: 1.34 seconds. Elapsed time: 11.3 seconds; current allocated memory: 676.938 MB.
INFO: [HLS 200-777] Using interface defaults for 'Vivado' flow target.
INFO: [HLS 200-1995] There were 27,207 instructions in the design after the 'Compile/Link' phase of compilation. See the Design Size Report for more details (/nethome/asandeep6/FPGA_ECE8893/2026_Spring/lab3/project_1/hls/syn/report/csynth_design_size.rpt:2)
INFO: [HLS 200-1995] There were 26,501 instructions in the design after the 'Unroll/Inline (step 1)' phase of compilation. See the Design Size Report for more details (/nethome/asandeep6/FPGA_ECE8893/2026_Spring/lab3/project_1/hls/syn/report/csynth_design_size.rpt:2)
INFO: [HLS 200-1995] There were 12,514 instructions in the design after the 'Unroll/Inline (step 2)' phase of compilation. See the Design Size Report for more details (/nethome/asandeep6/FPGA_ECE8893/2026_Spring/lab3/project_1/hls/syn/report/csynth_design_size.rpt:2)
INFO: [HLS 200-1995] There were 11,655 instructions in the design after the 'Unroll/Inline (step 3)' phase of compilation. See the Design Size Report for more details (/nethome/asandeep6/FPGA_ECE8893/2026_Spring/lab3/project_1/hls/syn/report/csynth_design_size.rpt:2)
INFO: [HLS 200-1995] There were 10,915 instructions in the design after the 'Unroll/Inline (step 4)' phase of compilation. See the Design Size Report for more details (/nethome/asandeep6/FPGA_ECE8893/2026_Spring/lab3/project_1/hls/syn/report/csynth_design_size.rpt:2)
INFO: [HLS 200-1995] There were 10,081 instructions in the design after the 'Array/Struct (step 1)' phase of compilation. See the Design Size Report for more details (/nethome/asandeep6/FPGA_ECE8893/2026_Spring/lab3/project_1/hls/syn/report/csynth_design_size.rpt:2)
INFO: [HLS 200-1995] There were 10,081 instructions in the design after the 'Array/Struct (step 2)' phase of compilation. See the Design Size Report for more details (/nethome/asandeep6/FPGA_ECE8893/2026_Spring/lab3/project_1/hls/syn/report/csynth_design_size.rpt:2)
INFO: [HLS 200-1995] There were 10,081 instructions in the design after the 'Array/Struct (step 3)' phase of compilation. See the Design Size Report for more details (/nethome/asandeep6/FPGA_ECE8893/2026_Spring/lab3/project_1/hls/syn/report/csynth_design_size.rpt:2)
INFO: [HLS 200-1995] There were 10,081 instructions in the design after the 'Array/Struct (step 4)' phase of compilation. See the Design Size Report for more details (/nethome/asandeep6/FPGA_ECE8893/2026_Spring/lab3/project_1/hls/syn/report/csynth_design_size.rpt:2)
INFO: [HLS 200-1995] There were 10,084 instructions in the design after the 'Array/Struct (step 5)' phase of compilation. See the Design Size Report for more details (/nethome/asandeep6/FPGA_ECE8893/2026_Spring/lab3/project_1/hls/syn/report/csynth_design_size.rpt:2)
INFO: [HLS 200-1995] There were 10,084 instructions in the design after the 'Performance (step 1)' phase of compilation. See the Design Size Report for more details (/nethome/asandeep6/FPGA_ECE8893/2026_Spring/lab3/project_1/hls/syn/report/csynth_design_size.rpt:2)
INFO: [HLS 200-1995] There were 10,081 instructions in the design after the 'Performance (step 2)' phase of compilation. See the Design Size Report for more details (/nethome/asandeep6/FPGA_ECE8893/2026_Spring/lab3/project_1/hls/syn/report/csynth_design_size.rpt:2)
INFO: [HLS 200-1995] There were 10,081 instructions in the design after the 'Performance (step 3)' phase of compilation. See the Design Size Report for more details (/nethome/asandeep6/FPGA_ECE8893/2026_Spring/lab3/project_1/hls/syn/report/csynth_design_size.rpt:2)
INFO: [HLS 200-1995] There were 10,081 instructions in the design after the 'Performance (step 4)' phase of compilation. See the Design Size Report for more details (/nethome/asandeep6/FPGA_ECE8893/2026_Spring/lab3/project_1/hls/syn/report/csynth_design_size.rpt:2)
INFO: [HLS 200-1995] There were 10,017 instructions in the design after the 'HW Transforms (step 1)' phase of compilation. See the Design Size Report for more details (/nethome/asandeep6/FPGA_ECE8893/2026_Spring/lab3/project_1/hls/syn/report/csynth_design_size.rpt:2)
INFO: [HLS 200-1995] There were 10,497 instructions in the design after the 'HW Transforms (step 2)' phase of compilation. See the Design Size Report for more details (/nethome/asandeep6/FPGA_ECE8893/2026_Spring/lab3/project_1/hls/syn/report/csynth_design_size.rpt:2)
INFO: [HLS 214-131] Inlining function 'hls_clamp(ap_fixed<20, 6, (ap_q_mode)0, (ap_o_mode)0, 0>, ap_fixed<20, 6, (ap_q_mode)0, (ap_o_mode)0, 0>, ap_fixed<20, 6, (ap_q_mode)0, (ap_o_mode)0, 0>)' into 'super_kernel_32(hls::stream<data_vec_t, 0>&, hls::stream<data_vec_t, 0>&, hls::stream<data_vec_t, 0>&, hls::stream<data_vec_t, 0>&, hls::stream<data_vec_t, 0>&, hls::stream<data_vec_t, 0>&)' (top.cpp:362:30)
INFO: [HLS 214-131] Inlining function 'hls_clamp(ap_fixed<20, 6, (ap_q_mode)0, (ap_o_mode)0, 0>, ap_fixed<20, 6, (ap_q_mode)0, (ap_o_mode)0, 0>, ap_fixed<20, 6, (ap_q_mode)0, (ap_o_mode)0, 0>)' into 'k4_dual_post(hls::stream<data_vec_t, 0>&, hls::stream<data_vec_t, 0>&, hls::stream<data_vec_t, 0>&, hls::stream<data_vec_t, 0>&)' (top.cpp:444:23)
INFO: [HLS 214-377] Adding 'rb' into disaggregation list because there's array-partition pragma applied on the struct field (top.cpp:440:9)
INFO: [HLS 214-377] Adding 'ra' into disaggregation list because there's array-partition pragma applied on the struct field (top.cpp:439:9)
INFO: [HLS 214-377] Adding 'rb' into disaggregation list because there's array-partition pragma applied on the struct field (top.cpp:420:9)
INFO: [HLS 214-377] Adding 'ra' into disaggregation list because there's array-partition pragma applied on the struct field (top.cpp:419:9)
INFO: [HLS 214-377] Adding 'vec_b' into disaggregation list because there's array-partition pragma applied on the struct field (top.cpp:322:9)
INFO: [HLS 214-377] Adding 'vec_a' into disaggregation list because there's array-partition pragma applied on the struct field (top.cpp:321:9)
INFO: [HLS 214-210] Disaggregating variable 'vec_b' (top.cpp:320:27)
Resolution: For help on HLS 214-210 see docs.xilinx.com/access/sources/dita/topic?Doc_Version=2025.1%20English&url=ug1448-hls-guidance&resourceid=214-210.html
INFO: [HLS 214-210] Disaggregating variable 'vec_a' (top.cpp:320:20)
Resolution: For help on HLS 214-210 see docs.xilinx.com/access/sources/dita/topic?Doc_Version=2025.1%20English&url=ug1448-hls-guidance&resourceid=214-210.html
INFO: [HLS 214-210] Disaggregating variable 'rb' (top.cpp:418:28)
Resolution: For help on HLS 214-210 see docs.xilinx.com/access/sources/dita/topic?Doc_Version=2025.1%20English&url=ug1448-hls-guidance&resourceid=214-210.html
INFO: [HLS 214-210] Disaggregating variable 'ra' (top.cpp:418:24)
Resolution: For help on HLS 214-210 see docs.xilinx.com/access/sources/dita/topic?Doc_Version=2025.1%20English&url=ug1448-hls-guidance&resourceid=214-210.html
INFO: [HLS 214-210] Disaggregating variable 'rb' (top.cpp:438:24)
Resolution: For help on HLS 214-210 see docs.xilinx.com/access/sources/dita/topic?Doc_Version=2025.1%20English&url=ug1448-hls-guidance&resourceid=214-210.html
INFO: [HLS 214-210] Disaggregating variable 'ra' (top.cpp:438:20)
Resolution: For help on HLS 214-210 see docs.xilinx.com/access/sources/dita/topic?Doc_Version=2025.1%20English&url=ug1448-hls-guidance&resourceid=214-210.html
INFO: [HLS 214-291] Loop 'VITIS_LOOP_459_1' is marked as complete unroll implied by the pipeline pragma (top.cpp:459:27)
INFO: [HLS 214-291] Loop 'VITIS_LOOP_441_2' is marked as complete unroll implied by the pipeline pragma (top.cpp:441:20)
INFO: [HLS 214-291] Loop 'VITIS_LOOP_421_3' is marked as complete unroll implied by the pipeline pragma (top.cpp:421:20)
INFO: [HLS 214-291] Loop 'VITIS_LOOP_384_3' is marked as complete unroll implied by the pipeline pragma (top.cpp:384:20)
INFO: [HLS 214-291] Loop 'VITIS_LOOP_391_4' is marked as complete unroll implied by the pipeline pragma (top.cpp:391:20)
INFO: [HLS 214-291] Loop 'VITIS_LOOP_397_5' is marked as complete unroll implied by the pipeline pragma (top.cpp:397:20)
INFO: [HLS 214-291] Loop 'VITIS_LOOP_349_1' is marked as complete unroll implied by the pipeline pragma (top.cpp:349:20)
INFO: [HLS 214-291] Loop 'VITIS_LOOP_356_2' is marked as complete unroll implied by the pipeline pragma (top.cpp:356:27)
INFO: [HLS 214-291] Loop 'VITIS_LOOP_323_1' is marked as complete unroll implied by the pipeline pragma (top.cpp:323:20)
INFO: [HLS 214-186] Unrolling loop 'VITIS_LOOP_459_1' (top.cpp:459:27) in function 'store_dual' completely with a factor of 16 (top.cpp:452:0)
INFO: [HLS 214-186] Unrolling loop 'VITIS_LOOP_441_2' (top.cpp:441:20) in function 'k4_dual_post' completely with a factor of 16 (top.cpp:432:0)
INFO: [HLS 214-186] Unrolling loop 'VITIS_LOOP_421_3' (top.cpp:421:20) in function 'k3_dual_norm' completely with a factor of 16 (top.cpp:409:0)
INFO: [HLS 214-186] Unrolling loop 'VITIS_LOOP_384_3' (top.cpp:384:20) in function 'k2_stats_dual' completely with a factor of 16 (top.cpp:374:0)
INFO: [HLS 214-186] Unrolling loop 'VITIS_LOOP_391_4' (top.cpp:391:20) in function 'k2_stats_dual' completely with a factor of 16 (top.cpp:374:0)
INFO: [HLS 214-186] Unrolling loop 'VITIS_LOOP_397_5' (top.cpp:397:20) in function 'k2_stats_dual' completely with a factor of 8 (top.cpp:374:0)
INFO: [HLS 214-186] Unrolling loop 'VITIS_LOOP_349_1' (top.cpp:349:20) in function 'super_kernel_32' completely with a factor of 16 (top.cpp:338:0)
INFO: [HLS 214-186] Unrolling loop 'VITIS_LOOP_356_2' (top.cpp:356:27) in function 'super_kernel_32' completely with a factor of 32 (top.cpp:338:0)
INFO: [HLS 214-186] Unrolling loop 'VITIS_LOOP_323_1' (top.cpp:323:20) in function 'load_dual' completely with a factor of 16 (top.cpp:314:0)
WARNING: [HLS 214-450] Ignore address on register port 'in_v' (top.cpp:318:17)
WARNING: [HLS 214-450] Ignore address on register port 'in_v' (top.cpp:319:24)
WARNING: [HLS 214-450] Ignore address on register port 'out_v' (top.cpp:466:20)
WARNING: [HLS 214-450] Ignore address on register port 'out_v' (top.cpp:467:22)
INFO: [HLS 200-111] Finished Compiling Optimization and Transform: CPU user time: 9.6 seconds. CPU system time: 1.36 seconds. Elapsed time: 14.97 seconds; current allocated memory: 687.262 MB.
INFO: [HLS 200-111] Finished Checking Pragmas: CPU user time: 0 seconds. CPU system time: 0 seconds. Elapsed time: 0 seconds; current allocated memory: 687.262 MB.
INFO: [HLS 200-10] Starting code transformations ...
INFO: [HLS 200-111] Finished Standard Transforms: CPU user time: 0.5 seconds. CPU system time: 0.01 seconds. Elapsed time: 0.52 seconds; current allocated memory: 691.973 MB.
INFO: [HLS 200-10] Checking synthesizability ...
WARNING: [SYNCHK 200-77] The top function 'top_kernel' (top.cpp:472) has no outputs. Possible cause(s) are: (1) Output parameters are passed by value; (2) intended outputs (parameters or global variables) are never written; (3) there are infinite loops.
INFO: [SYNCHK 200-10] 0 error(s), 1 warning(s).
INFO: [HLS 200-111] Finished Checking Synthesizability: CPU user time: 0.74 seconds. CPU system time: 0.02 seconds. Elapsed time: 0.78 seconds; current allocated memory: 699.305 MB.
WARNING: [HLS 200-805] An internal stream 'sb_stats' with default size can result in deadlock. Please consider resizing the stream using the directive 'set_directive_stream' or the 'HLS stream' pragma.
WARNING: [HLS 200-805] An internal stream 'sb_post' with default size can result in deadlock. Please consider resizing the stream using the directive 'set_directive_stream' or the 'HLS stream' pragma.
WARNING: [HLS 200-805] An internal stream 'sb_norm' with default size can result in deadlock. Please consider resizing the stream using the directive 'set_directive_stream' or the 'HLS stream' pragma.
WARNING: [HLS 200-805] An internal stream 'sb_in' with default size can result in deadlock. Please consider resizing the stream using the directive 'set_directive_stream' or the 'HLS stream' pragma.
WARNING: [HLS 200-805] An internal stream 'sa_stats' with default size can result in deadlock. Please consider resizing the stream using the directive 'set_directive_stream' or the 'HLS stream' pragma.
WARNING: [HLS 200-805] An internal stream 'sa_post' with default size can result in deadlock. Please consider resizing the stream using the directive 'set_directive_stream' or the 'HLS stream' pragma.
WARNING: [HLS 200-805] An internal stream 'sa_norm' with default size can result in deadlock. Please consider resizing the stream using the directive 'set_directive_stream' or the 'HLS stream' pragma.
WARNING: [HLS 200-805] An internal stream 'sa_in' with default size can result in deadlock. Please consider resizing the stream using the directive 'set_directive_stream' or the 'HLS stream' pragma.
WARNING: [HLS 200-805] An internal stream 's_st' with default size can result in deadlock. Please consider resizing the stream using the directive 'set_directive_stream' or the 'HLS stream' pragma.
INFO: [XFORM 203-712] Applying dataflow to function 'top_kernel' (top.cpp:472:1), detected/extracted 6 process function(s): 
	 'load_dual'
	 'super_kernel_32'
	 'k2_stats_dual'
	 'k3_dual_norm'
	 'k4_dual_post'
	 'store_dual'.
INFO: [XFORM 203-401] Performing if-conversion on hyperblock from (top.cpp:343:9) to (top.cpp:342:20) in function 'super_kernel_32'... converting 161 basic blocks.
INFO: [XFORM 203-11] Balancing expressions in function 'k2_stats_dual' (top.cpp:374:27)...4 expression(s) balanced.
INFO: [HLS 200-111] Finished Loop, function and other optimizations: CPU user time: 2.8 seconds. CPU system time: 0.03 seconds. Elapsed time: 2.85 seconds; current allocated memory: 729.070 MB.
INFO: [HLS 200-2061] Successfully converted nested loops 'VITIS_LOOP_411_1'(top.cpp:411:20) and 'VITIS_LOOP_414_2'(top.cpp:414:27) in function 'k3_dual_norm' into perfectly nested loops.
INFO: [HLS 200-2061] Successfully converted nested loops 'VITIS_LOOP_376_1'(top.cpp:376:20) and 'VITIS_LOOP_378_2'(top.cpp:378:27) in function 'k2_stats_dual' into perfectly nested loops.
INFO: [XFORM 203-541] Flattening a loop nest 'VITIS_LOOP_411_1' (top.cpp:411:20) in function 'k3_dual_norm'.
INFO: [XFORM 203-541] Flattening a loop nest 'VITIS_LOOP_376_1' (top.cpp:376:20) in function 'k2_stats_dual'.
INFO: [XFORM 203-603] Evaluating the output(s) of a call to function '_ssdm_op_BitSelect.i1.i53.i32' (top.cpp:361:29) in function 'super_kernel_32' and propagating its result(s) since all actual argument(s) to the function are constants.
INFO: [HLS 200-111] Finished Architecture Synthesis: CPU user time: 2.99 seconds. CPU system time: 0.07 seconds. Elapsed time: 3.07 seconds; current allocated memory: 788.340 MB.
INFO: [HLS 200-10] Starting hardware synthesis ...
INFO: [HLS 200-10] Synthesizing 'top_kernel' ...
INFO: [SYN 201-201] Setting up clock 'default' with a period of 10ns.
INFO: [HLS 200-10] ----------------------------------------------------------------
INFO: [HLS 200-42] -- Implementing module 'load_dual' 
INFO: [HLS 200-10] ----------------------------------------------------------------
INFO: [SCHED 204-11] Starting scheduling ...
INFO: [SCHED 204-61] Pipelining loop 'LOAD_LOOP'.
INFO: [HLS 200-1470] Pipelining result : Target II = 1, Final II = 1, Depth = 1, loop 'LOAD_LOOP'
INFO: [SCHED 204-11] Finished scheduling.
INFO: [HLS 200-111] Finished Scheduling: CPU user time: 0.11 seconds. CPU system time: 0.08 seconds. Elapsed time: 0.2 seconds; current allocated memory: 789.352 MB.
INFO: [BIND 205-100] Starting micro-architecture generation ...
INFO: [BIND 205-101] Performing variable lifetime analysis.
INFO: [BIND 205-101] Exploring resource sharing.
INFO: [BIND 205-101] Binding ...
INFO: [BIND 205-100] Finished micro-architecture generation.
INFO: [HLS 200-111] Finished Binding: CPU user time: 0.04 seconds. CPU system time: 0.04 seconds. Elapsed time: 0.09 seconds; current allocated memory: 789.352 MB.
INFO: [HLS 200-10] ----------------------------------------------------------------
INFO: [HLS 200-42] -- Implementing module 'super_kernel_32' 
INFO: [HLS 200-10] ----------------------------------------------------------------
INFO: [SCHED 204-11] Starting scheduling ...
INFO: [SCHED 204-61] Pipelining loop 'FRONT_32_LOOP'.
INFO: [HLS 200-1470] Pipelining result : Target II = 1, Final II = 1, Depth = 3, loop 'FRONT_32_LOOP'
INFO: [SCHED 204-11] Finished scheduling.
INFO: [HLS 200-111] Finished Scheduling: CPU user time: 2.25 seconds. CPU system time: 0.09 seconds. Elapsed time: 2.36 seconds; current allocated memory: 820.152 MB.
INFO: [BIND 205-100] Starting micro-architecture generation ...
INFO: [BIND 205-101] Performing variable lifetime analysis.
INFO: [BIND 205-101] Exploring resource sharing.
INFO: [BIND 205-101] Binding ...
INFO: [BIND 205-100] Finished micro-architecture generation.
INFO: [HLS 200-111] Finished Binding: CPU user time: 1.26 seconds. CPU system time: 0.08 seconds. Elapsed time: 1.6 seconds; current allocated memory: 830.215 MB.
INFO: [HLS 200-10] ----------------------------------------------------------------
INFO: [HLS 200-42] -- Implementing module 'k2_stats_dual' 
INFO: [HLS 200-10] ----------------------------------------------------------------
INFO: [SCHED 204-11] Starting scheduling ...
INFO: [SCHED 204-61] Pipelining loop 'VITIS_LOOP_376_1_VITIS_LOOP_378_2'.
INFO: [HLS 200-1470] Pipelining result : Target II = 1, Final II = 1, Depth = 3, loop 'VITIS_LOOP_376_1_VITIS_LOOP_378_2'
INFO: [SCHED 204-11] Finished scheduling.
INFO: [HLS 200-111] Finished Scheduling: CPU user time: 1.03 seconds. CPU system time: 0.05 seconds. Elapsed time: 1.34 seconds; current allocated memory: 830.215 MB.
INFO: [BIND 205-100] Starting micro-architecture generation ...
INFO: [BIND 205-101] Performing variable lifetime analysis.
INFO: [BIND 205-101] Exploring resource sharing.
INFO: [BIND 205-101] Binding ...
INFO: [BIND 205-100] Finished micro-architecture generation.
INFO: [HLS 200-111] Finished Binding: CPU user time: 0.08 seconds. CPU system time: 0.07 seconds. Elapsed time: 0.17 seconds; current allocated memory: 830.215 MB.
INFO: [HLS 200-10] ----------------------------------------------------------------
INFO: [HLS 200-42] -- Implementing module 'k3_dual_norm' 
INFO: [HLS 200-10] ----------------------------------------------------------------
INFO: [SCHED 204-11] Starting scheduling ...
INFO: [SCHED 204-61] Pipelining loop 'VITIS_LOOP_411_1_VITIS_LOOP_414_2'.
INFO: [HLS 200-1470] Pipelining result : Target II = 1, Final II = 1, Depth = 58, loop 'VITIS_LOOP_411_1_VITIS_LOOP_414_2'
INFO: [SCHED 204-11] Finished scheduling.
INFO: [HLS 200-111] Finished Scheduling: CPU user time: 0.8 seconds. CPU system time: 0.02 seconds. Elapsed time: 0.83 seconds; current allocated memory: 834.422 MB.
INFO: [BIND 205-100] Starting micro-architecture generation ...
INFO: [BIND 205-101] Performing variable lifetime analysis.
INFO: [BIND 205-101] Exploring resource sharing.
INFO: [BIND 205-101] Binding ...
INFO: [BIND 205-100] Finished micro-architecture generation.
INFO: [HLS 200-111] Finished Binding: CPU user time: 0.3 seconds. CPU system time: 0.03 seconds. Elapsed time: 0.48 seconds; current allocated memory: 834.422 MB.
INFO: [HLS 200-10] ----------------------------------------------------------------
INFO: [HLS 200-42] -- Implementing module 'k4_dual_post' 
INFO: [HLS 200-10] ----------------------------------------------------------------
INFO: [SCHED 204-11] Starting scheduling ...
INFO: [SCHED 204-61] Pipelining loop 'VITIS_LOOP_434_1'.
INFO: [HLS 200-1470] Pipelining result : Target II = 1, Final II = 1, Depth = 2, loop 'VITIS_LOOP_434_1'
INFO: [SCHED 204-11] Finished scheduling.
INFO: [HLS 200-111] Finished Scheduling: CPU user time: 0.75 seconds. CPU system time: 0.03 seconds. Elapsed time: 1.02 seconds; current allocated memory: 842.727 MB.
INFO: [BIND 205-100] Starting micro-architecture generation ...
INFO: [BIND 205-101] Performing variable lifetime analysis.
INFO: [BIND 205-101] Exploring resource sharing.
INFO: [BIND 205-101] Binding ...
INFO: [BIND 205-100] Finished micro-architecture generation.
INFO: [HLS 200-111] Finished Binding: CPU user time: 0.27 seconds. CPU system time: 0.01 seconds. Elapsed time: 0.38 seconds; current allocated memory: 843.883 MB.
INFO: [HLS 200-10] ----------------------------------------------------------------
INFO: [HLS 200-42] -- Implementing module 'store_dual' 
INFO: [HLS 200-10] ----------------------------------------------------------------
INFO: [SCHED 204-11] Starting scheduling ...
INFO: [SCHED 204-61] Pipelining loop 'STORE_LOOP'.
WARNING: [HLS 200-885] The II Violation in module 'store_dual' (loop 'STORE_LOOP'): Unable to schedule 'store' operation 0 bit ('va_i_addr_1_write_ln456', top.cpp:456) of constant <constant:_ssdm_op_Write.bram.p0i32> on array 'va_i' due to limited memory ports (II = 1). Please consider using a memory core with more ports or partitioning the array 'va_i'.
Resolution: For help on HLS 200-885 see docs.xilinx.com/access/sources/dita/topic?Doc_Version=2025.1%20English&url=ug1448-hls-guidance&resourceid=200-885.html
WARNING: [HLS 200-885] The II Violation in module 'store_dual' (loop 'STORE_LOOP'): Unable to schedule 'store' operation 0 bit ('va_i_addr_3_write_ln456', top.cpp:456) of constant <constant:_ssdm_op_Write.bram.p0i32> on array 'va_i' due to limited memory ports (II = 2). Please consider using a memory core with more ports or partitioning the array 'va_i'.
Resolution: For help on HLS 200-885 see docs.xilinx.com/access/sources/dita/topic?Doc_Version=2025.1%20English&url=ug1448-hls-guidance&resourceid=200-885.html
WARNING: [HLS 200-885] The II Violation in module 'store_dual' (loop 'STORE_LOOP'): Unable to schedule 'store' operation 0 bit ('va_i_addr_5_write_ln456', top.cpp:456) of constant <constant:_ssdm_op_Write.bram.p0i32> on array 'va_i' due to limited memory ports (II = 3). Please consider using a memory core with more ports or partitioning the array 'va_i'.
Resolution: For help on HLS 200-885 see docs.xilinx.com/access/sources/dita/topic?Doc_Version=2025.1%20English&url=ug1448-hls-guidance&resourceid=200-885.html
WARNING: [HLS 200-885] The II Violation in module 'store_dual' (loop 'STORE_LOOP'): Unable to schedule 'store' operation 0 bit ('va_i_addr_7_write_ln456', top.cpp:456) of constant <constant:_ssdm_op_Write.bram.p0i32> on array 'va_i' due to limited memory ports (II = 4). Please consider using a memory core with more ports or partitioning the array 'va_i'.
Resolution: For help on HLS 200-885 see docs.xilinx.com/access/sources/dita/topic?Doc_Version=2025.1%20English&url=ug1448-hls-guidance&resourceid=200-885.html
WARNING: [HLS 200-885] The II Violation in module 'store_dual' (loop 'STORE_LOOP'): Unable to schedule 'store' operation 0 bit ('va_i_addr_13_write_ln456', top.cpp:456) of constant <constant:_ssdm_op_Write.bram.p0i32> on array 'va_i' due to limited memory ports (II = 7). Please consider using a memory core with more ports or partitioning the array 'va_i'.
Resolution: For help on HLS 200-885 see docs.xilinx.com/access/sources/dita/topic?Doc_Version=2025.1%20English&url=ug1448-hls-guidance&resourceid=200-885.html
INFO: [HLS 200-1470] Pipelining result : Target II = 1, Final II = 8, Depth = 8, loop 'STORE_LOOP'
INFO: [SCHED 204-11] Finished scheduling.
INFO: [HLS 200-111] Finished Scheduling: CPU user time: 0.28 seconds. CPU system time: 0.01 seconds. Elapsed time: 0.41 seconds; current allocated memory: 845.883 MB.
INFO: [#UNDEF] Rewind delay = 6 for the pipelined loop 'STORE_LOOP' due to a write-after-read dependence on variable 'i189'.
INFO: [BIND 205-100] Starting micro-architecture generation ...
INFO: [BIND 205-101] Performing variable lifetime analysis.
INFO: [BIND 205-101] Exploring resource sharing.
INFO: [BIND 205-101] Binding ...
INFO: [BIND 205-100] Finished micro-architecture generation.
INFO: [HLS 200-111] Finished Binding: CPU user time: 0.03 seconds. CPU system time: 0.01 seconds. Elapsed time: 0.05 seconds; current allocated memory: 846.059 MB.
INFO: [HLS 200-10] ----------------------------------------------------------------
INFO: [HLS 200-42] -- Implementing module 'top_kernel' 
INFO: [HLS 200-10] ----------------------------------------------------------------
INFO: [SCHED 204-11] Starting scheduling ...
INFO: [SCHED 204-11] Finished scheduling.
WARNING: [HLS 200-1020] Increasing the depth of FIFO start_for_k3_dual_norm_U0 (from super_kernel_32_U0 to k3_dual_norm_U0) to 3 to improve performance and/or avoid deadlocks.
INFO: [HLS 200-111] Finished Scheduling: CPU user time: 0.06 seconds. CPU system time: 0.01 seconds. Elapsed time: 0.07 seconds; current allocated memory: 846.219 MB.
INFO: [BIND 205-100] Starting micro-architecture generation ...
INFO: [BIND 205-101] Performing variable lifetime analysis.
INFO: [BIND 205-101] Exploring resource sharing.
INFO: [BIND 205-101] Binding ...
INFO: [BIND 205-100] Finished micro-architecture generation.
INFO: [HLS 200-111] Finished Binding: CPU user time: 0.06 seconds. CPU system time: 0.01 seconds. Elapsed time: 0.08 seconds; current allocated memory: 846.258 MB.
INFO: [HLS 200-10] ----------------------------------------------------------------
INFO: [HLS 200-10] -- Generating RTL for module 'load_dual' 
INFO: [HLS 200-10] ----------------------------------------------------------------
INFO: [RTGEN 206-100] Finished creating RTL model for 'load_dual'.
INFO: [HLS 200-111] Finished Creating RTL model: CPU user time: 0.13 seconds. CPU system time: 0 seconds. Elapsed time: 0.15 seconds; current allocated memory: 846.906 MB.
INFO: [HLS 200-10] ----------------------------------------------------------------
INFO: [HLS 200-10] -- Generating RTL for module 'super_kernel_32' 
INFO: [HLS 200-10] ----------------------------------------------------------------
WARNING: [RTGEN 206-101] Register 'x_prev_0' is power-on initialization.
WARNING: [RTGEN 206-101] Register 'x_prev_1' is power-on initialization.
INFO: [RTGEN 206-100] Generating core module 'sparsemux_9_3_20_1_1': 32 instance(s).
INFO: [RTGEN 206-100] Finished creating RTL model for 'super_kernel_32'.
INFO: [HLS 200-111] Finished Creating RTL model: CPU user time: 1.34 seconds. CPU system time: 0.05 seconds. Elapsed time: 1.43 seconds; current allocated memory: 871.113 MB.
INFO: [HLS 200-10] ----------------------------------------------------------------
INFO: [HLS 200-10] -- Generating RTL for module 'k2_stats_dual' 
INFO: [HLS 200-10] ----------------------------------------------------------------
INFO: [HLS 200-1030] Apply Unified Pipeline Control on module 'k2_stats_dual' pipeline 'VITIS_LOOP_376_1_VITIS_LOOP_378_2' pipeline type 'loop pipeline'
INFO: [RTGEN 206-100] Finished creating RTL model for 'k2_stats_dual'.
INFO: [HLS 200-111] Finished Creating RTL model: CPU user time: 2.26 seconds. CPU system time: 0.29 seconds. Elapsed time: 2.96 seconds; current allocated memory: 940.906 MB.
INFO: [HLS 200-10] ----------------------------------------------------------------
INFO: [HLS 200-10] -- Generating RTL for module 'k3_dual_norm' 
INFO: [HLS 200-10] ----------------------------------------------------------------
INFO: [HLS 200-1030] Apply Unified Pipeline Control on module 'k3_dual_norm' pipeline 'VITIS_LOOP_411_1_VITIS_LOOP_414_2' pipeline type 'loop pipeline'
INFO: [RTGEN 206-100] Generating core module 'mul_34s_30s_64_1_1': 32 instance(s).
INFO: [RTGEN 206-100] Generating core module 'sdiv_50ns_34s_50_54_1': 1 instance(s).
INFO: [RTGEN 206-100] Finished creating RTL model for 'k3_dual_norm'.
INFO: [HLS 200-111] Finished Creating RTL model: CPU user time: 0.67 seconds. CPU system time: 0.08 seconds. Elapsed time: 0.82 seconds; current allocated memory: 947.340 MB.
INFO: [HLS 200-10] ----------------------------------------------------------------
INFO: [HLS 200-10] -- Generating RTL for module 'k4_dual_post' 
INFO: [HLS 200-10] ----------------------------------------------------------------
INFO: [HLS 200-1030] Apply Unified Pipeline Control on module 'k4_dual_post' pipeline 'VITIS_LOOP_434_1' pipeline type 'loop pipeline'
INFO: [RTGEN 206-100] Finished creating RTL model for 'k4_dual_post'.
INFO: [HLS 200-111] Finished Creating RTL model: CPU user time: 1.18 seconds. CPU system time: 0.11 seconds. Elapsed time: 1.52 seconds; current allocated memory: 979.062 MB.
INFO: [HLS 200-10] ----------------------------------------------------------------
INFO: [HLS 200-10] -- Generating RTL for module 'store_dual' 
INFO: [HLS 200-10] ----------------------------------------------------------------
INFO: [RTGEN 206-100] Finished creating RTL model for 'store_dual'.
INFO: [RTMG 210-278] Implementing memory 'top_kernel_store_dual_va_i_RAM_AUTO_0R0W' using auto RAMs.
INFO: [HLS 200-111] Finished Creating RTL model: CPU user time: 0.75 seconds. CPU system time: 0.11 seconds. Elapsed time: 1.03 seconds; current allocated memory: 1007.391 MB.
INFO: [HLS 200-10] ----------------------------------------------------------------
INFO: [HLS 200-10] -- Generating RTL for module 'top_kernel' 
INFO: [HLS 200-10] ----------------------------------------------------------------
WARNING: [RTGEN 206-101] Design contains AXI ports. Reset is fixed to synchronous and active low.
INFO: [RTGEN 206-500] Setting interface mode on port 'top_kernel/in_r' to 's_axilite & ap_none'.
INFO: [RTGEN 206-500] Setting interface mode on port 'top_kernel/out_r' to 's_axilite & ap_none'.
INFO: [RTGEN 206-500] Setting interface mode on function 'top_kernel' to 's_axilite & ap_ctrl_hs'.
INFO: [RTGEN 206-100] Bundling port 'in_r', 'out_r' and 'return' to AXI-Lite port control.
INFO: [RTGEN 206-100] Finished creating RTL model for 'top_kernel'.
INFO: [RTMG 210-285] Implementing FIFO 'sa_in_U(top_kernel_fifo_w512_d2_S)' using Shift Registers.
INFO: [RTMG 210-285] Implementing FIFO 'sb_in_U(top_kernel_fifo_w512_d2_S)' using Shift Registers.
INFO: [RTMG 210-285] Implementing FIFO 'sa_stats_U(top_kernel_fifo_w512_d2_S)' using Shift Registers.
INFO: [RTMG 210-285] Implementing FIFO 'sa_join_U(top_kernel_fifo_w512_d512_A)' using Vivado Default RAMs.
INFO: [RTMG 210-285] Implementing FIFO 'sb_stats_U(top_kernel_fifo_w512_d2_S)' using Shift Registers.
INFO: [RTMG 210-285] Implementing FIFO 'sb_join_U(top_kernel_fifo_w512_d512_A)' using Vivado Default RAMs.
INFO: [RTMG 210-285] Implementing FIFO 's_st_U(top_kernel_fifo_w28_d2_S)' using Shift Registers.
INFO: [RTMG 210-285] Implementing FIFO 'sa_norm_U(top_kernel_fifo_w512_d2_S)' using Shift Registers.
INFO: [RTMG 210-285] Implementing FIFO 'sb_norm_U(top_kernel_fifo_w512_d2_S)' using Shift Registers.
INFO: [RTMG 210-285] Implementing FIFO 'sa_post_U(top_kernel_fifo_w512_d2_S)' using Shift Registers.
INFO: [RTMG 210-285] Implementing FIFO 'sb_post_U(top_kernel_fifo_w512_d2_S)' using Shift Registers.
INFO: [RTMG 210-285] Implementing FIFO 'start_for_super_kernel_32_U0_U(top_kernel_start_for_super_kernel_32_U0)' using Shift Registers.
INFO: [RTMG 210-285] Implementing FIFO 'start_for_k2_stats_dual_U0_U(top_kernel_start_for_k2_stats_dual_U0)' using Shift Registers.
INFO: [RTMG 210-285] Implementing FIFO 'start_for_k3_dual_norm_U0_U(top_kernel_start_for_k3_dual_norm_U0)' using Shift Registers.
INFO: [RTMG 210-285] Implementing FIFO 'start_for_k4_dual_post_U0_U(top_kernel_start_for_k4_dual_post_U0)' using Shift Registers.
INFO: [RTMG 210-285] Implementing FIFO 'start_for_store_dual_U0_U(top_kernel_start_for_store_dual_U0)' using Shift Registers.
INFO: [HLS 200-111] Finished Creating RTL model: CPU user time: 0.2 seconds. CPU system time: 0.04 seconds. Elapsed time: 0.39 seconds; current allocated memory: 1014.234 MB.
INFO: [HLS 200-111] Finished Generating all RTL models: CPU user time: 0.81 seconds. CPU system time: 0.1 seconds. Elapsed time: 1.29 seconds; current allocated memory: 1015.965 MB.
INFO: [HLS 200-111] Finished Updating report files: CPU user time: 1.77 seconds. CPU system time: 0.15 seconds. Elapsed time: 2.03 seconds; current allocated memory: 1.030 GB.
INFO: [VHDL 208-304] Generating VHDL RTL for top_kernel.
INFO: [VLOG 209-307] Generating Verilog RTL for top_kernel.
INFO: [HLS 200-790] **** Loop Constraint Status: All loop constraints were NOT satisfied.
INFO: [HLS 200-789] **** Estimated Fmax: 145.34 MHz
INFO: [HLS 200-2161] Finished Command csynth_design Elapsed time: 00:01:02; Allocated memory: 397.484 MB.
INFO: [HLS 200-1510] Running: cosim_design 
INFO: [HLS 200-1915] Writing HLS config ini file /nethome/asandeep6/FPGA_ECE8893/2026_Spring/lab3/project_1/hls_config.cfg
INFO: [COSIM 212-47] Using XSIM for RTL simulation.
INFO: [COSIM 212-14] Instrumenting C test bench ...
   Build using "/tools/software/xilinx/2025.1.1/Vitis/lnx64/tools/vcxx/libexec/clang++"
   Compiling host.cpp_pre.cpp.tb.cpp
   Compiling apatb_top_kernel.cpp
   Compiling top.cpp_pre.cpp.tb.cpp
   Compiling apatb_top_kernel_ir.ll
   Generating cosim.tv.exe
INFO: [COSIM 212-302] Starting C TB testing ... 
terminate called after throwing an instance of 'std::system_error'
  what():  Invalid argument
ERROR: [COSIM 212-360] Aborting co-simulation: C TB simulation failed.
ERROR: [COSIM 212-320] C TB testing failed, stop generating test vectors. Please check C TB or re-run cosim.
ERROR: [COSIM 212-5] *** C/RTL co-simulation file generation failed. ***
ERROR: [COSIM 212-4] *** C/RTL co-simulation finished: FAIL ***
INFO: [HLS 200-2161] Finished Command cosim_design Elapsed time: 00:00:53; Allocated memory: 26.008 MB.
command 'ap_source' returned error code
    while executing
"source /nethome/asandeep6/FPGA_ECE8893/2026_Spring/lab3/script.tcl"
    ("uplevel" body line 1)
    invoked from within
"uplevel \#0 [list source $tclfile] "

INFO: [HLS 200-112] Total CPU user time: 84.33 seconds. Total CPU system time: 11.04 seconds. Total elapsed time: 126.55 seconds; peak allocated memory: 1.056 GB.
INFO: [vitis-run 60-1662] Stopping dispatch session having empty uuid.
