  **** HLS Build v2025.1.1 6214317
Sourcing Tcl script '/nethome/asandeep6/FPGA_ECE8893/2026_Spring/lab3/script.tcl'
INFO: [HLS 200-1510] Running: open_component project_1 
INFO: [HLS 200-10] Creating and opening component '/nethome/asandeep6/FPGA_ECE8893/2026_Spring/lab3/project_1'.
INFO: [SYN 201-201] Setting up clock 'default' with a period of 10ns.
INFO: [HLS 200-1611] Setting target device to 'xczu3eg-sbva484-1-e'
INFO: [HLS 200-1505] Using flow_target 'vivado'
Resolution: For help on HLS 200-1505 see docs.xilinx.com/access/sources/dita/topic?Doc_Version=2025.1%20English&url=ug1448-hls-guidance&resourceid=200-1505.html
INFO: [HLS 200-435] Setting 'open_solution -flow_target vivado' configuration: config_interface -m_axi_alignment_byte_size=1
INFO: [HLS 200-435] Setting 'open_solution -flow_target vivado' configuration: config_interface -m_axi_max_widen_bitwidth=0
INFO: [HLS 200-1464] Running solution command: config_interface -m_axi_max_widen_bitwidth=1024
INFO: [HLS 200-1464] Running solution command: config_interface -m_axi_alignment_byte_size=128
INFO: [HLS 200-1464] Running solution command: config_unroll -tripcount_threshold=0
INFO: [XFORM 203-502] Automatic unrolling disabled.
INFO: [HLS 200-1464] Running solution command: config_compile -pipeline_loops=0
INFO: [HLS 200-1464] Running solution command: config_export -flow=impl
INFO: [HLS 200-1464] Running solution command: config_export -format=ip_catalog
INFO: [HLS 200-2174] Applying component config ini file /nethome/asandeep6/FPGA_ECE8893/2026_Spring/lab3/project_1/hls_config.cfg
INFO: [HLS 200-1465] Applying config ini 'param.hls.enable_hidden_option_error=false' from /nethome/asandeep6/FPGA_ECE8893/2026_Spring/lab3/project_1/hls_config.cfg(4)
INFO: [HLS 200-1465] Applying config ini 'syn.file=../top.cpp' from /nethome/asandeep6/FPGA_ECE8893/2026_Spring/lab3/project_1/hls_config.cfg(7)
INFO: [HLS 200-10] Adding design file 'top.cpp' to the project
INFO: [HLS 200-1465] Applying config ini 'tb.file=../host.cpp' from /nethome/asandeep6/FPGA_ECE8893/2026_Spring/lab3/project_1/hls_config.cfg(9)
INFO: [HLS 200-10] Adding test bench file 'host.cpp' to the project
INFO: [HLS 200-1465] Applying config ini 'syn.top=top_kernel' from /nethome/asandeep6/FPGA_ECE8893/2026_Spring/lab3/project_1/hls_config.cfg(8)
INFO: [HLS 200-1465] Applying config ini 'flow_target=vivado' from /nethome/asandeep6/FPGA_ECE8893/2026_Spring/lab3/project_1/hls_config.cfg(6)
INFO: [HLS 200-1505] Using flow_target 'vivado'
Resolution: For help on HLS 200-1505 see docs.xilinx.com/access/sources/dita/topic?Doc_Version=2025.1%20English&url=ug1448-hls-guidance&resourceid=200-1505.html
INFO: [HLS 200-435] Setting 'open_solution -flow_target vivado' configuration: config_interface -m_axi_alignment_byte_size=1
INFO: [HLS 200-435] Setting 'open_solution -flow_target vivado' configuration: config_interface -m_axi_max_widen_bitwidth=0
INFO: [HLS 200-1464] Running solution command: config_interface -m_axi_max_widen_bitwidth=1024
INFO: [HLS 200-1464] Running solution command: config_interface -m_axi_alignment_byte_size=128
INFO: [HLS 200-1464] Running solution command: config_unroll -tripcount_threshold=0
INFO: [XFORM 203-502] Automatic unrolling disabled.
INFO: [HLS 200-1464] Running solution command: config_compile -pipeline_loops=0
INFO: [HLS 200-1464] Running solution command: config_compile -complex-mul-dsp=0
INFO: [HLS 200-1464] Running solution command: config_export -flow=impl
INFO: [HLS 200-1464] Running solution command: config_export -format=ip_catalog
INFO: [HLS 200-1465] Applying config ini 'part=xczu3eg-sbva484-1-e' from /nethome/asandeep6/FPGA_ECE8893/2026_Spring/lab3/project_1/hls_config.cfg(1)
INFO: [HLS 200-1465] Applying config ini 'clock=10ns' from /nethome/asandeep6/FPGA_ECE8893/2026_Spring/lab3/project_1/hls_config.cfg(5)
INFO: [HLS 200-1465] Applying config ini 'package.output.format=ip_catalog' from /nethome/asandeep6/FPGA_ECE8893/2026_Spring/lab3/project_1/hls_config.cfg(10)
INFO: [HLS 200-1465] Applying config ini 'syn.compile.pipeline_loops=0' from /nethome/asandeep6/FPGA_ECE8893/2026_Spring/lab3/project_1/hls_config.cfg(11)
INFO: [HLS 200-1465] Applying config ini 'syn.interface.m_axi_alignment_byte_size=128' from /nethome/asandeep6/FPGA_ECE8893/2026_Spring/lab3/project_1/hls_config.cfg(12)
INFO: [HLS 200-1465] Applying config ini 'syn.interface.m_axi_max_widen_bitwidth=1024' from /nethome/asandeep6/FPGA_ECE8893/2026_Spring/lab3/project_1/hls_config.cfg(13)
INFO: [HLS 200-1465] Applying config ini 'syn.unroll.tripcount_threshold=0' from /nethome/asandeep6/FPGA_ECE8893/2026_Spring/lab3/project_1/hls_config.cfg(14)
INFO: [XFORM 203-502] Automatic unrolling disabled.
INFO: [HLS 200-1465] Applying config ini 'vivado.flow=impl' from /nethome/asandeep6/FPGA_ECE8893/2026_Spring/lab3/project_1/hls_config.cfg(15)
INFO: [HLS 200-2176] Writing Vitis IDE component file /nethome/asandeep6/FPGA_ECE8893/2026_Spring/lab3/project_1/vitis-comp.json
INFO: [HLS 200-1915] Writing HLS config ini file /nethome/asandeep6/FPGA_ECE8893/2026_Spring/lab3/project_1/hls_config.cfg
INFO: [HLS 200-1510] Running: set_top top_kernel 
INFO: [HLS 200-1510] Running: add_files top.cpp 
INFO: [HLS 200-10] Adding design file 'top.cpp' to the project
INFO: [HLS 200-1510] Running: add_files -tb host.cpp 
INFO: [HLS 200-10] Adding test bench file 'host.cpp' to the project
INFO: [HLS 200-1510] Running: config_interface -m_axi_max_widen_bitwidth 1024 
INFO: [HLS 200-1510] Running: config_interface -m_axi_alignment_byte_size 128 
INFO: [HLS 200-1510] Running: config_unroll -tripcount_threshold 0 
INFO: [XFORM 203-502] Automatic unrolling disabled.
INFO: [HLS 200-1510] Running: config_compile -pipeline_loops 0 
INFO: [HLS 200-1510] Running: set_part xczu3eg-sbva484-1-e 
INFO: [HLS 200-1510] Running: csynth_design 
INFO: [HLS 200-1915] Writing HLS config ini file /nethome/asandeep6/FPGA_ECE8893/2026_Spring/lab3/project_1/hls_config.cfg
INFO: [HLS 200-111] Finished File checks and directory preparation: CPU user time: 0.9 seconds. CPU system time: 0.16 seconds. Elapsed time: 8.73 seconds; current allocated memory: 806.828 MB.
INFO: [HLS 200-10] Analyzing design file 'top.cpp' ... 
INFO: [HLS 200-111] Finished Source Code Analysis and Preprocessing: CPU user time: 8.76 seconds. CPU system time: 1.4 seconds. Elapsed time: 10.34 seconds; current allocated memory: 809.062 MB.
INFO: [HLS 200-777] Using interface defaults for 'Vivado' flow target.
INFO: [HLS 200-1995] There were 25,028 instructions in the design after the 'Compile/Link' phase of compilation. See the Design Size Report for more details (/nethome/asandeep6/FPGA_ECE8893/2026_Spring/lab3/project_1/hls/syn/report/csynth_design_size.rpt:2)
INFO: [HLS 200-1995] There were 26,503 instructions in the design after the 'Unroll/Inline (step 1)' phase of compilation. See the Design Size Report for more details (/nethome/asandeep6/FPGA_ECE8893/2026_Spring/lab3/project_1/hls/syn/report/csynth_design_size.rpt:2)
INFO: [HLS 200-1995] There were 12,936 instructions in the design after the 'Unroll/Inline (step 2)' phase of compilation. See the Design Size Report for more details (/nethome/asandeep6/FPGA_ECE8893/2026_Spring/lab3/project_1/hls/syn/report/csynth_design_size.rpt:2)
INFO: [HLS 200-1995] There were 11,948 instructions in the design after the 'Unroll/Inline (step 3)' phase of compilation. See the Design Size Report for more details (/nethome/asandeep6/FPGA_ECE8893/2026_Spring/lab3/project_1/hls/syn/report/csynth_design_size.rpt:2)
INFO: [HLS 200-1995] There were 11,171 instructions in the design after the 'Unroll/Inline (step 4)' phase of compilation. See the Design Size Report for more details (/nethome/asandeep6/FPGA_ECE8893/2026_Spring/lab3/project_1/hls/syn/report/csynth_design_size.rpt:2)
INFO: [HLS 200-1995] There were 11,070 instructions in the design after the 'Array/Struct (step 1)' phase of compilation. See the Design Size Report for more details (/nethome/asandeep6/FPGA_ECE8893/2026_Spring/lab3/project_1/hls/syn/report/csynth_design_size.rpt:2)
INFO: [HLS 200-1995] There were 10,750 instructions in the design after the 'Array/Struct (step 2)' phase of compilation. See the Design Size Report for more details (/nethome/asandeep6/FPGA_ECE8893/2026_Spring/lab3/project_1/hls/syn/report/csynth_design_size.rpt:2)
INFO: [HLS 200-1995] There were 10,774 instructions in the design after the 'Array/Struct (step 3)' phase of compilation. See the Design Size Report for more details (/nethome/asandeep6/FPGA_ECE8893/2026_Spring/lab3/project_1/hls/syn/report/csynth_design_size.rpt:2)
INFO: [HLS 200-1995] There were 13,032 instructions in the design after the 'Array/Struct (step 4)' phase of compilation. See the Design Size Report for more details (/nethome/asandeep6/FPGA_ECE8893/2026_Spring/lab3/project_1/hls/syn/report/csynth_design_size.rpt:2)
INFO: [HLS 200-1995] There were 13,029 instructions in the design after the 'Array/Struct (step 5)' phase of compilation. See the Design Size Report for more details (/nethome/asandeep6/FPGA_ECE8893/2026_Spring/lab3/project_1/hls/syn/report/csynth_design_size.rpt:2)
INFO: [HLS 200-1995] There were 13,029 instructions in the design after the 'Performance (step 1)' phase of compilation. See the Design Size Report for more details (/nethome/asandeep6/FPGA_ECE8893/2026_Spring/lab3/project_1/hls/syn/report/csynth_design_size.rpt:2)
INFO: [HLS 200-1995] There were 13,024 instructions in the design after the 'Performance (step 2)' phase of compilation. See the Design Size Report for more details (/nethome/asandeep6/FPGA_ECE8893/2026_Spring/lab3/project_1/hls/syn/report/csynth_design_size.rpt:2)
INFO: [HLS 200-1995] There were 13,024 instructions in the design after the 'Performance (step 3)' phase of compilation. See the Design Size Report for more details (/nethome/asandeep6/FPGA_ECE8893/2026_Spring/lab3/project_1/hls/syn/report/csynth_design_size.rpt:2)
INFO: [HLS 200-1995] There were 13,024 instructions in the design after the 'Performance (step 4)' phase of compilation. See the Design Size Report for more details (/nethome/asandeep6/FPGA_ECE8893/2026_Spring/lab3/project_1/hls/syn/report/csynth_design_size.rpt:2)
INFO: [HLS 200-1995] There were 12,721 instructions in the design after the 'HW Transforms' phase of compilation. See the Design Size Report for more details (/nethome/asandeep6/FPGA_ECE8893/2026_Spring/lab3/project_1/hls/syn/report/csynth_design_size.rpt:2)
INFO: [HLS 200-1995] There were 13,104 instructions in the design after the 'HW Transforms (step 2)' phase of compilation. See the Design Size Report for more details (/nethome/asandeep6/FPGA_ECE8893/2026_Spring/lab3/project_1/hls/syn/report/csynth_design_size.rpt:2)
INFO: [HLS 214-377] Adding 'v_out' into disaggregation list because there's array-partition pragma applied on the struct field (top.cpp:408:9)
INFO: [HLS 214-377] Adding 'v_out' into disaggregation list because there's array-partition pragma applied on the struct field (top.cpp:318:9)
INFO: [HLS 214-377] Adding 'v_out' into disaggregation list because there's array-partition pragma applied on the struct field (top.cpp:300:9)
INFO: [HLS 214-377] Adding 'vec_b' into disaggregation list because there's array-partition pragma applied on the struct field (top.cpp:264:9)
INFO: [HLS 214-377] Adding 'vec_a' into disaggregation list because there's array-partition pragma applied on the struct field (top.cpp:263:9)
INFO: [HLS 214-210] Disaggregating variable 'vec_b' (top.cpp:262:27)
Resolution: For help on HLS 214-210 see docs.xilinx.com/access/sources/dita/topic?Doc_Version=2025.1%20English&url=ug1448-hls-guidance&resourceid=214-210.html
INFO: [HLS 214-210] Disaggregating variable 'vec_a' (top.cpp:262:20)
Resolution: For help on HLS 214-210 see docs.xilinx.com/access/sources/dita/topic?Doc_Version=2025.1%20English&url=ug1448-hls-guidance&resourceid=214-210.html
INFO: [HLS 214-210] Disaggregating variable 'v_out' (top.cpp:299:20)
Resolution: For help on HLS 214-210 see docs.xilinx.com/access/sources/dita/topic?Doc_Version=2025.1%20English&url=ug1448-hls-guidance&resourceid=214-210.html
INFO: [HLS 214-210] Disaggregating variable 'v_out' (top.cpp:317:20)
Resolution: For help on HLS 214-210 see docs.xilinx.com/access/sources/dita/topic?Doc_Version=2025.1%20English&url=ug1448-hls-guidance&resourceid=214-210.html
INFO: [HLS 214-210] Disaggregating variable 'v_out' (top.cpp:407:24)
Resolution: For help on HLS 214-210 see docs.xilinx.com/access/sources/dita/topic?Doc_Version=2025.1%20English&url=ug1448-hls-guidance&resourceid=214-210.html
INFO: [HLS 214-291] Loop 'VITIS_LOOP_283_1' is marked as complete unroll implied by the pipeline pragma (top.cpp:283:27)
INFO: [HLS 214-291] Loop 'VITIS_LOOP_409_3' is marked as complete unroll implied by the pipeline pragma (top.cpp:409:20)
INFO: [HLS 214-291] Loop 'VITIS_LOOP_363_1' is marked as complete unroll implied by the pipeline pragma (top.cpp:363:20)
INFO: [HLS 214-291] Loop 'VITIS_LOOP_369_2' is marked as complete unroll implied by the pipeline pragma (top.cpp:369:31)
INFO: [HLS 214-291] Loop 'VITIS_LOOP_375_3' is marked as complete unroll implied by the pipeline pragma (top.cpp:375:31)
INFO: [HLS 214-291] Loop 'VITIS_LOOP_381_4' is marked as complete unroll implied by the pipeline pragma (top.cpp:381:31)
INFO: [HLS 214-291] Loop 'VITIS_LOOP_387_5' is marked as complete unroll implied by the pipeline pragma (top.cpp:387:31)
INFO: [HLS 214-291] Loop 'VITIS_LOOP_322_1' is marked as complete unroll implied by the pipeline pragma (top.cpp:322:20)
INFO: [HLS 214-291] Loop 'VITIS_LOOP_301_1' is marked as complete unroll implied by the pipeline pragma (top.cpp:301:20)
INFO: [HLS 214-291] Loop 'VITIS_LOOP_265_1' is marked as complete unroll implied by the pipeline pragma (top.cpp:265:20)
INFO: [HLS 214-186] Unrolling loop 'VITIS_LOOP_283_1' (top.cpp:283:27) in function 'store_dual' completely with a factor of 16 (top.cpp:275:0)
INFO: [HLS 214-186] Unrolling loop 'VITIS_LOOP_409_3' (top.cpp:409:20) in function 'k3_norm_stage' completely with a factor of 16 (top.cpp:399:0)
INFO: [HLS 214-186] Unrolling loop 'VITIS_LOOP_363_1' (top.cpp:363:20) in function 'k2_adder_tree' completely with a factor of 16 (top.cpp:347:0)
INFO: [HLS 214-186] Unrolling loop 'VITIS_LOOP_369_2' (top.cpp:369:31) in function 'k2_adder_tree' completely with a factor of 16 (top.cpp:347:0)
INFO: [HLS 214-186] Unrolling loop 'VITIS_LOOP_375_3' (top.cpp:375:31) in function 'k2_adder_tree' completely with a factor of 8 (top.cpp:347:0)
INFO: [HLS 214-186] Unrolling loop 'VITIS_LOOP_381_4' (top.cpp:381:31) in function 'k2_adder_tree' completely with a factor of 4 (top.cpp:347:0)
INFO: [HLS 214-186] Unrolling loop 'VITIS_LOOP_387_5' (top.cpp:387:31) in function 'k2_adder_tree' completely with a factor of 2 (top.cpp:347:0)
INFO: [HLS 214-186] Unrolling loop 'VITIS_LOOP_322_1' (top.cpp:322:20) in function 'k1_iir_stage' completely with a factor of 16 (top.cpp:311:0)
INFO: [HLS 214-186] Unrolling loop 'VITIS_LOOP_301_1' (top.cpp:301:20) in function 'k0_gain_stage' completely with a factor of 16 (top.cpp:294:0)
INFO: [HLS 214-186] Unrolling loop 'VITIS_LOOP_265_1' (top.cpp:265:20) in function 'load_dual' completely with a factor of 16 (top.cpp:255:0)
WARNING: [HLS 214-167] The program may have out of bound array access on variable 'in' (top.cpp:261:22)
WARNING: [HLS 214-167] The program may have out of bound array access on variable 'out' (top.cpp:288:21)
INFO: [HLS 214-248] Applying array_partition to 'v_out': Complete partitioning on dimension 1. (top.cpp:317:20)
INFO: [HLS 214-241] Aggregating fifo (hls::stream) variable 's_iir_b_split2' with compact=bit mode in 320-bits (top.cpp:432:40)
INFO: [HLS 214-241] Aggregating fifo (hls::stream) variable 's_iir_a_split2' with compact=bit mode in 320-bits (top.cpp:431:40)
INFO: [HLS 214-241] Aggregating fifo (hls::stream) variable 's_norm_b' with compact=bit mode in 320-bits (top.cpp:434:34)
INFO: [HLS 214-241] Aggregating fifo (hls::stream) variable 's_norm_a' with compact=bit mode in 320-bits (top.cpp:434:24)
INFO: [HLS 214-241] Aggregating fifo (hls::stream) variable 's_iir_b_split1' with compact=bit mode in 320-bits (top.cpp:432:24)
INFO: [HLS 214-241] Aggregating fifo (hls::stream) variable 's_iir_a_split1' with compact=bit mode in 320-bits (top.cpp:431:24)
INFO: [HLS 214-241] Aggregating fifo (hls::stream) variable 's_iir_a' with compact=bit mode in 320-bits (top.cpp:430:24)
INFO: [HLS 214-241] Aggregating fifo (hls::stream) variable 's_iir_b' with compact=bit mode in 320-bits (top.cpp:430:33)
INFO: [HLS 214-241] Aggregating fifo (hls::stream) variable 's_gain_a' with compact=bit mode in 320-bits (top.cpp:429:24)
INFO: [HLS 214-241] Aggregating fifo (hls::stream) variable 's_gain_b' with compact=bit mode in 320-bits (top.cpp:429:34)
INFO: [HLS 214-241] Aggregating fifo (hls::stream) variable 's_in_a' with compact=bit mode in 320-bits (top.cpp:428:21)
INFO: [HLS 214-241] Aggregating fifo (hls::stream) variable 's_in_b' with compact=bit mode in 320-bits (top.cpp:428:29)
INFO: [HLS 214-115] Multiple burst reads of length 2048 and bit width 1024 in loop 'LOAD_LOOP'(top.cpp:259:16) has been inferred on bundle 'gmem0'. These burst requests might be further partitioned into multiple requests during RTL generation, based on max_read_burst_length or max_write_burst_length settings. (top.cpp:259:16)
INFO: [HLS 214-115] Multiple burst writes of length 2048 and bit width 1024 in loop 'STORE_LOOP'(top.cpp:278:17) has been inferred on bundle 'gmem1'. These burst requests might be further partitioned into multiple requests during RTL generation, based on max_read_burst_length or max_write_burst_length settings. (top.cpp:278:17)
WARNING: [HLS 214-475] Merging processes 'k3_norm_stage' and 'k3_norm_stage' in function 'top_kernel' due to reads on 's_stats' (top.cpp:421:0)
INFO: [HLS 200-111] Finished Compiling Optimization and Transform: CPU user time: 9.74 seconds. CPU system time: 1.77 seconds. Elapsed time: 16.46 seconds; current allocated memory: 819.988 MB.
INFO: [HLS 200-111] Finished Checking Pragmas: CPU user time: 0 seconds. CPU system time: 0 seconds. Elapsed time: 0 seconds; current allocated memory: 819.988 MB.
INFO: [HLS 200-10] Starting code transformations ...
INFO: [HLS 200-111] Finished Standard Transforms: CPU user time: 0.75 seconds. CPU system time: 0.01 seconds. Elapsed time: 0.78 seconds; current allocated memory: 824.992 MB.
INFO: [HLS 200-10] Checking synthesizability ...
WARNING: [SYNCHK 200-23] top.cpp:403: variable-indexed range selection may cause suboptimal QoR.
INFO: [SYNCHK 200-10] 0 error(s), 1 warning(s).
INFO: [HLS 200-111] Finished Checking Synthesizability: CPU user time: 1.94 seconds. CPU system time: 0.02 seconds. Elapsed time: 1.96 seconds; current allocated memory: 829.512 MB.
WARNING: [HLS 200-805] An internal stream 's_in_a' with default size can result in deadlock. Please consider resizing the stream using the directive 'set_directive_stream' or the 'HLS stream' pragma.
WARNING: [HLS 200-805] An internal stream 's_in_b' with default size can result in deadlock. Please consider resizing the stream using the directive 'set_directive_stream' or the 'HLS stream' pragma.
WARNING: [HLS 200-805] An internal stream 's_gain_a' with default size can result in deadlock. Please consider resizing the stream using the directive 'set_directive_stream' or the 'HLS stream' pragma.
WARNING: [HLS 200-805] An internal stream 's_gain_b' with default size can result in deadlock. Please consider resizing the stream using the directive 'set_directive_stream' or the 'HLS stream' pragma.
WARNING: [HLS 200-805] An internal stream 's_iir_a' with default size can result in deadlock. Please consider resizing the stream using the directive 'set_directive_stream' or the 'HLS stream' pragma.
WARNING: [HLS 200-805] An internal stream 's_iir_b' with default size can result in deadlock. Please consider resizing the stream using the directive 'set_directive_stream' or the 'HLS stream' pragma.
WARNING: [HLS 200-805] An internal stream 's_iir_a_split1' with default size can result in deadlock. Please consider resizing the stream using the directive 'set_directive_stream' or the 'HLS stream' pragma.
WARNING: [HLS 200-805] An internal stream 's_iir_a_split2' with default size can result in deadlock. Please consider resizing the stream using the directive 'set_directive_stream' or the 'HLS stream' pragma.
WARNING: [HLS 200-805] An internal stream 's_iir_b_split1' with default size can result in deadlock. Please consider resizing the stream using the directive 'set_directive_stream' or the 'HLS stream' pragma.
WARNING: [HLS 200-805] An internal stream 's_iir_b_split2' with default size can result in deadlock. Please consider resizing the stream using the directive 'set_directive_stream' or the 'HLS stream' pragma.
WARNING: [HLS 200-805] An internal stream 's_stats' (top.cpp:433) with default size can result in deadlock. Please consider resizing the stream using the directive 'set_directive_stream' or the 'HLS stream' pragma.
WARNING: [HLS 200-805] An internal stream 's_norm_a' with default size can result in deadlock. Please consider resizing the stream using the directive 'set_directive_stream' or the 'HLS stream' pragma.
WARNING: [HLS 200-805] An internal stream 's_norm_b' with default size can result in deadlock. Please consider resizing the stream using the directive 'set_directive_stream' or the 'HLS stream' pragma.
ERROR: [HLS 200-471] Dataflow form checks found feedback dependence  in dataflow-region for global/static variable x_prev0, in Top Function top_kernel issue(s) in file (top.cpp:421:1)
Resolution: For help on HLS 200-471 see docs.xilinx.com/access/sources/dita/topic?Doc_Version=2025.1%20English&url=ug1448-hls-guidance&resourceid=200-471.html
ERROR: [HLS 200-471] Dataflow form checks found feedback dependence  in dataflow-region for global/static variable x_prev1, in Top Function top_kernel issue(s) in file (top.cpp:421:1)
Resolution: For help on HLS 200-471 see docs.xilinx.com/access/sources/dita/topic?Doc_Version=2025.1%20English&url=ug1448-hls-guidance&resourceid=200-471.html
ERROR: [HLS 200-1715] Encountered problem during source synthesis
ERROR: [HLS 200-70] Pre-synthesis failed.
INFO: [HLS 200-2161] Finished Command csynth_design Elapsed time: 00:00:41; Allocated memory: 49.301 MB.
command 'ap_source' returned error code
    while executing
"source /nethome/asandeep6/FPGA_ECE8893/2026_Spring/lab3/script.tcl"
    ("uplevel" body line 1)
    invoked from within
"uplevel \#0 [list source $tclfile] "

INFO: [HLS 200-112] Total CPU user time: 30.74 seconds. Total CPU system time: 5.67 seconds. Total elapsed time: 53.04 seconds; peak allocated memory: 840.129 MB.
INFO: [vitis-run 60-1662] Stopping dispatch session having empty uuid.
