  **** HLS Build v2025.1.1 6214317
Sourcing Tcl script '/nethome/asandeep6/FPGA_ECE8893/2026_Spring/lab3/script.tcl'
INFO: [HLS 200-1510] Running: open_component project_1 
INFO: [HLS 200-10] Creating and opening component '/nethome/asandeep6/FPGA_ECE8893/2026_Spring/lab3/project_1'.
INFO: [HLS 200-1505] Using default flow_target 'vivado'
Resolution: For help on HLS 200-1505 see docs.xilinx.com/access/sources/dita/topic?Doc_Version=2025.1%20English&url=ug1448-hls-guidance&resourceid=200-1505.html
INFO: [HLS 200-2176] Writing Vitis IDE component file /nethome/asandeep6/FPGA_ECE8893/2026_Spring/lab3/project_1/vitis-comp.json
INFO: [HLS 200-1915] Writing HLS config ini file /nethome/asandeep6/FPGA_ECE8893/2026_Spring/lab3/project_1/hls_config.cfg
INFO: [HLS 200-1510] Running: set_top top_kernel 
INFO: [HLS 200-1510] Running: add_files top.cpp 
INFO: [HLS 200-10] Adding design file 'top.cpp' to the project
INFO: [HLS 200-1510] Running: add_files -tb host.cpp 
INFO: [HLS 200-10] Adding test bench file 'host.cpp' to the project
INFO: [HLS 200-1510] Running: config_interface -m_axi_max_widen_bitwidth 512 
INFO: [HLS 200-1510] Running: config_interface -m_axi_alignment_byte_size 64 
INFO: [HLS 200-1510] Running: config_unroll -tripcount_threshold 0 
INFO: [XFORM 203-502] Automatic unrolling disabled.
INFO: [HLS 200-1510] Running: config_compile -pipeline_loops 0 
INFO: [HLS 200-1510] Running: set_part xczu3eg-sbva484-1-e 
INFO: [HLS 200-1611] Setting target device to 'xczu3eg-sbva484-1-e'
INFO: [HLS 200-1510] Running: csynth_design 
INFO: [HLS 200-1915] Writing HLS config ini file /nethome/asandeep6/FPGA_ECE8893/2026_Spring/lab3/project_1/hls_config.cfg
INFO: [HLS 200-111] Finished File checks and directory preparation: CPU user time: 0.76 seconds. CPU system time: 0.15 seconds. Elapsed time: 8.47 seconds; current allocated memory: 690.230 MB.
INFO: [HLS 200-10] Analyzing design file 'top.cpp' ... 
INFO: [HLS 200-111] Finished Source Code Analysis and Preprocessing: CPU user time: 9.84 seconds. CPU system time: 1.29 seconds. Elapsed time: 11.69 seconds; current allocated memory: 692.785 MB.
INFO: [HLS 200-777] Using interface defaults for 'Vivado' flow target.
INFO: [HLS 200-1995] There were 27,221 instructions in the design after the 'Compile/Link' phase of compilation. See the Design Size Report for more details (/nethome/asandeep6/FPGA_ECE8893/2026_Spring/lab3/project_1/hls/syn/report/csynth_design_size.rpt:2)
INFO: [HLS 200-1995] There were 26,509 instructions in the design after the 'Unroll/Inline (step 1)' phase of compilation. See the Design Size Report for more details (/nethome/asandeep6/FPGA_ECE8893/2026_Spring/lab3/project_1/hls/syn/report/csynth_design_size.rpt:2)
INFO: [HLS 200-1995] There were 12,522 instructions in the design after the 'Unroll/Inline (step 2)' phase of compilation. See the Design Size Report for more details (/nethome/asandeep6/FPGA_ECE8893/2026_Spring/lab3/project_1/hls/syn/report/csynth_design_size.rpt:2)
INFO: [HLS 200-1995] There were 11,805 instructions in the design after the 'Unroll/Inline (step 3)' phase of compilation. See the Design Size Report for more details (/nethome/asandeep6/FPGA_ECE8893/2026_Spring/lab3/project_1/hls/syn/report/csynth_design_size.rpt:2)
INFO: [HLS 200-1995] There were 11,065 instructions in the design after the 'Unroll/Inline (step 4)' phase of compilation. See the Design Size Report for more details (/nethome/asandeep6/FPGA_ECE8893/2026_Spring/lab3/project_1/hls/syn/report/csynth_design_size.rpt:2)
INFO: [HLS 214-131] Inlining function 'hls_clamp(ap_fixed<20, 6, (ap_q_mode)0, (ap_o_mode)0, 0>, ap_fixed<20, 6, (ap_q_mode)0, (ap_o_mode)0, 0>, ap_fixed<20, 6, (ap_q_mode)0, (ap_o_mode)0, 0>)' into 'super_kernel_32(hls::stream<data_vec_t, 0>&, hls::stream<data_vec_t, 0>&, hls::stream<data_vec_t, 0>&, hls::stream<data_vec_t, 0>&, hls::stream<data_vec_t, 0>&, hls::stream<data_vec_t, 0>&)' (top.cpp:371:30)
INFO: [HLS 214-131] Inlining function 'hls_clamp(ap_fixed<20, 6, (ap_q_mode)0, (ap_o_mode)0, 0>, ap_fixed<20, 6, (ap_q_mode)0, (ap_o_mode)0, 0>, ap_fixed<20, 6, (ap_q_mode)0, (ap_o_mode)0, 0>)' into 'k4_dual_post(hls::stream<data_vec_t, 0>&, hls::stream<data_vec_t, 0>&, hls::stream<data_vec_t, 0>&, hls::stream<data_vec_t, 0>&)' (top.cpp:455:23)
INFO: [HLS 214-377] Adding 'vb' into disaggregation list because there's array-partition pragma applied on the struct field (top.cpp:471:9)
INFO: [HLS 214-377] Adding 'va' into disaggregation list because there's array-partition pragma applied on the struct field (top.cpp:470:9)
INFO: [HLS 214-377] Adding 'rb' into disaggregation list because there's array-partition pragma applied on the struct field (top.cpp:451:9)
INFO: [HLS 214-377] Adding 'ra' into disaggregation list because there's array-partition pragma applied on the struct field (top.cpp:450:9)
INFO: [HLS 214-377] Adding 'rb' into disaggregation list because there's array-partition pragma applied on the struct field (top.cpp:431:9)
INFO: [HLS 214-377] Adding 'ra' into disaggregation list because there's array-partition pragma applied on the struct field (top.cpp:430:9)
INFO: [HLS 214-377] Adding 'vjb' into disaggregation list because there's array-partition pragma applied on the struct field (top.cpp:351:9)
INFO: [HLS 214-377] Adding 'vsb' into disaggregation list because there's array-partition pragma applied on the struct field (top.cpp:350:9)
INFO: [HLS 214-377] Adding 'vja' into disaggregation list because there's array-partition pragma applied on the struct field (top.cpp:349:9)
INFO: [HLS 214-377] Adding 'vsa' into disaggregation list because there's array-partition pragma applied on the struct field (top.cpp:348:9)
INFO: [HLS 214-377] Adding 'vec_b' into disaggregation list because there's array-partition pragma applied on the struct field (top.cpp:322:9)
INFO: [HLS 214-377] Adding 'vec_a' into disaggregation list because there's array-partition pragma applied on the struct field (top.cpp:321:9)
INFO: [HLS 214-210] Disaggregating variable 'vec_b' (top.cpp:320:27)
Resolution: For help on HLS 214-210 see docs.xilinx.com/access/sources/dita/topic?Doc_Version=2025.1%20English&url=ug1448-hls-guidance&resourceid=214-210.html
INFO: [HLS 214-210] Disaggregating variable 'vec_a' (top.cpp:320:20)
Resolution: For help on HLS 214-210 see docs.xilinx.com/access/sources/dita/topic?Doc_Version=2025.1%20English&url=ug1448-hls-guidance&resourceid=214-210.html
INFO: [HLS 214-210] Disaggregating variable 'vjb' (top.cpp:347:35)
Resolution: For help on HLS 214-210 see docs.xilinx.com/access/sources/dita/topic?Doc_Version=2025.1%20English&url=ug1448-hls-guidance&resourceid=214-210.html
INFO: [HLS 214-210] Disaggregating variable 'vsb' (top.cpp:347:30)
Resolution: For help on HLS 214-210 see docs.xilinx.com/access/sources/dita/topic?Doc_Version=2025.1%20English&url=ug1448-hls-guidance&resourceid=214-210.html
INFO: [HLS 214-210] Disaggregating variable 'vja' (top.cpp:347:25)
Resolution: For help on HLS 214-210 see docs.xilinx.com/access/sources/dita/topic?Doc_Version=2025.1%20English&url=ug1448-hls-guidance&resourceid=214-210.html
INFO: [HLS 214-210] Disaggregating variable 'vsa' (top.cpp:347:20)
Resolution: For help on HLS 214-210 see docs.xilinx.com/access/sources/dita/topic?Doc_Version=2025.1%20English&url=ug1448-hls-guidance&resourceid=214-210.html
INFO: [HLS 214-210] Disaggregating variable 'rb' (top.cpp:429:28)
Resolution: For help on HLS 214-210 see docs.xilinx.com/access/sources/dita/topic?Doc_Version=2025.1%20English&url=ug1448-hls-guidance&resourceid=214-210.html
INFO: [HLS 214-210] Disaggregating variable 'ra' (top.cpp:429:24)
Resolution: For help on HLS 214-210 see docs.xilinx.com/access/sources/dita/topic?Doc_Version=2025.1%20English&url=ug1448-hls-guidance&resourceid=214-210.html
INFO: [HLS 214-210] Disaggregating variable 'rb' (top.cpp:449:24)
Resolution: For help on HLS 214-210 see docs.xilinx.com/access/sources/dita/topic?Doc_Version=2025.1%20English&url=ug1448-hls-guidance&resourceid=214-210.html
INFO: [HLS 214-210] Disaggregating variable 'ra' (top.cpp:449:20)
Resolution: For help on HLS 214-210 see docs.xilinx.com/access/sources/dita/topic?Doc_Version=2025.1%20English&url=ug1448-hls-guidance&resourceid=214-210.html
INFO: [HLS 214-210] Disaggregating variable 'vb' (top.cpp:469:20)
Resolution: For help on HLS 214-210 see docs.xilinx.com/access/sources/dita/topic?Doc_Version=2025.1%20English&url=ug1448-hls-guidance&resourceid=214-210.html
INFO: [HLS 214-210] Disaggregating variable 'va' (top.cpp:468:13)
Resolution: For help on HLS 214-210 see docs.xilinx.com/access/sources/dita/topic?Doc_Version=2025.1%20English&url=ug1448-hls-guidance&resourceid=214-210.html
INFO: [HLS 214-291] Loop 'VITIS_LOOP_474_1' is marked as complete unroll implied by the pipeline pragma (top.cpp:474:27)
INFO: [HLS 214-291] Loop 'VITIS_LOOP_452_2' is marked as complete unroll implied by the pipeline pragma (top.cpp:452:20)
INFO: [HLS 214-291] Loop 'VITIS_LOOP_432_3' is marked as complete unroll implied by the pipeline pragma (top.cpp:432:20)
INFO: [HLS 214-291] Loop 'VITIS_LOOP_395_3' is marked as complete unroll implied by the pipeline pragma (top.cpp:395:20)
INFO: [HLS 214-291] Loop 'VITIS_LOOP_402_4' is marked as complete unroll implied by the pipeline pragma (top.cpp:402:20)
INFO: [HLS 214-291] Loop 'VITIS_LOOP_408_5' is marked as complete unroll implied by the pipeline pragma (top.cpp:408:20)
INFO: [HLS 214-291] Loop 'VITIS_LOOP_356_1' is marked as complete unroll implied by the pipeline pragma (top.cpp:356:20)
INFO: [HLS 214-291] Loop 'VITIS_LOOP_364_2' is marked as complete unroll implied by the pipeline pragma (top.cpp:364:27)
INFO: [HLS 214-291] Loop 'VITIS_LOOP_324_1' is marked as complete unroll implied by the pipeline pragma (top.cpp:324:20)
INFO: [HLS 214-186] Unrolling loop 'VITIS_LOOP_474_1' (top.cpp:474:27) in function 'store_dual' completely with a factor of 16 (top.cpp:463:0)
INFO: [HLS 214-186] Unrolling loop 'VITIS_LOOP_452_2' (top.cpp:452:20) in function 'k4_dual_post' completely with a factor of 16 (top.cpp:443:0)
INFO: [HLS 214-186] Unrolling loop 'VITIS_LOOP_432_3' (top.cpp:432:20) in function 'k3_dual_norm' completely with a factor of 16 (top.cpp:420:0)
INFO: [HLS 214-186] Unrolling loop 'VITIS_LOOP_395_3' (top.cpp:395:20) in function 'k2_stats_dual' completely with a factor of 16 (top.cpp:385:0)
INFO: [HLS 214-186] Unrolling loop 'VITIS_LOOP_402_4' (top.cpp:402:20) in function 'k2_stats_dual' completely with a factor of 16 (top.cpp:385:0)
INFO: [HLS 214-186] Unrolling loop 'VITIS_LOOP_408_5' (top.cpp:408:20) in function 'k2_stats_dual' completely with a factor of 8 (top.cpp:385:0)
INFO: [HLS 214-186] Unrolling loop 'VITIS_LOOP_356_1' (top.cpp:356:20) in function 'super_kernel_32' completely with a factor of 16 (top.cpp:338:0)
INFO: [HLS 214-186] Unrolling loop 'VITIS_LOOP_364_2' (top.cpp:364:27) in function 'super_kernel_32' completely with a factor of 32 (top.cpp:338:0)
INFO: [HLS 214-186] Unrolling loop 'VITIS_LOOP_324_1' (top.cpp:324:20) in function 'load_dual' completely with a factor of 16 (top.cpp:313:0)
WARNING: [HLS 214-167] The program may have out of bound array access on variable 'in' (top.cpp:318:17)
WARNING: [HLS 214-167] The program may have out of bound array access on variable 'in' (top.cpp:319:24)
WARNING: [HLS 214-167] The program may have out of bound array access on variable 'out' (top.cpp:481:20)
WARNING: [HLS 214-167] The program may have out of bound array access on variable 'out' (top.cpp:482:22)
INFO: [HLS 214-248] Applying array_partition to 'va': Complete partitioning on dimension 1. (top.cpp:468:13)
INFO: [HLS 214-248] Applying array_partition to 'vb': Complete partitioning on dimension 1. (top.cpp:469:20)
ERROR: [HLS 214-341] in function 'store_dual(hls::stream<data_vec_t, 0>&, hls::stream<data_vec_t, 0>&, ap_fixed<20, 6, (ap_q_mode)0, (ap_o_mode)0, 0>*)': Pointer cast is not supported. Cannot apply array transformation pragma/directive. (top.cpp:476:24)
ERROR: [HLS 200-1715] Encountered problem during source synthesis
INFO: [HLS 200-2161] Finished Command csynth_design Elapsed time: 00:00:30; Allocated memory: 28.215 MB.
Pre-synthesis failed.
    while executing
"source /nethome/asandeep6/FPGA_ECE8893/2026_Spring/lab3/script.tcl"
    ("uplevel" body line 1)
    invoked from within
"uplevel \#0 [list source $tclfile] "

INFO: [HLS 200-112] Total CPU user time: 22.78 seconds. Total CPU system time: 4.46 seconds. Total elapsed time: 40.34 seconds; peak allocated memory: 701.445 MB.
INFO: [vitis-run 60-1662] Stopping dispatch session having empty uuid.
