  **** HLS Build v2025.1.1 6214317
Sourcing Tcl script '/nethome/asandeep6/FPGA_ECE8893/2026_Spring/lab3/script.tcl'
INFO: [HLS 200-1510] Running: open_component project_1 
INFO: [HLS 200-10] Creating and opening component '/nethome/asandeep6/FPGA_ECE8893/2026_Spring/lab3/project_1'.
INFO: [HLS 200-1505] Using default flow_target 'vivado'
Resolution: For help on HLS 200-1505 see docs.xilinx.com/access/sources/dita/topic?Doc_Version=2025.1%20English&url=ug1448-hls-guidance&resourceid=200-1505.html
INFO: [HLS 200-2176] Writing Vitis IDE component file /nethome/asandeep6/FPGA_ECE8893/2026_Spring/lab3/project_1/vitis-comp.json
INFO: [HLS 200-1915] Writing HLS config ini file /nethome/asandeep6/FPGA_ECE8893/2026_Spring/lab3/project_1/hls_config.cfg
INFO: [HLS 200-1510] Running: set_top top_kernel 
INFO: [HLS 200-1510] Running: add_files top.cpp 
INFO: [HLS 200-10] Adding design file 'top.cpp' to the project
INFO: [HLS 200-1510] Running: add_files -tb host.cpp 
INFO: [HLS 200-10] Adding test bench file 'host.cpp' to the project
INFO: [HLS 200-1510] Running: config_interface -m_axi_max_widen_bitwidth 1024 
INFO: [HLS 200-1510] Running: config_interface -m_axi_alignment_byte_size 128 
INFO: [HLS 200-1510] Running: config_dataflow -default_channel register_slice 
ERROR: [HLS 200-101] config_dataflow: Option 'default_channel' cannot have value 'register_slice'.
[1msyn.dataflow.default_channel[0m=[1msyn.dataflow.disable_fifo_sizing_opt[0m=[1msyn.dataflow.enable_canonicalization[0m=[1msyn.dataflow.fifo_depth[0m=[1msyn.dataflow.override_user_fifo_depth[0m=[1msyn.dataflow.scalar_fifo_depth[0m=[1msyn.dataflow.start_fifo_depth[0m=[1msyn.dataflow.strict_mode[0m=[1msyn.dataflow.strict_stable_sync[0m=[1msyn.dataflow.task_level_fifo_depth[0m=

    invoked from within
"config_dataflow -default_channel register_slice"
    (file "/nethome/asandeep6/FPGA_ECE8893/2026_Spring/lab3/script.tcl" line 11)
    invoked from within
"source /nethome/asandeep6/FPGA_ECE8893/2026_Spring/lab3/script.tcl"
    ("uplevel" body line 1)
    invoked from within
"uplevel \#0 [list source $tclfile] "

INFO: [HLS 200-112] Total CPU user time: 1.54 seconds. Total CPU system time: 1.02 seconds. Total elapsed time: 5.7 seconds; peak allocated memory: 140.371 MB.
INFO: [vitis-run 60-1662] Stopping dispatch session having empty uuid.
