  **** HLS Build v2025.1.1 6214317
Sourcing Tcl script '/nethome/asandeep6/FPGA_ECE8893/2026_Spring/lab3/script.tcl'
INFO: [HLS 200-1510] Running: open_component project_1 
INFO: [HLS 200-10] Creating and opening component '/nethome/asandeep6/FPGA_ECE8893/2026_Spring/lab3/project_1'.
INFO: [HLS 200-1505] Using default flow_target 'vivado'
Resolution: For help on HLS 200-1505 see docs.xilinx.com/access/sources/dita/topic?Doc_Version=2025.1%20English&url=ug1448-hls-guidance&resourceid=200-1505.html
INFO: [HLS 200-2176] Writing Vitis IDE component file /nethome/asandeep6/FPGA_ECE8893/2026_Spring/lab3/project_1/vitis-comp.json
INFO: [HLS 200-1915] Writing HLS config ini file /nethome/asandeep6/FPGA_ECE8893/2026_Spring/lab3/project_1/hls_config.cfg
INFO: [HLS 200-1510] Running: set_top top_kernel 
INFO: [HLS 200-1510] Running: add_files top.cpp 
INFO: [HLS 200-10] Adding design file 'top.cpp' to the project
INFO: [HLS 200-1510] Running: add_files -tb host.cpp 
INFO: [HLS 200-10] Adding test bench file 'host.cpp' to the project
INFO: [HLS 200-1510] Running: config_unroll -tripcount_threshold 0 
INFO: [XFORM 203-502] Automatic unrolling disabled.
INFO: [HLS 200-1510] Running: config_compile -pipeline_loops 0 
INFO: [HLS 200-1510] Running: set_part xczu3eg-sbva484-1-e 
INFO: [HLS 200-1611] Setting target device to 'xczu3eg-sbva484-1-e'
INFO: [HLS 200-1510] Running: csynth_design 
INFO: [HLS 200-1915] Writing HLS config ini file /nethome/asandeep6/FPGA_ECE8893/2026_Spring/lab3/project_1/hls_config.cfg
INFO: [HLS 200-111] Finished File checks and directory preparation: CPU user time: 0.79 seconds. CPU system time: 0.14 seconds. Elapsed time: 8.48 seconds; current allocated memory: 674.355 MB.
INFO: [HLS 200-10] Analyzing design file 'top.cpp' ... 
WARNING: [HLS 207-5570] unexpected pragma parameter 'latency' (top.cpp:569:27)
WARNING: [HLS 207-5570] unexpected pragma parameter 'latency' (top.cpp:670:27)
WARNING: [HLS 207-5570] unexpected pragma parameter 'latency' (top.cpp:691:27)
ERROR: [HLS 207-3325] use of overloaded operator '=' is ambiguous (with operand types 'ap_range_ref<1024, false>' and 'signed __attribute__((bitwidth(20))) ') (top.cpp:720:29)
INFO: [HLS 207-4372] candidate function (/tools/software/xilinx/2025.1.1/Vitis/common/technology/autopilot/etc/ap_int_ref.h:339:80)
INFO: [HLS 207-4372] candidate function (/tools/software/xilinx/2025.1.1/Vitis/common/technology/autopilot/etc/ap_int_ref.h:340:80)
INFO: [HLS 207-4372] candidate function (/tools/software/xilinx/2025.1.1/Vitis/common/technology/autopilot/etc/ap_int_ref.h:341:80)
INFO: [HLS 207-4372] candidate function (/tools/software/xilinx/2025.1.1/Vitis/common/technology/autopilot/etc/ap_int_ref.h:342:80)
INFO: [HLS 207-4372] candidate function (/tools/software/xilinx/2025.1.1/Vitis/common/technology/autopilot/etc/ap_int_ref.h:343:80)
INFO: [HLS 207-4372] candidate function (/tools/software/xilinx/2025.1.1/Vitis/common/technology/autopilot/etc/ap_int_ref.h:344:80)
INFO: [HLS 207-4372] candidate function (/tools/software/xilinx/2025.1.1/Vitis/common/technology/autopilot/etc/ap_int_ref.h:345:80)
INFO: [HLS 207-4372] candidate function (/tools/software/xilinx/2025.1.1/Vitis/common/technology/autopilot/etc/ap_int_ref.h:346:80)
INFO: [HLS 207-4372] candidate function (/tools/software/xilinx/2025.1.1/Vitis/common/technology/autopilot/etc/ap_int_ref.h:347:80)
INFO: [HLS 207-4372] candidate function (/tools/software/xilinx/2025.1.1/Vitis/common/technology/autopilot/etc/ap_int_ref.h:348:80)
INFO: [HLS 207-4372] candidate function (/tools/software/xilinx/2025.1.1/Vitis/common/technology/autopilot/etc/ap_int_ref.h:349:80)
INFO: [HLS 207-4372] candidate function (/tools/software/xilinx/2025.1.1/Vitis/common/technology/autopilot/etc/ap_int_ref.h:350:80)
INFO: [HLS 207-4372] candidate function (/tools/software/xilinx/2025.1.1/Vitis/common/technology/autopilot/etc/ap_int_ref.h:351:80)
INFO: [HLS 207-4372] candidate function (/tools/software/xilinx/2025.1.1/Vitis/common/technology/autopilot/etc/ap_int_ref.h:352:80)
INFO: [HLS 207-4372] candidate function (/tools/software/xilinx/2025.1.1/Vitis/common/technology/autopilot/etc/ap_int_ref.h:353:80)
ERROR: [HLS 207-3325] use of overloaded operator '=' is ambiguous (with operand types 'ap_range_ref<1024, false>' and 'signed __attribute__((bitwidth(20))) ') (top.cpp:721:50)
WARNING: [HLS 207-5570] unexpected pragma parameter 'register_io' (top.cpp:729:87)
WARNING: [HLS 207-5570] unexpected pragma parameter 'register_io' (top.cpp:730:88)
INFO: [HLS 200-2161] Finished Command csynth_design Elapsed time: 00:00:10; Allocated memory: 17.770 MB.
 
    while executing
"source /nethome/asandeep6/FPGA_ECE8893/2026_Spring/lab3/script.tcl"
    ("uplevel" body line 1)
    invoked from within
"uplevel \#0 [list source $tclfile] "

INFO: [HLS 200-112] Total CPU user time: 6.58 seconds. Total CPU system time: 2.11 seconds. Total elapsed time: 17.11 seconds; peak allocated memory: 675.125 MB.
INFO: [vitis-run 60-1662] Stopping dispatch session having empty uuid.
