  **** HLS Build v2025.1.1 6214317
Sourcing Tcl script '/nethome/asandeep6/FPGA_ECE8893/2026_Spring/lab3/script.tcl'
INFO: [HLS 200-1510] Running: open_component project_1 
INFO: [HLS 200-10] Creating and opening component '/nethome/asandeep6/FPGA_ECE8893/2026_Spring/lab3/project_1'.
INFO: [SYN 201-201] Setting up clock 'default' with a period of 10ns.
INFO: [HLS 200-1611] Setting target device to 'xczu3eg-sbva484-1-e'
INFO: [HLS 200-1505] Using flow_target 'vivado'
Resolution: For help on HLS 200-1505 see docs.xilinx.com/access/sources/dita/topic?Doc_Version=2025.1%20English&url=ug1448-hls-guidance&resourceid=200-1505.html
INFO: [HLS 200-435] Setting 'open_solution -flow_target vivado' configuration: config_interface -m_axi_alignment_byte_size=1
INFO: [HLS 200-435] Setting 'open_solution -flow_target vivado' configuration: config_interface -m_axi_max_widen_bitwidth=0
INFO: [HLS 200-1464] Running solution command: config_interface -m_axi_max_widen_bitwidth=1024
INFO: [HLS 200-1464] Running solution command: config_interface -m_axi_alignment_byte_size=128
INFO: [HLS 200-1464] Running solution command: config_unroll -tripcount_threshold=0
INFO: [XFORM 203-502] Automatic unrolling disabled.
INFO: [HLS 200-1464] Running solution command: config_compile -pipeline_loops=0
INFO: [HLS 200-1464] Running solution command: config_compile -complex-mul-dsp=0
INFO: [HLS 200-1464] Running solution command: config_export -flow=impl
INFO: [HLS 200-1464] Running solution command: config_export -format=ip_catalog
INFO: [HLS 200-2174] Applying component config ini file /nethome/asandeep6/FPGA_ECE8893/2026_Spring/lab3/project_1/hls_config.cfg
INFO: [HLS 200-1465] Applying config ini 'param.hls.enable_hidden_option_error=false' from /nethome/asandeep6/FPGA_ECE8893/2026_Spring/lab3/project_1/hls_config.cfg(4)
INFO: [HLS 200-1465] Applying config ini 'syn.file=../top.cpp' from /nethome/asandeep6/FPGA_ECE8893/2026_Spring/lab3/project_1/hls_config.cfg(7)
INFO: [HLS 200-10] Adding design file 'top.cpp' to the project
INFO: [HLS 200-1465] Applying config ini 'tb.file=../host.cpp' from /nethome/asandeep6/FPGA_ECE8893/2026_Spring/lab3/project_1/hls_config.cfg(9)
INFO: [HLS 200-10] Adding test bench file 'host.cpp' to the project
INFO: [HLS 200-1465] Applying config ini 'syn.top=top_kernel' from /nethome/asandeep6/FPGA_ECE8893/2026_Spring/lab3/project_1/hls_config.cfg(8)
INFO: [HLS 200-1465] Applying config ini 'flow_target=vivado' from /nethome/asandeep6/FPGA_ECE8893/2026_Spring/lab3/project_1/hls_config.cfg(6)
INFO: [HLS 200-1505] Using flow_target 'vivado'
Resolution: For help on HLS 200-1505 see docs.xilinx.com/access/sources/dita/topic?Doc_Version=2025.1%20English&url=ug1448-hls-guidance&resourceid=200-1505.html
INFO: [HLS 200-435] Setting 'open_solution -flow_target vivado' configuration: config_interface -m_axi_alignment_byte_size=1
INFO: [HLS 200-435] Setting 'open_solution -flow_target vivado' configuration: config_interface -m_axi_max_widen_bitwidth=0
INFO: [HLS 200-1464] Running solution command: config_interface -m_axi_max_widen_bitwidth=1024
INFO: [HLS 200-1464] Running solution command: config_interface -m_axi_alignment_byte_size=128
INFO: [HLS 200-1464] Running solution command: config_unroll -tripcount_threshold=0
INFO: [XFORM 203-502] Automatic unrolling disabled.
INFO: [HLS 200-1464] Running solution command: config_compile -pipeline_loops=0
INFO: [HLS 200-1464] Running solution command: config_compile -complex-mul-dsp=0
INFO: [HLS 200-1464] Running solution command: config_export -flow=impl
INFO: [HLS 200-1464] Running solution command: config_export -format=ip_catalog
INFO: [HLS 200-1465] Applying config ini 'part=xczu3eg-sbva484-1-e' from /nethome/asandeep6/FPGA_ECE8893/2026_Spring/lab3/project_1/hls_config.cfg(1)
INFO: [HLS 200-1465] Applying config ini 'clock=10ns' from /nethome/asandeep6/FPGA_ECE8893/2026_Spring/lab3/project_1/hls_config.cfg(5)
INFO: [HLS 200-1465] Applying config ini 'package.output.format=ip_catalog' from /nethome/asandeep6/FPGA_ECE8893/2026_Spring/lab3/project_1/hls_config.cfg(10)
INFO: [HLS 200-1465] Applying config ini 'syn.compile.pipeline_loops=0' from /nethome/asandeep6/FPGA_ECE8893/2026_Spring/lab3/project_1/hls_config.cfg(11)
INFO: [HLS 200-1465] Applying config ini 'syn.interface.m_axi_alignment_byte_size=128' from /nethome/asandeep6/FPGA_ECE8893/2026_Spring/lab3/project_1/hls_config.cfg(12)
INFO: [HLS 200-1465] Applying config ini 'syn.interface.m_axi_max_widen_bitwidth=1024' from /nethome/asandeep6/FPGA_ECE8893/2026_Spring/lab3/project_1/hls_config.cfg(13)
INFO: [HLS 200-1465] Applying config ini 'syn.unroll.tripcount_threshold=0' from /nethome/asandeep6/FPGA_ECE8893/2026_Spring/lab3/project_1/hls_config.cfg(14)
INFO: [XFORM 203-502] Automatic unrolling disabled.
INFO: [HLS 200-1465] Applying config ini 'vivado.flow=impl' from /nethome/asandeep6/FPGA_ECE8893/2026_Spring/lab3/project_1/hls_config.cfg(15)
INFO: [HLS 200-2176] Writing Vitis IDE component file /nethome/asandeep6/FPGA_ECE8893/2026_Spring/lab3/project_1/vitis-comp.json
INFO: [HLS 200-1915] Writing HLS config ini file /nethome/asandeep6/FPGA_ECE8893/2026_Spring/lab3/project_1/hls_config.cfg
INFO: [HLS 200-1510] Running: set_top top_kernel 
INFO: [HLS 200-1510] Running: add_files top.cpp 
INFO: [HLS 200-10] Adding design file 'top.cpp' to the project
INFO: [HLS 200-1510] Running: add_files -tb host.cpp 
INFO: [HLS 200-10] Adding test bench file 'host.cpp' to the project
INFO: [HLS 200-1510] Running: config_interface -m_axi_max_widen_bitwidth 1024 
INFO: [HLS 200-1510] Running: config_interface -m_axi_alignment_byte_size 128 
INFO: [HLS 200-1510] Running: config_unroll -tripcount_threshold 0 
INFO: [XFORM 203-502] Automatic unrolling disabled.
INFO: [HLS 200-1510] Running: config_compile -pipeline_loops 0 
INFO: [HLS 200-1510] Running: set_part xczu3eg-sbva484-1-e 
INFO: [HLS 200-1510] Running: csynth_design 
INFO: [HLS 200-1915] Writing HLS config ini file /nethome/asandeep6/FPGA_ECE8893/2026_Spring/lab3/project_1/hls_config.cfg
INFO: [HLS 200-111] Finished File checks and directory preparation: CPU user time: 0.74 seconds. CPU system time: 0.13 seconds. Elapsed time: 8.43 seconds; current allocated memory: 806.855 MB.
INFO: [HLS 200-10] Analyzing design file 'top.cpp' ... 
INFO: [HLS 200-111] Finished Source Code Analysis and Preprocessing: CPU user time: 7.89 seconds. CPU system time: 1.13 seconds. Elapsed time: 9.37 seconds; current allocated memory: 809.035 MB.
INFO: [HLS 200-777] Using interface defaults for 'Vivado' flow target.
INFO: [HLS 200-1995] There were 25,013 instructions in the design after the 'Compile/Link' phase of compilation. See the Design Size Report for more details (/nethome/asandeep6/FPGA_ECE8893/2026_Spring/lab3/project_1/hls/syn/report/csynth_design_size.rpt:2)
INFO: [HLS 200-1995] There were 26,310 instructions in the design after the 'Unroll/Inline (step 1)' phase of compilation. See the Design Size Report for more details (/nethome/asandeep6/FPGA_ECE8893/2026_Spring/lab3/project_1/hls/syn/report/csynth_design_size.rpt:2)
INFO: [HLS 200-1995] There were 12,743 instructions in the design after the 'Unroll/Inline (step 2)' phase of compilation. See the Design Size Report for more details (/nethome/asandeep6/FPGA_ECE8893/2026_Spring/lab3/project_1/hls/syn/report/csynth_design_size.rpt:2)
INFO: [HLS 200-1995] There were 11,619 instructions in the design after the 'Unroll/Inline (step 3)' phase of compilation. See the Design Size Report for more details (/nethome/asandeep6/FPGA_ECE8893/2026_Spring/lab3/project_1/hls/syn/report/csynth_design_size.rpt:2)
INFO: [HLS 200-1995] There were 10,962 instructions in the design after the 'Unroll/Inline (step 4)' phase of compilation. See the Design Size Report for more details (/nethome/asandeep6/FPGA_ECE8893/2026_Spring/lab3/project_1/hls/syn/report/csynth_design_size.rpt:2)
INFO: [HLS 200-1995] There were 10,795 instructions in the design after the 'Array/Struct (step 1)' phase of compilation. See the Design Size Report for more details (/nethome/asandeep6/FPGA_ECE8893/2026_Spring/lab3/project_1/hls/syn/report/csynth_design_size.rpt:2)
INFO: [HLS 200-1995] There were 10,795 instructions in the design after the 'Array/Struct (step 2)' phase of compilation. See the Design Size Report for more details (/nethome/asandeep6/FPGA_ECE8893/2026_Spring/lab3/project_1/hls/syn/report/csynth_design_size.rpt:2)
INFO: [HLS 200-1995] There were 10,819 instructions in the design after the 'Array/Struct (step 3)' phase of compilation. See the Design Size Report for more details (/nethome/asandeep6/FPGA_ECE8893/2026_Spring/lab3/project_1/hls/syn/report/csynth_design_size.rpt:2)
INFO: [HLS 200-1995] There were 13,077 instructions in the design after the 'Array/Struct (step 4)' phase of compilation. See the Design Size Report for more details (/nethome/asandeep6/FPGA_ECE8893/2026_Spring/lab3/project_1/hls/syn/report/csynth_design_size.rpt:2)
INFO: [HLS 200-1995] There were 13,074 instructions in the design after the 'Array/Struct (step 5)' phase of compilation. See the Design Size Report for more details (/nethome/asandeep6/FPGA_ECE8893/2026_Spring/lab3/project_1/hls/syn/report/csynth_design_size.rpt:2)
INFO: [HLS 200-1995] There were 13,074 instructions in the design after the 'Performance (step 1)' phase of compilation. See the Design Size Report for more details (/nethome/asandeep6/FPGA_ECE8893/2026_Spring/lab3/project_1/hls/syn/report/csynth_design_size.rpt:2)
INFO: [HLS 200-1995] There were 13,069 instructions in the design after the 'Performance (step 2)' phase of compilation. See the Design Size Report for more details (/nethome/asandeep6/FPGA_ECE8893/2026_Spring/lab3/project_1/hls/syn/report/csynth_design_size.rpt:2)
INFO: [HLS 200-1995] There were 13,157 instructions in the design after the 'Performance (step 3)' phase of compilation. See the Design Size Report for more details (/nethome/asandeep6/FPGA_ECE8893/2026_Spring/lab3/project_1/hls/syn/report/csynth_design_size.rpt:2)
INFO: [HLS 200-1995] There were 12,837 instructions in the design after the 'Performance (step 4)' phase of compilation. See the Design Size Report for more details (/nethome/asandeep6/FPGA_ECE8893/2026_Spring/lab3/project_1/hls/syn/report/csynth_design_size.rpt:2)
INFO: [HLS 200-1995] There were 12,534 instructions in the design after the 'HW Transforms (step 1)' phase of compilation. See the Design Size Report for more details (/nethome/asandeep6/FPGA_ECE8893/2026_Spring/lab3/project_1/hls/syn/report/csynth_design_size.rpt:2)
INFO: [HLS 200-1995] There were 12,912 instructions in the design after the 'HW Transforms (step 2)' phase of compilation. See the Design Size Report for more details (/nethome/asandeep6/FPGA_ECE8893/2026_Spring/lab3/project_1/hls/syn/report/csynth_design_size.rpt:2)
INFO: [HLS 214-377] Adding 'vec_b' into disaggregation list because there's array-partition pragma applied on the struct field (top.cpp:258:9)
INFO: [HLS 214-377] Adding 'vec_a' into disaggregation list because there's array-partition pragma applied on the struct field (top.cpp:257:9)
INFO: [HLS 214-210] Disaggregating variable 'vec_b' (top.cpp:256:27)
Resolution: For help on HLS 214-210 see docs.xilinx.com/access/sources/dita/topic?Doc_Version=2025.1%20English&url=ug1448-hls-guidance&resourceid=214-210.html
INFO: [HLS 214-210] Disaggregating variable 'vec_a' (top.cpp:256:20)
Resolution: For help on HLS 214-210 see docs.xilinx.com/access/sources/dita/topic?Doc_Version=2025.1%20English&url=ug1448-hls-guidance&resourceid=214-210.html
INFO: [HLS 214-291] Loop 'VITIS_LOOP_277_1' is marked as complete unroll implied by the pipeline pragma (top.cpp:277:27)
INFO: [HLS 214-291] Loop 'VITIS_LOOP_397_3' is marked as complete unroll implied by the pipeline pragma (top.cpp:397:31)
INFO: [HLS 214-291] Loop 'VITIS_LOOP_352_3' is marked as complete unroll implied by the pipeline pragma (top.cpp:352:20)
INFO: [HLS 214-291] Loop 'VITIS_LOOP_358_4' is marked as complete unroll implied by the pipeline pragma (top.cpp:358:31)
INFO: [HLS 214-291] Loop 'VITIS_LOOP_364_5' is marked as complete unroll implied by the pipeline pragma (top.cpp:364:31)
INFO: [HLS 214-291] Loop 'VITIS_LOOP_370_6' is marked as complete unroll implied by the pipeline pragma (top.cpp:370:31)
INFO: [HLS 214-291] Loop 'VITIS_LOOP_376_7' is marked as complete unroll implied by the pipeline pragma (top.cpp:376:31)
INFO: [HLS 214-291] Loop 'VITIS_LOOP_313_2' is marked as complete unroll implied by the pipeline pragma (top.cpp:313:20)
INFO: [HLS 214-291] Loop 'VITIS_LOOP_293_2' is marked as complete unroll implied by the pipeline pragma (top.cpp:293:27)
INFO: [HLS 214-291] Loop 'VITIS_LOOP_259_1' is marked as complete unroll implied by the pipeline pragma (top.cpp:259:20)
INFO: [HLS 214-186] Unrolling loop 'VITIS_LOOP_277_1' (top.cpp:277:27) in function 'store_dual' completely with a factor of 16 (top.cpp:269:0)
INFO: [HLS 214-186] Unrolling loop 'VITIS_LOOP_397_3' (top.cpp:397:31) in function 'k3_norm_stage' completely with a factor of 16 (top.cpp:388:0)
INFO: [HLS 214-186] Unrolling loop 'VITIS_LOOP_352_3' (top.cpp:352:20) in function 'k2_adder_tree' completely with a factor of 16 (top.cpp:337:0)
INFO: [HLS 214-186] Unrolling loop 'VITIS_LOOP_358_4' (top.cpp:358:31) in function 'k2_adder_tree' completely with a factor of 16 (top.cpp:337:0)
INFO: [HLS 214-186] Unrolling loop 'VITIS_LOOP_364_5' (top.cpp:364:31) in function 'k2_adder_tree' completely with a factor of 8 (top.cpp:337:0)
INFO: [HLS 214-186] Unrolling loop 'VITIS_LOOP_370_6' (top.cpp:370:31) in function 'k2_adder_tree' completely with a factor of 4 (top.cpp:337:0)
INFO: [HLS 214-186] Unrolling loop 'VITIS_LOOP_376_7' (top.cpp:376:31) in function 'k2_adder_tree' completely with a factor of 2 (top.cpp:337:0)
INFO: [HLS 214-186] Unrolling loop 'VITIS_LOOP_313_2' (top.cpp:313:20) in function 'k1_iir_stage<1>' completely with a factor of 16 (top.cpp:304:0)
INFO: [HLS 214-186] Unrolling loop 'VITIS_LOOP_313_2' (top.cpp:313:20) in function 'k1_iir_stage<0>' completely with a factor of 16 (top.cpp:304:0)
INFO: [HLS 214-186] Unrolling loop 'VITIS_LOOP_293_2' (top.cpp:293:27) in function 'k0_gain_stage' completely with a factor of 16 (top.cpp:287:0)
INFO: [HLS 214-186] Unrolling loop 'VITIS_LOOP_259_1' (top.cpp:259:20) in function 'load_dual' completely with a factor of 16 (top.cpp:250:0)
WARNING: [HLS 214-167] The program may have out of bound array access on variable 'in' (top.cpp:255:16)
WARNING: [HLS 214-167] The program may have out of bound array access on variable 'out' (top.cpp:282:21)
INFO: [HLS 214-241] Aggregating fifo (hls::stream) variable 's_iir_b_split2' with compact=bit mode in 320-bits (top.cpp:419:40)
INFO: [HLS 214-241] Aggregating fifo (hls::stream) variable 's_iir_a_split2' with compact=bit mode in 320-bits (top.cpp:418:40)
INFO: [HLS 214-241] Aggregating fifo (hls::stream) variable 's_norm_b' with compact=bit mode in 320-bits (top.cpp:421:34)
INFO: [HLS 214-241] Aggregating fifo (hls::stream) variable 's_norm_a' with compact=bit mode in 320-bits (top.cpp:421:24)
INFO: [HLS 214-241] Aggregating fifo (hls::stream) variable 's_iir_b_split1' with compact=bit mode in 320-bits (top.cpp:419:24)
INFO: [HLS 214-241] Aggregating fifo (hls::stream) variable 's_iir_a_split1' with compact=bit mode in 320-bits (top.cpp:418:24)
INFO: [HLS 214-241] Aggregating fifo (hls::stream) variable 's_iir_a' with compact=bit mode in 320-bits (top.cpp:417:24)
INFO: [HLS 214-241] Aggregating fifo (hls::stream) variable 's_iir_b' with compact=bit mode in 320-bits (top.cpp:417:33)
INFO: [HLS 214-241] Aggregating fifo (hls::stream) variable 's_gain_b' with compact=bit mode in 320-bits (top.cpp:416:34)
INFO: [HLS 214-241] Aggregating fifo (hls::stream) variable 's_gain_a' with compact=bit mode in 320-bits (top.cpp:416:24)
INFO: [HLS 214-241] Aggregating fifo (hls::stream) variable 's_in_a' with compact=bit mode in 320-bits (top.cpp:415:21)
INFO: [HLS 214-241] Aggregating fifo (hls::stream) variable 's_in_b' with compact=bit mode in 320-bits (top.cpp:415:29)
INFO: [HLS 214-449] Automatically partitioning array 'v_out' dimension 1 completely based on constant index. (top.cpp:310:20)
INFO: [HLS 214-270] Inferring pragma 'array_partition type=complete dim=1' for array 'v_out' due to pipeline pragma (top.cpp:308:9)
INFO: [HLS 214-248] Applying array_partition to 'v_out': Complete partitioning on dimension 1. (top.cpp:310:20)
INFO: [HLS 214-115] Multiple burst reads of length 2048 and bit width 1024 in loop 'LOAD_LOOP'(top.cpp:253:16) has been inferred on bundle 'gmem0'. These burst requests might be further partitioned into multiple requests during RTL generation, based on max_read_burst_length or max_write_burst_length settings. (top.cpp:253:16)
INFO: [HLS 214-115] Multiple burst writes of length 2048 and bit width 1024 in loop 'STORE_LOOP'(top.cpp:272:17) has been inferred on bundle 'gmem1'. These burst requests might be further partitioned into multiple requests during RTL generation, based on max_read_burst_length or max_write_burst_length settings. (top.cpp:272:17)
WARNING: [HLS 214-475] Merging processes 'k3_norm_stage' and 'k3_norm_stage' in function 'top_kernel' due to reads on 's_stats' (top.cpp:408:0)
INFO: [HLS 200-111] Finished Compiling Optimization and Transform: CPU user time: 10.6 seconds. CPU system time: 1.4 seconds. Elapsed time: 16.1 seconds; current allocated memory: 820.012 MB.
INFO: [HLS 200-111] Finished Checking Pragmas: CPU user time: 0 seconds. CPU system time: 0 seconds. Elapsed time: 0 seconds; current allocated memory: 820.012 MB.
INFO: [HLS 200-10] Starting code transformations ...
INFO: [HLS 200-111] Finished Standard Transforms: CPU user time: 0.71 seconds. CPU system time: 0.01 seconds. Elapsed time: 0.74 seconds; current allocated memory: 825.043 MB.
INFO: [HLS 200-10] Checking synthesizability ...
WARNING: [SYNCHK 200-23] top.cpp:392: variable-indexed range selection may cause suboptimal QoR.
INFO: [SYNCHK 200-10] 0 error(s), 1 warning(s).
INFO: [HLS 200-111] Finished Checking Synthesizability: CPU user time: 1.16 seconds. CPU system time: 0.01 seconds. Elapsed time: 1.17 seconds; current allocated memory: 829.496 MB.
WARNING: [HLS 200-805] An internal stream 's_gain_a' with default size can result in deadlock. Please consider resizing the stream using the directive 'set_directive_stream' or the 'HLS stream' pragma.
WARNING: [HLS 200-805] An internal stream 's_gain_b' with default size can result in deadlock. Please consider resizing the stream using the directive 'set_directive_stream' or the 'HLS stream' pragma.
WARNING: [HLS 200-805] An internal stream 's_iir_a' with default size can result in deadlock. Please consider resizing the stream using the directive 'set_directive_stream' or the 'HLS stream' pragma.
WARNING: [HLS 200-805] An internal stream 's_iir_b' with default size can result in deadlock. Please consider resizing the stream using the directive 'set_directive_stream' or the 'HLS stream' pragma.
WARNING: [HLS 200-805] An internal stream 's_iir_b_split1' with default size can result in deadlock. Please consider resizing the stream using the directive 'set_directive_stream' or the 'HLS stream' pragma.
WARNING: [HLS 200-805] An internal stream 's_iir_b_split2' with default size can result in deadlock. Please consider resizing the stream using the directive 'set_directive_stream' or the 'HLS stream' pragma.
WARNING: [HLS 200-805] An internal stream 's_norm_a' with default size can result in deadlock. Please consider resizing the stream using the directive 'set_directive_stream' or the 'HLS stream' pragma.
WARNING: [HLS 200-805] An internal stream 's_norm_b' with default size can result in deadlock. Please consider resizing the stream using the directive 'set_directive_stream' or the 'HLS stream' pragma.
INFO: [XFORM 203-712] Applying dataflow to function 'top_kernel' (top.cpp:408:1), detected/extracted 11 process function(s): 
	 'entry_proc'
	 'load_dual'
	 'k0_gain_stage.1'
	 'k0_gain_stage'
	 'k1_iir_stage<0>'
	 'k1_iir_stage<1>'
	 'stream_splitter.2'
	 'stream_splitter'
	 'k2_adder_tree'
	 'Block_entry_s_stats_rd_proc'
	 'store_dual'.
INFO: [XFORM 203-401] Performing if-conversion on hyperblock from (top.cpp:390:29) to (top.cpp:393:27) in function 'k3_norm_stage.3'... converting 29 basic blocks.
INFO: [XFORM 203-401] Performing if-conversion on hyperblock from (top.cpp:390:29) to (top.cpp:393:27) in function 'k3_norm_stage'... converting 29 basic blocks.
INFO: [XFORM 203-401] Performing if-conversion on hyperblock from (top.cpp:308:9) to (top.cpp:307:23) in function 'k1_iir_stage<1>'... converting 65 basic blocks.
INFO: [XFORM 203-401] Performing if-conversion on hyperblock from (top.cpp:308:9) to (top.cpp:307:23) in function 'k1_iir_stage<0>'... converting 65 basic blocks.
INFO: [HLS 200-111] Finished Loop, function and other optimizations: CPU user time: 3.35 seconds. CPU system time: 0.03 seconds. Elapsed time: 3.41 seconds; current allocated memory: 860.148 MB.
INFO: [HLS 200-2061] Successfully converted nested loops 'VITIS_LOOP_390_1'(top.cpp:390:20) and 'VITIS_LOOP_393_2'(top.cpp:393:27) in function 'k3_norm_stage.3' into perfectly nested loops.
INFO: [HLS 200-2061] Successfully converted nested loops 'VITIS_LOOP_390_1'(top.cpp:390:20) and 'VITIS_LOOP_393_2'(top.cpp:393:27) in function 'k3_norm_stage' into perfectly nested loops.
INFO: [HLS 200-2061] Successfully converted nested loops 'VITIS_LOOP_339_1'(top.cpp:339:20) and 'VITIS_LOOP_341_2'(top.cpp:341:27) in function 'k2_adder_tree' into perfectly nested loops.
INFO: [XFORM 203-541] Flattening a loop nest 'VITIS_LOOP_390_1' (top.cpp:390:20) in function 'k3_norm_stage.3'.
INFO: [XFORM 203-541] Flattening a loop nest 'VITIS_LOOP_390_1' (top.cpp:390:20) in function 'k3_norm_stage'.
INFO: [XFORM 203-541] Flattening a loop nest 'VITIS_LOOP_339_1' (top.cpp:339:20) in function 'k2_adder_tree'.
INFO: [HLS 200-111] Finished Architecture Synthesis: CPU user time: 1.89 seconds. CPU system time: 0.09 seconds. Elapsed time: 2 seconds; current allocated memory: 988.500 MB.
INFO: [HLS 200-10] Starting hardware synthesis ...
INFO: [HLS 200-10] Synthesizing 'top_kernel' ...
WARNING: [SYN 201-103] Legalizing function name 'k0_gain_stage.1' to 'k0_gain_stage_1'.
WARNING: [SYN 201-103] Legalizing function name 'k1_iir_stage<0>' to 'k1_iir_stage_0_s'.
WARNING: [SYN 201-103] Legalizing function name 'k1_iir_stage<1>' to 'k1_iir_stage_1_s'.
WARNING: [SYN 201-103] Legalizing function name 'stream_splitter.2' to 'stream_splitter_2'.
WARNING: [SYN 201-103] Legalizing function name 'k3_norm_stage.3' to 'k3_norm_stage_3'.
WARNING: [SYN 201-303] Cannot apply functional unit assignment of 'Adder' (top.cpp:361): '' does not exist or is optimized away.
WARNING: [SYN 201-303] Cannot apply functional unit assignment of 'Adder' (top.cpp:361): '' does not exist or is optimized away.
WARNING: [SYN 201-303] Cannot apply functional unit assignment of 'Adder' (top.cpp:361): '' does not exist or is optimized away.
WARNING: [SYN 201-303] Cannot apply functional unit assignment of 'Adder' (top.cpp:361): '' does not exist or is optimized away.
WARNING: [SYN 201-303] Cannot apply functional unit assignment of 'Adder' (top.cpp:361): '' does not exist or is optimized away.
WARNING: [SYN 201-303] Cannot apply functional unit assignment of 'Adder' (top.cpp:361): '' does not exist or is optimized away.
WARNING: [SYN 201-303] Cannot apply functional unit assignment of 'Adder' (top.cpp:361): '' does not exist or is optimized away.
WARNING: [SYN 201-303] Cannot apply functional unit assignment of 'Adder' (top.cpp:361): '' does not exist or is optimized away.
WARNING: [SYN 201-303] Cannot apply functional unit assignment of 'Adder' (top.cpp:361): '' does not exist or is optimized away.
WARNING: [SYN 201-303] Cannot apply functional unit assignment of 'Adder' (top.cpp:361): '' does not exist or is optimized away.
WARNING: [SYN 201-303] Cannot apply functional unit assignment of 'Adder' (top.cpp:361): '' does not exist or is optimized away.
WARNING: [SYN 201-303] Cannot apply functional unit assignment of 'Adder' (top.cpp:361): '' does not exist or is optimized away.
WARNING: [SYN 201-303] Cannot apply functional unit assignment of 'Adder' (top.cpp:361): '' does not exist or is optimized away.
WARNING: [SYN 201-303] Cannot apply functional unit assignment of 'Adder' (top.cpp:361): '' does not exist or is optimized away.
WARNING: [SYN 201-303] Cannot apply functional unit assignment of 'Adder' (top.cpp:361): '' does not exist or is optimized away.
WARNING: [SYN 201-303] Cannot apply functional unit assignment of 'Adder' (top.cpp:361): '' does not exist or is optimized away.
WARNING: [SYN 201-303] Cannot apply functional unit assignment of 'Adder' (top.cpp:367): '' does not exist or is optimized away.
WARNING: [SYN 201-303] Cannot apply functional unit assignment of 'Adder' (top.cpp:367): '' does not exist or is optimized away.
WARNING: [SYN 201-303] Cannot apply functional unit assignment of 'Adder' (top.cpp:367): '' does not exist or is optimized away.
WARNING: [SYN 201-303] Cannot apply functional unit assignment of 'Adder' (top.cpp:367): '' does not exist or is optimized away.
WARNING: [SYN 201-303] Cannot apply functional unit assignment of 'Adder' (top.cpp:367): '' does not exist or is optimized away.
WARNING: [SYN 201-303] Cannot apply functional unit assignment of 'Adder' (top.cpp:367): '' does not exist or is optimized away.
WARNING: [SYN 201-303] Cannot apply functional unit assignment of 'Adder' (top.cpp:367): '' does not exist or is optimized away.
WARNING: [SYN 201-303] Cannot apply functional unit assignment of 'Adder' (top.cpp:367): '' does not exist or is optimized away.
WARNING: [SYN 201-303] Cannot apply functional unit assignment of 'Adder' (top.cpp:373): '' does not exist or is optimized away.
WARNING: [SYN 201-303] Cannot apply functional unit assignment of 'Adder' (top.cpp:373): '' does not exist or is optimized away.
WARNING: [SYN 201-303] Cannot apply functional unit assignment of 'Adder' (top.cpp:373): '' does not exist or is optimized away.
WARNING: [SYN 201-303] Cannot apply functional unit assignment of 'Adder' (top.cpp:373): '' does not exist or is optimized away.
WARNING: [SYN 201-303] Cannot apply functional unit assignment of 'Adder' (top.cpp:379): '' does not exist or is optimized away.
WARNING: [SYN 201-303] Cannot apply functional unit assignment of 'Adder' (top.cpp:379): '' does not exist or is optimized away.
INFO: [HLS 200-10] ----------------------------------------------------------------
INFO: [HLS 200-42] -- Implementing module 'entry_proc' 
INFO: [HLS 200-10] ----------------------------------------------------------------
INFO: [SCHED 204-11] Starting scheduling ...
INFO: [SCHED 204-11] Finished scheduling.
INFO: [HLS 200-111] Finished Scheduling: CPU user time: 0.07 seconds. CPU system time: 0.08 seconds. Elapsed time: 0.21 seconds; current allocated memory: 988.500 MB.
INFO: [BIND 205-100] Starting micro-architecture generation ...
INFO: [BIND 205-101] Performing variable lifetime analysis.
INFO: [BIND 205-101] Exploring resource sharing.
INFO: [BIND 205-101] Binding ...
INFO: [BIND 205-100] Finished micro-architecture generation.
INFO: [HLS 200-111] Finished Binding: CPU user time: 0.03 seconds. CPU system time: 0.03 seconds. Elapsed time: 0.06 seconds; current allocated memory: 989.500 MB.
INFO: [HLS 200-10] ----------------------------------------------------------------
INFO: [HLS 200-42] -- Implementing module 'load_dual' 
INFO: [HLS 200-10] ----------------------------------------------------------------
INFO: [SCHED 204-11] Starting scheduling ...
INFO: [SCHED 204-61] Pipelining loop 'LOAD_LOOP'.
INFO: [HLS 200-876] Unable to schedule the whole 8 cycles bus request operation ('empty', top.cpp:253) on port 'gmem0' (top.cpp:253) within the first cycle (II = 1). Simulation mismatch may occur if the input data is modified before this operation completes.
Resolution: For help on HLS 200-876 see docs.xilinx.com/access/sources/dita/topic?Doc_Version=2025.1%20English&url=ug1448-hls-guidance&resourceid=200-876.html
INFO: [HLS 200-1470] Pipelining result : Target II = 1, Final II = 1, Depth = 11, loop 'LOAD_LOOP'
INFO: [SCHED 204-11] Finished scheduling.
INFO: [HLS 200-111] Finished Scheduling: CPU user time: 0.07 seconds. CPU system time: 0 seconds. Elapsed time: 0.07 seconds; current allocated memory: 989.797 MB.
INFO: [BIND 205-100] Starting micro-architecture generation ...
INFO: [BIND 205-101] Performing variable lifetime analysis.
INFO: [BIND 205-101] Exploring resource sharing.
INFO: [BIND 205-101] Binding ...
INFO: [BIND 205-100] Finished micro-architecture generation.
INFO: [HLS 200-111] Finished Binding: CPU user time: 0.03 seconds. CPU system time: 0 seconds. Elapsed time: 0.04 seconds; current allocated memory: 989.812 MB.
INFO: [HLS 200-10] ----------------------------------------------------------------
INFO: [HLS 200-42] -- Implementing module 'k0_gain_stage_1' 
INFO: [HLS 200-10] ----------------------------------------------------------------
INFO: [SCHED 204-11] Starting scheduling ...
INFO: [SCHED 204-61] Pipelining loop 'VITIS_LOOP_289_1'.
INFO: [HLS 200-1470] Pipelining result : Target II = 1, Final II = 1, Depth = 2, loop 'VITIS_LOOP_289_1'
INFO: [SCHED 204-11] Finished scheduling.
INFO: [HLS 200-111] Finished Scheduling: CPU user time: 0.28 seconds. CPU system time: 0.01 seconds. Elapsed time: 0.3 seconds; current allocated memory: 994.051 MB.
INFO: [BIND 205-100] Starting micro-architecture generation ...
INFO: [BIND 205-101] Performing variable lifetime analysis.
INFO: [BIND 205-101] Exploring resource sharing.
INFO: [BIND 205-101] Binding ...
INFO: [BIND 205-100] Finished micro-architecture generation.
INFO: [HLS 200-111] Finished Binding: CPU user time: 0.08 seconds. CPU system time: 0.01 seconds. Elapsed time: 0.11 seconds; current allocated memory: 994.500 MB.
INFO: [HLS 200-10] ----------------------------------------------------------------
INFO: [HLS 200-42] -- Implementing module 'k0_gain_stage' 
INFO: [HLS 200-10] ----------------------------------------------------------------
INFO: [SCHED 204-11] Starting scheduling ...
INFO: [SCHED 204-61] Pipelining loop 'VITIS_LOOP_289_1'.
INFO: [HLS 200-1470] Pipelining result : Target II = 1, Final II = 1, Depth = 2, loop 'VITIS_LOOP_289_1'
INFO: [SCHED 204-11] Finished scheduling.
INFO: [HLS 200-111] Finished Scheduling: CPU user time: 0.35 seconds. CPU system time: 0.01 seconds. Elapsed time: 0.4 seconds; current allocated memory: 999.277 MB.
INFO: [BIND 205-100] Starting micro-architecture generation ...
INFO: [BIND 205-101] Performing variable lifetime analysis.
INFO: [BIND 205-101] Exploring resource sharing.
INFO: [BIND 205-101] Binding ...
INFO: [BIND 205-100] Finished micro-architecture generation.
INFO: [HLS 200-111] Finished Binding: CPU user time: 0.09 seconds. CPU system time: 0.02 seconds. Elapsed time: 0.13 seconds; current allocated memory: 999.750 MB.
INFO: [HLS 200-10] ----------------------------------------------------------------
INFO: [HLS 200-42] -- Implementing module 'k1_iir_stage_0_s' 
INFO: [HLS 200-10] ----------------------------------------------------------------
INFO: [SCHED 204-11] Starting scheduling ...
INFO: [SCHED 204-61] Pipelining loop 'VITIS_LOOP_307_1'.
INFO: [HLS 200-1470] Pipelining result : Target II = 1, Final II = 1, Depth = 2, loop 'VITIS_LOOP_307_1'
INFO: [SCHED 204-11] Finished scheduling.
INFO: [HLS 200-111] Finished Scheduling: CPU user time: 0.39 seconds. CPU system time: 0.01 seconds. Elapsed time: 0.43 seconds; current allocated memory: 1004.445 MB.
INFO: [BIND 205-100] Starting micro-architecture generation ...
INFO: [BIND 205-101] Performing variable lifetime analysis.
INFO: [BIND 205-101] Exploring resource sharing.
INFO: [BIND 205-101] Binding ...
INFO: [BIND 205-100] Finished micro-architecture generation.
INFO: [HLS 200-111] Finished Binding: CPU user time: 0.11 seconds. CPU system time: 0.01 seconds. Elapsed time: 0.16 seconds; current allocated memory: 1004.445 MB.
INFO: [HLS 200-10] ----------------------------------------------------------------
INFO: [HLS 200-42] -- Implementing module 'k1_iir_stage_1_s' 
INFO: [HLS 200-10] ----------------------------------------------------------------
INFO: [SCHED 204-11] Starting scheduling ...
INFO: [SCHED 204-61] Pipelining loop 'VITIS_LOOP_307_1'.
INFO: [HLS 200-1470] Pipelining result : Target II = 1, Final II = 1, Depth = 2, loop 'VITIS_LOOP_307_1'
INFO: [SCHED 204-11] Finished scheduling.
INFO: [HLS 200-111] Finished Scheduling: CPU user time: 0.36 seconds. CPU system time: 0.01 seconds. Elapsed time: 0.4 seconds; current allocated memory: 1008.832 MB.
INFO: [BIND 205-100] Starting micro-architecture generation ...
INFO: [BIND 205-101] Performing variable lifetime analysis.
INFO: [BIND 205-101] Exploring resource sharing.
INFO: [BIND 205-101] Binding ...
INFO: [BIND 205-100] Finished micro-architecture generation.
INFO: [HLS 200-111] Finished Binding: CPU user time: 0.09 seconds. CPU system time: 0 seconds. Elapsed time: 0.14 seconds; current allocated memory: 1008.848 MB.
INFO: [HLS 200-10] ----------------------------------------------------------------
INFO: [HLS 200-42] -- Implementing module 'stream_splitter_2' 
INFO: [HLS 200-10] ----------------------------------------------------------------
INFO: [SCHED 204-11] Starting scheduling ...
INFO: [SCHED 204-61] Pipelining loop 'VITIS_LOOP_329_1'.
INFO: [HLS 200-1470] Pipelining result : Target II = 1, Final II = 1, Depth = 1, loop 'VITIS_LOOP_329_1'
INFO: [SCHED 204-11] Finished scheduling.
INFO: [HLS 200-111] Finished Scheduling: CPU user time: 0.08 seconds. CPU system time: 0.01 seconds. Elapsed time: 0.15 seconds; current allocated memory: 1009.629 MB.
INFO: [BIND 205-100] Starting micro-architecture generation ...
INFO: [BIND 205-101] Performing variable lifetime analysis.
INFO: [BIND 205-101] Exploring resource sharing.
INFO: [BIND 205-101] Binding ...
INFO: [BIND 205-100] Finished micro-architecture generation.
INFO: [HLS 200-111] Finished Binding: CPU user time: 0.02 seconds. CPU system time: 0 seconds. Elapsed time: 0.03 seconds; current allocated memory: 1010.395 MB.
INFO: [HLS 200-10] ----------------------------------------------------------------
INFO: [HLS 200-42] -- Implementing module 'stream_splitter' 
INFO: [HLS 200-10] ----------------------------------------------------------------
INFO: [SCHED 204-11] Starting scheduling ...
INFO: [SCHED 204-61] Pipelining loop 'VITIS_LOOP_329_1'.
INFO: [HLS 200-1470] Pipelining result : Target II = 1, Final II = 1, Depth = 1, loop 'VITIS_LOOP_329_1'
INFO: [SCHED 204-11] Finished scheduling.
INFO: [HLS 200-111] Finished Scheduling: CPU user time: 0.03 seconds. CPU system time: 0 seconds. Elapsed time: 0.04 seconds; current allocated memory: 1010.395 MB.
INFO: [BIND 205-100] Starting micro-architecture generation ...
INFO: [BIND 205-101] Performing variable lifetime analysis.
INFO: [BIND 205-101] Exploring resource sharing.
INFO: [BIND 205-101] Binding ...
INFO: [BIND 205-100] Finished micro-architecture generation.
INFO: [HLS 200-111] Finished Binding: CPU user time: 0.02 seconds. CPU system time: 0 seconds. Elapsed time: 0.03 seconds; current allocated memory: 1010.395 MB.
INFO: [HLS 200-10] ----------------------------------------------------------------
INFO: [HLS 200-42] -- Implementing module 'k2_adder_tree' 
INFO: [HLS 200-10] ----------------------------------------------------------------
INFO: [SCHED 204-11] Starting scheduling ...
INFO: [SCHED 204-61] Pipelining loop 'VITIS_LOOP_339_1_VITIS_LOOP_341_2'.
INFO: [HLS 200-1470] Pipelining result : Target II = 1, Final II = 1, Depth = 6, loop 'VITIS_LOOP_339_1_VITIS_LOOP_341_2'
INFO: [SCHED 204-11] Finished scheduling.
INFO: [HLS 200-111] Finished Scheduling: CPU user time: 0.3 seconds. CPU system time: 0.01 seconds. Elapsed time: 0.31 seconds; current allocated memory: 1012.766 MB.
INFO: [#UNDEF] Rewind delay = 3 for the pipelined loop 'VITIS_LOOP_339_1_VITIS_LOOP_341_2' due to a write-after-read dependence on variable 'i3'.
INFO: [BIND 205-100] Starting micro-architecture generation ...
INFO: [BIND 205-101] Performing variable lifetime analysis.
INFO: [BIND 205-101] Exploring resource sharing.
INFO: [BIND 205-101] Binding ...
INFO: [BIND 205-100] Finished micro-architecture generation.
INFO: [HLS 200-111] Finished Binding: CPU user time: 0.07 seconds. CPU system time: 0.01 seconds. Elapsed time: 0.1 seconds; current allocated memory: 1012.766 MB.
INFO: [HLS 200-10] ----------------------------------------------------------------
INFO: [HLS 200-42] -- Implementing module 'k3_norm_stage_3' 
INFO: [HLS 200-10] ----------------------------------------------------------------
INFO: [SCHED 204-11] Starting scheduling ...
INFO: [SCHED 204-61] Pipelining loop 'VITIS_LOOP_390_1_VITIS_LOOP_393_2'.
INFO: [HLS 200-1470] Pipelining result : Target II = 1, Final II = 1, Depth = 28, loop 'VITIS_LOOP_390_1_VITIS_LOOP_393_2'
INFO: [SCHED 204-11] Finished scheduling.
INFO: [HLS 200-111] Finished Scheduling: CPU user time: 1.14 seconds. CPU system time: 0.05 seconds. Elapsed time: 1.24 seconds; current allocated memory: 1.014 GB.
INFO: [BIND 205-100] Starting micro-architecture generation ...
INFO: [BIND 205-101] Performing variable lifetime analysis.
INFO: [BIND 205-101] Exploring resource sharing.
INFO: [BIND 205-101] Binding ...
INFO: [BIND 205-100] Finished micro-architecture generation.
INFO: [HLS 200-111] Finished Binding: CPU user time: 0.39 seconds. CPU system time: 0.01 seconds. Elapsed time: 0.54 seconds; current allocated memory: 1.014 GB.
INFO: [HLS 200-10] ----------------------------------------------------------------
INFO: [HLS 200-42] -- Implementing module 'k3_norm_stage' 
INFO: [HLS 200-10] ----------------------------------------------------------------
INFO: [SCHED 204-11] Starting scheduling ...
INFO: [SCHED 204-61] Pipelining loop 'VITIS_LOOP_390_1_VITIS_LOOP_393_2'.
INFO: [HLS 200-1470] Pipelining result : Target II = 1, Final II = 1, Depth = 28, loop 'VITIS_LOOP_390_1_VITIS_LOOP_393_2'
INFO: [SCHED 204-11] Finished scheduling.
INFO: [HLS 200-111] Finished Scheduling: CPU user time: 1.23 seconds. CPU system time: 0.05 seconds. Elapsed time: 1.73 seconds; current allocated memory: 1.027 GB.
INFO: [BIND 205-100] Starting micro-architecture generation ...
INFO: [BIND 205-101] Performing variable lifetime analysis.
INFO: [BIND 205-101] Exploring resource sharing.
INFO: [BIND 205-101] Binding ...
INFO: [BIND 205-100] Finished micro-architecture generation.
INFO: [HLS 200-111] Finished Binding: CPU user time: 0.31 seconds. CPU system time: 0.02 seconds. Elapsed time: 0.42 seconds; current allocated memory: 1.027 GB.
INFO: [HLS 200-10] ----------------------------------------------------------------
INFO: [HLS 200-42] -- Implementing module 'Block_entry_s_stats_rd_proc' 
INFO: [HLS 200-10] ----------------------------------------------------------------
INFO: [SCHED 204-11] Starting scheduling ...
INFO: [SCHED 204-11] Finished scheduling.
INFO: [HLS 200-111] Finished Scheduling: CPU user time: 0.24 seconds. CPU system time: 0.02 seconds. Elapsed time: 0.42 seconds; current allocated memory: 1.027 GB.
INFO: [BIND 205-100] Starting micro-architecture generation ...
INFO: [BIND 205-101] Performing variable lifetime analysis.
INFO: [BIND 205-101] Exploring resource sharing.
INFO: [BIND 205-101] Binding ...
INFO: [BIND 205-100] Finished micro-architecture generation.
INFO: [HLS 200-111] Finished Binding: CPU user time: 0.03 seconds. CPU system time: 0.01 seconds. Elapsed time: 0.05 seconds; current allocated memory: 1.027 GB.
INFO: [HLS 200-10] ----------------------------------------------------------------
INFO: [HLS 200-42] -- Implementing module 'store_dual' 
INFO: [HLS 200-10] ----------------------------------------------------------------
INFO: [SCHED 204-11] Starting scheduling ...
INFO: [SCHED 204-61] Pipelining loop 'STORE_LOOP'.
INFO: [HLS 200-1470] Pipelining result : Target II = 1, Final II = 1, Depth = 9, loop 'STORE_LOOP'
INFO: [SCHED 204-11] Finished scheduling.
INFO: [HLS 200-111] Finished Scheduling: CPU user time: 0.09 seconds. CPU system time: 0 seconds. Elapsed time: 0.09 seconds; current allocated memory: 1.027 GB.
INFO: [BIND 205-100] Starting micro-architecture generation ...
INFO: [BIND 205-101] Performing variable lifetime analysis.
INFO: [BIND 205-101] Exploring resource sharing.
INFO: [BIND 205-101] Binding ...
INFO: [BIND 205-100] Finished micro-architecture generation.
INFO: [HLS 200-111] Finished Binding: CPU user time: 0.02 seconds. CPU system time: 0.01 seconds. Elapsed time: 0.05 seconds; current allocated memory: 1.027 GB.
INFO: [HLS 200-10] ----------------------------------------------------------------
INFO: [HLS 200-42] -- Implementing module 'top_kernel' 
INFO: [HLS 200-10] ----------------------------------------------------------------
INFO: [SCHED 204-11] Starting scheduling ...
INFO: [SCHED 204-11] Finished scheduling.
WARNING: [HLS 200-1020] Increasing the depth of FIFO start_for_Block_entry_s_stats_rd_proc_U0 (from stream_splitter_2_U0 to Block_entry_s_stats_rd_proc_U0) to 3 to improve performance and/or avoid deadlocks.
WARNING: [HLS 200-1020] Increasing the depth of FIFO start_for_store_dual_U0 (from entry_proc_U0 to store_dual_U0) to 7 to improve performance and/or avoid deadlocks.
WARNING: [HLS 200-1018] Consider increasing the depth of FIFO s_iir_b_split2 (from stream_splitter_U0 to Block_entry_s_stats_rd_proc_U0) to 3 to improve performance and/or avoid deadlocks.
INFO: [HLS 200-111] Finished Scheduling: CPU user time: 0.06 seconds. CPU system time: 0 seconds. Elapsed time: 0.07 seconds; current allocated memory: 1.027 GB.
INFO: [BIND 205-100] Starting micro-architecture generation ...
INFO: [BIND 205-101] Performing variable lifetime analysis.
INFO: [BIND 205-101] Exploring resource sharing.
INFO: [BIND 205-101] Binding ...
INFO: [BIND 205-100] Finished micro-architecture generation.
INFO: [HLS 200-111] Finished Binding: CPU user time: 0.04 seconds. CPU system time: 0.01 seconds. Elapsed time: 0.07 seconds; current allocated memory: 1.027 GB.
INFO: [HLS 200-10] ----------------------------------------------------------------
INFO: [HLS 200-10] -- Generating RTL for module 'entry_proc' 
INFO: [HLS 200-10] ----------------------------------------------------------------
INFO: [RTGEN 206-100] Finished creating RTL model for 'entry_proc'.
INFO: [HLS 200-111] Finished Creating RTL model: CPU user time: 0.11 seconds. CPU system time: 0.01 seconds. Elapsed time: 0.26 seconds; current allocated memory: 1.027 GB.
INFO: [HLS 200-10] ----------------------------------------------------------------
INFO: [HLS 200-10] -- Generating RTL for module 'load_dual' 
INFO: [HLS 200-10] ----------------------------------------------------------------
INFO: [HLS 200-1030] Apply Unified Pipeline Control on module 'load_dual' pipeline 'LOAD_LOOP' pipeline type 'loop pipeline'
INFO: [RTGEN 206-100] Finished creating RTL model for 'load_dual'.
INFO: [HLS 200-111] Finished Creating RTL model: CPU user time: 0.15 seconds. CPU system time: 0.01 seconds. Elapsed time: 0.17 seconds; current allocated memory: 1.027 GB.
INFO: [HLS 200-10] ----------------------------------------------------------------
INFO: [HLS 200-10] -- Generating RTL for module 'k0_gain_stage_1' 
INFO: [HLS 200-10] ----------------------------------------------------------------
INFO: [HLS 200-1030] Apply Unified Pipeline Control on module 'k0_gain_stage_1' pipeline 'VITIS_LOOP_289_1' pipeline type 'loop pipeline'
INFO: [RTGEN 206-100] Finished creating RTL model for 'k0_gain_stage_1'.
INFO: [HLS 200-111] Finished Creating RTL model: CPU user time: 0.29 seconds. CPU system time: 0.01 seconds. Elapsed time: 0.37 seconds; current allocated memory: 1.027 GB.
INFO: [HLS 200-10] ----------------------------------------------------------------
INFO: [HLS 200-10] -- Generating RTL for module 'k0_gain_stage' 
INFO: [HLS 200-10] ----------------------------------------------------------------
INFO: [HLS 200-1030] Apply Unified Pipeline Control on module 'k0_gain_stage' pipeline 'VITIS_LOOP_289_1' pipeline type 'loop pipeline'
INFO: [RTGEN 206-100] Finished creating RTL model for 'k0_gain_stage'.
INFO: [HLS 200-111] Finished Creating RTL model: CPU user time: 0.45 seconds. CPU system time: 0.04 seconds. Elapsed time: 0.57 seconds; current allocated memory: 1.033 GB.
INFO: [HLS 200-10] ----------------------------------------------------------------
INFO: [HLS 200-10] -- Generating RTL for module 'k1_iir_stage_0_s' 
INFO: [HLS 200-10] ----------------------------------------------------------------
WARNING: [RTGEN 206-101] Register 'x_prev0_1' is power-on initialization.
WARNING: [RTGEN 206-101] Register 'x_prev1_1' is power-on initialization.
INFO: [RTGEN 206-100] Generating core module 'sparsemux_7_2_20_1_1': 16 instance(s).
INFO: [RTGEN 206-100] Finished creating RTL model for 'k1_iir_stage_0_s'.
INFO: [HLS 200-111] Finished Creating RTL model: CPU user time: 0.43 seconds. CPU system time: 0.03 seconds. Elapsed time: 0.57 seconds; current allocated memory: 1.045 GB.
INFO: [HLS 200-10] ----------------------------------------------------------------
INFO: [HLS 200-10] -- Generating RTL for module 'k1_iir_stage_1_s' 
INFO: [HLS 200-10] ----------------------------------------------------------------
WARNING: [RTGEN 206-101] Register 'x_prev0' is power-on initialization.
WARNING: [RTGEN 206-101] Register 'x_prev1' is power-on initialization.
INFO: [RTGEN 206-100] Generating core module 'sparsemux_7_2_20_1_1': 16 instance(s).
INFO: [RTGEN 206-100] Finished creating RTL model for 'k1_iir_stage_1_s'.
INFO: [HLS 200-111] Finished Creating RTL model: CPU user time: 0.44 seconds. CPU system time: 0.06 seconds. Elapsed time: 0.56 seconds; current allocated memory: 1.057 GB.
INFO: [HLS 200-10] ----------------------------------------------------------------
INFO: [HLS 200-10] -- Generating RTL for module 'stream_splitter_2' 
INFO: [HLS 200-10] ----------------------------------------------------------------
INFO: [RTGEN 206-100] Finished creating RTL model for 'stream_splitter_2'.
INFO: [HLS 200-111] Finished Creating RTL model: CPU user time: 0.28 seconds. CPU system time: 0.06 seconds. Elapsed time: 0.44 seconds; current allocated memory: 1.069 GB.
INFO: [HLS 200-10] ----------------------------------------------------------------
INFO: [HLS 200-10] -- Generating RTL for module 'stream_splitter' 
INFO: [HLS 200-10] ----------------------------------------------------------------
INFO: [RTGEN 206-100] Finished creating RTL model for 'stream_splitter'.
INFO: [HLS 200-111] Finished Creating RTL model: CPU user time: 0.13 seconds. CPU system time: 0.01 seconds. Elapsed time: 0.28 seconds; current allocated memory: 1.071 GB.
INFO: [HLS 200-10] ----------------------------------------------------------------
INFO: [HLS 200-10] -- Generating RTL for module 'k2_adder_tree' 
INFO: [HLS 200-10] ----------------------------------------------------------------
INFO: [HLS 200-1030] Apply Unified Pipeline Control on module 'k2_adder_tree' pipeline 'VITIS_LOOP_339_1_VITIS_LOOP_341_2' pipeline type 'loop pipeline'
INFO: [RTGEN 206-100] Generating core module 'add_31ns_31ns_31_2_1': 16 instance(s).
INFO: [RTGEN 206-100] Generating core module 'add_32ns_32ns_32_2_1': 8 instance(s).
INFO: [RTGEN 206-100] Generating core module 'add_33ns_33ns_33_2_1': 4 instance(s).
INFO: [RTGEN 206-100] Generating core module 'add_34ns_34ns_34_2_1': 2 instance(s).
INFO: [RTGEN 206-100] Finished creating RTL model for 'k2_adder_tree'.
INFO: [HLS 200-111] Finished Creating RTL model: CPU user time: 0.18 seconds. CPU system time: 0.02 seconds. Elapsed time: 0.23 seconds; current allocated memory: 1.072 GB.
INFO: [HLS 200-10] ----------------------------------------------------------------
INFO: [HLS 200-10] -- Generating RTL for module 'k3_norm_stage_3' 
INFO: [HLS 200-10] ----------------------------------------------------------------
INFO: [HLS 200-1030] Apply Unified Pipeline Control on module 'k3_norm_stage_3' pipeline 'VITIS_LOOP_390_1_VITIS_LOOP_393_2' pipeline type 'loop pipeline'
INFO: [RTGEN 206-100] Generating core module 'bitselect_1ns_54ns_6ns_1_1_1': 2 instance(s).
INFO: [RTGEN 206-100] Generating core module 'ctlz_28_28_1_1': 1 instance(s).
INFO: [RTGEN 206-100] Generating core module 'ddiv_64ns_64ns_64_22_no_dsp_1': 1 instance(s).
INFO: [RTGEN 206-100] Generating core module 'mul_34s_30s_64_1_1': 16 instance(s).
INFO: [RTGEN 206-100] Generating core module 'sparsemux_7_2_1_1_1': 3 instance(s).
INFO: [RTGEN 206-100] Generating core module 'sparsemux_7_2_28_1_1': 2 instance(s).
INFO: [RTGEN 206-100] Finished creating RTL model for 'k3_norm_stage_3'.
INFO: [HLS 200-111] Finished Creating RTL model: CPU user time: 0.58 seconds. CPU system time: 0.06 seconds. Elapsed time: 0.73 seconds; current allocated memory: 1.085 GB.
INFO: [HLS 200-10] ----------------------------------------------------------------
INFO: [HLS 200-10] -- Generating RTL for module 'k3_norm_stage' 
INFO: [HLS 200-10] ----------------------------------------------------------------
INFO: [HLS 200-1030] Apply Unified Pipeline Control on module 'k3_norm_stage' pipeline 'VITIS_LOOP_390_1_VITIS_LOOP_393_2' pipeline type 'loop pipeline'
INFO: [RTGEN 206-100] Generating core module 'bitselect_1ns_54ns_6ns_1_1_1': 2 instance(s).
INFO: [RTGEN 206-100] Generating core module 'ctlz_28_28_1_1': 1 instance(s).
INFO: [RTGEN 206-100] Generating core module 'ddiv_64ns_64ns_64_22_no_dsp_1': 1 instance(s).
INFO: [RTGEN 206-100] Generating core module 'mul_34s_30s_64_1_1': 16 instance(s).
INFO: [RTGEN 206-100] Generating core module 'sparsemux_7_2_1_1_1': 3 instance(s).
INFO: [RTGEN 206-100] Generating core module 'sparsemux_7_2_28_1_1': 2 instance(s).
INFO: [RTGEN 206-100] Finished creating RTL model for 'k3_norm_stage'.
INFO: [HLS 200-111] Finished Creating RTL model: CPU user time: 1.18 seconds. CPU system time: 0.11 seconds. Elapsed time: 1.52 seconds; current allocated memory: 1.116 GB.
INFO: [HLS 200-10] ----------------------------------------------------------------
INFO: [HLS 200-10] -- Generating RTL for module 'Block_entry_s_stats_rd_proc' 
INFO: [HLS 200-10] ----------------------------------------------------------------
INFO: [RTGEN 206-100] Generating core module 'ddiv_64ns_64ns_64_22_no_dsp_1': 1 instance(s).
INFO: [RTGEN 206-100] Finished creating RTL model for 'Block_entry_s_stats_rd_proc'.
INFO: [HLS 200-111] Finished Creating RTL model: CPU user time: 0.88 seconds. CPU system time: 0.14 seconds. Elapsed time: 1.3 seconds; current allocated memory: 1.147 GB.
INFO: [HLS 200-10] ----------------------------------------------------------------
INFO: [HLS 200-10] -- Generating RTL for module 'store_dual' 
INFO: [HLS 200-10] ----------------------------------------------------------------
INFO: [HLS 200-1030] Apply Unified Pipeline Control on module 'store_dual' pipeline 'STORE_LOOP' pipeline type 'loop pipeline'
INFO: [RTGEN 206-100] Finished creating RTL model for 'store_dual'.
INFO: [HLS 200-111] Finished Creating RTL model: CPU user time: 0.27 seconds. CPU system time: 0.02 seconds. Elapsed time: 0.36 seconds; current allocated memory: 1.151 GB.
INFO: [HLS 200-10] ----------------------------------------------------------------
INFO: [HLS 200-10] -- Generating RTL for module 'top_kernel' 
INFO: [HLS 200-10] ----------------------------------------------------------------
WARNING: [RTGEN 206-101] Design contains AXI ports. Reset is fixed to synchronous and active low.
INFO: [RTGEN 206-500] Setting interface mode on port 'top_kernel/gmem0' to 'm_axi'.
INFO: [RTGEN 206-500] Setting interface mode on port 'top_kernel/gmem1' to 'm_axi'.
INFO: [RTGEN 206-500] Setting interface mode on port 'top_kernel/in_r' to 's_axilite & ap_none'.
INFO: [RTGEN 206-500] Setting interface mode on port 'top_kernel/out_r' to 's_axilite & ap_none'.
INFO: [RTGEN 206-500] Setting interface mode on function 'top_kernel' to 's_axilite & ap_ctrl_hs'.
INFO: [RTGEN 206-100] Bundling port 'in_r', 'out_r' and 'return' to AXI-Lite port control.
INFO: [RTGEN 206-100] Finished creating RTL model for 'top_kernel'.
INFO: [RTMG 210-285] Implementing FIFO 'out_r_c_U(top_kernel_fifo_w64_d8_S)' using Shift Registers.
INFO: [RTMG 210-285] Implementing FIFO 's_in_a_U(top_kernel_fifo_w320_d64_A)' using Vivado Default RAMs.
INFO: [RTMG 210-285] Implementing FIFO 's_in_b_U(top_kernel_fifo_w320_d64_A)' using Vivado Default RAMs.
INFO: [RTMG 210-285] Implementing FIFO 's_gain_a_U(top_kernel_fifo_w320_d2_S)' using Shift Registers.
INFO: [RTMG 210-285] Implementing FIFO 's_gain_b_U(top_kernel_fifo_w320_d2_S)' using Shift Registers.
INFO: [RTMG 210-285] Implementing FIFO 's_iir_a_U(top_kernel_fifo_w320_d2_S)' using Shift Registers.
INFO: [RTMG 210-285] Implementing FIFO 's_iir_b_U(top_kernel_fifo_w320_d2_S)' using Shift Registers.
INFO: [RTMG 210-285] Implementing FIFO 's_iir_a_split1_U(top_kernel_fifo_w320_d64_A)' using Vivado Default RAMs.
INFO: [RTMG 210-285] Implementing FIFO 's_iir_a_split2_U(top_kernel_fifo_w320_d64_A)' using Vivado Default RAMs.
INFO: [RTMG 210-285] Implementing FIFO 's_iir_b_split1_U(top_kernel_fifo_w320_d2_S)' using Shift Registers.
INFO: [RTMG 210-285] Implementing FIFO 's_iir_b_split2_U(top_kernel_fifo_w320_d2_S)' using Shift Registers.
INFO: [RTMG 210-285] Implementing FIFO 's_stats_U(top_kernel_fifo_w28_d4_S)' using Shift Registers.
INFO: [RTMG 210-285] Implementing FIFO 's_norm_a_U(top_kernel_fifo_w320_d2_S)' using Shift Registers.
INFO: [RTMG 210-285] Implementing FIFO 's_norm_b_U(top_kernel_fifo_w320_d2_S)' using Shift Registers.
INFO: [RTMG 210-285] Implementing FIFO 'start_for_store_dual_U0_U(top_kernel_start_for_store_dual_U0)' using Shift Registers.
INFO: [RTMG 210-285] Implementing FIFO 'start_for_k0_gain_stage_1_U0_U(top_kernel_start_for_k0_gain_stage_1_U0)' using Shift Registers.
INFO: [RTMG 210-285] Implementing FIFO 'start_for_k0_gain_stage_U0_U(top_kernel_start_for_k0_gain_stage_U0)' using Shift Registers.
INFO: [RTMG 210-285] Implementing FIFO 'start_for_k1_iir_stage_0_U0_U(top_kernel_start_for_k1_iir_stage_0_U0)' using Shift Registers.
INFO: [RTMG 210-285] Implementing FIFO 'start_for_k1_iir_stage_1_U0_U(top_kernel_start_for_k1_iir_stage_1_U0)' using Shift Registers.
INFO: [RTMG 210-285] Implementing FIFO 'start_for_stream_splitter_2_U0_U(top_kernel_start_for_stream_splitter_2_U0)' using Shift Registers.
INFO: [RTMG 210-285] Implementing FIFO 'start_for_stream_splitter_U0_U(top_kernel_start_for_stream_splitter_U0)' using Shift Registers.
INFO: [RTMG 210-285] Implementing FIFO 'start_for_k2_adder_tree_U0_U(top_kernel_start_for_k2_adder_tree_U0)' using Shift Registers.
INFO: [RTMG 210-285] Implementing FIFO 'start_for_Block_entry_s_stats_rd_proc_U0_U(top_kernel_start_for_Block_entry_s_stats_rd_proc_U0)' using Shift Registers.
INFO: [HLS 200-111] Finished Creating RTL model: CPU user time: 0.27 seconds. CPU system time: 0.04 seconds. Elapsed time: 1.37 seconds; current allocated memory: 1.154 GB.
INFO: [HLS 200-111] Finished Generating all RTL models: CPU user time: 1.09 seconds. CPU system time: 0.21 seconds. Elapsed time: 2.02 seconds; current allocated memory: 1.157 GB.
INFO: [HLS 200-1603] Design has inferred MAXI bursts and missed bursts, see Vitis HLS GUI synthesis summary report for detailed information.
INFO: [HLS 200-111] Finished Updating report files: CPU user time: 3.6 seconds. CPU system time: 0.29 seconds. Elapsed time: 4.07 seconds; current allocated memory: 1.199 GB.
INFO: [VHDL 208-304] Generating VHDL RTL for top_kernel.
INFO: [VLOG 209-307] Generating Verilog RTL for top_kernel.
INFO: [HLS 200-790] **** Loop Constraint Status: All loop constraints were satisfied.
INFO: [HLS 200-789] **** Estimated Fmax: 136.99 MHz
INFO: [HLS 200-2161] Finished Command csynth_design Elapsed time: 00:01:03; Allocated memory: 436.461 MB.
INFO: [HLS 200-1510] Running: cosim_design 
INFO: [HLS 200-1915] Writing HLS config ini file /nethome/asandeep6/FPGA_ECE8893/2026_Spring/lab3/project_1/hls_config.cfg
WARNING: [HLS 200-626] This design is unable to schedule all read ports in the first II cycle. The RTL testbench may treat the design as non-pipelined
INFO: [COSIM 212-47] Using XSIM for RTL simulation.
INFO: [COSIM 212-14] Instrumenting C test bench ...
   Build using "/tools/software/xilinx/2025.1.1/Vitis/lnx64/tools/vcxx/libexec/clang++"
   Compiling host.cpp_pre.cpp.tb.cpp
   Compiling apatb_top_kernel.cpp
   Compiling top.cpp_pre.cpp.tb.cpp
   Compiling apatb_top_kernel_ir.ll
   Generating cosim.tv.exe
INFO: [COSIM 212-302] Starting C TB testing ... 
ERROR [HLS SIM]: an hls::stream is read while empty, which may result in RTL simulation hanging.
If this is not expected, execute C simulation in debug mode in the GUI and examine the source code location of the blocked hls::stream::read() call to debug.
If this is expected, add -DALLOW_EMPTY_HLS_STREAM_READS to -cflags to turn this error into a warning and allow empty hls::stream reads to return the default value for the data type.
ERROR: [COSIM 212-360] Aborting co-simulation: C TB simulation failed.
ERROR: [COSIM 212-320] C TB testing failed, stop generating test vectors. Please check C TB or re-run cosim.
ERROR: [COSIM 212-5] *** C/RTL co-simulation file generation failed. ***
ERROR: [COSIM 212-4] *** C/RTL co-simulation finished: FAIL ***
INFO: [HLS 200-2161] Finished Command cosim_design Elapsed time: 00:00:46; Allocated memory: 24.055 MB.
command 'ap_source' returned error code
    while executing
"source /nethome/asandeep6/FPGA_ECE8893/2026_Spring/lab3/script.tcl"
    ("uplevel" body line 1)
    invoked from within
"uplevel \#0 [list source $tclfile] "

INFO: [HLS 200-112] Total CPU user time: 79.36 seconds. Total CPU system time: 11.24 seconds. Total elapsed time: 121.94 seconds; peak allocated memory: 1.222 GB.
INFO: [vitis-run 60-1662] Stopping dispatch session having empty uuid.
