  **** HLS Build v2025.1.1 6214317
Sourcing Tcl script '/nethome/asandeep6/FPGA_ECE8893/2026_Spring/lab3/script.tcl'
INFO: [HLS 200-1510] Running: open_component project_1 
INFO: [HLS 200-10] Creating and opening component '/nethome/asandeep6/FPGA_ECE8893/2026_Spring/lab3/project_1'.
INFO: [HLS 200-1505] Using flow_target 'vivado'
Resolution: For help on HLS 200-1505 see docs.xilinx.com/access/sources/dita/topic?Doc_Version=2025.1%20English&url=ug1448-hls-guidance&resourceid=200-1505.html
INFO: [HLS 200-435] Setting 'open_solution -flow_target vivado' configuration: config_interface -m_axi_alignment_byte_size=1
INFO: [HLS 200-435] Setting 'open_solution -flow_target vivado' configuration: config_interface -m_axi_max_widen_bitwidth=0
INFO: [HLS 200-1464] Running solution command: config_interface -m_axi_max_widen_bitwidth=1024
INFO: [HLS 200-1464] Running solution command: config_interface -m_axi_alignment_byte_size=128
INFO: [HLS 200-2174] Applying component config ini file /nethome/asandeep6/FPGA_ECE8893/2026_Spring/lab3/project_1/hls_config.cfg
INFO: [HLS 200-1465] Applying config ini 'flow_target=vivado' from /nethome/asandeep6/FPGA_ECE8893/2026_Spring/lab3/project_1/hls_config.cfg(2)
INFO: [HLS 200-1505] Using flow_target 'vivado'
Resolution: For help on HLS 200-1505 see docs.xilinx.com/access/sources/dita/topic?Doc_Version=2025.1%20English&url=ug1448-hls-guidance&resourceid=200-1505.html
INFO: [HLS 200-435] Setting 'open_solution -flow_target vivado' configuration: config_interface -m_axi_alignment_byte_size=1
INFO: [HLS 200-435] Setting 'open_solution -flow_target vivado' configuration: config_interface -m_axi_max_widen_bitwidth=0
INFO: [HLS 200-1464] Running solution command: config_interface -m_axi_max_widen_bitwidth=1024
INFO: [HLS 200-1464] Running solution command: config_interface -m_axi_alignment_byte_size=128
INFO: [HLS 200-2176] Writing Vitis IDE component file /nethome/asandeep6/FPGA_ECE8893/2026_Spring/lab3/project_1/vitis-comp.json
INFO: [HLS 200-1915] Writing HLS config ini file /nethome/asandeep6/FPGA_ECE8893/2026_Spring/lab3/project_1/hls_config.cfg
INFO: [HLS 200-1510] Running: set_top top_kernel 
INFO: [HLS 200-1510] Running: add_files top.cpp 
INFO: [HLS 200-10] Adding design file 'top.cpp' to the project
INFO: [HLS 200-1510] Running: add_files -tb host.cpp 
INFO: [HLS 200-10] Adding test bench file 'host.cpp' to the project
INFO: [HLS 200-1510] Running: config_interface -m_axi_max_widen_bitwidth 1024 
INFO: [HLS 200-1510] Running: config_interface -m_axi_alignment_byte_size 128 
INFO: [HLS 200-1510] Running: config_rtl -register_slice_level all 
ERROR: [HLS 200-101] config_rtl: Unknown option '-register_slice_level'.
ERROR: [HLS 200-101] config_rtl: Unknown option 'all'.
[1msyn.rtl.add_register_in_block_condition[0m=[1msyn.rtl.deadlock_detection[0m=[1msyn.rtl.fsm_encoding[0m=[1msyn.rtl.fsm_safe_state[0m=[1msyn.rtl.header[0m=[1msyn.rtl.kernel_profile[0m=[1msyn.rtl.module_auto_prefix[0m=[1msyn.rtl.module_prefix[0m=[1msyn.rtl.mult_keep_attribute[0m=[1msyn.rtl.register_all_io[0m=[1msyn.rtl.register_reset_num[0m=[1msyn.rtl.reset[0m=[1msyn.rtl.reset_async[0m=[1msyn.rtl.reset_level[0m=

    invoked from within
"config_rtl -register_slice_level all"
    (file "/nethome/asandeep6/FPGA_ECE8893/2026_Spring/lab3/script.tcl" line 12)
    invoked from within
"source /nethome/asandeep6/FPGA_ECE8893/2026_Spring/lab3/script.tcl"
    ("uplevel" body line 1)
    invoked from within
"uplevel \#0 [list source $tclfile] "

INFO: [HLS 200-112] Total CPU user time: 1.55 seconds. Total CPU system time: 0.77 seconds. Total elapsed time: 3.15 seconds; peak allocated memory: 140.660 MB.
INFO: [vitis-run 60-1662] Stopping dispatch session having empty uuid.
